<?xml version="1.0" encoding="UTF-8"?><TestSessionContainer xmlns="http://www.codecover.org/xml/testsession-container" Date="1394307737587" TestSessionContainerId="a2b88740-adbd-4dba-acf5-1543ecedb400" version="1.0">
<SrcFileList>
<SrcFile Content="/*&#10; * To change this template, choose Tools | Templates&#10; * and open the template in the editor.&#10; */&#10;&#10;package cabra;&#10;&#10;import java.io.File;&#10;import javax.swing.*;&#10;import java.awt.*;&#10;import java.util.ArrayList;&#10;import javax.swing.event.HyperlinkEvent;&#10;import javax.swing.event.HyperlinkListener;&#10;&#10;/**Assorted utilities.&#10; *&#10; * @author Neel&#10; */&#10;public final class Utils {&#10;    &#10;    private Utils(){} //can't be instantiated&#10;&#10;    /**Returns the extension of a file.&#10;     * &#10;     * @param file the file to check&#10;     * @return the extension&#10;     * @return &lt;code&gt;null&lt;/code&gt; if the file's a folder&#10;     */&#10;    public static String getExtension(File file){&#10;        String extension = null;&#10;        String name = file.getName(); //like foo.txt&#10;        int dot = name.lastIndexOf('.');&#10;&#10;        if (dot &gt; 0 &amp;&amp;  dot &lt; name.length() - 1) {&#10;            //there is an extension and it's not at the end&#10;            extension = name.substring(dot+1).toLowerCase();&#10;        }&#10;        return extension;    &#10;    }&#10;    &#10;        &#10;    /**Tests to see if the given string ends with any of the options. Used often with files/extensions.&#10;     * &#10;     * @param test the string to test&#10;     * @param ends the strings that you want to see at the end&#10;     * @return true if the string ends with one of the specified string, false otherwise&#10;     */    &#10;    public static boolean endsWith(String test, String... ends){&#10;        for(String end : ends){&#10;            if(test.endsWith(end)) return true;&#10;        }&#10;        return false;&#10;    }    &#10;    &#10;    /** Cleans up a URL, because Java doesn't like URLs with spaces in them&#10;     * &#10;     * @param url the raw URL with spaces&#10;     * @return the URL with %20's instead of spaces&#10;     */&#10;    public static String sanitizeURL(String url){&#10;        return url.replaceAll(&quot; &quot;,&quot;%20&quot;);&#10;    }&#10;    &#10;    /**&#10;     * Decides if the random chance goes through or not (a probability trial.)&#10;     * @param chance the decimal chance that it will happen (0.1 = 10%)&#10;     * @return true if the random chance goes through, false otherwise&#10;     */&#10;    public static boolean pushLuck(double chance) {&#10;        return Math.random() &lt; chance;&#10;    }    &#10;    &#10;    /** Finds the sum of an array of ints.&#10;     * &#10;     * @param nums the array&#10;     * @return their sum&#10;     */&#10;    public static int arraySum(int[] nums){&#10;        int sum = 0;&#10;        for(int i : nums)&#10;            sum += i;&#10;        return sum;&#10;    }&#10;    &#10;    /* Finds the average of the numbers.&#10;     * @param nums as many integers as you want&#10;     * @return the average, shortened to an int&#10;     */&#10;    public static int average(int... nums){&#10;        int count = 0;&#10;        int total = 0;&#10;        for(int num : nums){&#10;            total += num;&#10;            count++;&#10;        }&#10;        return total / count;&#10;    }&#10;    &#10;    /**Converts the given selection into a percent.&#10;     * &#10;     * @param chosen the numerator, or the number of chosen items&#10;     * @param total the denominator, or the total number of items&#10;     * @return the percent, formatted as xx% or just x%&#10;     */&#10;    public static String toPercent(int chosen, int total){&#10;        //for example, let's say we had 2/3 passed&#10;        int percent = percent(chosen,total);&#10;        String percentString = percent + &quot;%&quot;; //67 + %&#10;        return percentString;&#10;    }&#10;    &#10;    /**Returns the percentage, like 5.&#10;     * &#10;     * @param chosen the numerator&#10;     * @param total the denominator&#10;     * @return the percent&#10;     */&#10;    public static int percent(int chosen, int total){&#10;        if(total == 0){&#10;            //dividing by 0 is bad; just return 0%&#10;            return 0;&#10;        }&#10;        //let's say we had 2,3 passed&#10;        double decimal = chosen / (total + 0.0); //2/3.0 is 0.6666&#10;        int percent = (int)(Math.round(decimal * 100)); //0.6666 * 100 ~= 0.67 (we're rounding)&#10;        return percent;&#10;    }&#10;    &#10;    /**&#10;     * Converts the given number of days to milliseconds.&#10;     * @param days  a certain number of days&#10;     * @return  a number of milliseconds equal to that. It's a long.&#10;     */&#10;    public static long daysToMillis(int days){&#10;        return days * 24 * 60 * 60 * 1000; //24 hours, 60 mins, 60 sec, 1000 ms&#10;    }&#10;    &#10;    /**&#10;     * Turns the given int[] array into an Integer[] array.&#10;     * @param a an array of ints&#10;     * @return an array of Integers with the same contents&#10;     */&#10;    public static Integer[] toIntegerArray(int[] a){&#10;        Integer[] Ints = new Integer[a.length];&#10;        for(int i=0; i&lt;a.length; i++){&#10;            Ints[i] = new Integer(a[i]);&#10;        }&#10;        &#10;        return Ints;&#10;    }&#10;    &#10;    /**&#10;     * Returns the given string with an &quot;s&quot; at the end if the quantity is present.&#10;     * stringWithPlural(&quot;dog&quot;, 5) -&gt; &quot;dogs&quot;&#10;     * Warning: doesn't take into account unusual endings (curse you, English.) &quot;child&quot; would become &quot;childs&quot; :(&#10;     * @param string some sort of noun that can be counted&#10;     * @param quantity the number of things there are of the string&#10;     * @return  the string + &quot;s&quot; if there's anything but 1, the original string only if there's only 1&#10;     */&#10;    public static String stringWithPlural(String string, int quantity){&#10;        if(quantity != 1)&#10;            return string + &quot;s&quot;;&#10;        else&#10;            return string;&#10;    }&#10;    &#10;    /**&#10;     * Returns the number of digits in x.&#10;     * @param x a whole number.&#10;     * @return 1 if x is 0, otherwise the number of digits.&#10;     */&#10;    public static int numDigits(int x){&#10;        if(x == 0) return 1;&#10;        return (int)(Math.log10(x)) + 1; //250 -&gt; log250 = 2.something -&gt; 2+1 -&gt; 3&#10;    }&#10;    &#10;    /**&#10;     * Given a number, pads it with leading zeros so the string representation has the given number of digits.&#10;     * If there are more digits in x than the parameter digits, then the representation of x is returned.&#10;     * @param x a number &gt;= 0.&#10;     * @param digits a number &gt;= 0.&#10;     * @return e.g. &quot;00034&quot; if x=34 and digits=5. &quot;532&quot; if x=532 and digits=2 (digits ignored since digits in x &gt; [digits])&#10;     */&#10;    public static String padWithLeadingZeroes(int x, int digits){&#10;        String string = x + &quot;&quot;; //default string representation&#10;        int zeroesInFront = digits - numDigits(x); //total digits - digits in number is number to add on front&#10;        &#10;        //add specified # of 0s on front of string&#10;        for(int i=0; i&lt;zeroesInFront; i++){&#10;            string = &quot;0&quot; + string;&#10;        }&#10;        &#10;        return string;&#10;    }&#10;    &#10;    /**&#10;     * Given a string array, converts it into an array representation.&#10;     * @param array an array of strings. Elements should not have semicolons.&#10;     * @return the stringified array. Use arrayFromString() to decode it.&#10;     */&#10;    public static String stringFromArray(String[] array){&#10;        String string = &quot;[&quot;;&#10;        //tack on each string, add a semicolon to separate them&#10;        for(String arrayString : array){&#10;            string += arrayString + &quot;;&quot;;&#10;        }&#10;        //chop off the last bit&#10;        string = string.substring(0, string.length() - 1);&#10;        string += &quot;]&quot;;&#10;        &#10;        return string;&#10;    }&#10;    &#10;    /**&#10;     * Given a string representing an encoded list of strings (from stringFromArray), changes it into a list of strings.&#10;     * @param stringified represents a string array.&#10;     * @return an array of the strings inside stringified.&#10;     */&#10;    public static String[] arrayFromString(String stringified){&#10;        //chop off starting and ending brackets&#10;        stringified = stringified.substring(1, stringified.length() - 1);&#10;        //now each item is delimited by a semicolon; split them&#10;        String[] strings = stringified.split(&quot;;&quot;);&#10;        return strings;&#10;    }&#10;    &#10;    &#10;    /**&#10;     * Guts the given folder. All files inside it are deleted. The given folder is not deleted.&#10;     * @param file a folder&#10;     */&#10;    public static void purgeFolder(File folder){&#10;        //delete everything inside this&#10;        for(File file : folder.listFiles()){&#10;            obliterate(file);&#10;        }&#10;    }&#10;    &#10;    /**&#10;     * Completely obliterates the given file, leaving no trace of it.&#10;     * @param file &#10;     */&#10;    public static void obliterate(File file){&#10;        if(file.isFile()){&#10;            file.delete();&#10;            file.deleteOnExit();&#10;        }&#10;        else if(file.isDirectory()){&#10;            //delete everything inside, then delete this on exit&#10;            for(File child : file.listFiles()){&#10;                obliterate(child);&#10;            }&#10;            file.delete();&#10;            file.deleteOnExit();&#10;        }&#10;    }&#10;    &#10;    //GUI UTILITIES&#10;    &#10;    /** Creates a JPanel that shows some advice to the user.&#10;     * &#10;     * @param text the advice (can be HTML)&#10;     * @return the created JPanel&#10;     */&#10;    public static JPanel createAdvicePanel(String text){&#10;            JPanel panel = new JPanel(false){&#10;            @Override&#10;                    public void paintComponent(Graphics g){&#10;                        super.paintComponent(g);&#10;                        Utils.drawEmblem(this, g);&#10;                    }&#10;            };&#10;            JLabel filler = new JLabel(text);&#10;            filler.setHorizontalAlignment(JLabel.CENTER);&#10;            //filler.setVerticalAlignment(JLabel.CENTER);&#10;            panel.setLayout(new java.awt.GridLayout(1, 1));&#10;            panel.add(filler);&#10;            return panel;&#10;    }&#10;    &#10;    /** Launches the user's browser to the specified URL.&#10;     * &#10;     * @param url the url to open to&#10;     */&#10;    public static void browse(String url){&#10;       url = sanitizeURL(url);&#10;       java.net.URI uri = null;&#10;       java.awt.Desktop desktop = java.awt.Desktop.getDesktop();&#10;       try{&#10;           uri = new java.net.URI(url);&#10;           desktop.browse(uri);&#10;       }&#10;       catch(java.io.IOException io){&#10;           //io error&#10;           System.err.println(&quot;Error launching browser! Details: &quot; + io);&#10;       }&#10;       catch(java.net.URISyntaxException ex){&#10;           //error with syntax of URI&#10;           System.err.println(&quot;Bad URI!: &quot; + uri + &quot;, details: &quot; + ex);&#10;       }              &#10;    }&#10;    &#10;    /** Creates a JEditorPane (for viewing the web) and puts it in a panel and returns it&#10;     * &#10;     * @param pageURL the URL of the page to open in this text pane&#10;     * @param width, height&#10;     */&#10;    public static JPanel createEditorPane(String pageURL, int width, int height){&#10;        //build editor pane&#10;        JEditorPane editorPane = new JEditorPane();&#10;        editorPane.setEditable(false);&#10;        editorPane.setFont(FontManager.PREFERRED_FONT);       &#10;&#10;        //set the page&#10;        java.net.URL url = null; &#10;        try{&#10;            url = new java.net.URL(pageURL);&#10;        }&#10;        catch(java.net.MalformedURLException m){&#10;            //bad URL&#10;            System.err.println(&quot;Bad url! &quot; + m);&#10;        }&#10;        if(url != null){&#10;            try{&#10;                editorPane.setPage(url);&#10;            }&#10;            catch(java.io.IOException io){&#10;                //error with setting page&#10;                //System.err.println(&quot;Error loading page &quot; + url);&#10;            }&#10;        }&#10;&#10;        //enable hyperlinks&#10;        editorPane.addHyperlinkListener(new HyperlinkListener() {&#10;            public void hyperlinkUpdate(HyperlinkEvent evt) {&#10;                if(evt.getEventType() == HyperlinkEvent.EventType.ACTIVATED){&#10;                    Utils.browse(evt.getURL().toString());&#10;                }&#10;            }&#10;        }); &#10;&#10;        //put it in a scroll pane&#10;        JScrollPane scrollPane = new JScrollPane(editorPane);&#10;        scrollPane.setVerticalScrollBarPolicy(JScrollPane.VERTICAL_SCROLLBAR_ALWAYS);&#10;        scrollPane.setHorizontalScrollBarPolicy(JScrollPane.HORIZONTAL_SCROLLBAR_AS_NEEDED); //mostly for the license, which has preformatted text&#10;&#10;        //put it in a JPanel&#10;        JPanel panel = new JPanel(new java.awt.BorderLayout());&#10;        panel.add(scrollPane);&#10;        panel.setPreferredSize(new java.awt.Dimension(width,height));&#10;        return panel;&#10;    }    &#10;   &#10;    /**&#10;     * Uses a JEditorPane to open the given URL in a dialog&#10;     * @param url the url to load&#10;     * @param title the title of the dialog&#10;     * @param frame the parent frame&#10;     * @param visible true if you want the dialog to be visible, false if you want it to be invisible to user&#10;     */&#10;    public static void openURLinDialog(String url, String title, JFrame frame, boolean visible){&#10;        openURLinDialog(url, title, &quot;goat16.png&quot;, frame, visible);&#10;    }&#10;    &#10;    /**&#10;     * Uses a JEditorPane to open the given URL in a dialog&#10;     * @param url the url to load&#10;     * @param title the title of the dialog&#10;     * @param frame the parent frame&#10;     * @param visible true if you want the dialog to be visible, false if you want it to be invisible to user&#10;     * @param iconPath the path to the image icon for the dialog.&#10;     */&#10;    public static void openURLinDialog(String url, String title,  String iconPath, JFrame frame, boolean visible){&#10;        //create panel with page in it&#10;        final int WIDTH = 400;        &#10;        final int HEIGHT = 300;&#10;        JPanel webView = createEditorPane(url, WIDTH, HEIGHT);&#10;        &#10;        //put it in a dialog&#10;        JDialog dialog = new JDialog(frame);&#10;        dialog.setTitle(title);&#10;        dialog.setIconImage(GUI.createImageIcon(iconPath).getImage());&#10;        dialog.setContentPane(webView);&#10;        dialog.pack();&#10;        dialog.setResizable(false);&#10;        dialog.setModal(true);&#10;        Utils.centerComponent(dialog,frame);   &#10;        &#10;        //open it&#10;        dialog.setVisible(visible);&#10;    }&#10;        &#10;    /** Changes the frame's location to a more central screen location&#10;     * @param frame the frame to be moved&#10;     * @param X how far right to move the frame&#10;     * @param Y how far down to move the frame&#10;     */&#10;    public static void changeFrameLocation(Component frame, int X, int Y){&#10;        Point location = frame.getLocation(); //the window's current location&#10;        //move the window over and down a certain amount of pixels&#10;        location.translate(X, Y);&#10;        //set the location&#10;        frame.setLocation(location);&#10;    }    &#10;&#10;    /** Centers the given component in relation to its owner.&#10;     * &#10;     * @param component the component to center&#10;     * @param owner the parent frame&#10;     */&#10;    public static void centerComponent(Component component,Component owner){&#10;        //find the difference in width to see the offsets&#10;        int widthDifference = owner.getWidth() - component.getWidth();&#10;        int heightDifference = owner.getHeight() - component.getHeight();&#10;        &#10;        //we can divide the differences by 2 and add that to the owner's top left&#10;        //and then make that the top left of the component&#10;        //to center the frame&#10;        int leftOffset = widthDifference / 2;&#10;        int topOffset = heightDifference / 2;&#10;        &#10;        //these are the new locations&#10;        int left = owner.getX() + leftOffset;&#10;        int top = owner.getY() + topOffset;&#10;        &#10;        Utils.changeFrameLocation(component, left, top);&#10;    }&#10;    &#10;      /**&#10;       * Centers the given component on the user's screen.&#10;       * @param component a component (usually a frame.)&#10;       */&#10;      public static void centerOnScreen(Component component){&#10;            Toolkit toolkit = java.awt.Toolkit.getDefaultToolkit();&#10;            Dimension screenSize = toolkit.getScreenSize();&#10;            int screenWidth = (int)screenSize.getWidth();&#10;            int screenHeight = (int)screenSize.getHeight();&#10;&#10;            int componentWidth = component.getWidth();&#10;            int componentHeight = component.getHeight();&#10;&#10;            int top = (screenHeight - componentHeight) / 2;&#10;            int left = (screenWidth - componentWidth) / 2;&#10;&#10;            Utils.changeFrameLocation(component, left, top);&#10;      }&#10;    &#10;    /** Draws an emblem (based on current theme) in the bottom left of the given component. &#10;     * Call this in paintComponent() of the component.&#10;     * &#10;     * @param component the component to draw on&#10;     * @param g the Graphics object from paintComponent()&#10;     */&#10;    public static void drawEmblem(JComponent component, Graphics g){&#10;            Themes currentTheme = Themes.getCurrentTheme();&#10;            ImageIcon image = GUI.createImageIcon(&quot;translucent/&quot; + currentTheme.getImageIconPath());&#10;            &#10;            /*if(Themes.getCurrentTheme() == Themes.SNOW){&#10;                image = GUI.createImageIcon(&quot;translucent/snow.png&quot;);&#10;            }*/&#10;            &#10;            int imageWidth = image.getIconWidth();&#10;            int imageHeight = image.getIconHeight();&#10;            //top left corner of where to start drawing&#10;            int topLeftX = component.getWidth() - imageWidth; //x (horizontal) coordinate&#10;            int topLeftY = component.getHeight() - imageHeight; //y (vertical) coordinate&#10;            &#10;            //draw in bottom right corner&#10;            g.drawImage(image.getImage(), topLeftX, topLeftY, (java.awt.image.ImageObserver)null);&#10;            //g.drawImage(image.getImage(), 0,0, (java.awt.image.ImageObserver)null);   &#10;    }&#10;    &#10;    /**&#10;     * Utility method to put the given panel in a JDialog. You'll have to show it on your own.&#10;     * @param panel the panel to put in a dialog&#10;     * @param owner the JFrame that owns the dialog. You can pass null.&#10;     * @param dialogTitle the title for the dialog&#10;     * @param iconPath the path to the dialog's icon, such as foo.png&#10;     * @param width the dialog's width. Pass -1 to pack().&#10;     * @param height the dialog's height. Pass -1 to pack().&#10;     * @return the JDialog the panel is in&#10;     */&#10;    public static JDialog putPanelInDialog(JPanel panel, JFrame owner, String dialogTitle,&#10;            String iconPath, int width, int height){&#10;        JDialog dialog = new JDialog(owner, dialogTitle, true); //boolean means modality&#10;        &#10;        dialog.add(panel);&#10;        dialog.setIconImage(ImageManager.createImageIcon(iconPath).getImage());&#10;        if(width &lt; 0 &amp;&amp; height &lt; 0)&#10;            dialog.pack();&#10;        else&#10;            dialog.setSize(width, height);&#10;        dialog.setResizable(false);&#10;        if(owner != null)&#10;            Utils.centerComponent(dialog, owner);&#10;        else&#10;            dialog.setLocationRelativeTo(null);&#10;        &#10;        return dialog;&#10;    }&#10;    &#10;    /**&#10;     * Creates and shows a dialog.&#10;     * @param frame the parent frame. Can be null.&#10;     * @param whatToSay the body of the dialog.&#10;     * @param title the title of the dialog.&#10;     * @param iconPath the icon's name (x.png)&#10;     */&#10;    public static void showDialog(JFrame frame,String whatToSay,String title){&#10;        showDialog(frame, whatToSay, title, &quot;goat64.png&quot;);&#10;    }&#10;    &#10;    /**&#10;     * Creates and shows an alert dialog.&#10;     * @param frame the parent frame. Can be null.&#10;     * @param whatToSay the body of the dialog.&#10;     * @param title the title of the dialog.&#10;     * @param iconPath the icon's name (x.png)&#10;     */&#10;    public static void showDialog(JFrame frame,String whatToSay,String title, String iconPath){&#10;        JOptionPane.showMessageDialog(&#10;                            frame, //parent&#10;                            whatToSay, //text&#10;                            title, //title&#10;                            JOptionPane.INFORMATION_MESSAGE, //mesage type&#10;                            GUI.createImageIcon(iconPath) //icon&#10;                        );      &#10;    }&#10;    &#10;    /**&#10;     * Convenience overload for debug(Exception, String.) Title is default.&#10;     * @param e the exception to show&#10;     */&#10;    /*public static void debug(Exception e){&#10;        debug(e, &quot;Cabra error&quot;);&#10;    }*/&#10;    &#10;    /**&#10;     * Shows an alert dialog for when an exception occurs.&#10;     * @param e the exception to show&#10;     * @param title the title of the dialog&#10;     */&#10;    public static void debug(Exception e, String title){&#10;        e.printStackTrace();&#10;        String text = &quot;&lt;i&gt;&quot; + e.toString() + &quot;&lt;/i&gt;&lt;br&gt;&quot;;&#10;        //add stack trace&#10;        for(StackTraceElement ste : e.getStackTrace()){&#10;            text += ste.toString() + &quot;&lt;br&gt;&quot;;&#10;        }&#10;        text += &quot;&lt;br&gt;&lt;b&gt;Please take a screenshot and email it to &lt;u&gt;neel@hathix.com&lt;/u&gt;.&lt;/b&gt;&quot;;&#10;        &#10;        showDialog(null, &quot;&lt;html&gt;Sorry! Cabra has encountered an error. Details:&lt;br&gt;&lt;br&gt;&quot; + text,title);&#10;    }&#10;}&#10;" Filename="Utils.java" Intrnl_Id="1"/>
<SrcFile Content="/*&#10; * To change this template, choose Tools | Templates&#10; * and open the template in the editor.&#10; */&#10;&#10;package cabra;&#10;&#10;/**&#10; *&#10; * @author Neel&#10; */&#10;&#10;&#10;import cabra.PointEnums.Activity;&#10;import cabra.dinero.VaultManager;&#10;import java.util.ArrayList;&#10;import java.io.*;&#10;import java.util.Calendar;&#10;import java.util.Collections;&#10;import javax.swing.JLabel;&#10;&#10;public final class Controller extends Object{&#10;    //communicates with the GUI and object classes to get stuff done&#10;    &#10;    private GUI gui; //the GUI that is used here&#10;    private PointManager pointManager;&#10;    private ArrayList&lt;Project&gt; projects;&#10;    private Project activeProject; //the project that you create cards for, study from, etc.&#10;      &#10;    public static final double CHANCE_TO_GET_LUCKY = 0.05;&#10;    &#10;    public Controller(){&#10;        /* the plan:&#10;         * IF no existing projects:&#10;         *      GET new project and make a project with it&#10;         * ELSE: (existing projects)&#10;         *      LOAD projects:&#10;         *          LOAD cards and give them to project&#10;         *          LOAD notes and give them to project&#10;         * FINALLY:&#10;         *      INITIALIZE GUI&#10;         *      BUILD the GUI using the projects&#10;         *      IF userData exists:&#10;         *          LOAD it&#10;         *      ELSE:&#10;         *          CREATE a new one with defaults&#10;         *      TELL the GUI to adapt to these changes&#10;         * &#10;         * &#10;         */&#10;        try{&#10;        /** Is it the first time the program's being booted up?&#10;         * &#10;         */&#10;        boolean firstRun = false;&#10;&#10;        //if there isn't a cabraprojects file, create it&#10;        if(SaveLoad.getProjectFolder().exists() == false){&#10;            SaveLoad.getProjectFolder().mkdir();&#10;            //unless the user deleted their data directory, this means this is the first run&#10;            firstRun = true;&#10;        }&#10;        &#10;        UserData.load();&#10;        //USER DATA IS NOW LOADED; do any init of prefs or such here&#10;        &#10;        //create point manager&#10;        try{&#10;            pointManager = new PointManager();&#10;        }&#10;        catch(NumberFormatException nfe){&#10;            //if there's an exception like this, the wrong data was loaded into the User Data&#10;            //probably done by 0.6.0&#10;            &#10;            //alert user&#10;            Utils.showDialog(null, &#10;                    &quot;Sorry! Your user data seems to have been corrupted and has been reset.&quot;, &#10;                    &quot;User data corrupted&quot;);&#10;            &#10;            //clear all data since something's corrupted&#10;            UserData.makeAllDefault();&#10;            &#10;            //reload points&#10;            pointManager = new PointManager();&#10;        }&#10;       &#10;        //user data is set, so update font&#10;        updatePreferredFont(&#10;                UserData.getPref(&quot;FontName&quot;), &#10;                UserData.getInt(&quot;Prefs.FontSize&quot;)&#10;                );          &#10;        &#10;        //load projects&#10;        ArrayList&lt;Project&gt; loadedProjects = loadProjectsFromFile(); //these projects are all stocked with cards/notes   &#10;        this.projects = loadedProjects;&#10;        this.gui = new GUI(this,loadedProjects);      &#10;&#10;        //lack of projects matters now&#10;        if(projects.isEmpty()){&#10;            //no active project&#10;            setNoActiveProject();&#10;        }&#10;        else{&#10;            //there is an active project&#10;            String projectName = UserData.getString(&quot;Project&quot;); //the raw name of the project&#10;            setActiveProject(projectName,false);&#10;        }&#10;&#10;        Themes theme = Themes.getThemeByName(UserData.getString(&quot;Theme&quot;));&#10;        setTheme(theme);&#10;        &#10;        gui.makeFrameVisible();&#10;        &#10;        //give first run info&#10;        if(firstRun){&#10;            //show advice&#10;            Utils.openURLinDialog(&quot;http://www.cabra.hathix.com/cabra/welcome.php&quot;, &#10;                    &quot;Welcome to Cabra!&quot;, &#10;                    gui.getFrame(), true);&#10;            &#10;            //set user data's latest version to this&#10;            UserData.setString(&quot;Version&quot;, About.VERSION);&#10;            &#10;            //add a default project&#10;            //this.addProject(new Project(&quot;My First Project&quot;), true);&#10;        }&#10;        &#10;        //show changelog if this is a new version&#10;        boolean upgrade = UserData.getString(&quot;Version&quot;).equals(About.VERSION) == false;&#10;        if(!firstRun &amp;&amp; upgrade){&#10;            //not first run (then new version doesn't matter)   &amp;&amp;   old version != new version&#10;&#10;            //store new version&#10;            String version = About.VERSION;&#10;            UserData.setString(&quot;Version&quot;, About.VERSION);&#10;            &#10;            //show changelog&#10;            if(About.NIGHTLY){&#10;                //don't bother with showing nightly changelog; docs are rarely written for nightlies&#10;              /*  Utils.showDialog(gui.getFrame(),&#10;                        &quot;&lt;html&gt;&lt;center&gt;Thanks for testing Cabra &quot; + version + &quot;!&lt;br&gt;As thanks, here's &lt;b&gt;100&lt;/b&gt; points!&quot;,&#10;                        &quot;Thanks for upgrading to Cabra &quot; + version + &quot;!&quot;&#10;                        );  */&#10;            }&#10;            else{&#10;               /* Utils.openURLinDialog(&quot;http://cabra.hathix.com/changelog/&quot; + Utils.sanitizeURL(version) + &quot;.php&quot;, &#10;                        &quot;Thanks for upgrading to Cabra &quot; + version + &quot;!&quot;, &#10;                        gui.getFrame(), true);  */&#10;            }&#10;            &#10;            //earn points for upgrading&#10;            if(About.PRERELEASE)&#10;                gainPoints(Activity.USE_BETA);&#10;            else&#10;                gainPoints(Activity.USE_NEW_VERSION);&#10;        }&#10;        &#10;        //if you're lucky, you earn some free points; also don't do it on first run and overwhelm them w/dialogs&#10;        if(!firstRun &amp;&amp; !upgrade &amp;&amp; Utils.pushLuck(CHANCE_TO_GET_LUCKY)){&#10;            //earn points!&#10;            int points = Activity.GET_LUCKY.getPoints();&#10;            Utils.showDialog(gui.getFrame(),&#10;                    &quot;&lt;html&gt;&lt;center&gt;&quot;&#10;                    + &quot;I'm feeling generous, so here's &lt;b&gt;&quot; +  points + &quot;&lt;/b&gt; free points! Enjoy!&quot;,&#10;                    &quot;You got lucky!&quot;,&#10;                    &quot;goatgift.png&quot;);&#10;            gainPoints(Activity.GET_LUCKY);&#10;        }&#10;        &#10;        //is it time for an upgrade? see how long it's been since the last check&#10;        long lastCheck = Long.parseLong(UserData.getString(&quot;LastUpdateCheck&quot;));&#10;        long rightNow = Calendar.getInstance().getTimeInMillis();&#10;        long updateInterval = Utils.daysToMillis(UserData.getIntPref(&quot;UpdateInterval&quot;));&#10;        if(rightNow - lastCheck &gt;= updateInterval){&#10;            //time to check for updates, it's been more than the chosen interval since the last one&#10;            Updates.checkForUpdates(gui);&#10;        }&#10;        &#10;        gui.update();&#10;        gui.refresh();&#10;        }&#10;        catch(Exception e){&#10;            //some sort of exception threw off the whole thing&#10;            Utils.debug(e, &quot;Fatal error&quot;);&#10;        }&#10;    }&#10;    &#10;    public GUI getGUI(){&#10;        return gui;&#10;    }&#10;    &#10;    /**&#10;     * Returns how many points the user has.&#10;     * @return the amount of points the user has&#10;     */&#10;    public int getPoints(){&#10;        return pointManager.getPoints();&#10;    }&#10;   &#10;    /**&#10;     * The user gains points by doing an activity.&#10;     * @param activity the activity that the user did to gain these points.&#10;     * @param refresh if the GUI should refresh.&#10;     */&#10;    public void gainPoints(PointEnums.Activity activity, boolean refresh){&#10;        pointManager.gainPoints(activity);&#10;        &#10;        //show how many points were earned&#10;        gui.showPointsBadge(activity.getPoints());&#10;        &#10;        if(refresh)&#10;            gui.refresh();&#10;    }&#10;    &#10;    /**&#10;     * The user gains points. The GUI will refresh.&#10;     * @param activity the activity that the user did to gain those points.&#10;     */&#10;    public void gainPoints(PointEnums.Activity activity){&#10;        gainPoints(activity, true);&#10;    }&#10;    &#10;    /**&#10;     * Returns the vault manager used to control buying and display of prizes.&#10;     * @param pointLabel the label that will be used to display the points the user has. Should be pre-made and added to view.&#10;     */&#10;    public VaultManager createVaultManager(JLabel pointLabel){&#10;        return new VaultManager(pointManager, gui, pointLabel);&#10;    }&#10;    &#10;    /**&#10;     * A wrapper around FontManager.updatePreferredFont() that works better.&#10;     * Updates the PREFERRED_FONT to the given parameters. You should only pass one. NOTE: you have to validate the frame after this&#10;     * @param fontName the new font name/family. pass null if you don't want to change it.&#10;     * @param fontSize the new size of the font. pass 0 if you don't want to change it.&#10;     */&#10;    public void updatePreferredFont(String fontName, int fontSize){&#10;        FontManager.updatePreferredFont(fontName, fontSize);&#10;        &#10;        //validate frame so the changes take effect&#10;        if(gui != null)&#10;            gui.update();&#10;    }&#10;    &#10;    /** Finds all the projects that the user has and returns them&#10;     * &#10;     * @return the user's projects&#10;     */&#10;    private ArrayList&lt;Project&gt; loadProjectsFromFile(){&#10;        //looks for existing project files and, if they're there, creates the projects&#10;        File mainProjectFolder = SaveLoad.getProjectFolder();&#10;        if(!mainProjectFolder.exists()){&#10;            //there is no projects folder, since you're a first-time user&#10;            mainProjectFolder.mkdir();&#10;            //we know there's nothing in the folder so let's leave&#10;            return new ArrayList&lt;Project&gt;();&#10;        }&#10;             &#10;        ArrayList&lt;Project&gt; loadedProjects = new ArrayList&lt;Project&gt;();&#10;        &#10;        for(File projectFolder : mainProjectFolder.listFiles()){&#10;            //projectFolder is a folder that contains a project&#10;            &#10;            if(projectFolder.isFile())&#10;                continue; //that means it's probably UserData... but regardless, don't mess with it&#10;            &#10;            Project project = new Project(projectFolder.getName());&#10;            loadedProjects.add(project);&#10;            &#10;            //give it some cards&#10;            SaveLoad.loadCardsFromProject(project);&#10;            &#10;            //do this regardless of the user's having cards in the project&#10;            //and now give notes to the project&#10;            SaveLoad.loadNotesFromProject(project);&#10;        } //end foreach&#10;        &#10;        return loadedProjects;&#10;    }&#10;    &#10;    &#10;    /** Adds a note to the active project, and while doing that creates the note panel&#10;     * &#10;     * @param note the note to add to the active project&#10;     * @param tabPane the note tab pane that invokes this method&#10;     * @return the created note panel&#10;     */&#10;    &#10;    public NotePanel addNoteToActiveProject(NoteTabPane tabPane,Note note){&#10;        activeProject.addNote(note);&#10;&#10;        //save while we're at it&#10;        activeProject.saveNotes(); //no need to save cards too&#10;        &#10;        return new NotePanel(tabPane,gui,this,note);&#10;    }&#10;&#10;    &#10;    public void setTheme(Themes theme){&#10;        Themes.setTheme(theme); //that'll do it all for us&#10;        &#10;        //change and save user data&#10;        UserData.setString(&quot;Theme&quot;,theme.getName());&#10;        &#10;        &#10;        //update the look&#10;        refresh();        &#10;        gui.repaint(); &#10;    }&#10;    &#10;    public Project getActiveProject(){&#10;        return activeProject;&#10;    }&#10;    &#10;    public ArrayList&lt;Project&gt; getAllProjects(){&#10;        return projects;&#10;    }&#10;    &#10;    public int getNumberOfProjects(){&#10;        return projects.size();&#10;    }&#10;    &#10;    /** Same as refresh() except it happens in this thread.&#10;     * &#10;     */&#10;    public void refreshNow(){&#10;        gui.refresh();&#10;    }&#10;    &#10;    public void refresh(){&#10;        //called when the active project is changed or has its cards manipulated&#10;        //helps disable/enable buttons&#10;        //Runnable r = new Runnable(){&#10;        //    public synchronized void run(){&#10;                refreshNow();&#10;        //    }&#10;        //};&#10;        //javax.swing.SwingUtilities.invokeLater(r);&#10;        //new Thread(r).start();&#10;        //gui.refresh();&#10;    }&#10;    &#10;    public void refreshHomePage(){&#10;        Runnable r = new Runnable(){&#10;            public void run(){&#10;                gui.refreshHomePage();&#10;            }&#10;        };&#10;        //javax.swing.SwingUtilities.invokeLater(r);&#10;        new Thread(r).start();&#10;    }&#10;  &#10;    /** Differs from setActive project in that that just changes active project, this handles&#10;     *  user interaction&#10;     * @param projectName the name of the project you wish to be made active&#10;     * @param shouldSave whether or not user data should be saved&#10;     */    &#10;    public void setActiveProject(Project project, boolean shouldSave){&#10;        //if nothing has matched, there's a problem&#10;        if(project == null){&#10;            //set the first project as active, then call this method again&#10;            setActiveProject(projects.get(0),false);&#10;            return;&#10;        }&#10;        &#10;        if(shouldSave){&#10;            //quick! Save the old notes if they weren't saved yet&#10;            if(activeProject != null){&#10;                try{&#10;                    gui.saveAllNotes(); //that should do it                &#10;                }&#10;                catch(NullPointerException n){&#10;                    //error with saving project&#10;                    System.out.println(&quot;Error saving project notes!&quot;);&#10;                }&#10;            }&#10;        }&#10;        &#10;        activeProject = project;&#10;        //alert all &#10;        gui.newActiveProject(project);&#10;&#10;        //set user data&#10;        UserData.setString(&quot;Project&quot;,project.getName()); &#10;        &#10;        //load the notes for the project&#10;       // activeProject.loadNotes();&#10;&#10;        //fix the home panel, which shows nothing unless this is done&#10;        refresh();&#10;    }&#10;    &#10;    /** Differs from setActive project in that that just changes active project, this handles&#10;     *  user interaction&#10;     * @param projectName the name of the project you wish to be made active&#10;     * @param shouldSave whether or not user data should be saved&#10;     */&#10;    &#10;    public void setActiveProject(String projectName, boolean shouldSave){&#10;        //find the matching project&#10;        Project project = null;&#10;        for(Project proj : projects){&#10;            //System.out.println(proj.getName());&#10;            if(proj.getName().equals(projectName))&#10;                project = proj;&#10;        }&#10;&#10;        setActiveProject(project, shouldSave);&#10;    }&#10;    &#10;    /**Sets nothing as the active project.&#10;     * &#10;     */&#10;    public void setNoActiveProject(){&#10;        UserData.makeDefault(&quot;Project&quot;);&#10;        activeProject = null;&#10;        gui.setFrameTitleByProject(null);&#10;        //only refresh the tab pane (that removes all the panels and shows a new one)&#10;        refresh();&#10;    }&#10;    &#10;    /** Creates a new project and adds it&#10;     * &#10;     * @param projectName the name of the project you want made&#10;     * @param shouldSave true if the userData should be saved, false otherwise&#10;     * @return the created project&#10;     */&#10;    &#10;    public Project addProject(String projectName, boolean shouldSave){&#10;        Project project = new Project(projectName);&#10;        &#10;        File projectFolder = new File(SaveLoad.getProjectFolder().getAbsolutePath() + &quot;/&quot; + project.getName()); //puts the new folder in the projects folder&#10;            projectFolder.mkdir();        &#10;        &#10;        //really all this method does is make a project and tell addProject to do its stuff using the project&#10;        return addProject(project,shouldSave);&#10;    }&#10;    &#10;    private Project addProject(Project project, boolean shouldSave){&#10;        projects.add(project);&#10;        gui.addProject(project); &#10;        &#10;        //add project data&#10;            //create the card file&#10;            //File cardFile = new File(projectFolder.getPath() + &quot;/cards.txt&quot;);&#10;            &#10;        project.saveCards(); //forces the creation of cards.txt&#10;        &#10;        //make this project active&#10;        setActiveProject(project, shouldSave);&#10;        &#10;        //sort project list&#10;        Collections.sort(projects);&#10;        &#10;        return project;       &#10;    }&#10;    &#10;    /**&#10;     * Renames the given project so it has the given name.&#10;     * @param project the project&#10;     * @param newName the project's new name.&#10;     */&#10;    public void renameProject(Project project, String newName){&#10;        project.setName(newName);&#10;        //re-sort projects; the name change may have put project out of order&#10;        Collections.sort(projects);&#10;    }&#10;    &#10;    &#10;    /** Creates a project assuming you have all the files (i.e. you've just imported it.)&#10;     * &#10;     * @param projectName the name of the project&#10;     * @param projectFolder the path to the project's folder (inside the Project Folder)&#10;     */&#10;    public void createProjectFromExistingFile(String projectName,File projectFolder){&#10;        Project project = new Project(projectName);&#10;        &#10;        //add cards&#10;        SaveLoad.loadCardsFromProject(project);&#10;        &#10;        //add notes&#10;        SaveLoad.loadNotesFromProject(project);&#10;        &#10;        addProject(project,true);&#10;    }&#10;    &#10;    public void removeProject(Project project){&#10;        //removes the project at the given index&#10;        //by the time we get here, we know something will be deleted&#10;        &#10;        //first delete the project file&#10;        //Project project = projects.get(projectIndexInList); //get the project slated for deletion&#10;        int projectIndexInList = projects.indexOf(project); //location of the project in the list&#10;        File projectFile = new File(SaveLoad.getProjectFolder() + &quot;/&quot;+project.getName());&#10;        //before we delete the directory we need to delete files inside&#10;        for(File file : projectFile.listFiles()){&#10;            file.delete();&#10;        }&#10;        //now delete the directory&#10;        projectFile.delete();&#10;     &#10;        //what if the project to be removed was the active one?&#10;        if(project.equals(activeProject)){&#10;            //set the previous active project&#10;            if(projects.size() == 1){&#10;                //the last project was deleted, so nothing's left&#10;                setNoActiveProject(); //takes care of making activeproject = null&#10;            }&#10;            else{&#10;                //there's still a project left&#10;                if(projectIndexInList == 0){&#10;                    setActiveProject(projects.get(1),true);&#10;                }&#10;                else{&#10;                    setActiveProject(projects.get(projectIndexInList-1),true);               &#10;                }    &#10;                refresh();              &#10;            }&#10;        }        &#10;        &#10;        //now remove the project from list&#10;        projects.remove(projectIndexInList);&#10;        &#10;        //update project list panel&#10;    }&#10;    &#10;    public void addCardToActiveProject(Card card){&#10;        //add the card to the project... it'll save itself&#10;        &#10;        if(activeProject != null){&#10;            activeProject.addCard(card);&#10;            &#10;            //gain points&#10;            gainPoints(Activity.CREATE_CARD);&#10;            if(card.hasPicture()){&#10;                gainPoints(Activity.ADD_IMAGE);&#10;            }&#10;                   &#10;            refresh();&#10;        }&#10;        //if there's no active project, take no action&#10;    }&#10;&#10;    &#10;}&#10;" Filename="Controller.java" Intrnl_Id="2"/>
<SrcFile Content="/*&#10; * To change this template, choose Tools | Templates&#10; * and open the template in the editor.&#10; */&#10;&#10;package cabra;&#10;&#10;//import javax.swing.*;&#10;import java.io.*;&#10;&#10;/**&#10; *&#10; * @author Neel&#10; */&#10;public class Card extends Object{&#10;    //a simple quiz card with a question and answer&#10;    &#10;    private String questionText;&#10;    private String answerText;&#10;    private String pictureName; //this card might have a picture&#10;    private Status status; //rank&#10;    private int sessionsLeft; //sessions until next study&#10;    &#10;    public static final String NO_PICTURE_STRING = &quot; &quot;; //not really empty, just represents no picture&#10;    public static final String DELIMITER = &quot;//&quot;; //separates fields&#10;    public static final String NEWLINE_REPLACER = &quot;-nl-&quot;; //\n's are replaced with this string during saving and loading&#10;    public static final String NEWLINE = &quot;\n&quot;; //signifies a new line in card text&#10;    &#10;    &#10;    //the ultimate one&#10;    //the rest cascade under this, overloading to the one above it&#10;    public Card(Status status, int sessionsLeft, String question, String answer, String pictureName){&#10;        setStatus(status);&#10;        this.sessionsLeft = sessionsLeft;&#10;        &#10;        this.questionText = question;&#10;        this.answerText = answer;&#10;        this.pictureName = pictureName;&#10;    }  &#10;    &#10;    public Card(Status status,String question,String answer,String pictureName){&#10;        this(status,status.getReps(),question,answer,pictureName);&#10;    }&#10;    &#10;    public Card(String question,String answer,String pictureName){&#10;        this(Status.DEFAULT_STATUS,question,answer,pictureName);&#10;    }&#10;    &#10;    public Card(String question,String answer){&#10;        this(question,answer,NO_PICTURE_STRING);&#10;    }&#10;    &#10;    &#10;    public void trimPictureFile(){&#10;        //right now we have to full path to the picture... get just the name &quot;foo.png&quot;&#10;        File picture = new File(pictureName);&#10;        this.pictureName = picture.getName();        &#10;    }&#10;    &#10;    /** Tells if this card has a picture&#10;     * &#10;     * @return true if it has a picture, false otherwise&#10;     */&#10;    public boolean hasPicture(){&#10;        return !pictureName.equals(NO_PICTURE_STRING);&#10;    }&#10;&#10;    &#10;    /** Status stuff */&#10;    public void setStatus(Status status){&#10;        //System.out.println(&quot;Setting status: &quot; + status.toString());&#10;        this.status = status;&#10;        this.sessionsLeft = status.getReps();&#10;        //System.out.println(status.toString() + sessionsLeft);&#10;    }&#10;    &#10;    public Status getStatus(){&#10;        return this.status;&#10;    }&#10;    &#10;    public int sessionsLeft(){&#10;        return sessionsLeft;&#10;    }&#10;    &#10;    public boolean isDueForStudying(){&#10;        return sessionsLeft &lt;= 0;&#10;    }&#10;    &#10;    /** This card is studied.&#10;     * &#10;     * @param result Choices.YES if it was known, Choices.NO if it wasn't&#10;     */&#10;    public void study(KnowPanel.Choices result){&#10;        switch(result){&#10;            case YES:&#10;                //send rank up&#10;                setStatus(status.nextRank());&#10;                break;&#10;            case NO:&#10;                //send it back to bottom&#10;                setStatus(Status.A);&#10;                break;&#10;            case SORT_OF:&#10;                //send rank down 1&#10;                setStatus(status.previousRank());&#10;                break;&#10;            case SKIPPED:&#10;                break;&#10;        }&#10;    }&#10;    &#10;    /** This card isn't studied this round&#10;     * &#10;     */&#10;    public void skip(){&#10;        if(sessionsLeft &gt; 0)&#10;            sessionsLeft--;&#10;    }&#10;&#10;    public String getQuestion(){&#10;        //replace newlines&#10;        String text = bringBackNewlines(questionText);&#10;        //return question&#10;        return text;&#10;    }&#10;    public String getAnswer(){&#10;        return bringBackNewlines(answerText); //replace the newline replacer with the actual \n character&#10;    }&#10;    &#10;    public void setQuestion(String text){&#10;        if(text != null &amp;&amp; text.equals(&quot;&quot;)==false)&#10;            this.questionText = text;&#10;    }&#10;    &#10;    public void setAnswer(String text){&#10;        if(text != null &amp;&amp; text.equals(&quot;&quot;)==false)&#10;            this.answerText = text; &#10;    }&#10;    &#10;    public String getPictureName(){&#10;        return pictureName;&#10;    }&#10;    &#10;    public File getPictureFile(){&#10;        return new File(pictureName);&#10;    }&#10;    &#10;    /** Changes the name (path) of the picture.&#10;     * &#10;     * @param name the path (absolute or relative) of the picture file&#10;     */&#10;    public void setPictureName(String name){&#10;       this.pictureName = name;&#10;    }&#10;    &#10;    /** Removes the picture from this card.&#10;     * &#10;     */&#10;    public void removePicture(){&#10;        setPictureName(Card.NO_PICTURE_STRING);&#10;    }&#10;    &#10;    /**Replaces the newline replacers in the given text with real newlines&#10;     * &#10;     * @param string the string to be fixed&#10;     * @return the fixed string&#10;     */&#10;    &#10;    public static String bringBackNewlines(String string){&#10;        //escape all characters&#10;        //String literal = Matcher.quoteReplacement(string);&#10;        String fixed = string.replaceAll(Card.NEWLINE_REPLACER, Card.NEWLINE);&#10;        return fixed;&#10;    }&#10;    &#10;    /** Replaces the newlines in a string of text with the newline replacer.&#10;     * &#10;     * @param string the string to be messed with&#10;     * @return the new string&#10;     */&#10;    &#10;    public static String replaceNewlines(String string){&#10;            //get a literal interpretation of the string&#10;            //String literal = Matcher.quoteReplacement(string);&#10;            //now replace stuff&#10;            string = string.replaceAll(Card.NEWLINE, Card.NEWLINE_REPLACER);&#10;            return string;&#10;    }&#10;    &#10;    /** Creates a card based on the raw data string passed.&#10;     * &#10;     * @param text the raw text&#10;     * @return the created card&#10;     */&#10;    public static Card createCardBasedOnText(String text){&#10;        try{&#10;            //create a card for each line here&#10;            String[] stuff = text.split(Card.DELIMITER);&#10;            //first string is status, next string is question, then answer, then image&#10;            &#10;            //cards made in older versions need to be slightly adapted&#10;            String fixedFirst = Status.importFromPast(stuff[0]);&#10;&#10;            Card card = new Card(&#10;            Status.getStatus(fixedFirst.substring(0,1)),&#10;            Integer.parseInt(fixedFirst.substring(1,fixedFirst.length())), //grab however many digits&#10;            stuff[1],&#10;            stuff[2],&#10;            stuff[3]);&#10;            &#10;            return card;&#10;        }&#10;        catch(Exception e){&#10;            //a malformed line, maybe?&#10;            System.out.println(&quot;Malformed card! Details:&quot; + e);&#10;            return null;&#10;        }&#10;    }&#10;    &#10;    @Override&#10;    public String toString(){&#10;        //used during saving of this card&#10;        String text = status.toString() + sessionsLeft + Card.DELIMITER&#10;                    + questionText + Card.DELIMITER&#10;                    + answerText + Card.DELIMITER&#10;                    + pictureName;&#10;            //replace newlines with the newline replacer&#10;            text = replaceNewlines(text);&#10;            //now that it's cleaned up return it&#10;            return text;&#10;    }&#10;    &#10;    @Override&#10;            public boolean equals(Object aCard){&#10;                if(aCard == null) return false;&#10;                if(aCard instanceof Card == false)return false; //if it's not a card, stop it&#10;                    Card card = (Card)aCard;&#10;                    if(card == null) return false;&#10;                    return card.answerText.equals(this.answerText) &amp;&amp; card.questionText.equals(this.questionText)&#10;                            &amp;&amp; card.pictureName.equals(this.pictureName)&#10;                            &amp;&amp; card.status == this.status;&#10;                    //everything must match&#10;                &#10;            }&#10;&#10;    @Override&#10;    public int hashCode() {&#10;        int hash = 7;&#10;        hash = 43 * hash + (this.questionText != null ? this.questionText.hashCode() : 0);&#10;        hash = 43 * hash + (this.answerText != null ? this.answerText.hashCode() : 0);&#10;        hash = 43 * hash + (this.pictureName != null ? this.pictureName.hashCode() : 0);&#10;        hash = 43 * hash + (this.status != null ? this.status.hashCode() : 0);&#10;        return hash;&#10;    }&#10;}&#10;" Filename="Card.java" Intrnl_Id="3"/>
</SrcFileList>
<CritList>
<CritListEntry Name="org.codecover.model.utils.criteria.LoopCoverage" PluginName="org.codecover"/>
<CritListEntry Name="org.codecover.model.utils.criteria.BranchCoverage" PluginName="org.codecover"/>
<CritListEntry Name="org.codecover.model.utils.criteria.ConditionCoverage" PluginName="org.codecover"/>
<CritListEntry Name="org.codecover.model.utils.criteria.StatementCoverage" PluginName="org.codecover"/>
</CritList>
<BoolOpList>
<BoolOp Arity="1" Intrnl_Id="4" Name="not (!)">
<BoolAssgnmntBoolMapList>
<MapEntry BoolAssgnmnt="0" Value="true"/>
<MapEntry BoolAssgnmnt="1" Value="false"/>
</BoolAssgnmntBoolMapList>
</BoolOp>
<BoolOp Arity="2" Intrnl_Id="5" Name="conditional and (&amp;&amp;)">
<BoolAssgnmntBoolMapList>
<MapEntry BoolAssgnmnt="10" Value="false"/>
<MapEntry BoolAssgnmnt="02" Value="false"/>
<MapEntry BoolAssgnmnt="11" Value="true"/>
</BoolAssgnmntBoolMapList>
</BoolOp>
</BoolOpList>
<HierarchyLvlTypeList>
<HierarchyLvlType EnglishName="package" IntrnlName="package" Intrnl_Id="6"/>
<HierarchyLvlType EnglishName="class" IntrnlName="class" Intrnl_Id="7"/>
<HierarchyLvlType EnglishName="method" IntrnlName="method" Intrnl_Id="8"/>
<HierarchyLvlType EnglishName="default package" IntrnlName="default package" Intrnl_Id="9"/>
<HierarchyLvlType EnglishName="anonymous class" IntrnlName="class" Intrnl_Id="10"/>
</HierarchyLvlTypeList>
<MASTRoot>
<HierarchyLvl HierarchyLvlId="1984" HierarchyLvlTypeId="9" Intrnl_Id="11" Name="default package">
<Header/>
<LocList/>
<HierarchyLvl HierarchyLvlId="1983" HierarchyLvlTypeId="6" Intrnl_Id="12" Name="cabra">
<Header/>
<LocList/>
<HierarchyLvl HierarchyLvlId="1927" HierarchyLvlTypeId="7" Intrnl_Id="13" Name="Utils">
<Header>
<Loc EndOffset="363" SrcFileId="1" StartOffset="339"/>
</Header>
<LocList>
<Loc EndOffset="20092" SrcFileId="1" StartOffset="339"/>
</LocList>
<HierarchyLvl HierarchyLvlId="1892" HierarchyLvlTypeId="8" Intrnl_Id="14" Name="Utils">
<Header>
<Loc EndOffset="390" SrcFileId="1" StartOffset="375"/>
</Header>
<LocList>
<Loc EndOffset="392" SrcFileId="1" StartOffset="375"/>
</LocList>
</HierarchyLvl>
<HierarchyLvl HierarchyLvlId="1893" HierarchyLvlTypeId="8" Intrnl_Id="15" Name="getExtension">
<Header>
<Loc EndOffset="644" SrcFileId="1" StartOffset="600"/>
</Header>
<LocList>
<Loc EndOffset="991" SrcFileId="1" StartOffset="600"/>
</LocList>
<StmntSeq Intrnl_Id="16">
<LocList>
<Loc EndOffset="678" SrcFileId="1" StartOffset="654"/>
<Loc EndOffset="716" SrcFileId="1" StartOffset="687"/>
<Loc EndOffset="772" SrcFileId="1" StartOffset="740"/>
<Loc EndOffset="955" SrcFileId="1" StartOffset="782"/>
<Loc EndOffset="981" SrcFileId="1" StartOffset="964"/>
</LocList>
<BasicStmnt CovItemId="S1" CovItemPrefix="cabra.Utils.java" Intrnl_Id="17">
<LocList>
<Loc EndOffset="678" SrcFileId="1" StartOffset="654"/>
</LocList>
</BasicStmnt>
<BasicStmnt CovItemId="S2" CovItemPrefix="cabra.Utils.java" Intrnl_Id="18">
<LocList>
<Loc EndOffset="716" SrcFileId="1" StartOffset="687"/>
</LocList>
</BasicStmnt>
<BasicStmnt CovItemId="S3" CovItemPrefix="cabra.Utils.java" Intrnl_Id="19">
<LocList>
<Loc EndOffset="772" SrcFileId="1" StartOffset="740"/>
</LocList>
</BasicStmnt>
<CondStmnt CovItemId="S4" CovItemPrefix="cabra.Utils.java" Intrnl_Id="20">
<Branch CovItemId="B1" CovItemPrefix="cabra.Utils.java" Implct="false" Intrnl_Id="21">
<Cond/>
<LocList>
<Loc EndOffset="955" SrcFileId="1" StartOffset="823"/>
</LocList>
<StmntSeq Intrnl_Id="22">
<LocList>
<Loc EndOffset="945" SrcFileId="1" StartOffset="897"/>
</LocList>
<BasicStmnt CovItemId="S5" CovItemPrefix="cabra.Utils.java" Intrnl_Id="23">
<LocList>
<Loc EndOffset="945" SrcFileId="1" StartOffset="897"/>
</LocList>
</BasicStmnt>
</StmntSeq>
</Branch>
<Branch CovItemId="B2" CovItemPrefix="cabra.Utils.java" Implct="true" Intrnl_Id="24">
<Cond/>
<LocList/>
<StmntSeq Intrnl_Id="25">
<LocList/>
</StmntSeq>
</Branch>
<Keyword EndOffset="784" SrcFileId="1" StartOffset="782"/>
<LocList>
<Loc EndOffset="955" SrcFileId="1" StartOffset="782"/>
</LocList>
<RootTerm CovItemId="C1" CovItemPrefix="cabra.Utils.java" Intrnl_Id="26">
<OpTerm BooleanOpId="5" Intrnl_Id="27">
<BasicBoolTerm Intrnl_Id="28">
<LocList>
<Loc EndOffset="793" SrcFileId="1" StartOffset="786"/>
</LocList>
</BasicBoolTerm>
<BasicBoolTerm Intrnl_Id="29">
<LocList>
<Loc EndOffset="821" SrcFileId="1" StartOffset="798"/>
</LocList>
</BasicBoolTerm>
<LocList>
<Loc EndOffset="796" SrcFileId="1" StartOffset="794"/>
</LocList>
</OpTerm>
</RootTerm>
</CondStmnt>
<BasicStmnt CovItemId="S6" CovItemPrefix="cabra.Utils.java" Intrnl_Id="30">
<LocList>
<Loc EndOffset="981" SrcFileId="1" StartOffset="964"/>
</LocList>
</BasicStmnt>
</StmntSeq>
</HierarchyLvl>
<HierarchyLvl HierarchyLvlId="1894" HierarchyLvlTypeId="8" Intrnl_Id="31" Name="endsWith">
<Header>
<Loc EndOffset="1383" SrcFileId="1" StartOffset="1324"/>
</Header>
<LocList>
<Loc EndOffset="1502" SrcFileId="1" StartOffset="1324"/>
</LocList>
<StmntSeq Intrnl_Id="32">
<LocList>
<Loc EndOffset="1474" SrcFileId="1" StartOffset="1393"/>
<Loc EndOffset="1496" SrcFileId="1" StartOffset="1483"/>
</LocList>
<LoopStmnt CovItemId="S7" CovItemPrefix="cabra.Utils.java" Intrnl_Id="33" MltplExecId="L1-2" MltplExecPrefix="cabra.Utils.java" NvrExecId="L1-0" NvrExecPrefix="cabra.Utils.java" OnceExecutedId="L1-1" OnceExecutedPrefix="cabra.Utils.java" OptBodyExec="true">
<StmntSeq Intrnl_Id="34">
<LocList>
<Loc EndOffset="1464" SrcFileId="1" StartOffset="1429"/>
</LocList>
<CondStmnt CovItemId="S8" CovItemPrefix="cabra.Utils.java" Intrnl_Id="35">
<Branch CovItemId="B3" CovItemPrefix="cabra.Utils.java" Implct="false" Intrnl_Id="36">
<Cond/>
<LocList>
<Loc EndOffset="1464" SrcFileId="1" StartOffset="1452"/>
</LocList>
<StmntSeq Intrnl_Id="37">
<LocList>
<Loc EndOffset="1464" SrcFileId="1" StartOffset="1452"/>
</LocList>
<BasicStmnt CovItemId="S9" CovItemPrefix="cabra.Utils.java" Intrnl_Id="38">
<LocList>
<Loc EndOffset="1464" SrcFileId="1" StartOffset="1452"/>
</LocList>
</BasicStmnt>
</StmntSeq>
</Branch>
<Branch CovItemId="B4" CovItemPrefix="cabra.Utils.java" Implct="true" Intrnl_Id="39">
<Cond/>
<LocList/>
<StmntSeq Intrnl_Id="40">
<LocList/>
</StmntSeq>
</Branch>
<Keyword EndOffset="1431" SrcFileId="1" StartOffset="1429"/>
<LocList>
<Loc EndOffset="1464" SrcFileId="1" StartOffset="1429"/>
</LocList>
<RootTerm CovItemId="C2" CovItemPrefix="cabra.Utils.java" Intrnl_Id="41">
<BasicBoolTerm Intrnl_Id="42">
<LocList>
<Loc EndOffset="1450" SrcFileId="1" StartOffset="1432"/>
</LocList>
</BasicBoolTerm>
</RootTerm>
</CondStmnt>
</StmntSeq>
<Keyword EndOffset="1396" SrcFileId="1" StartOffset="1393"/>
<LocList>
<Loc EndOffset="1474" SrcFileId="1" StartOffset="1393"/>
</LocList>
</LoopStmnt>
<BasicStmnt CovItemId="S10" CovItemPrefix="cabra.Utils.java" Intrnl_Id="43">
<LocList>
<Loc EndOffset="1496" SrcFileId="1" StartOffset="1483"/>
</LocList>
</BasicStmnt>
</StmntSeq>
</HierarchyLvl>
<HierarchyLvl HierarchyLvlId="1895" HierarchyLvlTypeId="8" Intrnl_Id="44" Name="sanitizeURL">
<Header>
<Loc EndOffset="1746" SrcFileId="1" StartOffset="1702"/>
</Header>
<LocList>
<Loc EndOffset="1795" SrcFileId="1" StartOffset="1702"/>
</LocList>
<StmntSeq Intrnl_Id="45">
<LocList>
<Loc EndOffset="1789" SrcFileId="1" StartOffset="1756"/>
</LocList>
<BasicStmnt CovItemId="S11" CovItemPrefix="cabra.Utils.java" Intrnl_Id="46">
<LocList>
<Loc EndOffset="1789" SrcFileId="1" StartOffset="1756"/>
</LocList>
</BasicStmnt>
</StmntSeq>
</HierarchyLvl>
<HierarchyLvl HierarchyLvlId="1896" HierarchyLvlTypeId="8" Intrnl_Id="47" Name="pushLuck">
<Header>
<Loc EndOffset="2088" SrcFileId="1" StartOffset="2043"/>
</Header>
<LocList>
<Loc EndOffset="2135" SrcFileId="1" StartOffset="2043"/>
</LocList>
<StmntSeq Intrnl_Id="48">
<LocList>
<Loc EndOffset="2129" SrcFileId="1" StartOffset="2099"/>
</LocList>
<BasicStmnt CovItemId="S12" CovItemPrefix="cabra.Utils.java" Intrnl_Id="49">
<LocList>
<Loc EndOffset="2129" SrcFileId="1" StartOffset="2099"/>
</LocList>
</BasicStmnt>
</StmntSeq>
</HierarchyLvl>
<HierarchyLvl HierarchyLvlId="1897" HierarchyLvlTypeId="8" Intrnl_Id="50" Name="arraySum">
<Header>
<Loc EndOffset="2300" SrcFileId="1" StartOffset="2262"/>
</Header>
<LocList>
<Loc EndOffset="2396" SrcFileId="1" StartOffset="2262"/>
</LocList>
<StmntSeq Intrnl_Id="51">
<LocList>
<Loc EndOffset="2322" SrcFileId="1" StartOffset="2310"/>
<Loc EndOffset="2370" SrcFileId="1" StartOffset="2331"/>
<Loc EndOffset="2390" SrcFileId="1" StartOffset="2379"/>
</LocList>
<BasicStmnt CovItemId="S13" CovItemPrefix="cabra.Utils.java" Intrnl_Id="52">
<LocList>
<Loc EndOffset="2322" SrcFileId="1" StartOffset="2310"/>
</LocList>
</BasicStmnt>
<LoopStmnt CovItemId="S14" CovItemPrefix="cabra.Utils.java" Intrnl_Id="53" MltplExecId="L2-2" MltplExecPrefix="cabra.Utils.java" NvrExecId="L2-0" NvrExecPrefix="cabra.Utils.java" OnceExecutedId="L2-1" OnceExecutedPrefix="cabra.Utils.java" OptBodyExec="true">
<StmntSeq Intrnl_Id="54">
<LocList>
<Loc EndOffset="2370" SrcFileId="1" StartOffset="2361"/>
</LocList>
<BasicStmnt CovItemId="S15" CovItemPrefix="cabra.Utils.java" Intrnl_Id="55">
<LocList>
<Loc EndOffset="2370" SrcFileId="1" StartOffset="2361"/>
</LocList>
</BasicStmnt>
</StmntSeq>
<Keyword EndOffset="2334" SrcFileId="1" StartOffset="2331"/>
<LocList>
<Loc EndOffset="2370" SrcFileId="1" StartOffset="2331"/>
</LocList>
</LoopStmnt>
<BasicStmnt CovItemId="S16" CovItemPrefix="cabra.Utils.java" Intrnl_Id="56">
<LocList>
<Loc EndOffset="2390" SrcFileId="1" StartOffset="2379"/>
</LocList>
</BasicStmnt>
</StmntSeq>
</HierarchyLvl>
<HierarchyLvl HierarchyLvlId="1898" HierarchyLvlTypeId="8" Intrnl_Id="57" Name="average">
<Header>
<Loc EndOffset="2589" SrcFileId="1" StartOffset="2551"/>
</Header>
<LocList>
<Loc EndOffset="2758" SrcFileId="1" StartOffset="2551"/>
</LocList>
<StmntSeq Intrnl_Id="58">
<LocList>
<Loc EndOffset="2613" SrcFileId="1" StartOffset="2599"/>
<Loc EndOffset="2636" SrcFileId="1" StartOffset="2622"/>
<Loc EndOffset="2722" SrcFileId="1" StartOffset="2645"/>
<Loc EndOffset="2752" SrcFileId="1" StartOffset="2731"/>
</LocList>
<BasicStmnt CovItemId="S17" CovItemPrefix="cabra.Utils.java" Intrnl_Id="59">
<LocList>
<Loc EndOffset="2613" SrcFileId="1" StartOffset="2599"/>
</LocList>
</BasicStmnt>
<BasicStmnt CovItemId="S18" CovItemPrefix="cabra.Utils.java" Intrnl_Id="60">
<LocList>
<Loc EndOffset="2636" SrcFileId="1" StartOffset="2622"/>
</LocList>
</BasicStmnt>
<LoopStmnt CovItemId="S19" CovItemPrefix="cabra.Utils.java" Intrnl_Id="61" MltplExecId="L3-2" MltplExecPrefix="cabra.Utils.java" NvrExecId="L3-0" NvrExecPrefix="cabra.Utils.java" OnceExecutedId="L3-1" OnceExecutedPrefix="cabra.Utils.java" OptBodyExec="true">
<StmntSeq Intrnl_Id="62">
<LocList>
<Loc EndOffset="2691" SrcFileId="1" StartOffset="2678"/>
<Loc EndOffset="2712" SrcFileId="1" StartOffset="2704"/>
</LocList>
<BasicStmnt CovItemId="S20" CovItemPrefix="cabra.Utils.java" Intrnl_Id="63">
<LocList>
<Loc EndOffset="2691" SrcFileId="1" StartOffset="2678"/>
</LocList>
</BasicStmnt>
<BasicStmnt CovItemId="S21" CovItemPrefix="cabra.Utils.java" Intrnl_Id="64">
<LocList>
<Loc EndOffset="2712" SrcFileId="1" StartOffset="2704"/>
</LocList>
</BasicStmnt>
</StmntSeq>
<Keyword EndOffset="2648" SrcFileId="1" StartOffset="2645"/>
<LocList>
<Loc EndOffset="2722" SrcFileId="1" StartOffset="2645"/>
</LocList>
</LoopStmnt>
<BasicStmnt CovItemId="S22" CovItemPrefix="cabra.Utils.java" Intrnl_Id="65">
<LocList>
<Loc EndOffset="2752" SrcFileId="1" StartOffset="2731"/>
</LocList>
</BasicStmnt>
</StmntSeq>
</HierarchyLvl>
<HierarchyLvl HierarchyLvlId="1899" HierarchyLvlTypeId="8" Intrnl_Id="66" Name="toPercent">
<Header>
<Loc EndOffset="3077" SrcFileId="1" StartOffset="3024"/>
</Header>
<LocList>
<Loc EndOffset="3265" SrcFileId="1" StartOffset="3024"/>
</LocList>
<StmntSeq Intrnl_Id="67">
<LocList>
<Loc EndOffset="3174" SrcFileId="1" StartOffset="3138"/>
<Loc EndOffset="3220" SrcFileId="1" StartOffset="3183"/>
<Loc EndOffset="3259" SrcFileId="1" StartOffset="3238"/>
</LocList>
<BasicStmnt CovItemId="S23" CovItemPrefix="cabra.Utils.java" Intrnl_Id="68">
<LocList>
<Loc EndOffset="3174" SrcFileId="1" StartOffset="3138"/>
</LocList>
</BasicStmnt>
<BasicStmnt CovItemId="S24" CovItemPrefix="cabra.Utils.java" Intrnl_Id="69">
<LocList>
<Loc EndOffset="3220" SrcFileId="1" StartOffset="3183"/>
</LocList>
</BasicStmnt>
<BasicStmnt CovItemId="S25" CovItemPrefix="cabra.Utils.java" Intrnl_Id="70">
<LocList>
<Loc EndOffset="3259" SrcFileId="1" StartOffset="3238"/>
</LocList>
</BasicStmnt>
</StmntSeq>
</HierarchyLvl>
<HierarchyLvl HierarchyLvlId="1900" HierarchyLvlTypeId="8" Intrnl_Id="71" Name="percent">
<Header>
<Loc EndOffset="3476" SrcFileId="1" StartOffset="3428"/>
</Header>
<LocList>
<Loc EndOffset="3815" SrcFileId="1" StartOffset="3428"/>
</LocList>
<StmntSeq Intrnl_Id="72">
<LocList>
<Loc EndOffset="3584" SrcFileId="1" StartOffset="3486"/>
<Loc EndOffset="3671" SrcFileId="1" StartOffset="3631"/>
<Loc EndOffset="3745" SrcFileId="1" StartOffset="3698"/>
<Loc EndOffset="3809" SrcFileId="1" StartOffset="3794"/>
</LocList>
<CondStmnt CovItemId="S26" CovItemPrefix="cabra.Utils.java" Intrnl_Id="73">
<Branch CovItemId="B5" CovItemPrefix="cabra.Utils.java" Implct="false" Intrnl_Id="74">
<Cond/>
<LocList>
<Loc EndOffset="3584" SrcFileId="1" StartOffset="3500"/>
</LocList>
<StmntSeq Intrnl_Id="75">
<LocList>
<Loc EndOffset="3574" SrcFileId="1" StartOffset="3565"/>
</LocList>
<BasicStmnt CovItemId="S27" CovItemPrefix="cabra.Utils.java" Intrnl_Id="76">
<LocList>
<Loc EndOffset="3574" SrcFileId="1" StartOffset="3565"/>
</LocList>
</BasicStmnt>
</StmntSeq>
</Branch>
<Branch CovItemId="B6" CovItemPrefix="cabra.Utils.java" Implct="true" Intrnl_Id="77">
<Cond/>
<LocList/>
<StmntSeq Intrnl_Id="78">
<LocList/>
</StmntSeq>
</Branch>
<Keyword EndOffset="3488" SrcFileId="1" StartOffset="3486"/>
<LocList>
<Loc EndOffset="3584" SrcFileId="1" StartOffset="3486"/>
</LocList>
<RootTerm CovItemId="C3" CovItemPrefix="cabra.Utils.java" Intrnl_Id="79">
<BasicBoolTerm Intrnl_Id="80">
<LocList>
<Loc EndOffset="3499" SrcFileId="1" StartOffset="3489"/>
</LocList>
</BasicBoolTerm>
</RootTerm>
</CondStmnt>
<BasicStmnt CovItemId="S28" CovItemPrefix="cabra.Utils.java" Intrnl_Id="81">
<LocList>
<Loc EndOffset="3671" SrcFileId="1" StartOffset="3631"/>
</LocList>
</BasicStmnt>
<BasicStmnt CovItemId="S29" CovItemPrefix="cabra.Utils.java" Intrnl_Id="82">
<LocList>
<Loc EndOffset="3745" SrcFileId="1" StartOffset="3698"/>
</LocList>
</BasicStmnt>
<BasicStmnt CovItemId="S30" CovItemPrefix="cabra.Utils.java" Intrnl_Id="83">
<LocList>
<Loc EndOffset="3809" SrcFileId="1" StartOffset="3794"/>
</LocList>
</BasicStmnt>
</StmntSeq>
</HierarchyLvl>
<HierarchyLvl HierarchyLvlId="1901" HierarchyLvlTypeId="8" Intrnl_Id="84" Name="daysToMillis">
<Header>
<Loc EndOffset="4054" SrcFileId="1" StartOffset="4013"/>
</Header>
<LocList>
<Loc EndOffset="4141" SrcFileId="1" StartOffset="4013"/>
</LocList>
<StmntSeq Intrnl_Id="85">
<LocList>
<Loc EndOffset="4098" SrcFileId="1" StartOffset="4064"/>
</LocList>
<BasicStmnt CovItemId="S31" CovItemPrefix="cabra.Utils.java" Intrnl_Id="86">
<LocList>
<Loc EndOffset="4098" SrcFileId="1" StartOffset="4064"/>
</LocList>
</BasicStmnt>
</StmntSeq>
</HierarchyLvl>
<HierarchyLvl HierarchyLvlId="1902" HierarchyLvlTypeId="8" Intrnl_Id="87" Name="toIntegerArray">
<Header>
<Loc EndOffset="4366" SrcFileId="1" StartOffset="4319"/>
</Header>
<LocList>
<Loc EndOffset="4541" SrcFileId="1" StartOffset="4319"/>
</LocList>
<StmntSeq Intrnl_Id="88">
<LocList>
<Loc EndOffset="4415" SrcFileId="1" StartOffset="4376"/>
<Loc EndOffset="4505" SrcFileId="1" StartOffset="4424"/>
<Loc EndOffset="4535" SrcFileId="1" StartOffset="4523"/>
</LocList>
<BasicStmnt CovItemId="S32" CovItemPrefix="cabra.Utils.java" Intrnl_Id="89">
<LocList>
<Loc EndOffset="4415" SrcFileId="1" StartOffset="4376"/>
</LocList>
</BasicStmnt>
<LoopStmnt CovItemId="S33" CovItemPrefix="cabra.Utils.java" Intrnl_Id="90" MltplExecId="L4-2" MltplExecPrefix="cabra.Utils.java" NvrExecId="L4-0" NvrExecPrefix="cabra.Utils.java" OnceExecutedId="L4-1" OnceExecutedPrefix="cabra.Utils.java" OptBodyExec="true">
<StmntSeq Intrnl_Id="91">
<LocList>
<Loc EndOffset="4495" SrcFileId="1" StartOffset="4467"/>
</LocList>
<BasicStmnt CovItemId="S34" CovItemPrefix="cabra.Utils.java" Intrnl_Id="92">
<LocList>
<Loc EndOffset="4495" SrcFileId="1" StartOffset="4467"/>
</LocList>
</BasicStmnt>
</StmntSeq>
<Keyword EndOffset="4427" SrcFileId="1" StartOffset="4424"/>
<LocList>
<Loc EndOffset="4505" SrcFileId="1" StartOffset="4424"/>
</LocList>
<RootTerm CovItemId="C4" CovItemPrefix="cabra.Utils.java" Intrnl_Id="93">
<BasicBoolTerm Intrnl_Id="94">
<LocList>
<Loc EndOffset="4447" SrcFileId="1" StartOffset="4437"/>
</LocList>
</BasicBoolTerm>
</RootTerm>
</LoopStmnt>
<BasicStmnt CovItemId="S35" CovItemPrefix="cabra.Utils.java" Intrnl_Id="95">
<LocList>
<Loc EndOffset="4535" SrcFileId="1" StartOffset="4523"/>
</LocList>
</BasicStmnt>
</StmntSeq>
</HierarchyLvl>
<HierarchyLvl HierarchyLvlId="1903" HierarchyLvlTypeId="8" Intrnl_Id="96" Name="stringWithPlural">
<Header>
<Loc EndOffset="5103" SrcFileId="1" StartOffset="5037"/>
</Header>
<LocList>
<Loc EndOffset="5209" SrcFileId="1" StartOffset="5037"/>
</LocList>
<StmntSeq Intrnl_Id="97">
<LocList>
<Loc EndOffset="5203" SrcFileId="1" StartOffset="5113"/>
</LocList>
<CondStmnt CovItemId="S36" CovItemPrefix="cabra.Utils.java" Intrnl_Id="98">
<Branch CovItemId="B7" CovItemPrefix="cabra.Utils.java" Implct="false" Intrnl_Id="99">
<Cond/>
<LocList>
<Loc EndOffset="5163" SrcFileId="1" StartOffset="5143"/>
</LocList>
<StmntSeq Intrnl_Id="100">
<LocList>
<Loc EndOffset="5163" SrcFileId="1" StartOffset="5143"/>
</LocList>
<BasicStmnt CovItemId="S37" CovItemPrefix="cabra.Utils.java" Intrnl_Id="101">
<LocList>
<Loc EndOffset="5163" SrcFileId="1" StartOffset="5143"/>
</LocList>
</BasicStmnt>
</StmntSeq>
</Branch>
<Branch CovItemId="B8" CovItemPrefix="cabra.Utils.java" Implct="false" Intrnl_Id="102">
<Cond>
<Loc EndOffset="5176" SrcFileId="1" StartOffset="5172"/>
</Cond>
<LocList>
<Loc EndOffset="5203" SrcFileId="1" StartOffset="5189"/>
</LocList>
<StmntSeq Intrnl_Id="103">
<LocList>
<Loc EndOffset="5203" SrcFileId="1" StartOffset="5189"/>
</LocList>
<BasicStmnt CovItemId="S38" CovItemPrefix="cabra.Utils.java" Intrnl_Id="104">
<LocList>
<Loc EndOffset="5203" SrcFileId="1" StartOffset="5189"/>
</LocList>
</BasicStmnt>
</StmntSeq>
</Branch>
<Keyword EndOffset="5115" SrcFileId="1" StartOffset="5113"/>
<LocList>
<Loc EndOffset="5203" SrcFileId="1" StartOffset="5113"/>
</LocList>
<RootTerm CovItemId="C5" CovItemPrefix="cabra.Utils.java" Intrnl_Id="105">
<BasicBoolTerm Intrnl_Id="106">
<LocList>
<Loc EndOffset="5129" SrcFileId="1" StartOffset="5116"/>
</LocList>
</BasicBoolTerm>
</RootTerm>
</CondStmnt>
</StmntSeq>
</HierarchyLvl>
<HierarchyLvl HierarchyLvlId="1904" HierarchyLvlTypeId="8" Intrnl_Id="107" Name="numDigits">
<Header>
<Loc EndOffset="5403" SrcFileId="1" StartOffset="5369"/>
</Header>
<LocList>
<Loc EndOffset="5522" SrcFileId="1" StartOffset="5369"/>
</LocList>
<StmntSeq Intrnl_Id="108">
<LocList>
<Loc EndOffset="5433" SrcFileId="1" StartOffset="5413"/>
<Loc EndOffset="5474" SrcFileId="1" StartOffset="5442"/>
</LocList>
<CondStmnt CovItemId="S39" CovItemPrefix="cabra.Utils.java" Intrnl_Id="109">
<Branch CovItemId="B9" CovItemPrefix="cabra.Utils.java" Implct="false" Intrnl_Id="110">
<Cond/>
<LocList>
<Loc EndOffset="5433" SrcFileId="1" StartOffset="5424"/>
</LocList>
<StmntSeq Intrnl_Id="111">
<LocList>
<Loc EndOffset="5433" SrcFileId="1" StartOffset="5424"/>
</LocList>
<BasicStmnt CovItemId="S40" CovItemPrefix="cabra.Utils.java" Intrnl_Id="112">
<LocList>
<Loc EndOffset="5433" SrcFileId="1" StartOffset="5424"/>
</LocList>
</BasicStmnt>
</StmntSeq>
</Branch>
<Branch CovItemId="B10" CovItemPrefix="cabra.Utils.java" Implct="true" Intrnl_Id="113">
<Cond/>
<LocList/>
<StmntSeq Intrnl_Id="114">
<LocList/>
</StmntSeq>
</Branch>
<Keyword EndOffset="5415" SrcFileId="1" StartOffset="5413"/>
<LocList>
<Loc EndOffset="5433" SrcFileId="1" StartOffset="5413"/>
</LocList>
<RootTerm CovItemId="C6" CovItemPrefix="cabra.Utils.java" Intrnl_Id="115">
<BasicBoolTerm Intrnl_Id="116">
<LocList>
<Loc EndOffset="5422" SrcFileId="1" StartOffset="5416"/>
</LocList>
</BasicBoolTerm>
</RootTerm>
</CondStmnt>
<BasicStmnt CovItemId="S41" CovItemPrefix="cabra.Utils.java" Intrnl_Id="117">
<LocList>
<Loc EndOffset="5474" SrcFileId="1" StartOffset="5442"/>
</LocList>
</BasicStmnt>
</StmntSeq>
</HierarchyLvl>
<HierarchyLvl HierarchyLvlId="1905" HierarchyLvlTypeId="8" Intrnl_Id="118" Name="padWithLeadingZeroes">
<Header>
<Loc EndOffset="6016" SrcFileId="1" StartOffset="5956"/>
</Header>
<LocList>
<Loc EndOffset="6379" SrcFileId="1" StartOffset="5956"/>
</LocList>
<StmntSeq Intrnl_Id="119">
<LocList>
<Loc EndOffset="6049" SrcFileId="1" StartOffset="6026"/>
<Loc EndOffset="6132" SrcFileId="1" StartOffset="6090"/>
<Loc EndOffset="6341" SrcFileId="1" StartOffset="6261"/>
<Loc EndOffset="6373" SrcFileId="1" StartOffset="6359"/>
</LocList>
<BasicStmnt CovItemId="S42" CovItemPrefix="cabra.Utils.java" Intrnl_Id="120">
<LocList>
<Loc EndOffset="6049" SrcFileId="1" StartOffset="6026"/>
</LocList>
</BasicStmnt>
<BasicStmnt CovItemId="S43" CovItemPrefix="cabra.Utils.java" Intrnl_Id="121">
<LocList>
<Loc EndOffset="6132" SrcFileId="1" StartOffset="6090"/>
</LocList>
</BasicStmnt>
<LoopStmnt CovItemId="S44" CovItemPrefix="cabra.Utils.java" Intrnl_Id="122" MltplExecId="L5-2" MltplExecPrefix="cabra.Utils.java" NvrExecId="L5-0" NvrExecPrefix="cabra.Utils.java" OnceExecutedId="L5-1" OnceExecutedPrefix="cabra.Utils.java" OptBodyExec="true">
<StmntSeq Intrnl_Id="123">
<LocList>
<Loc EndOffset="6331" SrcFileId="1" StartOffset="6309"/>
</LocList>
<BasicStmnt CovItemId="S45" CovItemPrefix="cabra.Utils.java" Intrnl_Id="124">
<LocList>
<Loc EndOffset="6331" SrcFileId="1" StartOffset="6309"/>
</LocList>
</BasicStmnt>
</StmntSeq>
<Keyword EndOffset="6264" SrcFileId="1" StartOffset="6261"/>
<LocList>
<Loc EndOffset="6341" SrcFileId="1" StartOffset="6261"/>
</LocList>
<RootTerm CovItemId="C7" CovItemPrefix="cabra.Utils.java" Intrnl_Id="125">
<BasicBoolTerm Intrnl_Id="126">
<LocList>
<Loc EndOffset="6289" SrcFileId="1" StartOffset="6274"/>
</LocList>
</BasicBoolTerm>
</RootTerm>
</LoopStmnt>
<BasicStmnt CovItemId="S46" CovItemPrefix="cabra.Utils.java" Intrnl_Id="127">
<LocList>
<Loc EndOffset="6373" SrcFileId="1" StartOffset="6359"/>
</LocList>
</BasicStmnt>
</StmntSeq>
</HierarchyLvl>
<HierarchyLvl HierarchyLvlId="1906" HierarchyLvlTypeId="8" Intrnl_Id="128" Name="stringFromArray">
<Header>
<Loc EndOffset="6680" SrcFileId="1" StartOffset="6628"/>
</Header>
<LocList>
<Loc EndOffset="7018" SrcFileId="1" StartOffset="6628"/>
</LocList>
<StmntSeq Intrnl_Id="129">
<LocList>
<Loc EndOffset="6710" SrcFileId="1" StartOffset="6690"/>
<Loc EndOffset="6866" SrcFileId="1" StartOffset="6783"/>
<Loc EndOffset="6957" SrcFileId="1" StartOffset="6907"/>
<Loc EndOffset="6980" SrcFileId="1" StartOffset="6966"/>
<Loc EndOffset="7012" SrcFileId="1" StartOffset="6998"/>
</LocList>
<BasicStmnt CovItemId="S47" CovItemPrefix="cabra.Utils.java" Intrnl_Id="130">
<LocList>
<Loc EndOffset="6710" SrcFileId="1" StartOffset="6690"/>
</LocList>
</BasicStmnt>
<LoopStmnt CovItemId="S48" CovItemPrefix="cabra.Utils.java" Intrnl_Id="131" MltplExecId="L6-2" MltplExecPrefix="cabra.Utils.java" NvrExecId="L6-0" NvrExecPrefix="cabra.Utils.java" OnceExecutedId="L6-1" OnceExecutedPrefix="cabra.Utils.java" OptBodyExec="true">
<StmntSeq Intrnl_Id="132">
<LocList>
<Loc EndOffset="6856" SrcFileId="1" StartOffset="6828"/>
</LocList>
<BasicStmnt CovItemId="S49" CovItemPrefix="cabra.Utils.java" Intrnl_Id="133">
<LocList>
<Loc EndOffset="6856" SrcFileId="1" StartOffset="6828"/>
</LocList>
</BasicStmnt>
</StmntSeq>
<Keyword EndOffset="6786" SrcFileId="1" StartOffset="6783"/>
<LocList>
<Loc EndOffset="6866" SrcFileId="1" StartOffset="6783"/>
</LocList>
</LoopStmnt>
<BasicStmnt CovItemId="S50" CovItemPrefix="cabra.Utils.java" Intrnl_Id="134">
<LocList>
<Loc EndOffset="6957" SrcFileId="1" StartOffset="6907"/>
</LocList>
</BasicStmnt>
<BasicStmnt CovItemId="S51" CovItemPrefix="cabra.Utils.java" Intrnl_Id="135">
<LocList>
<Loc EndOffset="6980" SrcFileId="1" StartOffset="6966"/>
</LocList>
</BasicStmnt>
<BasicStmnt CovItemId="S52" CovItemPrefix="cabra.Utils.java" Intrnl_Id="136">
<LocList>
<Loc EndOffset="7012" SrcFileId="1" StartOffset="6998"/>
</LocList>
</BasicStmnt>
</StmntSeq>
</HierarchyLvl>
<HierarchyLvl HierarchyLvlId="1907" HierarchyLvlTypeId="8" Intrnl_Id="137" Name="arrayFromString">
<Header>
<Loc EndOffset="7335" SrcFileId="1" StartOffset="7277"/>
</Header>
<LocList>
<Loc EndOffset="7603" SrcFileId="1" StartOffset="7277"/>
</LocList>
<StmntSeq Intrnl_Id="138">
<LocList>
<Loc EndOffset="7458" SrcFileId="1" StartOffset="7393"/>
<Loc EndOffset="7573" SrcFileId="1" StartOffset="7531"/>
<Loc EndOffset="7597" SrcFileId="1" StartOffset="7582"/>
</LocList>
<BasicStmnt CovItemId="S53" CovItemPrefix="cabra.Utils.java" Intrnl_Id="139">
<LocList>
<Loc EndOffset="7458" SrcFileId="1" StartOffset="7393"/>
</LocList>
</BasicStmnt>
<BasicStmnt CovItemId="S54" CovItemPrefix="cabra.Utils.java" Intrnl_Id="140">
<LocList>
<Loc EndOffset="7573" SrcFileId="1" StartOffset="7531"/>
</LocList>
</BasicStmnt>
<BasicStmnt CovItemId="S55" CovItemPrefix="cabra.Utils.java" Intrnl_Id="141">
<LocList>
<Loc EndOffset="7597" SrcFileId="1" StartOffset="7582"/>
</LocList>
</BasicStmnt>
</StmntSeq>
</HierarchyLvl>
<HierarchyLvl HierarchyLvlId="1908" HierarchyLvlTypeId="8" Intrnl_Id="142" Name="purgeFolder">
<Header>
<Loc EndOffset="7801" SrcFileId="1" StartOffset="7758"/>
</Header>
<LocList>
<Loc EndOffset="7933" SrcFileId="1" StartOffset="7758"/>
</LocList>
<StmntSeq Intrnl_Id="143">
<LocList>
<Loc EndOffset="7927" SrcFileId="1" StartOffset="7851"/>
</LocList>
<LoopStmnt CovItemId="S56" CovItemPrefix="cabra.Utils.java" Intrnl_Id="144" MltplExecId="L7-2" MltplExecPrefix="cabra.Utils.java" NvrExecId="L7-0" NvrExecPrefix="cabra.Utils.java" OnceExecutedId="L7-1" OnceExecutedPrefix="cabra.Utils.java" OptBodyExec="true">
<StmntSeq Intrnl_Id="145">
<LocList>
<Loc EndOffset="7917" SrcFileId="1" StartOffset="7900"/>
</LocList>
<BasicStmnt CovItemId="S57" CovItemPrefix="cabra.Utils.java" Intrnl_Id="146">
<LocList>
<Loc EndOffset="7917" SrcFileId="1" StartOffset="7900"/>
</LocList>
</BasicStmnt>
</StmntSeq>
<Keyword EndOffset="7854" SrcFileId="1" StartOffset="7851"/>
<LocList>
<Loc EndOffset="7927" SrcFileId="1" StartOffset="7851"/>
</LocList>
</LoopStmnt>
</StmntSeq>
</HierarchyLvl>
<HierarchyLvl HierarchyLvlId="1909" HierarchyLvlTypeId="8" Intrnl_Id="147" Name="obliterate">
<Header>
<Loc EndOffset="8089" SrcFileId="1" StartOffset="8049"/>
</Header>
<LocList>
<Loc EndOffset="8462" SrcFileId="1" StartOffset="8049"/>
</LocList>
<StmntSeq Intrnl_Id="148">
<LocList>
<Loc EndOffset="8456" SrcFileId="1" StartOffset="8099"/>
</LocList>
<CondStmnt CovItemId="S58" CovItemPrefix="cabra.Utils.java" Intrnl_Id="149">
<Branch CovItemId="B11" CovItemPrefix="cabra.Utils.java" Implct="false" Intrnl_Id="150">
<Cond/>
<LocList>
<Loc EndOffset="8187" SrcFileId="1" StartOffset="8116"/>
</LocList>
<StmntSeq Intrnl_Id="151">
<LocList>
<Loc EndOffset="8144" SrcFileId="1" StartOffset="8130"/>
<Loc EndOffset="8177" SrcFileId="1" StartOffset="8157"/>
</LocList>
<BasicStmnt CovItemId="S59" CovItemPrefix="cabra.Utils.java" Intrnl_Id="152">
<LocList>
<Loc EndOffset="8144" SrcFileId="1" StartOffset="8130"/>
</LocList>
</BasicStmnt>
<BasicStmnt CovItemId="S60" CovItemPrefix="cabra.Utils.java" Intrnl_Id="153">
<LocList>
<Loc EndOffset="8177" SrcFileId="1" StartOffset="8157"/>
</LocList>
</BasicStmnt>
</StmntSeq>
</Branch>
<Branch CovItemId="B12" CovItemPrefix="cabra.Utils.java" Implct="false" Intrnl_Id="154">
<Cond>
<Loc EndOffset="8200" SrcFileId="1" StartOffset="8196"/>
</Cond>
<LocList>
<Loc EndOffset="8456" SrcFileId="1" StartOffset="8201"/>
</LocList>
<StmntSeq Intrnl_Id="155">
<LocList>
<Loc EndOffset="8456" SrcFileId="1" StartOffset="8201"/>
</LocList>
<CondStmnt CovItemId="S61" CovItemPrefix="cabra.Utils.java" Intrnl_Id="156">
<Branch CovItemId="B13" CovItemPrefix="cabra.Utils.java" Implct="false" Intrnl_Id="157">
<Cond/>
<LocList>
<Loc EndOffset="8456" SrcFileId="1" StartOffset="8223"/>
</LocList>
<StmntSeq Intrnl_Id="158">
<LocList>
<Loc EndOffset="8386" SrcFileId="1" StartOffset="8302"/>
<Loc EndOffset="8413" SrcFileId="1" StartOffset="8399"/>
<Loc EndOffset="8446" SrcFileId="1" StartOffset="8426"/>
</LocList>
<LoopStmnt CovItemId="S62" CovItemPrefix="cabra.Utils.java" Intrnl_Id="159" MltplExecId="L8-2" MltplExecPrefix="cabra.Utils.java" NvrExecId="L8-0" NvrExecPrefix="cabra.Utils.java" OnceExecutedId="L8-1" OnceExecutedPrefix="cabra.Utils.java" OptBodyExec="true">
<StmntSeq Intrnl_Id="160">
<LocList>
<Loc EndOffset="8372" SrcFileId="1" StartOffset="8354"/>
</LocList>
<BasicStmnt CovItemId="S63" CovItemPrefix="cabra.Utils.java" Intrnl_Id="161">
<LocList>
<Loc EndOffset="8372" SrcFileId="1" StartOffset="8354"/>
</LocList>
</BasicStmnt>
</StmntSeq>
<Keyword EndOffset="8305" SrcFileId="1" StartOffset="8302"/>
<LocList>
<Loc EndOffset="8386" SrcFileId="1" StartOffset="8302"/>
</LocList>
</LoopStmnt>
<BasicStmnt CovItemId="S64" CovItemPrefix="cabra.Utils.java" Intrnl_Id="162">
<LocList>
<Loc EndOffset="8413" SrcFileId="1" StartOffset="8399"/>
</LocList>
</BasicStmnt>
<BasicStmnt CovItemId="S65" CovItemPrefix="cabra.Utils.java" Intrnl_Id="163">
<LocList>
<Loc EndOffset="8446" SrcFileId="1" StartOffset="8426"/>
</LocList>
</BasicStmnt>
</StmntSeq>
</Branch>
<Branch CovItemId="B14" CovItemPrefix="cabra.Utils.java" Implct="true" Intrnl_Id="164">
<Cond/>
<LocList/>
<StmntSeq Intrnl_Id="165">
<LocList/>
</StmntSeq>
</Branch>
<Keyword EndOffset="8203" SrcFileId="1" StartOffset="8201"/>
<LocList>
<Loc EndOffset="8456" SrcFileId="1" StartOffset="8201"/>
</LocList>
<RootTerm CovItemId="C9" CovItemPrefix="cabra.Utils.java" Intrnl_Id="166">
<BasicBoolTerm Intrnl_Id="167">
<LocList>
<Loc EndOffset="8222" SrcFileId="1" StartOffset="8204"/>
</LocList>
</BasicBoolTerm>
</RootTerm>
</CondStmnt>
</StmntSeq>
</Branch>
<Keyword EndOffset="8101" SrcFileId="1" StartOffset="8099"/>
<LocList>
<Loc EndOffset="8456" SrcFileId="1" StartOffset="8099"/>
</LocList>
<RootTerm CovItemId="C8" CovItemPrefix="cabra.Utils.java" Intrnl_Id="168">
<BasicBoolTerm Intrnl_Id="169">
<LocList>
<Loc EndOffset="8115" SrcFileId="1" StartOffset="8102"/>
</LocList>
</BasicBoolTerm>
</RootTerm>
</CondStmnt>
</StmntSeq>
</HierarchyLvl>
<HierarchyLvl HierarchyLvlId="1912" HierarchyLvlTypeId="8" Intrnl_Id="170" Name="createAdvicePanel">
<Header>
<Loc EndOffset="8703" SrcFileId="1" StartOffset="8652"/>
</Header>
<LocList>
<Loc EndOffset="9254" SrcFileId="1" StartOffset="8652"/>
</LocList>
<StmntSeq Intrnl_Id="171">
<LocList>
<Loc EndOffset="8732" SrcFileId="1" StartOffset="8717"/>
<Loc EndOffset="8969" SrcFileId="1" StartOffset="8968"/>
<Loc EndOffset="9015" SrcFileId="1" StartOffset="8982"/>
<Loc EndOffset="9073" SrcFileId="1" StartOffset="9028"/>
<Loc EndOffset="9191" SrcFileId="1" StartOffset="9144"/>
<Loc EndOffset="9222" SrcFileId="1" StartOffset="9204"/>
<Loc EndOffset="9248" SrcFileId="1" StartOffset="9235"/>
</LocList>
<BasicStmnt CovItemId="S66" CovItemPrefix="cabra.Utils.java" Intrnl_Id="172">
<LocList>
<Loc EndOffset="8732" SrcFileId="1" StartOffset="8717"/>
<Loc EndOffset="8969" SrcFileId="1" StartOffset="8968"/>
</LocList>
</BasicStmnt>
<BasicStmnt CovItemId="S69" CovItemPrefix="cabra.Utils.java" Intrnl_Id="173">
<LocList>
<Loc EndOffset="9015" SrcFileId="1" StartOffset="8982"/>
</LocList>
</BasicStmnt>
<BasicStmnt CovItemId="S70" CovItemPrefix="cabra.Utils.java" Intrnl_Id="174">
<LocList>
<Loc EndOffset="9073" SrcFileId="1" StartOffset="9028"/>
</LocList>
</BasicStmnt>
<BasicStmnt CovItemId="S71" CovItemPrefix="cabra.Utils.java" Intrnl_Id="175">
<LocList>
<Loc EndOffset="9191" SrcFileId="1" StartOffset="9144"/>
</LocList>
</BasicStmnt>
<BasicStmnt CovItemId="S72" CovItemPrefix="cabra.Utils.java" Intrnl_Id="176">
<LocList>
<Loc EndOffset="9222" SrcFileId="1" StartOffset="9204"/>
</LocList>
</BasicStmnt>
<BasicStmnt CovItemId="S73" CovItemPrefix="cabra.Utils.java" Intrnl_Id="177">
<LocList>
<Loc EndOffset="9248" SrcFileId="1" StartOffset="9235"/>
</LocList>
</BasicStmnt>
</StmntSeq>
<HierarchyLvl HierarchyLvlId="1911" HierarchyLvlTypeId="10" Intrnl_Id="178" Name="JPanel">
<Header>
<Loc EndOffset="8749" SrcFileId="1" StartOffset="8736"/>
</Header>
<LocList>
<Loc EndOffset="8968" SrcFileId="1" StartOffset="8732"/>
</LocList>
<HierarchyLvl HierarchyLvlId="1910" HierarchyLvlTypeId="8" Intrnl_Id="179" Name="paintComponent">
<Header>
<Loc EndOffset="8831" SrcFileId="1" StartOffset="8763"/>
</Header>
<LocList>
<Loc EndOffset="8954" SrcFileId="1" StartOffset="8763"/>
</LocList>
<StmntSeq Intrnl_Id="180">
<LocList>
<Loc EndOffset="8881" SrcFileId="1" StartOffset="8857"/>
<Loc EndOffset="8932" SrcFileId="1" StartOffset="8906"/>
</LocList>
<BasicStmnt CovItemId="S67" CovItemPrefix="cabra.Utils.java" Intrnl_Id="181">
<LocList>
<Loc EndOffset="8881" SrcFileId="1" StartOffset="8857"/>
</LocList>
</BasicStmnt>
<BasicStmnt CovItemId="S68" CovItemPrefix="cabra.Utils.java" Intrnl_Id="182">
<LocList>
<Loc EndOffset="8932" SrcFileId="1" StartOffset="8906"/>
</LocList>
</BasicStmnt>
</StmntSeq>
</HierarchyLvl>
</HierarchyLvl>
</HierarchyLvl>
<HierarchyLvl HierarchyLvlId="1913" HierarchyLvlTypeId="8" Intrnl_Id="183" Name="browse">
<Header>
<Loc EndOffset="9412" SrcFileId="1" StartOffset="9375"/>
</Header>
<LocList>
<Loc EndOffset="9962" SrcFileId="1" StartOffset="9375"/>
</LocList>
<StmntSeq Intrnl_Id="184">
<LocList>
<Loc EndOffset="9444" SrcFileId="1" StartOffset="9421"/>
<Loc EndOffset="9476" SrcFileId="1" StartOffset="9452"/>
<Loc EndOffset="9541" SrcFileId="1" StartOffset="9484"/>
<Loc EndOffset="9593" SrcFileId="1" StartOffset="9565"/>
<Loc EndOffset="9625" SrcFileId="1" StartOffset="9605"/>
<Loc EndOffset="9942" SrcFileId="1" StartOffset="9549"/>
</LocList>
<BasicStmnt CovItemId="S74" CovItemPrefix="cabra.Utils.java" Intrnl_Id="185">
<LocList>
<Loc EndOffset="9444" SrcFileId="1" StartOffset="9421"/>
</LocList>
</BasicStmnt>
<BasicStmnt CovItemId="S75" CovItemPrefix="cabra.Utils.java" Intrnl_Id="186">
<LocList>
<Loc EndOffset="9476" SrcFileId="1" StartOffset="9452"/>
</LocList>
</BasicStmnt>
<BasicStmnt CovItemId="S76" CovItemPrefix="cabra.Utils.java" Intrnl_Id="187">
<LocList>
<Loc EndOffset="9541" SrcFileId="1" StartOffset="9484"/>
</LocList>
</BasicStmnt>
<BasicStmnt CovItemId="S78" CovItemPrefix="cabra.Utils.java" Intrnl_Id="188">
<LocList>
<Loc EndOffset="9593" SrcFileId="1" StartOffset="9565"/>
</LocList>
</BasicStmnt>
<BasicStmnt CovItemId="S79" CovItemPrefix="cabra.Utils.java" Intrnl_Id="189">
<LocList>
<Loc EndOffset="9625" SrcFileId="1" StartOffset="9605"/>
</LocList>
</BasicStmnt>
<CondStmnt CovItemId="S77" CovItemPrefix="cabra.Utils.java" Intrnl_Id="190">
<Branch CovItemId="B15" CovItemPrefix="cabra.Utils.java" Implct="true" Intrnl_Id="191">
<Cond/>
<LocList/>
<StmntSeq Intrnl_Id="192">
<LocList/>
</StmntSeq>
</Branch>
<Branch CovItemId="B16" CovItemPrefix="cabra.Utils.java" Implct="false" Intrnl_Id="193">
<Cond>
<Loc EndOffset="9671" SrcFileId="1" StartOffset="9642"/>
</Cond>
<LocList>
<Loc EndOffset="9777" SrcFileId="1" StartOffset="9671"/>
</LocList>
<StmntSeq Intrnl_Id="194">
<LocList>
<Loc EndOffset="9768" SrcFileId="1" StartOffset="9706"/>
</LocList>
<BasicStmnt CovItemId="S80" CovItemPrefix="cabra.Utils.java" Intrnl_Id="195">
<LocList>
<Loc EndOffset="9768" SrcFileId="1" StartOffset="9706"/>
</LocList>
</BasicStmnt>
</StmntSeq>
</Branch>
<Branch CovItemId="B17" CovItemPrefix="cabra.Utils.java" Implct="false" Intrnl_Id="196">
<Cond>
<Loc EndOffset="9822" SrcFileId="1" StartOffset="9785"/>
</Cond>
<LocList>
<Loc EndOffset="9942" SrcFileId="1" StartOffset="9822"/>
</LocList>
<StmntSeq Intrnl_Id="197">
<LocList>
<Loc EndOffset="9933" SrcFileId="1" StartOffset="9873"/>
</LocList>
<BasicStmnt CovItemId="S81" CovItemPrefix="cabra.Utils.java" Intrnl_Id="198">
<LocList>
<Loc EndOffset="9933" SrcFileId="1" StartOffset="9873"/>
</LocList>
</BasicStmnt>
</StmntSeq>
</Branch>
<Keyword EndOffset="9552" SrcFileId="1" StartOffset="9549"/>
<LocList>
<Loc EndOffset="9942" SrcFileId="1" StartOffset="9549"/>
</LocList>
</CondStmnt>
</StmntSeq>
</HierarchyLvl>
<HierarchyLvl HierarchyLvlId="1916" HierarchyLvlTypeId="8" Intrnl_Id="199" Name="createEditorPane">
<Header>
<Loc EndOffset="10250" SrcFileId="1" StartOffset="10174"/>
</Header>
<LocList>
<Loc EndOffset="11854" SrcFileId="1" StartOffset="10174"/>
</LocList>
<StmntSeq Intrnl_Id="200">
<LocList>
<Loc EndOffset="10331" SrcFileId="1" StartOffset="10288"/>
<Loc EndOffset="10370" SrcFileId="1" StartOffset="10340"/>
<Loc EndOffset="10426" SrcFileId="1" StartOffset="10379"/>
<Loc EndOffset="10490" SrcFileId="1" StartOffset="10466"/>
<Loc EndOffset="10549" SrcFileId="1" StartOffset="10517"/>
<Loc EndOffset="10689" SrcFileId="1" StartOffset="10500"/>
<Loc EndOffset="10962" SrcFileId="1" StartOffset="10698"/>
<Loc EndOffset="11032" SrcFileId="1" StartOffset="11000"/>
<Loc EndOffset="11300" SrcFileId="1" StartOffset="11298"/>
<Loc EndOffset="11398" SrcFileId="1" StartOffset="11345"/>
<Loc EndOffset="11484" SrcFileId="1" StartOffset="11407"/>
<Loc EndOffset="11577" SrcFileId="1" StartOffset="11493"/>
<Loc EndOffset="11725" SrcFileId="1" StartOffset="11670"/>
<Loc EndOffset="11756" SrcFileId="1" StartOffset="11734"/>
<Loc EndOffset="11826" SrcFileId="1" StartOffset="11765"/>
<Loc EndOffset="11848" SrcFileId="1" StartOffset="11835"/>
</LocList>
<BasicStmnt CovItemId="S82" CovItemPrefix="cabra.Utils.java" Intrnl_Id="201">
<LocList>
<Loc EndOffset="10331" SrcFileId="1" StartOffset="10288"/>
</LocList>
</BasicStmnt>
<BasicStmnt CovItemId="S83" CovItemPrefix="cabra.Utils.java" Intrnl_Id="202">
<LocList>
<Loc EndOffset="10370" SrcFileId="1" StartOffset="10340"/>
</LocList>
</BasicStmnt>
<BasicStmnt CovItemId="S84" CovItemPrefix="cabra.Utils.java" Intrnl_Id="203">
<LocList>
<Loc EndOffset="10426" SrcFileId="1" StartOffset="10379"/>
</LocList>
</BasicStmnt>
<BasicStmnt CovItemId="S85" CovItemPrefix="cabra.Utils.java" Intrnl_Id="204">
<LocList>
<Loc EndOffset="10490" SrcFileId="1" StartOffset="10466"/>
</LocList>
</BasicStmnt>
<BasicStmnt CovItemId="S87" CovItemPrefix="cabra.Utils.java" Intrnl_Id="205">
<LocList>
<Loc EndOffset="10549" SrcFileId="1" StartOffset="10517"/>
</LocList>
</BasicStmnt>
<CondStmnt CovItemId="S86" CovItemPrefix="cabra.Utils.java" Intrnl_Id="206">
<Branch CovItemId="B18" CovItemPrefix="cabra.Utils.java" Implct="true" Intrnl_Id="207">
<Cond/>
<LocList/>
<StmntSeq Intrnl_Id="208">
<LocList/>
</StmntSeq>
</Branch>
<Branch CovItemId="B19" CovItemPrefix="cabra.Utils.java" Implct="false" Intrnl_Id="209">
<Cond>
<Loc EndOffset="10607" SrcFileId="1" StartOffset="10568"/>
</Cond>
<LocList>
<Loc EndOffset="10689" SrcFileId="1" StartOffset="10607"/>
</LocList>
<StmntSeq Intrnl_Id="210">
<LocList>
<Loc EndOffset="10679" SrcFileId="1" StartOffset="10643"/>
</LocList>
<BasicStmnt CovItemId="S88" CovItemPrefix="cabra.Utils.java" Intrnl_Id="211">
<LocList>
<Loc EndOffset="10679" SrcFileId="1" StartOffset="10643"/>
</LocList>
</BasicStmnt>
</StmntSeq>
</Branch>
<Keyword EndOffset="10503" SrcFileId="1" StartOffset="10500"/>
<LocList>
<Loc EndOffset="10689" SrcFileId="1" StartOffset="10500"/>
</LocList>
</CondStmnt>
<CondStmnt CovItemId="S89" CovItemPrefix="cabra.Utils.java" Intrnl_Id="212">
<Branch CovItemId="B20" CovItemPrefix="cabra.Utils.java" Implct="false" Intrnl_Id="213">
<Cond/>
<LocList>
<Loc EndOffset="10962" SrcFileId="1" StartOffset="10713"/>
</LocList>
<StmntSeq Intrnl_Id="214">
<LocList>
<Loc EndOffset="10772" SrcFileId="1" StartOffset="10748"/>
<Loc EndOffset="10952" SrcFileId="1" StartOffset="10727"/>
</LocList>
<BasicStmnt CovItemId="S91" CovItemPrefix="cabra.Utils.java" Intrnl_Id="215">
<LocList>
<Loc EndOffset="10772" SrcFileId="1" StartOffset="10748"/>
</LocList>
</BasicStmnt>
<CondStmnt CovItemId="S90" CovItemPrefix="cabra.Utils.java" Intrnl_Id="216">
<Branch CovItemId="B22" CovItemPrefix="cabra.Utils.java" Implct="true" Intrnl_Id="217">
<Cond/>
<LocList/>
<StmntSeq Intrnl_Id="218">
<LocList/>
</StmntSeq>
</Branch>
<Branch CovItemId="B23" CovItemPrefix="cabra.Utils.java" Implct="false" Intrnl_Id="219">
<Cond>
<Loc EndOffset="10828" SrcFileId="1" StartOffset="10799"/>
</Cond>
<LocList>
<Loc EndOffset="10952" SrcFileId="1" StartOffset="10828"/>
</LocList>
<StmntSeq Intrnl_Id="220">
<LocList/>
</StmntSeq>
</Branch>
<Keyword EndOffset="10730" SrcFileId="1" StartOffset="10727"/>
<LocList>
<Loc EndOffset="10952" SrcFileId="1" StartOffset="10727"/>
</LocList>
</CondStmnt>
</StmntSeq>
</Branch>
<Branch CovItemId="B21" CovItemPrefix="cabra.Utils.java" Implct="true" Intrnl_Id="221">
<Cond/>
<LocList/>
<StmntSeq Intrnl_Id="222">
<LocList/>
</StmntSeq>
</Branch>
<Keyword EndOffset="10700" SrcFileId="1" StartOffset="10698"/>
<LocList>
<Loc EndOffset="10962" SrcFileId="1" StartOffset="10698"/>
</LocList>
<RootTerm CovItemId="C10" CovItemPrefix="cabra.Utils.java" Intrnl_Id="223">
<BasicBoolTerm Intrnl_Id="224">
<LocList>
<Loc EndOffset="10712" SrcFileId="1" StartOffset="10701"/>
</LocList>
</BasicBoolTerm>
</RootTerm>
</CondStmnt>
<BasicStmnt CovItemId="S92" CovItemPrefix="cabra.Utils.java" Intrnl_Id="225">
<LocList>
<Loc EndOffset="11032" SrcFileId="1" StartOffset="11000"/>
<Loc EndOffset="11300" SrcFileId="1" StartOffset="11298"/>
</LocList>
</BasicStmnt>
<BasicStmnt CovItemId="S95" CovItemPrefix="cabra.Utils.java" Intrnl_Id="226">
<LocList>
<Loc EndOffset="11398" SrcFileId="1" StartOffset="11345"/>
</LocList>
</BasicStmnt>
<BasicStmnt CovItemId="S96" CovItemPrefix="cabra.Utils.java" Intrnl_Id="227">
<LocList>
<Loc EndOffset="11484" SrcFileId="1" StartOffset="11407"/>
</LocList>
</BasicStmnt>
<BasicStmnt CovItemId="S97" CovItemPrefix="cabra.Utils.java" Intrnl_Id="228">
<LocList>
<Loc EndOffset="11577" SrcFileId="1" StartOffset="11493"/>
</LocList>
</BasicStmnt>
<BasicStmnt CovItemId="S98" CovItemPrefix="cabra.Utils.java" Intrnl_Id="229">
<LocList>
<Loc EndOffset="11725" SrcFileId="1" StartOffset="11670"/>
</LocList>
</BasicStmnt>
<BasicStmnt CovItemId="S99" CovItemPrefix="cabra.Utils.java" Intrnl_Id="230">
<LocList>
<Loc EndOffset="11756" SrcFileId="1" StartOffset="11734"/>
</LocList>
</BasicStmnt>
<BasicStmnt CovItemId="S100" CovItemPrefix="cabra.Utils.java" Intrnl_Id="231">
<LocList>
<Loc EndOffset="11826" SrcFileId="1" StartOffset="11765"/>
</LocList>
</BasicStmnt>
<BasicStmnt CovItemId="S101" CovItemPrefix="cabra.Utils.java" Intrnl_Id="232">
<LocList>
<Loc EndOffset="11848" SrcFileId="1" StartOffset="11835"/>
</LocList>
</BasicStmnt>
</StmntSeq>
<HierarchyLvl HierarchyLvlId="1915" HierarchyLvlTypeId="10" Intrnl_Id="233" Name="HyperlinkListener">
<Header>
<Loc EndOffset="11055" SrcFileId="1" StartOffset="11036"/>
</Header>
<LocList>
<Loc EndOffset="11298" SrcFileId="1" StartOffset="11032"/>
</LocList>
<HierarchyLvl HierarchyLvlId="1914" HierarchyLvlTypeId="8" Intrnl_Id="234" Name="hyperlinkUpdate">
<Header>
<Loc EndOffset="11117" SrcFileId="1" StartOffset="11070"/>
</Header>
<LocList>
<Loc EndOffset="11288" SrcFileId="1" StartOffset="11070"/>
</LocList>
<StmntSeq Intrnl_Id="235">
<LocList>
<Loc EndOffset="11274" SrcFileId="1" StartOffset="11136"/>
</LocList>
<CondStmnt CovItemId="S93" CovItemPrefix="cabra.Utils.java" Intrnl_Id="236">
<Branch CovItemId="B24" CovItemPrefix="cabra.Utils.java" Implct="false" Intrnl_Id="237">
<Cond/>
<LocList>
<Loc EndOffset="11274" SrcFileId="1" StartOffset="11196"/>
</LocList>
<StmntSeq Intrnl_Id="238">
<LocList>
<Loc EndOffset="11256" SrcFileId="1" StartOffset="11218"/>
</LocList>
<BasicStmnt CovItemId="S94" CovItemPrefix="cabra.Utils.java" Intrnl_Id="239">
<LocList>
<Loc EndOffset="11256" SrcFileId="1" StartOffset="11218"/>
</LocList>
</BasicStmnt>
</StmntSeq>
</Branch>
<Branch CovItemId="B25" CovItemPrefix="cabra.Utils.java" Implct="true" Intrnl_Id="240">
<Cond/>
<LocList/>
<StmntSeq Intrnl_Id="241">
<LocList/>
</StmntSeq>
</Branch>
<Keyword EndOffset="11138" SrcFileId="1" StartOffset="11136"/>
<LocList>
<Loc EndOffset="11274" SrcFileId="1" StartOffset="11136"/>
</LocList>
<RootTerm CovItemId="C11" CovItemPrefix="cabra.Utils.java" Intrnl_Id="242">
<BasicBoolTerm Intrnl_Id="243">
<LocList>
<Loc EndOffset="11195" SrcFileId="1" StartOffset="11139"/>
</LocList>
</BasicBoolTerm>
</RootTerm>
</CondStmnt>
</StmntSeq>
</HierarchyLvl>
</HierarchyLvl>
</HierarchyLvl>
<HierarchyLvl HierarchyLvlId="1917" HierarchyLvlTypeId="8" Intrnl_Id="244" Name="openURLinDialog">
<Header>
<Loc EndOffset="12259" SrcFileId="1" StartOffset="12168"/>
</Header>
<LocList>
<Loc EndOffset="12333" SrcFileId="1" StartOffset="12168"/>
</LocList>
<StmntSeq Intrnl_Id="245">
<LocList>
<Loc EndOffset="12327" SrcFileId="1" StartOffset="12269"/>
</LocList>
<BasicStmnt CovItemId="S102" CovItemPrefix="cabra.Utils.java" Intrnl_Id="246">
<LocList>
<Loc EndOffset="12327" SrcFileId="1" StartOffset="12269"/>
</LocList>
</BasicStmnt>
</StmntSeq>
</HierarchyLvl>
<HierarchyLvl HierarchyLvlId="1918" HierarchyLvlTypeId="8" Intrnl_Id="247" Name="openURLinDialog">
<Header>
<Loc EndOffset="12819" SrcFileId="1" StartOffset="12710"/>
</Header>
<LocList>
<Loc EndOffset="13426" SrcFileId="1" StartOffset="12710"/>
</LocList>
<StmntSeq Intrnl_Id="248">
<LocList>
<Loc EndOffset="12890" SrcFileId="1" StartOffset="12868"/>
<Loc EndOffset="12930" SrcFileId="1" StartOffset="12907"/>
<Loc EndOffset="12993" SrcFileId="1" StartOffset="12939"/>
<Loc EndOffset="13076" SrcFileId="1" StartOffset="13040"/>
<Loc EndOffset="13108" SrcFileId="1" StartOffset="13085"/>
<Loc EndOffset="13179" SrcFileId="1" StartOffset="13117"/>
<Loc EndOffset="13219" SrcFileId="1" StartOffset="13188"/>
<Loc EndOffset="13242" SrcFileId="1" StartOffset="13228"/>
<Loc EndOffset="13278" SrcFileId="1" StartOffset="13251"/>
<Loc EndOffset="13309" SrcFileId="1" StartOffset="13287"/>
<Loc EndOffset="13354" SrcFileId="1" StartOffset="13318"/>
<Loc EndOffset="13420" SrcFileId="1" StartOffset="13393"/>
</LocList>
<BasicStmnt CovItemId="S103" CovItemPrefix="cabra.Utils.java" Intrnl_Id="249">
<LocList>
<Loc EndOffset="12890" SrcFileId="1" StartOffset="12868"/>
</LocList>
</BasicStmnt>
<BasicStmnt CovItemId="S104" CovItemPrefix="cabra.Utils.java" Intrnl_Id="250">
<LocList>
<Loc EndOffset="12930" SrcFileId="1" StartOffset="12907"/>
</LocList>
</BasicStmnt>
<BasicStmnt CovItemId="S105" CovItemPrefix="cabra.Utils.java" Intrnl_Id="251">
<LocList>
<Loc EndOffset="12993" SrcFileId="1" StartOffset="12939"/>
</LocList>
</BasicStmnt>
<BasicStmnt CovItemId="S106" CovItemPrefix="cabra.Utils.java" Intrnl_Id="252">
<LocList>
<Loc EndOffset="13076" SrcFileId="1" StartOffset="13040"/>
</LocList>
</BasicStmnt>
<BasicStmnt CovItemId="S107" CovItemPrefix="cabra.Utils.java" Intrnl_Id="253">
<LocList>
<Loc EndOffset="13108" SrcFileId="1" StartOffset="13085"/>
</LocList>
</BasicStmnt>
<BasicStmnt CovItemId="S108" CovItemPrefix="cabra.Utils.java" Intrnl_Id="254">
<LocList>
<Loc EndOffset="13179" SrcFileId="1" StartOffset="13117"/>
</LocList>
</BasicStmnt>
<BasicStmnt CovItemId="S109" CovItemPrefix="cabra.Utils.java" Intrnl_Id="255">
<LocList>
<Loc EndOffset="13219" SrcFileId="1" StartOffset="13188"/>
</LocList>
</BasicStmnt>
<BasicStmnt CovItemId="S110" CovItemPrefix="cabra.Utils.java" Intrnl_Id="256">
<LocList>
<Loc EndOffset="13242" SrcFileId="1" StartOffset="13228"/>
</LocList>
</BasicStmnt>
<BasicStmnt CovItemId="S111" CovItemPrefix="cabra.Utils.java" Intrnl_Id="257">
<LocList>
<Loc EndOffset="13278" SrcFileId="1" StartOffset="13251"/>
</LocList>
</BasicStmnt>
<BasicStmnt CovItemId="S112" CovItemPrefix="cabra.Utils.java" Intrnl_Id="258">
<LocList>
<Loc EndOffset="13309" SrcFileId="1" StartOffset="13287"/>
</LocList>
</BasicStmnt>
<BasicStmnt CovItemId="S113" CovItemPrefix="cabra.Utils.java" Intrnl_Id="259">
<LocList>
<Loc EndOffset="13354" SrcFileId="1" StartOffset="13318"/>
</LocList>
</BasicStmnt>
<BasicStmnt CovItemId="S114" CovItemPrefix="cabra.Utils.java" Intrnl_Id="260">
<LocList>
<Loc EndOffset="13420" SrcFileId="1" StartOffset="13393"/>
</LocList>
</BasicStmnt>
</StmntSeq>
</HierarchyLvl>
<HierarchyLvl HierarchyLvlId="1919" HierarchyLvlTypeId="8" Intrnl_Id="261" Name="changeFrameLocation">
<Header>
<Loc EndOffset="13725" SrcFileId="1" StartOffset="13656"/>
</Header>
<LocList>
<Loc EndOffset="13975" SrcFileId="1" StartOffset="13656"/>
</LocList>
<StmntSeq Intrnl_Id="262">
<LocList>
<Loc EndOffset="13772" SrcFileId="1" StartOffset="13735"/>
<Loc EndOffset="13905" SrcFileId="1" StartOffset="13880"/>
<Loc EndOffset="13969" SrcFileId="1" StartOffset="13941"/>
</LocList>
<BasicStmnt CovItemId="S115" CovItemPrefix="cabra.Utils.java" Intrnl_Id="263">
<LocList>
<Loc EndOffset="13772" SrcFileId="1" StartOffset="13735"/>
</LocList>
</BasicStmnt>
<BasicStmnt CovItemId="S116" CovItemPrefix="cabra.Utils.java" Intrnl_Id="264">
<LocList>
<Loc EndOffset="13905" SrcFileId="1" StartOffset="13880"/>
</LocList>
</BasicStmnt>
<BasicStmnt CovItemId="S117" CovItemPrefix="cabra.Utils.java" Intrnl_Id="265">
<LocList>
<Loc EndOffset="13969" SrcFileId="1" StartOffset="13941"/>
</LocList>
</BasicStmnt>
</StmntSeq>
</HierarchyLvl>
<HierarchyLvl HierarchyLvlId="1920" HierarchyLvlTypeId="8" Intrnl_Id="266" Name="centerComponent">
<Header>
<Loc EndOffset="14219" SrcFileId="1" StartOffset="14148"/>
</Header>
<LocList>
<Loc EndOffset="14904" SrcFileId="1" StartOffset="14148"/>
</LocList>
<StmntSeq Intrnl_Id="267">
<LocList>
<Loc EndOffset="14349" SrcFileId="1" StartOffset="14287"/>
<Loc EndOffset="14423" SrcFileId="1" StartOffset="14358"/>
<Loc EndOffset="14649" SrcFileId="1" StartOffset="14612"/>
<Loc EndOffset="14695" SrcFileId="1" StartOffset="14658"/>
<Loc EndOffset="14788" SrcFileId="1" StartOffset="14751"/>
<Loc EndOffset="14832" SrcFileId="1" StartOffset="14797"/>
<Loc EndOffset="14898" SrcFileId="1" StartOffset="14850"/>
</LocList>
<BasicStmnt CovItemId="S118" CovItemPrefix="cabra.Utils.java" Intrnl_Id="268">
<LocList>
<Loc EndOffset="14349" SrcFileId="1" StartOffset="14287"/>
</LocList>
</BasicStmnt>
<BasicStmnt CovItemId="S119" CovItemPrefix="cabra.Utils.java" Intrnl_Id="269">
<LocList>
<Loc EndOffset="14423" SrcFileId="1" StartOffset="14358"/>
</LocList>
</BasicStmnt>
<BasicStmnt CovItemId="S120" CovItemPrefix="cabra.Utils.java" Intrnl_Id="270">
<LocList>
<Loc EndOffset="14649" SrcFileId="1" StartOffset="14612"/>
</LocList>
</BasicStmnt>
<BasicStmnt CovItemId="S121" CovItemPrefix="cabra.Utils.java" Intrnl_Id="271">
<LocList>
<Loc EndOffset="14695" SrcFileId="1" StartOffset="14658"/>
</LocList>
</BasicStmnt>
<BasicStmnt CovItemId="S122" CovItemPrefix="cabra.Utils.java" Intrnl_Id="272">
<LocList>
<Loc EndOffset="14788" SrcFileId="1" StartOffset="14751"/>
</LocList>
</BasicStmnt>
<BasicStmnt CovItemId="S123" CovItemPrefix="cabra.Utils.java" Intrnl_Id="273">
<LocList>
<Loc EndOffset="14832" SrcFileId="1" StartOffset="14797"/>
</LocList>
</BasicStmnt>
<BasicStmnt CovItemId="S124" CovItemPrefix="cabra.Utils.java" Intrnl_Id="274">
<LocList>
<Loc EndOffset="14898" SrcFileId="1" StartOffset="14850"/>
</LocList>
</BasicStmnt>
</StmntSeq>
</HierarchyLvl>
<HierarchyLvl HierarchyLvlId="1921" HierarchyLvlTypeId="8" Intrnl_Id="275" Name="centerOnScreen">
<Header>
<Loc EndOffset="15106" SrcFileId="1" StartOffset="15052"/>
</Header>
<LocList>
<Loc EndOffset="15656" SrcFileId="1" StartOffset="15052"/>
</LocList>
<StmntSeq Intrnl_Id="276">
<LocList>
<Loc EndOffset="15175" SrcFileId="1" StartOffset="15120"/>
<Loc EndOffset="15235" SrcFileId="1" StartOffset="15188"/>
<Loc EndOffset="15293" SrcFileId="1" StartOffset="15248"/>
<Loc EndOffset="15353" SrcFileId="1" StartOffset="15306"/>
<Loc EndOffset="15409" SrcFileId="1" StartOffset="15367"/>
<Loc EndOffset="15466" SrcFileId="1" StartOffset="15422"/>
<Loc EndOffset="15527" SrcFileId="1" StartOffset="15480"/>
<Loc EndOffset="15586" SrcFileId="1" StartOffset="15540"/>
<Loc EndOffset="15648" SrcFileId="1" StartOffset="15600"/>
</LocList>
<BasicStmnt CovItemId="S125" CovItemPrefix="cabra.Utils.java" Intrnl_Id="277">
<LocList>
<Loc EndOffset="15175" SrcFileId="1" StartOffset="15120"/>
</LocList>
</BasicStmnt>
<BasicStmnt CovItemId="S126" CovItemPrefix="cabra.Utils.java" Intrnl_Id="278">
<LocList>
<Loc EndOffset="15235" SrcFileId="1" StartOffset="15188"/>
</LocList>
</BasicStmnt>
<BasicStmnt CovItemId="S127" CovItemPrefix="cabra.Utils.java" Intrnl_Id="279">
<LocList>
<Loc EndOffset="15293" SrcFileId="1" StartOffset="15248"/>
</LocList>
</BasicStmnt>
<BasicStmnt CovItemId="S128" CovItemPrefix="cabra.Utils.java" Intrnl_Id="280">
<LocList>
<Loc EndOffset="15353" SrcFileId="1" StartOffset="15306"/>
</LocList>
</BasicStmnt>
<BasicStmnt CovItemId="S129" CovItemPrefix="cabra.Utils.java" Intrnl_Id="281">
<LocList>
<Loc EndOffset="15409" SrcFileId="1" StartOffset="15367"/>
</LocList>
</BasicStmnt>
<BasicStmnt CovItemId="S130" CovItemPrefix="cabra.Utils.java" Intrnl_Id="282">
<LocList>
<Loc EndOffset="15466" SrcFileId="1" StartOffset="15422"/>
</LocList>
</BasicStmnt>
<BasicStmnt CovItemId="S131" CovItemPrefix="cabra.Utils.java" Intrnl_Id="283">
<LocList>
<Loc EndOffset="15527" SrcFileId="1" StartOffset="15480"/>
</LocList>
</BasicStmnt>
<BasicStmnt CovItemId="S132" CovItemPrefix="cabra.Utils.java" Intrnl_Id="284">
<LocList>
<Loc EndOffset="15586" SrcFileId="1" StartOffset="15540"/>
</LocList>
</BasicStmnt>
<BasicStmnt CovItemId="S133" CovItemPrefix="cabra.Utils.java" Intrnl_Id="285">
<LocList>
<Loc EndOffset="15648" SrcFileId="1" StartOffset="15600"/>
</LocList>
</BasicStmnt>
</StmntSeq>
</HierarchyLvl>
<HierarchyLvl HierarchyLvlId="1922" HierarchyLvlTypeId="8" Intrnl_Id="286" Name="drawEmblem">
<Header>
<Loc EndOffset="16000" SrcFileId="1" StartOffset="15937"/>
</Header>
<LocList>
<Loc EndOffset="16921" SrcFileId="1" StartOffset="15937"/>
</LocList>
<StmntSeq Intrnl_Id="287">
<LocList>
<Loc EndOffset="16061" SrcFileId="1" StartOffset="16014"/>
<Loc EndOffset="16162" SrcFileId="1" StartOffset="16074"/>
<Loc EndOffset="16383" SrcFileId="1" StartOffset="16345"/>
<Loc EndOffset="16436" SrcFileId="1" StartOffset="16396"/>
<Loc EndOffset="16554" SrcFileId="1" StartOffset="16505"/>
<Loc EndOffset="16646" SrcFileId="1" StartOffset="16595"/>
<Loc EndOffset="16826" SrcFileId="1" StartOffset="16740"/>
</LocList>
<BasicStmnt CovItemId="S134" CovItemPrefix="cabra.Utils.java" Intrnl_Id="288">
<LocList>
<Loc EndOffset="16061" SrcFileId="1" StartOffset="16014"/>
</LocList>
</BasicStmnt>
<BasicStmnt CovItemId="S135" CovItemPrefix="cabra.Utils.java" Intrnl_Id="289">
<LocList>
<Loc EndOffset="16162" SrcFileId="1" StartOffset="16074"/>
</LocList>
</BasicStmnt>
<BasicStmnt CovItemId="S136" CovItemPrefix="cabra.Utils.java" Intrnl_Id="290">
<LocList>
<Loc EndOffset="16383" SrcFileId="1" StartOffset="16345"/>
</LocList>
</BasicStmnt>
<BasicStmnt CovItemId="S137" CovItemPrefix="cabra.Utils.java" Intrnl_Id="291">
<LocList>
<Loc EndOffset="16436" SrcFileId="1" StartOffset="16396"/>
</LocList>
</BasicStmnt>
<BasicStmnt CovItemId="S138" CovItemPrefix="cabra.Utils.java" Intrnl_Id="292">
<LocList>
<Loc EndOffset="16554" SrcFileId="1" StartOffset="16505"/>
</LocList>
</BasicStmnt>
<BasicStmnt CovItemId="S139" CovItemPrefix="cabra.Utils.java" Intrnl_Id="293">
<LocList>
<Loc EndOffset="16646" SrcFileId="1" StartOffset="16595"/>
</LocList>
</BasicStmnt>
<BasicStmnt CovItemId="S140" CovItemPrefix="cabra.Utils.java" Intrnl_Id="294">
<LocList>
<Loc EndOffset="16826" SrcFileId="1" StartOffset="16740"/>
</LocList>
</BasicStmnt>
</StmntSeq>
</HierarchyLvl>
<HierarchyLvl HierarchyLvlId="1923" HierarchyLvlTypeId="8" Intrnl_Id="295" Name="putPanelInDialog">
<Header>
<Loc EndOffset="17585" SrcFileId="1" StartOffset="17447"/>
</Header>
<LocList>
<Loc EndOffset="18121" SrcFileId="1" StartOffset="17447"/>
</LocList>
<StmntSeq Intrnl_Id="296">
<LocList>
<Loc EndOffset="17650" SrcFileId="1" StartOffset="17595"/>
<Loc EndOffset="17711" SrcFileId="1" StartOffset="17693"/>
<Loc EndOffset="17791" SrcFileId="1" StartOffset="17720"/>
<Loc EndOffset="17910" SrcFileId="1" StartOffset="17800"/>
<Loc EndOffset="17946" SrcFileId="1" StartOffset="17919"/>
<Loc EndOffset="18083" SrcFileId="1" StartOffset="17955"/>
<Loc EndOffset="18115" SrcFileId="1" StartOffset="18101"/>
</LocList>
<BasicStmnt CovItemId="S141" CovItemPrefix="cabra.Utils.java" Intrnl_Id="297">
<LocList>
<Loc EndOffset="17650" SrcFileId="1" StartOffset="17595"/>
</LocList>
</BasicStmnt>
<BasicStmnt CovItemId="S142" CovItemPrefix="cabra.Utils.java" Intrnl_Id="298">
<LocList>
<Loc EndOffset="17711" SrcFileId="1" StartOffset="17693"/>
</LocList>
</BasicStmnt>
<BasicStmnt CovItemId="S143" CovItemPrefix="cabra.Utils.java" Intrnl_Id="299">
<LocList>
<Loc EndOffset="17791" SrcFileId="1" StartOffset="17720"/>
</LocList>
</BasicStmnt>
<CondStmnt CovItemId="S144" CovItemPrefix="cabra.Utils.java" Intrnl_Id="300">
<Branch CovItemId="B26" CovItemPrefix="cabra.Utils.java" Implct="false" Intrnl_Id="301">
<Cond/>
<LocList>
<Loc EndOffset="17854" SrcFileId="1" StartOffset="17840"/>
</LocList>
<StmntSeq Intrnl_Id="302">
<LocList>
<Loc EndOffset="17854" SrcFileId="1" StartOffset="17840"/>
</LocList>
<BasicStmnt CovItemId="S145" CovItemPrefix="cabra.Utils.java" Intrnl_Id="303">
<LocList>
<Loc EndOffset="17854" SrcFileId="1" StartOffset="17840"/>
</LocList>
</BasicStmnt>
</StmntSeq>
</Branch>
<Branch CovItemId="B27" CovItemPrefix="cabra.Utils.java" Implct="false" Intrnl_Id="304">
<Cond>
<Loc EndOffset="17867" SrcFileId="1" StartOffset="17863"/>
</Cond>
<LocList>
<Loc EndOffset="17910" SrcFileId="1" StartOffset="17880"/>
</LocList>
<StmntSeq Intrnl_Id="305">
<LocList>
<Loc EndOffset="17910" SrcFileId="1" StartOffset="17880"/>
</LocList>
<BasicStmnt CovItemId="S146" CovItemPrefix="cabra.Utils.java" Intrnl_Id="306">
<LocList>
<Loc EndOffset="17910" SrcFileId="1" StartOffset="17880"/>
</LocList>
</BasicStmnt>
</StmntSeq>
</Branch>
<Keyword EndOffset="17802" SrcFileId="1" StartOffset="17800"/>
<LocList>
<Loc EndOffset="17910" SrcFileId="1" StartOffset="17800"/>
</LocList>
<RootTerm CovItemId="C12" CovItemPrefix="cabra.Utils.java" Intrnl_Id="307">
<OpTerm BooleanOpId="5" Intrnl_Id="308">
<BasicBoolTerm Intrnl_Id="309">
<LocList>
<Loc EndOffset="17812" SrcFileId="1" StartOffset="17803"/>
</LocList>
</BasicBoolTerm>
<BasicBoolTerm Intrnl_Id="310">
<LocList>
<Loc EndOffset="17826" SrcFileId="1" StartOffset="17816"/>
</LocList>
</BasicBoolTerm>
<LocList>
<Loc EndOffset="17815" SrcFileId="1" StartOffset="17813"/>
</LocList>
</OpTerm>
</RootTerm>
</CondStmnt>
<BasicStmnt CovItemId="S147" CovItemPrefix="cabra.Utils.java" Intrnl_Id="311">
<LocList>
<Loc EndOffset="17946" SrcFileId="1" StartOffset="17919"/>
</LocList>
</BasicStmnt>
<CondStmnt CovItemId="S148" CovItemPrefix="cabra.Utils.java" Intrnl_Id="312">
<Branch CovItemId="B28" CovItemPrefix="cabra.Utils.java" Implct="false" Intrnl_Id="313">
<Cond/>
<LocList>
<Loc EndOffset="18022" SrcFileId="1" StartOffset="17985"/>
</LocList>
<StmntSeq Intrnl_Id="314">
<LocList>
<Loc EndOffset="18022" SrcFileId="1" StartOffset="17985"/>
</LocList>
<BasicStmnt CovItemId="S149" CovItemPrefix="cabra.Utils.java" Intrnl_Id="315">
<LocList>
<Loc EndOffset="18022" SrcFileId="1" StartOffset="17985"/>
</LocList>
</BasicStmnt>
</StmntSeq>
</Branch>
<Branch CovItemId="B29" CovItemPrefix="cabra.Utils.java" Implct="false" Intrnl_Id="316">
<Cond>
<Loc EndOffset="18035" SrcFileId="1" StartOffset="18031"/>
</Cond>
<LocList>
<Loc EndOffset="18083" SrcFileId="1" StartOffset="18048"/>
</LocList>
<StmntSeq Intrnl_Id="317">
<LocList>
<Loc EndOffset="18083" SrcFileId="1" StartOffset="18048"/>
</LocList>
<BasicStmnt CovItemId="S150" CovItemPrefix="cabra.Utils.java" Intrnl_Id="318">
<LocList>
<Loc EndOffset="18083" SrcFileId="1" StartOffset="18048"/>
</LocList>
</BasicStmnt>
</StmntSeq>
</Branch>
<Keyword EndOffset="17957" SrcFileId="1" StartOffset="17955"/>
<LocList>
<Loc EndOffset="18083" SrcFileId="1" StartOffset="17955"/>
</LocList>
<RootTerm CovItemId="C13" CovItemPrefix="cabra.Utils.java" Intrnl_Id="319">
<BasicBoolTerm Intrnl_Id="320">
<LocList>
<Loc EndOffset="17971" SrcFileId="1" StartOffset="17958"/>
</LocList>
</BasicBoolTerm>
</RootTerm>
</CondStmnt>
<BasicStmnt CovItemId="S151" CovItemPrefix="cabra.Utils.java" Intrnl_Id="321">
<LocList>
<Loc EndOffset="18115" SrcFileId="1" StartOffset="18101"/>
</LocList>
</BasicStmnt>
</StmntSeq>
</HierarchyLvl>
<HierarchyLvl HierarchyLvlId="1924" HierarchyLvlTypeId="8" Intrnl_Id="322" Name="showDialog">
<Header>
<Loc EndOffset="18446" SrcFileId="1" StartOffset="18373"/>
</Header>
<LocList>
<Loc EndOffset="18512" SrcFileId="1" StartOffset="18373"/>
</LocList>
<StmntSeq Intrnl_Id="323">
<LocList>
<Loc EndOffset="18506" SrcFileId="1" StartOffset="18456"/>
</LocList>
<BasicStmnt CovItemId="S152" CovItemPrefix="cabra.Utils.java" Intrnl_Id="324">
<LocList>
<Loc EndOffset="18506" SrcFileId="1" StartOffset="18456"/>
</LocList>
</BasicStmnt>
</StmntSeq>
</HierarchyLvl>
<HierarchyLvl HierarchyLvlId="1925" HierarchyLvlTypeId="8" Intrnl_Id="325" Name="showDialog">
<Header>
<Loc EndOffset="18861" SrcFileId="1" StartOffset="18771"/>
</Header>
<LocList>
<Loc EndOffset="19213" SrcFileId="1" StartOffset="18771"/>
</LocList>
<StmntSeq Intrnl_Id="326">
<LocList>
<Loc EndOffset="19201" SrcFileId="1" StartOffset="18871"/>
</LocList>
<BasicStmnt CovItemId="S153" CovItemPrefix="cabra.Utils.java" Intrnl_Id="327">
<LocList>
<Loc EndOffset="19201" SrcFileId="1" StartOffset="18871"/>
</LocList>
</BasicStmnt>
</StmntSeq>
</HierarchyLvl>
<HierarchyLvl HierarchyLvlId="1926" HierarchyLvlTypeId="8" Intrnl_Id="328" Name="debug">
<Header>
<Loc EndOffset="19652" SrcFileId="1" StartOffset="19601"/>
</Header>
<LocList>
<Loc EndOffset="20090" SrcFileId="1" StartOffset="19601"/>
</LocList>
<StmntSeq Intrnl_Id="329">
<LocList>
<Loc EndOffset="19682" SrcFileId="1" StartOffset="19662"/>
<Loc EndOffset="19739" SrcFileId="1" StartOffset="19691"/>
<Loc EndOffset="19876" SrcFileId="1" StartOffset="19774"/>
<Loc EndOffset="19971" SrcFileId="1" StartOffset="19885"/>
<Loc EndOffset="20084" SrcFileId="1" StartOffset="19989"/>
</LocList>
<BasicStmnt CovItemId="S154" CovItemPrefix="cabra.Utils.java" Intrnl_Id="330">
<LocList>
<Loc EndOffset="19682" SrcFileId="1" StartOffset="19662"/>
</LocList>
</BasicStmnt>
<BasicStmnt CovItemId="S155" CovItemPrefix="cabra.Utils.java" Intrnl_Id="331">
<LocList>
<Loc EndOffset="19739" SrcFileId="1" StartOffset="19691"/>
</LocList>
</BasicStmnt>
<LoopStmnt CovItemId="S156" CovItemPrefix="cabra.Utils.java" Intrnl_Id="332" MltplExecId="L9-2" MltplExecPrefix="cabra.Utils.java" NvrExecId="L9-0" NvrExecPrefix="cabra.Utils.java" OnceExecutedId="L9-1" OnceExecutedPrefix="cabra.Utils.java" OptBodyExec="true">
<StmntSeq Intrnl_Id="333">
<LocList>
<Loc EndOffset="19866" SrcFileId="1" StartOffset="19834"/>
</LocList>
<BasicStmnt CovItemId="S157" CovItemPrefix="cabra.Utils.java" Intrnl_Id="334">
<LocList>
<Loc EndOffset="19866" SrcFileId="1" StartOffset="19834"/>
</LocList>
</BasicStmnt>
</StmntSeq>
<Keyword EndOffset="19777" SrcFileId="1" StartOffset="19774"/>
<LocList>
<Loc EndOffset="19876" SrcFileId="1" StartOffset="19774"/>
</LocList>
</LoopStmnt>
<BasicStmnt CovItemId="S158" CovItemPrefix="cabra.Utils.java" Intrnl_Id="335">
<LocList>
<Loc EndOffset="19971" SrcFileId="1" StartOffset="19885"/>
</LocList>
</BasicStmnt>
<BasicStmnt CovItemId="S159" CovItemPrefix="cabra.Utils.java" Intrnl_Id="336">
<LocList>
<Loc EndOffset="20084" SrcFileId="1" StartOffset="19989"/>
</LocList>
</BasicStmnt>
</StmntSeq>
</HierarchyLvl>
</HierarchyLvl>
<HierarchyLvl HierarchyLvlId="1955" HierarchyLvlTypeId="7" Intrnl_Id="337" Name="Controller">
<Header>
<Loc EndOffset="389" SrcFileId="2" StartOffset="345"/>
</Header>
<LocList>
<Loc EndOffset="19014" SrcFileId="2" StartOffset="345"/>
</LocList>
<StmntSeq Intrnl_Id="338">
<LocList>
<Loc EndOffset="752" SrcFileId="2" StartOffset="698"/>
</LocList>
<BasicStmnt CovItemId="S1" CovItemPrefix="cabra.Controller.java" Intrnl_Id="339">
<LocList>
<Loc EndOffset="752" SrcFileId="2" StartOffset="698"/>
</LocList>
</BasicStmnt>
</StmntSeq>
<HierarchyLvl HierarchyLvlId="1928" HierarchyLvlTypeId="8" Intrnl_Id="340" Name="Controller">
<Header>
<Loc EndOffset="781" SrcFileId="2" StartOffset="762"/>
</Header>
<LocList>
<Loc EndOffset="6808" SrcFileId="2" StartOffset="762"/>
</LocList>
<StmntSeq Intrnl_Id="341">
<LocList>
<Loc EndOffset="1541" SrcFileId="2" StartOffset="1516"/>
<Loc EndOffset="1839" SrcFileId="2" StartOffset="1608"/>
<Loc EndOffset="1873" SrcFileId="2" StartOffset="1857"/>
<Loc EndOffset="2042" SrcFileId="2" StartOffset="2008"/>
<Loc EndOffset="2645" SrcFileId="2" StartOffset="1991"/>
<Loc EndOffset="2841" SrcFileId="2" StartOffset="2705"/>
<Loc EndOffset="2952" SrcFileId="2" StartOffset="2893"/>
<Loc EndOffset="3045" SrcFileId="2" StartOffset="3014"/>
<Loc EndOffset="3094" SrcFileId="2" StartOffset="3054"/>
<Loc EndOffset="3456" SrcFileId="2" StartOffset="3149"/>
<Loc EndOffset="3532" SrcFileId="2" StartOffset="3466"/>
<Loc EndOffset="3557" SrcFileId="2" StartOffset="3541"/>
<Loc EndOffset="3598" SrcFileId="2" StartOffset="3575"/>
<Loc EndOffset="4107" SrcFileId="2" StartOffset="3646"/>
<Loc EndOffset="4254" SrcFileId="2" StartOffset="4175"/>
<Loc EndOffset="5474" SrcFileId="2" StartOffset="4263"/>
<Loc EndOffset="6065" SrcFileId="2" StartOffset="5605"/>
<Loc EndOffset="6235" SrcFileId="2" StartOffset="6164"/>
<Loc EndOffset="6301" SrcFileId="2" StartOffset="6244"/>
<Loc EndOffset="6390" SrcFileId="2" StartOffset="6310"/>
<Loc EndOffset="6594" SrcFileId="2" StartOffset="6399"/>
<Loc EndOffset="6625" SrcFileId="2" StartOffset="6612"/>
<Loc EndOffset="6648" SrcFileId="2" StartOffset="6634"/>
<Loc EndOffset="6802" SrcFileId="2" StartOffset="1415"/>
</LocList>
<BasicStmnt CovItemId="S3" CovItemPrefix="cabra.Controller.java" Intrnl_Id="342">
<LocList>
<Loc EndOffset="1541" SrcFileId="2" StartOffset="1516"/>
</LocList>
</BasicStmnt>
<CondStmnt CovItemId="S4" CovItemPrefix="cabra.Controller.java" Intrnl_Id="343">
<Branch CovItemId="B2" CovItemPrefix="cabra.Controller.java" Implct="false" Intrnl_Id="344">
<Cond/>
<LocList>
<Loc EndOffset="1839" SrcFileId="2" StartOffset="1657"/>
</LocList>
<StmntSeq Intrnl_Id="345">
<LocList>
<Loc EndOffset="1707" SrcFileId="2" StartOffset="1671"/>
<Loc EndOffset="1829" SrcFileId="2" StartOffset="1813"/>
</LocList>
<BasicStmnt CovItemId="S5" CovItemPrefix="cabra.Controller.java" Intrnl_Id="346">
<LocList>
<Loc EndOffset="1707" SrcFileId="2" StartOffset="1671"/>
</LocList>
</BasicStmnt>
<BasicStmnt CovItemId="S6" CovItemPrefix="cabra.Controller.java" Intrnl_Id="347">
<LocList>
<Loc EndOffset="1829" SrcFileId="2" StartOffset="1813"/>
</LocList>
</BasicStmnt>
</StmntSeq>
</Branch>
<Branch CovItemId="B3" CovItemPrefix="cabra.Controller.java" Implct="true" Intrnl_Id="348">
<Cond/>
<LocList/>
<StmntSeq Intrnl_Id="349">
<LocList/>
</StmntSeq>
</Branch>
<Keyword EndOffset="1610" SrcFileId="2" StartOffset="1608"/>
<LocList>
<Loc EndOffset="1839" SrcFileId="2" StartOffset="1608"/>
</LocList>
<RootTerm CovItemId="C1" CovItemPrefix="cabra.Controller.java" Intrnl_Id="350">
<BasicBoolTerm Intrnl_Id="351">
<LocList>
<Loc EndOffset="1656" SrcFileId="2" StartOffset="1611"/>
</LocList>
</BasicBoolTerm>
</RootTerm>
</CondStmnt>
<BasicStmnt CovItemId="S7" CovItemPrefix="cabra.Controller.java" Intrnl_Id="352">
<LocList>
<Loc EndOffset="1873" SrcFileId="2" StartOffset="1857"/>
</LocList>
</BasicStmnt>
<BasicStmnt CovItemId="S9" CovItemPrefix="cabra.Controller.java" Intrnl_Id="353">
<LocList>
<Loc EndOffset="2042" SrcFileId="2" StartOffset="2008"/>
</LocList>
</BasicStmnt>
<CondStmnt CovItemId="S8" CovItemPrefix="cabra.Controller.java" Intrnl_Id="354">
<Branch CovItemId="B4" CovItemPrefix="cabra.Controller.java" Implct="true" Intrnl_Id="355">
<Cond/>
<LocList/>
<StmntSeq Intrnl_Id="356">
<LocList/>
</StmntSeq>
</Branch>
<Branch CovItemId="B5" CovItemPrefix="cabra.Controller.java" Implct="false" Intrnl_Id="357">
<Cond>
<Loc EndOffset="2093" SrcFileId="2" StartOffset="2061"/>
</Cond>
<LocList>
<Loc EndOffset="2645" SrcFileId="2" StartOffset="2093"/>
</LocList>
<StmntSeq Intrnl_Id="358">
<LocList>
<Loc EndOffset="2438" SrcFileId="2" StartOffset="2276"/>
<Loc EndOffset="2547" SrcFileId="2" StartOffset="2521"/>
<Loc EndOffset="2635" SrcFileId="2" StartOffset="2601"/>
</LocList>
<BasicStmnt CovItemId="S10" CovItemPrefix="cabra.Controller.java" Intrnl_Id="359">
<LocList>
<Loc EndOffset="2438" SrcFileId="2" StartOffset="2276"/>
</LocList>
</BasicStmnt>
<BasicStmnt CovItemId="S11" CovItemPrefix="cabra.Controller.java" Intrnl_Id="360">
<LocList>
<Loc EndOffset="2547" SrcFileId="2" StartOffset="2521"/>
</LocList>
</BasicStmnt>
<BasicStmnt CovItemId="S12" CovItemPrefix="cabra.Controller.java" Intrnl_Id="361">
<LocList>
<Loc EndOffset="2635" SrcFileId="2" StartOffset="2601"/>
</LocList>
</BasicStmnt>
</StmntSeq>
</Branch>
<Keyword EndOffset="1994" SrcFileId="2" StartOffset="1991"/>
<LocList>
<Loc EndOffset="2645" SrcFileId="2" StartOffset="1991"/>
</LocList>
</CondStmnt>
<BasicStmnt CovItemId="S13" CovItemPrefix="cabra.Controller.java" Intrnl_Id="362">
<LocList>
<Loc EndOffset="2841" SrcFileId="2" StartOffset="2705"/>
</LocList>
</BasicStmnt>
<BasicStmnt CovItemId="S14" CovItemPrefix="cabra.Controller.java" Intrnl_Id="363">
<LocList>
<Loc EndOffset="2952" SrcFileId="2" StartOffset="2893"/>
</LocList>
</BasicStmnt>
<BasicStmnt CovItemId="S15" CovItemPrefix="cabra.Controller.java" Intrnl_Id="364">
<LocList>
<Loc EndOffset="3045" SrcFileId="2" StartOffset="3014"/>
</LocList>
</BasicStmnt>
<BasicStmnt CovItemId="S16" CovItemPrefix="cabra.Controller.java" Intrnl_Id="365">
<LocList>
<Loc EndOffset="3094" SrcFileId="2" StartOffset="3054"/>
</LocList>
</BasicStmnt>
<CondStmnt CovItemId="S17" CovItemPrefix="cabra.Controller.java" Intrnl_Id="366">
<Branch CovItemId="B6" CovItemPrefix="cabra.Controller.java" Implct="false" Intrnl_Id="367">
<Cond/>
<LocList>
<Loc EndOffset="3248" SrcFileId="2" StartOffset="3171"/>
</LocList>
<StmntSeq Intrnl_Id="368">
<LocList>
<Loc EndOffset="3238" SrcFileId="2" StartOffset="3217"/>
</LocList>
<BasicStmnt CovItemId="S18" CovItemPrefix="cabra.Controller.java" Intrnl_Id="369">
<LocList>
<Loc EndOffset="3238" SrcFileId="2" StartOffset="3217"/>
</LocList>
</BasicStmnt>
</StmntSeq>
</Branch>
<Branch CovItemId="B7" CovItemPrefix="cabra.Controller.java" Implct="false" Intrnl_Id="370">
<Cond>
<Loc EndOffset="3261" SrcFileId="2" StartOffset="3257"/>
</Cond>
<LocList>
<Loc EndOffset="3456" SrcFileId="2" StartOffset="3261"/>
</LocList>
<StmntSeq Intrnl_Id="371">
<LocList>
<Loc EndOffset="3367" SrcFileId="2" StartOffset="3316"/>
<Loc EndOffset="3446" SrcFileId="2" StartOffset="3410"/>
</LocList>
<BasicStmnt CovItemId="S19" CovItemPrefix="cabra.Controller.java" Intrnl_Id="372">
<LocList>
<Loc EndOffset="3367" SrcFileId="2" StartOffset="3316"/>
</LocList>
</BasicStmnt>
<BasicStmnt CovItemId="S20" CovItemPrefix="cabra.Controller.java" Intrnl_Id="373">
<LocList>
<Loc EndOffset="3446" SrcFileId="2" StartOffset="3410"/>
</LocList>
</BasicStmnt>
</StmntSeq>
</Branch>
<Keyword EndOffset="3151" SrcFileId="2" StartOffset="3149"/>
<LocList>
<Loc EndOffset="3456" SrcFileId="2" StartOffset="3149"/>
</LocList>
<RootTerm CovItemId="C2" CovItemPrefix="cabra.Controller.java" Intrnl_Id="374">
<BasicBoolTerm Intrnl_Id="375">
<LocList>
<Loc EndOffset="3170" SrcFileId="2" StartOffset="3152"/>
</LocList>
</BasicBoolTerm>
</RootTerm>
</CondStmnt>
<BasicStmnt CovItemId="S21" CovItemPrefix="cabra.Controller.java" Intrnl_Id="376">
<LocList>
<Loc EndOffset="3532" SrcFileId="2" StartOffset="3466"/>
</LocList>
</BasicStmnt>
<BasicStmnt CovItemId="S22" CovItemPrefix="cabra.Controller.java" Intrnl_Id="377">
<LocList>
<Loc EndOffset="3557" SrcFileId="2" StartOffset="3541"/>
</LocList>
</BasicStmnt>
<BasicStmnt CovItemId="S23" CovItemPrefix="cabra.Controller.java" Intrnl_Id="378">
<LocList>
<Loc EndOffset="3598" SrcFileId="2" StartOffset="3575"/>
</LocList>
</BasicStmnt>
<CondStmnt CovItemId="S24" CovItemPrefix="cabra.Controller.java" Intrnl_Id="379">
<Branch CovItemId="B8" CovItemPrefix="cabra.Controller.java" Implct="false" Intrnl_Id="380">
<Cond/>
<LocList>
<Loc EndOffset="4107" SrcFileId="2" StartOffset="3658"/>
</LocList>
<StmntSeq Intrnl_Id="381">
<LocList>
<Loc EndOffset="3854" SrcFileId="2" StartOffset="3698"/>
<Loc EndOffset="3978" SrcFileId="2" StartOffset="3933"/>
</LocList>
<BasicStmnt CovItemId="S25" CovItemPrefix="cabra.Controller.java" Intrnl_Id="382">
<LocList>
<Loc EndOffset="3854" SrcFileId="2" StartOffset="3698"/>
</LocList>
</BasicStmnt>
<BasicStmnt CovItemId="S26" CovItemPrefix="cabra.Controller.java" Intrnl_Id="383">
<LocList>
<Loc EndOffset="3978" SrcFileId="2" StartOffset="3933"/>
</LocList>
</BasicStmnt>
</StmntSeq>
</Branch>
<Branch CovItemId="B9" CovItemPrefix="cabra.Controller.java" Implct="true" Intrnl_Id="384">
<Cond/>
<LocList/>
<StmntSeq Intrnl_Id="385">
<LocList/>
</StmntSeq>
</Branch>
<Keyword EndOffset="3648" SrcFileId="2" StartOffset="3646"/>
<LocList>
<Loc EndOffset="4107" SrcFileId="2" StartOffset="3646"/>
</LocList>
<RootTerm CovItemId="C3" CovItemPrefix="cabra.Controller.java" Intrnl_Id="386">
<BasicBoolTerm Intrnl_Id="387">
<LocList>
<Loc EndOffset="3657" SrcFileId="2" StartOffset="3649"/>
</LocList>
</BasicBoolTerm>
</RootTerm>
</CondStmnt>
<BasicStmnt CovItemId="S27" CovItemPrefix="cabra.Controller.java" Intrnl_Id="388">
<LocList>
<Loc EndOffset="4254" SrcFileId="2" StartOffset="4175"/>
</LocList>
</BasicStmnt>
<CondStmnt CovItemId="S28" CovItemPrefix="cabra.Controller.java" Intrnl_Id="389">
<Branch CovItemId="B10" CovItemPrefix="cabra.Controller.java" Implct="false" Intrnl_Id="390">
<Cond/>
<LocList>
<Loc EndOffset="5474" SrcFileId="2" StartOffset="4287"/>
</LocList>
<StmntSeq Intrnl_Id="391">
<LocList>
<Loc EndOffset="4461" SrcFileId="2" StartOffset="4430"/>
<Loc EndOffset="4519" SrcFileId="2" StartOffset="4474"/>
<Loc EndOffset="5260" SrcFileId="2" StartOffset="4574"/>
<Loc EndOffset="5464" SrcFileId="2" StartOffset="5326"/>
</LocList>
<BasicStmnt CovItemId="S29" CovItemPrefix="cabra.Controller.java" Intrnl_Id="392">
<LocList>
<Loc EndOffset="4461" SrcFileId="2" StartOffset="4430"/>
</LocList>
</BasicStmnt>
<BasicStmnt CovItemId="S30" CovItemPrefix="cabra.Controller.java" Intrnl_Id="393">
<LocList>
<Loc EndOffset="4519" SrcFileId="2" StartOffset="4474"/>
</LocList>
</BasicStmnt>
<CondStmnt CovItemId="S31" CovItemPrefix="cabra.Controller.java" Intrnl_Id="394">
<Branch CovItemId="B12" CovItemPrefix="cabra.Controller.java" Implct="false" Intrnl_Id="395">
<Cond/>
<LocList>
<Loc EndOffset="4985" SrcFileId="2" StartOffset="4591"/>
</LocList>
<StmntSeq Intrnl_Id="396">
<LocList/>
</StmntSeq>
</Branch>
<Branch CovItemId="B13" CovItemPrefix="cabra.Controller.java" Implct="false" Intrnl_Id="397">
<Cond>
<Loc EndOffset="5002" SrcFileId="2" StartOffset="4998"/>
</Cond>
<LocList>
<Loc EndOffset="5260" SrcFileId="2" StartOffset="5002"/>
</LocList>
<StmntSeq Intrnl_Id="398">
<LocList/>
</StmntSeq>
</Branch>
<Keyword EndOffset="4576" SrcFileId="2" StartOffset="4574"/>
<LocList>
<Loc EndOffset="5260" SrcFileId="2" StartOffset="4574"/>
</LocList>
<RootTerm CovItemId="C5" CovItemPrefix="cabra.Controller.java" Intrnl_Id="399">
<BasicBoolTerm Intrnl_Id="400">
<LocList>
<Loc EndOffset="4590" SrcFileId="2" StartOffset="4577"/>
</LocList>
</BasicBoolTerm>
</RootTerm>
</CondStmnt>
<CondStmnt CovItemId="S32" CovItemPrefix="cabra.Controller.java" Intrnl_Id="401">
<Branch CovItemId="B14" CovItemPrefix="cabra.Controller.java" Implct="false" Intrnl_Id="402">
<Cond/>
<LocList>
<Loc EndOffset="5393" SrcFileId="2" StartOffset="5363"/>
</LocList>
<StmntSeq Intrnl_Id="403">
<LocList>
<Loc EndOffset="5393" SrcFileId="2" StartOffset="5363"/>
</LocList>
<BasicStmnt CovItemId="S33" CovItemPrefix="cabra.Controller.java" Intrnl_Id="404">
<LocList>
<Loc EndOffset="5393" SrcFileId="2" StartOffset="5363"/>
</LocList>
</BasicStmnt>
</StmntSeq>
</Branch>
<Branch CovItemId="B15" CovItemPrefix="cabra.Controller.java" Implct="false" Intrnl_Id="405">
<Cond>
<Loc EndOffset="5410" SrcFileId="2" StartOffset="5406"/>
</Cond>
<LocList>
<Loc EndOffset="5464" SrcFileId="2" StartOffset="5427"/>
</LocList>
<StmntSeq Intrnl_Id="406">
<LocList>
<Loc EndOffset="5464" SrcFileId="2" StartOffset="5427"/>
</LocList>
<BasicStmnt CovItemId="S34" CovItemPrefix="cabra.Controller.java" Intrnl_Id="407">
<LocList>
<Loc EndOffset="5464" SrcFileId="2" StartOffset="5427"/>
</LocList>
</BasicStmnt>
</StmntSeq>
</Branch>
<Keyword EndOffset="5328" SrcFileId="2" StartOffset="5326"/>
<LocList>
<Loc EndOffset="5464" SrcFileId="2" StartOffset="5326"/>
</LocList>
<RootTerm CovItemId="C6" CovItemPrefix="cabra.Controller.java" Intrnl_Id="408">
<BasicBoolTerm Intrnl_Id="409">
<LocList>
<Loc EndOffset="5345" SrcFileId="2" StartOffset="5329"/>
</LocList>
</BasicBoolTerm>
</RootTerm>
</CondStmnt>
</StmntSeq>
</Branch>
<Branch CovItemId="B11" CovItemPrefix="cabra.Controller.java" Implct="true" Intrnl_Id="410">
<Cond/>
<LocList/>
<StmntSeq Intrnl_Id="411">
<LocList/>
</StmntSeq>
</Branch>
<Keyword EndOffset="4265" SrcFileId="2" StartOffset="4263"/>
<LocList>
<Loc EndOffset="5474" SrcFileId="2" StartOffset="4263"/>
</LocList>
<RootTerm CovItemId="C4" CovItemPrefix="cabra.Controller.java" Intrnl_Id="412">
<OpTerm BooleanOpId="5" Intrnl_Id="413">
<OpTerm BooleanOpId="4" Intrnl_Id="414">
<BasicBoolTerm Intrnl_Id="415">
<LocList>
<Loc EndOffset="4275" SrcFileId="2" StartOffset="4267"/>
</LocList>
</BasicBoolTerm>
<LocList>
<Loc EndOffset="4267" SrcFileId="2" StartOffset="4266"/>
</LocList>
</OpTerm>
<BasicBoolTerm Intrnl_Id="416">
<LocList>
<Loc EndOffset="4286" SrcFileId="2" StartOffset="4279"/>
</LocList>
</BasicBoolTerm>
<LocList>
<Loc EndOffset="4278" SrcFileId="2" StartOffset="4276"/>
</LocList>
</OpTerm>
</RootTerm>
</CondStmnt>
<CondStmnt CovItemId="S35" CovItemPrefix="cabra.Controller.java" Intrnl_Id="417">
<Branch CovItemId="B16" CovItemPrefix="cabra.Controller.java" Implct="false" Intrnl_Id="418">
<Cond/>
<LocList>
<Loc EndOffset="6065" SrcFileId="2" StartOffset="5669"/>
</LocList>
<StmntSeq Intrnl_Id="419">
<LocList>
<Loc EndOffset="5754" SrcFileId="2" StartOffset="5710"/>
<Loc EndOffset="6011" SrcFileId="2" StartOffset="5767"/>
<Loc EndOffset="6055" SrcFileId="2" StartOffset="6024"/>
</LocList>
<BasicStmnt CovItemId="S36" CovItemPrefix="cabra.Controller.java" Intrnl_Id="420">
<LocList>
<Loc EndOffset="5754" SrcFileId="2" StartOffset="5710"/>
</LocList>
</BasicStmnt>
<BasicStmnt CovItemId="S37" CovItemPrefix="cabra.Controller.java" Intrnl_Id="421">
<LocList>
<Loc EndOffset="6011" SrcFileId="2" StartOffset="5767"/>
</LocList>
</BasicStmnt>
<BasicStmnt CovItemId="S38" CovItemPrefix="cabra.Controller.java" Intrnl_Id="422">
<LocList>
<Loc EndOffset="6055" SrcFileId="2" StartOffset="6024"/>
</LocList>
</BasicStmnt>
</StmntSeq>
</Branch>
<Branch CovItemId="B17" CovItemPrefix="cabra.Controller.java" Implct="true" Intrnl_Id="423">
<Cond/>
<LocList/>
<StmntSeq Intrnl_Id="424">
<LocList/>
</StmntSeq>
</Branch>
<Keyword EndOffset="5607" SrcFileId="2" StartOffset="5605"/>
<LocList>
<Loc EndOffset="6065" SrcFileId="2" StartOffset="5605"/>
</LocList>
<RootTerm CovItemId="C7" CovItemPrefix="cabra.Controller.java" Intrnl_Id="425">
<OpTerm BooleanOpId="5" Intrnl_Id="426">
<OpTerm BooleanOpId="5" Intrnl_Id="427">
<OpTerm BooleanOpId="4" Intrnl_Id="428">
<BasicBoolTerm Intrnl_Id="429">
<LocList>
<Loc EndOffset="5617" SrcFileId="2" StartOffset="5609"/>
</LocList>
</BasicBoolTerm>
<LocList>
<Loc EndOffset="5609" SrcFileId="2" StartOffset="5608"/>
</LocList>
</OpTerm>
<OpTerm BooleanOpId="4" Intrnl_Id="430">
<BasicBoolTerm Intrnl_Id="431">
<LocList>
<Loc EndOffset="5629" SrcFileId="2" StartOffset="5622"/>
</LocList>
</BasicBoolTerm>
<LocList>
<Loc EndOffset="5622" SrcFileId="2" StartOffset="5621"/>
</LocList>
</OpTerm>
<LocList>
<Loc EndOffset="5620" SrcFileId="2" StartOffset="5618"/>
</LocList>
</OpTerm>
<BasicBoolTerm Intrnl_Id="432">
<LocList>
<Loc EndOffset="5668" SrcFileId="2" StartOffset="5633"/>
</LocList>
</BasicBoolTerm>
<LocList>
<Loc EndOffset="5632" SrcFileId="2" StartOffset="5630"/>
</LocList>
</OpTerm>
</RootTerm>
</CondStmnt>
<BasicStmnt CovItemId="S39" CovItemPrefix="cabra.Controller.java" Intrnl_Id="433">
<LocList>
<Loc EndOffset="6235" SrcFileId="2" StartOffset="6164"/>
</LocList>
</BasicStmnt>
<BasicStmnt CovItemId="S40" CovItemPrefix="cabra.Controller.java" Intrnl_Id="434">
<LocList>
<Loc EndOffset="6301" SrcFileId="2" StartOffset="6244"/>
</LocList>
</BasicStmnt>
<BasicStmnt CovItemId="S41" CovItemPrefix="cabra.Controller.java" Intrnl_Id="435">
<LocList>
<Loc EndOffset="6390" SrcFileId="2" StartOffset="6310"/>
</LocList>
</BasicStmnt>
<CondStmnt CovItemId="S42" CovItemPrefix="cabra.Controller.java" Intrnl_Id="436">
<Branch CovItemId="B18" CovItemPrefix="cabra.Controller.java" Implct="false" Intrnl_Id="437">
<Cond/>
<LocList>
<Loc EndOffset="6594" SrcFileId="2" StartOffset="6441"/>
</LocList>
<StmntSeq Intrnl_Id="438">
<LocList>
<Loc EndOffset="6584" SrcFileId="2" StartOffset="6555"/>
</LocList>
<BasicStmnt CovItemId="S43" CovItemPrefix="cabra.Controller.java" Intrnl_Id="439">
<LocList>
<Loc EndOffset="6584" SrcFileId="2" StartOffset="6555"/>
</LocList>
</BasicStmnt>
</StmntSeq>
</Branch>
<Branch CovItemId="B19" CovItemPrefix="cabra.Controller.java" Implct="true" Intrnl_Id="440">
<Cond/>
<LocList/>
<StmntSeq Intrnl_Id="441">
<LocList/>
</StmntSeq>
</Branch>
<Keyword EndOffset="6401" SrcFileId="2" StartOffset="6399"/>
<LocList>
<Loc EndOffset="6594" SrcFileId="2" StartOffset="6399"/>
</LocList>
<RootTerm CovItemId="C8" CovItemPrefix="cabra.Controller.java" Intrnl_Id="442">
<BasicBoolTerm Intrnl_Id="443">
<LocList>
<Loc EndOffset="6440" SrcFileId="2" StartOffset="6402"/>
</LocList>
</BasicBoolTerm>
</RootTerm>
</CondStmnt>
<BasicStmnt CovItemId="S44" CovItemPrefix="cabra.Controller.java" Intrnl_Id="444">
<LocList>
<Loc EndOffset="6625" SrcFileId="2" StartOffset="6612"/>
</LocList>
</BasicStmnt>
<BasicStmnt CovItemId="S45" CovItemPrefix="cabra.Controller.java" Intrnl_Id="445">
<LocList>
<Loc EndOffset="6648" SrcFileId="2" StartOffset="6634"/>
</LocList>
</BasicStmnt>
<CondStmnt CovItemId="S2" CovItemPrefix="cabra.Controller.java" Intrnl_Id="446">
<Branch CovItemId="B1" CovItemPrefix="cabra.Controller.java" Implct="true" Intrnl_Id="447">
<Cond/>
<LocList/>
<StmntSeq Intrnl_Id="448">
<LocList/>
</StmntSeq>
</Branch>
<Branch CovItemId="B20" CovItemPrefix="cabra.Controller.java" Implct="false" Intrnl_Id="449">
<Cond>
<Loc EndOffset="6685" SrcFileId="2" StartOffset="6667"/>
</Cond>
<LocList>
<Loc EndOffset="6802" SrcFileId="2" StartOffset="6685"/>
</LocList>
<StmntSeq Intrnl_Id="450">
<LocList>
<Loc EndOffset="6792" SrcFileId="2" StartOffset="6762"/>
</LocList>
<BasicStmnt CovItemId="S46" CovItemPrefix="cabra.Controller.java" Intrnl_Id="451">
<LocList>
<Loc EndOffset="6792" SrcFileId="2" StartOffset="6762"/>
</LocList>
</BasicStmnt>
</StmntSeq>
</Branch>
<Keyword EndOffset="1418" SrcFileId="2" StartOffset="1415"/>
<LocList>
<Loc EndOffset="6802" SrcFileId="2" StartOffset="1415"/>
</LocList>
</CondStmnt>
</StmntSeq>
</HierarchyLvl>
<HierarchyLvl HierarchyLvlId="1929" HierarchyLvlTypeId="8" Intrnl_Id="452" Name="getGUI">
<Header>
<Loc EndOffset="6837" SrcFileId="2" StartOffset="6818"/>
</Header>
<LocList>
<Loc EndOffset="6864" SrcFileId="2" StartOffset="6818"/>
</LocList>
<StmntSeq Intrnl_Id="453">
<LocList>
<Loc EndOffset="6858" SrcFileId="2" StartOffset="6847"/>
</LocList>
<BasicStmnt CovItemId="S47" CovItemPrefix="cabra.Controller.java" Intrnl_Id="454">
<LocList>
<Loc EndOffset="6858" SrcFileId="2" StartOffset="6847"/>
</LocList>
</BasicStmnt>
</StmntSeq>
</HierarchyLvl>
<HierarchyLvl HierarchyLvlId="1930" HierarchyLvlTypeId="8" Intrnl_Id="455" Name="getPoints">
<Header>
<Loc EndOffset="7006" SrcFileId="2" StartOffset="6984"/>
</Header>
<LocList>
<Loc EndOffset="7054" SrcFileId="2" StartOffset="6984"/>
</LocList>
<StmntSeq Intrnl_Id="456">
<LocList>
<Loc EndOffset="7048" SrcFileId="2" StartOffset="7016"/>
</LocList>
<BasicStmnt CovItemId="S48" CovItemPrefix="cabra.Controller.java" Intrnl_Id="457">
<LocList>
<Loc EndOffset="7048" SrcFileId="2" StartOffset="7016"/>
</LocList>
</BasicStmnt>
</StmntSeq>
</HierarchyLvl>
<HierarchyLvl HierarchyLvlId="1931" HierarchyLvlTypeId="8" Intrnl_Id="458" Name="gainPoints">
<Header>
<Loc EndOffset="7324" SrcFileId="2" StartOffset="7255"/>
</Header>
<LocList>
<Loc EndOffset="7533" SrcFileId="2" StartOffset="7255"/>
</LocList>
<StmntSeq Intrnl_Id="459">
<LocList>
<Loc EndOffset="7368" SrcFileId="2" StartOffset="7334"/>
<Loc EndOffset="7471" SrcFileId="2" StartOffset="7429"/>
<Loc EndOffset="7527" SrcFileId="2" StartOffset="7489"/>
</LocList>
<BasicStmnt CovItemId="S49" CovItemPrefix="cabra.Controller.java" Intrnl_Id="460">
<LocList>
<Loc EndOffset="7368" SrcFileId="2" StartOffset="7334"/>
</LocList>
</BasicStmnt>
<BasicStmnt CovItemId="S50" CovItemPrefix="cabra.Controller.java" Intrnl_Id="461">
<LocList>
<Loc EndOffset="7471" SrcFileId="2" StartOffset="7429"/>
</LocList>
</BasicStmnt>
<CondStmnt CovItemId="S51" CovItemPrefix="cabra.Controller.java" Intrnl_Id="462">
<Branch CovItemId="B21" CovItemPrefix="cabra.Controller.java" Implct="false" Intrnl_Id="463">
<Cond/>
<LocList>
<Loc EndOffset="7527" SrcFileId="2" StartOffset="7513"/>
</LocList>
<StmntSeq Intrnl_Id="464">
<LocList>
<Loc EndOffset="7527" SrcFileId="2" StartOffset="7513"/>
</LocList>
<BasicStmnt CovItemId="S52" CovItemPrefix="cabra.Controller.java" Intrnl_Id="465">
<LocList>
<Loc EndOffset="7527" SrcFileId="2" StartOffset="7513"/>
</LocList>
</BasicStmnt>
</StmntSeq>
</Branch>
<Branch CovItemId="B22" CovItemPrefix="cabra.Controller.java" Implct="true" Intrnl_Id="466">
<Cond/>
<LocList/>
<StmntSeq Intrnl_Id="467">
<LocList/>
</StmntSeq>
</Branch>
<Keyword EndOffset="7491" SrcFileId="2" StartOffset="7489"/>
<LocList>
<Loc EndOffset="7527" SrcFileId="2" StartOffset="7489"/>
</LocList>
<RootTerm CovItemId="C9" CovItemPrefix="cabra.Controller.java" Intrnl_Id="468">
<BasicBoolTerm Intrnl_Id="469">
<LocList>
<Loc EndOffset="7499" SrcFileId="2" StartOffset="7492"/>
</LocList>
</BasicBoolTerm>
</RootTerm>
</CondStmnt>
</StmntSeq>
</HierarchyLvl>
<HierarchyLvl HierarchyLvlId="1932" HierarchyLvlTypeId="8" Intrnl_Id="470" Name="gainPoints">
<Header>
<Loc EndOffset="7739" SrcFileId="2" StartOffset="7687"/>
</Header>
<LocList>
<Loc EndOffset="7782" SrcFileId="2" StartOffset="7687"/>
</LocList>
<StmntSeq Intrnl_Id="471">
<LocList>
<Loc EndOffset="7776" SrcFileId="2" StartOffset="7749"/>
</LocList>
<BasicStmnt CovItemId="S53" CovItemPrefix="cabra.Controller.java" Intrnl_Id="472">
<LocList>
<Loc EndOffset="7776" SrcFileId="2" StartOffset="7749"/>
</LocList>
</BasicStmnt>
</StmntSeq>
</HierarchyLvl>
<HierarchyLvl HierarchyLvlId="1933" HierarchyLvlTypeId="8" Intrnl_Id="473" Name="createVaultManager">
<Header>
<Loc EndOffset="8071" SrcFileId="2" StartOffset="8014"/>
</Header>
<LocList>
<Loc EndOffset="8142" SrcFileId="2" StartOffset="8014"/>
</LocList>
<StmntSeq Intrnl_Id="474">
<LocList>
<Loc EndOffset="8136" SrcFileId="2" StartOffset="8081"/>
</LocList>
<BasicStmnt CovItemId="S54" CovItemPrefix="cabra.Controller.java" Intrnl_Id="475">
<LocList>
<Loc EndOffset="8136" SrcFileId="2" StartOffset="8081"/>
</LocList>
</BasicStmnt>
</StmntSeq>
</HierarchyLvl>
<HierarchyLvl HierarchyLvlId="1934" HierarchyLvlTypeId="8" Intrnl_Id="476" Name="updatePreferredFont">
<Header>
<Loc EndOffset="8619" SrcFileId="2" StartOffset="8557"/>
</Header>
<LocList>
<Loc EndOffset="8798" SrcFileId="2" StartOffset="8557"/>
</LocList>
<StmntSeq Intrnl_Id="477">
<LocList>
<Loc EndOffset="8681" SrcFileId="2" StartOffset="8629"/>
<Loc EndOffset="8792" SrcFileId="2" StartOffset="8751"/>
</LocList>
<BasicStmnt CovItemId="S55" CovItemPrefix="cabra.Controller.java" Intrnl_Id="478">
<LocList>
<Loc EndOffset="8681" SrcFileId="2" StartOffset="8629"/>
</LocList>
</BasicStmnt>
<CondStmnt CovItemId="S56" CovItemPrefix="cabra.Controller.java" Intrnl_Id="479">
<Branch CovItemId="B23" CovItemPrefix="cabra.Controller.java" Implct="false" Intrnl_Id="480">
<Cond/>
<LocList>
<Loc EndOffset="8792" SrcFileId="2" StartOffset="8779"/>
</LocList>
<StmntSeq Intrnl_Id="481">
<LocList>
<Loc EndOffset="8792" SrcFileId="2" StartOffset="8779"/>
</LocList>
<BasicStmnt CovItemId="S57" CovItemPrefix="cabra.Controller.java" Intrnl_Id="482">
<LocList>
<Loc EndOffset="8792" SrcFileId="2" StartOffset="8779"/>
</LocList>
</BasicStmnt>
</StmntSeq>
</Branch>
<Branch CovItemId="B24" CovItemPrefix="cabra.Controller.java" Implct="true" Intrnl_Id="483">
<Cond/>
<LocList/>
<StmntSeq Intrnl_Id="484">
<LocList/>
</StmntSeq>
</Branch>
<Keyword EndOffset="8753" SrcFileId="2" StartOffset="8751"/>
<LocList>
<Loc EndOffset="8792" SrcFileId="2" StartOffset="8751"/>
</LocList>
<RootTerm CovItemId="C10" CovItemPrefix="cabra.Controller.java" Intrnl_Id="485">
<BasicBoolTerm Intrnl_Id="486">
<LocList>
<Loc EndOffset="8765" SrcFileId="2" StartOffset="8754"/>
</LocList>
</BasicBoolTerm>
</RootTerm>
</CondStmnt>
</StmntSeq>
</HierarchyLvl>
<HierarchyLvl HierarchyLvlId="1935" HierarchyLvlTypeId="8" Intrnl_Id="487" Name="loadProjectsFromFile">
<Header>
<Loc EndOffset="8974" SrcFileId="2" StartOffset="8925"/>
</Header>
<LocList>
<Loc EndOffset="10252" SrcFileId="2" StartOffset="8925"/>
</LocList>
<StmntSeq Intrnl_Id="488">
<LocList>
<Loc EndOffset="9124" SrcFileId="2" StartOffset="9071"/>
<Loc EndOffset="9400" SrcFileId="2" StartOffset="9133"/>
<Loc EndOffset="9484" SrcFileId="2" StartOffset="9423"/>
<Loc EndOffset="10192" SrcFileId="2" StartOffset="9502"/>
<Loc EndOffset="10246" SrcFileId="2" StartOffset="10224"/>
</LocList>
<BasicStmnt CovItemId="S58" CovItemPrefix="cabra.Controller.java" Intrnl_Id="489">
<LocList>
<Loc EndOffset="9124" SrcFileId="2" StartOffset="9071"/>
</LocList>
</BasicStmnt>
<CondStmnt CovItemId="S59" CovItemPrefix="cabra.Controller.java" Intrnl_Id="490">
<Branch CovItemId="B25" CovItemPrefix="cabra.Controller.java" Implct="false" Intrnl_Id="491">
<Cond/>
<LocList>
<Loc EndOffset="9400" SrcFileId="2" StartOffset="9164"/>
</LocList>
<StmntSeq Intrnl_Id="492">
<LocList>
<Loc EndOffset="9278" SrcFileId="2" StartOffset="9252"/>
<Loc EndOffset="9390" SrcFileId="2" StartOffset="9358"/>
</LocList>
<BasicStmnt CovItemId="S60" CovItemPrefix="cabra.Controller.java" Intrnl_Id="493">
<LocList>
<Loc EndOffset="9278" SrcFileId="2" StartOffset="9252"/>
</LocList>
</BasicStmnt>
<BasicStmnt CovItemId="S61" CovItemPrefix="cabra.Controller.java" Intrnl_Id="494">
<LocList>
<Loc EndOffset="9390" SrcFileId="2" StartOffset="9358"/>
</LocList>
</BasicStmnt>
</StmntSeq>
</Branch>
<Branch CovItemId="B26" CovItemPrefix="cabra.Controller.java" Implct="true" Intrnl_Id="495">
<Cond/>
<LocList/>
<StmntSeq Intrnl_Id="496">
<LocList/>
</StmntSeq>
</Branch>
<Keyword EndOffset="9135" SrcFileId="2" StartOffset="9133"/>
<LocList>
<Loc EndOffset="9400" SrcFileId="2" StartOffset="9133"/>
</LocList>
<RootTerm CovItemId="C11" CovItemPrefix="cabra.Controller.java" Intrnl_Id="497">
<OpTerm BooleanOpId="4" Intrnl_Id="498">
<BasicBoolTerm Intrnl_Id="499">
<LocList>
<Loc EndOffset="9163" SrcFileId="2" StartOffset="9137"/>
</LocList>
</BasicBoolTerm>
<LocList>
<Loc EndOffset="9137" SrcFileId="2" StartOffset="9136"/>
</LocList>
</OpTerm>
</RootTerm>
</CondStmnt>
<BasicStmnt CovItemId="S62" CovItemPrefix="cabra.Controller.java" Intrnl_Id="500">
<LocList>
<Loc EndOffset="9484" SrcFileId="2" StartOffset="9423"/>
</LocList>
</BasicStmnt>
<LoopStmnt CovItemId="S63" CovItemPrefix="cabra.Controller.java" Intrnl_Id="501" MltplExecId="L1-2" MltplExecPrefix="cabra.Controller.java" NvrExecId="L1-0" NvrExecPrefix="cabra.Controller.java" OnceExecutedId="L1-1" OnceExecutedPrefix="cabra.Controller.java" OptBodyExec="true">
<StmntSeq Intrnl_Id="502">
<LocList>
<Loc EndOffset="9700" SrcFileId="2" StartOffset="9648"/>
<Loc EndOffset="9855" SrcFileId="2" StartOffset="9800"/>
<Loc EndOffset="9896" SrcFileId="2" StartOffset="9868"/>
<Loc EndOffset="9994" SrcFileId="2" StartOffset="9955"/>
<Loc EndOffset="10182" SrcFileId="2" StartOffset="10143"/>
</LocList>
<CondStmnt CovItemId="S64" CovItemPrefix="cabra.Controller.java" Intrnl_Id="503">
<Branch CovItemId="B27" CovItemPrefix="cabra.Controller.java" Implct="false" Intrnl_Id="504">
<Cond/>
<LocList>
<Loc EndOffset="9700" SrcFileId="2" StartOffset="9691"/>
</LocList>
<StmntSeq Intrnl_Id="505">
<LocList>
<Loc EndOffset="9700" SrcFileId="2" StartOffset="9691"/>
</LocList>
<BasicStmnt CovItemId="S65" CovItemPrefix="cabra.Controller.java" Intrnl_Id="506">
<LocList>
<Loc EndOffset="9700" SrcFileId="2" StartOffset="9691"/>
</LocList>
</BasicStmnt>
</StmntSeq>
</Branch>
<Branch CovItemId="B28" CovItemPrefix="cabra.Controller.java" Implct="true" Intrnl_Id="507">
<Cond/>
<LocList/>
<StmntSeq Intrnl_Id="508">
<LocList/>
</StmntSeq>
</Branch>
<Keyword EndOffset="9650" SrcFileId="2" StartOffset="9648"/>
<LocList>
<Loc EndOffset="9700" SrcFileId="2" StartOffset="9648"/>
</LocList>
<RootTerm CovItemId="C12" CovItemPrefix="cabra.Controller.java" Intrnl_Id="509">
<BasicBoolTerm Intrnl_Id="510">
<LocList>
<Loc EndOffset="9673" SrcFileId="2" StartOffset="9651"/>
</LocList>
</BasicBoolTerm>
</RootTerm>
</CondStmnt>
<BasicStmnt CovItemId="S66" CovItemPrefix="cabra.Controller.java" Intrnl_Id="511">
<LocList>
<Loc EndOffset="9855" SrcFileId="2" StartOffset="9800"/>
</LocList>
</BasicStmnt>
<BasicStmnt CovItemId="S67" CovItemPrefix="cabra.Controller.java" Intrnl_Id="512">
<LocList>
<Loc EndOffset="9896" SrcFileId="2" StartOffset="9868"/>
</LocList>
</BasicStmnt>
<BasicStmnt CovItemId="S68" CovItemPrefix="cabra.Controller.java" Intrnl_Id="513">
<LocList>
<Loc EndOffset="9994" SrcFileId="2" StartOffset="9955"/>
</LocList>
</BasicStmnt>
<BasicStmnt CovItemId="S69" CovItemPrefix="cabra.Controller.java" Intrnl_Id="514">
<LocList>
<Loc EndOffset="10182" SrcFileId="2" StartOffset="10143"/>
</LocList>
</BasicStmnt>
</StmntSeq>
<Keyword EndOffset="9505" SrcFileId="2" StartOffset="9502"/>
<LocList>
<Loc EndOffset="10192" SrcFileId="2" StartOffset="9502"/>
</LocList>
</LoopStmnt>
<BasicStmnt CovItemId="S70" CovItemPrefix="cabra.Controller.java" Intrnl_Id="515">
<LocList>
<Loc EndOffset="10246" SrcFileId="2" StartOffset="10224"/>
</LocList>
</BasicStmnt>
</StmntSeq>
</HierarchyLvl>
<HierarchyLvl HierarchyLvlId="1936" HierarchyLvlTypeId="8" Intrnl_Id="516" Name="addNoteToActiveProject">
<Header>
<Loc EndOffset="10605" SrcFileId="2" StartOffset="10535"/>
</Header>
<LocList>
<Loc EndOffset="10808" SrcFileId="2" StartOffset="10535"/>
</LocList>
<StmntSeq Intrnl_Id="517">
<LocList>
<Loc EndOffset="10643" SrcFileId="2" StartOffset="10615"/>
<Loc EndOffset="10712" SrcFileId="2" StartOffset="10686"/>
<Loc EndOffset="10802" SrcFileId="2" StartOffset="10758"/>
</LocList>
<BasicStmnt CovItemId="S71" CovItemPrefix="cabra.Controller.java" Intrnl_Id="518">
<LocList>
<Loc EndOffset="10643" SrcFileId="2" StartOffset="10615"/>
</LocList>
</BasicStmnt>
<BasicStmnt CovItemId="S72" CovItemPrefix="cabra.Controller.java" Intrnl_Id="519">
<LocList>
<Loc EndOffset="10712" SrcFileId="2" StartOffset="10686"/>
</LocList>
</BasicStmnt>
<BasicStmnt CovItemId="S73" CovItemPrefix="cabra.Controller.java" Intrnl_Id="520">
<LocList>
<Loc EndOffset="10802" SrcFileId="2" StartOffset="10758"/>
</LocList>
</BasicStmnt>
</StmntSeq>
</HierarchyLvl>
<HierarchyLvl HierarchyLvlId="1937" HierarchyLvlTypeId="8" Intrnl_Id="521" Name="setTheme">
<Header>
<Loc EndOffset="10853" SrcFileId="2" StartOffset="10819"/>
</Header>
<LocList>
<Loc EndOffset="11112" SrcFileId="2" StartOffset="10819"/>
</LocList>
<StmntSeq Intrnl_Id="522">
<LocList>
<Loc EndOffset="10886" SrcFileId="2" StartOffset="10863"/>
<Loc EndOffset="11011" SrcFileId="2" StartOffset="10967"/>
<Loc EndOffset="11074" SrcFileId="2" StartOffset="11064"/>
<Loc EndOffset="11105" SrcFileId="2" StartOffset="11091"/>
</LocList>
<BasicStmnt CovItemId="S74" CovItemPrefix="cabra.Controller.java" Intrnl_Id="523">
<LocList>
<Loc EndOffset="10886" SrcFileId="2" StartOffset="10863"/>
</LocList>
</BasicStmnt>
<BasicStmnt CovItemId="S75" CovItemPrefix="cabra.Controller.java" Intrnl_Id="524">
<LocList>
<Loc EndOffset="11011" SrcFileId="2" StartOffset="10967"/>
</LocList>
</BasicStmnt>
<BasicStmnt CovItemId="S76" CovItemPrefix="cabra.Controller.java" Intrnl_Id="525">
<LocList>
<Loc EndOffset="11074" SrcFileId="2" StartOffset="11064"/>
</LocList>
</BasicStmnt>
<BasicStmnt CovItemId="S77" CovItemPrefix="cabra.Controller.java" Intrnl_Id="526">
<LocList>
<Loc EndOffset="11105" SrcFileId="2" StartOffset="11091"/>
</LocList>
</BasicStmnt>
</StmntSeq>
</HierarchyLvl>
<HierarchyLvl HierarchyLvlId="1938" HierarchyLvlTypeId="8" Intrnl_Id="527" Name="getActiveProject">
<Header>
<Loc EndOffset="11155" SrcFileId="2" StartOffset="11122"/>
</Header>
<LocList>
<Loc EndOffset="11192" SrcFileId="2" StartOffset="11122"/>
</LocList>
<StmntSeq Intrnl_Id="528">
<LocList>
<Loc EndOffset="11186" SrcFileId="2" StartOffset="11165"/>
</LocList>
<BasicStmnt CovItemId="S78" CovItemPrefix="cabra.Controller.java" Intrnl_Id="529">
<LocList>
<Loc EndOffset="11186" SrcFileId="2" StartOffset="11165"/>
</LocList>
</BasicStmnt>
</StmntSeq>
</HierarchyLvl>
<HierarchyLvl HierarchyLvlId="1939" HierarchyLvlTypeId="8" Intrnl_Id="530" Name="getAllProjects">
<Header>
<Loc EndOffset="11244" SrcFileId="2" StartOffset="11202"/>
</Header>
<LocList>
<Loc EndOffset="11276" SrcFileId="2" StartOffset="11202"/>
</LocList>
<StmntSeq Intrnl_Id="531">
<LocList>
<Loc EndOffset="11270" SrcFileId="2" StartOffset="11254"/>
</LocList>
<BasicStmnt CovItemId="S79" CovItemPrefix="cabra.Controller.java" Intrnl_Id="532">
<LocList>
<Loc EndOffset="11270" SrcFileId="2" StartOffset="11254"/>
</LocList>
</BasicStmnt>
</StmntSeq>
</HierarchyLvl>
<HierarchyLvl HierarchyLvlId="1940" HierarchyLvlTypeId="8" Intrnl_Id="533" Name="getNumberOfProjects">
<Header>
<Loc EndOffset="11318" SrcFileId="2" StartOffset="11286"/>
</Header>
<LocList>
<Loc EndOffset="11357" SrcFileId="2" StartOffset="11286"/>
</LocList>
<StmntSeq Intrnl_Id="534">
<LocList>
<Loc EndOffset="11351" SrcFileId="2" StartOffset="11328"/>
</LocList>
<BasicStmnt CovItemId="S80" CovItemPrefix="cabra.Controller.java" Intrnl_Id="535">
<LocList>
<Loc EndOffset="11351" SrcFileId="2" StartOffset="11328"/>
</LocList>
</BasicStmnt>
</StmntSeq>
</HierarchyLvl>
<HierarchyLvl HierarchyLvlId="1941" HierarchyLvlTypeId="8" Intrnl_Id="536" Name="refreshNow">
<Header>
<Loc EndOffset="11467" SrcFileId="2" StartOffset="11443"/>
</Header>
<LocList>
<Loc EndOffset="11497" SrcFileId="2" StartOffset="11443"/>
</LocList>
<StmntSeq Intrnl_Id="537">
<LocList>
<Loc EndOffset="11491" SrcFileId="2" StartOffset="11477"/>
</LocList>
<BasicStmnt CovItemId="S81" CovItemPrefix="cabra.Controller.java" Intrnl_Id="538">
<LocList>
<Loc EndOffset="11491" SrcFileId="2" StartOffset="11477"/>
</LocList>
</BasicStmnt>
</StmntSeq>
</HierarchyLvl>
<HierarchyLvl HierarchyLvlId="1942" HierarchyLvlTypeId="8" Intrnl_Id="539" Name="refresh">
<Header>
<Loc EndOffset="11528" SrcFileId="2" StartOffset="11507"/>
</Header>
<LocList>
<Loc EndOffset="11910" SrcFileId="2" StartOffset="11507"/>
</LocList>
<StmntSeq Intrnl_Id="540">
<LocList>
<Loc EndOffset="11764" SrcFileId="2" StartOffset="11751"/>
</LocList>
<BasicStmnt CovItemId="S82" CovItemPrefix="cabra.Controller.java" Intrnl_Id="541">
<LocList>
<Loc EndOffset="11764" SrcFileId="2" StartOffset="11751"/>
</LocList>
</BasicStmnt>
</StmntSeq>
</HierarchyLvl>
<HierarchyLvl HierarchyLvlId="1945" HierarchyLvlTypeId="8" Intrnl_Id="542" Name="refreshHomePage">
<Header>
<Loc EndOffset="11949" SrcFileId="2" StartOffset="11920"/>
</Header>
<LocList>
<Loc EndOffset="12172" SrcFileId="2" StartOffset="11920"/>
</LocList>
<StmntSeq Intrnl_Id="543">
<LocList>
<Loc EndOffset="11972" SrcFileId="2" StartOffset="11959"/>
<Loc EndOffset="12082" SrcFileId="2" StartOffset="12081"/>
<Loc EndOffset="12166" SrcFileId="2" StartOffset="12144"/>
</LocList>
<BasicStmnt CovItemId="S83" CovItemPrefix="cabra.Controller.java" Intrnl_Id="544">
<LocList>
<Loc EndOffset="11972" SrcFileId="2" StartOffset="11959"/>
<Loc EndOffset="12082" SrcFileId="2" StartOffset="12081"/>
</LocList>
</BasicStmnt>
<BasicStmnt CovItemId="S85" CovItemPrefix="cabra.Controller.java" Intrnl_Id="545">
<LocList>
<Loc EndOffset="12166" SrcFileId="2" StartOffset="12144"/>
</LocList>
</BasicStmnt>
</StmntSeq>
<HierarchyLvl HierarchyLvlId="1944" HierarchyLvlTypeId="10" Intrnl_Id="546" Name="Runnable">
<Header>
<Loc EndOffset="11986" SrcFileId="2" StartOffset="11976"/>
</Header>
<LocList>
<Loc EndOffset="12081" SrcFileId="2" StartOffset="11972"/>
</LocList>
<HierarchyLvl HierarchyLvlId="1943" HierarchyLvlTypeId="8" Intrnl_Id="547" Name="run">
<Header>
<Loc EndOffset="12017" SrcFileId="2" StartOffset="12000"/>
</Header>
<LocList>
<Loc EndOffset="12071" SrcFileId="2" StartOffset="12000"/>
</LocList>
<StmntSeq Intrnl_Id="548">
<LocList>
<Loc EndOffset="12057" SrcFileId="2" StartOffset="12035"/>
</LocList>
<BasicStmnt CovItemId="S84" CovItemPrefix="cabra.Controller.java" Intrnl_Id="549">
<LocList>
<Loc EndOffset="12057" SrcFileId="2" StartOffset="12035"/>
</LocList>
</BasicStmnt>
</StmntSeq>
</HierarchyLvl>
</HierarchyLvl>
</HierarchyLvl>
<HierarchyLvl HierarchyLvlId="1946" HierarchyLvlTypeId="8" Intrnl_Id="550" Name="setActiveProject">
<Header>
<Loc EndOffset="12519" SrcFileId="2" StartOffset="12454"/>
</Header>
<LocList>
<Loc EndOffset="13588" SrcFileId="2" StartOffset="12454"/>
</LocList>
<StmntSeq Intrnl_Id="551">
<LocList>
<Loc EndOffset="12759" SrcFileId="2" StartOffset="12581"/>
<Loc EndOffset="13220" SrcFileId="2" StartOffset="12777"/>
<Loc EndOffset="13262" SrcFileId="2" StartOffset="13238"/>
<Loc EndOffset="13322" SrcFileId="2" StartOffset="13292"/>
<Loc EndOffset="13404" SrcFileId="2" StartOffset="13356"/>
<Loc EndOffset="13582" SrcFileId="2" StartOffset="13572"/>
</LocList>
<CondStmnt CovItemId="S86" CovItemPrefix="cabra.Controller.java" Intrnl_Id="552">
<Branch CovItemId="B29" CovItemPrefix="cabra.Controller.java" Implct="false" Intrnl_Id="553">
<Cond/>
<LocList>
<Loc EndOffset="12759" SrcFileId="2" StartOffset="12600"/>
</LocList>
<StmntSeq Intrnl_Id="554">
<LocList>
<Loc EndOffset="12729" SrcFileId="2" StartOffset="12689"/>
<Loc EndOffset="12749" SrcFileId="2" StartOffset="12742"/>
</LocList>
<BasicStmnt CovItemId="S87" CovItemPrefix="cabra.Controller.java" Intrnl_Id="555">
<LocList>
<Loc EndOffset="12729" SrcFileId="2" StartOffset="12689"/>
</LocList>
</BasicStmnt>
<BasicStmnt CovItemId="S88" CovItemPrefix="cabra.Controller.java" Intrnl_Id="556">
<LocList>
<Loc EndOffset="12749" SrcFileId="2" StartOffset="12742"/>
</LocList>
</BasicStmnt>
</StmntSeq>
</Branch>
<Branch CovItemId="B30" CovItemPrefix="cabra.Controller.java" Implct="true" Intrnl_Id="557">
<Cond/>
<LocList/>
<StmntSeq Intrnl_Id="558">
<LocList/>
</StmntSeq>
</Branch>
<Keyword EndOffset="12583" SrcFileId="2" StartOffset="12581"/>
<LocList>
<Loc EndOffset="12759" SrcFileId="2" StartOffset="12581"/>
</LocList>
<RootTerm CovItemId="C13" CovItemPrefix="cabra.Controller.java" Intrnl_Id="559">
<BasicBoolTerm Intrnl_Id="560">
<LocList>
<Loc EndOffset="12599" SrcFileId="2" StartOffset="12584"/>
</LocList>
</BasicBoolTerm>
</RootTerm>
</CondStmnt>
<CondStmnt CovItemId="S89" CovItemPrefix="cabra.Controller.java" Intrnl_Id="561">
<Branch CovItemId="B31" CovItemPrefix="cabra.Controller.java" Implct="false" Intrnl_Id="562">
<Cond/>
<LocList>
<Loc EndOffset="13220" SrcFileId="2" StartOffset="12791"/>
</LocList>
<StmntSeq Intrnl_Id="563">
<LocList>
<Loc EndOffset="13210" SrcFileId="2" StartOffset="12871"/>
</LocList>
<CondStmnt CovItemId="S90" CovItemPrefix="cabra.Controller.java" Intrnl_Id="564">
<Branch CovItemId="B33" CovItemPrefix="cabra.Controller.java" Implct="false" Intrnl_Id="565">
<Cond/>
<LocList>
<Loc EndOffset="13210" SrcFileId="2" StartOffset="12896"/>
</LocList>
<StmntSeq Intrnl_Id="566">
<LocList>
<Loc EndOffset="12958" SrcFileId="2" StartOffset="12939"/>
<Loc EndOffset="13196" SrcFileId="2" StartOffset="12914"/>
</LocList>
<BasicStmnt CovItemId="S92" CovItemPrefix="cabra.Controller.java" Intrnl_Id="567">
<LocList>
<Loc EndOffset="12958" SrcFileId="2" StartOffset="12939"/>
</LocList>
</BasicStmnt>
<CondStmnt CovItemId="S91" CovItemPrefix="cabra.Controller.java" Intrnl_Id="568">
<Branch CovItemId="B35" CovItemPrefix="cabra.Controller.java" Implct="true" Intrnl_Id="569">
<Cond/>
<LocList/>
<StmntSeq Intrnl_Id="570">
<LocList/>
</StmntSeq>
</Branch>
<Branch CovItemId="B36" CovItemPrefix="cabra.Controller.java" Implct="false" Intrnl_Id="571">
<Cond>
<Loc EndOffset="13058" SrcFileId="2" StartOffset="13029"/>
</Cond>
<LocList>
<Loc EndOffset="13196" SrcFileId="2" StartOffset="13058"/>
</LocList>
<StmntSeq Intrnl_Id="572">
<LocList>
<Loc EndOffset="13178" SrcFileId="2" StartOffset="13128"/>
</LocList>
<BasicStmnt CovItemId="S93" CovItemPrefix="cabra.Controller.java" Intrnl_Id="573">
<LocList>
<Loc EndOffset="13178" SrcFileId="2" StartOffset="13128"/>
</LocList>
</BasicStmnt>
</StmntSeq>
</Branch>
<Keyword EndOffset="12917" SrcFileId="2" StartOffset="12914"/>
<LocList>
<Loc EndOffset="13196" SrcFileId="2" StartOffset="12914"/>
</LocList>
</CondStmnt>
</StmntSeq>
</Branch>
<Branch CovItemId="B34" CovItemPrefix="cabra.Controller.java" Implct="true" Intrnl_Id="574">
<Cond/>
<LocList/>
<StmntSeq Intrnl_Id="575">
<LocList/>
</StmntSeq>
</Branch>
<Keyword EndOffset="12873" SrcFileId="2" StartOffset="12871"/>
<LocList>
<Loc EndOffset="13210" SrcFileId="2" StartOffset="12871"/>
</LocList>
<RootTerm CovItemId="C15" CovItemPrefix="cabra.Controller.java" Intrnl_Id="576">
<BasicBoolTerm Intrnl_Id="577">
<LocList>
<Loc EndOffset="12895" SrcFileId="2" StartOffset="12874"/>
</LocList>
</BasicBoolTerm>
</RootTerm>
</CondStmnt>
</StmntSeq>
</Branch>
<Branch CovItemId="B32" CovItemPrefix="cabra.Controller.java" Implct="true" Intrnl_Id="578">
<Cond/>
<LocList/>
<StmntSeq Intrnl_Id="579">
<LocList/>
</StmntSeq>
</Branch>
<Keyword EndOffset="12779" SrcFileId="2" StartOffset="12777"/>
<LocList>
<Loc EndOffset="13220" SrcFileId="2" StartOffset="12777"/>
</LocList>
<RootTerm CovItemId="C14" CovItemPrefix="cabra.Controller.java" Intrnl_Id="580">
<BasicBoolTerm Intrnl_Id="581">
<LocList>
<Loc EndOffset="12790" SrcFileId="2" StartOffset="12780"/>
</LocList>
</BasicBoolTerm>
</RootTerm>
</CondStmnt>
<BasicStmnt CovItemId="S94" CovItemPrefix="cabra.Controller.java" Intrnl_Id="582">
<LocList>
<Loc EndOffset="13262" SrcFileId="2" StartOffset="13238"/>
</LocList>
</BasicStmnt>
<BasicStmnt CovItemId="S95" CovItemPrefix="cabra.Controller.java" Intrnl_Id="583">
<LocList>
<Loc EndOffset="13322" SrcFileId="2" StartOffset="13292"/>
</LocList>
</BasicStmnt>
<BasicStmnt CovItemId="S96" CovItemPrefix="cabra.Controller.java" Intrnl_Id="584">
<LocList>
<Loc EndOffset="13404" SrcFileId="2" StartOffset="13356"/>
</LocList>
</BasicStmnt>
<BasicStmnt CovItemId="S97" CovItemPrefix="cabra.Controller.java" Intrnl_Id="585">
<LocList>
<Loc EndOffset="13582" SrcFileId="2" StartOffset="13572"/>
</LocList>
</BasicStmnt>
</StmntSeq>
</HierarchyLvl>
<HierarchyLvl HierarchyLvlId="1947" HierarchyLvlTypeId="8" Intrnl_Id="586" Name="setActiveProject">
<Header>
<Loc EndOffset="13941" SrcFileId="2" StartOffset="13873"/>
</Header>
<LocList>
<Loc EndOffset="14245" SrcFileId="2" StartOffset="13873"/>
</LocList>
<StmntSeq Intrnl_Id="587">
<LocList>
<Loc EndOffset="14010" SrcFileId="2" StartOffset="13987"/>
<Loc EndOffset="14191" SrcFileId="2" StartOffset="14019"/>
<Loc EndOffset="14239" SrcFileId="2" StartOffset="14201"/>
</LocList>
<BasicStmnt CovItemId="S98" CovItemPrefix="cabra.Controller.java" Intrnl_Id="588">
<LocList>
<Loc EndOffset="14010" SrcFileId="2" StartOffset="13987"/>
</LocList>
</BasicStmnt>
<LoopStmnt CovItemId="S99" CovItemPrefix="cabra.Controller.java" Intrnl_Id="589" MltplExecId="L2-2" MltplExecPrefix="cabra.Controller.java" NvrExecId="L2-0" NvrExecPrefix="cabra.Controller.java" OnceExecutedId="L2-1" OnceExecutedPrefix="cabra.Controller.java" OptBodyExec="true">
<StmntSeq Intrnl_Id="590">
<LocList>
<Loc EndOffset="14181" SrcFileId="2" StartOffset="14111"/>
</LocList>
<CondStmnt CovItemId="S100" CovItemPrefix="cabra.Controller.java" Intrnl_Id="591">
<Branch CovItemId="B37" CovItemPrefix="cabra.Controller.java" Implct="false" Intrnl_Id="592">
<Cond/>
<LocList>
<Loc EndOffset="14181" SrcFileId="2" StartOffset="14166"/>
</LocList>
<StmntSeq Intrnl_Id="593">
<LocList>
<Loc EndOffset="14181" SrcFileId="2" StartOffset="14166"/>
</LocList>
<BasicStmnt CovItemId="S101" CovItemPrefix="cabra.Controller.java" Intrnl_Id="594">
<LocList>
<Loc EndOffset="14181" SrcFileId="2" StartOffset="14166"/>
</LocList>
</BasicStmnt>
</StmntSeq>
</Branch>
<Branch CovItemId="B38" CovItemPrefix="cabra.Controller.java" Implct="true" Intrnl_Id="595">
<Cond/>
<LocList/>
<StmntSeq Intrnl_Id="596">
<LocList/>
</StmntSeq>
</Branch>
<Keyword EndOffset="14113" SrcFileId="2" StartOffset="14111"/>
<LocList>
<Loc EndOffset="14181" SrcFileId="2" StartOffset="14111"/>
</LocList>
<RootTerm CovItemId="C16" CovItemPrefix="cabra.Controller.java" Intrnl_Id="597">
<BasicBoolTerm Intrnl_Id="598">
<LocList>
<Loc EndOffset="14148" SrcFileId="2" StartOffset="14114"/>
</LocList>
</BasicBoolTerm>
</RootTerm>
</CondStmnt>
</StmntSeq>
<Keyword EndOffset="14022" SrcFileId="2" StartOffset="14019"/>
<LocList>
<Loc EndOffset="14191" SrcFileId="2" StartOffset="14019"/>
</LocList>
</LoopStmnt>
<BasicStmnt CovItemId="S102" CovItemPrefix="cabra.Controller.java" Intrnl_Id="599">
<LocList>
<Loc EndOffset="14239" SrcFileId="2" StartOffset="14201"/>
</LocList>
</BasicStmnt>
</StmntSeq>
</HierarchyLvl>
<HierarchyLvl HierarchyLvlId="1948" HierarchyLvlTypeId="8" Intrnl_Id="600" Name="setNoActiveProject">
<Header>
<Loc EndOffset="14346" SrcFileId="2" StartOffset="14314"/>
</Header>
<LocList>
<Loc EndOffset="14571" SrcFileId="2" StartOffset="14314"/>
</LocList>
<StmntSeq Intrnl_Id="601">
<LocList>
<Loc EndOffset="14388" SrcFileId="2" StartOffset="14356"/>
<Loc EndOffset="14418" SrcFileId="2" StartOffset="14397"/>
<Loc EndOffset="14460" SrcFileId="2" StartOffset="14427"/>
<Loc EndOffset="14565" SrcFileId="2" StartOffset="14555"/>
</LocList>
<BasicStmnt CovItemId="S103" CovItemPrefix="cabra.Controller.java" Intrnl_Id="602">
<LocList>
<Loc EndOffset="14388" SrcFileId="2" StartOffset="14356"/>
</LocList>
</BasicStmnt>
<BasicStmnt CovItemId="S104" CovItemPrefix="cabra.Controller.java" Intrnl_Id="603">
<LocList>
<Loc EndOffset="14418" SrcFileId="2" StartOffset="14397"/>
</LocList>
</BasicStmnt>
<BasicStmnt CovItemId="S105" CovItemPrefix="cabra.Controller.java" Intrnl_Id="604">
<LocList>
<Loc EndOffset="14460" SrcFileId="2" StartOffset="14427"/>
</LocList>
</BasicStmnt>
<BasicStmnt CovItemId="S106" CovItemPrefix="cabra.Controller.java" Intrnl_Id="605">
<LocList>
<Loc EndOffset="14565" SrcFileId="2" StartOffset="14555"/>
</LocList>
</BasicStmnt>
</StmntSeq>
</HierarchyLvl>
<HierarchyLvl HierarchyLvlId="1949" HierarchyLvlTypeId="8" Intrnl_Id="606" Name="addProject">
<Header>
<Loc EndOffset="14887" SrcFileId="2" StartOffset="14822"/>
</Header>
<LocList>
<Loc EndOffset="15321" SrcFileId="2" StartOffset="14822"/>
</LocList>
<StmntSeq Intrnl_Id="607">
<LocList>
<Loc EndOffset="14940" SrcFileId="2" StartOffset="14897"/>
<Loc EndOffset="15061" SrcFileId="2" StartOffset="14958"/>
<Loc EndOffset="15141" SrcFileId="2" StartOffset="15119"/>
<Loc EndOffset="15315" SrcFileId="2" StartOffset="15277"/>
</LocList>
<BasicStmnt CovItemId="S107" CovItemPrefix="cabra.Controller.java" Intrnl_Id="608">
<LocList>
<Loc EndOffset="14940" SrcFileId="2" StartOffset="14897"/>
</LocList>
</BasicStmnt>
<BasicStmnt CovItemId="S108" CovItemPrefix="cabra.Controller.java" Intrnl_Id="609">
<LocList>
<Loc EndOffset="15061" SrcFileId="2" StartOffset="14958"/>
</LocList>
</BasicStmnt>
<BasicStmnt CovItemId="S109" CovItemPrefix="cabra.Controller.java" Intrnl_Id="610">
<LocList>
<Loc EndOffset="15141" SrcFileId="2" StartOffset="15119"/>
</LocList>
</BasicStmnt>
<BasicStmnt CovItemId="S110" CovItemPrefix="cabra.Controller.java" Intrnl_Id="611">
<LocList>
<Loc EndOffset="15315" SrcFileId="2" StartOffset="15277"/>
</LocList>
</BasicStmnt>
</StmntSeq>
</HierarchyLvl>
<HierarchyLvl HierarchyLvlId="1950" HierarchyLvlTypeId="8" Intrnl_Id="612" Name="addProject">
<Header>
<Loc EndOffset="15394" SrcFileId="2" StartOffset="15331"/>
</Header>
<LocList>
<Loc EndOffset="15898" SrcFileId="2" StartOffset="15331"/>
</LocList>
<StmntSeq Intrnl_Id="613">
<LocList>
<Loc EndOffset="15426" SrcFileId="2" StartOffset="15404"/>
<Loc EndOffset="15459" SrcFileId="2" StartOffset="15435"/>
<Loc EndOffset="15653" SrcFileId="2" StartOffset="15633"/>
<Loc EndOffset="15779" SrcFileId="2" StartOffset="15741"/>
<Loc EndOffset="15852" SrcFileId="2" StartOffset="15825"/>
<Loc EndOffset="15885" SrcFileId="2" StartOffset="15870"/>
</LocList>
<BasicStmnt CovItemId="S111" CovItemPrefix="cabra.Controller.java" Intrnl_Id="614">
<LocList>
<Loc EndOffset="15426" SrcFileId="2" StartOffset="15404"/>
</LocList>
</BasicStmnt>
<BasicStmnt CovItemId="S112" CovItemPrefix="cabra.Controller.java" Intrnl_Id="615">
<LocList>
<Loc EndOffset="15459" SrcFileId="2" StartOffset="15435"/>
</LocList>
</BasicStmnt>
<BasicStmnt CovItemId="S113" CovItemPrefix="cabra.Controller.java" Intrnl_Id="616">
<LocList>
<Loc EndOffset="15653" SrcFileId="2" StartOffset="15633"/>
</LocList>
</BasicStmnt>
<BasicStmnt CovItemId="S114" CovItemPrefix="cabra.Controller.java" Intrnl_Id="617">
<LocList>
<Loc EndOffset="15779" SrcFileId="2" StartOffset="15741"/>
</LocList>
</BasicStmnt>
<BasicStmnt CovItemId="S115" CovItemPrefix="cabra.Controller.java" Intrnl_Id="618">
<LocList>
<Loc EndOffset="15852" SrcFileId="2" StartOffset="15825"/>
</LocList>
</BasicStmnt>
<BasicStmnt CovItemId="S116" CovItemPrefix="cabra.Controller.java" Intrnl_Id="619">
<LocList>
<Loc EndOffset="15885" SrcFileId="2" StartOffset="15870"/>
</LocList>
</BasicStmnt>
</StmntSeq>
</HierarchyLvl>
<HierarchyLvl HierarchyLvlId="1951" HierarchyLvlTypeId="8" Intrnl_Id="620" Name="renameProject">
<Header>
<Loc EndOffset="16121" SrcFileId="2" StartOffset="16063"/>
</Header>
<LocList>
<Loc EndOffset="16276" SrcFileId="2" StartOffset="16063"/>
</LocList>
<StmntSeq Intrnl_Id="621">
<LocList>
<Loc EndOffset="16156" SrcFileId="2" StartOffset="16131"/>
<Loc EndOffset="16270" SrcFileId="2" StartOffset="16243"/>
</LocList>
<BasicStmnt CovItemId="S117" CovItemPrefix="cabra.Controller.java" Intrnl_Id="622">
<LocList>
<Loc EndOffset="16156" SrcFileId="2" StartOffset="16131"/>
</LocList>
</BasicStmnt>
<BasicStmnt CovItemId="S118" CovItemPrefix="cabra.Controller.java" Intrnl_Id="623">
<LocList>
<Loc EndOffset="16270" SrcFileId="2" StartOffset="16243"/>
</LocList>
</BasicStmnt>
</StmntSeq>
</HierarchyLvl>
<HierarchyLvl HierarchyLvlId="1952" HierarchyLvlTypeId="8" Intrnl_Id="624" Name="createProjectFromExistingFile">
<Header>
<Loc EndOffset="16616" SrcFileId="2" StartOffset="16536"/>
</Header>
<LocList>
<Loc EndOffset="16872" SrcFileId="2" StartOffset="16536"/>
</LocList>
<StmntSeq Intrnl_Id="625">
<LocList>
<Loc EndOffset="16669" SrcFileId="2" StartOffset="16626"/>
<Loc EndOffset="16746" SrcFileId="2" StartOffset="16707"/>
<Loc EndOffset="16823" SrcFileId="2" StartOffset="16784"/>
<Loc EndOffset="16866" SrcFileId="2" StartOffset="16841"/>
</LocList>
<BasicStmnt CovItemId="S119" CovItemPrefix="cabra.Controller.java" Intrnl_Id="626">
<LocList>
<Loc EndOffset="16669" SrcFileId="2" StartOffset="16626"/>
</LocList>
</BasicStmnt>
<BasicStmnt CovItemId="S120" CovItemPrefix="cabra.Controller.java" Intrnl_Id="627">
<LocList>
<Loc EndOffset="16746" SrcFileId="2" StartOffset="16707"/>
</LocList>
</BasicStmnt>
<BasicStmnt CovItemId="S121" CovItemPrefix="cabra.Controller.java" Intrnl_Id="628">
<LocList>
<Loc EndOffset="16823" SrcFileId="2" StartOffset="16784"/>
</LocList>
</BasicStmnt>
<BasicStmnt CovItemId="S122" CovItemPrefix="cabra.Controller.java" Intrnl_Id="629">
<LocList>
<Loc EndOffset="16866" SrcFileId="2" StartOffset="16841"/>
</LocList>
</BasicStmnt>
</StmntSeq>
</HierarchyLvl>
<HierarchyLvl HierarchyLvlId="1953" HierarchyLvlTypeId="8" Intrnl_Id="630" Name="removeProject">
<Header>
<Loc EndOffset="16924" SrcFileId="2" StartOffset="16882"/>
</Header>
<LocList>
<Loc EndOffset="18510" SrcFileId="2" StartOffset="16882"/>
</LocList>
<StmntSeq Intrnl_Id="631">
<LocList>
<Loc EndOffset="17252" SrcFileId="2" StartOffset="17201"/>
<Loc EndOffset="17380" SrcFileId="2" StartOffset="17299"/>
<Loc EndOffset="17539" SrcFileId="2" StartOffset="17461"/>
<Loc EndOffset="17604" SrcFileId="2" StartOffset="17583"/>
<Loc EndOffset="18354" SrcFileId="2" StartOffset="17683"/>
<Loc EndOffset="18459" SrcFileId="2" StartOffset="18423"/>
</LocList>
<BasicStmnt CovItemId="S123" CovItemPrefix="cabra.Controller.java" Intrnl_Id="632">
<LocList>
<Loc EndOffset="17252" SrcFileId="2" StartOffset="17201"/>
</LocList>
</BasicStmnt>
<BasicStmnt CovItemId="S124" CovItemPrefix="cabra.Controller.java" Intrnl_Id="633">
<LocList>
<Loc EndOffset="17380" SrcFileId="2" StartOffset="17299"/>
</LocList>
</BasicStmnt>
<LoopStmnt CovItemId="S125" CovItemPrefix="cabra.Controller.java" Intrnl_Id="634" MltplExecId="L3-2" MltplExecPrefix="cabra.Controller.java" NvrExecId="L3-0" NvrExecPrefix="cabra.Controller.java" OnceExecutedId="L3-1" OnceExecutedPrefix="cabra.Controller.java" OptBodyExec="true">
<StmntSeq Intrnl_Id="635">
<LocList>
<Loc EndOffset="17529" SrcFileId="2" StartOffset="17515"/>
</LocList>
<BasicStmnt CovItemId="S126" CovItemPrefix="cabra.Controller.java" Intrnl_Id="636">
<LocList>
<Loc EndOffset="17529" SrcFileId="2" StartOffset="17515"/>
</LocList>
</BasicStmnt>
</StmntSeq>
<Keyword EndOffset="17464" SrcFileId="2" StartOffset="17461"/>
<LocList>
<Loc EndOffset="17539" SrcFileId="2" StartOffset="17461"/>
</LocList>
</LoopStmnt>
<BasicStmnt CovItemId="S127" CovItemPrefix="cabra.Controller.java" Intrnl_Id="637">
<LocList>
<Loc EndOffset="17604" SrcFileId="2" StartOffset="17583"/>
</LocList>
</BasicStmnt>
<CondStmnt CovItemId="S128" CovItemPrefix="cabra.Controller.java" Intrnl_Id="638">
<Branch CovItemId="B39" CovItemPrefix="cabra.Controller.java" Implct="false" Intrnl_Id="639">
<Cond/>
<LocList>
<Loc EndOffset="18354" SrcFileId="2" StartOffset="17716"/>
</LocList>
<StmntSeq Intrnl_Id="640">
<LocList>
<Loc EndOffset="18344" SrcFileId="2" StartOffset="17776"/>
</LocList>
<CondStmnt CovItemId="S129" CovItemPrefix="cabra.Controller.java" Intrnl_Id="641">
<Branch CovItemId="B41" CovItemPrefix="cabra.Controller.java" Implct="false" Intrnl_Id="642">
<Cond/>
<LocList>
<Loc EndOffset="17963" SrcFileId="2" StartOffset="17800"/>
</LocList>
<StmntSeq Intrnl_Id="643">
<LocList>
<Loc EndOffset="17905" SrcFileId="2" StartOffset="17884"/>
</LocList>
<BasicStmnt CovItemId="S130" CovItemPrefix="cabra.Controller.java" Intrnl_Id="644">
<LocList>
<Loc EndOffset="17905" SrcFileId="2" StartOffset="17884"/>
</LocList>
</BasicStmnt>
</StmntSeq>
</Branch>
<Branch CovItemId="B42" CovItemPrefix="cabra.Controller.java" Implct="false" Intrnl_Id="645">
<Cond>
<Loc EndOffset="17980" SrcFileId="2" StartOffset="17976"/>
</Cond>
<LocList>
<Loc EndOffset="18344" SrcFileId="2" StartOffset="17980"/>
</LocList>
<StmntSeq Intrnl_Id="646">
<LocList>
<Loc EndOffset="18285" SrcFileId="2" StartOffset="18045"/>
<Loc EndOffset="18316" SrcFileId="2" StartOffset="18306"/>
</LocList>
<CondStmnt CovItemId="S131" CovItemPrefix="cabra.Controller.java" Intrnl_Id="647">
<Branch CovItemId="B43" CovItemPrefix="cabra.Controller.java" Implct="false" Intrnl_Id="648">
<Cond/>
<LocList>
<Loc EndOffset="18151" SrcFileId="2" StartOffset="18072"/>
</LocList>
<StmntSeq Intrnl_Id="649">
<LocList>
<Loc EndOffset="18133" SrcFileId="2" StartOffset="18094"/>
</LocList>
<BasicStmnt CovItemId="S132" CovItemPrefix="cabra.Controller.java" Intrnl_Id="650">
<LocList>
<Loc EndOffset="18133" SrcFileId="2" StartOffset="18094"/>
</LocList>
</BasicStmnt>
</StmntSeq>
</Branch>
<Branch CovItemId="B44" CovItemPrefix="cabra.Controller.java" Implct="false" Intrnl_Id="651">
<Cond>
<Loc EndOffset="18172" SrcFileId="2" StartOffset="18168"/>
</Cond>
<LocList>
<Loc EndOffset="18285" SrcFileId="2" StartOffset="18172"/>
</LocList>
<StmntSeq Intrnl_Id="652">
<LocList>
<Loc EndOffset="18252" SrcFileId="2" StartOffset="18194"/>
</LocList>
<BasicStmnt CovItemId="S133" CovItemPrefix="cabra.Controller.java" Intrnl_Id="653">
<LocList>
<Loc EndOffset="18252" SrcFileId="2" StartOffset="18194"/>
</LocList>
</BasicStmnt>
</StmntSeq>
</Branch>
<Keyword EndOffset="18047" SrcFileId="2" StartOffset="18045"/>
<LocList>
<Loc EndOffset="18285" SrcFileId="2" StartOffset="18045"/>
</LocList>
<RootTerm CovItemId="C19" CovItemPrefix="cabra.Controller.java" Intrnl_Id="654">
<BasicBoolTerm Intrnl_Id="655">
<LocList>
<Loc EndOffset="18071" SrcFileId="2" StartOffset="18048"/>
</LocList>
</BasicBoolTerm>
</RootTerm>
</CondStmnt>
<BasicStmnt CovItemId="S134" CovItemPrefix="cabra.Controller.java" Intrnl_Id="656">
<LocList>
<Loc EndOffset="18316" SrcFileId="2" StartOffset="18306"/>
</LocList>
</BasicStmnt>
</StmntSeq>
</Branch>
<Keyword EndOffset="17778" SrcFileId="2" StartOffset="17776"/>
<LocList>
<Loc EndOffset="18344" SrcFileId="2" StartOffset="17776"/>
</LocList>
<RootTerm CovItemId="C18" CovItemPrefix="cabra.Controller.java" Intrnl_Id="657">
<BasicBoolTerm Intrnl_Id="658">
<LocList>
<Loc EndOffset="17799" SrcFileId="2" StartOffset="17779"/>
</LocList>
</BasicBoolTerm>
</RootTerm>
</CondStmnt>
</StmntSeq>
</Branch>
<Branch CovItemId="B40" CovItemPrefix="cabra.Controller.java" Implct="true" Intrnl_Id="659">
<Cond/>
<LocList/>
<StmntSeq Intrnl_Id="660">
<LocList/>
</StmntSeq>
</Branch>
<Keyword EndOffset="17685" SrcFileId="2" StartOffset="17683"/>
<LocList>
<Loc EndOffset="18354" SrcFileId="2" StartOffset="17683"/>
</LocList>
<RootTerm CovItemId="C17" CovItemPrefix="cabra.Controller.java" Intrnl_Id="661">
<BasicBoolTerm Intrnl_Id="662">
<LocList>
<Loc EndOffset="17715" SrcFileId="2" StartOffset="17686"/>
</LocList>
</BasicBoolTerm>
</RootTerm>
</CondStmnt>
<BasicStmnt CovItemId="S135" CovItemPrefix="cabra.Controller.java" Intrnl_Id="663">
<LocList>
<Loc EndOffset="18459" SrcFileId="2" StartOffset="18423"/>
</LocList>
</BasicStmnt>
</StmntSeq>
</HierarchyLvl>
<HierarchyLvl HierarchyLvlId="1954" HierarchyLvlTypeId="8" Intrnl_Id="664" Name="addCardToActiveProject">
<Header>
<Loc EndOffset="18565" SrcFileId="2" StartOffset="18520"/>
</Header>
<LocList>
<Loc EndOffset="19006" SrcFileId="2" StartOffset="18520"/>
</LocList>
<StmntSeq Intrnl_Id="665">
<LocList>
<Loc EndOffset="18945" SrcFileId="2" StartOffset="18643"/>
</LocList>
<CondStmnt CovItemId="S136" CovItemPrefix="cabra.Controller.java" Intrnl_Id="666">
<Branch CovItemId="B45" CovItemPrefix="cabra.Controller.java" Implct="false" Intrnl_Id="667">
<Cond/>
<LocList>
<Loc EndOffset="18945" SrcFileId="2" StartOffset="18668"/>
</LocList>
<StmntSeq Intrnl_Id="668">
<LocList>
<Loc EndOffset="18710" SrcFileId="2" StartOffset="18682"/>
<Loc EndOffset="18795" SrcFileId="2" StartOffset="18762"/>
<Loc EndOffset="18892" SrcFileId="2" StartOffset="18808"/>
<Loc EndOffset="18935" SrcFileId="2" StartOffset="18925"/>
</LocList>
<BasicStmnt CovItemId="S137" CovItemPrefix="cabra.Controller.java" Intrnl_Id="669">
<LocList>
<Loc EndOffset="18710" SrcFileId="2" StartOffset="18682"/>
</LocList>
</BasicStmnt>
<BasicStmnt CovItemId="S138" CovItemPrefix="cabra.Controller.java" Intrnl_Id="670">
<LocList>
<Loc EndOffset="18795" SrcFileId="2" StartOffset="18762"/>
</LocList>
</BasicStmnt>
<CondStmnt CovItemId="S139" CovItemPrefix="cabra.Controller.java" Intrnl_Id="671">
<Branch CovItemId="B47" CovItemPrefix="cabra.Controller.java" Implct="false" Intrnl_Id="672">
<Cond/>
<LocList>
<Loc EndOffset="18892" SrcFileId="2" StartOffset="18829"/>
</LocList>
<StmntSeq Intrnl_Id="673">
<LocList>
<Loc EndOffset="18878" SrcFileId="2" StartOffset="18847"/>
</LocList>
<BasicStmnt CovItemId="S140" CovItemPrefix="cabra.Controller.java" Intrnl_Id="674">
<LocList>
<Loc EndOffset="18878" SrcFileId="2" StartOffset="18847"/>
</LocList>
</BasicStmnt>
</StmntSeq>
</Branch>
<Branch CovItemId="B48" CovItemPrefix="cabra.Controller.java" Implct="true" Intrnl_Id="675">
<Cond/>
<LocList/>
<StmntSeq Intrnl_Id="676">
<LocList/>
</StmntSeq>
</Branch>
<Keyword EndOffset="18810" SrcFileId="2" StartOffset="18808"/>
<LocList>
<Loc EndOffset="18892" SrcFileId="2" StartOffset="18808"/>
</LocList>
<RootTerm CovItemId="C21" CovItemPrefix="cabra.Controller.java" Intrnl_Id="677">
<BasicBoolTerm Intrnl_Id="678">
<LocList>
<Loc EndOffset="18828" SrcFileId="2" StartOffset="18811"/>
</LocList>
</BasicBoolTerm>
</RootTerm>
</CondStmnt>
<BasicStmnt CovItemId="S141" CovItemPrefix="cabra.Controller.java" Intrnl_Id="679">
<LocList>
<Loc EndOffset="18935" SrcFileId="2" StartOffset="18925"/>
</LocList>
</BasicStmnt>
</StmntSeq>
</Branch>
<Branch CovItemId="B46" CovItemPrefix="cabra.Controller.java" Implct="true" Intrnl_Id="680">
<Cond/>
<LocList/>
<StmntSeq Intrnl_Id="681">
<LocList/>
</StmntSeq>
</Branch>
<Keyword EndOffset="18645" SrcFileId="2" StartOffset="18643"/>
<LocList>
<Loc EndOffset="18945" SrcFileId="2" StartOffset="18643"/>
</LocList>
<RootTerm CovItemId="C20" CovItemPrefix="cabra.Controller.java" Intrnl_Id="682">
<BasicBoolTerm Intrnl_Id="683">
<LocList>
<Loc EndOffset="18667" SrcFileId="2" StartOffset="18646"/>
</LocList>
</BasicBoolTerm>
</RootTerm>
</CondStmnt>
</StmntSeq>
</HierarchyLvl>
</HierarchyLvl>
<HierarchyLvl HierarchyLvlId="1982" HierarchyLvlTypeId="7" Intrnl_Id="684" Name="Card">
<Header>
<Loc EndOffset="219" SrcFileId="3" StartOffset="187"/>
</Header>
<LocList>
<Loc EndOffset="8094" SrcFileId="3" StartOffset="187"/>
</LocList>
<StmntSeq Intrnl_Id="685">
<LocList>
<Loc EndOffset="559" SrcFileId="3" StartOffset="508"/>
<Loc EndOffset="655" SrcFileId="3" StartOffset="611"/>
<Loc EndOffset="732" SrcFileId="3" StartOffset="679"/>
<Loc EndOffset="842" SrcFileId="3" StartOffset="800"/>
</LocList>
<BasicStmnt CovItemId="S1" CovItemPrefix="cabra.Card.java" Intrnl_Id="686">
<LocList>
<Loc EndOffset="559" SrcFileId="3" StartOffset="508"/>
</LocList>
</BasicStmnt>
<BasicStmnt CovItemId="S2" CovItemPrefix="cabra.Card.java" Intrnl_Id="687">
<LocList>
<Loc EndOffset="655" SrcFileId="3" StartOffset="611"/>
</LocList>
</BasicStmnt>
<BasicStmnt CovItemId="S3" CovItemPrefix="cabra.Card.java" Intrnl_Id="688">
<LocList>
<Loc EndOffset="732" SrcFileId="3" StartOffset="679"/>
</LocList>
</BasicStmnt>
<BasicStmnt CovItemId="S4" CovItemPrefix="cabra.Card.java" Intrnl_Id="689">
<LocList>
<Loc EndOffset="842" SrcFileId="3" StartOffset="800"/>
</LocList>
</BasicStmnt>
</StmntSeq>
<HierarchyLvl HierarchyLvlId="1956" HierarchyLvlTypeId="8" Intrnl_Id="690" Name="Card">
<Header>
<Loc EndOffset="1079" SrcFileId="3" StartOffset="983"/>
</Header>
<LocList>
<Loc EndOffset="1276" SrcFileId="3" StartOffset="983"/>
</LocList>
<StmntSeq Intrnl_Id="691">
<LocList>
<Loc EndOffset="1107" SrcFileId="3" StartOffset="1089"/>
<Loc EndOffset="1149" SrcFileId="3" StartOffset="1116"/>
<Loc EndOffset="1196" SrcFileId="3" StartOffset="1167"/>
<Loc EndOffset="1230" SrcFileId="3" StartOffset="1205"/>
<Loc EndOffset="1270" SrcFileId="3" StartOffset="1239"/>
</LocList>
<BasicStmnt CovItemId="S5" CovItemPrefix="cabra.Card.java" Intrnl_Id="692">
<LocList>
<Loc EndOffset="1107" SrcFileId="3" StartOffset="1089"/>
</LocList>
</BasicStmnt>
<BasicStmnt CovItemId="S6" CovItemPrefix="cabra.Card.java" Intrnl_Id="693">
<LocList>
<Loc EndOffset="1149" SrcFileId="3" StartOffset="1116"/>
</LocList>
</BasicStmnt>
<BasicStmnt CovItemId="S7" CovItemPrefix="cabra.Card.java" Intrnl_Id="694">
<LocList>
<Loc EndOffset="1196" SrcFileId="3" StartOffset="1167"/>
</LocList>
</BasicStmnt>
<BasicStmnt CovItemId="S8" CovItemPrefix="cabra.Card.java" Intrnl_Id="695">
<LocList>
<Loc EndOffset="1230" SrcFileId="3" StartOffset="1205"/>
</LocList>
</BasicStmnt>
<BasicStmnt CovItemId="S9" CovItemPrefix="cabra.Card.java" Intrnl_Id="696">
<LocList>
<Loc EndOffset="1270" SrcFileId="3" StartOffset="1239"/>
</LocList>
</BasicStmnt>
</StmntSeq>
</HierarchyLvl>
<HierarchyLvl HierarchyLvlId="1957" HierarchyLvlTypeId="8" Intrnl_Id="697" Name="Card">
<Header>
<Loc EndOffset="1363" SrcFileId="3" StartOffset="1288"/>
</Header>
<LocList>
<Loc EndOffset="1437" SrcFileId="3" StartOffset="1288"/>
</LocList>
<StmntSeq Intrnl_Id="698">
<LocList>
<Loc EndOffset="1431" SrcFileId="3" StartOffset="1373"/>
</LocList>
<BasicStmnt CovItemId="S10" CovItemPrefix="cabra.Card.java" Intrnl_Id="699">
<LocList>
<Loc EndOffset="1431" SrcFileId="3" StartOffset="1373"/>
</LocList>
</BasicStmnt>
</StmntSeq>
</HierarchyLvl>
<HierarchyLvl HierarchyLvlId="1958" HierarchyLvlTypeId="8" Intrnl_Id="700" Name="Card">
<Header>
<Loc EndOffset="1508" SrcFileId="3" StartOffset="1447"/>
</Header>
<LocList>
<Loc EndOffset="1580" SrcFileId="3" StartOffset="1447"/>
</LocList>
<StmntSeq Intrnl_Id="701">
<LocList>
<Loc EndOffset="1574" SrcFileId="3" StartOffset="1518"/>
</LocList>
<BasicStmnt CovItemId="S11" CovItemPrefix="cabra.Card.java" Intrnl_Id="702">
<LocList>
<Loc EndOffset="1574" SrcFileId="3" StartOffset="1518"/>
</LocList>
</BasicStmnt>
</StmntSeq>
</HierarchyLvl>
<HierarchyLvl HierarchyLvlId="1959" HierarchyLvlTypeId="8" Intrnl_Id="703" Name="Card">
<Header>
<Loc EndOffset="1632" SrcFileId="3" StartOffset="1590"/>
</Header>
<LocList>
<Loc EndOffset="1688" SrcFileId="3" StartOffset="1590"/>
</LocList>
<StmntSeq Intrnl_Id="704">
<LocList>
<Loc EndOffset="1682" SrcFileId="3" StartOffset="1642"/>
</LocList>
<BasicStmnt CovItemId="S12" CovItemPrefix="cabra.Card.java" Intrnl_Id="705">
<LocList>
<Loc EndOffset="1682" SrcFileId="3" StartOffset="1642"/>
</LocList>
</BasicStmnt>
</StmntSeq>
</HierarchyLvl>
<HierarchyLvl HierarchyLvlId="1960" HierarchyLvlTypeId="8" Intrnl_Id="706" Name="trimPictureFile">
<Header>
<Loc EndOffset="1732" SrcFileId="3" StartOffset="1703"/>
</Header>
<LocList>
<Loc EndOffset="1926" SrcFileId="3" StartOffset="1703"/>
</LocList>
<StmntSeq Intrnl_Id="707">
<LocList>
<Loc EndOffset="1866" SrcFileId="3" StartOffset="1829"/>
<Loc EndOffset="1912" SrcFileId="3" StartOffset="1875"/>
</LocList>
<BasicStmnt CovItemId="S13" CovItemPrefix="cabra.Card.java" Intrnl_Id="708">
<LocList>
<Loc EndOffset="1866" SrcFileId="3" StartOffset="1829"/>
</LocList>
</BasicStmnt>
<BasicStmnt CovItemId="S14" CovItemPrefix="cabra.Card.java" Intrnl_Id="709">
<LocList>
<Loc EndOffset="1912" SrcFileId="3" StartOffset="1875"/>
</LocList>
</BasicStmnt>
</StmntSeq>
</HierarchyLvl>
<HierarchyLvl HierarchyLvlId="1961" HierarchyLvlTypeId="8" Intrnl_Id="710" Name="hasPicture">
<Header>
<Loc EndOffset="2077" SrcFileId="3" StartOffset="2050"/>
</Header>
<LocList>
<Loc EndOffset="2139" SrcFileId="3" StartOffset="2050"/>
</LocList>
<StmntSeq Intrnl_Id="711">
<LocList>
<Loc EndOffset="2133" SrcFileId="3" StartOffset="2087"/>
</LocList>
<BasicStmnt CovItemId="S15" CovItemPrefix="cabra.Card.java" Intrnl_Id="712">
<LocList>
<Loc EndOffset="2133" SrcFileId="3" StartOffset="2087"/>
</LocList>
</BasicStmnt>
</StmntSeq>
</HierarchyLvl>
<HierarchyLvl HierarchyLvlId="1962" HierarchyLvlTypeId="8" Intrnl_Id="713" Name="setStatus">
<Header>
<Loc EndOffset="2210" SrcFileId="3" StartOffset="2174"/>
</Header>
<LocList>
<Loc EndOffset="2427" SrcFileId="3" StartOffset="2174"/>
</LocList>
<StmntSeq Intrnl_Id="714">
<LocList>
<Loc EndOffset="2311" SrcFileId="3" StartOffset="2290"/>
<Loc EndOffset="2357" SrcFileId="3" StartOffset="2320"/>
</LocList>
<BasicStmnt CovItemId="S16" CovItemPrefix="cabra.Card.java" Intrnl_Id="715">
<LocList>
<Loc EndOffset="2311" SrcFileId="3" StartOffset="2290"/>
</LocList>
</BasicStmnt>
<BasicStmnt CovItemId="S17" CovItemPrefix="cabra.Card.java" Intrnl_Id="716">
<LocList>
<Loc EndOffset="2357" SrcFileId="3" StartOffset="2320"/>
</LocList>
</BasicStmnt>
</StmntSeq>
</HierarchyLvl>
<HierarchyLvl HierarchyLvlId="1963" HierarchyLvlTypeId="8" Intrnl_Id="717" Name="getStatus">
<Header>
<Loc EndOffset="2462" SrcFileId="3" StartOffset="2437"/>
</Header>
<LocList>
<Loc EndOffset="2497" SrcFileId="3" StartOffset="2437"/>
</LocList>
<StmntSeq Intrnl_Id="718">
<LocList>
<Loc EndOffset="2491" SrcFileId="3" StartOffset="2472"/>
</LocList>
<BasicStmnt CovItemId="S18" CovItemPrefix="cabra.Card.java" Intrnl_Id="719">
<LocList>
<Loc EndOffset="2491" SrcFileId="3" StartOffset="2472"/>
</LocList>
</BasicStmnt>
</StmntSeq>
</HierarchyLvl>
<HierarchyLvl HierarchyLvlId="1964" HierarchyLvlTypeId="8" Intrnl_Id="720" Name="sessionsLeft">
<Header>
<Loc EndOffset="2532" SrcFileId="3" StartOffset="2507"/>
</Header>
<LocList>
<Loc EndOffset="2568" SrcFileId="3" StartOffset="2507"/>
</LocList>
<StmntSeq Intrnl_Id="721">
<LocList>
<Loc EndOffset="2562" SrcFileId="3" StartOffset="2542"/>
</LocList>
<BasicStmnt CovItemId="S19" CovItemPrefix="cabra.Card.java" Intrnl_Id="722">
<LocList>
<Loc EndOffset="2562" SrcFileId="3" StartOffset="2542"/>
</LocList>
</BasicStmnt>
</StmntSeq>
</HierarchyLvl>
<HierarchyLvl HierarchyLvlId="1965" HierarchyLvlTypeId="8" Intrnl_Id="723" Name="isDueForStudying">
<Header>
<Loc EndOffset="2611" SrcFileId="3" StartOffset="2578"/>
</Header>
<LocList>
<Loc EndOffset="2652" SrcFileId="3" StartOffset="2578"/>
</LocList>
<StmntSeq Intrnl_Id="724">
<LocList>
<Loc EndOffset="2646" SrcFileId="3" StartOffset="2621"/>
</LocList>
<BasicStmnt CovItemId="S20" CovItemPrefix="cabra.Card.java" Intrnl_Id="725">
<LocList>
<Loc EndOffset="2646" SrcFileId="3" StartOffset="2621"/>
</LocList>
</BasicStmnt>
</StmntSeq>
</HierarchyLvl>
<HierarchyLvl HierarchyLvlId="1966" HierarchyLvlTypeId="8" Intrnl_Id="726" Name="study">
<Header>
<Loc EndOffset="2825" SrcFileId="3" StartOffset="2782"/>
</Header>
<LocList>
<Loc EndOffset="3293" SrcFileId="3" StartOffset="2782"/>
</LocList>
<StmntSeq Intrnl_Id="727">
<LocList>
<Loc EndOffset="3287" SrcFileId="3" StartOffset="2835"/>
</LocList>
<CondStmnt CovItemId="S21" CovItemPrefix="cabra.Card.java" Intrnl_Id="728">
<Branch CovItemId="B1" CovItemPrefix="cabra.Card.java" Implct="false" Intrnl_Id="729">
<Cond>
<Loc EndOffset="2871" SrcFileId="3" StartOffset="2863"/>
</Cond>
<LocList>
<Loc EndOffset="2972" SrcFileId="3" StartOffset="2920"/>
</LocList>
<StmntSeq Intrnl_Id="730">
<LocList>
<Loc EndOffset="2949" SrcFileId="3" StartOffset="2920"/>
<Loc EndOffset="2972" SrcFileId="3" StartOffset="2966"/>
</LocList>
<BasicStmnt CovItemId="S22" CovItemPrefix="cabra.Card.java" Intrnl_Id="731">
<LocList>
<Loc EndOffset="2949" SrcFileId="3" StartOffset="2920"/>
</LocList>
</BasicStmnt>
<BasicStmnt CovItemId="S23" CovItemPrefix="cabra.Card.java" Intrnl_Id="732">
<LocList>
<Loc EndOffset="2972" SrcFileId="3" StartOffset="2966"/>
</LocList>
</BasicStmnt>
</StmntSeq>
</Branch>
<Branch CovItemId="B2" CovItemPrefix="cabra.Card.java" Implct="false" Intrnl_Id="733">
<Cond>
<Loc EndOffset="2992" SrcFileId="3" StartOffset="2985"/>
</Cond>
<LocList>
<Loc EndOffset="3094" SrcFileId="3" StartOffset="3051"/>
</LocList>
<StmntSeq Intrnl_Id="734">
<LocList>
<Loc EndOffset="3071" SrcFileId="3" StartOffset="3051"/>
<Loc EndOffset="3094" SrcFileId="3" StartOffset="3088"/>
</LocList>
<BasicStmnt CovItemId="S24" CovItemPrefix="cabra.Card.java" Intrnl_Id="735">
<LocList>
<Loc EndOffset="3071" SrcFileId="3" StartOffset="3051"/>
</LocList>
</BasicStmnt>
<BasicStmnt CovItemId="S25" CovItemPrefix="cabra.Card.java" Intrnl_Id="736">
<LocList>
<Loc EndOffset="3094" SrcFileId="3" StartOffset="3088"/>
</LocList>
</BasicStmnt>
</StmntSeq>
</Branch>
<Branch CovItemId="B3" CovItemPrefix="cabra.Card.java" Implct="false" Intrnl_Id="737">
<Cond>
<Loc EndOffset="3119" SrcFileId="3" StartOffset="3107"/>
</Cond>
<LocList>
<Loc EndOffset="3228" SrcFileId="3" StartOffset="3172"/>
</LocList>
<StmntSeq Intrnl_Id="738">
<LocList>
<Loc EndOffset="3205" SrcFileId="3" StartOffset="3172"/>
<Loc EndOffset="3228" SrcFileId="3" StartOffset="3222"/>
</LocList>
<BasicStmnt CovItemId="S26" CovItemPrefix="cabra.Card.java" Intrnl_Id="739">
<LocList>
<Loc EndOffset="3205" SrcFileId="3" StartOffset="3172"/>
</LocList>
</BasicStmnt>
<BasicStmnt CovItemId="S27" CovItemPrefix="cabra.Card.java" Intrnl_Id="740">
<LocList>
<Loc EndOffset="3228" SrcFileId="3" StartOffset="3222"/>
</LocList>
</BasicStmnt>
</StmntSeq>
</Branch>
<Branch CovItemId="B4" CovItemPrefix="cabra.Card.java" Implct="false" Intrnl_Id="741">
<Cond>
<Loc EndOffset="3253" SrcFileId="3" StartOffset="3241"/>
</Cond>
<LocList>
<Loc EndOffset="3277" SrcFileId="3" StartOffset="3271"/>
</LocList>
<StmntSeq Intrnl_Id="742">
<LocList>
<Loc EndOffset="3277" SrcFileId="3" StartOffset="3271"/>
</LocList>
<BasicStmnt CovItemId="S28" CovItemPrefix="cabra.Card.java" Intrnl_Id="743">
<LocList>
<Loc EndOffset="3277" SrcFileId="3" StartOffset="3271"/>
</LocList>
</BasicStmnt>
</StmntSeq>
</Branch>
<Branch CovItemId="B5" CovItemPrefix="cabra.Card.java" Implct="true" Intrnl_Id="744">
<Cond/>
<LocList/>
<StmntSeq Intrnl_Id="745">
<LocList/>
</StmntSeq>
</Branch>
<Keyword EndOffset="2841" SrcFileId="3" StartOffset="2835"/>
<LocList>
<Loc EndOffset="3287" SrcFileId="3" StartOffset="2835"/>
</LocList>
</CondStmnt>
</StmntSeq>
</HierarchyLvl>
<HierarchyLvl HierarchyLvlId="1967" HierarchyLvlTypeId="8" Intrnl_Id="746" Name="skip">
<Header>
<Loc EndOffset="3380" SrcFileId="3" StartOffset="3362"/>
</Header>
<LocList>
<Loc EndOffset="3444" SrcFileId="3" StartOffset="3362"/>
</LocList>
<StmntSeq Intrnl_Id="747">
<LocList>
<Loc EndOffset="3438" SrcFileId="3" StartOffset="3390"/>
</LocList>
<CondStmnt CovItemId="S29" CovItemPrefix="cabra.Card.java" Intrnl_Id="748">
<Branch CovItemId="B6" CovItemPrefix="cabra.Card.java" Implct="false" Intrnl_Id="749">
<Cond/>
<LocList>
<Loc EndOffset="3438" SrcFileId="3" StartOffset="3423"/>
</LocList>
<StmntSeq Intrnl_Id="750">
<LocList>
<Loc EndOffset="3438" SrcFileId="3" StartOffset="3423"/>
</LocList>
<BasicStmnt CovItemId="S30" CovItemPrefix="cabra.Card.java" Intrnl_Id="751">
<LocList>
<Loc EndOffset="3438" SrcFileId="3" StartOffset="3423"/>
</LocList>
</BasicStmnt>
</StmntSeq>
</Branch>
<Branch CovItemId="B7" CovItemPrefix="cabra.Card.java" Implct="true" Intrnl_Id="752">
<Cond/>
<LocList/>
<StmntSeq Intrnl_Id="753">
<LocList/>
</StmntSeq>
</Branch>
<Keyword EndOffset="3392" SrcFileId="3" StartOffset="3390"/>
<LocList>
<Loc EndOffset="3438" SrcFileId="3" StartOffset="3390"/>
</LocList>
<RootTerm CovItemId="C1" CovItemPrefix="cabra.Card.java" Intrnl_Id="754">
<BasicBoolTerm Intrnl_Id="755">
<LocList>
<Loc EndOffset="3409" SrcFileId="3" StartOffset="3393"/>
</LocList>
</BasicBoolTerm>
</RootTerm>
</CondStmnt>
</StmntSeq>
</HierarchyLvl>
<HierarchyLvl HierarchyLvlId="1968" HierarchyLvlTypeId="8" Intrnl_Id="756" Name="getQuestion">
<Header>
<Loc EndOffset="3477" SrcFileId="3" StartOffset="3450"/>
</Header>
<LocList>
<Loc EndOffset="3613" SrcFileId="3" StartOffset="3450"/>
</LocList>
<StmntSeq Intrnl_Id="757">
<LocList>
<Loc EndOffset="3560" SrcFileId="3" StartOffset="3514"/>
<Loc EndOffset="3607" SrcFileId="3" StartOffset="3595"/>
</LocList>
<BasicStmnt CovItemId="S31" CovItemPrefix="cabra.Card.java" Intrnl_Id="758">
<LocList>
<Loc EndOffset="3560" SrcFileId="3" StartOffset="3514"/>
</LocList>
</BasicStmnt>
<BasicStmnt CovItemId="S32" CovItemPrefix="cabra.Card.java" Intrnl_Id="759">
<LocList>
<Loc EndOffset="3607" SrcFileId="3" StartOffset="3595"/>
</LocList>
</BasicStmnt>
</StmntSeq>
</HierarchyLvl>
<HierarchyLvl HierarchyLvlId="1969" HierarchyLvlTypeId="8" Intrnl_Id="760" Name="getAnswer">
<Header>
<Loc EndOffset="3643" SrcFileId="3" StartOffset="3618"/>
</Header>
<LocList>
<Loc EndOffset="3756" SrcFileId="3" StartOffset="3618"/>
</LocList>
<StmntSeq Intrnl_Id="761">
<LocList>
<Loc EndOffset="3690" SrcFileId="3" StartOffset="3653"/>
</LocList>
<BasicStmnt CovItemId="S33" CovItemPrefix="cabra.Card.java" Intrnl_Id="762">
<LocList>
<Loc EndOffset="3690" SrcFileId="3" StartOffset="3653"/>
</LocList>
</BasicStmnt>
</StmntSeq>
</HierarchyLvl>
<HierarchyLvl HierarchyLvlId="1970" HierarchyLvlTypeId="8" Intrnl_Id="763" Name="setQuestion">
<Header>
<Loc EndOffset="3802" SrcFileId="3" StartOffset="3766"/>
</Header>
<LocList>
<Loc EndOffset="3898" SrcFileId="3" StartOffset="3766"/>
</LocList>
<StmntSeq Intrnl_Id="764">
<LocList>
<Loc EndOffset="3892" SrcFileId="3" StartOffset="3812"/>
</LocList>
<CondStmnt CovItemId="S34" CovItemPrefix="cabra.Card.java" Intrnl_Id="765">
<Branch CovItemId="B8" CovItemPrefix="cabra.Card.java" Implct="false" Intrnl_Id="766">
<Cond/>
<LocList>
<Loc EndOffset="3892" SrcFileId="3" StartOffset="3867"/>
</LocList>
<StmntSeq Intrnl_Id="767">
<LocList>
<Loc EndOffset="3892" SrcFileId="3" StartOffset="3867"/>
</LocList>
<BasicStmnt CovItemId="S35" CovItemPrefix="cabra.Card.java" Intrnl_Id="768">
<LocList>
<Loc EndOffset="3892" SrcFileId="3" StartOffset="3867"/>
</LocList>
</BasicStmnt>
</StmntSeq>
</Branch>
<Branch CovItemId="B9" CovItemPrefix="cabra.Card.java" Implct="true" Intrnl_Id="769">
<Cond/>
<LocList/>
<StmntSeq Intrnl_Id="770">
<LocList/>
</StmntSeq>
</Branch>
<Keyword EndOffset="3814" SrcFileId="3" StartOffset="3812"/>
<LocList>
<Loc EndOffset="3892" SrcFileId="3" StartOffset="3812"/>
</LocList>
<RootTerm CovItemId="C2" CovItemPrefix="cabra.Card.java" Intrnl_Id="771">
<OpTerm BooleanOpId="5" Intrnl_Id="772">
<BasicBoolTerm Intrnl_Id="773">
<LocList>
<Loc EndOffset="3827" SrcFileId="3" StartOffset="3815"/>
</LocList>
</BasicBoolTerm>
<BasicBoolTerm Intrnl_Id="774">
<LocList>
<Loc EndOffset="3853" SrcFileId="3" StartOffset="3831"/>
</LocList>
</BasicBoolTerm>
<LocList>
<Loc EndOffset="3830" SrcFileId="3" StartOffset="3828"/>
</LocList>
</OpTerm>
</RootTerm>
</CondStmnt>
</StmntSeq>
</HierarchyLvl>
<HierarchyLvl HierarchyLvlId="1971" HierarchyLvlTypeId="8" Intrnl_Id="775" Name="setAnswer">
<Header>
<Loc EndOffset="3942" SrcFileId="3" StartOffset="3908"/>
</Header>
<LocList>
<Loc EndOffset="4037" SrcFileId="3" StartOffset="3908"/>
</LocList>
<StmntSeq Intrnl_Id="776">
<LocList>
<Loc EndOffset="4030" SrcFileId="3" StartOffset="3952"/>
</LocList>
<CondStmnt CovItemId="S36" CovItemPrefix="cabra.Card.java" Intrnl_Id="777">
<Branch CovItemId="B10" CovItemPrefix="cabra.Card.java" Implct="false" Intrnl_Id="778">
<Cond/>
<LocList>
<Loc EndOffset="4030" SrcFileId="3" StartOffset="4007"/>
</LocList>
<StmntSeq Intrnl_Id="779">
<LocList>
<Loc EndOffset="4030" SrcFileId="3" StartOffset="4007"/>
</LocList>
<BasicStmnt CovItemId="S37" CovItemPrefix="cabra.Card.java" Intrnl_Id="780">
<LocList>
<Loc EndOffset="4030" SrcFileId="3" StartOffset="4007"/>
</LocList>
</BasicStmnt>
</StmntSeq>
</Branch>
<Branch CovItemId="B11" CovItemPrefix="cabra.Card.java" Implct="true" Intrnl_Id="781">
<Cond/>
<LocList/>
<StmntSeq Intrnl_Id="782">
<LocList/>
</StmntSeq>
</Branch>
<Keyword EndOffset="3954" SrcFileId="3" StartOffset="3952"/>
<LocList>
<Loc EndOffset="4030" SrcFileId="3" StartOffset="3952"/>
</LocList>
<RootTerm CovItemId="C3" CovItemPrefix="cabra.Card.java" Intrnl_Id="783">
<OpTerm BooleanOpId="5" Intrnl_Id="784">
<BasicBoolTerm Intrnl_Id="785">
<LocList>
<Loc EndOffset="3967" SrcFileId="3" StartOffset="3955"/>
</LocList>
</BasicBoolTerm>
<BasicBoolTerm Intrnl_Id="786">
<LocList>
<Loc EndOffset="3993" SrcFileId="3" StartOffset="3971"/>
</LocList>
</BasicBoolTerm>
<LocList>
<Loc EndOffset="3970" SrcFileId="3" StartOffset="3968"/>
</LocList>
</OpTerm>
</RootTerm>
</CondStmnt>
</StmntSeq>
</HierarchyLvl>
<HierarchyLvl HierarchyLvlId="1972" HierarchyLvlTypeId="8" Intrnl_Id="787" Name="getPictureName">
<Header>
<Loc EndOffset="4077" SrcFileId="3" StartOffset="4047"/>
</Header>
<LocList>
<Loc EndOffset="4112" SrcFileId="3" StartOffset="4047"/>
</LocList>
<StmntSeq Intrnl_Id="788">
<LocList>
<Loc EndOffset="4106" SrcFileId="3" StartOffset="4087"/>
</LocList>
<BasicStmnt CovItemId="S38" CovItemPrefix="cabra.Card.java" Intrnl_Id="789">
<LocList>
<Loc EndOffset="4106" SrcFileId="3" StartOffset="4087"/>
</LocList>
</BasicStmnt>
</StmntSeq>
</HierarchyLvl>
<HierarchyLvl HierarchyLvlId="1973" HierarchyLvlTypeId="8" Intrnl_Id="790" Name="getPictureFile">
<Header>
<Loc EndOffset="4150" SrcFileId="3" StartOffset="4122"/>
</Header>
<LocList>
<Loc EndOffset="4195" SrcFileId="3" StartOffset="4122"/>
</LocList>
<StmntSeq Intrnl_Id="791">
<LocList>
<Loc EndOffset="4189" SrcFileId="3" StartOffset="4160"/>
</LocList>
<BasicStmnt CovItemId="S39" CovItemPrefix="cabra.Card.java" Intrnl_Id="792">
<LocList>
<Loc EndOffset="4189" SrcFileId="3" StartOffset="4160"/>
</LocList>
</BasicStmnt>
</StmntSeq>
</HierarchyLvl>
<HierarchyLvl HierarchyLvlId="1974" HierarchyLvlTypeId="8" Intrnl_Id="793" Name="setPictureName">
<Header>
<Loc EndOffset="4379" SrcFileId="3" StartOffset="4340"/>
</Header>
<LocList>
<Loc EndOffset="4418" SrcFileId="3" StartOffset="4340"/>
</LocList>
<StmntSeq Intrnl_Id="794">
<LocList>
<Loc EndOffset="4412" SrcFileId="3" StartOffset="4388"/>
</LocList>
<BasicStmnt CovItemId="S40" CovItemPrefix="cabra.Card.java" Intrnl_Id="795">
<LocList>
<Loc EndOffset="4412" SrcFileId="3" StartOffset="4388"/>
</LocList>
</BasicStmnt>
</StmntSeq>
</HierarchyLvl>
<HierarchyLvl HierarchyLvlId="1975" HierarchyLvlTypeId="8" Intrnl_Id="796" Name="removePicture">
<Header>
<Loc EndOffset="4515" SrcFileId="3" StartOffset="4488"/>
</Header>
<LocList>
<Loc EndOffset="4570" SrcFileId="3" StartOffset="4488"/>
</LocList>
<StmntSeq Intrnl_Id="797">
<LocList>
<Loc EndOffset="4564" SrcFileId="3" StartOffset="4525"/>
</LocList>
<BasicStmnt CovItemId="S41" CovItemPrefix="cabra.Card.java" Intrnl_Id="798">
<LocList>
<Loc EndOffset="4564" SrcFileId="3" StartOffset="4525"/>
</LocList>
</BasicStmnt>
</StmntSeq>
</HierarchyLvl>
<HierarchyLvl HierarchyLvlId="1976" HierarchyLvlTypeId="8" Intrnl_Id="799" Name="bringBackNewlines">
<Header>
<Loc EndOffset="4805" SrcFileId="3" StartOffset="4752"/>
</Header>
<LocList>
<Loc EndOffset="5006" SrcFileId="3" StartOffset="4752"/>
</LocList>
<StmntSeq Intrnl_Id="800">
<LocList>
<Loc EndOffset="4978" SrcFileId="3" StartOffset="4908"/>
<Loc EndOffset="5000" SrcFileId="3" StartOffset="4987"/>
</LocList>
<BasicStmnt CovItemId="S42" CovItemPrefix="cabra.Card.java" Intrnl_Id="801">
<LocList>
<Loc EndOffset="4978" SrcFileId="3" StartOffset="4908"/>
</LocList>
</BasicStmnt>
<BasicStmnt CovItemId="S43" CovItemPrefix="cabra.Card.java" Intrnl_Id="802">
<LocList>
<Loc EndOffset="5000" SrcFileId="3" StartOffset="4987"/>
</LocList>
</BasicStmnt>
</StmntSeq>
</HierarchyLvl>
<HierarchyLvl HierarchyLvlId="1977" HierarchyLvlTypeId="8" Intrnl_Id="803" Name="replaceNewlines">
<Header>
<Loc EndOffset="5245" SrcFileId="3" StartOffset="5194"/>
</Header>
<LocList>
<Loc EndOffset="5510" SrcFileId="3" StartOffset="5194"/>
</LocList>
<StmntSeq Intrnl_Id="804">
<LocList>
<Loc EndOffset="5477" SrcFileId="3" StartOffset="5413"/>
<Loc EndOffset="5504" SrcFileId="3" StartOffset="5490"/>
</LocList>
<BasicStmnt CovItemId="S44" CovItemPrefix="cabra.Card.java" Intrnl_Id="805">
<LocList>
<Loc EndOffset="5477" SrcFileId="3" StartOffset="5413"/>
</LocList>
</BasicStmnt>
<BasicStmnt CovItemId="S45" CovItemPrefix="cabra.Card.java" Intrnl_Id="806">
<LocList>
<Loc EndOffset="5504" SrcFileId="3" StartOffset="5490"/>
</LocList>
</BasicStmnt>
</StmntSeq>
</HierarchyLvl>
<HierarchyLvl HierarchyLvlId="1978" HierarchyLvlTypeId="8" Intrnl_Id="807" Name="createCardBasedOnText">
<Header>
<Loc EndOffset="5713" SrcFileId="3" StartOffset="5660"/>
</Header>
<LocList>
<Loc EndOffset="6548" SrcFileId="3" StartOffset="5660"/>
</LocList>
<StmntSeq Intrnl_Id="808">
<LocList>
<Loc EndOffset="5831" SrcFileId="3" StartOffset="5787"/>
<Loc EndOffset="6067" SrcFileId="3" StartOffset="6015"/>
<Loc EndOffset="6328" SrcFileId="3" StartOffset="6081"/>
<Loc EndOffset="6366" SrcFileId="3" StartOffset="6354"/>
<Loc EndOffset="6542" SrcFileId="3" StartOffset="5723"/>
</LocList>
<BasicStmnt CovItemId="S47" CovItemPrefix="cabra.Card.java" Intrnl_Id="809">
<LocList>
<Loc EndOffset="5831" SrcFileId="3" StartOffset="5787"/>
</LocList>
</BasicStmnt>
<BasicStmnt CovItemId="S48" CovItemPrefix="cabra.Card.java" Intrnl_Id="810">
<LocList>
<Loc EndOffset="6067" SrcFileId="3" StartOffset="6015"/>
</LocList>
</BasicStmnt>
<BasicStmnt CovItemId="S49" CovItemPrefix="cabra.Card.java" Intrnl_Id="811">
<LocList>
<Loc EndOffset="6328" SrcFileId="3" StartOffset="6081"/>
</LocList>
</BasicStmnt>
<BasicStmnt CovItemId="S50" CovItemPrefix="cabra.Card.java" Intrnl_Id="812">
<LocList>
<Loc EndOffset="6366" SrcFileId="3" StartOffset="6354"/>
</LocList>
</BasicStmnt>
<CondStmnt CovItemId="S46" CovItemPrefix="cabra.Card.java" Intrnl_Id="813">
<Branch CovItemId="B12" CovItemPrefix="cabra.Card.java" Implct="true" Intrnl_Id="814">
<Cond/>
<LocList/>
<StmntSeq Intrnl_Id="815">
<LocList/>
</StmntSeq>
</Branch>
<Branch CovItemId="B13" CovItemPrefix="cabra.Card.java" Implct="false" Intrnl_Id="816">
<Cond>
<Loc EndOffset="6403" SrcFileId="3" StartOffset="6385"/>
</Cond>
<LocList>
<Loc EndOffset="6542" SrcFileId="3" StartOffset="6403"/>
</LocList>
<StmntSeq Intrnl_Id="817">
<LocList>
<Loc EndOffset="6507" SrcFileId="3" StartOffset="6456"/>
<Loc EndOffset="6532" SrcFileId="3" StartOffset="6520"/>
</LocList>
<BasicStmnt CovItemId="S51" CovItemPrefix="cabra.Card.java" Intrnl_Id="818">
<LocList>
<Loc EndOffset="6507" SrcFileId="3" StartOffset="6456"/>
</LocList>
</BasicStmnt>
<BasicStmnt CovItemId="S52" CovItemPrefix="cabra.Card.java" Intrnl_Id="819">
<LocList>
<Loc EndOffset="6532" SrcFileId="3" StartOffset="6520"/>
</LocList>
</BasicStmnt>
</StmntSeq>
</Branch>
<Keyword EndOffset="5726" SrcFileId="3" StartOffset="5723"/>
<LocList>
<Loc EndOffset="6542" SrcFileId="3" StartOffset="5723"/>
</LocList>
</CondStmnt>
</StmntSeq>
</HierarchyLvl>
<HierarchyLvl HierarchyLvlId="1979" HierarchyLvlTypeId="8" Intrnl_Id="820" Name="toString">
<Header>
<Loc EndOffset="6596" SrcFileId="3" StartOffset="6558"/>
</Header>
<LocList>
<Loc EndOffset="7027" SrcFileId="3" StartOffset="6558"/>
</LocList>
<StmntSeq Intrnl_Id="821">
<LocList>
<Loc EndOffset="6848" SrcFileId="3" StartOffset="6648"/>
<Loc EndOffset="6947" SrcFileId="3" StartOffset="6918"/>
<Loc EndOffset="7021" SrcFileId="3" StartOffset="7009"/>
</LocList>
<BasicStmnt CovItemId="S53" CovItemPrefix="cabra.Card.java" Intrnl_Id="822">
<LocList>
<Loc EndOffset="6848" SrcFileId="3" StartOffset="6648"/>
</LocList>
</BasicStmnt>
<BasicStmnt CovItemId="S54" CovItemPrefix="cabra.Card.java" Intrnl_Id="823">
<LocList>
<Loc EndOffset="6947" SrcFileId="3" StartOffset="6918"/>
</LocList>
</BasicStmnt>
<BasicStmnt CovItemId="S55" CovItemPrefix="cabra.Card.java" Intrnl_Id="824">
<LocList>
<Loc EndOffset="7021" SrcFileId="3" StartOffset="7009"/>
</LocList>
</BasicStmnt>
</StmntSeq>
</HierarchyLvl>
<HierarchyLvl HierarchyLvlId="1980" HierarchyLvlTypeId="8" Intrnl_Id="825" Name="equals">
<Header>
<Loc EndOffset="7094" SrcFileId="3" StartOffset="7037"/>
</Header>
<LocList>
<Loc EndOffset="7654" SrcFileId="3" StartOffset="7037"/>
</LocList>
<StmntSeq Intrnl_Id="826">
<LocList>
<Loc EndOffset="7143" SrcFileId="3" StartOffset="7112"/>
<Loc EndOffset="7207" SrcFileId="3" StartOffset="7160"/>
<Loc EndOffset="7282" SrcFileId="3" StartOffset="7258"/>
<Loc EndOffset="7333" SrcFileId="3" StartOffset="7303"/>
<Loc EndOffset="7579" SrcFileId="3" StartOffset="7354"/>
</LocList>
<CondStmnt CovItemId="S56" CovItemPrefix="cabra.Card.java" Intrnl_Id="827">
<Branch CovItemId="B14" CovItemPrefix="cabra.Card.java" Implct="false" Intrnl_Id="828">
<Cond/>
<LocList>
<Loc EndOffset="7143" SrcFileId="3" StartOffset="7130"/>
</LocList>
<StmntSeq Intrnl_Id="829">
<LocList>
<Loc EndOffset="7143" SrcFileId="3" StartOffset="7130"/>
</LocList>
<BasicStmnt CovItemId="S57" CovItemPrefix="cabra.Card.java" Intrnl_Id="830">
<LocList>
<Loc EndOffset="7143" SrcFileId="3" StartOffset="7130"/>
</LocList>
</BasicStmnt>
</StmntSeq>
</Branch>
<Branch CovItemId="B15" CovItemPrefix="cabra.Card.java" Implct="true" Intrnl_Id="831">
<Cond/>
<LocList/>
<StmntSeq Intrnl_Id="832">
<LocList/>
</StmntSeq>
</Branch>
<Keyword EndOffset="7114" SrcFileId="3" StartOffset="7112"/>
<LocList>
<Loc EndOffset="7143" SrcFileId="3" StartOffset="7112"/>
</LocList>
<RootTerm CovItemId="C4" CovItemPrefix="cabra.Card.java" Intrnl_Id="833">
<BasicBoolTerm Intrnl_Id="834">
<LocList>
<Loc EndOffset="7128" SrcFileId="3" StartOffset="7115"/>
</LocList>
</BasicBoolTerm>
</RootTerm>
</CondStmnt>
<CondStmnt CovItemId="S58" CovItemPrefix="cabra.Card.java" Intrnl_Id="835">
<Branch CovItemId="B16" CovItemPrefix="cabra.Card.java" Implct="false" Intrnl_Id="836">
<Cond/>
<LocList>
<Loc EndOffset="7207" SrcFileId="3" StartOffset="7194"/>
</LocList>
<StmntSeq Intrnl_Id="837">
<LocList>
<Loc EndOffset="7207" SrcFileId="3" StartOffset="7194"/>
</LocList>
<BasicStmnt CovItemId="S59" CovItemPrefix="cabra.Card.java" Intrnl_Id="838">
<LocList>
<Loc EndOffset="7207" SrcFileId="3" StartOffset="7194"/>
</LocList>
</BasicStmnt>
</StmntSeq>
</Branch>
<Branch CovItemId="B17" CovItemPrefix="cabra.Card.java" Implct="true" Intrnl_Id="839">
<Cond/>
<LocList/>
<StmntSeq Intrnl_Id="840">
<LocList/>
</StmntSeq>
</Branch>
<Keyword EndOffset="7162" SrcFileId="3" StartOffset="7160"/>
<LocList>
<Loc EndOffset="7207" SrcFileId="3" StartOffset="7160"/>
</LocList>
<RootTerm CovItemId="C5" CovItemPrefix="cabra.Card.java" Intrnl_Id="841">
<BasicBoolTerm Intrnl_Id="842">
<LocList>
<Loc EndOffset="7193" SrcFileId="3" StartOffset="7163"/>
</LocList>
</BasicBoolTerm>
</RootTerm>
</CondStmnt>
<BasicStmnt CovItemId="S60" CovItemPrefix="cabra.Card.java" Intrnl_Id="843">
<LocList>
<Loc EndOffset="7282" SrcFileId="3" StartOffset="7258"/>
</LocList>
</BasicStmnt>
<CondStmnt CovItemId="S61" CovItemPrefix="cabra.Card.java" Intrnl_Id="844">
<Branch CovItemId="B18" CovItemPrefix="cabra.Card.java" Implct="false" Intrnl_Id="845">
<Cond/>
<LocList>
<Loc EndOffset="7333" SrcFileId="3" StartOffset="7320"/>
</LocList>
<StmntSeq Intrnl_Id="846">
<LocList>
<Loc EndOffset="7333" SrcFileId="3" StartOffset="7320"/>
</LocList>
<BasicStmnt CovItemId="S62" CovItemPrefix="cabra.Card.java" Intrnl_Id="847">
<LocList>
<Loc EndOffset="7333" SrcFileId="3" StartOffset="7320"/>
</LocList>
</BasicStmnt>
</StmntSeq>
</Branch>
<Branch CovItemId="B19" CovItemPrefix="cabra.Card.java" Implct="true" Intrnl_Id="848">
<Cond/>
<LocList/>
<StmntSeq Intrnl_Id="849">
<LocList/>
</StmntSeq>
</Branch>
<Keyword EndOffset="7305" SrcFileId="3" StartOffset="7303"/>
<LocList>
<Loc EndOffset="7333" SrcFileId="3" StartOffset="7303"/>
</LocList>
<RootTerm CovItemId="C6" CovItemPrefix="cabra.Card.java" Intrnl_Id="850">
<BasicBoolTerm Intrnl_Id="851">
<LocList>
<Loc EndOffset="7318" SrcFileId="3" StartOffset="7306"/>
</LocList>
</BasicBoolTerm>
</RootTerm>
</CondStmnt>
<BasicStmnt CovItemId="S63" CovItemPrefix="cabra.Card.java" Intrnl_Id="852">
<LocList>
<Loc EndOffset="7579" SrcFileId="3" StartOffset="7354"/>
</LocList>
</BasicStmnt>
</StmntSeq>
</HierarchyLvl>
<HierarchyLvl HierarchyLvlId="1981" HierarchyLvlTypeId="8" Intrnl_Id="853" Name="hashCode">
<Header>
<Loc EndOffset="7695" SrcFileId="3" StartOffset="7660"/>
</Header>
<LocList>
<Loc EndOffset="8092" SrcFileId="3" StartOffset="7660"/>
</LocList>
<StmntSeq Intrnl_Id="854">
<LocList>
<Loc EndOffset="7719" SrcFileId="3" StartOffset="7706"/>
<Loc EndOffset="7810" SrcFileId="3" StartOffset="7728"/>
<Loc EndOffset="7897" SrcFileId="3" StartOffset="7819"/>
<Loc EndOffset="7986" SrcFileId="3" StartOffset="7906"/>
<Loc EndOffset="8065" SrcFileId="3" StartOffset="7995"/>
<Loc EndOffset="8086" SrcFileId="3" StartOffset="8074"/>
</LocList>
<BasicStmnt CovItemId="S64" CovItemPrefix="cabra.Card.java" Intrnl_Id="855">
<LocList>
<Loc EndOffset="7719" SrcFileId="3" StartOffset="7706"/>
</LocList>
</BasicStmnt>
<BasicStmnt CovItemId="S65" CovItemPrefix="cabra.Card.java" Intrnl_Id="856">
<LocList>
<Loc EndOffset="7810" SrcFileId="3" StartOffset="7728"/>
</LocList>
<QMO CovItemId="Q0" CovItemPrefix="cabra.Card.java" Intrnl_Id="857">
<LocList>
<Loc EndOffset="7773" SrcFileId="3" StartOffset="7748"/>
</LocList>
<QMO_E CovItemId="Q0-0" CovItemPrefix="cabra.Card.java" Intrnl_Id="858">
<LocList>
<Loc EndOffset="7804" SrcFileId="3" StartOffset="7776"/>
</LocList>
</QMO_E>
<QMO_E CovItemId="Q0-1" CovItemPrefix="cabra.Card.java" Intrnl_Id="859">
<LocList>
<Loc EndOffset="7808" SrcFileId="3" StartOffset="7807"/>
</LocList>
</QMO_E>
</QMO>
</BasicStmnt>
<BasicStmnt CovItemId="S66" CovItemPrefix="cabra.Card.java" Intrnl_Id="860">
<LocList>
<Loc EndOffset="7897" SrcFileId="3" StartOffset="7819"/>
</LocList>
<QMO CovItemId="Q1" CovItemPrefix="cabra.Card.java" Intrnl_Id="861">
<LocList>
<Loc EndOffset="7862" SrcFileId="3" StartOffset="7839"/>
</LocList>
<QMO_E CovItemId="Q1-0" CovItemPrefix="cabra.Card.java" Intrnl_Id="862">
<LocList>
<Loc EndOffset="7891" SrcFileId="3" StartOffset="7865"/>
</LocList>
</QMO_E>
<QMO_E CovItemId="Q1-1" CovItemPrefix="cabra.Card.java" Intrnl_Id="863">
<LocList>
<Loc EndOffset="7895" SrcFileId="3" StartOffset="7894"/>
</LocList>
</QMO_E>
</QMO>
</BasicStmnt>
<BasicStmnt CovItemId="S67" CovItemPrefix="cabra.Card.java" Intrnl_Id="864">
<LocList>
<Loc EndOffset="7986" SrcFileId="3" StartOffset="7906"/>
</LocList>
<QMO CovItemId="Q2" CovItemPrefix="cabra.Card.java" Intrnl_Id="865">
<LocList>
<Loc EndOffset="7950" SrcFileId="3" StartOffset="7926"/>
</LocList>
<QMO_E CovItemId="Q2-0" CovItemPrefix="cabra.Card.java" Intrnl_Id="866">
<LocList>
<Loc EndOffset="7980" SrcFileId="3" StartOffset="7953"/>
</LocList>
</QMO_E>
<QMO_E CovItemId="Q2-1" CovItemPrefix="cabra.Card.java" Intrnl_Id="867">
<LocList>
<Loc EndOffset="7984" SrcFileId="3" StartOffset="7983"/>
</LocList>
</QMO_E>
</QMO>
</BasicStmnt>
<BasicStmnt CovItemId="S68" CovItemPrefix="cabra.Card.java" Intrnl_Id="868">
<LocList>
<Loc EndOffset="8065" SrcFileId="3" StartOffset="7995"/>
</LocList>
<QMO CovItemId="Q3" CovItemPrefix="cabra.Card.java" Intrnl_Id="869">
<LocList>
<Loc EndOffset="8034" SrcFileId="3" StartOffset="8015"/>
</LocList>
<QMO_E CovItemId="Q3-0" CovItemPrefix="cabra.Card.java" Intrnl_Id="870">
<LocList>
<Loc EndOffset="8059" SrcFileId="3" StartOffset="8037"/>
</LocList>
</QMO_E>
<QMO_E CovItemId="Q3-1" CovItemPrefix="cabra.Card.java" Intrnl_Id="871">
<LocList>
<Loc EndOffset="8063" SrcFileId="3" StartOffset="8062"/>
</LocList>
</QMO_E>
</QMO>
</BasicStmnt>
<BasicStmnt CovItemId="S69" CovItemPrefix="cabra.Card.java" Intrnl_Id="872">
<LocList>
<Loc EndOffset="8086" SrcFileId="3" StartOffset="8074"/>
</LocList>
</BasicStmnt>
</StmntSeq>
</HierarchyLvl>
</HierarchyLvl>
</HierarchyLvl>
</HierarchyLvl>
</MASTRoot>
</TestSessionContainer>
