<?xml version="1.0" encoding="UTF-8"?><TestSessionContainer xmlns="http://www.codecover.org/xml/testsession-container" Date="1394307752691" TestSessionContainerId="5a06e754-c1d8-4aea-9db1-02a6128adc16" version="1.0">
<SrcFileList>
<SrcFile Content="/*&#10; * To change this template, choose Tools | Templates&#10; * and open the template in the editor.&#10; */&#10;&#10;package cabra;&#10;&#10;import java.io.File;&#10;import javax.swing.*;&#10;import java.awt.*;&#10;import java.util.ArrayList;&#10;import javax.swing.event.HyperlinkEvent;&#10;import javax.swing.event.HyperlinkListener;&#10;&#10;/**Assorted utilities.&#10; *&#10; * @author Neel&#10; */&#10;public final class Utils {&#10;    &#10;    private Utils(){} //can't be instantiated&#10;&#10;    /**Returns the extension of a file.&#10;     * &#10;     * @param file the file to check&#10;     * @return the extension&#10;     * @return &lt;code&gt;null&lt;/code&gt; if the file's a folder&#10;     */&#10;    public static String getExtension(File file){&#10;        String extension = null;&#10;        String name = file.getName(); //like foo.txt&#10;        int dot = name.lastIndexOf('.');&#10;&#10;        if (dot &gt; 0 &amp;&amp;  dot &lt; name.length() - 1) {&#10;            //there is an extension and it's not at the end&#10;            extension = name.substring(dot+1).toLowerCase();&#10;        }&#10;        return extension;    &#10;    }&#10;    &#10;        &#10;    /**Tests to see if the given string ends with any of the options. Used often with files/extensions.&#10;     * &#10;     * @param test the string to test&#10;     * @param ends the strings that you want to see at the end&#10;     * @return true if the string ends with one of the specified string, false otherwise&#10;     */    &#10;    public static boolean endsWith(String test, String... ends){&#10;        for(String end : ends){&#10;            if(test.endsWith(end)) return true;&#10;        }&#10;        return false;&#10;    }    &#10;    &#10;    /** Cleans up a URL, because Java doesn't like URLs with spaces in them&#10;     * &#10;     * @param url the raw URL with spaces&#10;     * @return the URL with %20's instead of spaces&#10;     */&#10;    public static String sanitizeURL(String url){&#10;        return url.replaceAll(&quot; &quot;,&quot;%20&quot;);&#10;    }&#10;    &#10;    /**&#10;     * Decides if the random chance goes through or not (a probability trial.)&#10;     * @param chance the decimal chance that it will happen (0.1 = 10%)&#10;     * @return true if the random chance goes through, false otherwise&#10;     */&#10;    public static boolean pushLuck(double chance) {&#10;        return Math.random() &lt; chance;&#10;    }    &#10;    &#10;    /** Finds the sum of an array of ints.&#10;     * &#10;     * @param nums the array&#10;     * @return their sum&#10;     */&#10;    public static int arraySum(int[] nums){&#10;        int sum = 0;&#10;        for(int i : nums)&#10;            sum += i;&#10;        return sum;&#10;    }&#10;    &#10;    /* Finds the average of the numbers.&#10;     * @param nums as many integers as you want&#10;     * @return the average, shortened to an int&#10;     */&#10;    public static int average(int... nums){&#10;        int count = 0;&#10;        int total = 0;&#10;        for(int num : nums){&#10;            total += num;&#10;            count++;&#10;        }&#10;        return total / count;&#10;    }&#10;    &#10;    /**Converts the given selection into a percent.&#10;     * &#10;     * @param chosen the numerator, or the number of chosen items&#10;     * @param total the denominator, or the total number of items&#10;     * @return the percent, formatted as xx% or just x%&#10;     */&#10;    public static String toPercent(int chosen, int total){&#10;        //for example, let's say we had 2/3 passed&#10;        int percent = percent(chosen,total);&#10;        String percentString = percent + &quot;%&quot;; //67 + %&#10;        return percentString;&#10;    }&#10;    &#10;    /**Returns the percentage, like 5.&#10;     * &#10;     * @param chosen the numerator&#10;     * @param total the denominator&#10;     * @return the percent&#10;     */&#10;    public static int percent(int chosen, int total){&#10;        if(total == 0){&#10;            //dividing by 0 is bad; just return 0%&#10;            return 0;&#10;        }&#10;        //let's say we had 2,3 passed&#10;        double decimal = chosen / (total + 0.0); //2/3.0 is 0.6666&#10;        int percent = (int)(Math.round(decimal * 100)); //0.6666 * 100 ~= 0.67 (we're rounding)&#10;        return percent;&#10;    }&#10;    &#10;    /**&#10;     * Converts the given number of days to milliseconds.&#10;     * @param days  a certain number of days&#10;     * @return  a number of milliseconds equal to that. It's a long.&#10;     */&#10;    public static long daysToMillis(int days){&#10;        return days * 24 * 60 * 60 * 1000; //24 hours, 60 mins, 60 sec, 1000 ms&#10;    }&#10;    &#10;    /**&#10;     * Turns the given int[] array into an Integer[] array.&#10;     * @param a an array of ints&#10;     * @return an array of Integers with the same contents&#10;     */&#10;    public static Integer[] toIntegerArray(int[] a){&#10;        Integer[] Ints = new Integer[a.length];&#10;        for(int i=0; i&lt;a.length; i++){&#10;            Ints[i] = new Integer(a[i]);&#10;        }&#10;        &#10;        return Ints;&#10;    }&#10;    &#10;    /**&#10;     * Returns the given string with an &quot;s&quot; at the end if the quantity is present.&#10;     * stringWithPlural(&quot;dog&quot;, 5) -&gt; &quot;dogs&quot;&#10;     * Warning: doesn't take into account unusual endings (curse you, English.) &quot;child&quot; would become &quot;childs&quot; :(&#10;     * @param string some sort of noun that can be counted&#10;     * @param quantity the number of things there are of the string&#10;     * @return  the string + &quot;s&quot; if there's anything but 1, the original string only if there's only 1&#10;     */&#10;    public static String stringWithPlural(String string, int quantity){&#10;        if(quantity != 1)&#10;            return string + &quot;s&quot;;&#10;        else&#10;            return string;&#10;    }&#10;    &#10;    /**&#10;     * Returns the number of digits in x.&#10;     * @param x a whole number.&#10;     * @return 1 if x is 0, otherwise the number of digits.&#10;     */&#10;    public static int numDigits(int x){&#10;        if(x == 0) return 1;&#10;        return (int)(Math.log10(x)) + 1; //250 -&gt; log250 = 2.something -&gt; 2+1 -&gt; 3&#10;    }&#10;    &#10;    /**&#10;     * Given a number, pads it with leading zeros so the string representation has the given number of digits.&#10;     * If there are more digits in x than the parameter digits, then the representation of x is returned.&#10;     * @param x a number &gt;= 0.&#10;     * @param digits a number &gt;= 0.&#10;     * @return e.g. &quot;00034&quot; if x=34 and digits=5. &quot;532&quot; if x=532 and digits=2 (digits ignored since digits in x &gt; [digits])&#10;     */&#10;    public static String padWithLeadingZeroes(int x, int digits){&#10;        String string = x + &quot;&quot;; //default string representation&#10;        int zeroesInFront = digits - numDigits(x); //total digits - digits in number is number to add on front&#10;        &#10;        //add specified # of 0s on front of string&#10;        for(int i=0; i&lt;zeroesInFront; i++){&#10;            string = &quot;0&quot; + string;&#10;        }&#10;        &#10;        return string;&#10;    }&#10;    &#10;    /**&#10;     * Given a string array, converts it into an array representation.&#10;     * @param array an array of strings. Elements should not have semicolons.&#10;     * @return the stringified array. Use arrayFromString() to decode it.&#10;     */&#10;    public static String stringFromArray(String[] array){&#10;        String string = &quot;[&quot;;&#10;        //tack on each string, add a semicolon to separate them&#10;        for(String arrayString : array){&#10;            string += arrayString + &quot;;&quot;;&#10;        }&#10;        //chop off the last bit&#10;        string = string.substring(0, string.length() - 1);&#10;        string += &quot;]&quot;;&#10;        &#10;        return string;&#10;    }&#10;    &#10;    /**&#10;     * Given a string representing an encoded list of strings (from stringFromArray), changes it into a list of strings.&#10;     * @param stringified represents a string array.&#10;     * @return an array of the strings inside stringified.&#10;     */&#10;    public static String[] arrayFromString(String stringified){&#10;        //chop off starting and ending brackets&#10;        stringified = stringified.substring(1, stringified.length() - 1);&#10;        //now each item is delimited by a semicolon; split them&#10;        String[] strings = stringified.split(&quot;;&quot;);&#10;        return strings;&#10;    }&#10;    &#10;    &#10;    /**&#10;     * Guts the given folder. All files inside it are deleted. The given folder is not deleted.&#10;     * @param file a folder&#10;     */&#10;    public static void purgeFolder(File folder){&#10;        //delete everything inside this&#10;        for(File file : folder.listFiles()){&#10;            obliterate(file);&#10;        }&#10;    }&#10;    &#10;    /**&#10;     * Completely obliterates the given file, leaving no trace of it.&#10;     * @param file &#10;     */&#10;    public static void obliterate(File file){&#10;        if(file.isFile()){&#10;            file.delete();&#10;            file.deleteOnExit();&#10;        }&#10;        else if(file.isDirectory()){&#10;            //delete everything inside, then delete this on exit&#10;            for(File child : file.listFiles()){&#10;                obliterate(child);&#10;            }&#10;            file.delete();&#10;            file.deleteOnExit();&#10;        }&#10;    }&#10;    &#10;    //GUI UTILITIES&#10;    &#10;    /** Creates a JPanel that shows some advice to the user.&#10;     * &#10;     * @param text the advice (can be HTML)&#10;     * @return the created JPanel&#10;     */&#10;    public static JPanel createAdvicePanel(String text){&#10;            JPanel panel = new JPanel(false){&#10;            @Override&#10;                    public void paintComponent(Graphics g){&#10;                        super.paintComponent(g);&#10;                        Utils.drawEmblem(this, g);&#10;                    }&#10;            };&#10;            JLabel filler = new JLabel(text);&#10;            filler.setHorizontalAlignment(JLabel.CENTER);&#10;            //filler.setVerticalAlignment(JLabel.CENTER);&#10;            panel.setLayout(new java.awt.GridLayout(1, 1));&#10;            panel.add(filler);&#10;            return panel;&#10;    }&#10;    &#10;    /** Launches the user's browser to the specified URL.&#10;     * &#10;     * @param url the url to open to&#10;     */&#10;    public static void browse(String url){&#10;       url = sanitizeURL(url);&#10;       java.net.URI uri = null;&#10;       java.awt.Desktop desktop = java.awt.Desktop.getDesktop();&#10;       try{&#10;           uri = new java.net.URI(url);&#10;           desktop.browse(uri);&#10;       }&#10;       catch(java.io.IOException io){&#10;           //io error&#10;           System.err.println(&quot;Error launching browser! Details: &quot; + io);&#10;       }&#10;       catch(java.net.URISyntaxException ex){&#10;           //error with syntax of URI&#10;           System.err.println(&quot;Bad URI!: &quot; + uri + &quot;, details: &quot; + ex);&#10;       }              &#10;    }&#10;    &#10;    /** Creates a JEditorPane (for viewing the web) and puts it in a panel and returns it&#10;     * &#10;     * @param pageURL the URL of the page to open in this text pane&#10;     * @param width, height&#10;     */&#10;    public static JPanel createEditorPane(String pageURL, int width, int height){&#10;        //build editor pane&#10;        JEditorPane editorPane = new JEditorPane();&#10;        editorPane.setEditable(false);&#10;        editorPane.setFont(FontManager.PREFERRED_FONT);       &#10;&#10;        //set the page&#10;        java.net.URL url = null; &#10;        try{&#10;            url = new java.net.URL(pageURL);&#10;        }&#10;        catch(java.net.MalformedURLException m){&#10;            //bad URL&#10;            System.err.println(&quot;Bad url! &quot; + m);&#10;        }&#10;        if(url != null){&#10;            try{&#10;                editorPane.setPage(url);&#10;            }&#10;            catch(java.io.IOException io){&#10;                //error with setting page&#10;                //System.err.println(&quot;Error loading page &quot; + url);&#10;            }&#10;        }&#10;&#10;        //enable hyperlinks&#10;        editorPane.addHyperlinkListener(new HyperlinkListener() {&#10;            public void hyperlinkUpdate(HyperlinkEvent evt) {&#10;                if(evt.getEventType() == HyperlinkEvent.EventType.ACTIVATED){&#10;                    Utils.browse(evt.getURL().toString());&#10;                }&#10;            }&#10;        }); &#10;&#10;        //put it in a scroll pane&#10;        JScrollPane scrollPane = new JScrollPane(editorPane);&#10;        scrollPane.setVerticalScrollBarPolicy(JScrollPane.VERTICAL_SCROLLBAR_ALWAYS);&#10;        scrollPane.setHorizontalScrollBarPolicy(JScrollPane.HORIZONTAL_SCROLLBAR_AS_NEEDED); //mostly for the license, which has preformatted text&#10;&#10;        //put it in a JPanel&#10;        JPanel panel = new JPanel(new java.awt.BorderLayout());&#10;        panel.add(scrollPane);&#10;        panel.setPreferredSize(new java.awt.Dimension(width,height));&#10;        return panel;&#10;    }    &#10;   &#10;    /**&#10;     * Uses a JEditorPane to open the given URL in a dialog&#10;     * @param url the url to load&#10;     * @param title the title of the dialog&#10;     * @param frame the parent frame&#10;     * @param visible true if you want the dialog to be visible, false if you want it to be invisible to user&#10;     */&#10;    public static void openURLinDialog(String url, String title, JFrame frame, boolean visible){&#10;        openURLinDialog(url, title, &quot;goat16.png&quot;, frame, visible);&#10;    }&#10;    &#10;    /**&#10;     * Uses a JEditorPane to open the given URL in a dialog&#10;     * @param url the url to load&#10;     * @param title the title of the dialog&#10;     * @param frame the parent frame&#10;     * @param visible true if you want the dialog to be visible, false if you want it to be invisible to user&#10;     * @param iconPath the path to the image icon for the dialog.&#10;     */&#10;    public static void openURLinDialog(String url, String title,  String iconPath, JFrame frame, boolean visible){&#10;        //create panel with page in it&#10;        final int WIDTH = 400;        &#10;        final int HEIGHT = 300;&#10;        JPanel webView = createEditorPane(url, WIDTH, HEIGHT);&#10;        &#10;        //put it in a dialog&#10;        JDialog dialog = new JDialog(frame);&#10;        dialog.setTitle(title);&#10;        dialog.setIconImage(GUI.createImageIcon(iconPath).getImage());&#10;        dialog.setContentPane(webView);&#10;        dialog.pack();&#10;        dialog.setResizable(false);&#10;        dialog.setModal(true);&#10;        Utils.centerComponent(dialog,frame);   &#10;        &#10;        //open it&#10;        dialog.setVisible(visible);&#10;    }&#10;        &#10;    /** Changes the frame's location to a more central screen location&#10;     * @param frame the frame to be moved&#10;     * @param X how far right to move the frame&#10;     * @param Y how far down to move the frame&#10;     */&#10;    public static void changeFrameLocation(Component frame, int X, int Y){&#10;        Point location = frame.getLocation(); //the window's current location&#10;        //move the window over and down a certain amount of pixels&#10;        location.translate(X, Y);&#10;        //set the location&#10;        frame.setLocation(location);&#10;    }    &#10;&#10;    /** Centers the given component in relation to its owner.&#10;     * &#10;     * @param component the component to center&#10;     * @param owner the parent frame&#10;     */&#10;    public static void centerComponent(Component component,Component owner){&#10;        //find the difference in width to see the offsets&#10;        int widthDifference = owner.getWidth() - component.getWidth();&#10;        int heightDifference = owner.getHeight() - component.getHeight();&#10;        &#10;        //we can divide the differences by 2 and add that to the owner's top left&#10;        //and then make that the top left of the component&#10;        //to center the frame&#10;        int leftOffset = widthDifference / 2;&#10;        int topOffset = heightDifference / 2;&#10;        &#10;        //these are the new locations&#10;        int left = owner.getX() + leftOffset;&#10;        int top = owner.getY() + topOffset;&#10;        &#10;        Utils.changeFrameLocation(component, left, top);&#10;    }&#10;    &#10;      /**&#10;       * Centers the given component on the user's screen.&#10;       * @param component a component (usually a frame.)&#10;       */&#10;      public static void centerOnScreen(Component component){&#10;            Toolkit toolkit = java.awt.Toolkit.getDefaultToolkit();&#10;            Dimension screenSize = toolkit.getScreenSize();&#10;            int screenWidth = (int)screenSize.getWidth();&#10;            int screenHeight = (int)screenSize.getHeight();&#10;&#10;            int componentWidth = component.getWidth();&#10;            int componentHeight = component.getHeight();&#10;&#10;            int top = (screenHeight - componentHeight) / 2;&#10;            int left = (screenWidth - componentWidth) / 2;&#10;&#10;            Utils.changeFrameLocation(component, left, top);&#10;      }&#10;    &#10;    /** Draws an emblem (based on current theme) in the bottom left of the given component. &#10;     * Call this in paintComponent() of the component.&#10;     * &#10;     * @param component the component to draw on&#10;     * @param g the Graphics object from paintComponent()&#10;     */&#10;    public static void drawEmblem(JComponent component, Graphics g){&#10;            Themes currentTheme = Themes.getCurrentTheme();&#10;            ImageIcon image = GUI.createImageIcon(&quot;translucent/&quot; + currentTheme.getImageIconPath());&#10;            &#10;            /*if(Themes.getCurrentTheme() == Themes.SNOW){&#10;                image = GUI.createImageIcon(&quot;translucent/snow.png&quot;);&#10;            }*/&#10;            &#10;            int imageWidth = image.getIconWidth();&#10;            int imageHeight = image.getIconHeight();&#10;            //top left corner of where to start drawing&#10;            int topLeftX = component.getWidth() - imageWidth; //x (horizontal) coordinate&#10;            int topLeftY = component.getHeight() - imageHeight; //y (vertical) coordinate&#10;            &#10;            //draw in bottom right corner&#10;            g.drawImage(image.getImage(), topLeftX, topLeftY, (java.awt.image.ImageObserver)null);&#10;            //g.drawImage(image.getImage(), 0,0, (java.awt.image.ImageObserver)null);   &#10;    }&#10;    &#10;    /**&#10;     * Utility method to put the given panel in a JDialog. You'll have to show it on your own.&#10;     * @param panel the panel to put in a dialog&#10;     * @param owner the JFrame that owns the dialog. You can pass null.&#10;     * @param dialogTitle the title for the dialog&#10;     * @param iconPath the path to the dialog's icon, such as foo.png&#10;     * @param width the dialog's width. Pass -1 to pack().&#10;     * @param height the dialog's height. Pass -1 to pack().&#10;     * @return the JDialog the panel is in&#10;     */&#10;    public static JDialog putPanelInDialog(JPanel panel, JFrame owner, String dialogTitle,&#10;            String iconPath, int width, int height){&#10;        JDialog dialog = new JDialog(owner, dialogTitle, true); //boolean means modality&#10;        &#10;        dialog.add(panel);&#10;        dialog.setIconImage(ImageManager.createImageIcon(iconPath).getImage());&#10;        if(width &lt; 0 &amp;&amp; height &lt; 0)&#10;            dialog.pack();&#10;        else&#10;            dialog.setSize(width, height);&#10;        dialog.setResizable(false);&#10;        if(owner != null)&#10;            Utils.centerComponent(dialog, owner);&#10;        else&#10;            dialog.setLocationRelativeTo(null);&#10;        &#10;        return dialog;&#10;    }&#10;    &#10;    /**&#10;     * Creates and shows a dialog.&#10;     * @param frame the parent frame. Can be null.&#10;     * @param whatToSay the body of the dialog.&#10;     * @param title the title of the dialog.&#10;     * @param iconPath the icon's name (x.png)&#10;     */&#10;    public static void showDialog(JFrame frame,String whatToSay,String title){&#10;        showDialog(frame, whatToSay, title, &quot;goat64.png&quot;);&#10;    }&#10;    &#10;    /**&#10;     * Creates and shows an alert dialog.&#10;     * @param frame the parent frame. Can be null.&#10;     * @param whatToSay the body of the dialog.&#10;     * @param title the title of the dialog.&#10;     * @param iconPath the icon's name (x.png)&#10;     */&#10;    public static void showDialog(JFrame frame,String whatToSay,String title, String iconPath){&#10;        JOptionPane.showMessageDialog(&#10;                            frame, //parent&#10;                            whatToSay, //text&#10;                            title, //title&#10;                            JOptionPane.INFORMATION_MESSAGE, //mesage type&#10;                            GUI.createImageIcon(iconPath) //icon&#10;                        );      &#10;    }&#10;    &#10;    /**&#10;     * Convenience overload for debug(Exception, String.) Title is default.&#10;     * @param e the exception to show&#10;     */&#10;    /*public static void debug(Exception e){&#10;        debug(e, &quot;Cabra error&quot;);&#10;    }*/&#10;    &#10;    /**&#10;     * Shows an alert dialog for when an exception occurs.&#10;     * @param e the exception to show&#10;     * @param title the title of the dialog&#10;     */&#10;    public static void debug(Exception e, String title){&#10;        e.printStackTrace();&#10;        String text = &quot;&lt;i&gt;&quot; + e.toString() + &quot;&lt;/i&gt;&lt;br&gt;&quot;;&#10;        //add stack trace&#10;        for(StackTraceElement ste : e.getStackTrace()){&#10;            text += ste.toString() + &quot;&lt;br&gt;&quot;;&#10;        }&#10;        text += &quot;&lt;br&gt;&lt;b&gt;Please take a screenshot and email it to &lt;u&gt;neel@hathix.com&lt;/u&gt;.&lt;/b&gt;&quot;;&#10;        &#10;        showDialog(null, &quot;&lt;html&gt;Sorry! Cabra has encountered an error. Details:&lt;br&gt;&lt;br&gt;&quot; + text,title);&#10;    }&#10;}&#10;" Filename="Utils.java" Intrnl_Id="1"/>
<SrcFile Content="/*&#10; * To change this template, choose Tools | Templates&#10; * and open the template in the editor.&#10; */&#10;&#10;package cabra;&#10;&#10;/**&#10; *&#10; * @author Neel&#10; */&#10;&#10;import java.util.ArrayList;&#10;import java.io.*;&#10;import javax.swing.*;&#10;&#10;public class Project implements Comparable&lt;Project&gt;{&#10;    private Session session = null; //if a study session is going on, it's here&#10;    private Deck deck; //all the cards in this project are here&#10;    private String name; //the name of this project, like &quot;History Test&quot;&#10;    //private Card currentCard; //just for tracking, the current card you're on&#10;    private ArrayList&lt;Note&gt; notes; //each project has its own notes&#10;    &#10;    public Project(String name){&#10;        //name is something like &quot;History Test&quot;&#10;        this.name = name;&#10;        deck = new Deck();&#10;        notes = new ArrayList&lt;Note&gt;();&#10;    }&#10;    &#10;    /* SESSION STUFF */&#10;    public void setSession(Session session){&#10;        this.session = session;&#10;    }&#10;    &#10;    /** Creates a new session for this project.&#10;     * &#10;     */&#10;    public void newSession(){&#10;        do{&#10;            setSession(new Session(this));&#10;        }&#10;        while(getSession().isEmpty());&#10;    }&#10;    &#10;    public Session getSession(){&#10;        return this.session;&#10;    }&#10;    &#10;    /* NOTE STUFF */&#10;    &#10;    /**Add an existing note to this project&#10;     * &#10;     * @param note the note to add&#10;     */&#10;    public void addNote(Note note){&#10;        notes.add(note);&#10;    }&#10;    &#10;    /** Takes the given note out of the notes list.&#10;     * &#10;     * @param note the note to remove&#10;     */&#10;    public void removeNote(Note note){&#10;        notes.remove(note);&#10;        &#10;        //delete the file&#10;        &#10;        File noteFile = new File(SaveLoad.getProjectFolder() + &quot;/&quot; + name + &quot;/&quot; + note.getName() + &quot;.&quot; + Note.EXTENSION);&#10;            //get the note's file name&#10;&#10;        //deletes the file&#10;        noteFile.delete();&#10;    }&#10;    &#10;    /***&#10;     * Returns this project's notes.&#10;     * @return the notes, in ArrayList form&#10;     */&#10;    public ArrayList&lt;Note&gt; getNotes(){&#10;        return notes;&#10;    }&#10;    &#10;    /**&#10;     * Returns how many notes there are.&#10;     * @return the number of notes&#10;     */&#10;    public int numNotes(){&#10;        return notes.size();&#10;    }&#10;    &#10;    /* CARD STUFF */&#10;    &#10;    public void addCard(Card card,Status status){&#10;        card.setStatus(status);&#10;        deck.add(card);&#10;        &#10;        //if the card has a picture, move the picture over here&#10;        if(card.hasPicture()){&#10;            /*if(!new File(this.getPathTo(card.getPictureName())).exists()){&#10;                //the picture file is corrupted or doesn't exist... remove it&#10;                card.removePicture();&#10;                &#10;                return;&#10;            }*/&#10;            &#10;            File copiedFile = copyPictureFile(card.getPictureFile());              &#10;            &#10;            //resize the image so it's the same size as the studying picture panel; reduces file size&#10;            /** DISABLED so we can see image in full size some time **/&#10;            /*ImageManager.saveImage(ImageManager.scaleImage(&#10;                    GUI.createImageIconFromFullPath(copiedFile.getAbsolutePath()), &#10;                    PicturePanel.PICTURE_WIDTH,&#10;                    PicturePanel.PICTURE_HEIGHT),&#10;                    copiedFile);*/&#10;                 &#10;            card.setPictureName(copiedFile.getAbsolutePath());&#10;            //and now trim the card's picture file... we won't need the full path any more&#10;            card.trimPictureFile();&#10;        }        &#10;        &#10;        saveCards();&#10;        &#10;        //since there's a new card, notify the session&#10;        if(session != null){&#10;            session.update();&#10;        }&#10;    }&#10;    &#10;    public void addCard(Card card){&#10;        //we don't know if it's important or not&#10;        //however, the card knows if it's important or not... let's ask&#10;        addCard(card,card.getStatus()); //ask the card if it's importnat&#10;    }&#10;    &#10;    public void addCards(ArrayList&lt;Card&gt; givenCards){&#10;        //called during initialization to create cards&#10;        //significantly reduces overhead by only saving at end&#10;        for(Card card : givenCards){ //go through each card&#10;            deck.add(card);&#10;        }&#10;        //now that the cards have been added, shuffle and save&#10;        shuffle();&#10;        &#10;        //session = new Session(this);&#10;    }&#10;    &#10;    /** Removes the given card from the card array... that's it. Well, it also saves.&#10;     * &#10;     * @param cardToRemove the card to get rid of&#10;     */&#10;    &#10;    public void removeCard(Card cardToRemove){&#10;        deck.remove(cardToRemove);&#10;        //if the card being removed was active (it probably was), set active card to null&#10;        if(cardToRemove.equals(deck.getCurrentCard())){&#10;            deck.makeCurrentCardNull();&#10;        }&#10;        //delete the card's picture, if it has one&#10;        if(cardToRemove.hasPicture()){&#10;            String path = getPathTo(cardToRemove.getPictureName()); //finds the full path to the image&#10;            File fileToRemove = new File(path);&#10;            //delete the file&#10;            fileToRemove.delete();&#10;        }&#10;        //save&#10;        saveCards();&#10;    }&#10;    &#10;    /** Copies the given picture file to this guy's folder.&#10;     * &#10;     * @param pictureFile the picture file to be copied&#10;     * @return the new location of the file&#10;     */&#10;    &#10;    public File copyPictureFile(File pictureFile){&#10;        String fileName = pictureFile.getName();&#10;        File newFile = new File(SaveLoad.getProjectFolder() + &quot;/&quot; + name + &quot;/&quot; + fileName);&#10;        ImageManager.copyImage(pictureFile,newFile);&#10;        return newFile;&#10;    }&#10;    &#10;    /** Retrieves an imageicon that is stored in this project's folder&#10;     * &#10;     * @param imageName the name of the icon (foo.png)&#10;     * @return the created imageicon, or null if the image cannot be found&#10;     */&#10;    &#10;    public ImageIcon getImageIcon(String imageName){&#10;        return GUI.createImageIconFromFullPath(getPathTo(imageName));   &#10;    }&#10;    &#10;    /** Finds the absolute location of a card/note based on its name&#10;     * &#10;     * @param thing the name of the card/note/picture's file, like foo.png&#10;     * @return the full path to foo.png&#10;     */&#10;    &#10;    public String getPathTo(String thing){&#10;        String folderPath = SaveLoad.getProjectFolder().getAbsolutePath() + &quot;/&quot; + this.getName(); //to the folder of the image&#10;        String absolutePath = folderPath + &quot;/&quot; + thing; //the absolute path to the image        &#10;        return absolutePath;&#10;    }&#10;    &#10;    public void save(){&#10;        //called when this project needs to be saved&#10;&#10;        //the methods are split up for convenience&#10;        saveCards();&#10;&#10;        saveNotes();&#10;    }&#10;    &#10;    public void saveCards(){&#10;        //save all the cards&#10;        //new Thread(new Runnable(){&#10;        //    public synchronized void run(){&#10;              try{&#10;                    BufferedWriter writer = new BufferedWriter(new FileWriter(new File(SaveLoad.getProjectFolder().getAbsolutePath() + &quot;/&quot; + name + &quot;/cards.txt&quot;))); //write to my card file&#10;                    for(Card card : deck.getCards()){&#10;                        //write down each card&#10;                        writer.write(card.toString()); //card's toString() does that question/answer thing&#10;                        writer.newLine();&#10;                    }&#10;                    writer.close();&#10;                }&#10;                catch(IOException io){&#10;                    System.out.println(&quot;Couldn't save cards!&quot;);&#10;               }     &#10;         //   }&#10;        //}).start();&#10;    }&#10;    &#10;    public void saveNotes(){&#10;        //save notes&#10;        final Project proj = this;&#10;        //save in background&#10;        new Thread(new Runnable(){&#10;            public void run(){&#10;                SaveLoad.saveNotes(proj);&#10;            }&#10;        }).start();&#10;        SaveLoad.saveNotes(this);&#10;    }&#10;    &#10;    /** Tells this project to load notes from the saved files. Call this when switching to a new active project&#10;     * &#10;     */&#10;    &#10;    public void loadNotes(){&#10;        notes = SaveLoad.getNotesFromProject(this);&#10;    }&#10;    &#10;    public void shuffle(){&#10;        deck.shuffle();&#10;        saveCards();&#10;    }&#10;    &#10;    public String getName(){&#10;        return name;&#10;    }&#10;    &#10;    public void setName(String newName){&#10;        File folder = getFolder(); //folder of this project with old name&#10;        &#10;        this.name = newName;&#10;&#10;        //rename project's folder&#10;        folder.renameTo(new File(SaveLoad.getProjectFolder() + &quot;/&quot; + newName));&#10;    }&#10;    &#10;    /***&#10;     * Prints out this project's cards. The user earns some points by doing this.&#10;     * @param controller the controller. Used to gain points.&#10;     */&#10;    public void print(Controller controller){&#10;        Printer.print(this, getCards());   &#10;&#10;       //earn the points&#10;       controller.gainPoints(PointEnums.Activity.PRINT_CARDS);&#10;    }&#10;    &#10;    /** Resets all cards in this deck to not studied&#10;     * &#10;     */&#10;    public void resetAllCards(){&#10;        for(Card card : deck.getCards()){&#10;            card.setStatus(Status.DEFAULT_STATUS);&#10;        }&#10;        saveCards();&#10;    }&#10;    &#10;    /** The entire session was skipped.&#10;     * &#10;     */&#10;    public void skipAll(){&#10;        for(Card card : getCards()){&#10;            card.skip();&#10;        }&#10;    }&#10;    &#10;    public ArrayList&lt;Card&gt; getCards(){&#10;        return deck.getCards();&#10;    }&#10;    &#10;    /***&#10;     * Returns true if and only if there are 0 cards in the project.&#10;     * @return true if there are 0 cards, false otherwise&#10;     */&#10;    public boolean isEmpty(){&#10;        return numCards() == 0;&#10;    }&#10;    &#10;    public int numCards(){&#10;        //returns the number of cards in the card list&#10;        return deck.numCards();&#10;    }&#10;    &#10;    /** Returns, for example, how many not studied cards there are.&#10;     * &#10;     * @param status the status to check for (learned, not learned, not studied)&#10;     * @return the number of matching cards&#10;     */&#10;    public int numMatchingCards(Status status){&#10;        return deck.numMatchingCards(status);&#10;    }&#10;    &#10;    /** Returns the statuses of the cards: [A,B,C,D,E]&#10;     * &#10;     * @return [cards with status A, cards with B, C, D, E]&#10;     */&#10;    public int[] cardStatuses(){&#10;        return new int[]{&#10;            numMatchingCards(Status.A),&#10;            numMatchingCards(Status.B),&#10;            numMatchingCards(Status.C),&#10;            numMatchingCards(Status.D),&#10;            numMatchingCards(Status.E)&#10;        };&#10;    }&#10;    &#10;    public Card nextCard(){&#10;        return deck.getCard();&#10;    }&#10;    &#10;    public File getFolder(){&#10;        return new File(SaveLoad.getProjectFolder().getAbsolutePath() + &quot;/&quot; + name);&#10;    }&#10;    &#10;    public Card getCurrentCard(){&#10;        return deck.getCurrentCard();&#10;    }&#10;    &#10;    public int getCurrentIndex(){&#10;        return deck.getCurrentIndex();&#10;    }&#10;    &#10;    @Override&#10;            public String toString(){&#10;                //like &quot;History Test&quot;&#10;                return name; //this guy's toString is just his name&#10;            }&#10;    @Override&#10;            public boolean equals(Object aProject){&#10;                if(aProject == null) return false;&#10;                if(aProject instanceof Project == false)return false;&#10;                try{&#10;                    Project project = (Project)aProject;&#10;                    //if(project == null) return false;&#10;                    return project.name.equals(this.name);//compare by name, i.e. &quot;History Test&quot;                    &#10;                }&#10;                catch(Exception e){&#10;                    return false;&#10;                }&#10;            }&#10;    &#10;    /**&#10;     * Compares the two projects based on name, case insensitive. &quot;ABC&quot; &gt; &quot;XYZ&quot;.&#10;     * @param other&#10;     * @return +ve if this project is bigger than other, -ve if it's smaller, 0 if they are equal (names are the same)&#10;     */&#10;    public int compareTo(Project other){&#10;        if(this.equals(other)) return 0;&#10;        String thisname = this.name.toLowerCase();&#10;        String othername = other.name.toLowerCase();&#10;        return thisname.compareTo(othername);&#10;    }&#10;&#10;    @Override&#10;    public int hashCode() {&#10;        int hash = 3;&#10;        hash = 19 * hash + (this.name != null ? this.name.hashCode() : 0);&#10;        return hash;&#10;    }&#10;    &#10;    &#10;    public static void createSampleProject(Controller controller){&#10;        Project project = controller.addProject(&quot;Sample&quot;, true);&#10;        ArrayList&lt;Card&gt; cards = new ArrayList&lt;Card&gt;();&#10;        cards.add(new Card(&#10;                &quot;What is the ultimate answer to life, the universe, and everything?&quot;, &#10;                &quot;42&quot;));&#10;        project.addCards(cards);&#10;        &#10;        //return project;&#10;        controller.refresh();&#10;    }&#10;}&#10;" Filename="Project.java" Intrnl_Id="2"/>
<SrcFile Content="/*&#10; * To change this template, choose Tools | Templates&#10; * and open the template in the editor.&#10; */&#10;&#10;package cabra;&#10;&#10;import java.util.ArrayList;&#10;&#10;/** Holds all the note cards for a project. Each project has one.&#10; *&#10; * @author Neel&#10; */&#10;public class Deck extends Object{&#10;&#10;    private ArrayList&lt;Card&gt; cards; //flash cards of owner project&#10;    private Card currentCard = null;&#10;    private int currentIndex; //the index of the current card being viewed. Between 0 and length of cards&#10;    &#10;    public Deck(){&#10;        cards = new ArrayList&lt;Card&gt;();&#10;        currentIndex = 0;&#10;    }&#10;    &#10;    public ArrayList&lt;Card&gt; getCards(){&#10;        return cards;&#10;    }&#10;    &#10;    public Card getCurrentCard(){&#10;        return currentCard;&#10;    }&#10;    &#10;    public void makeCurrentCardNull(){&#10;        currentCard = null;&#10;    }&#10;    &#10;    public int getCurrentIndex(){&#10;        return currentIndex;&#10;    }&#10;    &#10;    public int numCards(){&#10;        return cards.size();&#10;    }&#10;    &#10;    /**Returns the number of cards with the given status.&#10;     * &#10;     * @param status the status you want to look for&#10;     * @return the number of cards with that status&#10;     */&#10;    public int numMatchingCards(Status status){&#10;        int numSelected = 0;&#10;        &#10;        for(Card card : cards){&#10;            if(card.getStatus() == status){&#10;                numSelected++;&#10;            }&#10;        }&#10;            &#10;        return numSelected;&#10;    }&#10;    &#10;    public void add(Card card){&#10;        cards.add(card);&#10;    }&#10;    &#10;    public void remove(Card card){&#10;        cards.remove(card);&#10;    }&#10;    &#10;    //actual meat of the class here&#10;    &#10;    /**&#10;     * Shuffles the deck by randomizing the list of cards&#10;     */&#10;    public void shuffle(){&#10;        ArrayList&lt;Card&gt; newCards = new ArrayList&lt;Card&gt;(); //cards will be moved to here&#10;        &#10;        while(cards.isEmpty() == false){&#10;            //keep going until there are no more cards&#10;            int randomIndex = (int)(Math.random() * cards.size());&#10;            Card randomCard = cards.get(randomIndex);&#10;            //move it from old deck to new one&#10;            cards.remove(randomCard);&#10;            newCards.add(randomCard);&#10;        }&#10;        &#10;        cards = newCards;&#10;        currentIndex = 0; //now we'll draw from the top of the deck&#10;    }&#10;    &#10;    &#10;    /** Finds the next card in the deck and returns it.&#10;     * &#10;     * @return the next card&#10;     */&#10;    private Card nextCard(){&#10;        Card card = null;&#10;        try{&#10;            card = cards.get(currentIndex);&#10;        }&#10;        catch(IndexOutOfBoundsException e){&#10;            //tried to access a bad location, so shuffle and try again&#10;            shuffle();&#10;            return nextCard(); //return a new card&#10;        }&#10;        currentIndex++;&#10;        if(currentIndex &gt;= cards.size()){&#10;            //we've run out of cards&#10;            shuffle(); //for next time&#10;        }&#10;        return card;&#10;    }&#10;    &#10;    public Card getCard(){&#10;        &#10;        if(numCards() == 0)&#10;            return null; //no cards here&#10;        &#10;            currentCard = nextCard();&#10;&#10;            return currentCard;&#10;      //  }  &#10;    }&#10;        &#10;}&#10;" Filename="Deck.java" Intrnl_Id="3"/>
<SrcFile Content="/*&#10; * To change this template, choose Tools | Templates&#10; * and open the template in the editor.&#10; */&#10;&#10;package cabra;&#10;&#10;/**&#10; *&#10; * @author Neel&#10; */&#10;&#10;&#10;import cabra.PointEnums.Activity;&#10;import cabra.dinero.VaultManager;&#10;import java.util.ArrayList;&#10;import java.io.*;&#10;import java.util.Calendar;&#10;import java.util.Collections;&#10;import javax.swing.JLabel;&#10;&#10;public final class Controller extends Object{&#10;    //communicates with the GUI and object classes to get stuff done&#10;    &#10;    private GUI gui; //the GUI that is used here&#10;    private PointManager pointManager;&#10;    private ArrayList&lt;Project&gt; projects;&#10;    private Project activeProject; //the project that you create cards for, study from, etc.&#10;      &#10;    public static final double CHANCE_TO_GET_LUCKY = 0.05;&#10;    &#10;    public Controller(){&#10;        /* the plan:&#10;         * IF no existing projects:&#10;         *      GET new project and make a project with it&#10;         * ELSE: (existing projects)&#10;         *      LOAD projects:&#10;         *          LOAD cards and give them to project&#10;         *          LOAD notes and give them to project&#10;         * FINALLY:&#10;         *      INITIALIZE GUI&#10;         *      BUILD the GUI using the projects&#10;         *      IF userData exists:&#10;         *          LOAD it&#10;         *      ELSE:&#10;         *          CREATE a new one with defaults&#10;         *      TELL the GUI to adapt to these changes&#10;         * &#10;         * &#10;         */&#10;        try{&#10;        /** Is it the first time the program's being booted up?&#10;         * &#10;         */&#10;        boolean firstRun = false;&#10;&#10;        //if there isn't a cabraprojects file, create it&#10;        if(SaveLoad.getProjectFolder().exists() == false){&#10;            SaveLoad.getProjectFolder().mkdir();&#10;            //unless the user deleted their data directory, this means this is the first run&#10;            firstRun = true;&#10;        }&#10;        &#10;        UserData.load();&#10;        //USER DATA IS NOW LOADED; do any init of prefs or such here&#10;        &#10;        //create point manager&#10;        try{&#10;            pointManager = new PointManager();&#10;        }&#10;        catch(NumberFormatException nfe){&#10;            //if there's an exception like this, the wrong data was loaded into the User Data&#10;            //probably done by 0.6.0&#10;            &#10;            //alert user&#10;            Utils.showDialog(null, &#10;                    &quot;Sorry! Your user data seems to have been corrupted and has been reset.&quot;, &#10;                    &quot;User data corrupted&quot;);&#10;            &#10;            //clear all data since something's corrupted&#10;            UserData.makeAllDefault();&#10;            &#10;            //reload points&#10;            pointManager = new PointManager();&#10;        }&#10;       &#10;        //user data is set, so update font&#10;        updatePreferredFont(&#10;                UserData.getPref(&quot;FontName&quot;), &#10;                UserData.getInt(&quot;Prefs.FontSize&quot;)&#10;                );          &#10;        &#10;        //load projects&#10;        ArrayList&lt;Project&gt; loadedProjects = loadProjectsFromFile(); //these projects are all stocked with cards/notes   &#10;        this.projects = loadedProjects;&#10;        this.gui = new GUI(this,loadedProjects);      &#10;&#10;        //lack of projects matters now&#10;        if(projects.isEmpty()){&#10;            //no active project&#10;            setNoActiveProject();&#10;        }&#10;        else{&#10;            //there is an active project&#10;            String projectName = UserData.getString(&quot;Project&quot;); //the raw name of the project&#10;            setActiveProject(projectName,false);&#10;        }&#10;&#10;        Themes theme = Themes.getThemeByName(UserData.getString(&quot;Theme&quot;));&#10;        setTheme(theme);&#10;        &#10;        gui.makeFrameVisible();&#10;        &#10;        //give first run info&#10;        if(firstRun){&#10;            //show advice&#10;            Utils.openURLinDialog(&quot;http://www.cabra.hathix.com/cabra/welcome.php&quot;, &#10;                    &quot;Welcome to Cabra!&quot;, &#10;                    gui.getFrame(), true);&#10;            &#10;            //set user data's latest version to this&#10;            UserData.setString(&quot;Version&quot;, About.VERSION);&#10;            &#10;            //add a default project&#10;            //this.addProject(new Project(&quot;My First Project&quot;), true);&#10;        }&#10;        &#10;        //show changelog if this is a new version&#10;        boolean upgrade = UserData.getString(&quot;Version&quot;).equals(About.VERSION) == false;&#10;        if(!firstRun &amp;&amp; upgrade){&#10;            //not first run (then new version doesn't matter)   &amp;&amp;   old version != new version&#10;&#10;            //store new version&#10;            String version = About.VERSION;&#10;            UserData.setString(&quot;Version&quot;, About.VERSION);&#10;            &#10;            //show changelog&#10;            if(About.NIGHTLY){&#10;                //don't bother with showing nightly changelog; docs are rarely written for nightlies&#10;              /*  Utils.showDialog(gui.getFrame(),&#10;                        &quot;&lt;html&gt;&lt;center&gt;Thanks for testing Cabra &quot; + version + &quot;!&lt;br&gt;As thanks, here's &lt;b&gt;100&lt;/b&gt; points!&quot;,&#10;                        &quot;Thanks for upgrading to Cabra &quot; + version + &quot;!&quot;&#10;                        );  */&#10;            }&#10;            else{&#10;               /* Utils.openURLinDialog(&quot;http://cabra.hathix.com/changelog/&quot; + Utils.sanitizeURL(version) + &quot;.php&quot;, &#10;                        &quot;Thanks for upgrading to Cabra &quot; + version + &quot;!&quot;, &#10;                        gui.getFrame(), true);  */&#10;            }&#10;            &#10;            //earn points for upgrading&#10;            if(About.PRERELEASE)&#10;                gainPoints(Activity.USE_BETA);&#10;            else&#10;                gainPoints(Activity.USE_NEW_VERSION);&#10;        }&#10;        &#10;        //if you're lucky, you earn some free points; also don't do it on first run and overwhelm them w/dialogs&#10;        if(!firstRun &amp;&amp; !upgrade &amp;&amp; Utils.pushLuck(CHANCE_TO_GET_LUCKY)){&#10;            //earn points!&#10;            int points = Activity.GET_LUCKY.getPoints();&#10;            Utils.showDialog(gui.getFrame(),&#10;                    &quot;&lt;html&gt;&lt;center&gt;&quot;&#10;                    + &quot;I'm feeling generous, so here's &lt;b&gt;&quot; +  points + &quot;&lt;/b&gt; free points! Enjoy!&quot;,&#10;                    &quot;You got lucky!&quot;,&#10;                    &quot;goatgift.png&quot;);&#10;            gainPoints(Activity.GET_LUCKY);&#10;        }&#10;        &#10;        //is it time for an upgrade? see how long it's been since the last check&#10;        long lastCheck = Long.parseLong(UserData.getString(&quot;LastUpdateCheck&quot;));&#10;        long rightNow = Calendar.getInstance().getTimeInMillis();&#10;        long updateInterval = Utils.daysToMillis(UserData.getIntPref(&quot;UpdateInterval&quot;));&#10;        if(rightNow - lastCheck &gt;= updateInterval){&#10;            //time to check for updates, it's been more than the chosen interval since the last one&#10;            Updates.checkForUpdates(gui);&#10;        }&#10;        &#10;        gui.update();&#10;        gui.refresh();&#10;        }&#10;        catch(Exception e){&#10;            //some sort of exception threw off the whole thing&#10;            Utils.debug(e, &quot;Fatal error&quot;);&#10;        }&#10;    }&#10;    &#10;    public GUI getGUI(){&#10;        return gui;&#10;    }&#10;    &#10;    /**&#10;     * Returns how many points the user has.&#10;     * @return the amount of points the user has&#10;     */&#10;    public int getPoints(){&#10;        return pointManager.getPoints();&#10;    }&#10;   &#10;    /**&#10;     * The user gains points by doing an activity.&#10;     * @param activity the activity that the user did to gain these points.&#10;     * @param refresh if the GUI should refresh.&#10;     */&#10;    public void gainPoints(PointEnums.Activity activity, boolean refresh){&#10;        pointManager.gainPoints(activity);&#10;        &#10;        //show how many points were earned&#10;        gui.showPointsBadge(activity.getPoints());&#10;        &#10;        if(refresh)&#10;            gui.refresh();&#10;    }&#10;    &#10;    /**&#10;     * The user gains points. The GUI will refresh.&#10;     * @param activity the activity that the user did to gain those points.&#10;     */&#10;    public void gainPoints(PointEnums.Activity activity){&#10;        gainPoints(activity, true);&#10;    }&#10;    &#10;    /**&#10;     * Returns the vault manager used to control buying and display of prizes.&#10;     * @param pointLabel the label that will be used to display the points the user has. Should be pre-made and added to view.&#10;     */&#10;    public VaultManager createVaultManager(JLabel pointLabel){&#10;        return new VaultManager(pointManager, gui, pointLabel);&#10;    }&#10;    &#10;    /**&#10;     * A wrapper around FontManager.updatePreferredFont() that works better.&#10;     * Updates the PREFERRED_FONT to the given parameters. You should only pass one. NOTE: you have to validate the frame after this&#10;     * @param fontName the new font name/family. pass null if you don't want to change it.&#10;     * @param fontSize the new size of the font. pass 0 if you don't want to change it.&#10;     */&#10;    public void updatePreferredFont(String fontName, int fontSize){&#10;        FontManager.updatePreferredFont(fontName, fontSize);&#10;        &#10;        //validate frame so the changes take effect&#10;        if(gui != null)&#10;            gui.update();&#10;    }&#10;    &#10;    /** Finds all the projects that the user has and returns them&#10;     * &#10;     * @return the user's projects&#10;     */&#10;    private ArrayList&lt;Project&gt; loadProjectsFromFile(){&#10;        //looks for existing project files and, if they're there, creates the projects&#10;        File mainProjectFolder = SaveLoad.getProjectFolder();&#10;        if(!mainProjectFolder.exists()){&#10;            //there is no projects folder, since you're a first-time user&#10;            mainProjectFolder.mkdir();&#10;            //we know there's nothing in the folder so let's leave&#10;            return new ArrayList&lt;Project&gt;();&#10;        }&#10;             &#10;        ArrayList&lt;Project&gt; loadedProjects = new ArrayList&lt;Project&gt;();&#10;        &#10;        for(File projectFolder : mainProjectFolder.listFiles()){&#10;            //projectFolder is a folder that contains a project&#10;            &#10;            if(projectFolder.isFile())&#10;                continue; //that means it's probably UserData... but regardless, don't mess with it&#10;            &#10;            Project project = new Project(projectFolder.getName());&#10;            loadedProjects.add(project);&#10;            &#10;            //give it some cards&#10;            SaveLoad.loadCardsFromProject(project);&#10;            &#10;            //do this regardless of the user's having cards in the project&#10;            //and now give notes to the project&#10;            SaveLoad.loadNotesFromProject(project);&#10;        } //end foreach&#10;        &#10;        return loadedProjects;&#10;    }&#10;    &#10;    &#10;    /** Adds a note to the active project, and while doing that creates the note panel&#10;     * &#10;     * @param note the note to add to the active project&#10;     * @param tabPane the note tab pane that invokes this method&#10;     * @return the created note panel&#10;     */&#10;    &#10;    public NotePanel addNoteToActiveProject(NoteTabPane tabPane,Note note){&#10;        activeProject.addNote(note);&#10;&#10;        //save while we're at it&#10;        activeProject.saveNotes(); //no need to save cards too&#10;        &#10;        return new NotePanel(tabPane,gui,this,note);&#10;    }&#10;&#10;    &#10;    public void setTheme(Themes theme){&#10;        Themes.setTheme(theme); //that'll do it all for us&#10;        &#10;        //change and save user data&#10;        UserData.setString(&quot;Theme&quot;,theme.getName());&#10;        &#10;        &#10;        //update the look&#10;        refresh();        &#10;        gui.repaint(); &#10;    }&#10;    &#10;    public Project getActiveProject(){&#10;        return activeProject;&#10;    }&#10;    &#10;    public ArrayList&lt;Project&gt; getAllProjects(){&#10;        return projects;&#10;    }&#10;    &#10;    public int getNumberOfProjects(){&#10;        return projects.size();&#10;    }&#10;    &#10;    /** Same as refresh() except it happens in this thread.&#10;     * &#10;     */&#10;    public void refreshNow(){&#10;        gui.refresh();&#10;    }&#10;    &#10;    public void refresh(){&#10;        //called when the active project is changed or has its cards manipulated&#10;        //helps disable/enable buttons&#10;        //Runnable r = new Runnable(){&#10;        //    public synchronized void run(){&#10;                refreshNow();&#10;        //    }&#10;        //};&#10;        //javax.swing.SwingUtilities.invokeLater(r);&#10;        //new Thread(r).start();&#10;        //gui.refresh();&#10;    }&#10;    &#10;    public void refreshHomePage(){&#10;        Runnable r = new Runnable(){&#10;            public void run(){&#10;                gui.refreshHomePage();&#10;            }&#10;        };&#10;        //javax.swing.SwingUtilities.invokeLater(r);&#10;        new Thread(r).start();&#10;    }&#10;  &#10;    /** Differs from setActive project in that that just changes active project, this handles&#10;     *  user interaction&#10;     * @param projectName the name of the project you wish to be made active&#10;     * @param shouldSave whether or not user data should be saved&#10;     */    &#10;    public void setActiveProject(Project project, boolean shouldSave){&#10;        //if nothing has matched, there's a problem&#10;        if(project == null){&#10;            //set the first project as active, then call this method again&#10;            setActiveProject(projects.get(0),false);&#10;            return;&#10;        }&#10;        &#10;        if(shouldSave){&#10;            //quick! Save the old notes if they weren't saved yet&#10;            if(activeProject != null){&#10;                try{&#10;                    gui.saveAllNotes(); //that should do it                &#10;                }&#10;                catch(NullPointerException n){&#10;                    //error with saving project&#10;                    System.out.println(&quot;Error saving project notes!&quot;);&#10;                }&#10;            }&#10;        }&#10;        &#10;        activeProject = project;&#10;        //alert all &#10;        gui.newActiveProject(project);&#10;&#10;        //set user data&#10;        UserData.setString(&quot;Project&quot;,project.getName()); &#10;        &#10;        //load the notes for the project&#10;       // activeProject.loadNotes();&#10;&#10;        //fix the home panel, which shows nothing unless this is done&#10;        refresh();&#10;    }&#10;    &#10;    /** Differs from setActive project in that that just changes active project, this handles&#10;     *  user interaction&#10;     * @param projectName the name of the project you wish to be made active&#10;     * @param shouldSave whether or not user data should be saved&#10;     */&#10;    &#10;    public void setActiveProject(String projectName, boolean shouldSave){&#10;        //find the matching project&#10;        Project project = null;&#10;        for(Project proj : projects){&#10;            //System.out.println(proj.getName());&#10;            if(proj.getName().equals(projectName))&#10;                project = proj;&#10;        }&#10;&#10;        setActiveProject(project, shouldSave);&#10;    }&#10;    &#10;    /**Sets nothing as the active project.&#10;     * &#10;     */&#10;    public void setNoActiveProject(){&#10;        UserData.makeDefault(&quot;Project&quot;);&#10;        activeProject = null;&#10;        gui.setFrameTitleByProject(null);&#10;        //only refresh the tab pane (that removes all the panels and shows a new one)&#10;        refresh();&#10;    }&#10;    &#10;    /** Creates a new project and adds it&#10;     * &#10;     * @param projectName the name of the project you want made&#10;     * @param shouldSave true if the userData should be saved, false otherwise&#10;     * @return the created project&#10;     */&#10;    &#10;    public Project addProject(String projectName, boolean shouldSave){&#10;        Project project = new Project(projectName);&#10;        &#10;        File projectFolder = new File(SaveLoad.getProjectFolder().getAbsolutePath() + &quot;/&quot; + project.getName()); //puts the new folder in the projects folder&#10;            projectFolder.mkdir();        &#10;        &#10;        //really all this method does is make a project and tell addProject to do its stuff using the project&#10;        return addProject(project,shouldSave);&#10;    }&#10;    &#10;    private Project addProject(Project project, boolean shouldSave){&#10;        projects.add(project);&#10;        gui.addProject(project); &#10;        &#10;        //add project data&#10;            //create the card file&#10;            //File cardFile = new File(projectFolder.getPath() + &quot;/cards.txt&quot;);&#10;            &#10;        project.saveCards(); //forces the creation of cards.txt&#10;        &#10;        //make this project active&#10;        setActiveProject(project, shouldSave);&#10;        &#10;        //sort project list&#10;        Collections.sort(projects);&#10;        &#10;        return project;       &#10;    }&#10;    &#10;    /**&#10;     * Renames the given project so it has the given name.&#10;     * @param project the project&#10;     * @param newName the project's new name.&#10;     */&#10;    public void renameProject(Project project, String newName){&#10;        project.setName(newName);&#10;        //re-sort projects; the name change may have put project out of order&#10;        Collections.sort(projects);&#10;    }&#10;    &#10;    &#10;    /** Creates a project assuming you have all the files (i.e. you've just imported it.)&#10;     * &#10;     * @param projectName the name of the project&#10;     * @param projectFolder the path to the project's folder (inside the Project Folder)&#10;     */&#10;    public void createProjectFromExistingFile(String projectName,File projectFolder){&#10;        Project project = new Project(projectName);&#10;        &#10;        //add cards&#10;        SaveLoad.loadCardsFromProject(project);&#10;        &#10;        //add notes&#10;        SaveLoad.loadNotesFromProject(project);&#10;        &#10;        addProject(project,true);&#10;    }&#10;    &#10;    public void removeProject(Project project){&#10;        //removes the project at the given index&#10;        //by the time we get here, we know something will be deleted&#10;        &#10;        //first delete the project file&#10;        //Project project = projects.get(projectIndexInList); //get the project slated for deletion&#10;        int projectIndexInList = projects.indexOf(project); //location of the project in the list&#10;        File projectFile = new File(SaveLoad.getProjectFolder() + &quot;/&quot;+project.getName());&#10;        //before we delete the directory we need to delete files inside&#10;        for(File file : projectFile.listFiles()){&#10;            file.delete();&#10;        }&#10;        //now delete the directory&#10;        projectFile.delete();&#10;     &#10;        //what if the project to be removed was the active one?&#10;        if(project.equals(activeProject)){&#10;            //set the previous active project&#10;            if(projects.size() == 1){&#10;                //the last project was deleted, so nothing's left&#10;                setNoActiveProject(); //takes care of making activeproject = null&#10;            }&#10;            else{&#10;                //there's still a project left&#10;                if(projectIndexInList == 0){&#10;                    setActiveProject(projects.get(1),true);&#10;                }&#10;                else{&#10;                    setActiveProject(projects.get(projectIndexInList-1),true);               &#10;                }    &#10;                refresh();              &#10;            }&#10;        }        &#10;        &#10;        //now remove the project from list&#10;        projects.remove(projectIndexInList);&#10;        &#10;        //update project list panel&#10;    }&#10;    &#10;    public void addCardToActiveProject(Card card){&#10;        //add the card to the project... it'll save itself&#10;        &#10;        if(activeProject != null){&#10;            activeProject.addCard(card);&#10;            &#10;            //gain points&#10;            gainPoints(Activity.CREATE_CARD);&#10;            if(card.hasPicture()){&#10;                gainPoints(Activity.ADD_IMAGE);&#10;            }&#10;                   &#10;            refresh();&#10;        }&#10;        //if there's no active project, take no action&#10;    }&#10;&#10;    &#10;}&#10;" Filename="Controller.java" Intrnl_Id="4"/>
<SrcFile Content="/*&#10; * To change this template, choose Tools | Templates&#10; * and open the template in the editor.&#10; */&#10;&#10;package cabra;&#10;&#10;//import javax.swing.*;&#10;import java.io.*;&#10;&#10;/**&#10; *&#10; * @author Neel&#10; */&#10;public class Card extends Object{&#10;    //a simple quiz card with a question and answer&#10;    &#10;    private String questionText;&#10;    private String answerText;&#10;    private String pictureName; //this card might have a picture&#10;    private Status status; //rank&#10;    private int sessionsLeft; //sessions until next study&#10;    &#10;    public static final String NO_PICTURE_STRING = &quot; &quot;; //not really empty, just represents no picture&#10;    public static final String DELIMITER = &quot;//&quot;; //separates fields&#10;    public static final String NEWLINE_REPLACER = &quot;-nl-&quot;; //\n's are replaced with this string during saving and loading&#10;    public static final String NEWLINE = &quot;\n&quot;; //signifies a new line in card text&#10;    &#10;    &#10;    //the ultimate one&#10;    //the rest cascade under this, overloading to the one above it&#10;    public Card(Status status, int sessionsLeft, String question, String answer, String pictureName){&#10;        setStatus(status);&#10;        this.sessionsLeft = sessionsLeft;&#10;        &#10;        this.questionText = question;&#10;        this.answerText = answer;&#10;        this.pictureName = pictureName;&#10;    }  &#10;    &#10;    public Card(Status status,String question,String answer,String pictureName){&#10;        this(status,status.getReps(),question,answer,pictureName);&#10;    }&#10;    &#10;    public Card(String question,String answer,String pictureName){&#10;        this(Status.DEFAULT_STATUS,question,answer,pictureName);&#10;    }&#10;    &#10;    public Card(String question,String answer){&#10;        this(question,answer,NO_PICTURE_STRING);&#10;    }&#10;    &#10;    &#10;    public void trimPictureFile(){&#10;        //right now we have to full path to the picture... get just the name &quot;foo.png&quot;&#10;        File picture = new File(pictureName);&#10;        this.pictureName = picture.getName();        &#10;    }&#10;    &#10;    /** Tells if this card has a picture&#10;     * &#10;     * @return true if it has a picture, false otherwise&#10;     */&#10;    public boolean hasPicture(){&#10;        return !pictureName.equals(NO_PICTURE_STRING);&#10;    }&#10;&#10;    &#10;    /** Status stuff */&#10;    public void setStatus(Status status){&#10;        //System.out.println(&quot;Setting status: &quot; + status.toString());&#10;        this.status = status;&#10;        this.sessionsLeft = status.getReps();&#10;        //System.out.println(status.toString() + sessionsLeft);&#10;    }&#10;    &#10;    public Status getStatus(){&#10;        return this.status;&#10;    }&#10;    &#10;    public int sessionsLeft(){&#10;        return sessionsLeft;&#10;    }&#10;    &#10;    public boolean isDueForStudying(){&#10;        return sessionsLeft &lt;= 0;&#10;    }&#10;    &#10;    /** This card is studied.&#10;     * &#10;     * @param result Choices.YES if it was known, Choices.NO if it wasn't&#10;     */&#10;    public void study(KnowPanel.Choices result){&#10;        switch(result){&#10;            case YES:&#10;                //send rank up&#10;                setStatus(status.nextRank());&#10;                break;&#10;            case NO:&#10;                //send it back to bottom&#10;                setStatus(Status.A);&#10;                break;&#10;            case SORT_OF:&#10;                //send rank down 1&#10;                setStatus(status.previousRank());&#10;                break;&#10;            case SKIPPED:&#10;                break;&#10;        }&#10;    }&#10;    &#10;    /** This card isn't studied this round&#10;     * &#10;     */&#10;    public void skip(){&#10;        if(sessionsLeft &gt; 0)&#10;            sessionsLeft--;&#10;    }&#10;&#10;    public String getQuestion(){&#10;        //replace newlines&#10;        String text = bringBackNewlines(questionText);&#10;        //return question&#10;        return text;&#10;    }&#10;    public String getAnswer(){&#10;        return bringBackNewlines(answerText); //replace the newline replacer with the actual \n character&#10;    }&#10;    &#10;    public void setQuestion(String text){&#10;        if(text != null &amp;&amp; text.equals(&quot;&quot;)==false)&#10;            this.questionText = text;&#10;    }&#10;    &#10;    public void setAnswer(String text){&#10;        if(text != null &amp;&amp; text.equals(&quot;&quot;)==false)&#10;            this.answerText = text; &#10;    }&#10;    &#10;    public String getPictureName(){&#10;        return pictureName;&#10;    }&#10;    &#10;    public File getPictureFile(){&#10;        return new File(pictureName);&#10;    }&#10;    &#10;    /** Changes the name (path) of the picture.&#10;     * &#10;     * @param name the path (absolute or relative) of the picture file&#10;     */&#10;    public void setPictureName(String name){&#10;       this.pictureName = name;&#10;    }&#10;    &#10;    /** Removes the picture from this card.&#10;     * &#10;     */&#10;    public void removePicture(){&#10;        setPictureName(Card.NO_PICTURE_STRING);&#10;    }&#10;    &#10;    /**Replaces the newline replacers in the given text with real newlines&#10;     * &#10;     * @param string the string to be fixed&#10;     * @return the fixed string&#10;     */&#10;    &#10;    public static String bringBackNewlines(String string){&#10;        //escape all characters&#10;        //String literal = Matcher.quoteReplacement(string);&#10;        String fixed = string.replaceAll(Card.NEWLINE_REPLACER, Card.NEWLINE);&#10;        return fixed;&#10;    }&#10;    &#10;    /** Replaces the newlines in a string of text with the newline replacer.&#10;     * &#10;     * @param string the string to be messed with&#10;     * @return the new string&#10;     */&#10;    &#10;    public static String replaceNewlines(String string){&#10;            //get a literal interpretation of the string&#10;            //String literal = Matcher.quoteReplacement(string);&#10;            //now replace stuff&#10;            string = string.replaceAll(Card.NEWLINE, Card.NEWLINE_REPLACER);&#10;            return string;&#10;    }&#10;    &#10;    /** Creates a card based on the raw data string passed.&#10;     * &#10;     * @param text the raw text&#10;     * @return the created card&#10;     */&#10;    public static Card createCardBasedOnText(String text){&#10;        try{&#10;            //create a card for each line here&#10;            String[] stuff = text.split(Card.DELIMITER);&#10;            //first string is status, next string is question, then answer, then image&#10;            &#10;            //cards made in older versions need to be slightly adapted&#10;            String fixedFirst = Status.importFromPast(stuff[0]);&#10;&#10;            Card card = new Card(&#10;            Status.getStatus(fixedFirst.substring(0,1)),&#10;            Integer.parseInt(fixedFirst.substring(1,fixedFirst.length())), //grab however many digits&#10;            stuff[1],&#10;            stuff[2],&#10;            stuff[3]);&#10;            &#10;            return card;&#10;        }&#10;        catch(Exception e){&#10;            //a malformed line, maybe?&#10;            System.out.println(&quot;Malformed card! Details:&quot; + e);&#10;            return null;&#10;        }&#10;    }&#10;    &#10;    @Override&#10;    public String toString(){&#10;        //used during saving of this card&#10;        String text = status.toString() + sessionsLeft + Card.DELIMITER&#10;                    + questionText + Card.DELIMITER&#10;                    + answerText + Card.DELIMITER&#10;                    + pictureName;&#10;            //replace newlines with the newline replacer&#10;            text = replaceNewlines(text);&#10;            //now that it's cleaned up return it&#10;            return text;&#10;    }&#10;    &#10;    @Override&#10;            public boolean equals(Object aCard){&#10;                if(aCard == null) return false;&#10;                if(aCard instanceof Card == false)return false; //if it's not a card, stop it&#10;                    Card card = (Card)aCard;&#10;                    if(card == null) return false;&#10;                    return card.answerText.equals(this.answerText) &amp;&amp; card.questionText.equals(this.questionText)&#10;                            &amp;&amp; card.pictureName.equals(this.pictureName)&#10;                            &amp;&amp; card.status == this.status;&#10;                    //everything must match&#10;                &#10;            }&#10;&#10;    @Override&#10;    public int hashCode() {&#10;        int hash = 7;&#10;        hash = 43 * hash + (this.questionText != null ? this.questionText.hashCode() : 0);&#10;        hash = 43 * hash + (this.answerText != null ? this.answerText.hashCode() : 0);&#10;        hash = 43 * hash + (this.pictureName != null ? this.pictureName.hashCode() : 0);&#10;        hash = 43 * hash + (this.status != null ? this.status.hashCode() : 0);&#10;        return hash;&#10;    }&#10;}&#10;" Filename="Card.java" Intrnl_Id="5"/>
</SrcFileList>
<CritList>
<CritListEntry Name="org.codecover.model.utils.criteria.LoopCoverage" PluginName="org.codecover"/>
<CritListEntry Name="org.codecover.model.utils.criteria.BranchCoverage" PluginName="org.codecover"/>
<CritListEntry Name="org.codecover.model.utils.criteria.ConditionCoverage" PluginName="org.codecover"/>
<CritListEntry Name="org.codecover.model.utils.criteria.StatementCoverage" PluginName="org.codecover"/>
</CritList>
<BoolOpList>
<BoolOp Arity="1" Intrnl_Id="6" Name="not (!)">
<BoolAssgnmntBoolMapList>
<MapEntry BoolAssgnmnt="0" Value="true"/>
<MapEntry BoolAssgnmnt="1" Value="false"/>
</BoolAssgnmntBoolMapList>
</BoolOp>
<BoolOp Arity="2" Intrnl_Id="7" Name="conditional and (&amp;&amp;)">
<BoolAssgnmntBoolMapList>
<MapEntry BoolAssgnmnt="10" Value="false"/>
<MapEntry BoolAssgnmnt="02" Value="false"/>
<MapEntry BoolAssgnmnt="11" Value="true"/>
</BoolAssgnmntBoolMapList>
</BoolOp>
</BoolOpList>
<HierarchyLvlTypeList>
<HierarchyLvlType EnglishName="package" IntrnlName="package" Intrnl_Id="8"/>
<HierarchyLvlType EnglishName="class" IntrnlName="class" Intrnl_Id="9"/>
<HierarchyLvlType EnglishName="method" IntrnlName="method" Intrnl_Id="10"/>
<HierarchyLvlType EnglishName="default package" IntrnlName="default package" Intrnl_Id="11"/>
<HierarchyLvlType EnglishName="anonymous class" IntrnlName="class" Intrnl_Id="12"/>
</HierarchyLvlTypeList>
<MASTRoot>
<HierarchyLvl HierarchyLvlId="2238" HierarchyLvlTypeId="11" Intrnl_Id="13" Name="default package">
<Header/>
<LocList/>
<HierarchyLvl HierarchyLvlId="2237" HierarchyLvlTypeId="8" Intrnl_Id="14" Name="cabra">
<Header/>
<LocList/>
<HierarchyLvl HierarchyLvlId="2126" HierarchyLvlTypeId="9" Intrnl_Id="15" Name="Utils">
<Header>
<Loc EndOffset="363" SrcFileId="1" StartOffset="339"/>
</Header>
<LocList>
<Loc EndOffset="20092" SrcFileId="1" StartOffset="339"/>
</LocList>
<HierarchyLvl HierarchyLvlId="2091" HierarchyLvlTypeId="10" Intrnl_Id="16" Name="Utils">
<Header>
<Loc EndOffset="390" SrcFileId="1" StartOffset="375"/>
</Header>
<LocList>
<Loc EndOffset="392" SrcFileId="1" StartOffset="375"/>
</LocList>
</HierarchyLvl>
<HierarchyLvl HierarchyLvlId="2092" HierarchyLvlTypeId="10" Intrnl_Id="17" Name="getExtension">
<Header>
<Loc EndOffset="644" SrcFileId="1" StartOffset="600"/>
</Header>
<LocList>
<Loc EndOffset="991" SrcFileId="1" StartOffset="600"/>
</LocList>
<StmntSeq Intrnl_Id="18">
<LocList>
<Loc EndOffset="678" SrcFileId="1" StartOffset="654"/>
<Loc EndOffset="716" SrcFileId="1" StartOffset="687"/>
<Loc EndOffset="772" SrcFileId="1" StartOffset="740"/>
<Loc EndOffset="955" SrcFileId="1" StartOffset="782"/>
<Loc EndOffset="981" SrcFileId="1" StartOffset="964"/>
</LocList>
<BasicStmnt CovItemId="S1" CovItemPrefix="cabra.Utils.java" Intrnl_Id="19">
<LocList>
<Loc EndOffset="678" SrcFileId="1" StartOffset="654"/>
</LocList>
</BasicStmnt>
<BasicStmnt CovItemId="S2" CovItemPrefix="cabra.Utils.java" Intrnl_Id="20">
<LocList>
<Loc EndOffset="716" SrcFileId="1" StartOffset="687"/>
</LocList>
</BasicStmnt>
<BasicStmnt CovItemId="S3" CovItemPrefix="cabra.Utils.java" Intrnl_Id="21">
<LocList>
<Loc EndOffset="772" SrcFileId="1" StartOffset="740"/>
</LocList>
</BasicStmnt>
<CondStmnt CovItemId="S4" CovItemPrefix="cabra.Utils.java" Intrnl_Id="22">
<Branch CovItemId="B1" CovItemPrefix="cabra.Utils.java" Implct="false" Intrnl_Id="23">
<Cond/>
<LocList>
<Loc EndOffset="955" SrcFileId="1" StartOffset="823"/>
</LocList>
<StmntSeq Intrnl_Id="24">
<LocList>
<Loc EndOffset="945" SrcFileId="1" StartOffset="897"/>
</LocList>
<BasicStmnt CovItemId="S5" CovItemPrefix="cabra.Utils.java" Intrnl_Id="25">
<LocList>
<Loc EndOffset="945" SrcFileId="1" StartOffset="897"/>
</LocList>
</BasicStmnt>
</StmntSeq>
</Branch>
<Branch CovItemId="B2" CovItemPrefix="cabra.Utils.java" Implct="true" Intrnl_Id="26">
<Cond/>
<LocList/>
<StmntSeq Intrnl_Id="27">
<LocList/>
</StmntSeq>
</Branch>
<Keyword EndOffset="784" SrcFileId="1" StartOffset="782"/>
<LocList>
<Loc EndOffset="955" SrcFileId="1" StartOffset="782"/>
</LocList>
<RootTerm CovItemId="C1" CovItemPrefix="cabra.Utils.java" Intrnl_Id="28">
<OpTerm BooleanOpId="7" Intrnl_Id="29">
<BasicBoolTerm Intrnl_Id="30">
<LocList>
<Loc EndOffset="793" SrcFileId="1" StartOffset="786"/>
</LocList>
</BasicBoolTerm>
<BasicBoolTerm Intrnl_Id="31">
<LocList>
<Loc EndOffset="821" SrcFileId="1" StartOffset="798"/>
</LocList>
</BasicBoolTerm>
<LocList>
<Loc EndOffset="796" SrcFileId="1" StartOffset="794"/>
</LocList>
</OpTerm>
</RootTerm>
</CondStmnt>
<BasicStmnt CovItemId="S6" CovItemPrefix="cabra.Utils.java" Intrnl_Id="32">
<LocList>
<Loc EndOffset="981" SrcFileId="1" StartOffset="964"/>
</LocList>
</BasicStmnt>
</StmntSeq>
</HierarchyLvl>
<HierarchyLvl HierarchyLvlId="2093" HierarchyLvlTypeId="10" Intrnl_Id="33" Name="endsWith">
<Header>
<Loc EndOffset="1383" SrcFileId="1" StartOffset="1324"/>
</Header>
<LocList>
<Loc EndOffset="1502" SrcFileId="1" StartOffset="1324"/>
</LocList>
<StmntSeq Intrnl_Id="34">
<LocList>
<Loc EndOffset="1474" SrcFileId="1" StartOffset="1393"/>
<Loc EndOffset="1496" SrcFileId="1" StartOffset="1483"/>
</LocList>
<LoopStmnt CovItemId="S7" CovItemPrefix="cabra.Utils.java" Intrnl_Id="35" MltplExecId="L1-2" MltplExecPrefix="cabra.Utils.java" NvrExecId="L1-0" NvrExecPrefix="cabra.Utils.java" OnceExecutedId="L1-1" OnceExecutedPrefix="cabra.Utils.java" OptBodyExec="true">
<StmntSeq Intrnl_Id="36">
<LocList>
<Loc EndOffset="1464" SrcFileId="1" StartOffset="1429"/>
</LocList>
<CondStmnt CovItemId="S8" CovItemPrefix="cabra.Utils.java" Intrnl_Id="37">
<Branch CovItemId="B3" CovItemPrefix="cabra.Utils.java" Implct="false" Intrnl_Id="38">
<Cond/>
<LocList>
<Loc EndOffset="1464" SrcFileId="1" StartOffset="1452"/>
</LocList>
<StmntSeq Intrnl_Id="39">
<LocList>
<Loc EndOffset="1464" SrcFileId="1" StartOffset="1452"/>
</LocList>
<BasicStmnt CovItemId="S9" CovItemPrefix="cabra.Utils.java" Intrnl_Id="40">
<LocList>
<Loc EndOffset="1464" SrcFileId="1" StartOffset="1452"/>
</LocList>
</BasicStmnt>
</StmntSeq>
</Branch>
<Branch CovItemId="B4" CovItemPrefix="cabra.Utils.java" Implct="true" Intrnl_Id="41">
<Cond/>
<LocList/>
<StmntSeq Intrnl_Id="42">
<LocList/>
</StmntSeq>
</Branch>
<Keyword EndOffset="1431" SrcFileId="1" StartOffset="1429"/>
<LocList>
<Loc EndOffset="1464" SrcFileId="1" StartOffset="1429"/>
</LocList>
<RootTerm CovItemId="C2" CovItemPrefix="cabra.Utils.java" Intrnl_Id="43">
<BasicBoolTerm Intrnl_Id="44">
<LocList>
<Loc EndOffset="1450" SrcFileId="1" StartOffset="1432"/>
</LocList>
</BasicBoolTerm>
</RootTerm>
</CondStmnt>
</StmntSeq>
<Keyword EndOffset="1396" SrcFileId="1" StartOffset="1393"/>
<LocList>
<Loc EndOffset="1474" SrcFileId="1" StartOffset="1393"/>
</LocList>
</LoopStmnt>
<BasicStmnt CovItemId="S10" CovItemPrefix="cabra.Utils.java" Intrnl_Id="45">
<LocList>
<Loc EndOffset="1496" SrcFileId="1" StartOffset="1483"/>
</LocList>
</BasicStmnt>
</StmntSeq>
</HierarchyLvl>
<HierarchyLvl HierarchyLvlId="2094" HierarchyLvlTypeId="10" Intrnl_Id="46" Name="sanitizeURL">
<Header>
<Loc EndOffset="1746" SrcFileId="1" StartOffset="1702"/>
</Header>
<LocList>
<Loc EndOffset="1795" SrcFileId="1" StartOffset="1702"/>
</LocList>
<StmntSeq Intrnl_Id="47">
<LocList>
<Loc EndOffset="1789" SrcFileId="1" StartOffset="1756"/>
</LocList>
<BasicStmnt CovItemId="S11" CovItemPrefix="cabra.Utils.java" Intrnl_Id="48">
<LocList>
<Loc EndOffset="1789" SrcFileId="1" StartOffset="1756"/>
</LocList>
</BasicStmnt>
</StmntSeq>
</HierarchyLvl>
<HierarchyLvl HierarchyLvlId="2095" HierarchyLvlTypeId="10" Intrnl_Id="49" Name="pushLuck">
<Header>
<Loc EndOffset="2088" SrcFileId="1" StartOffset="2043"/>
</Header>
<LocList>
<Loc EndOffset="2135" SrcFileId="1" StartOffset="2043"/>
</LocList>
<StmntSeq Intrnl_Id="50">
<LocList>
<Loc EndOffset="2129" SrcFileId="1" StartOffset="2099"/>
</LocList>
<BasicStmnt CovItemId="S12" CovItemPrefix="cabra.Utils.java" Intrnl_Id="51">
<LocList>
<Loc EndOffset="2129" SrcFileId="1" StartOffset="2099"/>
</LocList>
</BasicStmnt>
</StmntSeq>
</HierarchyLvl>
<HierarchyLvl HierarchyLvlId="2096" HierarchyLvlTypeId="10" Intrnl_Id="52" Name="arraySum">
<Header>
<Loc EndOffset="2300" SrcFileId="1" StartOffset="2262"/>
</Header>
<LocList>
<Loc EndOffset="2396" SrcFileId="1" StartOffset="2262"/>
</LocList>
<StmntSeq Intrnl_Id="53">
<LocList>
<Loc EndOffset="2322" SrcFileId="1" StartOffset="2310"/>
<Loc EndOffset="2370" SrcFileId="1" StartOffset="2331"/>
<Loc EndOffset="2390" SrcFileId="1" StartOffset="2379"/>
</LocList>
<BasicStmnt CovItemId="S13" CovItemPrefix="cabra.Utils.java" Intrnl_Id="54">
<LocList>
<Loc EndOffset="2322" SrcFileId="1" StartOffset="2310"/>
</LocList>
</BasicStmnt>
<LoopStmnt CovItemId="S14" CovItemPrefix="cabra.Utils.java" Intrnl_Id="55" MltplExecId="L2-2" MltplExecPrefix="cabra.Utils.java" NvrExecId="L2-0" NvrExecPrefix="cabra.Utils.java" OnceExecutedId="L2-1" OnceExecutedPrefix="cabra.Utils.java" OptBodyExec="true">
<StmntSeq Intrnl_Id="56">
<LocList>
<Loc EndOffset="2370" SrcFileId="1" StartOffset="2361"/>
</LocList>
<BasicStmnt CovItemId="S15" CovItemPrefix="cabra.Utils.java" Intrnl_Id="57">
<LocList>
<Loc EndOffset="2370" SrcFileId="1" StartOffset="2361"/>
</LocList>
</BasicStmnt>
</StmntSeq>
<Keyword EndOffset="2334" SrcFileId="1" StartOffset="2331"/>
<LocList>
<Loc EndOffset="2370" SrcFileId="1" StartOffset="2331"/>
</LocList>
</LoopStmnt>
<BasicStmnt CovItemId="S16" CovItemPrefix="cabra.Utils.java" Intrnl_Id="58">
<LocList>
<Loc EndOffset="2390" SrcFileId="1" StartOffset="2379"/>
</LocList>
</BasicStmnt>
</StmntSeq>
</HierarchyLvl>
<HierarchyLvl HierarchyLvlId="2097" HierarchyLvlTypeId="10" Intrnl_Id="59" Name="average">
<Header>
<Loc EndOffset="2589" SrcFileId="1" StartOffset="2551"/>
</Header>
<LocList>
<Loc EndOffset="2758" SrcFileId="1" StartOffset="2551"/>
</LocList>
<StmntSeq Intrnl_Id="60">
<LocList>
<Loc EndOffset="2613" SrcFileId="1" StartOffset="2599"/>
<Loc EndOffset="2636" SrcFileId="1" StartOffset="2622"/>
<Loc EndOffset="2722" SrcFileId="1" StartOffset="2645"/>
<Loc EndOffset="2752" SrcFileId="1" StartOffset="2731"/>
</LocList>
<BasicStmnt CovItemId="S17" CovItemPrefix="cabra.Utils.java" Intrnl_Id="61">
<LocList>
<Loc EndOffset="2613" SrcFileId="1" StartOffset="2599"/>
</LocList>
</BasicStmnt>
<BasicStmnt CovItemId="S18" CovItemPrefix="cabra.Utils.java" Intrnl_Id="62">
<LocList>
<Loc EndOffset="2636" SrcFileId="1" StartOffset="2622"/>
</LocList>
</BasicStmnt>
<LoopStmnt CovItemId="S19" CovItemPrefix="cabra.Utils.java" Intrnl_Id="63" MltplExecId="L3-2" MltplExecPrefix="cabra.Utils.java" NvrExecId="L3-0" NvrExecPrefix="cabra.Utils.java" OnceExecutedId="L3-1" OnceExecutedPrefix="cabra.Utils.java" OptBodyExec="true">
<StmntSeq Intrnl_Id="64">
<LocList>
<Loc EndOffset="2691" SrcFileId="1" StartOffset="2678"/>
<Loc EndOffset="2712" SrcFileId="1" StartOffset="2704"/>
</LocList>
<BasicStmnt CovItemId="S20" CovItemPrefix="cabra.Utils.java" Intrnl_Id="65">
<LocList>
<Loc EndOffset="2691" SrcFileId="1" StartOffset="2678"/>
</LocList>
</BasicStmnt>
<BasicStmnt CovItemId="S21" CovItemPrefix="cabra.Utils.java" Intrnl_Id="66">
<LocList>
<Loc EndOffset="2712" SrcFileId="1" StartOffset="2704"/>
</LocList>
</BasicStmnt>
</StmntSeq>
<Keyword EndOffset="2648" SrcFileId="1" StartOffset="2645"/>
<LocList>
<Loc EndOffset="2722" SrcFileId="1" StartOffset="2645"/>
</LocList>
</LoopStmnt>
<BasicStmnt CovItemId="S22" CovItemPrefix="cabra.Utils.java" Intrnl_Id="67">
<LocList>
<Loc EndOffset="2752" SrcFileId="1" StartOffset="2731"/>
</LocList>
</BasicStmnt>
</StmntSeq>
</HierarchyLvl>
<HierarchyLvl HierarchyLvlId="2098" HierarchyLvlTypeId="10" Intrnl_Id="68" Name="toPercent">
<Header>
<Loc EndOffset="3077" SrcFileId="1" StartOffset="3024"/>
</Header>
<LocList>
<Loc EndOffset="3265" SrcFileId="1" StartOffset="3024"/>
</LocList>
<StmntSeq Intrnl_Id="69">
<LocList>
<Loc EndOffset="3174" SrcFileId="1" StartOffset="3138"/>
<Loc EndOffset="3220" SrcFileId="1" StartOffset="3183"/>
<Loc EndOffset="3259" SrcFileId="1" StartOffset="3238"/>
</LocList>
<BasicStmnt CovItemId="S23" CovItemPrefix="cabra.Utils.java" Intrnl_Id="70">
<LocList>
<Loc EndOffset="3174" SrcFileId="1" StartOffset="3138"/>
</LocList>
</BasicStmnt>
<BasicStmnt CovItemId="S24" CovItemPrefix="cabra.Utils.java" Intrnl_Id="71">
<LocList>
<Loc EndOffset="3220" SrcFileId="1" StartOffset="3183"/>
</LocList>
</BasicStmnt>
<BasicStmnt CovItemId="S25" CovItemPrefix="cabra.Utils.java" Intrnl_Id="72">
<LocList>
<Loc EndOffset="3259" SrcFileId="1" StartOffset="3238"/>
</LocList>
</BasicStmnt>
</StmntSeq>
</HierarchyLvl>
<HierarchyLvl HierarchyLvlId="2099" HierarchyLvlTypeId="10" Intrnl_Id="73" Name="percent">
<Header>
<Loc EndOffset="3476" SrcFileId="1" StartOffset="3428"/>
</Header>
<LocList>
<Loc EndOffset="3815" SrcFileId="1" StartOffset="3428"/>
</LocList>
<StmntSeq Intrnl_Id="74">
<LocList>
<Loc EndOffset="3584" SrcFileId="1" StartOffset="3486"/>
<Loc EndOffset="3671" SrcFileId="1" StartOffset="3631"/>
<Loc EndOffset="3745" SrcFileId="1" StartOffset="3698"/>
<Loc EndOffset="3809" SrcFileId="1" StartOffset="3794"/>
</LocList>
<CondStmnt CovItemId="S26" CovItemPrefix="cabra.Utils.java" Intrnl_Id="75">
<Branch CovItemId="B5" CovItemPrefix="cabra.Utils.java" Implct="false" Intrnl_Id="76">
<Cond/>
<LocList>
<Loc EndOffset="3584" SrcFileId="1" StartOffset="3500"/>
</LocList>
<StmntSeq Intrnl_Id="77">
<LocList>
<Loc EndOffset="3574" SrcFileId="1" StartOffset="3565"/>
</LocList>
<BasicStmnt CovItemId="S27" CovItemPrefix="cabra.Utils.java" Intrnl_Id="78">
<LocList>
<Loc EndOffset="3574" SrcFileId="1" StartOffset="3565"/>
</LocList>
</BasicStmnt>
</StmntSeq>
</Branch>
<Branch CovItemId="B6" CovItemPrefix="cabra.Utils.java" Implct="true" Intrnl_Id="79">
<Cond/>
<LocList/>
<StmntSeq Intrnl_Id="80">
<LocList/>
</StmntSeq>
</Branch>
<Keyword EndOffset="3488" SrcFileId="1" StartOffset="3486"/>
<LocList>
<Loc EndOffset="3584" SrcFileId="1" StartOffset="3486"/>
</LocList>
<RootTerm CovItemId="C3" CovItemPrefix="cabra.Utils.java" Intrnl_Id="81">
<BasicBoolTerm Intrnl_Id="82">
<LocList>
<Loc EndOffset="3499" SrcFileId="1" StartOffset="3489"/>
</LocList>
</BasicBoolTerm>
</RootTerm>
</CondStmnt>
<BasicStmnt CovItemId="S28" CovItemPrefix="cabra.Utils.java" Intrnl_Id="83">
<LocList>
<Loc EndOffset="3671" SrcFileId="1" StartOffset="3631"/>
</LocList>
</BasicStmnt>
<BasicStmnt CovItemId="S29" CovItemPrefix="cabra.Utils.java" Intrnl_Id="84">
<LocList>
<Loc EndOffset="3745" SrcFileId="1" StartOffset="3698"/>
</LocList>
</BasicStmnt>
<BasicStmnt CovItemId="S30" CovItemPrefix="cabra.Utils.java" Intrnl_Id="85">
<LocList>
<Loc EndOffset="3809" SrcFileId="1" StartOffset="3794"/>
</LocList>
</BasicStmnt>
</StmntSeq>
</HierarchyLvl>
<HierarchyLvl HierarchyLvlId="2100" HierarchyLvlTypeId="10" Intrnl_Id="86" Name="daysToMillis">
<Header>
<Loc EndOffset="4054" SrcFileId="1" StartOffset="4013"/>
</Header>
<LocList>
<Loc EndOffset="4141" SrcFileId="1" StartOffset="4013"/>
</LocList>
<StmntSeq Intrnl_Id="87">
<LocList>
<Loc EndOffset="4098" SrcFileId="1" StartOffset="4064"/>
</LocList>
<BasicStmnt CovItemId="S31" CovItemPrefix="cabra.Utils.java" Intrnl_Id="88">
<LocList>
<Loc EndOffset="4098" SrcFileId="1" StartOffset="4064"/>
</LocList>
</BasicStmnt>
</StmntSeq>
</HierarchyLvl>
<HierarchyLvl HierarchyLvlId="2101" HierarchyLvlTypeId="10" Intrnl_Id="89" Name="toIntegerArray">
<Header>
<Loc EndOffset="4366" SrcFileId="1" StartOffset="4319"/>
</Header>
<LocList>
<Loc EndOffset="4541" SrcFileId="1" StartOffset="4319"/>
</LocList>
<StmntSeq Intrnl_Id="90">
<LocList>
<Loc EndOffset="4415" SrcFileId="1" StartOffset="4376"/>
<Loc EndOffset="4505" SrcFileId="1" StartOffset="4424"/>
<Loc EndOffset="4535" SrcFileId="1" StartOffset="4523"/>
</LocList>
<BasicStmnt CovItemId="S32" CovItemPrefix="cabra.Utils.java" Intrnl_Id="91">
<LocList>
<Loc EndOffset="4415" SrcFileId="1" StartOffset="4376"/>
</LocList>
</BasicStmnt>
<LoopStmnt CovItemId="S33" CovItemPrefix="cabra.Utils.java" Intrnl_Id="92" MltplExecId="L4-2" MltplExecPrefix="cabra.Utils.java" NvrExecId="L4-0" NvrExecPrefix="cabra.Utils.java" OnceExecutedId="L4-1" OnceExecutedPrefix="cabra.Utils.java" OptBodyExec="true">
<StmntSeq Intrnl_Id="93">
<LocList>
<Loc EndOffset="4495" SrcFileId="1" StartOffset="4467"/>
</LocList>
<BasicStmnt CovItemId="S34" CovItemPrefix="cabra.Utils.java" Intrnl_Id="94">
<LocList>
<Loc EndOffset="4495" SrcFileId="1" StartOffset="4467"/>
</LocList>
</BasicStmnt>
</StmntSeq>
<Keyword EndOffset="4427" SrcFileId="1" StartOffset="4424"/>
<LocList>
<Loc EndOffset="4505" SrcFileId="1" StartOffset="4424"/>
</LocList>
<RootTerm CovItemId="C4" CovItemPrefix="cabra.Utils.java" Intrnl_Id="95">
<BasicBoolTerm Intrnl_Id="96">
<LocList>
<Loc EndOffset="4447" SrcFileId="1" StartOffset="4437"/>
</LocList>
</BasicBoolTerm>
</RootTerm>
</LoopStmnt>
<BasicStmnt CovItemId="S35" CovItemPrefix="cabra.Utils.java" Intrnl_Id="97">
<LocList>
<Loc EndOffset="4535" SrcFileId="1" StartOffset="4523"/>
</LocList>
</BasicStmnt>
</StmntSeq>
</HierarchyLvl>
<HierarchyLvl HierarchyLvlId="2102" HierarchyLvlTypeId="10" Intrnl_Id="98" Name="stringWithPlural">
<Header>
<Loc EndOffset="5103" SrcFileId="1" StartOffset="5037"/>
</Header>
<LocList>
<Loc EndOffset="5209" SrcFileId="1" StartOffset="5037"/>
</LocList>
<StmntSeq Intrnl_Id="99">
<LocList>
<Loc EndOffset="5203" SrcFileId="1" StartOffset="5113"/>
</LocList>
<CondStmnt CovItemId="S36" CovItemPrefix="cabra.Utils.java" Intrnl_Id="100">
<Branch CovItemId="B7" CovItemPrefix="cabra.Utils.java" Implct="false" Intrnl_Id="101">
<Cond/>
<LocList>
<Loc EndOffset="5163" SrcFileId="1" StartOffset="5143"/>
</LocList>
<StmntSeq Intrnl_Id="102">
<LocList>
<Loc EndOffset="5163" SrcFileId="1" StartOffset="5143"/>
</LocList>
<BasicStmnt CovItemId="S37" CovItemPrefix="cabra.Utils.java" Intrnl_Id="103">
<LocList>
<Loc EndOffset="5163" SrcFileId="1" StartOffset="5143"/>
</LocList>
</BasicStmnt>
</StmntSeq>
</Branch>
<Branch CovItemId="B8" CovItemPrefix="cabra.Utils.java" Implct="false" Intrnl_Id="104">
<Cond>
<Loc EndOffset="5176" SrcFileId="1" StartOffset="5172"/>
</Cond>
<LocList>
<Loc EndOffset="5203" SrcFileId="1" StartOffset="5189"/>
</LocList>
<StmntSeq Intrnl_Id="105">
<LocList>
<Loc EndOffset="5203" SrcFileId="1" StartOffset="5189"/>
</LocList>
<BasicStmnt CovItemId="S38" CovItemPrefix="cabra.Utils.java" Intrnl_Id="106">
<LocList>
<Loc EndOffset="5203" SrcFileId="1" StartOffset="5189"/>
</LocList>
</BasicStmnt>
</StmntSeq>
</Branch>
<Keyword EndOffset="5115" SrcFileId="1" StartOffset="5113"/>
<LocList>
<Loc EndOffset="5203" SrcFileId="1" StartOffset="5113"/>
</LocList>
<RootTerm CovItemId="C5" CovItemPrefix="cabra.Utils.java" Intrnl_Id="107">
<BasicBoolTerm Intrnl_Id="108">
<LocList>
<Loc EndOffset="5129" SrcFileId="1" StartOffset="5116"/>
</LocList>
</BasicBoolTerm>
</RootTerm>
</CondStmnt>
</StmntSeq>
</HierarchyLvl>
<HierarchyLvl HierarchyLvlId="2103" HierarchyLvlTypeId="10" Intrnl_Id="109" Name="numDigits">
<Header>
<Loc EndOffset="5403" SrcFileId="1" StartOffset="5369"/>
</Header>
<LocList>
<Loc EndOffset="5522" SrcFileId="1" StartOffset="5369"/>
</LocList>
<StmntSeq Intrnl_Id="110">
<LocList>
<Loc EndOffset="5433" SrcFileId="1" StartOffset="5413"/>
<Loc EndOffset="5474" SrcFileId="1" StartOffset="5442"/>
</LocList>
<CondStmnt CovItemId="S39" CovItemPrefix="cabra.Utils.java" Intrnl_Id="111">
<Branch CovItemId="B9" CovItemPrefix="cabra.Utils.java" Implct="false" Intrnl_Id="112">
<Cond/>
<LocList>
<Loc EndOffset="5433" SrcFileId="1" StartOffset="5424"/>
</LocList>
<StmntSeq Intrnl_Id="113">
<LocList>
<Loc EndOffset="5433" SrcFileId="1" StartOffset="5424"/>
</LocList>
<BasicStmnt CovItemId="S40" CovItemPrefix="cabra.Utils.java" Intrnl_Id="114">
<LocList>
<Loc EndOffset="5433" SrcFileId="1" StartOffset="5424"/>
</LocList>
</BasicStmnt>
</StmntSeq>
</Branch>
<Branch CovItemId="B10" CovItemPrefix="cabra.Utils.java" Implct="true" Intrnl_Id="115">
<Cond/>
<LocList/>
<StmntSeq Intrnl_Id="116">
<LocList/>
</StmntSeq>
</Branch>
<Keyword EndOffset="5415" SrcFileId="1" StartOffset="5413"/>
<LocList>
<Loc EndOffset="5433" SrcFileId="1" StartOffset="5413"/>
</LocList>
<RootTerm CovItemId="C6" CovItemPrefix="cabra.Utils.java" Intrnl_Id="117">
<BasicBoolTerm Intrnl_Id="118">
<LocList>
<Loc EndOffset="5422" SrcFileId="1" StartOffset="5416"/>
</LocList>
</BasicBoolTerm>
</RootTerm>
</CondStmnt>
<BasicStmnt CovItemId="S41" CovItemPrefix="cabra.Utils.java" Intrnl_Id="119">
<LocList>
<Loc EndOffset="5474" SrcFileId="1" StartOffset="5442"/>
</LocList>
</BasicStmnt>
</StmntSeq>
</HierarchyLvl>
<HierarchyLvl HierarchyLvlId="2104" HierarchyLvlTypeId="10" Intrnl_Id="120" Name="padWithLeadingZeroes">
<Header>
<Loc EndOffset="6016" SrcFileId="1" StartOffset="5956"/>
</Header>
<LocList>
<Loc EndOffset="6379" SrcFileId="1" StartOffset="5956"/>
</LocList>
<StmntSeq Intrnl_Id="121">
<LocList>
<Loc EndOffset="6049" SrcFileId="1" StartOffset="6026"/>
<Loc EndOffset="6132" SrcFileId="1" StartOffset="6090"/>
<Loc EndOffset="6341" SrcFileId="1" StartOffset="6261"/>
<Loc EndOffset="6373" SrcFileId="1" StartOffset="6359"/>
</LocList>
<BasicStmnt CovItemId="S42" CovItemPrefix="cabra.Utils.java" Intrnl_Id="122">
<LocList>
<Loc EndOffset="6049" SrcFileId="1" StartOffset="6026"/>
</LocList>
</BasicStmnt>
<BasicStmnt CovItemId="S43" CovItemPrefix="cabra.Utils.java" Intrnl_Id="123">
<LocList>
<Loc EndOffset="6132" SrcFileId="1" StartOffset="6090"/>
</LocList>
</BasicStmnt>
<LoopStmnt CovItemId="S44" CovItemPrefix="cabra.Utils.java" Intrnl_Id="124" MltplExecId="L5-2" MltplExecPrefix="cabra.Utils.java" NvrExecId="L5-0" NvrExecPrefix="cabra.Utils.java" OnceExecutedId="L5-1" OnceExecutedPrefix="cabra.Utils.java" OptBodyExec="true">
<StmntSeq Intrnl_Id="125">
<LocList>
<Loc EndOffset="6331" SrcFileId="1" StartOffset="6309"/>
</LocList>
<BasicStmnt CovItemId="S45" CovItemPrefix="cabra.Utils.java" Intrnl_Id="126">
<LocList>
<Loc EndOffset="6331" SrcFileId="1" StartOffset="6309"/>
</LocList>
</BasicStmnt>
</StmntSeq>
<Keyword EndOffset="6264" SrcFileId="1" StartOffset="6261"/>
<LocList>
<Loc EndOffset="6341" SrcFileId="1" StartOffset="6261"/>
</LocList>
<RootTerm CovItemId="C7" CovItemPrefix="cabra.Utils.java" Intrnl_Id="127">
<BasicBoolTerm Intrnl_Id="128">
<LocList>
<Loc EndOffset="6289" SrcFileId="1" StartOffset="6274"/>
</LocList>
</BasicBoolTerm>
</RootTerm>
</LoopStmnt>
<BasicStmnt CovItemId="S46" CovItemPrefix="cabra.Utils.java" Intrnl_Id="129">
<LocList>
<Loc EndOffset="6373" SrcFileId="1" StartOffset="6359"/>
</LocList>
</BasicStmnt>
</StmntSeq>
</HierarchyLvl>
<HierarchyLvl HierarchyLvlId="2105" HierarchyLvlTypeId="10" Intrnl_Id="130" Name="stringFromArray">
<Header>
<Loc EndOffset="6680" SrcFileId="1" StartOffset="6628"/>
</Header>
<LocList>
<Loc EndOffset="7018" SrcFileId="1" StartOffset="6628"/>
</LocList>
<StmntSeq Intrnl_Id="131">
<LocList>
<Loc EndOffset="6710" SrcFileId="1" StartOffset="6690"/>
<Loc EndOffset="6866" SrcFileId="1" StartOffset="6783"/>
<Loc EndOffset="6957" SrcFileId="1" StartOffset="6907"/>
<Loc EndOffset="6980" SrcFileId="1" StartOffset="6966"/>
<Loc EndOffset="7012" SrcFileId="1" StartOffset="6998"/>
</LocList>
<BasicStmnt CovItemId="S47" CovItemPrefix="cabra.Utils.java" Intrnl_Id="132">
<LocList>
<Loc EndOffset="6710" SrcFileId="1" StartOffset="6690"/>
</LocList>
</BasicStmnt>
<LoopStmnt CovItemId="S48" CovItemPrefix="cabra.Utils.java" Intrnl_Id="133" MltplExecId="L6-2" MltplExecPrefix="cabra.Utils.java" NvrExecId="L6-0" NvrExecPrefix="cabra.Utils.java" OnceExecutedId="L6-1" OnceExecutedPrefix="cabra.Utils.java" OptBodyExec="true">
<StmntSeq Intrnl_Id="134">
<LocList>
<Loc EndOffset="6856" SrcFileId="1" StartOffset="6828"/>
</LocList>
<BasicStmnt CovItemId="S49" CovItemPrefix="cabra.Utils.java" Intrnl_Id="135">
<LocList>
<Loc EndOffset="6856" SrcFileId="1" StartOffset="6828"/>
</LocList>
</BasicStmnt>
</StmntSeq>
<Keyword EndOffset="6786" SrcFileId="1" StartOffset="6783"/>
<LocList>
<Loc EndOffset="6866" SrcFileId="1" StartOffset="6783"/>
</LocList>
</LoopStmnt>
<BasicStmnt CovItemId="S50" CovItemPrefix="cabra.Utils.java" Intrnl_Id="136">
<LocList>
<Loc EndOffset="6957" SrcFileId="1" StartOffset="6907"/>
</LocList>
</BasicStmnt>
<BasicStmnt CovItemId="S51" CovItemPrefix="cabra.Utils.java" Intrnl_Id="137">
<LocList>
<Loc EndOffset="6980" SrcFileId="1" StartOffset="6966"/>
</LocList>
</BasicStmnt>
<BasicStmnt CovItemId="S52" CovItemPrefix="cabra.Utils.java" Intrnl_Id="138">
<LocList>
<Loc EndOffset="7012" SrcFileId="1" StartOffset="6998"/>
</LocList>
</BasicStmnt>
</StmntSeq>
</HierarchyLvl>
<HierarchyLvl HierarchyLvlId="2106" HierarchyLvlTypeId="10" Intrnl_Id="139" Name="arrayFromString">
<Header>
<Loc EndOffset="7335" SrcFileId="1" StartOffset="7277"/>
</Header>
<LocList>
<Loc EndOffset="7603" SrcFileId="1" StartOffset="7277"/>
</LocList>
<StmntSeq Intrnl_Id="140">
<LocList>
<Loc EndOffset="7458" SrcFileId="1" StartOffset="7393"/>
<Loc EndOffset="7573" SrcFileId="1" StartOffset="7531"/>
<Loc EndOffset="7597" SrcFileId="1" StartOffset="7582"/>
</LocList>
<BasicStmnt CovItemId="S53" CovItemPrefix="cabra.Utils.java" Intrnl_Id="141">
<LocList>
<Loc EndOffset="7458" SrcFileId="1" StartOffset="7393"/>
</LocList>
</BasicStmnt>
<BasicStmnt CovItemId="S54" CovItemPrefix="cabra.Utils.java" Intrnl_Id="142">
<LocList>
<Loc EndOffset="7573" SrcFileId="1" StartOffset="7531"/>
</LocList>
</BasicStmnt>
<BasicStmnt CovItemId="S55" CovItemPrefix="cabra.Utils.java" Intrnl_Id="143">
<LocList>
<Loc EndOffset="7597" SrcFileId="1" StartOffset="7582"/>
</LocList>
</BasicStmnt>
</StmntSeq>
</HierarchyLvl>
<HierarchyLvl HierarchyLvlId="2107" HierarchyLvlTypeId="10" Intrnl_Id="144" Name="purgeFolder">
<Header>
<Loc EndOffset="7801" SrcFileId="1" StartOffset="7758"/>
</Header>
<LocList>
<Loc EndOffset="7933" SrcFileId="1" StartOffset="7758"/>
</LocList>
<StmntSeq Intrnl_Id="145">
<LocList>
<Loc EndOffset="7927" SrcFileId="1" StartOffset="7851"/>
</LocList>
<LoopStmnt CovItemId="S56" CovItemPrefix="cabra.Utils.java" Intrnl_Id="146" MltplExecId="L7-2" MltplExecPrefix="cabra.Utils.java" NvrExecId="L7-0" NvrExecPrefix="cabra.Utils.java" OnceExecutedId="L7-1" OnceExecutedPrefix="cabra.Utils.java" OptBodyExec="true">
<StmntSeq Intrnl_Id="147">
<LocList>
<Loc EndOffset="7917" SrcFileId="1" StartOffset="7900"/>
</LocList>
<BasicStmnt CovItemId="S57" CovItemPrefix="cabra.Utils.java" Intrnl_Id="148">
<LocList>
<Loc EndOffset="7917" SrcFileId="1" StartOffset="7900"/>
</LocList>
</BasicStmnt>
</StmntSeq>
<Keyword EndOffset="7854" SrcFileId="1" StartOffset="7851"/>
<LocList>
<Loc EndOffset="7927" SrcFileId="1" StartOffset="7851"/>
</LocList>
</LoopStmnt>
</StmntSeq>
</HierarchyLvl>
<HierarchyLvl HierarchyLvlId="2108" HierarchyLvlTypeId="10" Intrnl_Id="149" Name="obliterate">
<Header>
<Loc EndOffset="8089" SrcFileId="1" StartOffset="8049"/>
</Header>
<LocList>
<Loc EndOffset="8462" SrcFileId="1" StartOffset="8049"/>
</LocList>
<StmntSeq Intrnl_Id="150">
<LocList>
<Loc EndOffset="8456" SrcFileId="1" StartOffset="8099"/>
</LocList>
<CondStmnt CovItemId="S58" CovItemPrefix="cabra.Utils.java" Intrnl_Id="151">
<Branch CovItemId="B11" CovItemPrefix="cabra.Utils.java" Implct="false" Intrnl_Id="152">
<Cond/>
<LocList>
<Loc EndOffset="8187" SrcFileId="1" StartOffset="8116"/>
</LocList>
<StmntSeq Intrnl_Id="153">
<LocList>
<Loc EndOffset="8144" SrcFileId="1" StartOffset="8130"/>
<Loc EndOffset="8177" SrcFileId="1" StartOffset="8157"/>
</LocList>
<BasicStmnt CovItemId="S59" CovItemPrefix="cabra.Utils.java" Intrnl_Id="154">
<LocList>
<Loc EndOffset="8144" SrcFileId="1" StartOffset="8130"/>
</LocList>
</BasicStmnt>
<BasicStmnt CovItemId="S60" CovItemPrefix="cabra.Utils.java" Intrnl_Id="155">
<LocList>
<Loc EndOffset="8177" SrcFileId="1" StartOffset="8157"/>
</LocList>
</BasicStmnt>
</StmntSeq>
</Branch>
<Branch CovItemId="B12" CovItemPrefix="cabra.Utils.java" Implct="false" Intrnl_Id="156">
<Cond>
<Loc EndOffset="8200" SrcFileId="1" StartOffset="8196"/>
</Cond>
<LocList>
<Loc EndOffset="8456" SrcFileId="1" StartOffset="8201"/>
</LocList>
<StmntSeq Intrnl_Id="157">
<LocList>
<Loc EndOffset="8456" SrcFileId="1" StartOffset="8201"/>
</LocList>
<CondStmnt CovItemId="S61" CovItemPrefix="cabra.Utils.java" Intrnl_Id="158">
<Branch CovItemId="B13" CovItemPrefix="cabra.Utils.java" Implct="false" Intrnl_Id="159">
<Cond/>
<LocList>
<Loc EndOffset="8456" SrcFileId="1" StartOffset="8223"/>
</LocList>
<StmntSeq Intrnl_Id="160">
<LocList>
<Loc EndOffset="8386" SrcFileId="1" StartOffset="8302"/>
<Loc EndOffset="8413" SrcFileId="1" StartOffset="8399"/>
<Loc EndOffset="8446" SrcFileId="1" StartOffset="8426"/>
</LocList>
<LoopStmnt CovItemId="S62" CovItemPrefix="cabra.Utils.java" Intrnl_Id="161" MltplExecId="L8-2" MltplExecPrefix="cabra.Utils.java" NvrExecId="L8-0" NvrExecPrefix="cabra.Utils.java" OnceExecutedId="L8-1" OnceExecutedPrefix="cabra.Utils.java" OptBodyExec="true">
<StmntSeq Intrnl_Id="162">
<LocList>
<Loc EndOffset="8372" SrcFileId="1" StartOffset="8354"/>
</LocList>
<BasicStmnt CovItemId="S63" CovItemPrefix="cabra.Utils.java" Intrnl_Id="163">
<LocList>
<Loc EndOffset="8372" SrcFileId="1" StartOffset="8354"/>
</LocList>
</BasicStmnt>
</StmntSeq>
<Keyword EndOffset="8305" SrcFileId="1" StartOffset="8302"/>
<LocList>
<Loc EndOffset="8386" SrcFileId="1" StartOffset="8302"/>
</LocList>
</LoopStmnt>
<BasicStmnt CovItemId="S64" CovItemPrefix="cabra.Utils.java" Intrnl_Id="164">
<LocList>
<Loc EndOffset="8413" SrcFileId="1" StartOffset="8399"/>
</LocList>
</BasicStmnt>
<BasicStmnt CovItemId="S65" CovItemPrefix="cabra.Utils.java" Intrnl_Id="165">
<LocList>
<Loc EndOffset="8446" SrcFileId="1" StartOffset="8426"/>
</LocList>
</BasicStmnt>
</StmntSeq>
</Branch>
<Branch CovItemId="B14" CovItemPrefix="cabra.Utils.java" Implct="true" Intrnl_Id="166">
<Cond/>
<LocList/>
<StmntSeq Intrnl_Id="167">
<LocList/>
</StmntSeq>
</Branch>
<Keyword EndOffset="8203" SrcFileId="1" StartOffset="8201"/>
<LocList>
<Loc EndOffset="8456" SrcFileId="1" StartOffset="8201"/>
</LocList>
<RootTerm CovItemId="C9" CovItemPrefix="cabra.Utils.java" Intrnl_Id="168">
<BasicBoolTerm Intrnl_Id="169">
<LocList>
<Loc EndOffset="8222" SrcFileId="1" StartOffset="8204"/>
</LocList>
</BasicBoolTerm>
</RootTerm>
</CondStmnt>
</StmntSeq>
</Branch>
<Keyword EndOffset="8101" SrcFileId="1" StartOffset="8099"/>
<LocList>
<Loc EndOffset="8456" SrcFileId="1" StartOffset="8099"/>
</LocList>
<RootTerm CovItemId="C8" CovItemPrefix="cabra.Utils.java" Intrnl_Id="170">
<BasicBoolTerm Intrnl_Id="171">
<LocList>
<Loc EndOffset="8115" SrcFileId="1" StartOffset="8102"/>
</LocList>
</BasicBoolTerm>
</RootTerm>
</CondStmnt>
</StmntSeq>
</HierarchyLvl>
<HierarchyLvl HierarchyLvlId="2111" HierarchyLvlTypeId="10" Intrnl_Id="172" Name="createAdvicePanel">
<Header>
<Loc EndOffset="8703" SrcFileId="1" StartOffset="8652"/>
</Header>
<LocList>
<Loc EndOffset="9254" SrcFileId="1" StartOffset="8652"/>
</LocList>
<StmntSeq Intrnl_Id="173">
<LocList>
<Loc EndOffset="8732" SrcFileId="1" StartOffset="8717"/>
<Loc EndOffset="8969" SrcFileId="1" StartOffset="8968"/>
<Loc EndOffset="9015" SrcFileId="1" StartOffset="8982"/>
<Loc EndOffset="9073" SrcFileId="1" StartOffset="9028"/>
<Loc EndOffset="9191" SrcFileId="1" StartOffset="9144"/>
<Loc EndOffset="9222" SrcFileId="1" StartOffset="9204"/>
<Loc EndOffset="9248" SrcFileId="1" StartOffset="9235"/>
</LocList>
<BasicStmnt CovItemId="S66" CovItemPrefix="cabra.Utils.java" Intrnl_Id="174">
<LocList>
<Loc EndOffset="8732" SrcFileId="1" StartOffset="8717"/>
<Loc EndOffset="8969" SrcFileId="1" StartOffset="8968"/>
</LocList>
</BasicStmnt>
<BasicStmnt CovItemId="S69" CovItemPrefix="cabra.Utils.java" Intrnl_Id="175">
<LocList>
<Loc EndOffset="9015" SrcFileId="1" StartOffset="8982"/>
</LocList>
</BasicStmnt>
<BasicStmnt CovItemId="S70" CovItemPrefix="cabra.Utils.java" Intrnl_Id="176">
<LocList>
<Loc EndOffset="9073" SrcFileId="1" StartOffset="9028"/>
</LocList>
</BasicStmnt>
<BasicStmnt CovItemId="S71" CovItemPrefix="cabra.Utils.java" Intrnl_Id="177">
<LocList>
<Loc EndOffset="9191" SrcFileId="1" StartOffset="9144"/>
</LocList>
</BasicStmnt>
<BasicStmnt CovItemId="S72" CovItemPrefix="cabra.Utils.java" Intrnl_Id="178">
<LocList>
<Loc EndOffset="9222" SrcFileId="1" StartOffset="9204"/>
</LocList>
</BasicStmnt>
<BasicStmnt CovItemId="S73" CovItemPrefix="cabra.Utils.java" Intrnl_Id="179">
<LocList>
<Loc EndOffset="9248" SrcFileId="1" StartOffset="9235"/>
</LocList>
</BasicStmnt>
</StmntSeq>
<HierarchyLvl HierarchyLvlId="2110" HierarchyLvlTypeId="12" Intrnl_Id="180" Name="JPanel">
<Header>
<Loc EndOffset="8749" SrcFileId="1" StartOffset="8736"/>
</Header>
<LocList>
<Loc EndOffset="8968" SrcFileId="1" StartOffset="8732"/>
</LocList>
<HierarchyLvl HierarchyLvlId="2109" HierarchyLvlTypeId="10" Intrnl_Id="181" Name="paintComponent">
<Header>
<Loc EndOffset="8831" SrcFileId="1" StartOffset="8763"/>
</Header>
<LocList>
<Loc EndOffset="8954" SrcFileId="1" StartOffset="8763"/>
</LocList>
<StmntSeq Intrnl_Id="182">
<LocList>
<Loc EndOffset="8881" SrcFileId="1" StartOffset="8857"/>
<Loc EndOffset="8932" SrcFileId="1" StartOffset="8906"/>
</LocList>
<BasicStmnt CovItemId="S67" CovItemPrefix="cabra.Utils.java" Intrnl_Id="183">
<LocList>
<Loc EndOffset="8881" SrcFileId="1" StartOffset="8857"/>
</LocList>
</BasicStmnt>
<BasicStmnt CovItemId="S68" CovItemPrefix="cabra.Utils.java" Intrnl_Id="184">
<LocList>
<Loc EndOffset="8932" SrcFileId="1" StartOffset="8906"/>
</LocList>
</BasicStmnt>
</StmntSeq>
</HierarchyLvl>
</HierarchyLvl>
</HierarchyLvl>
<HierarchyLvl HierarchyLvlId="2112" HierarchyLvlTypeId="10" Intrnl_Id="185" Name="browse">
<Header>
<Loc EndOffset="9412" SrcFileId="1" StartOffset="9375"/>
</Header>
<LocList>
<Loc EndOffset="9962" SrcFileId="1" StartOffset="9375"/>
</LocList>
<StmntSeq Intrnl_Id="186">
<LocList>
<Loc EndOffset="9444" SrcFileId="1" StartOffset="9421"/>
<Loc EndOffset="9476" SrcFileId="1" StartOffset="9452"/>
<Loc EndOffset="9541" SrcFileId="1" StartOffset="9484"/>
<Loc EndOffset="9593" SrcFileId="1" StartOffset="9565"/>
<Loc EndOffset="9625" SrcFileId="1" StartOffset="9605"/>
<Loc EndOffset="9942" SrcFileId="1" StartOffset="9549"/>
</LocList>
<BasicStmnt CovItemId="S74" CovItemPrefix="cabra.Utils.java" Intrnl_Id="187">
<LocList>
<Loc EndOffset="9444" SrcFileId="1" StartOffset="9421"/>
</LocList>
</BasicStmnt>
<BasicStmnt CovItemId="S75" CovItemPrefix="cabra.Utils.java" Intrnl_Id="188">
<LocList>
<Loc EndOffset="9476" SrcFileId="1" StartOffset="9452"/>
</LocList>
</BasicStmnt>
<BasicStmnt CovItemId="S76" CovItemPrefix="cabra.Utils.java" Intrnl_Id="189">
<LocList>
<Loc EndOffset="9541" SrcFileId="1" StartOffset="9484"/>
</LocList>
</BasicStmnt>
<BasicStmnt CovItemId="S78" CovItemPrefix="cabra.Utils.java" Intrnl_Id="190">
<LocList>
<Loc EndOffset="9593" SrcFileId="1" StartOffset="9565"/>
</LocList>
</BasicStmnt>
<BasicStmnt CovItemId="S79" CovItemPrefix="cabra.Utils.java" Intrnl_Id="191">
<LocList>
<Loc EndOffset="9625" SrcFileId="1" StartOffset="9605"/>
</LocList>
</BasicStmnt>
<CondStmnt CovItemId="S77" CovItemPrefix="cabra.Utils.java" Intrnl_Id="192">
<Branch CovItemId="B15" CovItemPrefix="cabra.Utils.java" Implct="true" Intrnl_Id="193">
<Cond/>
<LocList/>
<StmntSeq Intrnl_Id="194">
<LocList/>
</StmntSeq>
</Branch>
<Branch CovItemId="B16" CovItemPrefix="cabra.Utils.java" Implct="false" Intrnl_Id="195">
<Cond>
<Loc EndOffset="9671" SrcFileId="1" StartOffset="9642"/>
</Cond>
<LocList>
<Loc EndOffset="9777" SrcFileId="1" StartOffset="9671"/>
</LocList>
<StmntSeq Intrnl_Id="196">
<LocList>
<Loc EndOffset="9768" SrcFileId="1" StartOffset="9706"/>
</LocList>
<BasicStmnt CovItemId="S80" CovItemPrefix="cabra.Utils.java" Intrnl_Id="197">
<LocList>
<Loc EndOffset="9768" SrcFileId="1" StartOffset="9706"/>
</LocList>
</BasicStmnt>
</StmntSeq>
</Branch>
<Branch CovItemId="B17" CovItemPrefix="cabra.Utils.java" Implct="false" Intrnl_Id="198">
<Cond>
<Loc EndOffset="9822" SrcFileId="1" StartOffset="9785"/>
</Cond>
<LocList>
<Loc EndOffset="9942" SrcFileId="1" StartOffset="9822"/>
</LocList>
<StmntSeq Intrnl_Id="199">
<LocList>
<Loc EndOffset="9933" SrcFileId="1" StartOffset="9873"/>
</LocList>
<BasicStmnt CovItemId="S81" CovItemPrefix="cabra.Utils.java" Intrnl_Id="200">
<LocList>
<Loc EndOffset="9933" SrcFileId="1" StartOffset="9873"/>
</LocList>
</BasicStmnt>
</StmntSeq>
</Branch>
<Keyword EndOffset="9552" SrcFileId="1" StartOffset="9549"/>
<LocList>
<Loc EndOffset="9942" SrcFileId="1" StartOffset="9549"/>
</LocList>
</CondStmnt>
</StmntSeq>
</HierarchyLvl>
<HierarchyLvl HierarchyLvlId="2115" HierarchyLvlTypeId="10" Intrnl_Id="201" Name="createEditorPane">
<Header>
<Loc EndOffset="10250" SrcFileId="1" StartOffset="10174"/>
</Header>
<LocList>
<Loc EndOffset="11854" SrcFileId="1" StartOffset="10174"/>
</LocList>
<StmntSeq Intrnl_Id="202">
<LocList>
<Loc EndOffset="10331" SrcFileId="1" StartOffset="10288"/>
<Loc EndOffset="10370" SrcFileId="1" StartOffset="10340"/>
<Loc EndOffset="10426" SrcFileId="1" StartOffset="10379"/>
<Loc EndOffset="10490" SrcFileId="1" StartOffset="10466"/>
<Loc EndOffset="10549" SrcFileId="1" StartOffset="10517"/>
<Loc EndOffset="10689" SrcFileId="1" StartOffset="10500"/>
<Loc EndOffset="10962" SrcFileId="1" StartOffset="10698"/>
<Loc EndOffset="11032" SrcFileId="1" StartOffset="11000"/>
<Loc EndOffset="11300" SrcFileId="1" StartOffset="11298"/>
<Loc EndOffset="11398" SrcFileId="1" StartOffset="11345"/>
<Loc EndOffset="11484" SrcFileId="1" StartOffset="11407"/>
<Loc EndOffset="11577" SrcFileId="1" StartOffset="11493"/>
<Loc EndOffset="11725" SrcFileId="1" StartOffset="11670"/>
<Loc EndOffset="11756" SrcFileId="1" StartOffset="11734"/>
<Loc EndOffset="11826" SrcFileId="1" StartOffset="11765"/>
<Loc EndOffset="11848" SrcFileId="1" StartOffset="11835"/>
</LocList>
<BasicStmnt CovItemId="S82" CovItemPrefix="cabra.Utils.java" Intrnl_Id="203">
<LocList>
<Loc EndOffset="10331" SrcFileId="1" StartOffset="10288"/>
</LocList>
</BasicStmnt>
<BasicStmnt CovItemId="S83" CovItemPrefix="cabra.Utils.java" Intrnl_Id="204">
<LocList>
<Loc EndOffset="10370" SrcFileId="1" StartOffset="10340"/>
</LocList>
</BasicStmnt>
<BasicStmnt CovItemId="S84" CovItemPrefix="cabra.Utils.java" Intrnl_Id="205">
<LocList>
<Loc EndOffset="10426" SrcFileId="1" StartOffset="10379"/>
</LocList>
</BasicStmnt>
<BasicStmnt CovItemId="S85" CovItemPrefix="cabra.Utils.java" Intrnl_Id="206">
<LocList>
<Loc EndOffset="10490" SrcFileId="1" StartOffset="10466"/>
</LocList>
</BasicStmnt>
<BasicStmnt CovItemId="S87" CovItemPrefix="cabra.Utils.java" Intrnl_Id="207">
<LocList>
<Loc EndOffset="10549" SrcFileId="1" StartOffset="10517"/>
</LocList>
</BasicStmnt>
<CondStmnt CovItemId="S86" CovItemPrefix="cabra.Utils.java" Intrnl_Id="208">
<Branch CovItemId="B18" CovItemPrefix="cabra.Utils.java" Implct="true" Intrnl_Id="209">
<Cond/>
<LocList/>
<StmntSeq Intrnl_Id="210">
<LocList/>
</StmntSeq>
</Branch>
<Branch CovItemId="B19" CovItemPrefix="cabra.Utils.java" Implct="false" Intrnl_Id="211">
<Cond>
<Loc EndOffset="10607" SrcFileId="1" StartOffset="10568"/>
</Cond>
<LocList>
<Loc EndOffset="10689" SrcFileId="1" StartOffset="10607"/>
</LocList>
<StmntSeq Intrnl_Id="212">
<LocList>
<Loc EndOffset="10679" SrcFileId="1" StartOffset="10643"/>
</LocList>
<BasicStmnt CovItemId="S88" CovItemPrefix="cabra.Utils.java" Intrnl_Id="213">
<LocList>
<Loc EndOffset="10679" SrcFileId="1" StartOffset="10643"/>
</LocList>
</BasicStmnt>
</StmntSeq>
</Branch>
<Keyword EndOffset="10503" SrcFileId="1" StartOffset="10500"/>
<LocList>
<Loc EndOffset="10689" SrcFileId="1" StartOffset="10500"/>
</LocList>
</CondStmnt>
<CondStmnt CovItemId="S89" CovItemPrefix="cabra.Utils.java" Intrnl_Id="214">
<Branch CovItemId="B20" CovItemPrefix="cabra.Utils.java" Implct="false" Intrnl_Id="215">
<Cond/>
<LocList>
<Loc EndOffset="10962" SrcFileId="1" StartOffset="10713"/>
</LocList>
<StmntSeq Intrnl_Id="216">
<LocList>
<Loc EndOffset="10772" SrcFileId="1" StartOffset="10748"/>
<Loc EndOffset="10952" SrcFileId="1" StartOffset="10727"/>
</LocList>
<BasicStmnt CovItemId="S91" CovItemPrefix="cabra.Utils.java" Intrnl_Id="217">
<LocList>
<Loc EndOffset="10772" SrcFileId="1" StartOffset="10748"/>
</LocList>
</BasicStmnt>
<CondStmnt CovItemId="S90" CovItemPrefix="cabra.Utils.java" Intrnl_Id="218">
<Branch CovItemId="B22" CovItemPrefix="cabra.Utils.java" Implct="true" Intrnl_Id="219">
<Cond/>
<LocList/>
<StmntSeq Intrnl_Id="220">
<LocList/>
</StmntSeq>
</Branch>
<Branch CovItemId="B23" CovItemPrefix="cabra.Utils.java" Implct="false" Intrnl_Id="221">
<Cond>
<Loc EndOffset="10828" SrcFileId="1" StartOffset="10799"/>
</Cond>
<LocList>
<Loc EndOffset="10952" SrcFileId="1" StartOffset="10828"/>
</LocList>
<StmntSeq Intrnl_Id="222">
<LocList/>
</StmntSeq>
</Branch>
<Keyword EndOffset="10730" SrcFileId="1" StartOffset="10727"/>
<LocList>
<Loc EndOffset="10952" SrcFileId="1" StartOffset="10727"/>
</LocList>
</CondStmnt>
</StmntSeq>
</Branch>
<Branch CovItemId="B21" CovItemPrefix="cabra.Utils.java" Implct="true" Intrnl_Id="223">
<Cond/>
<LocList/>
<StmntSeq Intrnl_Id="224">
<LocList/>
</StmntSeq>
</Branch>
<Keyword EndOffset="10700" SrcFileId="1" StartOffset="10698"/>
<LocList>
<Loc EndOffset="10962" SrcFileId="1" StartOffset="10698"/>
</LocList>
<RootTerm CovItemId="C10" CovItemPrefix="cabra.Utils.java" Intrnl_Id="225">
<BasicBoolTerm Intrnl_Id="226">
<LocList>
<Loc EndOffset="10712" SrcFileId="1" StartOffset="10701"/>
</LocList>
</BasicBoolTerm>
</RootTerm>
</CondStmnt>
<BasicStmnt CovItemId="S92" CovItemPrefix="cabra.Utils.java" Intrnl_Id="227">
<LocList>
<Loc EndOffset="11032" SrcFileId="1" StartOffset="11000"/>
<Loc EndOffset="11300" SrcFileId="1" StartOffset="11298"/>
</LocList>
</BasicStmnt>
<BasicStmnt CovItemId="S95" CovItemPrefix="cabra.Utils.java" Intrnl_Id="228">
<LocList>
<Loc EndOffset="11398" SrcFileId="1" StartOffset="11345"/>
</LocList>
</BasicStmnt>
<BasicStmnt CovItemId="S96" CovItemPrefix="cabra.Utils.java" Intrnl_Id="229">
<LocList>
<Loc EndOffset="11484" SrcFileId="1" StartOffset="11407"/>
</LocList>
</BasicStmnt>
<BasicStmnt CovItemId="S97" CovItemPrefix="cabra.Utils.java" Intrnl_Id="230">
<LocList>
<Loc EndOffset="11577" SrcFileId="1" StartOffset="11493"/>
</LocList>
</BasicStmnt>
<BasicStmnt CovItemId="S98" CovItemPrefix="cabra.Utils.java" Intrnl_Id="231">
<LocList>
<Loc EndOffset="11725" SrcFileId="1" StartOffset="11670"/>
</LocList>
</BasicStmnt>
<BasicStmnt CovItemId="S99" CovItemPrefix="cabra.Utils.java" Intrnl_Id="232">
<LocList>
<Loc EndOffset="11756" SrcFileId="1" StartOffset="11734"/>
</LocList>
</BasicStmnt>
<BasicStmnt CovItemId="S100" CovItemPrefix="cabra.Utils.java" Intrnl_Id="233">
<LocList>
<Loc EndOffset="11826" SrcFileId="1" StartOffset="11765"/>
</LocList>
</BasicStmnt>
<BasicStmnt CovItemId="S101" CovItemPrefix="cabra.Utils.java" Intrnl_Id="234">
<LocList>
<Loc EndOffset="11848" SrcFileId="1" StartOffset="11835"/>
</LocList>
</BasicStmnt>
</StmntSeq>
<HierarchyLvl HierarchyLvlId="2114" HierarchyLvlTypeId="12" Intrnl_Id="235" Name="HyperlinkListener">
<Header>
<Loc EndOffset="11055" SrcFileId="1" StartOffset="11036"/>
</Header>
<LocList>
<Loc EndOffset="11298" SrcFileId="1" StartOffset="11032"/>
</LocList>
<HierarchyLvl HierarchyLvlId="2113" HierarchyLvlTypeId="10" Intrnl_Id="236" Name="hyperlinkUpdate">
<Header>
<Loc EndOffset="11117" SrcFileId="1" StartOffset="11070"/>
</Header>
<LocList>
<Loc EndOffset="11288" SrcFileId="1" StartOffset="11070"/>
</LocList>
<StmntSeq Intrnl_Id="237">
<LocList>
<Loc EndOffset="11274" SrcFileId="1" StartOffset="11136"/>
</LocList>
<CondStmnt CovItemId="S93" CovItemPrefix="cabra.Utils.java" Intrnl_Id="238">
<Branch CovItemId="B24" CovItemPrefix="cabra.Utils.java" Implct="false" Intrnl_Id="239">
<Cond/>
<LocList>
<Loc EndOffset="11274" SrcFileId="1" StartOffset="11196"/>
</LocList>
<StmntSeq Intrnl_Id="240">
<LocList>
<Loc EndOffset="11256" SrcFileId="1" StartOffset="11218"/>
</LocList>
<BasicStmnt CovItemId="S94" CovItemPrefix="cabra.Utils.java" Intrnl_Id="241">
<LocList>
<Loc EndOffset="11256" SrcFileId="1" StartOffset="11218"/>
</LocList>
</BasicStmnt>
</StmntSeq>
</Branch>
<Branch CovItemId="B25" CovItemPrefix="cabra.Utils.java" Implct="true" Intrnl_Id="242">
<Cond/>
<LocList/>
<StmntSeq Intrnl_Id="243">
<LocList/>
</StmntSeq>
</Branch>
<Keyword EndOffset="11138" SrcFileId="1" StartOffset="11136"/>
<LocList>
<Loc EndOffset="11274" SrcFileId="1" StartOffset="11136"/>
</LocList>
<RootTerm CovItemId="C11" CovItemPrefix="cabra.Utils.java" Intrnl_Id="244">
<BasicBoolTerm Intrnl_Id="245">
<LocList>
<Loc EndOffset="11195" SrcFileId="1" StartOffset="11139"/>
</LocList>
</BasicBoolTerm>
</RootTerm>
</CondStmnt>
</StmntSeq>
</HierarchyLvl>
</HierarchyLvl>
</HierarchyLvl>
<HierarchyLvl HierarchyLvlId="2116" HierarchyLvlTypeId="10" Intrnl_Id="246" Name="openURLinDialog">
<Header>
<Loc EndOffset="12259" SrcFileId="1" StartOffset="12168"/>
</Header>
<LocList>
<Loc EndOffset="12333" SrcFileId="1" StartOffset="12168"/>
</LocList>
<StmntSeq Intrnl_Id="247">
<LocList>
<Loc EndOffset="12327" SrcFileId="1" StartOffset="12269"/>
</LocList>
<BasicStmnt CovItemId="S102" CovItemPrefix="cabra.Utils.java" Intrnl_Id="248">
<LocList>
<Loc EndOffset="12327" SrcFileId="1" StartOffset="12269"/>
</LocList>
</BasicStmnt>
</StmntSeq>
</HierarchyLvl>
<HierarchyLvl HierarchyLvlId="2117" HierarchyLvlTypeId="10" Intrnl_Id="249" Name="openURLinDialog">
<Header>
<Loc EndOffset="12819" SrcFileId="1" StartOffset="12710"/>
</Header>
<LocList>
<Loc EndOffset="13426" SrcFileId="1" StartOffset="12710"/>
</LocList>
<StmntSeq Intrnl_Id="250">
<LocList>
<Loc EndOffset="12890" SrcFileId="1" StartOffset="12868"/>
<Loc EndOffset="12930" SrcFileId="1" StartOffset="12907"/>
<Loc EndOffset="12993" SrcFileId="1" StartOffset="12939"/>
<Loc EndOffset="13076" SrcFileId="1" StartOffset="13040"/>
<Loc EndOffset="13108" SrcFileId="1" StartOffset="13085"/>
<Loc EndOffset="13179" SrcFileId="1" StartOffset="13117"/>
<Loc EndOffset="13219" SrcFileId="1" StartOffset="13188"/>
<Loc EndOffset="13242" SrcFileId="1" StartOffset="13228"/>
<Loc EndOffset="13278" SrcFileId="1" StartOffset="13251"/>
<Loc EndOffset="13309" SrcFileId="1" StartOffset="13287"/>
<Loc EndOffset="13354" SrcFileId="1" StartOffset="13318"/>
<Loc EndOffset="13420" SrcFileId="1" StartOffset="13393"/>
</LocList>
<BasicStmnt CovItemId="S103" CovItemPrefix="cabra.Utils.java" Intrnl_Id="251">
<LocList>
<Loc EndOffset="12890" SrcFileId="1" StartOffset="12868"/>
</LocList>
</BasicStmnt>
<BasicStmnt CovItemId="S104" CovItemPrefix="cabra.Utils.java" Intrnl_Id="252">
<LocList>
<Loc EndOffset="12930" SrcFileId="1" StartOffset="12907"/>
</LocList>
</BasicStmnt>
<BasicStmnt CovItemId="S105" CovItemPrefix="cabra.Utils.java" Intrnl_Id="253">
<LocList>
<Loc EndOffset="12993" SrcFileId="1" StartOffset="12939"/>
</LocList>
</BasicStmnt>
<BasicStmnt CovItemId="S106" CovItemPrefix="cabra.Utils.java" Intrnl_Id="254">
<LocList>
<Loc EndOffset="13076" SrcFileId="1" StartOffset="13040"/>
</LocList>
</BasicStmnt>
<BasicStmnt CovItemId="S107" CovItemPrefix="cabra.Utils.java" Intrnl_Id="255">
<LocList>
<Loc EndOffset="13108" SrcFileId="1" StartOffset="13085"/>
</LocList>
</BasicStmnt>
<BasicStmnt CovItemId="S108" CovItemPrefix="cabra.Utils.java" Intrnl_Id="256">
<LocList>
<Loc EndOffset="13179" SrcFileId="1" StartOffset="13117"/>
</LocList>
</BasicStmnt>
<BasicStmnt CovItemId="S109" CovItemPrefix="cabra.Utils.java" Intrnl_Id="257">
<LocList>
<Loc EndOffset="13219" SrcFileId="1" StartOffset="13188"/>
</LocList>
</BasicStmnt>
<BasicStmnt CovItemId="S110" CovItemPrefix="cabra.Utils.java" Intrnl_Id="258">
<LocList>
<Loc EndOffset="13242" SrcFileId="1" StartOffset="13228"/>
</LocList>
</BasicStmnt>
<BasicStmnt CovItemId="S111" CovItemPrefix="cabra.Utils.java" Intrnl_Id="259">
<LocList>
<Loc EndOffset="13278" SrcFileId="1" StartOffset="13251"/>
</LocList>
</BasicStmnt>
<BasicStmnt CovItemId="S112" CovItemPrefix="cabra.Utils.java" Intrnl_Id="260">
<LocList>
<Loc EndOffset="13309" SrcFileId="1" StartOffset="13287"/>
</LocList>
</BasicStmnt>
<BasicStmnt CovItemId="S113" CovItemPrefix="cabra.Utils.java" Intrnl_Id="261">
<LocList>
<Loc EndOffset="13354" SrcFileId="1" StartOffset="13318"/>
</LocList>
</BasicStmnt>
<BasicStmnt CovItemId="S114" CovItemPrefix="cabra.Utils.java" Intrnl_Id="262">
<LocList>
<Loc EndOffset="13420" SrcFileId="1" StartOffset="13393"/>
</LocList>
</BasicStmnt>
</StmntSeq>
</HierarchyLvl>
<HierarchyLvl HierarchyLvlId="2118" HierarchyLvlTypeId="10" Intrnl_Id="263" Name="changeFrameLocation">
<Header>
<Loc EndOffset="13725" SrcFileId="1" StartOffset="13656"/>
</Header>
<LocList>
<Loc EndOffset="13975" SrcFileId="1" StartOffset="13656"/>
</LocList>
<StmntSeq Intrnl_Id="264">
<LocList>
<Loc EndOffset="13772" SrcFileId="1" StartOffset="13735"/>
<Loc EndOffset="13905" SrcFileId="1" StartOffset="13880"/>
<Loc EndOffset="13969" SrcFileId="1" StartOffset="13941"/>
</LocList>
<BasicStmnt CovItemId="S115" CovItemPrefix="cabra.Utils.java" Intrnl_Id="265">
<LocList>
<Loc EndOffset="13772" SrcFileId="1" StartOffset="13735"/>
</LocList>
</BasicStmnt>
<BasicStmnt CovItemId="S116" CovItemPrefix="cabra.Utils.java" Intrnl_Id="266">
<LocList>
<Loc EndOffset="13905" SrcFileId="1" StartOffset="13880"/>
</LocList>
</BasicStmnt>
<BasicStmnt CovItemId="S117" CovItemPrefix="cabra.Utils.java" Intrnl_Id="267">
<LocList>
<Loc EndOffset="13969" SrcFileId="1" StartOffset="13941"/>
</LocList>
</BasicStmnt>
</StmntSeq>
</HierarchyLvl>
<HierarchyLvl HierarchyLvlId="2119" HierarchyLvlTypeId="10" Intrnl_Id="268" Name="centerComponent">
<Header>
<Loc EndOffset="14219" SrcFileId="1" StartOffset="14148"/>
</Header>
<LocList>
<Loc EndOffset="14904" SrcFileId="1" StartOffset="14148"/>
</LocList>
<StmntSeq Intrnl_Id="269">
<LocList>
<Loc EndOffset="14349" SrcFileId="1" StartOffset="14287"/>
<Loc EndOffset="14423" SrcFileId="1" StartOffset="14358"/>
<Loc EndOffset="14649" SrcFileId="1" StartOffset="14612"/>
<Loc EndOffset="14695" SrcFileId="1" StartOffset="14658"/>
<Loc EndOffset="14788" SrcFileId="1" StartOffset="14751"/>
<Loc EndOffset="14832" SrcFileId="1" StartOffset="14797"/>
<Loc EndOffset="14898" SrcFileId="1" StartOffset="14850"/>
</LocList>
<BasicStmnt CovItemId="S118" CovItemPrefix="cabra.Utils.java" Intrnl_Id="270">
<LocList>
<Loc EndOffset="14349" SrcFileId="1" StartOffset="14287"/>
</LocList>
</BasicStmnt>
<BasicStmnt CovItemId="S119" CovItemPrefix="cabra.Utils.java" Intrnl_Id="271">
<LocList>
<Loc EndOffset="14423" SrcFileId="1" StartOffset="14358"/>
</LocList>
</BasicStmnt>
<BasicStmnt CovItemId="S120" CovItemPrefix="cabra.Utils.java" Intrnl_Id="272">
<LocList>
<Loc EndOffset="14649" SrcFileId="1" StartOffset="14612"/>
</LocList>
</BasicStmnt>
<BasicStmnt CovItemId="S121" CovItemPrefix="cabra.Utils.java" Intrnl_Id="273">
<LocList>
<Loc EndOffset="14695" SrcFileId="1" StartOffset="14658"/>
</LocList>
</BasicStmnt>
<BasicStmnt CovItemId="S122" CovItemPrefix="cabra.Utils.java" Intrnl_Id="274">
<LocList>
<Loc EndOffset="14788" SrcFileId="1" StartOffset="14751"/>
</LocList>
</BasicStmnt>
<BasicStmnt CovItemId="S123" CovItemPrefix="cabra.Utils.java" Intrnl_Id="275">
<LocList>
<Loc EndOffset="14832" SrcFileId="1" StartOffset="14797"/>
</LocList>
</BasicStmnt>
<BasicStmnt CovItemId="S124" CovItemPrefix="cabra.Utils.java" Intrnl_Id="276">
<LocList>
<Loc EndOffset="14898" SrcFileId="1" StartOffset="14850"/>
</LocList>
</BasicStmnt>
</StmntSeq>
</HierarchyLvl>
<HierarchyLvl HierarchyLvlId="2120" HierarchyLvlTypeId="10" Intrnl_Id="277" Name="centerOnScreen">
<Header>
<Loc EndOffset="15106" SrcFileId="1" StartOffset="15052"/>
</Header>
<LocList>
<Loc EndOffset="15656" SrcFileId="1" StartOffset="15052"/>
</LocList>
<StmntSeq Intrnl_Id="278">
<LocList>
<Loc EndOffset="15175" SrcFileId="1" StartOffset="15120"/>
<Loc EndOffset="15235" SrcFileId="1" StartOffset="15188"/>
<Loc EndOffset="15293" SrcFileId="1" StartOffset="15248"/>
<Loc EndOffset="15353" SrcFileId="1" StartOffset="15306"/>
<Loc EndOffset="15409" SrcFileId="1" StartOffset="15367"/>
<Loc EndOffset="15466" SrcFileId="1" StartOffset="15422"/>
<Loc EndOffset="15527" SrcFileId="1" StartOffset="15480"/>
<Loc EndOffset="15586" SrcFileId="1" StartOffset="15540"/>
<Loc EndOffset="15648" SrcFileId="1" StartOffset="15600"/>
</LocList>
<BasicStmnt CovItemId="S125" CovItemPrefix="cabra.Utils.java" Intrnl_Id="279">
<LocList>
<Loc EndOffset="15175" SrcFileId="1" StartOffset="15120"/>
</LocList>
</BasicStmnt>
<BasicStmnt CovItemId="S126" CovItemPrefix="cabra.Utils.java" Intrnl_Id="280">
<LocList>
<Loc EndOffset="15235" SrcFileId="1" StartOffset="15188"/>
</LocList>
</BasicStmnt>
<BasicStmnt CovItemId="S127" CovItemPrefix="cabra.Utils.java" Intrnl_Id="281">
<LocList>
<Loc EndOffset="15293" SrcFileId="1" StartOffset="15248"/>
</LocList>
</BasicStmnt>
<BasicStmnt CovItemId="S128" CovItemPrefix="cabra.Utils.java" Intrnl_Id="282">
<LocList>
<Loc EndOffset="15353" SrcFileId="1" StartOffset="15306"/>
</LocList>
</BasicStmnt>
<BasicStmnt CovItemId="S129" CovItemPrefix="cabra.Utils.java" Intrnl_Id="283">
<LocList>
<Loc EndOffset="15409" SrcFileId="1" StartOffset="15367"/>
</LocList>
</BasicStmnt>
<BasicStmnt CovItemId="S130" CovItemPrefix="cabra.Utils.java" Intrnl_Id="284">
<LocList>
<Loc EndOffset="15466" SrcFileId="1" StartOffset="15422"/>
</LocList>
</BasicStmnt>
<BasicStmnt CovItemId="S131" CovItemPrefix="cabra.Utils.java" Intrnl_Id="285">
<LocList>
<Loc EndOffset="15527" SrcFileId="1" StartOffset="15480"/>
</LocList>
</BasicStmnt>
<BasicStmnt CovItemId="S132" CovItemPrefix="cabra.Utils.java" Intrnl_Id="286">
<LocList>
<Loc EndOffset="15586" SrcFileId="1" StartOffset="15540"/>
</LocList>
</BasicStmnt>
<BasicStmnt CovItemId="S133" CovItemPrefix="cabra.Utils.java" Intrnl_Id="287">
<LocList>
<Loc EndOffset="15648" SrcFileId="1" StartOffset="15600"/>
</LocList>
</BasicStmnt>
</StmntSeq>
</HierarchyLvl>
<HierarchyLvl HierarchyLvlId="2121" HierarchyLvlTypeId="10" Intrnl_Id="288" Name="drawEmblem">
<Header>
<Loc EndOffset="16000" SrcFileId="1" StartOffset="15937"/>
</Header>
<LocList>
<Loc EndOffset="16921" SrcFileId="1" StartOffset="15937"/>
</LocList>
<StmntSeq Intrnl_Id="289">
<LocList>
<Loc EndOffset="16061" SrcFileId="1" StartOffset="16014"/>
<Loc EndOffset="16162" SrcFileId="1" StartOffset="16074"/>
<Loc EndOffset="16383" SrcFileId="1" StartOffset="16345"/>
<Loc EndOffset="16436" SrcFileId="1" StartOffset="16396"/>
<Loc EndOffset="16554" SrcFileId="1" StartOffset="16505"/>
<Loc EndOffset="16646" SrcFileId="1" StartOffset="16595"/>
<Loc EndOffset="16826" SrcFileId="1" StartOffset="16740"/>
</LocList>
<BasicStmnt CovItemId="S134" CovItemPrefix="cabra.Utils.java" Intrnl_Id="290">
<LocList>
<Loc EndOffset="16061" SrcFileId="1" StartOffset="16014"/>
</LocList>
</BasicStmnt>
<BasicStmnt CovItemId="S135" CovItemPrefix="cabra.Utils.java" Intrnl_Id="291">
<LocList>
<Loc EndOffset="16162" SrcFileId="1" StartOffset="16074"/>
</LocList>
</BasicStmnt>
<BasicStmnt CovItemId="S136" CovItemPrefix="cabra.Utils.java" Intrnl_Id="292">
<LocList>
<Loc EndOffset="16383" SrcFileId="1" StartOffset="16345"/>
</LocList>
</BasicStmnt>
<BasicStmnt CovItemId="S137" CovItemPrefix="cabra.Utils.java" Intrnl_Id="293">
<LocList>
<Loc EndOffset="16436" SrcFileId="1" StartOffset="16396"/>
</LocList>
</BasicStmnt>
<BasicStmnt CovItemId="S138" CovItemPrefix="cabra.Utils.java" Intrnl_Id="294">
<LocList>
<Loc EndOffset="16554" SrcFileId="1" StartOffset="16505"/>
</LocList>
</BasicStmnt>
<BasicStmnt CovItemId="S139" CovItemPrefix="cabra.Utils.java" Intrnl_Id="295">
<LocList>
<Loc EndOffset="16646" SrcFileId="1" StartOffset="16595"/>
</LocList>
</BasicStmnt>
<BasicStmnt CovItemId="S140" CovItemPrefix="cabra.Utils.java" Intrnl_Id="296">
<LocList>
<Loc EndOffset="16826" SrcFileId="1" StartOffset="16740"/>
</LocList>
</BasicStmnt>
</StmntSeq>
</HierarchyLvl>
<HierarchyLvl HierarchyLvlId="2122" HierarchyLvlTypeId="10" Intrnl_Id="297" Name="putPanelInDialog">
<Header>
<Loc EndOffset="17585" SrcFileId="1" StartOffset="17447"/>
</Header>
<LocList>
<Loc EndOffset="18121" SrcFileId="1" StartOffset="17447"/>
</LocList>
<StmntSeq Intrnl_Id="298">
<LocList>
<Loc EndOffset="17650" SrcFileId="1" StartOffset="17595"/>
<Loc EndOffset="17711" SrcFileId="1" StartOffset="17693"/>
<Loc EndOffset="17791" SrcFileId="1" StartOffset="17720"/>
<Loc EndOffset="17910" SrcFileId="1" StartOffset="17800"/>
<Loc EndOffset="17946" SrcFileId="1" StartOffset="17919"/>
<Loc EndOffset="18083" SrcFileId="1" StartOffset="17955"/>
<Loc EndOffset="18115" SrcFileId="1" StartOffset="18101"/>
</LocList>
<BasicStmnt CovItemId="S141" CovItemPrefix="cabra.Utils.java" Intrnl_Id="299">
<LocList>
<Loc EndOffset="17650" SrcFileId="1" StartOffset="17595"/>
</LocList>
</BasicStmnt>
<BasicStmnt CovItemId="S142" CovItemPrefix="cabra.Utils.java" Intrnl_Id="300">
<LocList>
<Loc EndOffset="17711" SrcFileId="1" StartOffset="17693"/>
</LocList>
</BasicStmnt>
<BasicStmnt CovItemId="S143" CovItemPrefix="cabra.Utils.java" Intrnl_Id="301">
<LocList>
<Loc EndOffset="17791" SrcFileId="1" StartOffset="17720"/>
</LocList>
</BasicStmnt>
<CondStmnt CovItemId="S144" CovItemPrefix="cabra.Utils.java" Intrnl_Id="302">
<Branch CovItemId="B26" CovItemPrefix="cabra.Utils.java" Implct="false" Intrnl_Id="303">
<Cond/>
<LocList>
<Loc EndOffset="17854" SrcFileId="1" StartOffset="17840"/>
</LocList>
<StmntSeq Intrnl_Id="304">
<LocList>
<Loc EndOffset="17854" SrcFileId="1" StartOffset="17840"/>
</LocList>
<BasicStmnt CovItemId="S145" CovItemPrefix="cabra.Utils.java" Intrnl_Id="305">
<LocList>
<Loc EndOffset="17854" SrcFileId="1" StartOffset="17840"/>
</LocList>
</BasicStmnt>
</StmntSeq>
</Branch>
<Branch CovItemId="B27" CovItemPrefix="cabra.Utils.java" Implct="false" Intrnl_Id="306">
<Cond>
<Loc EndOffset="17867" SrcFileId="1" StartOffset="17863"/>
</Cond>
<LocList>
<Loc EndOffset="17910" SrcFileId="1" StartOffset="17880"/>
</LocList>
<StmntSeq Intrnl_Id="307">
<LocList>
<Loc EndOffset="17910" SrcFileId="1" StartOffset="17880"/>
</LocList>
<BasicStmnt CovItemId="S146" CovItemPrefix="cabra.Utils.java" Intrnl_Id="308">
<LocList>
<Loc EndOffset="17910" SrcFileId="1" StartOffset="17880"/>
</LocList>
</BasicStmnt>
</StmntSeq>
</Branch>
<Keyword EndOffset="17802" SrcFileId="1" StartOffset="17800"/>
<LocList>
<Loc EndOffset="17910" SrcFileId="1" StartOffset="17800"/>
</LocList>
<RootTerm CovItemId="C12" CovItemPrefix="cabra.Utils.java" Intrnl_Id="309">
<OpTerm BooleanOpId="7" Intrnl_Id="310">
<BasicBoolTerm Intrnl_Id="311">
<LocList>
<Loc EndOffset="17812" SrcFileId="1" StartOffset="17803"/>
</LocList>
</BasicBoolTerm>
<BasicBoolTerm Intrnl_Id="312">
<LocList>
<Loc EndOffset="17826" SrcFileId="1" StartOffset="17816"/>
</LocList>
</BasicBoolTerm>
<LocList>
<Loc EndOffset="17815" SrcFileId="1" StartOffset="17813"/>
</LocList>
</OpTerm>
</RootTerm>
</CondStmnt>
<BasicStmnt CovItemId="S147" CovItemPrefix="cabra.Utils.java" Intrnl_Id="313">
<LocList>
<Loc EndOffset="17946" SrcFileId="1" StartOffset="17919"/>
</LocList>
</BasicStmnt>
<CondStmnt CovItemId="S148" CovItemPrefix="cabra.Utils.java" Intrnl_Id="314">
<Branch CovItemId="B28" CovItemPrefix="cabra.Utils.java" Implct="false" Intrnl_Id="315">
<Cond/>
<LocList>
<Loc EndOffset="18022" SrcFileId="1" StartOffset="17985"/>
</LocList>
<StmntSeq Intrnl_Id="316">
<LocList>
<Loc EndOffset="18022" SrcFileId="1" StartOffset="17985"/>
</LocList>
<BasicStmnt CovItemId="S149" CovItemPrefix="cabra.Utils.java" Intrnl_Id="317">
<LocList>
<Loc EndOffset="18022" SrcFileId="1" StartOffset="17985"/>
</LocList>
</BasicStmnt>
</StmntSeq>
</Branch>
<Branch CovItemId="B29" CovItemPrefix="cabra.Utils.java" Implct="false" Intrnl_Id="318">
<Cond>
<Loc EndOffset="18035" SrcFileId="1" StartOffset="18031"/>
</Cond>
<LocList>
<Loc EndOffset="18083" SrcFileId="1" StartOffset="18048"/>
</LocList>
<StmntSeq Intrnl_Id="319">
<LocList>
<Loc EndOffset="18083" SrcFileId="1" StartOffset="18048"/>
</LocList>
<BasicStmnt CovItemId="S150" CovItemPrefix="cabra.Utils.java" Intrnl_Id="320">
<LocList>
<Loc EndOffset="18083" SrcFileId="1" StartOffset="18048"/>
</LocList>
</BasicStmnt>
</StmntSeq>
</Branch>
<Keyword EndOffset="17957" SrcFileId="1" StartOffset="17955"/>
<LocList>
<Loc EndOffset="18083" SrcFileId="1" StartOffset="17955"/>
</LocList>
<RootTerm CovItemId="C13" CovItemPrefix="cabra.Utils.java" Intrnl_Id="321">
<BasicBoolTerm Intrnl_Id="322">
<LocList>
<Loc EndOffset="17971" SrcFileId="1" StartOffset="17958"/>
</LocList>
</BasicBoolTerm>
</RootTerm>
</CondStmnt>
<BasicStmnt CovItemId="S151" CovItemPrefix="cabra.Utils.java" Intrnl_Id="323">
<LocList>
<Loc EndOffset="18115" SrcFileId="1" StartOffset="18101"/>
</LocList>
</BasicStmnt>
</StmntSeq>
</HierarchyLvl>
<HierarchyLvl HierarchyLvlId="2123" HierarchyLvlTypeId="10" Intrnl_Id="324" Name="showDialog">
<Header>
<Loc EndOffset="18446" SrcFileId="1" StartOffset="18373"/>
</Header>
<LocList>
<Loc EndOffset="18512" SrcFileId="1" StartOffset="18373"/>
</LocList>
<StmntSeq Intrnl_Id="325">
<LocList>
<Loc EndOffset="18506" SrcFileId="1" StartOffset="18456"/>
</LocList>
<BasicStmnt CovItemId="S152" CovItemPrefix="cabra.Utils.java" Intrnl_Id="326">
<LocList>
<Loc EndOffset="18506" SrcFileId="1" StartOffset="18456"/>
</LocList>
</BasicStmnt>
</StmntSeq>
</HierarchyLvl>
<HierarchyLvl HierarchyLvlId="2124" HierarchyLvlTypeId="10" Intrnl_Id="327" Name="showDialog">
<Header>
<Loc EndOffset="18861" SrcFileId="1" StartOffset="18771"/>
</Header>
<LocList>
<Loc EndOffset="19213" SrcFileId="1" StartOffset="18771"/>
</LocList>
<StmntSeq Intrnl_Id="328">
<LocList>
<Loc EndOffset="19201" SrcFileId="1" StartOffset="18871"/>
</LocList>
<BasicStmnt CovItemId="S153" CovItemPrefix="cabra.Utils.java" Intrnl_Id="329">
<LocList>
<Loc EndOffset="19201" SrcFileId="1" StartOffset="18871"/>
</LocList>
</BasicStmnt>
</StmntSeq>
</HierarchyLvl>
<HierarchyLvl HierarchyLvlId="2125" HierarchyLvlTypeId="10" Intrnl_Id="330" Name="debug">
<Header>
<Loc EndOffset="19652" SrcFileId="1" StartOffset="19601"/>
</Header>
<LocList>
<Loc EndOffset="20090" SrcFileId="1" StartOffset="19601"/>
</LocList>
<StmntSeq Intrnl_Id="331">
<LocList>
<Loc EndOffset="19682" SrcFileId="1" StartOffset="19662"/>
<Loc EndOffset="19739" SrcFileId="1" StartOffset="19691"/>
<Loc EndOffset="19876" SrcFileId="1" StartOffset="19774"/>
<Loc EndOffset="19971" SrcFileId="1" StartOffset="19885"/>
<Loc EndOffset="20084" SrcFileId="1" StartOffset="19989"/>
</LocList>
<BasicStmnt CovItemId="S154" CovItemPrefix="cabra.Utils.java" Intrnl_Id="332">
<LocList>
<Loc EndOffset="19682" SrcFileId="1" StartOffset="19662"/>
</LocList>
</BasicStmnt>
<BasicStmnt CovItemId="S155" CovItemPrefix="cabra.Utils.java" Intrnl_Id="333">
<LocList>
<Loc EndOffset="19739" SrcFileId="1" StartOffset="19691"/>
</LocList>
</BasicStmnt>
<LoopStmnt CovItemId="S156" CovItemPrefix="cabra.Utils.java" Intrnl_Id="334" MltplExecId="L9-2" MltplExecPrefix="cabra.Utils.java" NvrExecId="L9-0" NvrExecPrefix="cabra.Utils.java" OnceExecutedId="L9-1" OnceExecutedPrefix="cabra.Utils.java" OptBodyExec="true">
<StmntSeq Intrnl_Id="335">
<LocList>
<Loc EndOffset="19866" SrcFileId="1" StartOffset="19834"/>
</LocList>
<BasicStmnt CovItemId="S157" CovItemPrefix="cabra.Utils.java" Intrnl_Id="336">
<LocList>
<Loc EndOffset="19866" SrcFileId="1" StartOffset="19834"/>
</LocList>
</BasicStmnt>
</StmntSeq>
<Keyword EndOffset="19777" SrcFileId="1" StartOffset="19774"/>
<LocList>
<Loc EndOffset="19876" SrcFileId="1" StartOffset="19774"/>
</LocList>
</LoopStmnt>
<BasicStmnt CovItemId="S158" CovItemPrefix="cabra.Utils.java" Intrnl_Id="337">
<LocList>
<Loc EndOffset="19971" SrcFileId="1" StartOffset="19885"/>
</LocList>
</BasicStmnt>
<BasicStmnt CovItemId="S159" CovItemPrefix="cabra.Utils.java" Intrnl_Id="338">
<LocList>
<Loc EndOffset="20084" SrcFileId="1" StartOffset="19989"/>
</LocList>
</BasicStmnt>
</StmntSeq>
</HierarchyLvl>
</HierarchyLvl>
<HierarchyLvl HierarchyLvlId="2168" HierarchyLvlTypeId="9" Intrnl_Id="339" Name="Project">
<Header>
<Loc EndOffset="265" SrcFileId="2" StartOffset="214"/>
</Header>
<LocList>
<Loc EndOffset="12475" SrcFileId="2" StartOffset="214"/>
</LocList>
<StmntSeq Intrnl_Id="340">
<LocList>
<Loc EndOffset="302" SrcFileId="2" StartOffset="271"/>
</LocList>
<BasicStmnt CovItemId="S1" CovItemPrefix="cabra.Project.java" Intrnl_Id="341">
<LocList>
<Loc EndOffset="302" SrcFileId="2" StartOffset="271"/>
</LocList>
</BasicStmnt>
</StmntSeq>
<HierarchyLvl HierarchyLvlId="2127" HierarchyLvlTypeId="10" Intrnl_Id="342" Name="Project">
<Header>
<Loc EndOffset="668" SrcFileId="2" StartOffset="641"/>
</Header>
<LocList>
<Loc EndOffset="815" SrcFileId="2" StartOffset="641"/>
</LocList>
<StmntSeq Intrnl_Id="343">
<LocList>
<Loc EndOffset="743" SrcFileId="2" StartOffset="726"/>
<Loc EndOffset="770" SrcFileId="2" StartOffset="752"/>
<Loc EndOffset="809" SrcFileId="2" StartOffset="779"/>
</LocList>
<BasicStmnt CovItemId="S2" CovItemPrefix="cabra.Project.java" Intrnl_Id="344">
<LocList>
<Loc EndOffset="743" SrcFileId="2" StartOffset="726"/>
</LocList>
</BasicStmnt>
<BasicStmnt CovItemId="S3" CovItemPrefix="cabra.Project.java" Intrnl_Id="345">
<LocList>
<Loc EndOffset="770" SrcFileId="2" StartOffset="752"/>
</LocList>
</BasicStmnt>
<BasicStmnt CovItemId="S4" CovItemPrefix="cabra.Project.java" Intrnl_Id="346">
<LocList>
<Loc EndOffset="809" SrcFileId="2" StartOffset="779"/>
</LocList>
</BasicStmnt>
</StmntSeq>
</HierarchyLvl>
<HierarchyLvl HierarchyLvlId="2128" HierarchyLvlTypeId="10" Intrnl_Id="347" Name="setSession">
<Header>
<Loc EndOffset="888" SrcFileId="2" StartOffset="849"/>
</Header>
<LocList>
<Loc EndOffset="927" SrcFileId="2" StartOffset="849"/>
</LocList>
<StmntSeq Intrnl_Id="348">
<LocList>
<Loc EndOffset="921" SrcFileId="2" StartOffset="898"/>
</LocList>
<BasicStmnt CovItemId="S5" CovItemPrefix="cabra.Project.java" Intrnl_Id="349">
<LocList>
<Loc EndOffset="921" SrcFileId="2" StartOffset="898"/>
</LocList>
</BasicStmnt>
</StmntSeq>
</HierarchyLvl>
<HierarchyLvl HierarchyLvlId="2129" HierarchyLvlTypeId="10" Intrnl_Id="350" Name="newSession">
<Header>
<Loc EndOffset="1025" SrcFileId="2" StartOffset="1001"/>
</Header>
<LocList>
<Loc EndOffset="1136" SrcFileId="2" StartOffset="1001"/>
</LocList>
<StmntSeq Intrnl_Id="351">
<LocList>
<Loc EndOffset="1130" SrcFileId="2" StartOffset="1035"/>
</LocList>
<LoopStmnt CovItemId="S6" CovItemPrefix="cabra.Project.java" Intrnl_Id="352" MltplExecId="L1-2" MltplExecPrefix="cabra.Project.java" NvrExecId="L1-0" NvrExecPrefix="cabra.Project.java" OnceExecutedId="L1-1" OnceExecutedPrefix="cabra.Project.java" OptBodyExec="false">
<StmntSeq Intrnl_Id="353">
<LocList>
<Loc EndOffset="1081" SrcFileId="2" StartOffset="1051"/>
</LocList>
<BasicStmnt CovItemId="S7" CovItemPrefix="cabra.Project.java" Intrnl_Id="354">
<LocList>
<Loc EndOffset="1081" SrcFileId="2" StartOffset="1051"/>
</LocList>
</BasicStmnt>
</StmntSeq>
<Keyword EndOffset="1037" SrcFileId="2" StartOffset="1035"/>
<LocList>
<Loc EndOffset="1130" SrcFileId="2" StartOffset="1035"/>
</LocList>
<RootTerm CovItemId="C1" CovItemPrefix="cabra.Project.java" Intrnl_Id="355">
<BasicBoolTerm Intrnl_Id="356">
<LocList>
<Loc EndOffset="1128" SrcFileId="2" StartOffset="1106"/>
</LocList>
</BasicBoolTerm>
</RootTerm>
</LoopStmnt>
</StmntSeq>
</HierarchyLvl>
<HierarchyLvl HierarchyLvlId="2130" HierarchyLvlTypeId="10" Intrnl_Id="357" Name="getSession">
<Header>
<Loc EndOffset="1173" SrcFileId="2" StartOffset="1146"/>
</Header>
<LocList>
<Loc EndOffset="1209" SrcFileId="2" StartOffset="1146"/>
</LocList>
<StmntSeq Intrnl_Id="358">
<LocList>
<Loc EndOffset="1203" SrcFileId="2" StartOffset="1183"/>
</LocList>
<BasicStmnt CovItemId="S8" CovItemPrefix="cabra.Project.java" Intrnl_Id="359">
<LocList>
<Loc EndOffset="1203" SrcFileId="2" StartOffset="1183"/>
</LocList>
</BasicStmnt>
</StmntSeq>
</HierarchyLvl>
<HierarchyLvl HierarchyLvlId="2131" HierarchyLvlTypeId="10" Intrnl_Id="360" Name="addNote">
<Header>
<Loc EndOffset="1370" SrcFileId="2" StartOffset="1340"/>
</Header>
<LocList>
<Loc EndOffset="1402" SrcFileId="2" StartOffset="1340"/>
</LocList>
<StmntSeq Intrnl_Id="361">
<LocList>
<Loc EndOffset="1396" SrcFileId="2" StartOffset="1380"/>
</LocList>
<BasicStmnt CovItemId="S9" CovItemPrefix="cabra.Project.java" Intrnl_Id="362">
<LocList>
<Loc EndOffset="1396" SrcFileId="2" StartOffset="1380"/>
</LocList>
</BasicStmnt>
</StmntSeq>
</HierarchyLvl>
<HierarchyLvl HierarchyLvlId="2132" HierarchyLvlTypeId="10" Intrnl_Id="363" Name="removeNote">
<Header>
<Loc EndOffset="1551" SrcFileId="2" StartOffset="1518"/>
</Header>
<LocList>
<Loc EndOffset="1846" SrcFileId="2" StartOffset="1518"/>
</LocList>
<StmntSeq Intrnl_Id="364">
<LocList>
<Loc EndOffset="1580" SrcFileId="2" StartOffset="1561"/>
<Loc EndOffset="1746" SrcFileId="2" StartOffset="1633"/>
<Loc EndOffset="1840" SrcFileId="2" StartOffset="1822"/>
</LocList>
<BasicStmnt CovItemId="S10" CovItemPrefix="cabra.Project.java" Intrnl_Id="365">
<LocList>
<Loc EndOffset="1580" SrcFileId="2" StartOffset="1561"/>
</LocList>
</BasicStmnt>
<BasicStmnt CovItemId="S11" CovItemPrefix="cabra.Project.java" Intrnl_Id="366">
<LocList>
<Loc EndOffset="1746" SrcFileId="2" StartOffset="1633"/>
</LocList>
</BasicStmnt>
<BasicStmnt CovItemId="S12" CovItemPrefix="cabra.Project.java" Intrnl_Id="367">
<LocList>
<Loc EndOffset="1840" SrcFileId="2" StartOffset="1822"/>
</LocList>
</BasicStmnt>
</StmntSeq>
</HierarchyLvl>
<HierarchyLvl HierarchyLvlId="2133" HierarchyLvlTypeId="10" Intrnl_Id="368" Name="getNotes">
<Header>
<Loc EndOffset="1987" SrcFileId="2" StartOffset="1954"/>
</Header>
<LocList>
<Loc EndOffset="2016" SrcFileId="2" StartOffset="1954"/>
</LocList>
<StmntSeq Intrnl_Id="369">
<LocList>
<Loc EndOffset="2010" SrcFileId="2" StartOffset="1997"/>
</LocList>
<BasicStmnt CovItemId="S13" CovItemPrefix="cabra.Project.java" Intrnl_Id="370">
<LocList>
<Loc EndOffset="2010" SrcFileId="2" StartOffset="1997"/>
</LocList>
</BasicStmnt>
</StmntSeq>
</HierarchyLvl>
<HierarchyLvl HierarchyLvlId="2134" HierarchyLvlTypeId="10" Intrnl_Id="371" Name="numNotes">
<Header>
<Loc EndOffset="2139" SrcFileId="2" StartOffset="2118"/>
</Header>
<LocList>
<Loc EndOffset="2175" SrcFileId="2" StartOffset="2118"/>
</LocList>
<StmntSeq Intrnl_Id="372">
<LocList>
<Loc EndOffset="2169" SrcFileId="2" StartOffset="2149"/>
</LocList>
<BasicStmnt CovItemId="S14" CovItemPrefix="cabra.Project.java" Intrnl_Id="373">
<LocList>
<Loc EndOffset="2169" SrcFileId="2" StartOffset="2149"/>
</LocList>
</BasicStmnt>
</StmntSeq>
</HierarchyLvl>
<HierarchyLvl HierarchyLvlId="2135" HierarchyLvlTypeId="10" Intrnl_Id="374" Name="addCard">
<Header>
<Loc EndOffset="2255" SrcFileId="2" StartOffset="2211"/>
</Header>
<LocList>
<Loc EndOffset="3624" SrcFileId="2" StartOffset="2211"/>
</LocList>
<StmntSeq Intrnl_Id="375">
<LocList>
<Loc EndOffset="2288" SrcFileId="2" StartOffset="2265"/>
<Loc EndOffset="2312" SrcFileId="2" StartOffset="2297"/>
<Loc EndOffset="3447" SrcFileId="2" StartOffset="2394"/>
<Loc EndOffset="3485" SrcFileId="2" StartOffset="3473"/>
<Loc EndOffset="3618" SrcFileId="2" StartOffset="3558"/>
</LocList>
<BasicStmnt CovItemId="S15" CovItemPrefix="cabra.Project.java" Intrnl_Id="376">
<LocList>
<Loc EndOffset="2288" SrcFileId="2" StartOffset="2265"/>
</LocList>
</BasicStmnt>
<BasicStmnt CovItemId="S16" CovItemPrefix="cabra.Project.java" Intrnl_Id="377">
<LocList>
<Loc EndOffset="2312" SrcFileId="2" StartOffset="2297"/>
</LocList>
</BasicStmnt>
<CondStmnt CovItemId="S17" CovItemPrefix="cabra.Project.java" Intrnl_Id="378">
<Branch CovItemId="B1" CovItemPrefix="cabra.Project.java" Implct="false" Intrnl_Id="379">
<Cond/>
<LocList>
<Loc EndOffset="3447" SrcFileId="2" StartOffset="2415"/>
</LocList>
<StmntSeq Intrnl_Id="380">
<LocList>
<Loc EndOffset="2749" SrcFileId="2" StartOffset="2692"/>
<Loc EndOffset="3310" SrcFileId="2" StartOffset="3260"/>
<Loc EndOffset="3437" SrcFileId="2" StartOffset="3414"/>
</LocList>
<BasicStmnt CovItemId="S18" CovItemPrefix="cabra.Project.java" Intrnl_Id="381">
<LocList>
<Loc EndOffset="2749" SrcFileId="2" StartOffset="2692"/>
</LocList>
</BasicStmnt>
<BasicStmnt CovItemId="S19" CovItemPrefix="cabra.Project.java" Intrnl_Id="382">
<LocList>
<Loc EndOffset="3310" SrcFileId="2" StartOffset="3260"/>
</LocList>
</BasicStmnt>
<BasicStmnt CovItemId="S20" CovItemPrefix="cabra.Project.java" Intrnl_Id="383">
<LocList>
<Loc EndOffset="3437" SrcFileId="2" StartOffset="3414"/>
</LocList>
</BasicStmnt>
</StmntSeq>
</Branch>
<Branch CovItemId="B2" CovItemPrefix="cabra.Project.java" Implct="true" Intrnl_Id="384">
<Cond/>
<LocList/>
<StmntSeq Intrnl_Id="385">
<LocList/>
</StmntSeq>
</Branch>
<Keyword EndOffset="2396" SrcFileId="2" StartOffset="2394"/>
<LocList>
<Loc EndOffset="3447" SrcFileId="2" StartOffset="2394"/>
</LocList>
<RootTerm CovItemId="C2" CovItemPrefix="cabra.Project.java" Intrnl_Id="386">
<BasicBoolTerm Intrnl_Id="387">
<LocList>
<Loc EndOffset="2414" SrcFileId="2" StartOffset="2397"/>
</LocList>
</BasicBoolTerm>
</RootTerm>
</CondStmnt>
<BasicStmnt CovItemId="S21" CovItemPrefix="cabra.Project.java" Intrnl_Id="388">
<LocList>
<Loc EndOffset="3485" SrcFileId="2" StartOffset="3473"/>
</LocList>
</BasicStmnt>
<CondStmnt CovItemId="S22" CovItemPrefix="cabra.Project.java" Intrnl_Id="389">
<Branch CovItemId="B3" CovItemPrefix="cabra.Project.java" Implct="false" Intrnl_Id="390">
<Cond/>
<LocList>
<Loc EndOffset="3618" SrcFileId="2" StartOffset="3577"/>
</LocList>
<StmntSeq Intrnl_Id="391">
<LocList>
<Loc EndOffset="3608" SrcFileId="2" StartOffset="3591"/>
</LocList>
<BasicStmnt CovItemId="S23" CovItemPrefix="cabra.Project.java" Intrnl_Id="392">
<LocList>
<Loc EndOffset="3608" SrcFileId="2" StartOffset="3591"/>
</LocList>
</BasicStmnt>
</StmntSeq>
</Branch>
<Branch CovItemId="B4" CovItemPrefix="cabra.Project.java" Implct="true" Intrnl_Id="393">
<Cond/>
<LocList/>
<StmntSeq Intrnl_Id="394">
<LocList/>
</StmntSeq>
</Branch>
<Keyword EndOffset="3560" SrcFileId="2" StartOffset="3558"/>
<LocList>
<Loc EndOffset="3618" SrcFileId="2" StartOffset="3558"/>
</LocList>
<RootTerm CovItemId="C3" CovItemPrefix="cabra.Project.java" Intrnl_Id="395">
<BasicBoolTerm Intrnl_Id="396">
<LocList>
<Loc EndOffset="3576" SrcFileId="2" StartOffset="3561"/>
</LocList>
</BasicBoolTerm>
</RootTerm>
</CondStmnt>
</StmntSeq>
</HierarchyLvl>
<HierarchyLvl HierarchyLvlId="2136" HierarchyLvlTypeId="10" Intrnl_Id="397" Name="addCard">
<Header>
<Loc EndOffset="3664" SrcFileId="2" StartOffset="3634"/>
</Header>
<LocList>
<Loc EndOffset="3865" SrcFileId="2" StartOffset="3634"/>
</LocList>
<StmntSeq Intrnl_Id="398">
<LocList>
<Loc EndOffset="3826" SrcFileId="2" StartOffset="3795"/>
</LocList>
<BasicStmnt CovItemId="S24" CovItemPrefix="cabra.Project.java" Intrnl_Id="399">
<LocList>
<Loc EndOffset="3826" SrcFileId="2" StartOffset="3795"/>
</LocList>
</BasicStmnt>
</StmntSeq>
</HierarchyLvl>
<HierarchyLvl HierarchyLvlId="2137" HierarchyLvlTypeId="10" Intrnl_Id="400" Name="addCards">
<Header>
<Loc EndOffset="3923" SrcFileId="2" StartOffset="3875"/>
</Header>
<LocList>
<Loc EndOffset="4276" SrcFileId="2" StartOffset="3875"/>
</LocList>
<StmntSeq Intrnl_Id="401">
<LocList>
<Loc EndOffset="4140" SrcFileId="2" StartOffset="4051"/>
<Loc EndOffset="4222" SrcFileId="2" StartOffset="4212"/>
</LocList>
<LoopStmnt CovItemId="S25" CovItemPrefix="cabra.Project.java" Intrnl_Id="402" MltplExecId="L2-2" MltplExecPrefix="cabra.Project.java" NvrExecId="L2-0" NvrExecPrefix="cabra.Project.java" OnceExecutedId="L2-1" OnceExecutedPrefix="cabra.Project.java" OptBodyExec="true">
<StmntSeq Intrnl_Id="403">
<LocList>
<Loc EndOffset="4130" SrcFileId="2" StartOffset="4115"/>
</LocList>
<BasicStmnt CovItemId="S26" CovItemPrefix="cabra.Project.java" Intrnl_Id="404">
<LocList>
<Loc EndOffset="4130" SrcFileId="2" StartOffset="4115"/>
</LocList>
</BasicStmnt>
</StmntSeq>
<Keyword EndOffset="4054" SrcFileId="2" StartOffset="4051"/>
<LocList>
<Loc EndOffset="4140" SrcFileId="2" StartOffset="4051"/>
</LocList>
</LoopStmnt>
<BasicStmnt CovItemId="S27" CovItemPrefix="cabra.Project.java" Intrnl_Id="405">
<LocList>
<Loc EndOffset="4222" SrcFileId="2" StartOffset="4212"/>
</LocList>
</BasicStmnt>
</StmntSeq>
</HierarchyLvl>
<HierarchyLvl HierarchyLvlId="2138" HierarchyLvlTypeId="10" Intrnl_Id="406" Name="removeCard">
<Header>
<Loc EndOffset="4484" SrcFileId="2" StartOffset="4443"/>
</Header>
<LocList>
<Loc EndOffset="5074" SrcFileId="2" StartOffset="4443"/>
</LocList>
<StmntSeq Intrnl_Id="407">
<LocList>
<Loc EndOffset="4520" SrcFileId="2" StartOffset="4494"/>
<Loc EndOffset="4716" SrcFileId="2" StartOffset="4619"/>
<Loc EndOffset="5032" SrcFileId="2" StartOffset="4776"/>
<Loc EndOffset="5068" SrcFileId="2" StartOffset="5056"/>
</LocList>
<BasicStmnt CovItemId="S28" CovItemPrefix="cabra.Project.java" Intrnl_Id="408">
<LocList>
<Loc EndOffset="4520" SrcFileId="2" StartOffset="4494"/>
</LocList>
</BasicStmnt>
<CondStmnt CovItemId="S29" CovItemPrefix="cabra.Project.java" Intrnl_Id="409">
<Branch CovItemId="B5" CovItemPrefix="cabra.Project.java" Implct="false" Intrnl_Id="410">
<Cond/>
<LocList>
<Loc EndOffset="4716" SrcFileId="2" StartOffset="4665"/>
</LocList>
<StmntSeq Intrnl_Id="411">
<LocList>
<Loc EndOffset="4706" SrcFileId="2" StartOffset="4679"/>
</LocList>
<BasicStmnt CovItemId="S30" CovItemPrefix="cabra.Project.java" Intrnl_Id="412">
<LocList>
<Loc EndOffset="4706" SrcFileId="2" StartOffset="4679"/>
</LocList>
</BasicStmnt>
</StmntSeq>
</Branch>
<Branch CovItemId="B6" CovItemPrefix="cabra.Project.java" Implct="true" Intrnl_Id="413">
<Cond/>
<LocList/>
<StmntSeq Intrnl_Id="414">
<LocList/>
</StmntSeq>
</Branch>
<Keyword EndOffset="4621" SrcFileId="2" StartOffset="4619"/>
<LocList>
<Loc EndOffset="4716" SrcFileId="2" StartOffset="4619"/>
</LocList>
<RootTerm CovItemId="C4" CovItemPrefix="cabra.Project.java" Intrnl_Id="415">
<BasicBoolTerm Intrnl_Id="416">
<LocList>
<Loc EndOffset="4664" SrcFileId="2" StartOffset="4622"/>
</LocList>
</BasicBoolTerm>
</RootTerm>
</CondStmnt>
<CondStmnt CovItemId="S31" CovItemPrefix="cabra.Project.java" Intrnl_Id="417">
<Branch CovItemId="B7" CovItemPrefix="cabra.Project.java" Implct="false" Intrnl_Id="418">
<Cond/>
<LocList>
<Loc EndOffset="5032" SrcFileId="2" StartOffset="4805"/>
</LocList>
<StmntSeq Intrnl_Id="419">
<LocList>
<Loc EndOffset="4874" SrcFileId="2" StartOffset="4819"/>
<Loc EndOffset="4957" SrcFileId="2" StartOffset="4922"/>
<Loc EndOffset="5022" SrcFileId="2" StartOffset="5000"/>
</LocList>
<BasicStmnt CovItemId="S32" CovItemPrefix="cabra.Project.java" Intrnl_Id="420">
<LocList>
<Loc EndOffset="4874" SrcFileId="2" StartOffset="4819"/>
</LocList>
</BasicStmnt>
<BasicStmnt CovItemId="S33" CovItemPrefix="cabra.Project.java" Intrnl_Id="421">
<LocList>
<Loc EndOffset="4957" SrcFileId="2" StartOffset="4922"/>
</LocList>
</BasicStmnt>
<BasicStmnt CovItemId="S34" CovItemPrefix="cabra.Project.java" Intrnl_Id="422">
<LocList>
<Loc EndOffset="5022" SrcFileId="2" StartOffset="5000"/>
</LocList>
</BasicStmnt>
</StmntSeq>
</Branch>
<Branch CovItemId="B8" CovItemPrefix="cabra.Project.java" Implct="true" Intrnl_Id="423">
<Cond/>
<LocList/>
<StmntSeq Intrnl_Id="424">
<LocList/>
</StmntSeq>
</Branch>
<Keyword EndOffset="4778" SrcFileId="2" StartOffset="4776"/>
<LocList>
<Loc EndOffset="5032" SrcFileId="2" StartOffset="4776"/>
</LocList>
<RootTerm CovItemId="C5" CovItemPrefix="cabra.Project.java" Intrnl_Id="425">
<BasicBoolTerm Intrnl_Id="426">
<LocList>
<Loc EndOffset="4804" SrcFileId="2" StartOffset="4779"/>
</LocList>
</BasicBoolTerm>
</RootTerm>
</CondStmnt>
<BasicStmnt CovItemId="S35" CovItemPrefix="cabra.Project.java" Intrnl_Id="427">
<LocList>
<Loc EndOffset="5068" SrcFileId="2" StartOffset="5056"/>
</LocList>
</BasicStmnt>
</StmntSeq>
</HierarchyLvl>
<HierarchyLvl HierarchyLvlId="2139" HierarchyLvlTypeId="10" Intrnl_Id="428" Name="copyPictureFile">
<Header>
<Loc EndOffset="5310" SrcFileId="2" StartOffset="5265"/>
</Header>
<LocList>
<Loc EndOffset="5535" SrcFileId="2" StartOffset="5265"/>
</LocList>
<StmntSeq Intrnl_Id="429">
<LocList>
<Loc EndOffset="5360" SrcFileId="2" StartOffset="5320"/>
<Loc EndOffset="5452" SrcFileId="2" StartOffset="5369"/>
<Loc EndOffset="5505" SrcFileId="2" StartOffset="5461"/>
<Loc EndOffset="5529" SrcFileId="2" StartOffset="5514"/>
</LocList>
<BasicStmnt CovItemId="S36" CovItemPrefix="cabra.Project.java" Intrnl_Id="430">
<LocList>
<Loc EndOffset="5360" SrcFileId="2" StartOffset="5320"/>
</LocList>
</BasicStmnt>
<BasicStmnt CovItemId="S37" CovItemPrefix="cabra.Project.java" Intrnl_Id="431">
<LocList>
<Loc EndOffset="5452" SrcFileId="2" StartOffset="5369"/>
</LocList>
</BasicStmnt>
<BasicStmnt CovItemId="S38" CovItemPrefix="cabra.Project.java" Intrnl_Id="432">
<LocList>
<Loc EndOffset="5505" SrcFileId="2" StartOffset="5461"/>
</LocList>
</BasicStmnt>
<BasicStmnt CovItemId="S39" CovItemPrefix="cabra.Project.java" Intrnl_Id="433">
<LocList>
<Loc EndOffset="5529" SrcFileId="2" StartOffset="5514"/>
</LocList>
</BasicStmnt>
</StmntSeq>
</HierarchyLvl>
<HierarchyLvl HierarchyLvlId="2140" HierarchyLvlTypeId="10" Intrnl_Id="434" Name="getImageIcon">
<Header>
<Loc EndOffset="5814" SrcFileId="2" StartOffset="5767"/>
</Header>
<LocList>
<Loc EndOffset="5894" SrcFileId="2" StartOffset="5767"/>
</LocList>
<StmntSeq Intrnl_Id="435">
<LocList>
<Loc EndOffset="5885" SrcFileId="2" StartOffset="5824"/>
</LocList>
<BasicStmnt CovItemId="S40" CovItemPrefix="cabra.Project.java" Intrnl_Id="436">
<LocList>
<Loc EndOffset="5885" SrcFileId="2" StartOffset="5824"/>
</LocList>
</BasicStmnt>
</StmntSeq>
</HierarchyLvl>
<HierarchyLvl HierarchyLvlId="2141" HierarchyLvlTypeId="10" Intrnl_Id="437" Name="getPathTo">
<Header>
<Loc EndOffset="6146" SrcFileId="2" StartOffset="6109"/>
</Header>
<LocList>
<Loc EndOffset="6406" SrcFileId="2" StartOffset="6109"/>
</LocList>
<StmntSeq Intrnl_Id="438">
<LocList>
<Loc EndOffset="6245" SrcFileId="2" StartOffset="6156"/>
<Loc EndOffset="6330" SrcFileId="2" StartOffset="6283"/>
<Loc EndOffset="6400" SrcFileId="2" StartOffset="6380"/>
</LocList>
<BasicStmnt CovItemId="S41" CovItemPrefix="cabra.Project.java" Intrnl_Id="439">
<LocList>
<Loc EndOffset="6245" SrcFileId="2" StartOffset="6156"/>
</LocList>
</BasicStmnt>
<BasicStmnt CovItemId="S42" CovItemPrefix="cabra.Project.java" Intrnl_Id="440">
<LocList>
<Loc EndOffset="6330" SrcFileId="2" StartOffset="6283"/>
</LocList>
</BasicStmnt>
<BasicStmnt CovItemId="S43" CovItemPrefix="cabra.Project.java" Intrnl_Id="441">
<LocList>
<Loc EndOffset="6400" SrcFileId="2" StartOffset="6380"/>
</LocList>
</BasicStmnt>
</StmntSeq>
</HierarchyLvl>
<HierarchyLvl HierarchyLvlId="2142" HierarchyLvlTypeId="10" Intrnl_Id="442" Name="save">
<Header>
<Loc EndOffset="6434" SrcFileId="2" StartOffset="6416"/>
</Header>
<LocList>
<Loc EndOffset="6589" SrcFileId="2" StartOffset="6416"/>
</LocList>
<StmntSeq Intrnl_Id="443">
<LocList>
<Loc EndOffset="6561" SrcFileId="2" StartOffset="6549"/>
<Loc EndOffset="6583" SrcFileId="2" StartOffset="6571"/>
</LocList>
<BasicStmnt CovItemId="S44" CovItemPrefix="cabra.Project.java" Intrnl_Id="444">
<LocList>
<Loc EndOffset="6561" SrcFileId="2" StartOffset="6549"/>
</LocList>
</BasicStmnt>
<BasicStmnt CovItemId="S45" CovItemPrefix="cabra.Project.java" Intrnl_Id="445">
<LocList>
<Loc EndOffset="6583" SrcFileId="2" StartOffset="6571"/>
</LocList>
</BasicStmnt>
</StmntSeq>
</HierarchyLvl>
<HierarchyLvl HierarchyLvlId="2143" HierarchyLvlTypeId="10" Intrnl_Id="446" Name="saveCards">
<Header>
<Loc EndOffset="6622" SrcFileId="2" StartOffset="6599"/>
</Header>
<LocList>
<Loc EndOffset="7438" SrcFileId="2" StartOffset="6599"/>
</LocList>
<StmntSeq Intrnl_Id="447">
<LocList>
<Loc EndOffset="6919" SrcFileId="2" StartOffset="6775"/>
<Loc EndOffset="7215" SrcFileId="2" StartOffset="6964"/>
<Loc EndOffset="7251" SrcFileId="2" StartOffset="7236"/>
<Loc EndOffset="7389" SrcFileId="2" StartOffset="6750"/>
</LocList>
<BasicStmnt CovItemId="S47" CovItemPrefix="cabra.Project.java" Intrnl_Id="448">
<LocList>
<Loc EndOffset="6919" SrcFileId="2" StartOffset="6775"/>
</LocList>
</BasicStmnt>
<LoopStmnt CovItemId="S48" CovItemPrefix="cabra.Project.java" Intrnl_Id="449" MltplExecId="L3-2" MltplExecPrefix="cabra.Project.java" NvrExecId="L3-0" NvrExecPrefix="cabra.Project.java" OnceExecutedId="L3-1" OnceExecutedPrefix="cabra.Project.java" OptBodyExec="true">
<StmntSeq Intrnl_Id="450">
<LocList>
<Loc EndOffset="7099" SrcFileId="2" StartOffset="7069"/>
<Loc EndOffset="7193" SrcFileId="2" StartOffset="7176"/>
</LocList>
<BasicStmnt CovItemId="S49" CovItemPrefix="cabra.Project.java" Intrnl_Id="451">
<LocList>
<Loc EndOffset="7099" SrcFileId="2" StartOffset="7069"/>
</LocList>
</BasicStmnt>
<BasicStmnt CovItemId="S50" CovItemPrefix="cabra.Project.java" Intrnl_Id="452">
<LocList>
<Loc EndOffset="7193" SrcFileId="2" StartOffset="7176"/>
</LocList>
</BasicStmnt>
</StmntSeq>
<Keyword EndOffset="6967" SrcFileId="2" StartOffset="6964"/>
<LocList>
<Loc EndOffset="7215" SrcFileId="2" StartOffset="6964"/>
</LocList>
</LoopStmnt>
<BasicStmnt CovItemId="S51" CovItemPrefix="cabra.Project.java" Intrnl_Id="453">
<LocList>
<Loc EndOffset="7251" SrcFileId="2" StartOffset="7236"/>
</LocList>
</BasicStmnt>
<CondStmnt CovItemId="S46" CovItemPrefix="cabra.Project.java" Intrnl_Id="454">
<Branch CovItemId="B9" CovItemPrefix="cabra.Project.java" Implct="true" Intrnl_Id="455">
<Cond/>
<LocList/>
<StmntSeq Intrnl_Id="456">
<LocList/>
</StmntSeq>
</Branch>
<Branch CovItemId="B10" CovItemPrefix="cabra.Project.java" Implct="false" Intrnl_Id="457">
<Cond>
<Loc EndOffset="7307" SrcFileId="2" StartOffset="7286"/>
</Cond>
<LocList>
<Loc EndOffset="7389" SrcFileId="2" StartOffset="7307"/>
</LocList>
<StmntSeq Intrnl_Id="458">
<LocList>
<Loc EndOffset="7372" SrcFileId="2" StartOffset="7329"/>
</LocList>
<BasicStmnt CovItemId="S52" CovItemPrefix="cabra.Project.java" Intrnl_Id="459">
<LocList>
<Loc EndOffset="7372" SrcFileId="2" StartOffset="7329"/>
</LocList>
</BasicStmnt>
</StmntSeq>
</Branch>
<Keyword EndOffset="6753" SrcFileId="2" StartOffset="6750"/>
<LocList>
<Loc EndOffset="7389" SrcFileId="2" StartOffset="6750"/>
</LocList>
</CondStmnt>
</StmntSeq>
</HierarchyLvl>
<HierarchyLvl HierarchyLvlId="2146" HierarchyLvlTypeId="10" Intrnl_Id="460" Name="saveNotes">
<Header>
<Loc EndOffset="7471" SrcFileId="2" StartOffset="7448"/>
</Header>
<LocList>
<Loc EndOffset="7739" SrcFileId="2" StartOffset="7448"/>
</LocList>
<StmntSeq Intrnl_Id="461">
<LocList>
<Loc EndOffset="7528" SrcFileId="2" StartOffset="7502"/>
<Loc EndOffset="7577" SrcFileId="2" StartOffset="7566"/>
<Loc EndOffset="7699" SrcFileId="2" StartOffset="7689"/>
<Loc EndOffset="7733" SrcFileId="2" StartOffset="7708"/>
</LocList>
<BasicStmnt CovItemId="S53" CovItemPrefix="cabra.Project.java" Intrnl_Id="462">
<LocList>
<Loc EndOffset="7528" SrcFileId="2" StartOffset="7502"/>
</LocList>
</BasicStmnt>
<BasicStmnt CovItemId="S54" CovItemPrefix="cabra.Project.java" Intrnl_Id="463">
<LocList>
<Loc EndOffset="7577" SrcFileId="2" StartOffset="7566"/>
<Loc EndOffset="7699" SrcFileId="2" StartOffset="7689"/>
</LocList>
</BasicStmnt>
<BasicStmnt CovItemId="S56" CovItemPrefix="cabra.Project.java" Intrnl_Id="464">
<LocList>
<Loc EndOffset="7733" SrcFileId="2" StartOffset="7708"/>
</LocList>
</BasicStmnt>
</StmntSeq>
<HierarchyLvl HierarchyLvlId="2145" HierarchyLvlTypeId="12" Intrnl_Id="465" Name="Runnable">
<Header>
<Loc EndOffset="7591" SrcFileId="2" StartOffset="7581"/>
</Header>
<LocList>
<Loc EndOffset="7689" SrcFileId="2" StartOffset="7577"/>
</LocList>
<HierarchyLvl HierarchyLvlId="2144" HierarchyLvlTypeId="10" Intrnl_Id="466" Name="run">
<Header>
<Loc EndOffset="7622" SrcFileId="2" StartOffset="7605"/>
</Header>
<LocList>
<Loc EndOffset="7679" SrcFileId="2" StartOffset="7605"/>
</LocList>
<StmntSeq Intrnl_Id="467">
<LocList>
<Loc EndOffset="7665" SrcFileId="2" StartOffset="7640"/>
</LocList>
<BasicStmnt CovItemId="S55" CovItemPrefix="cabra.Project.java" Intrnl_Id="468">
<LocList>
<Loc EndOffset="7665" SrcFileId="2" StartOffset="7640"/>
</LocList>
</BasicStmnt>
</StmntSeq>
</HierarchyLvl>
</HierarchyLvl>
</HierarchyLvl>
<HierarchyLvl HierarchyLvlId="2147" HierarchyLvlTypeId="10" Intrnl_Id="469" Name="loadNotes">
<Header>
<Loc EndOffset="7905" SrcFileId="2" StartOffset="7882"/>
</Header>
<LocList>
<Loc EndOffset="7964" SrcFileId="2" StartOffset="7882"/>
</LocList>
<StmntSeq Intrnl_Id="470">
<LocList>
<Loc EndOffset="7958" SrcFileId="2" StartOffset="7915"/>
</LocList>
<BasicStmnt CovItemId="S57" CovItemPrefix="cabra.Project.java" Intrnl_Id="471">
<LocList>
<Loc EndOffset="7958" SrcFileId="2" StartOffset="7915"/>
</LocList>
</BasicStmnt>
</StmntSeq>
</HierarchyLvl>
<HierarchyLvl HierarchyLvlId="2148" HierarchyLvlTypeId="10" Intrnl_Id="472" Name="shuffle">
<Header>
<Loc EndOffset="7995" SrcFileId="2" StartOffset="7974"/>
</Header>
<LocList>
<Loc EndOffset="8047" SrcFileId="2" StartOffset="7974"/>
</LocList>
<StmntSeq Intrnl_Id="473">
<LocList>
<Loc EndOffset="8020" SrcFileId="2" StartOffset="8005"/>
<Loc EndOffset="8041" SrcFileId="2" StartOffset="8029"/>
</LocList>
<BasicStmnt CovItemId="S58" CovItemPrefix="cabra.Project.java" Intrnl_Id="474">
<LocList>
<Loc EndOffset="8020" SrcFileId="2" StartOffset="8005"/>
</LocList>
</BasicStmnt>
<BasicStmnt CovItemId="S59" CovItemPrefix="cabra.Project.java" Intrnl_Id="475">
<LocList>
<Loc EndOffset="8041" SrcFileId="2" StartOffset="8029"/>
</LocList>
</BasicStmnt>
</StmntSeq>
</HierarchyLvl>
<HierarchyLvl HierarchyLvlId="2149" HierarchyLvlTypeId="10" Intrnl_Id="476" Name="getName">
<Header>
<Loc EndOffset="8080" SrcFileId="2" StartOffset="8057"/>
</Header>
<LocList>
<Loc EndOffset="8108" SrcFileId="2" StartOffset="8057"/>
</LocList>
<StmntSeq Intrnl_Id="477">
<LocList>
<Loc EndOffset="8102" SrcFileId="2" StartOffset="8090"/>
</LocList>
<BasicStmnt CovItemId="S60" CovItemPrefix="cabra.Project.java" Intrnl_Id="478">
<LocList>
<Loc EndOffset="8102" SrcFileId="2" StartOffset="8090"/>
</LocList>
</BasicStmnt>
</StmntSeq>
</HierarchyLvl>
<HierarchyLvl HierarchyLvlId="2150" HierarchyLvlTypeId="10" Intrnl_Id="479" Name="setName">
<Header>
<Loc EndOffset="8153" SrcFileId="2" StartOffset="8118"/>
</Header>
<LocList>
<Loc EndOffset="8387" SrcFileId="2" StartOffset="8118"/>
</LocList>
<StmntSeq Intrnl_Id="480">
<LocList>
<Loc EndOffset="8189" SrcFileId="2" StartOffset="8163"/>
<Loc EndOffset="8266" SrcFileId="2" StartOffset="8246"/>
<Loc EndOffset="8381" SrcFileId="2" StartOffset="8310"/>
</LocList>
<BasicStmnt CovItemId="S61" CovItemPrefix="cabra.Project.java" Intrnl_Id="481">
<LocList>
<Loc EndOffset="8189" SrcFileId="2" StartOffset="8163"/>
</LocList>
</BasicStmnt>
<BasicStmnt CovItemId="S62" CovItemPrefix="cabra.Project.java" Intrnl_Id="482">
<LocList>
<Loc EndOffset="8266" SrcFileId="2" StartOffset="8246"/>
</LocList>
</BasicStmnt>
<BasicStmnt CovItemId="S63" CovItemPrefix="cabra.Project.java" Intrnl_Id="483">
<LocList>
<Loc EndOffset="8381" SrcFileId="2" StartOffset="8310"/>
</LocList>
</BasicStmnt>
</StmntSeq>
</HierarchyLvl>
<HierarchyLvl HierarchyLvlId="2151" HierarchyLvlTypeId="10" Intrnl_Id="484" Name="print">
<Header>
<Loc EndOffset="8598" SrcFileId="2" StartOffset="8558"/>
</Header>
<LocList>
<Loc EndOffset="8738" SrcFileId="2" StartOffset="8558"/>
</LocList>
<StmntSeq Intrnl_Id="485">
<LocList>
<Loc EndOffset="8640" SrcFileId="2" StartOffset="8608"/>
<Loc EndOffset="8732" SrcFileId="2" StartOffset="8677"/>
</LocList>
<BasicStmnt CovItemId="S64" CovItemPrefix="cabra.Project.java" Intrnl_Id="486">
<LocList>
<Loc EndOffset="8640" SrcFileId="2" StartOffset="8608"/>
</LocList>
</BasicStmnt>
<BasicStmnt CovItemId="S65" CovItemPrefix="cabra.Project.java" Intrnl_Id="487">
<LocList>
<Loc EndOffset="8732" SrcFileId="2" StartOffset="8677"/>
</LocList>
</BasicStmnt>
</StmntSeq>
</HierarchyLvl>
<HierarchyLvl HierarchyLvlId="2152" HierarchyLvlTypeId="10" Intrnl_Id="488" Name="resetAllCards">
<Header>
<Loc EndOffset="8844" SrcFileId="2" StartOffset="8817"/>
</Header>
<LocList>
<Loc EndOffset="8975" SrcFileId="2" StartOffset="8817"/>
</LocList>
<StmntSeq Intrnl_Id="489">
<LocList>
<Loc EndOffset="8948" SrcFileId="2" StartOffset="8854"/>
<Loc EndOffset="8969" SrcFileId="2" StartOffset="8957"/>
</LocList>
<LoopStmnt CovItemId="S66" CovItemPrefix="cabra.Project.java" Intrnl_Id="490" MltplExecId="L4-2" MltplExecPrefix="cabra.Project.java" NvrExecId="L4-0" NvrExecPrefix="cabra.Project.java" OnceExecutedId="L4-1" OnceExecutedPrefix="cabra.Project.java" OptBodyExec="true">
<StmntSeq Intrnl_Id="491">
<LocList>
<Loc EndOffset="8938" SrcFileId="2" StartOffset="8900"/>
</LocList>
<BasicStmnt CovItemId="S67" CovItemPrefix="cabra.Project.java" Intrnl_Id="492">
<LocList>
<Loc EndOffset="8938" SrcFileId="2" StartOffset="8900"/>
</LocList>
</BasicStmnt>
</StmntSeq>
<Keyword EndOffset="8857" SrcFileId="2" StartOffset="8854"/>
<LocList>
<Loc EndOffset="8948" SrcFileId="2" StartOffset="8854"/>
</LocList>
</LoopStmnt>
<BasicStmnt CovItemId="S68" CovItemPrefix="cabra.Project.java" Intrnl_Id="493">
<LocList>
<Loc EndOffset="8969" SrcFileId="2" StartOffset="8957"/>
</LocList>
</BasicStmnt>
</StmntSeq>
</HierarchyLvl>
<HierarchyLvl HierarchyLvlId="2153" HierarchyLvlTypeId="10" Intrnl_Id="494" Name="skipAll">
<Header>
<Loc EndOffset="9062" SrcFileId="2" StartOffset="9041"/>
</Header>
<LocList>
<Loc EndOffset="9141" SrcFileId="2" StartOffset="9041"/>
</LocList>
<StmntSeq Intrnl_Id="495">
<LocList>
<Loc EndOffset="9135" SrcFileId="2" StartOffset="9072"/>
</LocList>
<LoopStmnt CovItemId="S69" CovItemPrefix="cabra.Project.java" Intrnl_Id="496" MltplExecId="L5-2" MltplExecPrefix="cabra.Project.java" NvrExecId="L5-0" NvrExecPrefix="cabra.Project.java" OnceExecutedId="L5-1" OnceExecutedPrefix="cabra.Project.java" OptBodyExec="true">
<StmntSeq Intrnl_Id="497">
<LocList>
<Loc EndOffset="9125" SrcFileId="2" StartOffset="9113"/>
</LocList>
<BasicStmnt CovItemId="S70" CovItemPrefix="cabra.Project.java" Intrnl_Id="498">
<LocList>
<Loc EndOffset="9125" SrcFileId="2" StartOffset="9113"/>
</LocList>
</BasicStmnt>
</StmntSeq>
<Keyword EndOffset="9075" SrcFileId="2" StartOffset="9072"/>
<LocList>
<Loc EndOffset="9135" SrcFileId="2" StartOffset="9072"/>
</LocList>
</LoopStmnt>
</StmntSeq>
</HierarchyLvl>
<HierarchyLvl HierarchyLvlId="2154" HierarchyLvlTypeId="10" Intrnl_Id="499" Name="getCards">
<Header>
<Loc EndOffset="9184" SrcFileId="2" StartOffset="9151"/>
</Header>
<LocList>
<Loc EndOffset="9223" SrcFileId="2" StartOffset="9151"/>
</LocList>
<StmntSeq Intrnl_Id="500">
<LocList>
<Loc EndOffset="9217" SrcFileId="2" StartOffset="9194"/>
</LocList>
<BasicStmnt CovItemId="S71" CovItemPrefix="cabra.Project.java" Intrnl_Id="501">
<LocList>
<Loc EndOffset="9217" SrcFileId="2" StartOffset="9194"/>
</LocList>
</BasicStmnt>
</StmntSeq>
</HierarchyLvl>
<HierarchyLvl HierarchyLvlId="2155" HierarchyLvlTypeId="10" Intrnl_Id="502" Name="isEmpty">
<Header>
<Loc EndOffset="9401" SrcFileId="2" StartOffset="9377"/>
</Header>
<LocList>
<Loc EndOffset="9440" SrcFileId="2" StartOffset="9377"/>
</LocList>
<StmntSeq Intrnl_Id="503">
<LocList>
<Loc EndOffset="9434" SrcFileId="2" StartOffset="9411"/>
</LocList>
<BasicStmnt CovItemId="S72" CovItemPrefix="cabra.Project.java" Intrnl_Id="504">
<LocList>
<Loc EndOffset="9434" SrcFileId="2" StartOffset="9411"/>
</LocList>
</BasicStmnt>
</StmntSeq>
</HierarchyLvl>
<HierarchyLvl HierarchyLvlId="2156" HierarchyLvlTypeId="10" Intrnl_Id="505" Name="numCards">
<Header>
<Loc EndOffset="9471" SrcFileId="2" StartOffset="9450"/>
</Header>
<LocList>
<Loc EndOffset="9565" SrcFileId="2" StartOffset="9450"/>
</LocList>
<StmntSeq Intrnl_Id="506">
<LocList>
<Loc EndOffset="9559" SrcFileId="2" StartOffset="9536"/>
</LocList>
<BasicStmnt CovItemId="S73" CovItemPrefix="cabra.Project.java" Intrnl_Id="507">
<LocList>
<Loc EndOffset="9559" SrcFileId="2" StartOffset="9536"/>
</LocList>
</BasicStmnt>
</StmntSeq>
</HierarchyLvl>
<HierarchyLvl HierarchyLvlId="2157" HierarchyLvlTypeId="10" Intrnl_Id="508" Name="numMatchingCards">
<Header>
<Loc EndOffset="9826" SrcFileId="2" StartOffset="9784"/>
</Header>
<LocList>
<Loc EndOffset="9879" SrcFileId="2" StartOffset="9784"/>
</LocList>
<StmntSeq Intrnl_Id="509">
<LocList>
<Loc EndOffset="9873" SrcFileId="2" StartOffset="9836"/>
</LocList>
<BasicStmnt CovItemId="S74" CovItemPrefix="cabra.Project.java" Intrnl_Id="510">
<LocList>
<Loc EndOffset="9873" SrcFileId="2" StartOffset="9836"/>
</LocList>
</BasicStmnt>
</StmntSeq>
</HierarchyLvl>
<HierarchyLvl HierarchyLvlId="2158" HierarchyLvlTypeId="10" Intrnl_Id="511" Name="cardStatuses">
<Header>
<Loc EndOffset="10047" SrcFileId="2" StartOffset="10020"/>
</Header>
<LocList>
<Loc EndOffset="10290" SrcFileId="2" StartOffset="10020"/>
</LocList>
<StmntSeq Intrnl_Id="512">
<LocList>
<Loc EndOffset="10284" SrcFileId="2" StartOffset="10057"/>
</LocList>
<BasicStmnt CovItemId="S75" CovItemPrefix="cabra.Project.java" Intrnl_Id="513">
<LocList>
<Loc EndOffset="10284" SrcFileId="2" StartOffset="10057"/>
</LocList>
</BasicStmnt>
</StmntSeq>
</HierarchyLvl>
<HierarchyLvl HierarchyLvlId="2159" HierarchyLvlTypeId="10" Intrnl_Id="514" Name="nextCard">
<Header>
<Loc EndOffset="10322" SrcFileId="2" StartOffset="10300"/>
</Header>
<LocList>
<Loc EndOffset="10360" SrcFileId="2" StartOffset="10300"/>
</LocList>
<StmntSeq Intrnl_Id="515">
<LocList>
<Loc EndOffset="10354" SrcFileId="2" StartOffset="10332"/>
</LocList>
<BasicStmnt CovItemId="S76" CovItemPrefix="cabra.Project.java" Intrnl_Id="516">
<LocList>
<Loc EndOffset="10354" SrcFileId="2" StartOffset="10332"/>
</LocList>
</BasicStmnt>
</StmntSeq>
</HierarchyLvl>
<HierarchyLvl HierarchyLvlId="2160" HierarchyLvlTypeId="10" Intrnl_Id="517" Name="getFolder">
<Header>
<Loc EndOffset="10393" SrcFileId="2" StartOffset="10370"/>
</Header>
<LocList>
<Loc EndOffset="10485" SrcFileId="2" StartOffset="10370"/>
</LocList>
<StmntSeq Intrnl_Id="518">
<LocList>
<Loc EndOffset="10479" SrcFileId="2" StartOffset="10403"/>
</LocList>
<BasicStmnt CovItemId="S77" CovItemPrefix="cabra.Project.java" Intrnl_Id="519">
<LocList>
<Loc EndOffset="10479" SrcFileId="2" StartOffset="10403"/>
</LocList>
</BasicStmnt>
</StmntSeq>
</HierarchyLvl>
<HierarchyLvl HierarchyLvlId="2161" HierarchyLvlTypeId="10" Intrnl_Id="520" Name="getCurrentCard">
<Header>
<Loc EndOffset="10523" SrcFileId="2" StartOffset="10495"/>
</Header>
<LocList>
<Loc EndOffset="10568" SrcFileId="2" StartOffset="10495"/>
</LocList>
<StmntSeq Intrnl_Id="521">
<LocList>
<Loc EndOffset="10562" SrcFileId="2" StartOffset="10533"/>
</LocList>
<BasicStmnt CovItemId="S78" CovItemPrefix="cabra.Project.java" Intrnl_Id="522">
<LocList>
<Loc EndOffset="10562" SrcFileId="2" StartOffset="10533"/>
</LocList>
</BasicStmnt>
</StmntSeq>
</HierarchyLvl>
<HierarchyLvl HierarchyLvlId="2162" HierarchyLvlTypeId="10" Intrnl_Id="523" Name="getCurrentIndex">
<Header>
<Loc EndOffset="10606" SrcFileId="2" StartOffset="10578"/>
</Header>
<LocList>
<Loc EndOffset="10652" SrcFileId="2" StartOffset="10578"/>
</LocList>
<StmntSeq Intrnl_Id="524">
<LocList>
<Loc EndOffset="10646" SrcFileId="2" StartOffset="10616"/>
</LocList>
<BasicStmnt CovItemId="S79" CovItemPrefix="cabra.Project.java" Intrnl_Id="525">
<LocList>
<Loc EndOffset="10646" SrcFileId="2" StartOffset="10616"/>
</LocList>
</BasicStmnt>
</StmntSeq>
</HierarchyLvl>
<HierarchyLvl HierarchyLvlId="2163" HierarchyLvlTypeId="10" Intrnl_Id="526" Name="toString">
<Header>
<Loc EndOffset="10708" SrcFileId="2" StartOffset="10662"/>
</Header>
<LocList>
<Loc EndOffset="10829" SrcFileId="2" StartOffset="10662"/>
</LocList>
<StmntSeq Intrnl_Id="527">
<LocList>
<Loc EndOffset="10776" SrcFileId="2" StartOffset="10764"/>
</LocList>
<BasicStmnt CovItemId="S80" CovItemPrefix="cabra.Project.java" Intrnl_Id="528">
<LocList>
<Loc EndOffset="10776" SrcFileId="2" StartOffset="10764"/>
</LocList>
</BasicStmnt>
</StmntSeq>
</HierarchyLvl>
<HierarchyLvl HierarchyLvlId="2164" HierarchyLvlTypeId="10" Intrnl_Id="529" Name="equals">
<Header>
<Loc EndOffset="10894" SrcFileId="2" StartOffset="10834"/>
</Header>
<LocList>
<Loc EndOffset="11387" SrcFileId="2" StartOffset="10834"/>
</LocList>
<StmntSeq Intrnl_Id="530">
<LocList>
<Loc EndOffset="10946" SrcFileId="2" StartOffset="10912"/>
<Loc EndOffset="11016" SrcFileId="2" StartOffset="10963"/>
<Loc EndOffset="11094" SrcFileId="2" StartOffset="11058"/>
<Loc EndOffset="11209" SrcFileId="2" StartOffset="11171"/>
<Loc EndOffset="11373" SrcFileId="2" StartOffset="11033"/>
</LocList>
<CondStmnt CovItemId="S81" CovItemPrefix="cabra.Project.java" Intrnl_Id="531">
<Branch CovItemId="B11" CovItemPrefix="cabra.Project.java" Implct="false" Intrnl_Id="532">
<Cond/>
<LocList>
<Loc EndOffset="10946" SrcFileId="2" StartOffset="10933"/>
</LocList>
<StmntSeq Intrnl_Id="533">
<LocList>
<Loc EndOffset="10946" SrcFileId="2" StartOffset="10933"/>
</LocList>
<BasicStmnt CovItemId="S82" CovItemPrefix="cabra.Project.java" Intrnl_Id="534">
<LocList>
<Loc EndOffset="10946" SrcFileId="2" StartOffset="10933"/>
</LocList>
</BasicStmnt>
</StmntSeq>
</Branch>
<Branch CovItemId="B12" CovItemPrefix="cabra.Project.java" Implct="true" Intrnl_Id="535">
<Cond/>
<LocList/>
<StmntSeq Intrnl_Id="536">
<LocList/>
</StmntSeq>
</Branch>
<Keyword EndOffset="10914" SrcFileId="2" StartOffset="10912"/>
<LocList>
<Loc EndOffset="10946" SrcFileId="2" StartOffset="10912"/>
</LocList>
<RootTerm CovItemId="C6" CovItemPrefix="cabra.Project.java" Intrnl_Id="537">
<BasicBoolTerm Intrnl_Id="538">
<LocList>
<Loc EndOffset="10931" SrcFileId="2" StartOffset="10915"/>
</LocList>
</BasicBoolTerm>
</RootTerm>
</CondStmnt>
<CondStmnt CovItemId="S83" CovItemPrefix="cabra.Project.java" Intrnl_Id="539">
<Branch CovItemId="B13" CovItemPrefix="cabra.Project.java" Implct="false" Intrnl_Id="540">
<Cond/>
<LocList>
<Loc EndOffset="11016" SrcFileId="2" StartOffset="11003"/>
</LocList>
<StmntSeq Intrnl_Id="541">
<LocList>
<Loc EndOffset="11016" SrcFileId="2" StartOffset="11003"/>
</LocList>
<BasicStmnt CovItemId="S84" CovItemPrefix="cabra.Project.java" Intrnl_Id="542">
<LocList>
<Loc EndOffset="11016" SrcFileId="2" StartOffset="11003"/>
</LocList>
</BasicStmnt>
</StmntSeq>
</Branch>
<Branch CovItemId="B14" CovItemPrefix="cabra.Project.java" Implct="true" Intrnl_Id="543">
<Cond/>
<LocList/>
<StmntSeq Intrnl_Id="544">
<LocList/>
</StmntSeq>
</Branch>
<Keyword EndOffset="10965" SrcFileId="2" StartOffset="10963"/>
<LocList>
<Loc EndOffset="11016" SrcFileId="2" StartOffset="10963"/>
</LocList>
<RootTerm CovItemId="C7" CovItemPrefix="cabra.Project.java" Intrnl_Id="545">
<BasicBoolTerm Intrnl_Id="546">
<LocList>
<Loc EndOffset="11002" SrcFileId="2" StartOffset="10966"/>
</LocList>
</BasicBoolTerm>
</RootTerm>
</CondStmnt>
<BasicStmnt CovItemId="S86" CovItemPrefix="cabra.Project.java" Intrnl_Id="547">
<LocList>
<Loc EndOffset="11094" SrcFileId="2" StartOffset="11058"/>
</LocList>
</BasicStmnt>
<BasicStmnt CovItemId="S87" CovItemPrefix="cabra.Project.java" Intrnl_Id="548">
<LocList>
<Loc EndOffset="11209" SrcFileId="2" StartOffset="11171"/>
</LocList>
</BasicStmnt>
<CondStmnt CovItemId="S85" CovItemPrefix="cabra.Project.java" Intrnl_Id="549">
<Branch CovItemId="B15" CovItemPrefix="cabra.Project.java" Implct="true" Intrnl_Id="550">
<Cond/>
<LocList/>
<StmntSeq Intrnl_Id="551">
<LocList/>
</StmntSeq>
</Branch>
<Branch CovItemId="B16" CovItemPrefix="cabra.Project.java" Implct="false" Intrnl_Id="552">
<Cond>
<Loc EndOffset="11320" SrcFileId="2" StartOffset="11302"/>
</Cond>
<LocList>
<Loc EndOffset="11373" SrcFileId="2" StartOffset="11320"/>
</LocList>
<StmntSeq Intrnl_Id="553">
<LocList>
<Loc EndOffset="11355" SrcFileId="2" StartOffset="11342"/>
</LocList>
<BasicStmnt CovItemId="S88" CovItemPrefix="cabra.Project.java" Intrnl_Id="554">
<LocList>
<Loc EndOffset="11355" SrcFileId="2" StartOffset="11342"/>
</LocList>
</BasicStmnt>
</StmntSeq>
</Branch>
<Keyword EndOffset="11036" SrcFileId="2" StartOffset="11033"/>
<LocList>
<Loc EndOffset="11373" SrcFileId="2" StartOffset="11033"/>
</LocList>
</CondStmnt>
</StmntSeq>
</HierarchyLvl>
<HierarchyLvl HierarchyLvlId="2165" HierarchyLvlTypeId="10" Intrnl_Id="555" Name="compareTo">
<Header>
<Loc EndOffset="11668" SrcFileId="2" StartOffset="11633"/>
</Header>
<LocList>
<Loc EndOffset="11866" SrcFileId="2" StartOffset="11633"/>
</LocList>
<StmntSeq Intrnl_Id="556">
<LocList>
<Loc EndOffset="11710" SrcFileId="2" StartOffset="11678"/>
<Loc EndOffset="11761" SrcFileId="2" StartOffset="11719"/>
<Loc EndOffset="11814" SrcFileId="2" StartOffset="11770"/>
<Loc EndOffset="11860" SrcFileId="2" StartOffset="11823"/>
</LocList>
<CondStmnt CovItemId="S89" CovItemPrefix="cabra.Project.java" Intrnl_Id="557">
<Branch CovItemId="B17" CovItemPrefix="cabra.Project.java" Implct="false" Intrnl_Id="558">
<Cond/>
<LocList>
<Loc EndOffset="11710" SrcFileId="2" StartOffset="11701"/>
</LocList>
<StmntSeq Intrnl_Id="559">
<LocList>
<Loc EndOffset="11710" SrcFileId="2" StartOffset="11701"/>
</LocList>
<BasicStmnt CovItemId="S90" CovItemPrefix="cabra.Project.java" Intrnl_Id="560">
<LocList>
<Loc EndOffset="11710" SrcFileId="2" StartOffset="11701"/>
</LocList>
</BasicStmnt>
</StmntSeq>
</Branch>
<Branch CovItemId="B18" CovItemPrefix="cabra.Project.java" Implct="true" Intrnl_Id="561">
<Cond/>
<LocList/>
<StmntSeq Intrnl_Id="562">
<LocList/>
</StmntSeq>
</Branch>
<Keyword EndOffset="11680" SrcFileId="2" StartOffset="11678"/>
<LocList>
<Loc EndOffset="11710" SrcFileId="2" StartOffset="11678"/>
</LocList>
<RootTerm CovItemId="C8" CovItemPrefix="cabra.Project.java" Intrnl_Id="563">
<BasicBoolTerm Intrnl_Id="564">
<LocList>
<Loc EndOffset="11699" SrcFileId="2" StartOffset="11681"/>
</LocList>
</BasicBoolTerm>
</RootTerm>
</CondStmnt>
<BasicStmnt CovItemId="S91" CovItemPrefix="cabra.Project.java" Intrnl_Id="565">
<LocList>
<Loc EndOffset="11761" SrcFileId="2" StartOffset="11719"/>
</LocList>
</BasicStmnt>
<BasicStmnt CovItemId="S92" CovItemPrefix="cabra.Project.java" Intrnl_Id="566">
<LocList>
<Loc EndOffset="11814" SrcFileId="2" StartOffset="11770"/>
</LocList>
</BasicStmnt>
<BasicStmnt CovItemId="S93" CovItemPrefix="cabra.Project.java" Intrnl_Id="567">
<LocList>
<Loc EndOffset="11860" SrcFileId="2" StartOffset="11823"/>
</LocList>
</BasicStmnt>
</StmntSeq>
</HierarchyLvl>
<HierarchyLvl HierarchyLvlId="2166" HierarchyLvlTypeId="10" Intrnl_Id="568" Name="hashCode">
<Header>
<Loc EndOffset="11907" SrcFileId="2" StartOffset="11872"/>
</Header>
<LocList>
<Loc EndOffset="12033" SrcFileId="2" StartOffset="11872"/>
</LocList>
<StmntSeq Intrnl_Id="569">
<LocList>
<Loc EndOffset="11931" SrcFileId="2" StartOffset="11918"/>
<Loc EndOffset="12006" SrcFileId="2" StartOffset="11940"/>
<Loc EndOffset="12027" SrcFileId="2" StartOffset="12015"/>
</LocList>
<BasicStmnt CovItemId="S94" CovItemPrefix="cabra.Project.java" Intrnl_Id="570">
<LocList>
<Loc EndOffset="11931" SrcFileId="2" StartOffset="11918"/>
</LocList>
</BasicStmnt>
<BasicStmnt CovItemId="S95" CovItemPrefix="cabra.Project.java" Intrnl_Id="571">
<LocList>
<Loc EndOffset="12006" SrcFileId="2" StartOffset="11940"/>
</LocList>
<QMO CovItemId="Q0" CovItemPrefix="cabra.Project.java" Intrnl_Id="572">
<LocList>
<Loc EndOffset="11977" SrcFileId="2" StartOffset="11960"/>
</LocList>
<QMO_E CovItemId="Q0-0" CovItemPrefix="cabra.Project.java" Intrnl_Id="573">
<LocList>
<Loc EndOffset="12000" SrcFileId="2" StartOffset="11980"/>
</LocList>
</QMO_E>
<QMO_E CovItemId="Q0-1" CovItemPrefix="cabra.Project.java" Intrnl_Id="574">
<LocList>
<Loc EndOffset="12004" SrcFileId="2" StartOffset="12003"/>
</LocList>
</QMO_E>
</QMO>
</BasicStmnt>
<BasicStmnt CovItemId="S96" CovItemPrefix="cabra.Project.java" Intrnl_Id="575">
<LocList>
<Loc EndOffset="12027" SrcFileId="2" StartOffset="12015"/>
</LocList>
</BasicStmnt>
</StmntSeq>
</HierarchyLvl>
<HierarchyLvl HierarchyLvlId="2167" HierarchyLvlTypeId="10" Intrnl_Id="576" Name="createSampleProject">
<Header>
<Loc EndOffset="12109" SrcFileId="2" StartOffset="12048"/>
</Header>
<LocList>
<Loc EndOffset="12473" SrcFileId="2" StartOffset="12048"/>
</LocList>
<StmntSeq Intrnl_Id="577">
<LocList>
<Loc EndOffset="12175" SrcFileId="2" StartOffset="12119"/>
<Loc EndOffset="12230" SrcFileId="2" StartOffset="12184"/>
<Loc EndOffset="12369" SrcFileId="2" StartOffset="12239"/>
<Loc EndOffset="12402" SrcFileId="2" StartOffset="12378"/>
<Loc EndOffset="12467" SrcFileId="2" StartOffset="12446"/>
</LocList>
<BasicStmnt CovItemId="S97" CovItemPrefix="cabra.Project.java" Intrnl_Id="578">
<LocList>
<Loc EndOffset="12175" SrcFileId="2" StartOffset="12119"/>
</LocList>
</BasicStmnt>
<BasicStmnt CovItemId="S98" CovItemPrefix="cabra.Project.java" Intrnl_Id="579">
<LocList>
<Loc EndOffset="12230" SrcFileId="2" StartOffset="12184"/>
</LocList>
</BasicStmnt>
<BasicStmnt CovItemId="S99" CovItemPrefix="cabra.Project.java" Intrnl_Id="580">
<LocList>
<Loc EndOffset="12369" SrcFileId="2" StartOffset="12239"/>
</LocList>
</BasicStmnt>
<BasicStmnt CovItemId="S100" CovItemPrefix="cabra.Project.java" Intrnl_Id="581">
<LocList>
<Loc EndOffset="12402" SrcFileId="2" StartOffset="12378"/>
</LocList>
</BasicStmnt>
<BasicStmnt CovItemId="S101" CovItemPrefix="cabra.Project.java" Intrnl_Id="582">
<LocList>
<Loc EndOffset="12467" SrcFileId="2" StartOffset="12446"/>
</LocList>
</BasicStmnt>
</StmntSeq>
</HierarchyLvl>
</HierarchyLvl>
<HierarchyLvl HierarchyLvlId="2181" HierarchyLvlTypeId="9" Intrnl_Id="583" Name="Deck">
<Header>
<Loc EndOffset="267" SrcFileId="3" StartOffset="235"/>
</Header>
<LocList>
<Loc EndOffset="3062" SrcFileId="3" StartOffset="235"/>
</LocList>
<StmntSeq Intrnl_Id="584">
<LocList>
<Loc EndOffset="372" SrcFileId="3" StartOffset="340"/>
</LocList>
<BasicStmnt CovItemId="S1" CovItemPrefix="cabra.Deck.java" Intrnl_Id="585">
<LocList>
<Loc EndOffset="372" SrcFileId="3" StartOffset="340"/>
</LocList>
</BasicStmnt>
</StmntSeq>
<HierarchyLvl HierarchyLvlId="2169" HierarchyLvlTypeId="10" Intrnl_Id="586" Name="Deck">
<Header>
<Loc EndOffset="501" SrcFileId="3" StartOffset="488"/>
</Header>
<LocList>
<Loc EndOffset="573" SrcFileId="3" StartOffset="488"/>
</LocList>
<StmntSeq Intrnl_Id="587">
<LocList>
<Loc EndOffset="541" SrcFileId="3" StartOffset="511"/>
<Loc EndOffset="567" SrcFileId="3" StartOffset="550"/>
</LocList>
<BasicStmnt CovItemId="S2" CovItemPrefix="cabra.Deck.java" Intrnl_Id="588">
<LocList>
<Loc EndOffset="541" SrcFileId="3" StartOffset="511"/>
</LocList>
</BasicStmnt>
<BasicStmnt CovItemId="S3" CovItemPrefix="cabra.Deck.java" Intrnl_Id="589">
<LocList>
<Loc EndOffset="567" SrcFileId="3" StartOffset="550"/>
</LocList>
</BasicStmnt>
</StmntSeq>
</HierarchyLvl>
<HierarchyLvl HierarchyLvlId="2170" HierarchyLvlTypeId="10" Intrnl_Id="590" Name="getCards">
<Header>
<Loc EndOffset="616" SrcFileId="3" StartOffset="583"/>
</Header>
<LocList>
<Loc EndOffset="645" SrcFileId="3" StartOffset="583"/>
</LocList>
<StmntSeq Intrnl_Id="591">
<LocList>
<Loc EndOffset="639" SrcFileId="3" StartOffset="626"/>
</LocList>
<BasicStmnt CovItemId="S4" CovItemPrefix="cabra.Deck.java" Intrnl_Id="592">
<LocList>
<Loc EndOffset="639" SrcFileId="3" StartOffset="626"/>
</LocList>
</BasicStmnt>
</StmntSeq>
</HierarchyLvl>
<HierarchyLvl HierarchyLvlId="2171" HierarchyLvlTypeId="10" Intrnl_Id="593" Name="getCurrentCard">
<Header>
<Loc EndOffset="683" SrcFileId="3" StartOffset="655"/>
</Header>
<LocList>
<Loc EndOffset="718" SrcFileId="3" StartOffset="655"/>
</LocList>
<StmntSeq Intrnl_Id="594">
<LocList>
<Loc EndOffset="712" SrcFileId="3" StartOffset="693"/>
</LocList>
<BasicStmnt CovItemId="S5" CovItemPrefix="cabra.Deck.java" Intrnl_Id="595">
<LocList>
<Loc EndOffset="712" SrcFileId="3" StartOffset="693"/>
</LocList>
</BasicStmnt>
</StmntSeq>
</HierarchyLvl>
<HierarchyLvl HierarchyLvlId="2172" HierarchyLvlTypeId="10" Intrnl_Id="596" Name="makeCurrentCardNull">
<Header>
<Loc EndOffset="761" SrcFileId="3" StartOffset="728"/>
</Header>
<LocList>
<Loc EndOffset="796" SrcFileId="3" StartOffset="728"/>
</LocList>
<StmntSeq Intrnl_Id="597">
<LocList>
<Loc EndOffset="790" SrcFileId="3" StartOffset="771"/>
</LocList>
<BasicStmnt CovItemId="S6" CovItemPrefix="cabra.Deck.java" Intrnl_Id="598">
<LocList>
<Loc EndOffset="790" SrcFileId="3" StartOffset="771"/>
</LocList>
</BasicStmnt>
</StmntSeq>
</HierarchyLvl>
<HierarchyLvl HierarchyLvlId="2173" HierarchyLvlTypeId="10" Intrnl_Id="599" Name="getCurrentIndex">
<Header>
<Loc EndOffset="834" SrcFileId="3" StartOffset="806"/>
</Header>
<LocList>
<Loc EndOffset="870" SrcFileId="3" StartOffset="806"/>
</LocList>
<StmntSeq Intrnl_Id="600">
<LocList>
<Loc EndOffset="864" SrcFileId="3" StartOffset="844"/>
</LocList>
<BasicStmnt CovItemId="S7" CovItemPrefix="cabra.Deck.java" Intrnl_Id="601">
<LocList>
<Loc EndOffset="864" SrcFileId="3" StartOffset="844"/>
</LocList>
</BasicStmnt>
</StmntSeq>
</HierarchyLvl>
<HierarchyLvl HierarchyLvlId="2174" HierarchyLvlTypeId="10" Intrnl_Id="602" Name="numCards">
<Header>
<Loc EndOffset="901" SrcFileId="3" StartOffset="880"/>
</Header>
<LocList>
<Loc EndOffset="937" SrcFileId="3" StartOffset="880"/>
</LocList>
<StmntSeq Intrnl_Id="603">
<LocList>
<Loc EndOffset="931" SrcFileId="3" StartOffset="911"/>
</LocList>
<BasicStmnt CovItemId="S8" CovItemPrefix="cabra.Deck.java" Intrnl_Id="604">
<LocList>
<Loc EndOffset="931" SrcFileId="3" StartOffset="911"/>
</LocList>
</BasicStmnt>
</StmntSeq>
</HierarchyLvl>
<HierarchyLvl HierarchyLvlId="2175" HierarchyLvlTypeId="10" Intrnl_Id="605" Name="numMatchingCards">
<Header>
<Loc EndOffset="1168" SrcFileId="3" StartOffset="1126"/>
</Header>
<LocList>
<Loc EndOffset="1385" SrcFileId="3" StartOffset="1126"/>
</LocList>
<StmntSeq Intrnl_Id="606">
<LocList>
<Loc EndOffset="1198" SrcFileId="3" StartOffset="1178"/>
<Loc EndOffset="1338" SrcFileId="3" StartOffset="1216"/>
<Loc EndOffset="1379" SrcFileId="3" StartOffset="1360"/>
</LocList>
<BasicStmnt CovItemId="S9" CovItemPrefix="cabra.Deck.java" Intrnl_Id="607">
<LocList>
<Loc EndOffset="1198" SrcFileId="3" StartOffset="1178"/>
</LocList>
</BasicStmnt>
<LoopStmnt CovItemId="S10" CovItemPrefix="cabra.Deck.java" Intrnl_Id="608" MltplExecId="L1-2" MltplExecPrefix="cabra.Deck.java" NvrExecId="L1-0" NvrExecPrefix="cabra.Deck.java" OnceExecutedId="L1-1" OnceExecutedPrefix="cabra.Deck.java" OptBodyExec="true">
<StmntSeq Intrnl_Id="609">
<LocList>
<Loc EndOffset="1328" SrcFileId="3" StartOffset="1252"/>
</LocList>
<CondStmnt CovItemId="S11" CovItemPrefix="cabra.Deck.java" Intrnl_Id="610">
<Branch CovItemId="B1" CovItemPrefix="cabra.Deck.java" Implct="false" Intrnl_Id="611">
<Cond/>
<LocList>
<Loc EndOffset="1328" SrcFileId="3" StartOffset="1282"/>
</LocList>
<StmntSeq Intrnl_Id="612">
<LocList>
<Loc EndOffset="1314" SrcFileId="3" StartOffset="1300"/>
</LocList>
<BasicStmnt CovItemId="S12" CovItemPrefix="cabra.Deck.java" Intrnl_Id="613">
<LocList>
<Loc EndOffset="1314" SrcFileId="3" StartOffset="1300"/>
</LocList>
</BasicStmnt>
</StmntSeq>
</Branch>
<Branch CovItemId="B2" CovItemPrefix="cabra.Deck.java" Implct="true" Intrnl_Id="614">
<Cond/>
<LocList/>
<StmntSeq Intrnl_Id="615">
<LocList/>
</StmntSeq>
</Branch>
<Keyword EndOffset="1254" SrcFileId="3" StartOffset="1252"/>
<LocList>
<Loc EndOffset="1328" SrcFileId="3" StartOffset="1252"/>
</LocList>
<RootTerm CovItemId="C1" CovItemPrefix="cabra.Deck.java" Intrnl_Id="616">
<BasicBoolTerm Intrnl_Id="617">
<LocList>
<Loc EndOffset="1281" SrcFileId="3" StartOffset="1255"/>
</LocList>
</BasicBoolTerm>
</RootTerm>
</CondStmnt>
</StmntSeq>
<Keyword EndOffset="1219" SrcFileId="3" StartOffset="1216"/>
<LocList>
<Loc EndOffset="1338" SrcFileId="3" StartOffset="1216"/>
</LocList>
</LoopStmnt>
<BasicStmnt CovItemId="S13" CovItemPrefix="cabra.Deck.java" Intrnl_Id="618">
<LocList>
<Loc EndOffset="1379" SrcFileId="3" StartOffset="1360"/>
</LocList>
</BasicStmnt>
</StmntSeq>
</HierarchyLvl>
<HierarchyLvl HierarchyLvlId="2176" HierarchyLvlTypeId="10" Intrnl_Id="619" Name="add">
<Header>
<Loc EndOffset="1421" SrcFileId="3" StartOffset="1395"/>
</Header>
<LocList>
<Loc EndOffset="1453" SrcFileId="3" StartOffset="1395"/>
</LocList>
<StmntSeq Intrnl_Id="620">
<LocList>
<Loc EndOffset="1447" SrcFileId="3" StartOffset="1431"/>
</LocList>
<BasicStmnt CovItemId="S14" CovItemPrefix="cabra.Deck.java" Intrnl_Id="621">
<LocList>
<Loc EndOffset="1447" SrcFileId="3" StartOffset="1431"/>
</LocList>
</BasicStmnt>
</StmntSeq>
</HierarchyLvl>
<HierarchyLvl HierarchyLvlId="2177" HierarchyLvlTypeId="10" Intrnl_Id="622" Name="remove">
<Header>
<Loc EndOffset="1492" SrcFileId="3" StartOffset="1463"/>
</Header>
<LocList>
<Loc EndOffset="1527" SrcFileId="3" StartOffset="1463"/>
</LocList>
<StmntSeq Intrnl_Id="623">
<LocList>
<Loc EndOffset="1521" SrcFileId="3" StartOffset="1502"/>
</LocList>
<BasicStmnt CovItemId="S15" CovItemPrefix="cabra.Deck.java" Intrnl_Id="624">
<LocList>
<Loc EndOffset="1521" SrcFileId="3" StartOffset="1502"/>
</LocList>
</BasicStmnt>
</StmntSeq>
</HierarchyLvl>
<HierarchyLvl HierarchyLvlId="2178" HierarchyLvlTypeId="10" Intrnl_Id="625" Name="shuffle">
<Header>
<Loc EndOffset="1673" SrcFileId="3" StartOffset="1652"/>
</Header>
<LocList>
<Loc EndOffset="2230" SrcFileId="3" StartOffset="1652"/>
</LocList>
<StmntSeq Intrnl_Id="626">
<LocList>
<Loc EndOffset="1732" SrcFileId="3" StartOffset="1683"/>
<Loc EndOffset="2121" SrcFileId="3" StartOffset="1780"/>
<Loc EndOffset="2156" SrcFileId="3" StartOffset="2139"/>
<Loc EndOffset="2182" SrcFileId="3" StartOffset="2165"/>
</LocList>
<BasicStmnt CovItemId="S16" CovItemPrefix="cabra.Deck.java" Intrnl_Id="627">
<LocList>
<Loc EndOffset="1732" SrcFileId="3" StartOffset="1683"/>
</LocList>
</BasicStmnt>
<LoopStmnt CovItemId="S17" CovItemPrefix="cabra.Deck.java" Intrnl_Id="628" MltplExecId="L2-2" MltplExecPrefix="cabra.Deck.java" NvrExecId="L2-0" NvrExecPrefix="cabra.Deck.java" OnceExecutedId="L2-1" OnceExecutedPrefix="cabra.Deck.java" OptBodyExec="true">
<StmntSeq Intrnl_Id="629">
<LocList>
<Loc EndOffset="1934" SrcFileId="3" StartOffset="1880"/>
<Loc EndOffset="1988" SrcFileId="3" StartOffset="1947"/>
<Loc EndOffset="2073" SrcFileId="3" StartOffset="2048"/>
<Loc EndOffset="2111" SrcFileId="3" StartOffset="2086"/>
</LocList>
<BasicStmnt CovItemId="S18" CovItemPrefix="cabra.Deck.java" Intrnl_Id="630">
<LocList>
<Loc EndOffset="1934" SrcFileId="3" StartOffset="1880"/>
</LocList>
</BasicStmnt>
<BasicStmnt CovItemId="S19" CovItemPrefix="cabra.Deck.java" Intrnl_Id="631">
<LocList>
<Loc EndOffset="1988" SrcFileId="3" StartOffset="1947"/>
</LocList>
</BasicStmnt>
<BasicStmnt CovItemId="S20" CovItemPrefix="cabra.Deck.java" Intrnl_Id="632">
<LocList>
<Loc EndOffset="2073" SrcFileId="3" StartOffset="2048"/>
</LocList>
</BasicStmnt>
<BasicStmnt CovItemId="S21" CovItemPrefix="cabra.Deck.java" Intrnl_Id="633">
<LocList>
<Loc EndOffset="2111" SrcFileId="3" StartOffset="2086"/>
</LocList>
</BasicStmnt>
</StmntSeq>
<Keyword EndOffset="1785" SrcFileId="3" StartOffset="1780"/>
<LocList>
<Loc EndOffset="2121" SrcFileId="3" StartOffset="1780"/>
</LocList>
<RootTerm CovItemId="C2" CovItemPrefix="cabra.Deck.java" Intrnl_Id="634">
<BasicBoolTerm Intrnl_Id="635">
<LocList>
<Loc EndOffset="1810" SrcFileId="3" StartOffset="1786"/>
</LocList>
</BasicBoolTerm>
</RootTerm>
</LoopStmnt>
<BasicStmnt CovItemId="S22" CovItemPrefix="cabra.Deck.java" Intrnl_Id="636">
<LocList>
<Loc EndOffset="2156" SrcFileId="3" StartOffset="2139"/>
</LocList>
</BasicStmnt>
<BasicStmnt CovItemId="S23" CovItemPrefix="cabra.Deck.java" Intrnl_Id="637">
<LocList>
<Loc EndOffset="2182" SrcFileId="3" StartOffset="2165"/>
</LocList>
</BasicStmnt>
</StmntSeq>
</HierarchyLvl>
<HierarchyLvl HierarchyLvlId="2179" HierarchyLvlTypeId="10" Intrnl_Id="638" Name="nextCard">
<Header>
<Loc EndOffset="2369" SrcFileId="3" StartOffset="2346"/>
</Header>
<LocList>
<Loc EndOffset="2841" SrcFileId="3" StartOffset="2346"/>
</LocList>
<StmntSeq Intrnl_Id="639">
<LocList>
<Loc EndOffset="2396" SrcFileId="3" StartOffset="2379"/>
<Loc EndOffset="2453" SrcFileId="3" StartOffset="2422"/>
<Loc EndOffset="2662" SrcFileId="3" StartOffset="2405"/>
<Loc EndOffset="2686" SrcFileId="3" StartOffset="2671"/>
<Loc EndOffset="2814" SrcFileId="3" StartOffset="2695"/>
<Loc EndOffset="2835" SrcFileId="3" StartOffset="2823"/>
</LocList>
<BasicStmnt CovItemId="S24" CovItemPrefix="cabra.Deck.java" Intrnl_Id="640">
<LocList>
<Loc EndOffset="2396" SrcFileId="3" StartOffset="2379"/>
</LocList>
</BasicStmnt>
<BasicStmnt CovItemId="S26" CovItemPrefix="cabra.Deck.java" Intrnl_Id="641">
<LocList>
<Loc EndOffset="2453" SrcFileId="3" StartOffset="2422"/>
</LocList>
</BasicStmnt>
<CondStmnt CovItemId="S25" CovItemPrefix="cabra.Deck.java" Intrnl_Id="642">
<Branch CovItemId="B3" CovItemPrefix="cabra.Deck.java" Implct="true" Intrnl_Id="643">
<Cond/>
<LocList/>
<StmntSeq Intrnl_Id="644">
<LocList/>
</StmntSeq>
</Branch>
<Branch CovItemId="B4" CovItemPrefix="cabra.Deck.java" Implct="false" Intrnl_Id="645">
<Cond>
<Loc EndOffset="2506" SrcFileId="3" StartOffset="2472"/>
</Cond>
<LocList>
<Loc EndOffset="2662" SrcFileId="3" StartOffset="2506"/>
</LocList>
<StmntSeq Intrnl_Id="646">
<LocList>
<Loc EndOffset="2601" SrcFileId="3" StartOffset="2591"/>
<Loc EndOffset="2632" SrcFileId="3" StartOffset="2614"/>
</LocList>
<BasicStmnt CovItemId="S27" CovItemPrefix="cabra.Deck.java" Intrnl_Id="647">
<LocList>
<Loc EndOffset="2601" SrcFileId="3" StartOffset="2591"/>
</LocList>
</BasicStmnt>
<BasicStmnt CovItemId="S28" CovItemPrefix="cabra.Deck.java" Intrnl_Id="648">
<LocList>
<Loc EndOffset="2632" SrcFileId="3" StartOffset="2614"/>
</LocList>
</BasicStmnt>
</StmntSeq>
</Branch>
<Keyword EndOffset="2408" SrcFileId="3" StartOffset="2405"/>
<LocList>
<Loc EndOffset="2662" SrcFileId="3" StartOffset="2405"/>
</LocList>
</CondStmnt>
<BasicStmnt CovItemId="S29" CovItemPrefix="cabra.Deck.java" Intrnl_Id="649">
<LocList>
<Loc EndOffset="2686" SrcFileId="3" StartOffset="2671"/>
</LocList>
</BasicStmnt>
<CondStmnt CovItemId="S30" CovItemPrefix="cabra.Deck.java" Intrnl_Id="650">
<Branch CovItemId="B5" CovItemPrefix="cabra.Deck.java" Implct="false" Intrnl_Id="651">
<Cond/>
<LocList>
<Loc EndOffset="2814" SrcFileId="3" StartOffset="2727"/>
</LocList>
<StmntSeq Intrnl_Id="652">
<LocList>
<Loc EndOffset="2788" SrcFileId="3" StartOffset="2778"/>
</LocList>
<BasicStmnt CovItemId="S31" CovItemPrefix="cabra.Deck.java" Intrnl_Id="653">
<LocList>
<Loc EndOffset="2788" SrcFileId="3" StartOffset="2778"/>
</LocList>
</BasicStmnt>
</StmntSeq>
</Branch>
<Branch CovItemId="B6" CovItemPrefix="cabra.Deck.java" Implct="true" Intrnl_Id="654">
<Cond/>
<LocList/>
<StmntSeq Intrnl_Id="655">
<LocList/>
</StmntSeq>
</Branch>
<Keyword EndOffset="2697" SrcFileId="3" StartOffset="2695"/>
<LocList>
<Loc EndOffset="2814" SrcFileId="3" StartOffset="2695"/>
</LocList>
<RootTerm CovItemId="C3" CovItemPrefix="cabra.Deck.java" Intrnl_Id="656">
<BasicBoolTerm Intrnl_Id="657">
<LocList>
<Loc EndOffset="2726" SrcFileId="3" StartOffset="2698"/>
</LocList>
</BasicBoolTerm>
</RootTerm>
</CondStmnt>
<BasicStmnt CovItemId="S32" CovItemPrefix="cabra.Deck.java" Intrnl_Id="658">
<LocList>
<Loc EndOffset="2835" SrcFileId="3" StartOffset="2823"/>
</LocList>
</BasicStmnt>
</StmntSeq>
</HierarchyLvl>
<HierarchyLvl HierarchyLvlId="2180" HierarchyLvlTypeId="10" Intrnl_Id="659" Name="getCard">
<Header>
<Loc EndOffset="2872" SrcFileId="3" StartOffset="2851"/>
</Header>
<LocList>
<Loc EndOffset="3051" SrcFileId="3" StartOffset="2851"/>
</LocList>
<StmntSeq Intrnl_Id="660">
<LocList>
<Loc EndOffset="2935" SrcFileId="3" StartOffset="2891"/>
<Loc EndOffset="2998" SrcFileId="3" StartOffset="2973"/>
<Loc EndOffset="3031" SrcFileId="3" StartOffset="3012"/>
</LocList>
<CondStmnt CovItemId="S33" CovItemPrefix="cabra.Deck.java" Intrnl_Id="661">
<Branch CovItemId="B7" CovItemPrefix="cabra.Deck.java" Implct="false" Intrnl_Id="662">
<Cond/>
<LocList>
<Loc EndOffset="2935" SrcFileId="3" StartOffset="2923"/>
</LocList>
<StmntSeq Intrnl_Id="663">
<LocList>
<Loc EndOffset="2935" SrcFileId="3" StartOffset="2923"/>
</LocList>
<BasicStmnt CovItemId="S34" CovItemPrefix="cabra.Deck.java" Intrnl_Id="664">
<LocList>
<Loc EndOffset="2935" SrcFileId="3" StartOffset="2923"/>
</LocList>
</BasicStmnt>
</StmntSeq>
</Branch>
<Branch CovItemId="B8" CovItemPrefix="cabra.Deck.java" Implct="true" Intrnl_Id="665">
<Cond/>
<LocList/>
<StmntSeq Intrnl_Id="666">
<LocList/>
</StmntSeq>
</Branch>
<Keyword EndOffset="2893" SrcFileId="3" StartOffset="2891"/>
<LocList>
<Loc EndOffset="2935" SrcFileId="3" StartOffset="2891"/>
</LocList>
<RootTerm CovItemId="C4" CovItemPrefix="cabra.Deck.java" Intrnl_Id="667">
<BasicBoolTerm Intrnl_Id="668">
<LocList>
<Loc EndOffset="2909" SrcFileId="3" StartOffset="2894"/>
</LocList>
</BasicBoolTerm>
</RootTerm>
</CondStmnt>
<BasicStmnt CovItemId="S35" CovItemPrefix="cabra.Deck.java" Intrnl_Id="669">
<LocList>
<Loc EndOffset="2998" SrcFileId="3" StartOffset="2973"/>
</LocList>
</BasicStmnt>
<BasicStmnt CovItemId="S36" CovItemPrefix="cabra.Deck.java" Intrnl_Id="670">
<LocList>
<Loc EndOffset="3031" SrcFileId="3" StartOffset="3012"/>
</LocList>
</BasicStmnt>
</StmntSeq>
</HierarchyLvl>
</HierarchyLvl>
<HierarchyLvl HierarchyLvlId="2209" HierarchyLvlTypeId="9" Intrnl_Id="671" Name="Controller">
<Header>
<Loc EndOffset="389" SrcFileId="4" StartOffset="345"/>
</Header>
<LocList>
<Loc EndOffset="19014" SrcFileId="4" StartOffset="345"/>
</LocList>
<StmntSeq Intrnl_Id="672">
<LocList>
<Loc EndOffset="752" SrcFileId="4" StartOffset="698"/>
</LocList>
<BasicStmnt CovItemId="S1" CovItemPrefix="cabra.Controller.java" Intrnl_Id="673">
<LocList>
<Loc EndOffset="752" SrcFileId="4" StartOffset="698"/>
</LocList>
</BasicStmnt>
</StmntSeq>
<HierarchyLvl HierarchyLvlId="2182" HierarchyLvlTypeId="10" Intrnl_Id="674" Name="Controller">
<Header>
<Loc EndOffset="781" SrcFileId="4" StartOffset="762"/>
</Header>
<LocList>
<Loc EndOffset="6808" SrcFileId="4" StartOffset="762"/>
</LocList>
<StmntSeq Intrnl_Id="675">
<LocList>
<Loc EndOffset="1541" SrcFileId="4" StartOffset="1516"/>
<Loc EndOffset="1839" SrcFileId="4" StartOffset="1608"/>
<Loc EndOffset="1873" SrcFileId="4" StartOffset="1857"/>
<Loc EndOffset="2042" SrcFileId="4" StartOffset="2008"/>
<Loc EndOffset="2645" SrcFileId="4" StartOffset="1991"/>
<Loc EndOffset="2841" SrcFileId="4" StartOffset="2705"/>
<Loc EndOffset="2952" SrcFileId="4" StartOffset="2893"/>
<Loc EndOffset="3045" SrcFileId="4" StartOffset="3014"/>
<Loc EndOffset="3094" SrcFileId="4" StartOffset="3054"/>
<Loc EndOffset="3456" SrcFileId="4" StartOffset="3149"/>
<Loc EndOffset="3532" SrcFileId="4" StartOffset="3466"/>
<Loc EndOffset="3557" SrcFileId="4" StartOffset="3541"/>
<Loc EndOffset="3598" SrcFileId="4" StartOffset="3575"/>
<Loc EndOffset="4107" SrcFileId="4" StartOffset="3646"/>
<Loc EndOffset="4254" SrcFileId="4" StartOffset="4175"/>
<Loc EndOffset="5474" SrcFileId="4" StartOffset="4263"/>
<Loc EndOffset="6065" SrcFileId="4" StartOffset="5605"/>
<Loc EndOffset="6235" SrcFileId="4" StartOffset="6164"/>
<Loc EndOffset="6301" SrcFileId="4" StartOffset="6244"/>
<Loc EndOffset="6390" SrcFileId="4" StartOffset="6310"/>
<Loc EndOffset="6594" SrcFileId="4" StartOffset="6399"/>
<Loc EndOffset="6625" SrcFileId="4" StartOffset="6612"/>
<Loc EndOffset="6648" SrcFileId="4" StartOffset="6634"/>
<Loc EndOffset="6802" SrcFileId="4" StartOffset="1415"/>
</LocList>
<BasicStmnt CovItemId="S3" CovItemPrefix="cabra.Controller.java" Intrnl_Id="676">
<LocList>
<Loc EndOffset="1541" SrcFileId="4" StartOffset="1516"/>
</LocList>
</BasicStmnt>
<CondStmnt CovItemId="S4" CovItemPrefix="cabra.Controller.java" Intrnl_Id="677">
<Branch CovItemId="B2" CovItemPrefix="cabra.Controller.java" Implct="false" Intrnl_Id="678">
<Cond/>
<LocList>
<Loc EndOffset="1839" SrcFileId="4" StartOffset="1657"/>
</LocList>
<StmntSeq Intrnl_Id="679">
<LocList>
<Loc EndOffset="1707" SrcFileId="4" StartOffset="1671"/>
<Loc EndOffset="1829" SrcFileId="4" StartOffset="1813"/>
</LocList>
<BasicStmnt CovItemId="S5" CovItemPrefix="cabra.Controller.java" Intrnl_Id="680">
<LocList>
<Loc EndOffset="1707" SrcFileId="4" StartOffset="1671"/>
</LocList>
</BasicStmnt>
<BasicStmnt CovItemId="S6" CovItemPrefix="cabra.Controller.java" Intrnl_Id="681">
<LocList>
<Loc EndOffset="1829" SrcFileId="4" StartOffset="1813"/>
</LocList>
</BasicStmnt>
</StmntSeq>
</Branch>
<Branch CovItemId="B3" CovItemPrefix="cabra.Controller.java" Implct="true" Intrnl_Id="682">
<Cond/>
<LocList/>
<StmntSeq Intrnl_Id="683">
<LocList/>
</StmntSeq>
</Branch>
<Keyword EndOffset="1610" SrcFileId="4" StartOffset="1608"/>
<LocList>
<Loc EndOffset="1839" SrcFileId="4" StartOffset="1608"/>
</LocList>
<RootTerm CovItemId="C1" CovItemPrefix="cabra.Controller.java" Intrnl_Id="684">
<BasicBoolTerm Intrnl_Id="685">
<LocList>
<Loc EndOffset="1656" SrcFileId="4" StartOffset="1611"/>
</LocList>
</BasicBoolTerm>
</RootTerm>
</CondStmnt>
<BasicStmnt CovItemId="S7" CovItemPrefix="cabra.Controller.java" Intrnl_Id="686">
<LocList>
<Loc EndOffset="1873" SrcFileId="4" StartOffset="1857"/>
</LocList>
</BasicStmnt>
<BasicStmnt CovItemId="S9" CovItemPrefix="cabra.Controller.java" Intrnl_Id="687">
<LocList>
<Loc EndOffset="2042" SrcFileId="4" StartOffset="2008"/>
</LocList>
</BasicStmnt>
<CondStmnt CovItemId="S8" CovItemPrefix="cabra.Controller.java" Intrnl_Id="688">
<Branch CovItemId="B4" CovItemPrefix="cabra.Controller.java" Implct="true" Intrnl_Id="689">
<Cond/>
<LocList/>
<StmntSeq Intrnl_Id="690">
<LocList/>
</StmntSeq>
</Branch>
<Branch CovItemId="B5" CovItemPrefix="cabra.Controller.java" Implct="false" Intrnl_Id="691">
<Cond>
<Loc EndOffset="2093" SrcFileId="4" StartOffset="2061"/>
</Cond>
<LocList>
<Loc EndOffset="2645" SrcFileId="4" StartOffset="2093"/>
</LocList>
<StmntSeq Intrnl_Id="692">
<LocList>
<Loc EndOffset="2438" SrcFileId="4" StartOffset="2276"/>
<Loc EndOffset="2547" SrcFileId="4" StartOffset="2521"/>
<Loc EndOffset="2635" SrcFileId="4" StartOffset="2601"/>
</LocList>
<BasicStmnt CovItemId="S10" CovItemPrefix="cabra.Controller.java" Intrnl_Id="693">
<LocList>
<Loc EndOffset="2438" SrcFileId="4" StartOffset="2276"/>
</LocList>
</BasicStmnt>
<BasicStmnt CovItemId="S11" CovItemPrefix="cabra.Controller.java" Intrnl_Id="694">
<LocList>
<Loc EndOffset="2547" SrcFileId="4" StartOffset="2521"/>
</LocList>
</BasicStmnt>
<BasicStmnt CovItemId="S12" CovItemPrefix="cabra.Controller.java" Intrnl_Id="695">
<LocList>
<Loc EndOffset="2635" SrcFileId="4" StartOffset="2601"/>
</LocList>
</BasicStmnt>
</StmntSeq>
</Branch>
<Keyword EndOffset="1994" SrcFileId="4" StartOffset="1991"/>
<LocList>
<Loc EndOffset="2645" SrcFileId="4" StartOffset="1991"/>
</LocList>
</CondStmnt>
<BasicStmnt CovItemId="S13" CovItemPrefix="cabra.Controller.java" Intrnl_Id="696">
<LocList>
<Loc EndOffset="2841" SrcFileId="4" StartOffset="2705"/>
</LocList>
</BasicStmnt>
<BasicStmnt CovItemId="S14" CovItemPrefix="cabra.Controller.java" Intrnl_Id="697">
<LocList>
<Loc EndOffset="2952" SrcFileId="4" StartOffset="2893"/>
</LocList>
</BasicStmnt>
<BasicStmnt CovItemId="S15" CovItemPrefix="cabra.Controller.java" Intrnl_Id="698">
<LocList>
<Loc EndOffset="3045" SrcFileId="4" StartOffset="3014"/>
</LocList>
</BasicStmnt>
<BasicStmnt CovItemId="S16" CovItemPrefix="cabra.Controller.java" Intrnl_Id="699">
<LocList>
<Loc EndOffset="3094" SrcFileId="4" StartOffset="3054"/>
</LocList>
</BasicStmnt>
<CondStmnt CovItemId="S17" CovItemPrefix="cabra.Controller.java" Intrnl_Id="700">
<Branch CovItemId="B6" CovItemPrefix="cabra.Controller.java" Implct="false" Intrnl_Id="701">
<Cond/>
<LocList>
<Loc EndOffset="3248" SrcFileId="4" StartOffset="3171"/>
</LocList>
<StmntSeq Intrnl_Id="702">
<LocList>
<Loc EndOffset="3238" SrcFileId="4" StartOffset="3217"/>
</LocList>
<BasicStmnt CovItemId="S18" CovItemPrefix="cabra.Controller.java" Intrnl_Id="703">
<LocList>
<Loc EndOffset="3238" SrcFileId="4" StartOffset="3217"/>
</LocList>
</BasicStmnt>
</StmntSeq>
</Branch>
<Branch CovItemId="B7" CovItemPrefix="cabra.Controller.java" Implct="false" Intrnl_Id="704">
<Cond>
<Loc EndOffset="3261" SrcFileId="4" StartOffset="3257"/>
</Cond>
<LocList>
<Loc EndOffset="3456" SrcFileId="4" StartOffset="3261"/>
</LocList>
<StmntSeq Intrnl_Id="705">
<LocList>
<Loc EndOffset="3367" SrcFileId="4" StartOffset="3316"/>
<Loc EndOffset="3446" SrcFileId="4" StartOffset="3410"/>
</LocList>
<BasicStmnt CovItemId="S19" CovItemPrefix="cabra.Controller.java" Intrnl_Id="706">
<LocList>
<Loc EndOffset="3367" SrcFileId="4" StartOffset="3316"/>
</LocList>
</BasicStmnt>
<BasicStmnt CovItemId="S20" CovItemPrefix="cabra.Controller.java" Intrnl_Id="707">
<LocList>
<Loc EndOffset="3446" SrcFileId="4" StartOffset="3410"/>
</LocList>
</BasicStmnt>
</StmntSeq>
</Branch>
<Keyword EndOffset="3151" SrcFileId="4" StartOffset="3149"/>
<LocList>
<Loc EndOffset="3456" SrcFileId="4" StartOffset="3149"/>
</LocList>
<RootTerm CovItemId="C2" CovItemPrefix="cabra.Controller.java" Intrnl_Id="708">
<BasicBoolTerm Intrnl_Id="709">
<LocList>
<Loc EndOffset="3170" SrcFileId="4" StartOffset="3152"/>
</LocList>
</BasicBoolTerm>
</RootTerm>
</CondStmnt>
<BasicStmnt CovItemId="S21" CovItemPrefix="cabra.Controller.java" Intrnl_Id="710">
<LocList>
<Loc EndOffset="3532" SrcFileId="4" StartOffset="3466"/>
</LocList>
</BasicStmnt>
<BasicStmnt CovItemId="S22" CovItemPrefix="cabra.Controller.java" Intrnl_Id="711">
<LocList>
<Loc EndOffset="3557" SrcFileId="4" StartOffset="3541"/>
</LocList>
</BasicStmnt>
<BasicStmnt CovItemId="S23" CovItemPrefix="cabra.Controller.java" Intrnl_Id="712">
<LocList>
<Loc EndOffset="3598" SrcFileId="4" StartOffset="3575"/>
</LocList>
</BasicStmnt>
<CondStmnt CovItemId="S24" CovItemPrefix="cabra.Controller.java" Intrnl_Id="713">
<Branch CovItemId="B8" CovItemPrefix="cabra.Controller.java" Implct="false" Intrnl_Id="714">
<Cond/>
<LocList>
<Loc EndOffset="4107" SrcFileId="4" StartOffset="3658"/>
</LocList>
<StmntSeq Intrnl_Id="715">
<LocList>
<Loc EndOffset="3854" SrcFileId="4" StartOffset="3698"/>
<Loc EndOffset="3978" SrcFileId="4" StartOffset="3933"/>
</LocList>
<BasicStmnt CovItemId="S25" CovItemPrefix="cabra.Controller.java" Intrnl_Id="716">
<LocList>
<Loc EndOffset="3854" SrcFileId="4" StartOffset="3698"/>
</LocList>
</BasicStmnt>
<BasicStmnt CovItemId="S26" CovItemPrefix="cabra.Controller.java" Intrnl_Id="717">
<LocList>
<Loc EndOffset="3978" SrcFileId="4" StartOffset="3933"/>
</LocList>
</BasicStmnt>
</StmntSeq>
</Branch>
<Branch CovItemId="B9" CovItemPrefix="cabra.Controller.java" Implct="true" Intrnl_Id="718">
<Cond/>
<LocList/>
<StmntSeq Intrnl_Id="719">
<LocList/>
</StmntSeq>
</Branch>
<Keyword EndOffset="3648" SrcFileId="4" StartOffset="3646"/>
<LocList>
<Loc EndOffset="4107" SrcFileId="4" StartOffset="3646"/>
</LocList>
<RootTerm CovItemId="C3" CovItemPrefix="cabra.Controller.java" Intrnl_Id="720">
<BasicBoolTerm Intrnl_Id="721">
<LocList>
<Loc EndOffset="3657" SrcFileId="4" StartOffset="3649"/>
</LocList>
</BasicBoolTerm>
</RootTerm>
</CondStmnt>
<BasicStmnt CovItemId="S27" CovItemPrefix="cabra.Controller.java" Intrnl_Id="722">
<LocList>
<Loc EndOffset="4254" SrcFileId="4" StartOffset="4175"/>
</LocList>
</BasicStmnt>
<CondStmnt CovItemId="S28" CovItemPrefix="cabra.Controller.java" Intrnl_Id="723">
<Branch CovItemId="B10" CovItemPrefix="cabra.Controller.java" Implct="false" Intrnl_Id="724">
<Cond/>
<LocList>
<Loc EndOffset="5474" SrcFileId="4" StartOffset="4287"/>
</LocList>
<StmntSeq Intrnl_Id="725">
<LocList>
<Loc EndOffset="4461" SrcFileId="4" StartOffset="4430"/>
<Loc EndOffset="4519" SrcFileId="4" StartOffset="4474"/>
<Loc EndOffset="5260" SrcFileId="4" StartOffset="4574"/>
<Loc EndOffset="5464" SrcFileId="4" StartOffset="5326"/>
</LocList>
<BasicStmnt CovItemId="S29" CovItemPrefix="cabra.Controller.java" Intrnl_Id="726">
<LocList>
<Loc EndOffset="4461" SrcFileId="4" StartOffset="4430"/>
</LocList>
</BasicStmnt>
<BasicStmnt CovItemId="S30" CovItemPrefix="cabra.Controller.java" Intrnl_Id="727">
<LocList>
<Loc EndOffset="4519" SrcFileId="4" StartOffset="4474"/>
</LocList>
</BasicStmnt>
<CondStmnt CovItemId="S31" CovItemPrefix="cabra.Controller.java" Intrnl_Id="728">
<Branch CovItemId="B12" CovItemPrefix="cabra.Controller.java" Implct="false" Intrnl_Id="729">
<Cond/>
<LocList>
<Loc EndOffset="4985" SrcFileId="4" StartOffset="4591"/>
</LocList>
<StmntSeq Intrnl_Id="730">
<LocList/>
</StmntSeq>
</Branch>
<Branch CovItemId="B13" CovItemPrefix="cabra.Controller.java" Implct="false" Intrnl_Id="731">
<Cond>
<Loc EndOffset="5002" SrcFileId="4" StartOffset="4998"/>
</Cond>
<LocList>
<Loc EndOffset="5260" SrcFileId="4" StartOffset="5002"/>
</LocList>
<StmntSeq Intrnl_Id="732">
<LocList/>
</StmntSeq>
</Branch>
<Keyword EndOffset="4576" SrcFileId="4" StartOffset="4574"/>
<LocList>
<Loc EndOffset="5260" SrcFileId="4" StartOffset="4574"/>
</LocList>
<RootTerm CovItemId="C5" CovItemPrefix="cabra.Controller.java" Intrnl_Id="733">
<BasicBoolTerm Intrnl_Id="734">
<LocList>
<Loc EndOffset="4590" SrcFileId="4" StartOffset="4577"/>
</LocList>
</BasicBoolTerm>
</RootTerm>
</CondStmnt>
<CondStmnt CovItemId="S32" CovItemPrefix="cabra.Controller.java" Intrnl_Id="735">
<Branch CovItemId="B14" CovItemPrefix="cabra.Controller.java" Implct="false" Intrnl_Id="736">
<Cond/>
<LocList>
<Loc EndOffset="5393" SrcFileId="4" StartOffset="5363"/>
</LocList>
<StmntSeq Intrnl_Id="737">
<LocList>
<Loc EndOffset="5393" SrcFileId="4" StartOffset="5363"/>
</LocList>
<BasicStmnt CovItemId="S33" CovItemPrefix="cabra.Controller.java" Intrnl_Id="738">
<LocList>
<Loc EndOffset="5393" SrcFileId="4" StartOffset="5363"/>
</LocList>
</BasicStmnt>
</StmntSeq>
</Branch>
<Branch CovItemId="B15" CovItemPrefix="cabra.Controller.java" Implct="false" Intrnl_Id="739">
<Cond>
<Loc EndOffset="5410" SrcFileId="4" StartOffset="5406"/>
</Cond>
<LocList>
<Loc EndOffset="5464" SrcFileId="4" StartOffset="5427"/>
</LocList>
<StmntSeq Intrnl_Id="740">
<LocList>
<Loc EndOffset="5464" SrcFileId="4" StartOffset="5427"/>
</LocList>
<BasicStmnt CovItemId="S34" CovItemPrefix="cabra.Controller.java" Intrnl_Id="741">
<LocList>
<Loc EndOffset="5464" SrcFileId="4" StartOffset="5427"/>
</LocList>
</BasicStmnt>
</StmntSeq>
</Branch>
<Keyword EndOffset="5328" SrcFileId="4" StartOffset="5326"/>
<LocList>
<Loc EndOffset="5464" SrcFileId="4" StartOffset="5326"/>
</LocList>
<RootTerm CovItemId="C6" CovItemPrefix="cabra.Controller.java" Intrnl_Id="742">
<BasicBoolTerm Intrnl_Id="743">
<LocList>
<Loc EndOffset="5345" SrcFileId="4" StartOffset="5329"/>
</LocList>
</BasicBoolTerm>
</RootTerm>
</CondStmnt>
</StmntSeq>
</Branch>
<Branch CovItemId="B11" CovItemPrefix="cabra.Controller.java" Implct="true" Intrnl_Id="744">
<Cond/>
<LocList/>
<StmntSeq Intrnl_Id="745">
<LocList/>
</StmntSeq>
</Branch>
<Keyword EndOffset="4265" SrcFileId="4" StartOffset="4263"/>
<LocList>
<Loc EndOffset="5474" SrcFileId="4" StartOffset="4263"/>
</LocList>
<RootTerm CovItemId="C4" CovItemPrefix="cabra.Controller.java" Intrnl_Id="746">
<OpTerm BooleanOpId="7" Intrnl_Id="747">
<OpTerm BooleanOpId="6" Intrnl_Id="748">
<BasicBoolTerm Intrnl_Id="749">
<LocList>
<Loc EndOffset="4275" SrcFileId="4" StartOffset="4267"/>
</LocList>
</BasicBoolTerm>
<LocList>
<Loc EndOffset="4267" SrcFileId="4" StartOffset="4266"/>
</LocList>
</OpTerm>
<BasicBoolTerm Intrnl_Id="750">
<LocList>
<Loc EndOffset="4286" SrcFileId="4" StartOffset="4279"/>
</LocList>
</BasicBoolTerm>
<LocList>
<Loc EndOffset="4278" SrcFileId="4" StartOffset="4276"/>
</LocList>
</OpTerm>
</RootTerm>
</CondStmnt>
<CondStmnt CovItemId="S35" CovItemPrefix="cabra.Controller.java" Intrnl_Id="751">
<Branch CovItemId="B16" CovItemPrefix="cabra.Controller.java" Implct="false" Intrnl_Id="752">
<Cond/>
<LocList>
<Loc EndOffset="6065" SrcFileId="4" StartOffset="5669"/>
</LocList>
<StmntSeq Intrnl_Id="753">
<LocList>
<Loc EndOffset="5754" SrcFileId="4" StartOffset="5710"/>
<Loc EndOffset="6011" SrcFileId="4" StartOffset="5767"/>
<Loc EndOffset="6055" SrcFileId="4" StartOffset="6024"/>
</LocList>
<BasicStmnt CovItemId="S36" CovItemPrefix="cabra.Controller.java" Intrnl_Id="754">
<LocList>
<Loc EndOffset="5754" SrcFileId="4" StartOffset="5710"/>
</LocList>
</BasicStmnt>
<BasicStmnt CovItemId="S37" CovItemPrefix="cabra.Controller.java" Intrnl_Id="755">
<LocList>
<Loc EndOffset="6011" SrcFileId="4" StartOffset="5767"/>
</LocList>
</BasicStmnt>
<BasicStmnt CovItemId="S38" CovItemPrefix="cabra.Controller.java" Intrnl_Id="756">
<LocList>
<Loc EndOffset="6055" SrcFileId="4" StartOffset="6024"/>
</LocList>
</BasicStmnt>
</StmntSeq>
</Branch>
<Branch CovItemId="B17" CovItemPrefix="cabra.Controller.java" Implct="true" Intrnl_Id="757">
<Cond/>
<LocList/>
<StmntSeq Intrnl_Id="758">
<LocList/>
</StmntSeq>
</Branch>
<Keyword EndOffset="5607" SrcFileId="4" StartOffset="5605"/>
<LocList>
<Loc EndOffset="6065" SrcFileId="4" StartOffset="5605"/>
</LocList>
<RootTerm CovItemId="C7" CovItemPrefix="cabra.Controller.java" Intrnl_Id="759">
<OpTerm BooleanOpId="7" Intrnl_Id="760">
<OpTerm BooleanOpId="7" Intrnl_Id="761">
<OpTerm BooleanOpId="6" Intrnl_Id="762">
<BasicBoolTerm Intrnl_Id="763">
<LocList>
<Loc EndOffset="5617" SrcFileId="4" StartOffset="5609"/>
</LocList>
</BasicBoolTerm>
<LocList>
<Loc EndOffset="5609" SrcFileId="4" StartOffset="5608"/>
</LocList>
</OpTerm>
<OpTerm BooleanOpId="6" Intrnl_Id="764">
<BasicBoolTerm Intrnl_Id="765">
<LocList>
<Loc EndOffset="5629" SrcFileId="4" StartOffset="5622"/>
</LocList>
</BasicBoolTerm>
<LocList>
<Loc EndOffset="5622" SrcFileId="4" StartOffset="5621"/>
</LocList>
</OpTerm>
<LocList>
<Loc EndOffset="5620" SrcFileId="4" StartOffset="5618"/>
</LocList>
</OpTerm>
<BasicBoolTerm Intrnl_Id="766">
<LocList>
<Loc EndOffset="5668" SrcFileId="4" StartOffset="5633"/>
</LocList>
</BasicBoolTerm>
<LocList>
<Loc EndOffset="5632" SrcFileId="4" StartOffset="5630"/>
</LocList>
</OpTerm>
</RootTerm>
</CondStmnt>
<BasicStmnt CovItemId="S39" CovItemPrefix="cabra.Controller.java" Intrnl_Id="767">
<LocList>
<Loc EndOffset="6235" SrcFileId="4" StartOffset="6164"/>
</LocList>
</BasicStmnt>
<BasicStmnt CovItemId="S40" CovItemPrefix="cabra.Controller.java" Intrnl_Id="768">
<LocList>
<Loc EndOffset="6301" SrcFileId="4" StartOffset="6244"/>
</LocList>
</BasicStmnt>
<BasicStmnt CovItemId="S41" CovItemPrefix="cabra.Controller.java" Intrnl_Id="769">
<LocList>
<Loc EndOffset="6390" SrcFileId="4" StartOffset="6310"/>
</LocList>
</BasicStmnt>
<CondStmnt CovItemId="S42" CovItemPrefix="cabra.Controller.java" Intrnl_Id="770">
<Branch CovItemId="B18" CovItemPrefix="cabra.Controller.java" Implct="false" Intrnl_Id="771">
<Cond/>
<LocList>
<Loc EndOffset="6594" SrcFileId="4" StartOffset="6441"/>
</LocList>
<StmntSeq Intrnl_Id="772">
<LocList>
<Loc EndOffset="6584" SrcFileId="4" StartOffset="6555"/>
</LocList>
<BasicStmnt CovItemId="S43" CovItemPrefix="cabra.Controller.java" Intrnl_Id="773">
<LocList>
<Loc EndOffset="6584" SrcFileId="4" StartOffset="6555"/>
</LocList>
</BasicStmnt>
</StmntSeq>
</Branch>
<Branch CovItemId="B19" CovItemPrefix="cabra.Controller.java" Implct="true" Intrnl_Id="774">
<Cond/>
<LocList/>
<StmntSeq Intrnl_Id="775">
<LocList/>
</StmntSeq>
</Branch>
<Keyword EndOffset="6401" SrcFileId="4" StartOffset="6399"/>
<LocList>
<Loc EndOffset="6594" SrcFileId="4" StartOffset="6399"/>
</LocList>
<RootTerm CovItemId="C8" CovItemPrefix="cabra.Controller.java" Intrnl_Id="776">
<BasicBoolTerm Intrnl_Id="777">
<LocList>
<Loc EndOffset="6440" SrcFileId="4" StartOffset="6402"/>
</LocList>
</BasicBoolTerm>
</RootTerm>
</CondStmnt>
<BasicStmnt CovItemId="S44" CovItemPrefix="cabra.Controller.java" Intrnl_Id="778">
<LocList>
<Loc EndOffset="6625" SrcFileId="4" StartOffset="6612"/>
</LocList>
</BasicStmnt>
<BasicStmnt CovItemId="S45" CovItemPrefix="cabra.Controller.java" Intrnl_Id="779">
<LocList>
<Loc EndOffset="6648" SrcFileId="4" StartOffset="6634"/>
</LocList>
</BasicStmnt>
<CondStmnt CovItemId="S2" CovItemPrefix="cabra.Controller.java" Intrnl_Id="780">
<Branch CovItemId="B1" CovItemPrefix="cabra.Controller.java" Implct="true" Intrnl_Id="781">
<Cond/>
<LocList/>
<StmntSeq Intrnl_Id="782">
<LocList/>
</StmntSeq>
</Branch>
<Branch CovItemId="B20" CovItemPrefix="cabra.Controller.java" Implct="false" Intrnl_Id="783">
<Cond>
<Loc EndOffset="6685" SrcFileId="4" StartOffset="6667"/>
</Cond>
<LocList>
<Loc EndOffset="6802" SrcFileId="4" StartOffset="6685"/>
</LocList>
<StmntSeq Intrnl_Id="784">
<LocList>
<Loc EndOffset="6792" SrcFileId="4" StartOffset="6762"/>
</LocList>
<BasicStmnt CovItemId="S46" CovItemPrefix="cabra.Controller.java" Intrnl_Id="785">
<LocList>
<Loc EndOffset="6792" SrcFileId="4" StartOffset="6762"/>
</LocList>
</BasicStmnt>
</StmntSeq>
</Branch>
<Keyword EndOffset="1418" SrcFileId="4" StartOffset="1415"/>
<LocList>
<Loc EndOffset="6802" SrcFileId="4" StartOffset="1415"/>
</LocList>
</CondStmnt>
</StmntSeq>
</HierarchyLvl>
<HierarchyLvl HierarchyLvlId="2183" HierarchyLvlTypeId="10" Intrnl_Id="786" Name="getGUI">
<Header>
<Loc EndOffset="6837" SrcFileId="4" StartOffset="6818"/>
</Header>
<LocList>
<Loc EndOffset="6864" SrcFileId="4" StartOffset="6818"/>
</LocList>
<StmntSeq Intrnl_Id="787">
<LocList>
<Loc EndOffset="6858" SrcFileId="4" StartOffset="6847"/>
</LocList>
<BasicStmnt CovItemId="S47" CovItemPrefix="cabra.Controller.java" Intrnl_Id="788">
<LocList>
<Loc EndOffset="6858" SrcFileId="4" StartOffset="6847"/>
</LocList>
</BasicStmnt>
</StmntSeq>
</HierarchyLvl>
<HierarchyLvl HierarchyLvlId="2184" HierarchyLvlTypeId="10" Intrnl_Id="789" Name="getPoints">
<Header>
<Loc EndOffset="7006" SrcFileId="4" StartOffset="6984"/>
</Header>
<LocList>
<Loc EndOffset="7054" SrcFileId="4" StartOffset="6984"/>
</LocList>
<StmntSeq Intrnl_Id="790">
<LocList>
<Loc EndOffset="7048" SrcFileId="4" StartOffset="7016"/>
</LocList>
<BasicStmnt CovItemId="S48" CovItemPrefix="cabra.Controller.java" Intrnl_Id="791">
<LocList>
<Loc EndOffset="7048" SrcFileId="4" StartOffset="7016"/>
</LocList>
</BasicStmnt>
</StmntSeq>
</HierarchyLvl>
<HierarchyLvl HierarchyLvlId="2185" HierarchyLvlTypeId="10" Intrnl_Id="792" Name="gainPoints">
<Header>
<Loc EndOffset="7324" SrcFileId="4" StartOffset="7255"/>
</Header>
<LocList>
<Loc EndOffset="7533" SrcFileId="4" StartOffset="7255"/>
</LocList>
<StmntSeq Intrnl_Id="793">
<LocList>
<Loc EndOffset="7368" SrcFileId="4" StartOffset="7334"/>
<Loc EndOffset="7471" SrcFileId="4" StartOffset="7429"/>
<Loc EndOffset="7527" SrcFileId="4" StartOffset="7489"/>
</LocList>
<BasicStmnt CovItemId="S49" CovItemPrefix="cabra.Controller.java" Intrnl_Id="794">
<LocList>
<Loc EndOffset="7368" SrcFileId="4" StartOffset="7334"/>
</LocList>
</BasicStmnt>
<BasicStmnt CovItemId="S50" CovItemPrefix="cabra.Controller.java" Intrnl_Id="795">
<LocList>
<Loc EndOffset="7471" SrcFileId="4" StartOffset="7429"/>
</LocList>
</BasicStmnt>
<CondStmnt CovItemId="S51" CovItemPrefix="cabra.Controller.java" Intrnl_Id="796">
<Branch CovItemId="B21" CovItemPrefix="cabra.Controller.java" Implct="false" Intrnl_Id="797">
<Cond/>
<LocList>
<Loc EndOffset="7527" SrcFileId="4" StartOffset="7513"/>
</LocList>
<StmntSeq Intrnl_Id="798">
<LocList>
<Loc EndOffset="7527" SrcFileId="4" StartOffset="7513"/>
</LocList>
<BasicStmnt CovItemId="S52" CovItemPrefix="cabra.Controller.java" Intrnl_Id="799">
<LocList>
<Loc EndOffset="7527" SrcFileId="4" StartOffset="7513"/>
</LocList>
</BasicStmnt>
</StmntSeq>
</Branch>
<Branch CovItemId="B22" CovItemPrefix="cabra.Controller.java" Implct="true" Intrnl_Id="800">
<Cond/>
<LocList/>
<StmntSeq Intrnl_Id="801">
<LocList/>
</StmntSeq>
</Branch>
<Keyword EndOffset="7491" SrcFileId="4" StartOffset="7489"/>
<LocList>
<Loc EndOffset="7527" SrcFileId="4" StartOffset="7489"/>
</LocList>
<RootTerm CovItemId="C9" CovItemPrefix="cabra.Controller.java" Intrnl_Id="802">
<BasicBoolTerm Intrnl_Id="803">
<LocList>
<Loc EndOffset="7499" SrcFileId="4" StartOffset="7492"/>
</LocList>
</BasicBoolTerm>
</RootTerm>
</CondStmnt>
</StmntSeq>
</HierarchyLvl>
<HierarchyLvl HierarchyLvlId="2186" HierarchyLvlTypeId="10" Intrnl_Id="804" Name="gainPoints">
<Header>
<Loc EndOffset="7739" SrcFileId="4" StartOffset="7687"/>
</Header>
<LocList>
<Loc EndOffset="7782" SrcFileId="4" StartOffset="7687"/>
</LocList>
<StmntSeq Intrnl_Id="805">
<LocList>
<Loc EndOffset="7776" SrcFileId="4" StartOffset="7749"/>
</LocList>
<BasicStmnt CovItemId="S53" CovItemPrefix="cabra.Controller.java" Intrnl_Id="806">
<LocList>
<Loc EndOffset="7776" SrcFileId="4" StartOffset="7749"/>
</LocList>
</BasicStmnt>
</StmntSeq>
</HierarchyLvl>
<HierarchyLvl HierarchyLvlId="2187" HierarchyLvlTypeId="10" Intrnl_Id="807" Name="createVaultManager">
<Header>
<Loc EndOffset="8071" SrcFileId="4" StartOffset="8014"/>
</Header>
<LocList>
<Loc EndOffset="8142" SrcFileId="4" StartOffset="8014"/>
</LocList>
<StmntSeq Intrnl_Id="808">
<LocList>
<Loc EndOffset="8136" SrcFileId="4" StartOffset="8081"/>
</LocList>
<BasicStmnt CovItemId="S54" CovItemPrefix="cabra.Controller.java" Intrnl_Id="809">
<LocList>
<Loc EndOffset="8136" SrcFileId="4" StartOffset="8081"/>
</LocList>
</BasicStmnt>
</StmntSeq>
</HierarchyLvl>
<HierarchyLvl HierarchyLvlId="2188" HierarchyLvlTypeId="10" Intrnl_Id="810" Name="updatePreferredFont">
<Header>
<Loc EndOffset="8619" SrcFileId="4" StartOffset="8557"/>
</Header>
<LocList>
<Loc EndOffset="8798" SrcFileId="4" StartOffset="8557"/>
</LocList>
<StmntSeq Intrnl_Id="811">
<LocList>
<Loc EndOffset="8681" SrcFileId="4" StartOffset="8629"/>
<Loc EndOffset="8792" SrcFileId="4" StartOffset="8751"/>
</LocList>
<BasicStmnt CovItemId="S55" CovItemPrefix="cabra.Controller.java" Intrnl_Id="812">
<LocList>
<Loc EndOffset="8681" SrcFileId="4" StartOffset="8629"/>
</LocList>
</BasicStmnt>
<CondStmnt CovItemId="S56" CovItemPrefix="cabra.Controller.java" Intrnl_Id="813">
<Branch CovItemId="B23" CovItemPrefix="cabra.Controller.java" Implct="false" Intrnl_Id="814">
<Cond/>
<LocList>
<Loc EndOffset="8792" SrcFileId="4" StartOffset="8779"/>
</LocList>
<StmntSeq Intrnl_Id="815">
<LocList>
<Loc EndOffset="8792" SrcFileId="4" StartOffset="8779"/>
</LocList>
<BasicStmnt CovItemId="S57" CovItemPrefix="cabra.Controller.java" Intrnl_Id="816">
<LocList>
<Loc EndOffset="8792" SrcFileId="4" StartOffset="8779"/>
</LocList>
</BasicStmnt>
</StmntSeq>
</Branch>
<Branch CovItemId="B24" CovItemPrefix="cabra.Controller.java" Implct="true" Intrnl_Id="817">
<Cond/>
<LocList/>
<StmntSeq Intrnl_Id="818">
<LocList/>
</StmntSeq>
</Branch>
<Keyword EndOffset="8753" SrcFileId="4" StartOffset="8751"/>
<LocList>
<Loc EndOffset="8792" SrcFileId="4" StartOffset="8751"/>
</LocList>
<RootTerm CovItemId="C10" CovItemPrefix="cabra.Controller.java" Intrnl_Id="819">
<BasicBoolTerm Intrnl_Id="820">
<LocList>
<Loc EndOffset="8765" SrcFileId="4" StartOffset="8754"/>
</LocList>
</BasicBoolTerm>
</RootTerm>
</CondStmnt>
</StmntSeq>
</HierarchyLvl>
<HierarchyLvl HierarchyLvlId="2189" HierarchyLvlTypeId="10" Intrnl_Id="821" Name="loadProjectsFromFile">
<Header>
<Loc EndOffset="8974" SrcFileId="4" StartOffset="8925"/>
</Header>
<LocList>
<Loc EndOffset="10252" SrcFileId="4" StartOffset="8925"/>
</LocList>
<StmntSeq Intrnl_Id="822">
<LocList>
<Loc EndOffset="9124" SrcFileId="4" StartOffset="9071"/>
<Loc EndOffset="9400" SrcFileId="4" StartOffset="9133"/>
<Loc EndOffset="9484" SrcFileId="4" StartOffset="9423"/>
<Loc EndOffset="10192" SrcFileId="4" StartOffset="9502"/>
<Loc EndOffset="10246" SrcFileId="4" StartOffset="10224"/>
</LocList>
<BasicStmnt CovItemId="S58" CovItemPrefix="cabra.Controller.java" Intrnl_Id="823">
<LocList>
<Loc EndOffset="9124" SrcFileId="4" StartOffset="9071"/>
</LocList>
</BasicStmnt>
<CondStmnt CovItemId="S59" CovItemPrefix="cabra.Controller.java" Intrnl_Id="824">
<Branch CovItemId="B25" CovItemPrefix="cabra.Controller.java" Implct="false" Intrnl_Id="825">
<Cond/>
<LocList>
<Loc EndOffset="9400" SrcFileId="4" StartOffset="9164"/>
</LocList>
<StmntSeq Intrnl_Id="826">
<LocList>
<Loc EndOffset="9278" SrcFileId="4" StartOffset="9252"/>
<Loc EndOffset="9390" SrcFileId="4" StartOffset="9358"/>
</LocList>
<BasicStmnt CovItemId="S60" CovItemPrefix="cabra.Controller.java" Intrnl_Id="827">
<LocList>
<Loc EndOffset="9278" SrcFileId="4" StartOffset="9252"/>
</LocList>
</BasicStmnt>
<BasicStmnt CovItemId="S61" CovItemPrefix="cabra.Controller.java" Intrnl_Id="828">
<LocList>
<Loc EndOffset="9390" SrcFileId="4" StartOffset="9358"/>
</LocList>
</BasicStmnt>
</StmntSeq>
</Branch>
<Branch CovItemId="B26" CovItemPrefix="cabra.Controller.java" Implct="true" Intrnl_Id="829">
<Cond/>
<LocList/>
<StmntSeq Intrnl_Id="830">
<LocList/>
</StmntSeq>
</Branch>
<Keyword EndOffset="9135" SrcFileId="4" StartOffset="9133"/>
<LocList>
<Loc EndOffset="9400" SrcFileId="4" StartOffset="9133"/>
</LocList>
<RootTerm CovItemId="C11" CovItemPrefix="cabra.Controller.java" Intrnl_Id="831">
<OpTerm BooleanOpId="6" Intrnl_Id="832">
<BasicBoolTerm Intrnl_Id="833">
<LocList>
<Loc EndOffset="9163" SrcFileId="4" StartOffset="9137"/>
</LocList>
</BasicBoolTerm>
<LocList>
<Loc EndOffset="9137" SrcFileId="4" StartOffset="9136"/>
</LocList>
</OpTerm>
</RootTerm>
</CondStmnt>
<BasicStmnt CovItemId="S62" CovItemPrefix="cabra.Controller.java" Intrnl_Id="834">
<LocList>
<Loc EndOffset="9484" SrcFileId="4" StartOffset="9423"/>
</LocList>
</BasicStmnt>
<LoopStmnt CovItemId="S63" CovItemPrefix="cabra.Controller.java" Intrnl_Id="835" MltplExecId="L1-2" MltplExecPrefix="cabra.Controller.java" NvrExecId="L1-0" NvrExecPrefix="cabra.Controller.java" OnceExecutedId="L1-1" OnceExecutedPrefix="cabra.Controller.java" OptBodyExec="true">
<StmntSeq Intrnl_Id="836">
<LocList>
<Loc EndOffset="9700" SrcFileId="4" StartOffset="9648"/>
<Loc EndOffset="9855" SrcFileId="4" StartOffset="9800"/>
<Loc EndOffset="9896" SrcFileId="4" StartOffset="9868"/>
<Loc EndOffset="9994" SrcFileId="4" StartOffset="9955"/>
<Loc EndOffset="10182" SrcFileId="4" StartOffset="10143"/>
</LocList>
<CondStmnt CovItemId="S64" CovItemPrefix="cabra.Controller.java" Intrnl_Id="837">
<Branch CovItemId="B27" CovItemPrefix="cabra.Controller.java" Implct="false" Intrnl_Id="838">
<Cond/>
<LocList>
<Loc EndOffset="9700" SrcFileId="4" StartOffset="9691"/>
</LocList>
<StmntSeq Intrnl_Id="839">
<LocList>
<Loc EndOffset="9700" SrcFileId="4" StartOffset="9691"/>
</LocList>
<BasicStmnt CovItemId="S65" CovItemPrefix="cabra.Controller.java" Intrnl_Id="840">
<LocList>
<Loc EndOffset="9700" SrcFileId="4" StartOffset="9691"/>
</LocList>
</BasicStmnt>
</StmntSeq>
</Branch>
<Branch CovItemId="B28" CovItemPrefix="cabra.Controller.java" Implct="true" Intrnl_Id="841">
<Cond/>
<LocList/>
<StmntSeq Intrnl_Id="842">
<LocList/>
</StmntSeq>
</Branch>
<Keyword EndOffset="9650" SrcFileId="4" StartOffset="9648"/>
<LocList>
<Loc EndOffset="9700" SrcFileId="4" StartOffset="9648"/>
</LocList>
<RootTerm CovItemId="C12" CovItemPrefix="cabra.Controller.java" Intrnl_Id="843">
<BasicBoolTerm Intrnl_Id="844">
<LocList>
<Loc EndOffset="9673" SrcFileId="4" StartOffset="9651"/>
</LocList>
</BasicBoolTerm>
</RootTerm>
</CondStmnt>
<BasicStmnt CovItemId="S66" CovItemPrefix="cabra.Controller.java" Intrnl_Id="845">
<LocList>
<Loc EndOffset="9855" SrcFileId="4" StartOffset="9800"/>
</LocList>
</BasicStmnt>
<BasicStmnt CovItemId="S67" CovItemPrefix="cabra.Controller.java" Intrnl_Id="846">
<LocList>
<Loc EndOffset="9896" SrcFileId="4" StartOffset="9868"/>
</LocList>
</BasicStmnt>
<BasicStmnt CovItemId="S68" CovItemPrefix="cabra.Controller.java" Intrnl_Id="847">
<LocList>
<Loc EndOffset="9994" SrcFileId="4" StartOffset="9955"/>
</LocList>
</BasicStmnt>
<BasicStmnt CovItemId="S69" CovItemPrefix="cabra.Controller.java" Intrnl_Id="848">
<LocList>
<Loc EndOffset="10182" SrcFileId="4" StartOffset="10143"/>
</LocList>
</BasicStmnt>
</StmntSeq>
<Keyword EndOffset="9505" SrcFileId="4" StartOffset="9502"/>
<LocList>
<Loc EndOffset="10192" SrcFileId="4" StartOffset="9502"/>
</LocList>
</LoopStmnt>
<BasicStmnt CovItemId="S70" CovItemPrefix="cabra.Controller.java" Intrnl_Id="849">
<LocList>
<Loc EndOffset="10246" SrcFileId="4" StartOffset="10224"/>
</LocList>
</BasicStmnt>
</StmntSeq>
</HierarchyLvl>
<HierarchyLvl HierarchyLvlId="2190" HierarchyLvlTypeId="10" Intrnl_Id="850" Name="addNoteToActiveProject">
<Header>
<Loc EndOffset="10605" SrcFileId="4" StartOffset="10535"/>
</Header>
<LocList>
<Loc EndOffset="10808" SrcFileId="4" StartOffset="10535"/>
</LocList>
<StmntSeq Intrnl_Id="851">
<LocList>
<Loc EndOffset="10643" SrcFileId="4" StartOffset="10615"/>
<Loc EndOffset="10712" SrcFileId="4" StartOffset="10686"/>
<Loc EndOffset="10802" SrcFileId="4" StartOffset="10758"/>
</LocList>
<BasicStmnt CovItemId="S71" CovItemPrefix="cabra.Controller.java" Intrnl_Id="852">
<LocList>
<Loc EndOffset="10643" SrcFileId="4" StartOffset="10615"/>
</LocList>
</BasicStmnt>
<BasicStmnt CovItemId="S72" CovItemPrefix="cabra.Controller.java" Intrnl_Id="853">
<LocList>
<Loc EndOffset="10712" SrcFileId="4" StartOffset="10686"/>
</LocList>
</BasicStmnt>
<BasicStmnt CovItemId="S73" CovItemPrefix="cabra.Controller.java" Intrnl_Id="854">
<LocList>
<Loc EndOffset="10802" SrcFileId="4" StartOffset="10758"/>
</LocList>
</BasicStmnt>
</StmntSeq>
</HierarchyLvl>
<HierarchyLvl HierarchyLvlId="2191" HierarchyLvlTypeId="10" Intrnl_Id="855" Name="setTheme">
<Header>
<Loc EndOffset="10853" SrcFileId="4" StartOffset="10819"/>
</Header>
<LocList>
<Loc EndOffset="11112" SrcFileId="4" StartOffset="10819"/>
</LocList>
<StmntSeq Intrnl_Id="856">
<LocList>
<Loc EndOffset="10886" SrcFileId="4" StartOffset="10863"/>
<Loc EndOffset="11011" SrcFileId="4" StartOffset="10967"/>
<Loc EndOffset="11074" SrcFileId="4" StartOffset="11064"/>
<Loc EndOffset="11105" SrcFileId="4" StartOffset="11091"/>
</LocList>
<BasicStmnt CovItemId="S74" CovItemPrefix="cabra.Controller.java" Intrnl_Id="857">
<LocList>
<Loc EndOffset="10886" SrcFileId="4" StartOffset="10863"/>
</LocList>
</BasicStmnt>
<BasicStmnt CovItemId="S75" CovItemPrefix="cabra.Controller.java" Intrnl_Id="858">
<LocList>
<Loc EndOffset="11011" SrcFileId="4" StartOffset="10967"/>
</LocList>
</BasicStmnt>
<BasicStmnt CovItemId="S76" CovItemPrefix="cabra.Controller.java" Intrnl_Id="859">
<LocList>
<Loc EndOffset="11074" SrcFileId="4" StartOffset="11064"/>
</LocList>
</BasicStmnt>
<BasicStmnt CovItemId="S77" CovItemPrefix="cabra.Controller.java" Intrnl_Id="860">
<LocList>
<Loc EndOffset="11105" SrcFileId="4" StartOffset="11091"/>
</LocList>
</BasicStmnt>
</StmntSeq>
</HierarchyLvl>
<HierarchyLvl HierarchyLvlId="2192" HierarchyLvlTypeId="10" Intrnl_Id="861" Name="getActiveProject">
<Header>
<Loc EndOffset="11155" SrcFileId="4" StartOffset="11122"/>
</Header>
<LocList>
<Loc EndOffset="11192" SrcFileId="4" StartOffset="11122"/>
</LocList>
<StmntSeq Intrnl_Id="862">
<LocList>
<Loc EndOffset="11186" SrcFileId="4" StartOffset="11165"/>
</LocList>
<BasicStmnt CovItemId="S78" CovItemPrefix="cabra.Controller.java" Intrnl_Id="863">
<LocList>
<Loc EndOffset="11186" SrcFileId="4" StartOffset="11165"/>
</LocList>
</BasicStmnt>
</StmntSeq>
</HierarchyLvl>
<HierarchyLvl HierarchyLvlId="2193" HierarchyLvlTypeId="10" Intrnl_Id="864" Name="getAllProjects">
<Header>
<Loc EndOffset="11244" SrcFileId="4" StartOffset="11202"/>
</Header>
<LocList>
<Loc EndOffset="11276" SrcFileId="4" StartOffset="11202"/>
</LocList>
<StmntSeq Intrnl_Id="865">
<LocList>
<Loc EndOffset="11270" SrcFileId="4" StartOffset="11254"/>
</LocList>
<BasicStmnt CovItemId="S79" CovItemPrefix="cabra.Controller.java" Intrnl_Id="866">
<LocList>
<Loc EndOffset="11270" SrcFileId="4" StartOffset="11254"/>
</LocList>
</BasicStmnt>
</StmntSeq>
</HierarchyLvl>
<HierarchyLvl HierarchyLvlId="2194" HierarchyLvlTypeId="10" Intrnl_Id="867" Name="getNumberOfProjects">
<Header>
<Loc EndOffset="11318" SrcFileId="4" StartOffset="11286"/>
</Header>
<LocList>
<Loc EndOffset="11357" SrcFileId="4" StartOffset="11286"/>
</LocList>
<StmntSeq Intrnl_Id="868">
<LocList>
<Loc EndOffset="11351" SrcFileId="4" StartOffset="11328"/>
</LocList>
<BasicStmnt CovItemId="S80" CovItemPrefix="cabra.Controller.java" Intrnl_Id="869">
<LocList>
<Loc EndOffset="11351" SrcFileId="4" StartOffset="11328"/>
</LocList>
</BasicStmnt>
</StmntSeq>
</HierarchyLvl>
<HierarchyLvl HierarchyLvlId="2195" HierarchyLvlTypeId="10" Intrnl_Id="870" Name="refreshNow">
<Header>
<Loc EndOffset="11467" SrcFileId="4" StartOffset="11443"/>
</Header>
<LocList>
<Loc EndOffset="11497" SrcFileId="4" StartOffset="11443"/>
</LocList>
<StmntSeq Intrnl_Id="871">
<LocList>
<Loc EndOffset="11491" SrcFileId="4" StartOffset="11477"/>
</LocList>
<BasicStmnt CovItemId="S81" CovItemPrefix="cabra.Controller.java" Intrnl_Id="872">
<LocList>
<Loc EndOffset="11491" SrcFileId="4" StartOffset="11477"/>
</LocList>
</BasicStmnt>
</StmntSeq>
</HierarchyLvl>
<HierarchyLvl HierarchyLvlId="2196" HierarchyLvlTypeId="10" Intrnl_Id="873" Name="refresh">
<Header>
<Loc EndOffset="11528" SrcFileId="4" StartOffset="11507"/>
</Header>
<LocList>
<Loc EndOffset="11910" SrcFileId="4" StartOffset="11507"/>
</LocList>
<StmntSeq Intrnl_Id="874">
<LocList>
<Loc EndOffset="11764" SrcFileId="4" StartOffset="11751"/>
</LocList>
<BasicStmnt CovItemId="S82" CovItemPrefix="cabra.Controller.java" Intrnl_Id="875">
<LocList>
<Loc EndOffset="11764" SrcFileId="4" StartOffset="11751"/>
</LocList>
</BasicStmnt>
</StmntSeq>
</HierarchyLvl>
<HierarchyLvl HierarchyLvlId="2199" HierarchyLvlTypeId="10" Intrnl_Id="876" Name="refreshHomePage">
<Header>
<Loc EndOffset="11949" SrcFileId="4" StartOffset="11920"/>
</Header>
<LocList>
<Loc EndOffset="12172" SrcFileId="4" StartOffset="11920"/>
</LocList>
<StmntSeq Intrnl_Id="877">
<LocList>
<Loc EndOffset="11972" SrcFileId="4" StartOffset="11959"/>
<Loc EndOffset="12082" SrcFileId="4" StartOffset="12081"/>
<Loc EndOffset="12166" SrcFileId="4" StartOffset="12144"/>
</LocList>
<BasicStmnt CovItemId="S83" CovItemPrefix="cabra.Controller.java" Intrnl_Id="878">
<LocList>
<Loc EndOffset="11972" SrcFileId="4" StartOffset="11959"/>
<Loc EndOffset="12082" SrcFileId="4" StartOffset="12081"/>
</LocList>
</BasicStmnt>
<BasicStmnt CovItemId="S85" CovItemPrefix="cabra.Controller.java" Intrnl_Id="879">
<LocList>
<Loc EndOffset="12166" SrcFileId="4" StartOffset="12144"/>
</LocList>
</BasicStmnt>
</StmntSeq>
<HierarchyLvl HierarchyLvlId="2198" HierarchyLvlTypeId="12" Intrnl_Id="880" Name="Runnable">
<Header>
<Loc EndOffset="11986" SrcFileId="4" StartOffset="11976"/>
</Header>
<LocList>
<Loc EndOffset="12081" SrcFileId="4" StartOffset="11972"/>
</LocList>
<HierarchyLvl HierarchyLvlId="2197" HierarchyLvlTypeId="10" Intrnl_Id="881" Name="run">
<Header>
<Loc EndOffset="12017" SrcFileId="4" StartOffset="12000"/>
</Header>
<LocList>
<Loc EndOffset="12071" SrcFileId="4" StartOffset="12000"/>
</LocList>
<StmntSeq Intrnl_Id="882">
<LocList>
<Loc EndOffset="12057" SrcFileId="4" StartOffset="12035"/>
</LocList>
<BasicStmnt CovItemId="S84" CovItemPrefix="cabra.Controller.java" Intrnl_Id="883">
<LocList>
<Loc EndOffset="12057" SrcFileId="4" StartOffset="12035"/>
</LocList>
</BasicStmnt>
</StmntSeq>
</HierarchyLvl>
</HierarchyLvl>
</HierarchyLvl>
<HierarchyLvl HierarchyLvlId="2200" HierarchyLvlTypeId="10" Intrnl_Id="884" Name="setActiveProject">
<Header>
<Loc EndOffset="12519" SrcFileId="4" StartOffset="12454"/>
</Header>
<LocList>
<Loc EndOffset="13588" SrcFileId="4" StartOffset="12454"/>
</LocList>
<StmntSeq Intrnl_Id="885">
<LocList>
<Loc EndOffset="12759" SrcFileId="4" StartOffset="12581"/>
<Loc EndOffset="13220" SrcFileId="4" StartOffset="12777"/>
<Loc EndOffset="13262" SrcFileId="4" StartOffset="13238"/>
<Loc EndOffset="13322" SrcFileId="4" StartOffset="13292"/>
<Loc EndOffset="13404" SrcFileId="4" StartOffset="13356"/>
<Loc EndOffset="13582" SrcFileId="4" StartOffset="13572"/>
</LocList>
<CondStmnt CovItemId="S86" CovItemPrefix="cabra.Controller.java" Intrnl_Id="886">
<Branch CovItemId="B29" CovItemPrefix="cabra.Controller.java" Implct="false" Intrnl_Id="887">
<Cond/>
<LocList>
<Loc EndOffset="12759" SrcFileId="4" StartOffset="12600"/>
</LocList>
<StmntSeq Intrnl_Id="888">
<LocList>
<Loc EndOffset="12729" SrcFileId="4" StartOffset="12689"/>
<Loc EndOffset="12749" SrcFileId="4" StartOffset="12742"/>
</LocList>
<BasicStmnt CovItemId="S87" CovItemPrefix="cabra.Controller.java" Intrnl_Id="889">
<LocList>
<Loc EndOffset="12729" SrcFileId="4" StartOffset="12689"/>
</LocList>
</BasicStmnt>
<BasicStmnt CovItemId="S88" CovItemPrefix="cabra.Controller.java" Intrnl_Id="890">
<LocList>
<Loc EndOffset="12749" SrcFileId="4" StartOffset="12742"/>
</LocList>
</BasicStmnt>
</StmntSeq>
</Branch>
<Branch CovItemId="B30" CovItemPrefix="cabra.Controller.java" Implct="true" Intrnl_Id="891">
<Cond/>
<LocList/>
<StmntSeq Intrnl_Id="892">
<LocList/>
</StmntSeq>
</Branch>
<Keyword EndOffset="12583" SrcFileId="4" StartOffset="12581"/>
<LocList>
<Loc EndOffset="12759" SrcFileId="4" StartOffset="12581"/>
</LocList>
<RootTerm CovItemId="C13" CovItemPrefix="cabra.Controller.java" Intrnl_Id="893">
<BasicBoolTerm Intrnl_Id="894">
<LocList>
<Loc EndOffset="12599" SrcFileId="4" StartOffset="12584"/>
</LocList>
</BasicBoolTerm>
</RootTerm>
</CondStmnt>
<CondStmnt CovItemId="S89" CovItemPrefix="cabra.Controller.java" Intrnl_Id="895">
<Branch CovItemId="B31" CovItemPrefix="cabra.Controller.java" Implct="false" Intrnl_Id="896">
<Cond/>
<LocList>
<Loc EndOffset="13220" SrcFileId="4" StartOffset="12791"/>
</LocList>
<StmntSeq Intrnl_Id="897">
<LocList>
<Loc EndOffset="13210" SrcFileId="4" StartOffset="12871"/>
</LocList>
<CondStmnt CovItemId="S90" CovItemPrefix="cabra.Controller.java" Intrnl_Id="898">
<Branch CovItemId="B33" CovItemPrefix="cabra.Controller.java" Implct="false" Intrnl_Id="899">
<Cond/>
<LocList>
<Loc EndOffset="13210" SrcFileId="4" StartOffset="12896"/>
</LocList>
<StmntSeq Intrnl_Id="900">
<LocList>
<Loc EndOffset="12958" SrcFileId="4" StartOffset="12939"/>
<Loc EndOffset="13196" SrcFileId="4" StartOffset="12914"/>
</LocList>
<BasicStmnt CovItemId="S92" CovItemPrefix="cabra.Controller.java" Intrnl_Id="901">
<LocList>
<Loc EndOffset="12958" SrcFileId="4" StartOffset="12939"/>
</LocList>
</BasicStmnt>
<CondStmnt CovItemId="S91" CovItemPrefix="cabra.Controller.java" Intrnl_Id="902">
<Branch CovItemId="B35" CovItemPrefix="cabra.Controller.java" Implct="true" Intrnl_Id="903">
<Cond/>
<LocList/>
<StmntSeq Intrnl_Id="904">
<LocList/>
</StmntSeq>
</Branch>
<Branch CovItemId="B36" CovItemPrefix="cabra.Controller.java" Implct="false" Intrnl_Id="905">
<Cond>
<Loc EndOffset="13058" SrcFileId="4" StartOffset="13029"/>
</Cond>
<LocList>
<Loc EndOffset="13196" SrcFileId="4" StartOffset="13058"/>
</LocList>
<StmntSeq Intrnl_Id="906">
<LocList>
<Loc EndOffset="13178" SrcFileId="4" StartOffset="13128"/>
</LocList>
<BasicStmnt CovItemId="S93" CovItemPrefix="cabra.Controller.java" Intrnl_Id="907">
<LocList>
<Loc EndOffset="13178" SrcFileId="4" StartOffset="13128"/>
</LocList>
</BasicStmnt>
</StmntSeq>
</Branch>
<Keyword EndOffset="12917" SrcFileId="4" StartOffset="12914"/>
<LocList>
<Loc EndOffset="13196" SrcFileId="4" StartOffset="12914"/>
</LocList>
</CondStmnt>
</StmntSeq>
</Branch>
<Branch CovItemId="B34" CovItemPrefix="cabra.Controller.java" Implct="true" Intrnl_Id="908">
<Cond/>
<LocList/>
<StmntSeq Intrnl_Id="909">
<LocList/>
</StmntSeq>
</Branch>
<Keyword EndOffset="12873" SrcFileId="4" StartOffset="12871"/>
<LocList>
<Loc EndOffset="13210" SrcFileId="4" StartOffset="12871"/>
</LocList>
<RootTerm CovItemId="C15" CovItemPrefix="cabra.Controller.java" Intrnl_Id="910">
<BasicBoolTerm Intrnl_Id="911">
<LocList>
<Loc EndOffset="12895" SrcFileId="4" StartOffset="12874"/>
</LocList>
</BasicBoolTerm>
</RootTerm>
</CondStmnt>
</StmntSeq>
</Branch>
<Branch CovItemId="B32" CovItemPrefix="cabra.Controller.java" Implct="true" Intrnl_Id="912">
<Cond/>
<LocList/>
<StmntSeq Intrnl_Id="913">
<LocList/>
</StmntSeq>
</Branch>
<Keyword EndOffset="12779" SrcFileId="4" StartOffset="12777"/>
<LocList>
<Loc EndOffset="13220" SrcFileId="4" StartOffset="12777"/>
</LocList>
<RootTerm CovItemId="C14" CovItemPrefix="cabra.Controller.java" Intrnl_Id="914">
<BasicBoolTerm Intrnl_Id="915">
<LocList>
<Loc EndOffset="12790" SrcFileId="4" StartOffset="12780"/>
</LocList>
</BasicBoolTerm>
</RootTerm>
</CondStmnt>
<BasicStmnt CovItemId="S94" CovItemPrefix="cabra.Controller.java" Intrnl_Id="916">
<LocList>
<Loc EndOffset="13262" SrcFileId="4" StartOffset="13238"/>
</LocList>
</BasicStmnt>
<BasicStmnt CovItemId="S95" CovItemPrefix="cabra.Controller.java" Intrnl_Id="917">
<LocList>
<Loc EndOffset="13322" SrcFileId="4" StartOffset="13292"/>
</LocList>
</BasicStmnt>
<BasicStmnt CovItemId="S96" CovItemPrefix="cabra.Controller.java" Intrnl_Id="918">
<LocList>
<Loc EndOffset="13404" SrcFileId="4" StartOffset="13356"/>
</LocList>
</BasicStmnt>
<BasicStmnt CovItemId="S97" CovItemPrefix="cabra.Controller.java" Intrnl_Id="919">
<LocList>
<Loc EndOffset="13582" SrcFileId="4" StartOffset="13572"/>
</LocList>
</BasicStmnt>
</StmntSeq>
</HierarchyLvl>
<HierarchyLvl HierarchyLvlId="2201" HierarchyLvlTypeId="10" Intrnl_Id="920" Name="setActiveProject">
<Header>
<Loc EndOffset="13941" SrcFileId="4" StartOffset="13873"/>
</Header>
<LocList>
<Loc EndOffset="14245" SrcFileId="4" StartOffset="13873"/>
</LocList>
<StmntSeq Intrnl_Id="921">
<LocList>
<Loc EndOffset="14010" SrcFileId="4" StartOffset="13987"/>
<Loc EndOffset="14191" SrcFileId="4" StartOffset="14019"/>
<Loc EndOffset="14239" SrcFileId="4" StartOffset="14201"/>
</LocList>
<BasicStmnt CovItemId="S98" CovItemPrefix="cabra.Controller.java" Intrnl_Id="922">
<LocList>
<Loc EndOffset="14010" SrcFileId="4" StartOffset="13987"/>
</LocList>
</BasicStmnt>
<LoopStmnt CovItemId="S99" CovItemPrefix="cabra.Controller.java" Intrnl_Id="923" MltplExecId="L2-2" MltplExecPrefix="cabra.Controller.java" NvrExecId="L2-0" NvrExecPrefix="cabra.Controller.java" OnceExecutedId="L2-1" OnceExecutedPrefix="cabra.Controller.java" OptBodyExec="true">
<StmntSeq Intrnl_Id="924">
<LocList>
<Loc EndOffset="14181" SrcFileId="4" StartOffset="14111"/>
</LocList>
<CondStmnt CovItemId="S100" CovItemPrefix="cabra.Controller.java" Intrnl_Id="925">
<Branch CovItemId="B37" CovItemPrefix="cabra.Controller.java" Implct="false" Intrnl_Id="926">
<Cond/>
<LocList>
<Loc EndOffset="14181" SrcFileId="4" StartOffset="14166"/>
</LocList>
<StmntSeq Intrnl_Id="927">
<LocList>
<Loc EndOffset="14181" SrcFileId="4" StartOffset="14166"/>
</LocList>
<BasicStmnt CovItemId="S101" CovItemPrefix="cabra.Controller.java" Intrnl_Id="928">
<LocList>
<Loc EndOffset="14181" SrcFileId="4" StartOffset="14166"/>
</LocList>
</BasicStmnt>
</StmntSeq>
</Branch>
<Branch CovItemId="B38" CovItemPrefix="cabra.Controller.java" Implct="true" Intrnl_Id="929">
<Cond/>
<LocList/>
<StmntSeq Intrnl_Id="930">
<LocList/>
</StmntSeq>
</Branch>
<Keyword EndOffset="14113" SrcFileId="4" StartOffset="14111"/>
<LocList>
<Loc EndOffset="14181" SrcFileId="4" StartOffset="14111"/>
</LocList>
<RootTerm CovItemId="C16" CovItemPrefix="cabra.Controller.java" Intrnl_Id="931">
<BasicBoolTerm Intrnl_Id="932">
<LocList>
<Loc EndOffset="14148" SrcFileId="4" StartOffset="14114"/>
</LocList>
</BasicBoolTerm>
</RootTerm>
</CondStmnt>
</StmntSeq>
<Keyword EndOffset="14022" SrcFileId="4" StartOffset="14019"/>
<LocList>
<Loc EndOffset="14191" SrcFileId="4" StartOffset="14019"/>
</LocList>
</LoopStmnt>
<BasicStmnt CovItemId="S102" CovItemPrefix="cabra.Controller.java" Intrnl_Id="933">
<LocList>
<Loc EndOffset="14239" SrcFileId="4" StartOffset="14201"/>
</LocList>
</BasicStmnt>
</StmntSeq>
</HierarchyLvl>
<HierarchyLvl HierarchyLvlId="2202" HierarchyLvlTypeId="10" Intrnl_Id="934" Name="setNoActiveProject">
<Header>
<Loc EndOffset="14346" SrcFileId="4" StartOffset="14314"/>
</Header>
<LocList>
<Loc EndOffset="14571" SrcFileId="4" StartOffset="14314"/>
</LocList>
<StmntSeq Intrnl_Id="935">
<LocList>
<Loc EndOffset="14388" SrcFileId="4" StartOffset="14356"/>
<Loc EndOffset="14418" SrcFileId="4" StartOffset="14397"/>
<Loc EndOffset="14460" SrcFileId="4" StartOffset="14427"/>
<Loc EndOffset="14565" SrcFileId="4" StartOffset="14555"/>
</LocList>
<BasicStmnt CovItemId="S103" CovItemPrefix="cabra.Controller.java" Intrnl_Id="936">
<LocList>
<Loc EndOffset="14388" SrcFileId="4" StartOffset="14356"/>
</LocList>
</BasicStmnt>
<BasicStmnt CovItemId="S104" CovItemPrefix="cabra.Controller.java" Intrnl_Id="937">
<LocList>
<Loc EndOffset="14418" SrcFileId="4" StartOffset="14397"/>
</LocList>
</BasicStmnt>
<BasicStmnt CovItemId="S105" CovItemPrefix="cabra.Controller.java" Intrnl_Id="938">
<LocList>
<Loc EndOffset="14460" SrcFileId="4" StartOffset="14427"/>
</LocList>
</BasicStmnt>
<BasicStmnt CovItemId="S106" CovItemPrefix="cabra.Controller.java" Intrnl_Id="939">
<LocList>
<Loc EndOffset="14565" SrcFileId="4" StartOffset="14555"/>
</LocList>
</BasicStmnt>
</StmntSeq>
</HierarchyLvl>
<HierarchyLvl HierarchyLvlId="2203" HierarchyLvlTypeId="10" Intrnl_Id="940" Name="addProject">
<Header>
<Loc EndOffset="14887" SrcFileId="4" StartOffset="14822"/>
</Header>
<LocList>
<Loc EndOffset="15321" SrcFileId="4" StartOffset="14822"/>
</LocList>
<StmntSeq Intrnl_Id="941">
<LocList>
<Loc EndOffset="14940" SrcFileId="4" StartOffset="14897"/>
<Loc EndOffset="15061" SrcFileId="4" StartOffset="14958"/>
<Loc EndOffset="15141" SrcFileId="4" StartOffset="15119"/>
<Loc EndOffset="15315" SrcFileId="4" StartOffset="15277"/>
</LocList>
<BasicStmnt CovItemId="S107" CovItemPrefix="cabra.Controller.java" Intrnl_Id="942">
<LocList>
<Loc EndOffset="14940" SrcFileId="4" StartOffset="14897"/>
</LocList>
</BasicStmnt>
<BasicStmnt CovItemId="S108" CovItemPrefix="cabra.Controller.java" Intrnl_Id="943">
<LocList>
<Loc EndOffset="15061" SrcFileId="4" StartOffset="14958"/>
</LocList>
</BasicStmnt>
<BasicStmnt CovItemId="S109" CovItemPrefix="cabra.Controller.java" Intrnl_Id="944">
<LocList>
<Loc EndOffset="15141" SrcFileId="4" StartOffset="15119"/>
</LocList>
</BasicStmnt>
<BasicStmnt CovItemId="S110" CovItemPrefix="cabra.Controller.java" Intrnl_Id="945">
<LocList>
<Loc EndOffset="15315" SrcFileId="4" StartOffset="15277"/>
</LocList>
</BasicStmnt>
</StmntSeq>
</HierarchyLvl>
<HierarchyLvl HierarchyLvlId="2204" HierarchyLvlTypeId="10" Intrnl_Id="946" Name="addProject">
<Header>
<Loc EndOffset="15394" SrcFileId="4" StartOffset="15331"/>
</Header>
<LocList>
<Loc EndOffset="15898" SrcFileId="4" StartOffset="15331"/>
</LocList>
<StmntSeq Intrnl_Id="947">
<LocList>
<Loc EndOffset="15426" SrcFileId="4" StartOffset="15404"/>
<Loc EndOffset="15459" SrcFileId="4" StartOffset="15435"/>
<Loc EndOffset="15653" SrcFileId="4" StartOffset="15633"/>
<Loc EndOffset="15779" SrcFileId="4" StartOffset="15741"/>
<Loc EndOffset="15852" SrcFileId="4" StartOffset="15825"/>
<Loc EndOffset="15885" SrcFileId="4" StartOffset="15870"/>
</LocList>
<BasicStmnt CovItemId="S111" CovItemPrefix="cabra.Controller.java" Intrnl_Id="948">
<LocList>
<Loc EndOffset="15426" SrcFileId="4" StartOffset="15404"/>
</LocList>
</BasicStmnt>
<BasicStmnt CovItemId="S112" CovItemPrefix="cabra.Controller.java" Intrnl_Id="949">
<LocList>
<Loc EndOffset="15459" SrcFileId="4" StartOffset="15435"/>
</LocList>
</BasicStmnt>
<BasicStmnt CovItemId="S113" CovItemPrefix="cabra.Controller.java" Intrnl_Id="950">
<LocList>
<Loc EndOffset="15653" SrcFileId="4" StartOffset="15633"/>
</LocList>
</BasicStmnt>
<BasicStmnt CovItemId="S114" CovItemPrefix="cabra.Controller.java" Intrnl_Id="951">
<LocList>
<Loc EndOffset="15779" SrcFileId="4" StartOffset="15741"/>
</LocList>
</BasicStmnt>
<BasicStmnt CovItemId="S115" CovItemPrefix="cabra.Controller.java" Intrnl_Id="952">
<LocList>
<Loc EndOffset="15852" SrcFileId="4" StartOffset="15825"/>
</LocList>
</BasicStmnt>
<BasicStmnt CovItemId="S116" CovItemPrefix="cabra.Controller.java" Intrnl_Id="953">
<LocList>
<Loc EndOffset="15885" SrcFileId="4" StartOffset="15870"/>
</LocList>
</BasicStmnt>
</StmntSeq>
</HierarchyLvl>
<HierarchyLvl HierarchyLvlId="2205" HierarchyLvlTypeId="10" Intrnl_Id="954" Name="renameProject">
<Header>
<Loc EndOffset="16121" SrcFileId="4" StartOffset="16063"/>
</Header>
<LocList>
<Loc EndOffset="16276" SrcFileId="4" StartOffset="16063"/>
</LocList>
<StmntSeq Intrnl_Id="955">
<LocList>
<Loc EndOffset="16156" SrcFileId="4" StartOffset="16131"/>
<Loc EndOffset="16270" SrcFileId="4" StartOffset="16243"/>
</LocList>
<BasicStmnt CovItemId="S117" CovItemPrefix="cabra.Controller.java" Intrnl_Id="956">
<LocList>
<Loc EndOffset="16156" SrcFileId="4" StartOffset="16131"/>
</LocList>
</BasicStmnt>
<BasicStmnt CovItemId="S118" CovItemPrefix="cabra.Controller.java" Intrnl_Id="957">
<LocList>
<Loc EndOffset="16270" SrcFileId="4" StartOffset="16243"/>
</LocList>
</BasicStmnt>
</StmntSeq>
</HierarchyLvl>
<HierarchyLvl HierarchyLvlId="2206" HierarchyLvlTypeId="10" Intrnl_Id="958" Name="createProjectFromExistingFile">
<Header>
<Loc EndOffset="16616" SrcFileId="4" StartOffset="16536"/>
</Header>
<LocList>
<Loc EndOffset="16872" SrcFileId="4" StartOffset="16536"/>
</LocList>
<StmntSeq Intrnl_Id="959">
<LocList>
<Loc EndOffset="16669" SrcFileId="4" StartOffset="16626"/>
<Loc EndOffset="16746" SrcFileId="4" StartOffset="16707"/>
<Loc EndOffset="16823" SrcFileId="4" StartOffset="16784"/>
<Loc EndOffset="16866" SrcFileId="4" StartOffset="16841"/>
</LocList>
<BasicStmnt CovItemId="S119" CovItemPrefix="cabra.Controller.java" Intrnl_Id="960">
<LocList>
<Loc EndOffset="16669" SrcFileId="4" StartOffset="16626"/>
</LocList>
</BasicStmnt>
<BasicStmnt CovItemId="S120" CovItemPrefix="cabra.Controller.java" Intrnl_Id="961">
<LocList>
<Loc EndOffset="16746" SrcFileId="4" StartOffset="16707"/>
</LocList>
</BasicStmnt>
<BasicStmnt CovItemId="S121" CovItemPrefix="cabra.Controller.java" Intrnl_Id="962">
<LocList>
<Loc EndOffset="16823" SrcFileId="4" StartOffset="16784"/>
</LocList>
</BasicStmnt>
<BasicStmnt CovItemId="S122" CovItemPrefix="cabra.Controller.java" Intrnl_Id="963">
<LocList>
<Loc EndOffset="16866" SrcFileId="4" StartOffset="16841"/>
</LocList>
</BasicStmnt>
</StmntSeq>
</HierarchyLvl>
<HierarchyLvl HierarchyLvlId="2207" HierarchyLvlTypeId="10" Intrnl_Id="964" Name="removeProject">
<Header>
<Loc EndOffset="16924" SrcFileId="4" StartOffset="16882"/>
</Header>
<LocList>
<Loc EndOffset="18510" SrcFileId="4" StartOffset="16882"/>
</LocList>
<StmntSeq Intrnl_Id="965">
<LocList>
<Loc EndOffset="17252" SrcFileId="4" StartOffset="17201"/>
<Loc EndOffset="17380" SrcFileId="4" StartOffset="17299"/>
<Loc EndOffset="17539" SrcFileId="4" StartOffset="17461"/>
<Loc EndOffset="17604" SrcFileId="4" StartOffset="17583"/>
<Loc EndOffset="18354" SrcFileId="4" StartOffset="17683"/>
<Loc EndOffset="18459" SrcFileId="4" StartOffset="18423"/>
</LocList>
<BasicStmnt CovItemId="S123" CovItemPrefix="cabra.Controller.java" Intrnl_Id="966">
<LocList>
<Loc EndOffset="17252" SrcFileId="4" StartOffset="17201"/>
</LocList>
</BasicStmnt>
<BasicStmnt CovItemId="S124" CovItemPrefix="cabra.Controller.java" Intrnl_Id="967">
<LocList>
<Loc EndOffset="17380" SrcFileId="4" StartOffset="17299"/>
</LocList>
</BasicStmnt>
<LoopStmnt CovItemId="S125" CovItemPrefix="cabra.Controller.java" Intrnl_Id="968" MltplExecId="L3-2" MltplExecPrefix="cabra.Controller.java" NvrExecId="L3-0" NvrExecPrefix="cabra.Controller.java" OnceExecutedId="L3-1" OnceExecutedPrefix="cabra.Controller.java" OptBodyExec="true">
<StmntSeq Intrnl_Id="969">
<LocList>
<Loc EndOffset="17529" SrcFileId="4" StartOffset="17515"/>
</LocList>
<BasicStmnt CovItemId="S126" CovItemPrefix="cabra.Controller.java" Intrnl_Id="970">
<LocList>
<Loc EndOffset="17529" SrcFileId="4" StartOffset="17515"/>
</LocList>
</BasicStmnt>
</StmntSeq>
<Keyword EndOffset="17464" SrcFileId="4" StartOffset="17461"/>
<LocList>
<Loc EndOffset="17539" SrcFileId="4" StartOffset="17461"/>
</LocList>
</LoopStmnt>
<BasicStmnt CovItemId="S127" CovItemPrefix="cabra.Controller.java" Intrnl_Id="971">
<LocList>
<Loc EndOffset="17604" SrcFileId="4" StartOffset="17583"/>
</LocList>
</BasicStmnt>
<CondStmnt CovItemId="S128" CovItemPrefix="cabra.Controller.java" Intrnl_Id="972">
<Branch CovItemId="B39" CovItemPrefix="cabra.Controller.java" Implct="false" Intrnl_Id="973">
<Cond/>
<LocList>
<Loc EndOffset="18354" SrcFileId="4" StartOffset="17716"/>
</LocList>
<StmntSeq Intrnl_Id="974">
<LocList>
<Loc EndOffset="18344" SrcFileId="4" StartOffset="17776"/>
</LocList>
<CondStmnt CovItemId="S129" CovItemPrefix="cabra.Controller.java" Intrnl_Id="975">
<Branch CovItemId="B41" CovItemPrefix="cabra.Controller.java" Implct="false" Intrnl_Id="976">
<Cond/>
<LocList>
<Loc EndOffset="17963" SrcFileId="4" StartOffset="17800"/>
</LocList>
<StmntSeq Intrnl_Id="977">
<LocList>
<Loc EndOffset="17905" SrcFileId="4" StartOffset="17884"/>
</LocList>
<BasicStmnt CovItemId="S130" CovItemPrefix="cabra.Controller.java" Intrnl_Id="978">
<LocList>
<Loc EndOffset="17905" SrcFileId="4" StartOffset="17884"/>
</LocList>
</BasicStmnt>
</StmntSeq>
</Branch>
<Branch CovItemId="B42" CovItemPrefix="cabra.Controller.java" Implct="false" Intrnl_Id="979">
<Cond>
<Loc EndOffset="17980" SrcFileId="4" StartOffset="17976"/>
</Cond>
<LocList>
<Loc EndOffset="18344" SrcFileId="4" StartOffset="17980"/>
</LocList>
<StmntSeq Intrnl_Id="980">
<LocList>
<Loc EndOffset="18285" SrcFileId="4" StartOffset="18045"/>
<Loc EndOffset="18316" SrcFileId="4" StartOffset="18306"/>
</LocList>
<CondStmnt CovItemId="S131" CovItemPrefix="cabra.Controller.java" Intrnl_Id="981">
<Branch CovItemId="B43" CovItemPrefix="cabra.Controller.java" Implct="false" Intrnl_Id="982">
<Cond/>
<LocList>
<Loc EndOffset="18151" SrcFileId="4" StartOffset="18072"/>
</LocList>
<StmntSeq Intrnl_Id="983">
<LocList>
<Loc EndOffset="18133" SrcFileId="4" StartOffset="18094"/>
</LocList>
<BasicStmnt CovItemId="S132" CovItemPrefix="cabra.Controller.java" Intrnl_Id="984">
<LocList>
<Loc EndOffset="18133" SrcFileId="4" StartOffset="18094"/>
</LocList>
</BasicStmnt>
</StmntSeq>
</Branch>
<Branch CovItemId="B44" CovItemPrefix="cabra.Controller.java" Implct="false" Intrnl_Id="985">
<Cond>
<Loc EndOffset="18172" SrcFileId="4" StartOffset="18168"/>
</Cond>
<LocList>
<Loc EndOffset="18285" SrcFileId="4" StartOffset="18172"/>
</LocList>
<StmntSeq Intrnl_Id="986">
<LocList>
<Loc EndOffset="18252" SrcFileId="4" StartOffset="18194"/>
</LocList>
<BasicStmnt CovItemId="S133" CovItemPrefix="cabra.Controller.java" Intrnl_Id="987">
<LocList>
<Loc EndOffset="18252" SrcFileId="4" StartOffset="18194"/>
</LocList>
</BasicStmnt>
</StmntSeq>
</Branch>
<Keyword EndOffset="18047" SrcFileId="4" StartOffset="18045"/>
<LocList>
<Loc EndOffset="18285" SrcFileId="4" StartOffset="18045"/>
</LocList>
<RootTerm CovItemId="C19" CovItemPrefix="cabra.Controller.java" Intrnl_Id="988">
<BasicBoolTerm Intrnl_Id="989">
<LocList>
<Loc EndOffset="18071" SrcFileId="4" StartOffset="18048"/>
</LocList>
</BasicBoolTerm>
</RootTerm>
</CondStmnt>
<BasicStmnt CovItemId="S134" CovItemPrefix="cabra.Controller.java" Intrnl_Id="990">
<LocList>
<Loc EndOffset="18316" SrcFileId="4" StartOffset="18306"/>
</LocList>
</BasicStmnt>
</StmntSeq>
</Branch>
<Keyword EndOffset="17778" SrcFileId="4" StartOffset="17776"/>
<LocList>
<Loc EndOffset="18344" SrcFileId="4" StartOffset="17776"/>
</LocList>
<RootTerm CovItemId="C18" CovItemPrefix="cabra.Controller.java" Intrnl_Id="991">
<BasicBoolTerm Intrnl_Id="992">
<LocList>
<Loc EndOffset="17799" SrcFileId="4" StartOffset="17779"/>
</LocList>
</BasicBoolTerm>
</RootTerm>
</CondStmnt>
</StmntSeq>
</Branch>
<Branch CovItemId="B40" CovItemPrefix="cabra.Controller.java" Implct="true" Intrnl_Id="993">
<Cond/>
<LocList/>
<StmntSeq Intrnl_Id="994">
<LocList/>
</StmntSeq>
</Branch>
<Keyword EndOffset="17685" SrcFileId="4" StartOffset="17683"/>
<LocList>
<Loc EndOffset="18354" SrcFileId="4" StartOffset="17683"/>
</LocList>
<RootTerm CovItemId="C17" CovItemPrefix="cabra.Controller.java" Intrnl_Id="995">
<BasicBoolTerm Intrnl_Id="996">
<LocList>
<Loc EndOffset="17715" SrcFileId="4" StartOffset="17686"/>
</LocList>
</BasicBoolTerm>
</RootTerm>
</CondStmnt>
<BasicStmnt CovItemId="S135" CovItemPrefix="cabra.Controller.java" Intrnl_Id="997">
<LocList>
<Loc EndOffset="18459" SrcFileId="4" StartOffset="18423"/>
</LocList>
</BasicStmnt>
</StmntSeq>
</HierarchyLvl>
<HierarchyLvl HierarchyLvlId="2208" HierarchyLvlTypeId="10" Intrnl_Id="998" Name="addCardToActiveProject">
<Header>
<Loc EndOffset="18565" SrcFileId="4" StartOffset="18520"/>
</Header>
<LocList>
<Loc EndOffset="19006" SrcFileId="4" StartOffset="18520"/>
</LocList>
<StmntSeq Intrnl_Id="999">
<LocList>
<Loc EndOffset="18945" SrcFileId="4" StartOffset="18643"/>
</LocList>
<CondStmnt CovItemId="S136" CovItemPrefix="cabra.Controller.java" Intrnl_Id="1000">
<Branch CovItemId="B45" CovItemPrefix="cabra.Controller.java" Implct="false" Intrnl_Id="1001">
<Cond/>
<LocList>
<Loc EndOffset="18945" SrcFileId="4" StartOffset="18668"/>
</LocList>
<StmntSeq Intrnl_Id="1002">
<LocList>
<Loc EndOffset="18710" SrcFileId="4" StartOffset="18682"/>
<Loc EndOffset="18795" SrcFileId="4" StartOffset="18762"/>
<Loc EndOffset="18892" SrcFileId="4" StartOffset="18808"/>
<Loc EndOffset="18935" SrcFileId="4" StartOffset="18925"/>
</LocList>
<BasicStmnt CovItemId="S137" CovItemPrefix="cabra.Controller.java" Intrnl_Id="1003">
<LocList>
<Loc EndOffset="18710" SrcFileId="4" StartOffset="18682"/>
</LocList>
</BasicStmnt>
<BasicStmnt CovItemId="S138" CovItemPrefix="cabra.Controller.java" Intrnl_Id="1004">
<LocList>
<Loc EndOffset="18795" SrcFileId="4" StartOffset="18762"/>
</LocList>
</BasicStmnt>
<CondStmnt CovItemId="S139" CovItemPrefix="cabra.Controller.java" Intrnl_Id="1005">
<Branch CovItemId="B47" CovItemPrefix="cabra.Controller.java" Implct="false" Intrnl_Id="1006">
<Cond/>
<LocList>
<Loc EndOffset="18892" SrcFileId="4" StartOffset="18829"/>
</LocList>
<StmntSeq Intrnl_Id="1007">
<LocList>
<Loc EndOffset="18878" SrcFileId="4" StartOffset="18847"/>
</LocList>
<BasicStmnt CovItemId="S140" CovItemPrefix="cabra.Controller.java" Intrnl_Id="1008">
<LocList>
<Loc EndOffset="18878" SrcFileId="4" StartOffset="18847"/>
</LocList>
</BasicStmnt>
</StmntSeq>
</Branch>
<Branch CovItemId="B48" CovItemPrefix="cabra.Controller.java" Implct="true" Intrnl_Id="1009">
<Cond/>
<LocList/>
<StmntSeq Intrnl_Id="1010">
<LocList/>
</StmntSeq>
</Branch>
<Keyword EndOffset="18810" SrcFileId="4" StartOffset="18808"/>
<LocList>
<Loc EndOffset="18892" SrcFileId="4" StartOffset="18808"/>
</LocList>
<RootTerm CovItemId="C21" CovItemPrefix="cabra.Controller.java" Intrnl_Id="1011">
<BasicBoolTerm Intrnl_Id="1012">
<LocList>
<Loc EndOffset="18828" SrcFileId="4" StartOffset="18811"/>
</LocList>
</BasicBoolTerm>
</RootTerm>
</CondStmnt>
<BasicStmnt CovItemId="S141" CovItemPrefix="cabra.Controller.java" Intrnl_Id="1013">
<LocList>
<Loc EndOffset="18935" SrcFileId="4" StartOffset="18925"/>
</LocList>
</BasicStmnt>
</StmntSeq>
</Branch>
<Branch CovItemId="B46" CovItemPrefix="cabra.Controller.java" Implct="true" Intrnl_Id="1014">
<Cond/>
<LocList/>
<StmntSeq Intrnl_Id="1015">
<LocList/>
</StmntSeq>
</Branch>
<Keyword EndOffset="18645" SrcFileId="4" StartOffset="18643"/>
<LocList>
<Loc EndOffset="18945" SrcFileId="4" StartOffset="18643"/>
</LocList>
<RootTerm CovItemId="C20" CovItemPrefix="cabra.Controller.java" Intrnl_Id="1016">
<BasicBoolTerm Intrnl_Id="1017">
<LocList>
<Loc EndOffset="18667" SrcFileId="4" StartOffset="18646"/>
</LocList>
</BasicBoolTerm>
</RootTerm>
</CondStmnt>
</StmntSeq>
</HierarchyLvl>
</HierarchyLvl>
<HierarchyLvl HierarchyLvlId="2236" HierarchyLvlTypeId="9" Intrnl_Id="1018" Name="Card">
<Header>
<Loc EndOffset="219" SrcFileId="5" StartOffset="187"/>
</Header>
<LocList>
<Loc EndOffset="8094" SrcFileId="5" StartOffset="187"/>
</LocList>
<StmntSeq Intrnl_Id="1019">
<LocList>
<Loc EndOffset="559" SrcFileId="5" StartOffset="508"/>
<Loc EndOffset="655" SrcFileId="5" StartOffset="611"/>
<Loc EndOffset="732" SrcFileId="5" StartOffset="679"/>
<Loc EndOffset="842" SrcFileId="5" StartOffset="800"/>
</LocList>
<BasicStmnt CovItemId="S1" CovItemPrefix="cabra.Card.java" Intrnl_Id="1020">
<LocList>
<Loc EndOffset="559" SrcFileId="5" StartOffset="508"/>
</LocList>
</BasicStmnt>
<BasicStmnt CovItemId="S2" CovItemPrefix="cabra.Card.java" Intrnl_Id="1021">
<LocList>
<Loc EndOffset="655" SrcFileId="5" StartOffset="611"/>
</LocList>
</BasicStmnt>
<BasicStmnt CovItemId="S3" CovItemPrefix="cabra.Card.java" Intrnl_Id="1022">
<LocList>
<Loc EndOffset="732" SrcFileId="5" StartOffset="679"/>
</LocList>
</BasicStmnt>
<BasicStmnt CovItemId="S4" CovItemPrefix="cabra.Card.java" Intrnl_Id="1023">
<LocList>
<Loc EndOffset="842" SrcFileId="5" StartOffset="800"/>
</LocList>
</BasicStmnt>
</StmntSeq>
<HierarchyLvl HierarchyLvlId="2210" HierarchyLvlTypeId="10" Intrnl_Id="1024" Name="Card">
<Header>
<Loc EndOffset="1079" SrcFileId="5" StartOffset="983"/>
</Header>
<LocList>
<Loc EndOffset="1276" SrcFileId="5" StartOffset="983"/>
</LocList>
<StmntSeq Intrnl_Id="1025">
<LocList>
<Loc EndOffset="1107" SrcFileId="5" StartOffset="1089"/>
<Loc EndOffset="1149" SrcFileId="5" StartOffset="1116"/>
<Loc EndOffset="1196" SrcFileId="5" StartOffset="1167"/>
<Loc EndOffset="1230" SrcFileId="5" StartOffset="1205"/>
<Loc EndOffset="1270" SrcFileId="5" StartOffset="1239"/>
</LocList>
<BasicStmnt CovItemId="S5" CovItemPrefix="cabra.Card.java" Intrnl_Id="1026">
<LocList>
<Loc EndOffset="1107" SrcFileId="5" StartOffset="1089"/>
</LocList>
</BasicStmnt>
<BasicStmnt CovItemId="S6" CovItemPrefix="cabra.Card.java" Intrnl_Id="1027">
<LocList>
<Loc EndOffset="1149" SrcFileId="5" StartOffset="1116"/>
</LocList>
</BasicStmnt>
<BasicStmnt CovItemId="S7" CovItemPrefix="cabra.Card.java" Intrnl_Id="1028">
<LocList>
<Loc EndOffset="1196" SrcFileId="5" StartOffset="1167"/>
</LocList>
</BasicStmnt>
<BasicStmnt CovItemId="S8" CovItemPrefix="cabra.Card.java" Intrnl_Id="1029">
<LocList>
<Loc EndOffset="1230" SrcFileId="5" StartOffset="1205"/>
</LocList>
</BasicStmnt>
<BasicStmnt CovItemId="S9" CovItemPrefix="cabra.Card.java" Intrnl_Id="1030">
<LocList>
<Loc EndOffset="1270" SrcFileId="5" StartOffset="1239"/>
</LocList>
</BasicStmnt>
</StmntSeq>
</HierarchyLvl>
<HierarchyLvl HierarchyLvlId="2211" HierarchyLvlTypeId="10" Intrnl_Id="1031" Name="Card">
<Header>
<Loc EndOffset="1363" SrcFileId="5" StartOffset="1288"/>
</Header>
<LocList>
<Loc EndOffset="1437" SrcFileId="5" StartOffset="1288"/>
</LocList>
<StmntSeq Intrnl_Id="1032">
<LocList>
<Loc EndOffset="1431" SrcFileId="5" StartOffset="1373"/>
</LocList>
<BasicStmnt CovItemId="S10" CovItemPrefix="cabra.Card.java" Intrnl_Id="1033">
<LocList>
<Loc EndOffset="1431" SrcFileId="5" StartOffset="1373"/>
</LocList>
</BasicStmnt>
</StmntSeq>
</HierarchyLvl>
<HierarchyLvl HierarchyLvlId="2212" HierarchyLvlTypeId="10" Intrnl_Id="1034" Name="Card">
<Header>
<Loc EndOffset="1508" SrcFileId="5" StartOffset="1447"/>
</Header>
<LocList>
<Loc EndOffset="1580" SrcFileId="5" StartOffset="1447"/>
</LocList>
<StmntSeq Intrnl_Id="1035">
<LocList>
<Loc EndOffset="1574" SrcFileId="5" StartOffset="1518"/>
</LocList>
<BasicStmnt CovItemId="S11" CovItemPrefix="cabra.Card.java" Intrnl_Id="1036">
<LocList>
<Loc EndOffset="1574" SrcFileId="5" StartOffset="1518"/>
</LocList>
</BasicStmnt>
</StmntSeq>
</HierarchyLvl>
<HierarchyLvl HierarchyLvlId="2213" HierarchyLvlTypeId="10" Intrnl_Id="1037" Name="Card">
<Header>
<Loc EndOffset="1632" SrcFileId="5" StartOffset="1590"/>
</Header>
<LocList>
<Loc EndOffset="1688" SrcFileId="5" StartOffset="1590"/>
</LocList>
<StmntSeq Intrnl_Id="1038">
<LocList>
<Loc EndOffset="1682" SrcFileId="5" StartOffset="1642"/>
</LocList>
<BasicStmnt CovItemId="S12" CovItemPrefix="cabra.Card.java" Intrnl_Id="1039">
<LocList>
<Loc EndOffset="1682" SrcFileId="5" StartOffset="1642"/>
</LocList>
</BasicStmnt>
</StmntSeq>
</HierarchyLvl>
<HierarchyLvl HierarchyLvlId="2214" HierarchyLvlTypeId="10" Intrnl_Id="1040" Name="trimPictureFile">
<Header>
<Loc EndOffset="1732" SrcFileId="5" StartOffset="1703"/>
</Header>
<LocList>
<Loc EndOffset="1926" SrcFileId="5" StartOffset="1703"/>
</LocList>
<StmntSeq Intrnl_Id="1041">
<LocList>
<Loc EndOffset="1866" SrcFileId="5" StartOffset="1829"/>
<Loc EndOffset="1912" SrcFileId="5" StartOffset="1875"/>
</LocList>
<BasicStmnt CovItemId="S13" CovItemPrefix="cabra.Card.java" Intrnl_Id="1042">
<LocList>
<Loc EndOffset="1866" SrcFileId="5" StartOffset="1829"/>
</LocList>
</BasicStmnt>
<BasicStmnt CovItemId="S14" CovItemPrefix="cabra.Card.java" Intrnl_Id="1043">
<LocList>
<Loc EndOffset="1912" SrcFileId="5" StartOffset="1875"/>
</LocList>
</BasicStmnt>
</StmntSeq>
</HierarchyLvl>
<HierarchyLvl HierarchyLvlId="2215" HierarchyLvlTypeId="10" Intrnl_Id="1044" Name="hasPicture">
<Header>
<Loc EndOffset="2077" SrcFileId="5" StartOffset="2050"/>
</Header>
<LocList>
<Loc EndOffset="2139" SrcFileId="5" StartOffset="2050"/>
</LocList>
<StmntSeq Intrnl_Id="1045">
<LocList>
<Loc EndOffset="2133" SrcFileId="5" StartOffset="2087"/>
</LocList>
<BasicStmnt CovItemId="S15" CovItemPrefix="cabra.Card.java" Intrnl_Id="1046">
<LocList>
<Loc EndOffset="2133" SrcFileId="5" StartOffset="2087"/>
</LocList>
</BasicStmnt>
</StmntSeq>
</HierarchyLvl>
<HierarchyLvl HierarchyLvlId="2216" HierarchyLvlTypeId="10" Intrnl_Id="1047" Name="setStatus">
<Header>
<Loc EndOffset="2210" SrcFileId="5" StartOffset="2174"/>
</Header>
<LocList>
<Loc EndOffset="2427" SrcFileId="5" StartOffset="2174"/>
</LocList>
<StmntSeq Intrnl_Id="1048">
<LocList>
<Loc EndOffset="2311" SrcFileId="5" StartOffset="2290"/>
<Loc EndOffset="2357" SrcFileId="5" StartOffset="2320"/>
</LocList>
<BasicStmnt CovItemId="S16" CovItemPrefix="cabra.Card.java" Intrnl_Id="1049">
<LocList>
<Loc EndOffset="2311" SrcFileId="5" StartOffset="2290"/>
</LocList>
</BasicStmnt>
<BasicStmnt CovItemId="S17" CovItemPrefix="cabra.Card.java" Intrnl_Id="1050">
<LocList>
<Loc EndOffset="2357" SrcFileId="5" StartOffset="2320"/>
</LocList>
</BasicStmnt>
</StmntSeq>
</HierarchyLvl>
<HierarchyLvl HierarchyLvlId="2217" HierarchyLvlTypeId="10" Intrnl_Id="1051" Name="getStatus">
<Header>
<Loc EndOffset="2462" SrcFileId="5" StartOffset="2437"/>
</Header>
<LocList>
<Loc EndOffset="2497" SrcFileId="5" StartOffset="2437"/>
</LocList>
<StmntSeq Intrnl_Id="1052">
<LocList>
<Loc EndOffset="2491" SrcFileId="5" StartOffset="2472"/>
</LocList>
<BasicStmnt CovItemId="S18" CovItemPrefix="cabra.Card.java" Intrnl_Id="1053">
<LocList>
<Loc EndOffset="2491" SrcFileId="5" StartOffset="2472"/>
</LocList>
</BasicStmnt>
</StmntSeq>
</HierarchyLvl>
<HierarchyLvl HierarchyLvlId="2218" HierarchyLvlTypeId="10" Intrnl_Id="1054" Name="sessionsLeft">
<Header>
<Loc EndOffset="2532" SrcFileId="5" StartOffset="2507"/>
</Header>
<LocList>
<Loc EndOffset="2568" SrcFileId="5" StartOffset="2507"/>
</LocList>
<StmntSeq Intrnl_Id="1055">
<LocList>
<Loc EndOffset="2562" SrcFileId="5" StartOffset="2542"/>
</LocList>
<BasicStmnt CovItemId="S19" CovItemPrefix="cabra.Card.java" Intrnl_Id="1056">
<LocList>
<Loc EndOffset="2562" SrcFileId="5" StartOffset="2542"/>
</LocList>
</BasicStmnt>
</StmntSeq>
</HierarchyLvl>
<HierarchyLvl HierarchyLvlId="2219" HierarchyLvlTypeId="10" Intrnl_Id="1057" Name="isDueForStudying">
<Header>
<Loc EndOffset="2611" SrcFileId="5" StartOffset="2578"/>
</Header>
<LocList>
<Loc EndOffset="2652" SrcFileId="5" StartOffset="2578"/>
</LocList>
<StmntSeq Intrnl_Id="1058">
<LocList>
<Loc EndOffset="2646" SrcFileId="5" StartOffset="2621"/>
</LocList>
<BasicStmnt CovItemId="S20" CovItemPrefix="cabra.Card.java" Intrnl_Id="1059">
<LocList>
<Loc EndOffset="2646" SrcFileId="5" StartOffset="2621"/>
</LocList>
</BasicStmnt>
</StmntSeq>
</HierarchyLvl>
<HierarchyLvl HierarchyLvlId="2220" HierarchyLvlTypeId="10" Intrnl_Id="1060" Name="study">
<Header>
<Loc EndOffset="2825" SrcFileId="5" StartOffset="2782"/>
</Header>
<LocList>
<Loc EndOffset="3293" SrcFileId="5" StartOffset="2782"/>
</LocList>
<StmntSeq Intrnl_Id="1061">
<LocList>
<Loc EndOffset="3287" SrcFileId="5" StartOffset="2835"/>
</LocList>
<CondStmnt CovItemId="S21" CovItemPrefix="cabra.Card.java" Intrnl_Id="1062">
<Branch CovItemId="B1" CovItemPrefix="cabra.Card.java" Implct="false" Intrnl_Id="1063">
<Cond>
<Loc EndOffset="2871" SrcFileId="5" StartOffset="2863"/>
</Cond>
<LocList>
<Loc EndOffset="2972" SrcFileId="5" StartOffset="2920"/>
</LocList>
<StmntSeq Intrnl_Id="1064">
<LocList>
<Loc EndOffset="2949" SrcFileId="5" StartOffset="2920"/>
<Loc EndOffset="2972" SrcFileId="5" StartOffset="2966"/>
</LocList>
<BasicStmnt CovItemId="S22" CovItemPrefix="cabra.Card.java" Intrnl_Id="1065">
<LocList>
<Loc EndOffset="2949" SrcFileId="5" StartOffset="2920"/>
</LocList>
</BasicStmnt>
<BasicStmnt CovItemId="S23" CovItemPrefix="cabra.Card.java" Intrnl_Id="1066">
<LocList>
<Loc EndOffset="2972" SrcFileId="5" StartOffset="2966"/>
</LocList>
</BasicStmnt>
</StmntSeq>
</Branch>
<Branch CovItemId="B2" CovItemPrefix="cabra.Card.java" Implct="false" Intrnl_Id="1067">
<Cond>
<Loc EndOffset="2992" SrcFileId="5" StartOffset="2985"/>
</Cond>
<LocList>
<Loc EndOffset="3094" SrcFileId="5" StartOffset="3051"/>
</LocList>
<StmntSeq Intrnl_Id="1068">
<LocList>
<Loc EndOffset="3071" SrcFileId="5" StartOffset="3051"/>
<Loc EndOffset="3094" SrcFileId="5" StartOffset="3088"/>
</LocList>
<BasicStmnt CovItemId="S24" CovItemPrefix="cabra.Card.java" Intrnl_Id="1069">
<LocList>
<Loc EndOffset="3071" SrcFileId="5" StartOffset="3051"/>
</LocList>
</BasicStmnt>
<BasicStmnt CovItemId="S25" CovItemPrefix="cabra.Card.java" Intrnl_Id="1070">
<LocList>
<Loc EndOffset="3094" SrcFileId="5" StartOffset="3088"/>
</LocList>
</BasicStmnt>
</StmntSeq>
</Branch>
<Branch CovItemId="B3" CovItemPrefix="cabra.Card.java" Implct="false" Intrnl_Id="1071">
<Cond>
<Loc EndOffset="3119" SrcFileId="5" StartOffset="3107"/>
</Cond>
<LocList>
<Loc EndOffset="3228" SrcFileId="5" StartOffset="3172"/>
</LocList>
<StmntSeq Intrnl_Id="1072">
<LocList>
<Loc EndOffset="3205" SrcFileId="5" StartOffset="3172"/>
<Loc EndOffset="3228" SrcFileId="5" StartOffset="3222"/>
</LocList>
<BasicStmnt CovItemId="S26" CovItemPrefix="cabra.Card.java" Intrnl_Id="1073">
<LocList>
<Loc EndOffset="3205" SrcFileId="5" StartOffset="3172"/>
</LocList>
</BasicStmnt>
<BasicStmnt CovItemId="S27" CovItemPrefix="cabra.Card.java" Intrnl_Id="1074">
<LocList>
<Loc EndOffset="3228" SrcFileId="5" StartOffset="3222"/>
</LocList>
</BasicStmnt>
</StmntSeq>
</Branch>
<Branch CovItemId="B4" CovItemPrefix="cabra.Card.java" Implct="false" Intrnl_Id="1075">
<Cond>
<Loc EndOffset="3253" SrcFileId="5" StartOffset="3241"/>
</Cond>
<LocList>
<Loc EndOffset="3277" SrcFileId="5" StartOffset="3271"/>
</LocList>
<StmntSeq Intrnl_Id="1076">
<LocList>
<Loc EndOffset="3277" SrcFileId="5" StartOffset="3271"/>
</LocList>
<BasicStmnt CovItemId="S28" CovItemPrefix="cabra.Card.java" Intrnl_Id="1077">
<LocList>
<Loc EndOffset="3277" SrcFileId="5" StartOffset="3271"/>
</LocList>
</BasicStmnt>
</StmntSeq>
</Branch>
<Branch CovItemId="B5" CovItemPrefix="cabra.Card.java" Implct="true" Intrnl_Id="1078">
<Cond/>
<LocList/>
<StmntSeq Intrnl_Id="1079">
<LocList/>
</StmntSeq>
</Branch>
<Keyword EndOffset="2841" SrcFileId="5" StartOffset="2835"/>
<LocList>
<Loc EndOffset="3287" SrcFileId="5" StartOffset="2835"/>
</LocList>
</CondStmnt>
</StmntSeq>
</HierarchyLvl>
<HierarchyLvl HierarchyLvlId="2221" HierarchyLvlTypeId="10" Intrnl_Id="1080" Name="skip">
<Header>
<Loc EndOffset="3380" SrcFileId="5" StartOffset="3362"/>
</Header>
<LocList>
<Loc EndOffset="3444" SrcFileId="5" StartOffset="3362"/>
</LocList>
<StmntSeq Intrnl_Id="1081">
<LocList>
<Loc EndOffset="3438" SrcFileId="5" StartOffset="3390"/>
</LocList>
<CondStmnt CovItemId="S29" CovItemPrefix="cabra.Card.java" Intrnl_Id="1082">
<Branch CovItemId="B6" CovItemPrefix="cabra.Card.java" Implct="false" Intrnl_Id="1083">
<Cond/>
<LocList>
<Loc EndOffset="3438" SrcFileId="5" StartOffset="3423"/>
</LocList>
<StmntSeq Intrnl_Id="1084">
<LocList>
<Loc EndOffset="3438" SrcFileId="5" StartOffset="3423"/>
</LocList>
<BasicStmnt CovItemId="S30" CovItemPrefix="cabra.Card.java" Intrnl_Id="1085">
<LocList>
<Loc EndOffset="3438" SrcFileId="5" StartOffset="3423"/>
</LocList>
</BasicStmnt>
</StmntSeq>
</Branch>
<Branch CovItemId="B7" CovItemPrefix="cabra.Card.java" Implct="true" Intrnl_Id="1086">
<Cond/>
<LocList/>
<StmntSeq Intrnl_Id="1087">
<LocList/>
</StmntSeq>
</Branch>
<Keyword EndOffset="3392" SrcFileId="5" StartOffset="3390"/>
<LocList>
<Loc EndOffset="3438" SrcFileId="5" StartOffset="3390"/>
</LocList>
<RootTerm CovItemId="C1" CovItemPrefix="cabra.Card.java" Intrnl_Id="1088">
<BasicBoolTerm Intrnl_Id="1089">
<LocList>
<Loc EndOffset="3409" SrcFileId="5" StartOffset="3393"/>
</LocList>
</BasicBoolTerm>
</RootTerm>
</CondStmnt>
</StmntSeq>
</HierarchyLvl>
<HierarchyLvl HierarchyLvlId="2222" HierarchyLvlTypeId="10" Intrnl_Id="1090" Name="getQuestion">
<Header>
<Loc EndOffset="3477" SrcFileId="5" StartOffset="3450"/>
</Header>
<LocList>
<Loc EndOffset="3613" SrcFileId="5" StartOffset="3450"/>
</LocList>
<StmntSeq Intrnl_Id="1091">
<LocList>
<Loc EndOffset="3560" SrcFileId="5" StartOffset="3514"/>
<Loc EndOffset="3607" SrcFileId="5" StartOffset="3595"/>
</LocList>
<BasicStmnt CovItemId="S31" CovItemPrefix="cabra.Card.java" Intrnl_Id="1092">
<LocList>
<Loc EndOffset="3560" SrcFileId="5" StartOffset="3514"/>
</LocList>
</BasicStmnt>
<BasicStmnt CovItemId="S32" CovItemPrefix="cabra.Card.java" Intrnl_Id="1093">
<LocList>
<Loc EndOffset="3607" SrcFileId="5" StartOffset="3595"/>
</LocList>
</BasicStmnt>
</StmntSeq>
</HierarchyLvl>
<HierarchyLvl HierarchyLvlId="2223" HierarchyLvlTypeId="10" Intrnl_Id="1094" Name="getAnswer">
<Header>
<Loc EndOffset="3643" SrcFileId="5" StartOffset="3618"/>
</Header>
<LocList>
<Loc EndOffset="3756" SrcFileId="5" StartOffset="3618"/>
</LocList>
<StmntSeq Intrnl_Id="1095">
<LocList>
<Loc EndOffset="3690" SrcFileId="5" StartOffset="3653"/>
</LocList>
<BasicStmnt CovItemId="S33" CovItemPrefix="cabra.Card.java" Intrnl_Id="1096">
<LocList>
<Loc EndOffset="3690" SrcFileId="5" StartOffset="3653"/>
</LocList>
</BasicStmnt>
</StmntSeq>
</HierarchyLvl>
<HierarchyLvl HierarchyLvlId="2224" HierarchyLvlTypeId="10" Intrnl_Id="1097" Name="setQuestion">
<Header>
<Loc EndOffset="3802" SrcFileId="5" StartOffset="3766"/>
</Header>
<LocList>
<Loc EndOffset="3898" SrcFileId="5" StartOffset="3766"/>
</LocList>
<StmntSeq Intrnl_Id="1098">
<LocList>
<Loc EndOffset="3892" SrcFileId="5" StartOffset="3812"/>
</LocList>
<CondStmnt CovItemId="S34" CovItemPrefix="cabra.Card.java" Intrnl_Id="1099">
<Branch CovItemId="B8" CovItemPrefix="cabra.Card.java" Implct="false" Intrnl_Id="1100">
<Cond/>
<LocList>
<Loc EndOffset="3892" SrcFileId="5" StartOffset="3867"/>
</LocList>
<StmntSeq Intrnl_Id="1101">
<LocList>
<Loc EndOffset="3892" SrcFileId="5" StartOffset="3867"/>
</LocList>
<BasicStmnt CovItemId="S35" CovItemPrefix="cabra.Card.java" Intrnl_Id="1102">
<LocList>
<Loc EndOffset="3892" SrcFileId="5" StartOffset="3867"/>
</LocList>
</BasicStmnt>
</StmntSeq>
</Branch>
<Branch CovItemId="B9" CovItemPrefix="cabra.Card.java" Implct="true" Intrnl_Id="1103">
<Cond/>
<LocList/>
<StmntSeq Intrnl_Id="1104">
<LocList/>
</StmntSeq>
</Branch>
<Keyword EndOffset="3814" SrcFileId="5" StartOffset="3812"/>
<LocList>
<Loc EndOffset="3892" SrcFileId="5" StartOffset="3812"/>
</LocList>
<RootTerm CovItemId="C2" CovItemPrefix="cabra.Card.java" Intrnl_Id="1105">
<OpTerm BooleanOpId="7" Intrnl_Id="1106">
<BasicBoolTerm Intrnl_Id="1107">
<LocList>
<Loc EndOffset="3827" SrcFileId="5" StartOffset="3815"/>
</LocList>
</BasicBoolTerm>
<BasicBoolTerm Intrnl_Id="1108">
<LocList>
<Loc EndOffset="3853" SrcFileId="5" StartOffset="3831"/>
</LocList>
</BasicBoolTerm>
<LocList>
<Loc EndOffset="3830" SrcFileId="5" StartOffset="3828"/>
</LocList>
</OpTerm>
</RootTerm>
</CondStmnt>
</StmntSeq>
</HierarchyLvl>
<HierarchyLvl HierarchyLvlId="2225" HierarchyLvlTypeId="10" Intrnl_Id="1109" Name="setAnswer">
<Header>
<Loc EndOffset="3942" SrcFileId="5" StartOffset="3908"/>
</Header>
<LocList>
<Loc EndOffset="4037" SrcFileId="5" StartOffset="3908"/>
</LocList>
<StmntSeq Intrnl_Id="1110">
<LocList>
<Loc EndOffset="4030" SrcFileId="5" StartOffset="3952"/>
</LocList>
<CondStmnt CovItemId="S36" CovItemPrefix="cabra.Card.java" Intrnl_Id="1111">
<Branch CovItemId="B10" CovItemPrefix="cabra.Card.java" Implct="false" Intrnl_Id="1112">
<Cond/>
<LocList>
<Loc EndOffset="4030" SrcFileId="5" StartOffset="4007"/>
</LocList>
<StmntSeq Intrnl_Id="1113">
<LocList>
<Loc EndOffset="4030" SrcFileId="5" StartOffset="4007"/>
</LocList>
<BasicStmnt CovItemId="S37" CovItemPrefix="cabra.Card.java" Intrnl_Id="1114">
<LocList>
<Loc EndOffset="4030" SrcFileId="5" StartOffset="4007"/>
</LocList>
</BasicStmnt>
</StmntSeq>
</Branch>
<Branch CovItemId="B11" CovItemPrefix="cabra.Card.java" Implct="true" Intrnl_Id="1115">
<Cond/>
<LocList/>
<StmntSeq Intrnl_Id="1116">
<LocList/>
</StmntSeq>
</Branch>
<Keyword EndOffset="3954" SrcFileId="5" StartOffset="3952"/>
<LocList>
<Loc EndOffset="4030" SrcFileId="5" StartOffset="3952"/>
</LocList>
<RootTerm CovItemId="C3" CovItemPrefix="cabra.Card.java" Intrnl_Id="1117">
<OpTerm BooleanOpId="7" Intrnl_Id="1118">
<BasicBoolTerm Intrnl_Id="1119">
<LocList>
<Loc EndOffset="3967" SrcFileId="5" StartOffset="3955"/>
</LocList>
</BasicBoolTerm>
<BasicBoolTerm Intrnl_Id="1120">
<LocList>
<Loc EndOffset="3993" SrcFileId="5" StartOffset="3971"/>
</LocList>
</BasicBoolTerm>
<LocList>
<Loc EndOffset="3970" SrcFileId="5" StartOffset="3968"/>
</LocList>
</OpTerm>
</RootTerm>
</CondStmnt>
</StmntSeq>
</HierarchyLvl>
<HierarchyLvl HierarchyLvlId="2226" HierarchyLvlTypeId="10" Intrnl_Id="1121" Name="getPictureName">
<Header>
<Loc EndOffset="4077" SrcFileId="5" StartOffset="4047"/>
</Header>
<LocList>
<Loc EndOffset="4112" SrcFileId="5" StartOffset="4047"/>
</LocList>
<StmntSeq Intrnl_Id="1122">
<LocList>
<Loc EndOffset="4106" SrcFileId="5" StartOffset="4087"/>
</LocList>
<BasicStmnt CovItemId="S38" CovItemPrefix="cabra.Card.java" Intrnl_Id="1123">
<LocList>
<Loc EndOffset="4106" SrcFileId="5" StartOffset="4087"/>
</LocList>
</BasicStmnt>
</StmntSeq>
</HierarchyLvl>
<HierarchyLvl HierarchyLvlId="2227" HierarchyLvlTypeId="10" Intrnl_Id="1124" Name="getPictureFile">
<Header>
<Loc EndOffset="4150" SrcFileId="5" StartOffset="4122"/>
</Header>
<LocList>
<Loc EndOffset="4195" SrcFileId="5" StartOffset="4122"/>
</LocList>
<StmntSeq Intrnl_Id="1125">
<LocList>
<Loc EndOffset="4189" SrcFileId="5" StartOffset="4160"/>
</LocList>
<BasicStmnt CovItemId="S39" CovItemPrefix="cabra.Card.java" Intrnl_Id="1126">
<LocList>
<Loc EndOffset="4189" SrcFileId="5" StartOffset="4160"/>
</LocList>
</BasicStmnt>
</StmntSeq>
</HierarchyLvl>
<HierarchyLvl HierarchyLvlId="2228" HierarchyLvlTypeId="10" Intrnl_Id="1127" Name="setPictureName">
<Header>
<Loc EndOffset="4379" SrcFileId="5" StartOffset="4340"/>
</Header>
<LocList>
<Loc EndOffset="4418" SrcFileId="5" StartOffset="4340"/>
</LocList>
<StmntSeq Intrnl_Id="1128">
<LocList>
<Loc EndOffset="4412" SrcFileId="5" StartOffset="4388"/>
</LocList>
<BasicStmnt CovItemId="S40" CovItemPrefix="cabra.Card.java" Intrnl_Id="1129">
<LocList>
<Loc EndOffset="4412" SrcFileId="5" StartOffset="4388"/>
</LocList>
</BasicStmnt>
</StmntSeq>
</HierarchyLvl>
<HierarchyLvl HierarchyLvlId="2229" HierarchyLvlTypeId="10" Intrnl_Id="1130" Name="removePicture">
<Header>
<Loc EndOffset="4515" SrcFileId="5" StartOffset="4488"/>
</Header>
<LocList>
<Loc EndOffset="4570" SrcFileId="5" StartOffset="4488"/>
</LocList>
<StmntSeq Intrnl_Id="1131">
<LocList>
<Loc EndOffset="4564" SrcFileId="5" StartOffset="4525"/>
</LocList>
<BasicStmnt CovItemId="S41" CovItemPrefix="cabra.Card.java" Intrnl_Id="1132">
<LocList>
<Loc EndOffset="4564" SrcFileId="5" StartOffset="4525"/>
</LocList>
</BasicStmnt>
</StmntSeq>
</HierarchyLvl>
<HierarchyLvl HierarchyLvlId="2230" HierarchyLvlTypeId="10" Intrnl_Id="1133" Name="bringBackNewlines">
<Header>
<Loc EndOffset="4805" SrcFileId="5" StartOffset="4752"/>
</Header>
<LocList>
<Loc EndOffset="5006" SrcFileId="5" StartOffset="4752"/>
</LocList>
<StmntSeq Intrnl_Id="1134">
<LocList>
<Loc EndOffset="4978" SrcFileId="5" StartOffset="4908"/>
<Loc EndOffset="5000" SrcFileId="5" StartOffset="4987"/>
</LocList>
<BasicStmnt CovItemId="S42" CovItemPrefix="cabra.Card.java" Intrnl_Id="1135">
<LocList>
<Loc EndOffset="4978" SrcFileId="5" StartOffset="4908"/>
</LocList>
</BasicStmnt>
<BasicStmnt CovItemId="S43" CovItemPrefix="cabra.Card.java" Intrnl_Id="1136">
<LocList>
<Loc EndOffset="5000" SrcFileId="5" StartOffset="4987"/>
</LocList>
</BasicStmnt>
</StmntSeq>
</HierarchyLvl>
<HierarchyLvl HierarchyLvlId="2231" HierarchyLvlTypeId="10" Intrnl_Id="1137" Name="replaceNewlines">
<Header>
<Loc EndOffset="5245" SrcFileId="5" StartOffset="5194"/>
</Header>
<LocList>
<Loc EndOffset="5510" SrcFileId="5" StartOffset="5194"/>
</LocList>
<StmntSeq Intrnl_Id="1138">
<LocList>
<Loc EndOffset="5477" SrcFileId="5" StartOffset="5413"/>
<Loc EndOffset="5504" SrcFileId="5" StartOffset="5490"/>
</LocList>
<BasicStmnt CovItemId="S44" CovItemPrefix="cabra.Card.java" Intrnl_Id="1139">
<LocList>
<Loc EndOffset="5477" SrcFileId="5" StartOffset="5413"/>
</LocList>
</BasicStmnt>
<BasicStmnt CovItemId="S45" CovItemPrefix="cabra.Card.java" Intrnl_Id="1140">
<LocList>
<Loc EndOffset="5504" SrcFileId="5" StartOffset="5490"/>
</LocList>
</BasicStmnt>
</StmntSeq>
</HierarchyLvl>
<HierarchyLvl HierarchyLvlId="2232" HierarchyLvlTypeId="10" Intrnl_Id="1141" Name="createCardBasedOnText">
<Header>
<Loc EndOffset="5713" SrcFileId="5" StartOffset="5660"/>
</Header>
<LocList>
<Loc EndOffset="6548" SrcFileId="5" StartOffset="5660"/>
</LocList>
<StmntSeq Intrnl_Id="1142">
<LocList>
<Loc EndOffset="5831" SrcFileId="5" StartOffset="5787"/>
<Loc EndOffset="6067" SrcFileId="5" StartOffset="6015"/>
<Loc EndOffset="6328" SrcFileId="5" StartOffset="6081"/>
<Loc EndOffset="6366" SrcFileId="5" StartOffset="6354"/>
<Loc EndOffset="6542" SrcFileId="5" StartOffset="5723"/>
</LocList>
<BasicStmnt CovItemId="S47" CovItemPrefix="cabra.Card.java" Intrnl_Id="1143">
<LocList>
<Loc EndOffset="5831" SrcFileId="5" StartOffset="5787"/>
</LocList>
</BasicStmnt>
<BasicStmnt CovItemId="S48" CovItemPrefix="cabra.Card.java" Intrnl_Id="1144">
<LocList>
<Loc EndOffset="6067" SrcFileId="5" StartOffset="6015"/>
</LocList>
</BasicStmnt>
<BasicStmnt CovItemId="S49" CovItemPrefix="cabra.Card.java" Intrnl_Id="1145">
<LocList>
<Loc EndOffset="6328" SrcFileId="5" StartOffset="6081"/>
</LocList>
</BasicStmnt>
<BasicStmnt CovItemId="S50" CovItemPrefix="cabra.Card.java" Intrnl_Id="1146">
<LocList>
<Loc EndOffset="6366" SrcFileId="5" StartOffset="6354"/>
</LocList>
</BasicStmnt>
<CondStmnt CovItemId="S46" CovItemPrefix="cabra.Card.java" Intrnl_Id="1147">
<Branch CovItemId="B12" CovItemPrefix="cabra.Card.java" Implct="true" Intrnl_Id="1148">
<Cond/>
<LocList/>
<StmntSeq Intrnl_Id="1149">
<LocList/>
</StmntSeq>
</Branch>
<Branch CovItemId="B13" CovItemPrefix="cabra.Card.java" Implct="false" Intrnl_Id="1150">
<Cond>
<Loc EndOffset="6403" SrcFileId="5" StartOffset="6385"/>
</Cond>
<LocList>
<Loc EndOffset="6542" SrcFileId="5" StartOffset="6403"/>
</LocList>
<StmntSeq Intrnl_Id="1151">
<LocList>
<Loc EndOffset="6507" SrcFileId="5" StartOffset="6456"/>
<Loc EndOffset="6532" SrcFileId="5" StartOffset="6520"/>
</LocList>
<BasicStmnt CovItemId="S51" CovItemPrefix="cabra.Card.java" Intrnl_Id="1152">
<LocList>
<Loc EndOffset="6507" SrcFileId="5" StartOffset="6456"/>
</LocList>
</BasicStmnt>
<BasicStmnt CovItemId="S52" CovItemPrefix="cabra.Card.java" Intrnl_Id="1153">
<LocList>
<Loc EndOffset="6532" SrcFileId="5" StartOffset="6520"/>
</LocList>
</BasicStmnt>
</StmntSeq>
</Branch>
<Keyword EndOffset="5726" SrcFileId="5" StartOffset="5723"/>
<LocList>
<Loc EndOffset="6542" SrcFileId="5" StartOffset="5723"/>
</LocList>
</CondStmnt>
</StmntSeq>
</HierarchyLvl>
<HierarchyLvl HierarchyLvlId="2233" HierarchyLvlTypeId="10" Intrnl_Id="1154" Name="toString">
<Header>
<Loc EndOffset="6596" SrcFileId="5" StartOffset="6558"/>
</Header>
<LocList>
<Loc EndOffset="7027" SrcFileId="5" StartOffset="6558"/>
</LocList>
<StmntSeq Intrnl_Id="1155">
<LocList>
<Loc EndOffset="6848" SrcFileId="5" StartOffset="6648"/>
<Loc EndOffset="6947" SrcFileId="5" StartOffset="6918"/>
<Loc EndOffset="7021" SrcFileId="5" StartOffset="7009"/>
</LocList>
<BasicStmnt CovItemId="S53" CovItemPrefix="cabra.Card.java" Intrnl_Id="1156">
<LocList>
<Loc EndOffset="6848" SrcFileId="5" StartOffset="6648"/>
</LocList>
</BasicStmnt>
<BasicStmnt CovItemId="S54" CovItemPrefix="cabra.Card.java" Intrnl_Id="1157">
<LocList>
<Loc EndOffset="6947" SrcFileId="5" StartOffset="6918"/>
</LocList>
</BasicStmnt>
<BasicStmnt CovItemId="S55" CovItemPrefix="cabra.Card.java" Intrnl_Id="1158">
<LocList>
<Loc EndOffset="7021" SrcFileId="5" StartOffset="7009"/>
</LocList>
</BasicStmnt>
</StmntSeq>
</HierarchyLvl>
<HierarchyLvl HierarchyLvlId="2234" HierarchyLvlTypeId="10" Intrnl_Id="1159" Name="equals">
<Header>
<Loc EndOffset="7094" SrcFileId="5" StartOffset="7037"/>
</Header>
<LocList>
<Loc EndOffset="7654" SrcFileId="5" StartOffset="7037"/>
</LocList>
<StmntSeq Intrnl_Id="1160">
<LocList>
<Loc EndOffset="7143" SrcFileId="5" StartOffset="7112"/>
<Loc EndOffset="7207" SrcFileId="5" StartOffset="7160"/>
<Loc EndOffset="7282" SrcFileId="5" StartOffset="7258"/>
<Loc EndOffset="7333" SrcFileId="5" StartOffset="7303"/>
<Loc EndOffset="7579" SrcFileId="5" StartOffset="7354"/>
</LocList>
<CondStmnt CovItemId="S56" CovItemPrefix="cabra.Card.java" Intrnl_Id="1161">
<Branch CovItemId="B14" CovItemPrefix="cabra.Card.java" Implct="false" Intrnl_Id="1162">
<Cond/>
<LocList>
<Loc EndOffset="7143" SrcFileId="5" StartOffset="7130"/>
</LocList>
<StmntSeq Intrnl_Id="1163">
<LocList>
<Loc EndOffset="7143" SrcFileId="5" StartOffset="7130"/>
</LocList>
<BasicStmnt CovItemId="S57" CovItemPrefix="cabra.Card.java" Intrnl_Id="1164">
<LocList>
<Loc EndOffset="7143" SrcFileId="5" StartOffset="7130"/>
</LocList>
</BasicStmnt>
</StmntSeq>
</Branch>
<Branch CovItemId="B15" CovItemPrefix="cabra.Card.java" Implct="true" Intrnl_Id="1165">
<Cond/>
<LocList/>
<StmntSeq Intrnl_Id="1166">
<LocList/>
</StmntSeq>
</Branch>
<Keyword EndOffset="7114" SrcFileId="5" StartOffset="7112"/>
<LocList>
<Loc EndOffset="7143" SrcFileId="5" StartOffset="7112"/>
</LocList>
<RootTerm CovItemId="C4" CovItemPrefix="cabra.Card.java" Intrnl_Id="1167">
<BasicBoolTerm Intrnl_Id="1168">
<LocList>
<Loc EndOffset="7128" SrcFileId="5" StartOffset="7115"/>
</LocList>
</BasicBoolTerm>
</RootTerm>
</CondStmnt>
<CondStmnt CovItemId="S58" CovItemPrefix="cabra.Card.java" Intrnl_Id="1169">
<Branch CovItemId="B16" CovItemPrefix="cabra.Card.java" Implct="false" Intrnl_Id="1170">
<Cond/>
<LocList>
<Loc EndOffset="7207" SrcFileId="5" StartOffset="7194"/>
</LocList>
<StmntSeq Intrnl_Id="1171">
<LocList>
<Loc EndOffset="7207" SrcFileId="5" StartOffset="7194"/>
</LocList>
<BasicStmnt CovItemId="S59" CovItemPrefix="cabra.Card.java" Intrnl_Id="1172">
<LocList>
<Loc EndOffset="7207" SrcFileId="5" StartOffset="7194"/>
</LocList>
</BasicStmnt>
</StmntSeq>
</Branch>
<Branch CovItemId="B17" CovItemPrefix="cabra.Card.java" Implct="true" Intrnl_Id="1173">
<Cond/>
<LocList/>
<StmntSeq Intrnl_Id="1174">
<LocList/>
</StmntSeq>
</Branch>
<Keyword EndOffset="7162" SrcFileId="5" StartOffset="7160"/>
<LocList>
<Loc EndOffset="7207" SrcFileId="5" StartOffset="7160"/>
</LocList>
<RootTerm CovItemId="C5" CovItemPrefix="cabra.Card.java" Intrnl_Id="1175">
<BasicBoolTerm Intrnl_Id="1176">
<LocList>
<Loc EndOffset="7193" SrcFileId="5" StartOffset="7163"/>
</LocList>
</BasicBoolTerm>
</RootTerm>
</CondStmnt>
<BasicStmnt CovItemId="S60" CovItemPrefix="cabra.Card.java" Intrnl_Id="1177">
<LocList>
<Loc EndOffset="7282" SrcFileId="5" StartOffset="7258"/>
</LocList>
</BasicStmnt>
<CondStmnt CovItemId="S61" CovItemPrefix="cabra.Card.java" Intrnl_Id="1178">
<Branch CovItemId="B18" CovItemPrefix="cabra.Card.java" Implct="false" Intrnl_Id="1179">
<Cond/>
<LocList>
<Loc EndOffset="7333" SrcFileId="5" StartOffset="7320"/>
</LocList>
<StmntSeq Intrnl_Id="1180">
<LocList>
<Loc EndOffset="7333" SrcFileId="5" StartOffset="7320"/>
</LocList>
<BasicStmnt CovItemId="S62" CovItemPrefix="cabra.Card.java" Intrnl_Id="1181">
<LocList>
<Loc EndOffset="7333" SrcFileId="5" StartOffset="7320"/>
</LocList>
</BasicStmnt>
</StmntSeq>
</Branch>
<Branch CovItemId="B19" CovItemPrefix="cabra.Card.java" Implct="true" Intrnl_Id="1182">
<Cond/>
<LocList/>
<StmntSeq Intrnl_Id="1183">
<LocList/>
</StmntSeq>
</Branch>
<Keyword EndOffset="7305" SrcFileId="5" StartOffset="7303"/>
<LocList>
<Loc EndOffset="7333" SrcFileId="5" StartOffset="7303"/>
</LocList>
<RootTerm CovItemId="C6" CovItemPrefix="cabra.Card.java" Intrnl_Id="1184">
<BasicBoolTerm Intrnl_Id="1185">
<LocList>
<Loc EndOffset="7318" SrcFileId="5" StartOffset="7306"/>
</LocList>
</BasicBoolTerm>
</RootTerm>
</CondStmnt>
<BasicStmnt CovItemId="S63" CovItemPrefix="cabra.Card.java" Intrnl_Id="1186">
<LocList>
<Loc EndOffset="7579" SrcFileId="5" StartOffset="7354"/>
</LocList>
</BasicStmnt>
</StmntSeq>
</HierarchyLvl>
<HierarchyLvl HierarchyLvlId="2235" HierarchyLvlTypeId="10" Intrnl_Id="1187" Name="hashCode">
<Header>
<Loc EndOffset="7695" SrcFileId="5" StartOffset="7660"/>
</Header>
<LocList>
<Loc EndOffset="8092" SrcFileId="5" StartOffset="7660"/>
</LocList>
<StmntSeq Intrnl_Id="1188">
<LocList>
<Loc EndOffset="7719" SrcFileId="5" StartOffset="7706"/>
<Loc EndOffset="7810" SrcFileId="5" StartOffset="7728"/>
<Loc EndOffset="7897" SrcFileId="5" StartOffset="7819"/>
<Loc EndOffset="7986" SrcFileId="5" StartOffset="7906"/>
<Loc EndOffset="8065" SrcFileId="5" StartOffset="7995"/>
<Loc EndOffset="8086" SrcFileId="5" StartOffset="8074"/>
</LocList>
<BasicStmnt CovItemId="S64" CovItemPrefix="cabra.Card.java" Intrnl_Id="1189">
<LocList>
<Loc EndOffset="7719" SrcFileId="5" StartOffset="7706"/>
</LocList>
</BasicStmnt>
<BasicStmnt CovItemId="S65" CovItemPrefix="cabra.Card.java" Intrnl_Id="1190">
<LocList>
<Loc EndOffset="7810" SrcFileId="5" StartOffset="7728"/>
</LocList>
<QMO CovItemId="Q0" CovItemPrefix="cabra.Card.java" Intrnl_Id="1191">
<LocList>
<Loc EndOffset="7773" SrcFileId="5" StartOffset="7748"/>
</LocList>
<QMO_E CovItemId="Q0-0" CovItemPrefix="cabra.Card.java" Intrnl_Id="1192">
<LocList>
<Loc EndOffset="7804" SrcFileId="5" StartOffset="7776"/>
</LocList>
</QMO_E>
<QMO_E CovItemId="Q0-1" CovItemPrefix="cabra.Card.java" Intrnl_Id="1193">
<LocList>
<Loc EndOffset="7808" SrcFileId="5" StartOffset="7807"/>
</LocList>
</QMO_E>
</QMO>
</BasicStmnt>
<BasicStmnt CovItemId="S66" CovItemPrefix="cabra.Card.java" Intrnl_Id="1194">
<LocList>
<Loc EndOffset="7897" SrcFileId="5" StartOffset="7819"/>
</LocList>
<QMO CovItemId="Q1" CovItemPrefix="cabra.Card.java" Intrnl_Id="1195">
<LocList>
<Loc EndOffset="7862" SrcFileId="5" StartOffset="7839"/>
</LocList>
<QMO_E CovItemId="Q1-0" CovItemPrefix="cabra.Card.java" Intrnl_Id="1196">
<LocList>
<Loc EndOffset="7891" SrcFileId="5" StartOffset="7865"/>
</LocList>
</QMO_E>
<QMO_E CovItemId="Q1-1" CovItemPrefix="cabra.Card.java" Intrnl_Id="1197">
<LocList>
<Loc EndOffset="7895" SrcFileId="5" StartOffset="7894"/>
</LocList>
</QMO_E>
</QMO>
</BasicStmnt>
<BasicStmnt CovItemId="S67" CovItemPrefix="cabra.Card.java" Intrnl_Id="1198">
<LocList>
<Loc EndOffset="7986" SrcFileId="5" StartOffset="7906"/>
</LocList>
<QMO CovItemId="Q2" CovItemPrefix="cabra.Card.java" Intrnl_Id="1199">
<LocList>
<Loc EndOffset="7950" SrcFileId="5" StartOffset="7926"/>
</LocList>
<QMO_E CovItemId="Q2-0" CovItemPrefix="cabra.Card.java" Intrnl_Id="1200">
<LocList>
<Loc EndOffset="7980" SrcFileId="5" StartOffset="7953"/>
</LocList>
</QMO_E>
<QMO_E CovItemId="Q2-1" CovItemPrefix="cabra.Card.java" Intrnl_Id="1201">
<LocList>
<Loc EndOffset="7984" SrcFileId="5" StartOffset="7983"/>
</LocList>
</QMO_E>
</QMO>
</BasicStmnt>
<BasicStmnt CovItemId="S68" CovItemPrefix="cabra.Card.java" Intrnl_Id="1202">
<LocList>
<Loc EndOffset="8065" SrcFileId="5" StartOffset="7995"/>
</LocList>
<QMO CovItemId="Q3" CovItemPrefix="cabra.Card.java" Intrnl_Id="1203">
<LocList>
<Loc EndOffset="8034" SrcFileId="5" StartOffset="8015"/>
</LocList>
<QMO_E CovItemId="Q3-0" CovItemPrefix="cabra.Card.java" Intrnl_Id="1204">
<LocList>
<Loc EndOffset="8059" SrcFileId="5" StartOffset="8037"/>
</LocList>
</QMO_E>
<QMO_E CovItemId="Q3-1" CovItemPrefix="cabra.Card.java" Intrnl_Id="1205">
<LocList>
<Loc EndOffset="8063" SrcFileId="5" StartOffset="8062"/>
</LocList>
</QMO_E>
</QMO>
</BasicStmnt>
<BasicStmnt CovItemId="S69" CovItemPrefix="cabra.Card.java" Intrnl_Id="1206">
<LocList>
<Loc EndOffset="8086" SrcFileId="5" StartOffset="8074"/>
</LocList>
</BasicStmnt>
</StmntSeq>
</HierarchyLvl>
</HierarchyLvl>
</HierarchyLvl>
</HierarchyLvl>
</MASTRoot>
</TestSessionContainer>
