<?xml version="1.0" encoding="UTF-8"?><TestSessionContainer xmlns="http://www.codecover.org/xml/testsession-container" Date="1394306233628" TestSessionContainerId="056e8c19-820d-4774-8c97-dc052e53d77b" version="1.0">
<SrcFileList>
<SrcFile Content="package cabra.tests.WhiteBoxTests;&#10;&#10;import static org.junit.Assert.*;&#10;&#10;import org.junit.Test;&#10;&#10;import cabra.Utils;&#10;&#10;public class Utils_whitebox_test {&#10;&#9;/*&#10;&#9;@Test&#10;&#9;public void test() {&#10;&#9;&#9;fail(&quot;Not yet implemented&quot;);&#10;&#9;}&#10;&#9;*/&#10;&#9;@Test&#10;&#9;public void average_empty_test() {&#10;&#9;&#9;int[] empty_arr;&#10;&#9;&#9;empty_arr = new int[0];&#10;&#9;&#9;int actual = Utils.average(empty_arr);&#10;&#9;&#9;int expected = 0;&#10;&#9;&#9;assertEquals(&quot;Passing an empty array to Utils.arraySum returned an unexpected result\n&quot;,expected, actual);&#10;&#9;}&#10;&#10;&#9;//shouldn't work&#10;&#9;@Test&#10;&#9;public void toPercent_exception_test() {&#10;&#9;&#9;int numerator = 90;&#10;&#9;&#9;int denominator = 0;&#10;&#9;&#9;String actual = Utils.toPercent(numerator, denominator);&#10;&#9;&#9;String expected = &quot;86%&quot;;&#10;&#9;&#9;assertEquals(&quot;Utils.arraySum returned an unexpected result\n&quot;,expected, actual);&#10;&#9;}&#9;&#10;}&#10;" Filename="Utils_whitebox_test.java" Intrnl_Id="1"/>
<SrcFile Content="package cabra.tests;&#10;&#10;import static org.junit.Assert.*;&#10;&#10;import java.io.File;&#10;import java.math.BigInteger;&#10;&#10;import org.junit.Test;&#10;&#10;import cabra.*;&#10;&#10;public class Utils_Test {&#10;/*&#10;&#9;@Test&#10;&#9;public void test() {&#10;&#9;&#9;fail(&quot;Not yet implemented&quot;);&#10;&#9;}&#10;*/&#9;&#10;&#9;&#10;&#9;/*------------Utils.arraySum test------------*/&#10;&#9;@Test&#10;&#9;public void arraySum_empty_test() {&#10;&#9;&#9;int[] empty_arr;&#10;&#9;&#9;empty_arr = new int[0];&#10;&#9;&#9;int actual = Utils.arraySum(empty_arr);&#10;&#9;&#9;int expected = 0;&#10;&#9;&#9;assertEquals(&quot;Passing an empty array to Utils.arraySum returned an unexpected result\n&quot;,expected, actual);&#10;&#9;}&#10;&#9;&#10;&#9;@Test&#10;&#9;public void arraySum_positive_test() {&#10;&#9;&#9;int[] num = {1,2,3,4,5};&#10;&#9;&#9;int actual = Utils.arraySum(num);&#10;&#9;&#9;int expected = 15;&#10;&#9;&#9;assertEquals(&quot;Utils.arraySum returned an unexpected result\n&quot;,expected, actual);&#10;&#9;}&#10;&#9;&#10;&#9;@Test&#10;&#9;public void arraySum_zeros_test() {&#10;&#9;&#9;int[] num = {0,0,0,0,0};&#10;&#9;&#9;int actual = Utils.arraySum(num);&#10;&#9;&#9;int expected = 0;&#10;&#9;&#9;assertEquals(&quot;Utils.arraySum returned an unexpected result\n&quot;,expected, actual);&#10;&#9;}&#10;&#9;&#10;&#9;@Test&#10;&#9;public void arraySum_positive_negativenums_test() {&#10;&#9;&#9;int[] num = {-1,-2,-3,-4,-5};&#10;&#9;&#9;int actual = Utils.arraySum(num);&#10;&#9;&#9;int expected = -15;&#10;&#9;&#9;assertEquals(&quot;Utils.arraySum returned an unexpected result\n&quot;,expected, actual);&#10;&#9;}&#10;&#9;&#10;&#9;@Test&#10;&#9;public void arraySum_positive_mixednums_test() {&#10;&#9;&#9;int[] num = {-1,2,-3,4,-5};&#10;&#9;&#9;int actual = Utils.arraySum(num);&#10;&#9;&#9;int expected = -3;&#10;&#9;&#9;assertEquals(&quot;Utils.arraySum returned an unexpected result\n&quot;,expected, actual);&#10;&#9;}&#10;&#10;&#9;/*------------Utils.averageSum test------------*/&#10;&#9;@Test&#10;&#9;public void average_positive_positivenums_test() {&#10;&#9;&#9;int[] num = {1,2,3,4,5};&#10;&#9;&#9;int actual = Utils.average(num);&#10;&#9;&#9;int expected = 3;&#10;&#9;&#9;assertEquals(&quot;Utils.arraySum returned an unexpected result\n&quot;,expected, actual);&#10;&#9;}&#10;&#9;&#10;&#9;@Test&#10;&#9;public void average_positive_negativenums_test() {&#10;&#9;&#9;int[] num = {-1,-2,-3,-4,-5};&#10;&#9;&#9;int actual = Utils.average(num);&#10;&#9;&#9;int expected = -3;&#10;&#9;&#9;assertEquals(&quot;Utils.arraySum returned an unexpected result\n&quot;,expected, actual);&#10;&#9;}&#10;&#9;&#10;&#9;@Test&#10;&#9;public void average_positive_mixednums_test() {&#10;&#9;&#9;int[] num = {-1,2,-3,4,-5};&#10;&#9;&#9;int actual = Utils.average(num);&#10;&#9;&#9;int expected = 0;&#10;&#9;&#9;assertEquals(&quot;Utils.arraySum returned an unexpected result\n&quot;,expected, actual);&#10;&#9;}&#10;&#10;&#9;/*------------Utils.arrayFromString test------------*/&#10;&#9;@SuppressWarnings(&quot;deprecation&quot;)&#10;&#9;@Test&#10;&#9;public void arrayFromString_positive_test() {&#10;&#9;&#9;String input = &quot;[I;like;to;test!]&quot;;&#10;&#9;&#9;String[] actual = Utils.arrayFromString(input);&#10;&#9;&#9;String[] expected = {&quot;I&quot;,&quot;like&quot;,&quot;to&quot;,&quot;test!&quot;};&#10;&#9;&#9;assertEquals(&quot;Utils.arraySum returned an unexpected result\n&quot;,expected, actual);&#10;&#9;}&#10;&#9;&#10;&#9;@SuppressWarnings(&quot;deprecation&quot;)&#10;&#9;@Test&#10;&#9;public void arrayFromString_empty_test() {&#10;&#9;&#9;String input = &quot;[]&quot;;&#10;&#9;&#9;String[] actual = Utils.arrayFromString(input);&#10;&#9;&#9;String[] expected = {&quot;&quot;};&#10;&#9;&#9;assertEquals(&quot;Utils.arraySum returned an unexpected result\n&quot;,expected, actual);&#10;&#9;}&#10;&#10;&#9;/*------------Utils.stringFromArray test------------*/&#10;&#9;@Test&#10;&#9;public void stringFromArray_positive_test() {&#10;&#9;&#9;String[] input = {&quot;I&quot;,&quot;like&quot;,&quot;to&quot;,&quot;test!&quot;};&#10;&#9;&#9;String actual = Utils.stringFromArray(input);&#10;&#9;&#9;String expected =  &quot;[I;like;to;test!]&quot;;&#10;&#9;&#9;assertEquals(&quot;Utils.arraySum returned an unexpected result\n&quot;,expected, actual);&#10;&#9;}&#10;&#9;&#10;&#9;@Test&#10;&#9;public void stringFromArray_empty_test() {&#10;&#9;&#9;String[] input = {&quot;&quot;};&#10;&#9;&#9;String actual = Utils.stringFromArray(input);&#10;&#9;&#9;String expected =  &quot;[]&quot;;&#10;&#9;&#9;assertEquals(&quot;Utils.arraySum returned an unexpected result\n&quot;,expected, actual);&#10;&#9;}&#9;&#10;&#9;&#10;&#9;/*------------Utils.daysToMillis test------------*/&#10;&#9;@Test&#10;&#9;public void dayToMillis_positive_test() {&#10;&#9;&#9;int daynums = 1;&#10;&#9;&#9;long actual = Utils.daysToMillis(daynums);&#10;&#9;&#9;long expected =  86400000;&#10;&#9;&#9;assertEquals(&quot;Utils.arraySum returned an unexpected result\n&quot;,expected, actual);&#10;&#9;}&#10;&#9;&#10;&#9;@Test&#10;&#9;public void dayToMillis_year_test() {&#10;&#9;&#9;int daynums = 365;&#10;&#9;&#9;BigInteger actual = BigInteger.valueOf(Utils.daysToMillis(daynums));&#10;&#9;&#9;BigInteger largedays = new BigInteger(&quot;365&quot;);&#10;&#9;&#9;BigInteger expected = new BigInteger(&quot;86400000&quot;);&#10;&#9;&#9;expected = expected.multiply(largedays);&#10;&#9;&#9;assertEquals(&quot;Utils.arraySum returned an unexpected result\n&quot;,expected, actual);&#10;&#9;}&#10;&#9;&#10;&#9;@Test&#10;&#9;public void dayToMillis_max32signedlong_test() {&#10;&#9;&#9;int daynums = 24;&#10;&#9;&#9;BigInteger actual = BigInteger.valueOf(Utils.daysToMillis(daynums));&#10;&#9;&#9;BigInteger largedays = new BigInteger(&quot;24&quot;);&#10;&#9;&#9;BigInteger expected = new BigInteger(&quot;86400000&quot;);&#10;&#9;&#9;expected = expected.multiply(largedays);&#10;&#9;&#9;assertEquals(&quot;Utils.arraySum returned an unexpected result\n&quot;,expected, actual);&#10;&#9;}&#10;&#9;&#10;&#9;@Test&#10;&#9;public void dayToMillis_max32unsignedlong_test() {&#10;&#9;&#9;int daynums = 25;&#10;&#9;&#9;BigInteger actual = BigInteger.valueOf(Utils.daysToMillis(daynums));&#10;&#9;&#9;BigInteger largedays = new BigInteger(&quot;25&quot;);&#10;&#9;&#9;BigInteger expected = new BigInteger(&quot;86400000&quot;);&#10;&#9;&#9;expected = expected.multiply(largedays);&#10;&#9;&#9;assertEquals(&quot;Utils.arraySum returned an unexpected result\n&quot;,expected, actual);&#10;&#9;}&#10;&#9;&#10;&#9;@Test&#10;&#9;public void dayToMillis_zero_test() {&#10;&#9;&#9;int daynums = 0;&#10;&#9;&#9;long actual = Utils.daysToMillis(daynums);&#10;&#9;&#9;long expected =  0;&#10;&#9;&#9;assertEquals(&quot;Utils.arraySum returned an unexpected result\n&quot;,expected, actual);&#10;&#9;}&#10;&#9;&#10;&#9;/*------------Utils.endsWith test------------*/&#10;&#9;@Test&#10;&#9;public void endsWith_file_extension_test() {&#10;&#9;&#9;String file_ext = &quot;swagyolo.txt&quot;;&#10;&#9;&#9;String ends = &quot;.txt&quot;;&#10;&#9;&#9;boolean actual = Utils.endsWith(file_ext, ends);&#10;&#9;&#9;boolean expected = true;&#10;&#9;&#9;assertEquals(&quot;Utils.arraySum returned an unexpected result\n&quot;,expected, actual);&#10;&#9;}&#10;&#9;&#10;&#9;@Test&#10;&#9;public void endsWith_no_extension_test() {&#10;&#9;&#9;String file_ext = &quot;swagyolo&quot;;&#10;&#9;&#9;String ends = &quot;.txt&quot;;&#10;&#9;&#9;boolean actual = Utils.endsWith(file_ext, ends);&#10;&#9;&#9;boolean expected = false;&#10;&#9;&#9;assertEquals(&quot;Utils.arraySum returned an unexpected result\n&quot;,expected, actual);&#10;&#9;}&#10;&#9;&#10;&#9;@Test&#10;&#9;public void endsWith_mult_file_extension_test() {&#10;&#9;&#9;String file_ext = &quot;swagyolo.txt.jar&quot;;&#10;&#9;&#9;String ends = &quot;.txt.jar&quot;;&#10;&#9;&#9;boolean actual = Utils.endsWith(file_ext, ends);&#10;&#9;&#9;boolean expected = true;&#10;&#9;&#9;assertEquals(&quot;Utils.arraySum returned an unexpected result\n&quot;,expected, actual);&#10;&#9;}&#10;&#9;&#10;&#9;@Test&#10;&#9;public void endsWith_doesnt_endwith_test() {&#10;&#9;&#9;String file_ext = &quot;swagyolo.txt.jar&quot;;&#10;&#9;&#9;String ends = &quot;.ja&quot;;&#10;&#9;&#9;boolean actual = Utils.endsWith(file_ext, ends);&#10;&#9;&#9;boolean expected = false;&#10;&#9;&#9;assertEquals(&quot;Utils.arraySum returned an unexpected result\n&quot;,expected, actual);&#10;&#9;}&#10;&#9;&#10;&#9;@Test&#10;&#9;public void endsWith_empty_test() {&#10;&#9;&#9;String file_ext = &quot;&quot;;&#10;&#9;&#9;String ends = &quot;&quot;;&#10;&#9;&#9;boolean actual = Utils.endsWith(file_ext, ends);&#10;&#9;&#9;boolean expected = true;&#10;&#9;&#9;assertEquals(&quot;Utils.arraySum returned an unexpected result\n&quot;,expected, actual);&#10;&#9;}&#10;&#10;&#9;/*------------Utils.getExtension test------------*/&#10;&#9;@Test&#10;&#9;public void getExtension_file_extension_test() {&#10;&#9;&#9;File file_ext = new File(&quot;swagyolo.txt&quot;);&#10;&#9;&#9;String actual = Utils.getExtension(file_ext);&#10;&#9;&#9;String expected = &quot;txt&quot;;&#10;&#9;&#9;assertEquals(&quot;Utils.arraySum returned an unexpected result\n&quot;,expected, actual);&#10;&#9;}&#10;&#9;&#10;&#9;@Test&#10;&#9;public void getExtension_no_extension_test() {&#10;&#9;&#9;File file_ext = new File(&quot;swagyolo&quot;);&#10;&#9;&#9;String actual = Utils.getExtension(file_ext);&#10;&#9;&#9;String expected = null;&#10;&#9;&#9;assertEquals(&quot;Utils.arraySum returned an unexpected result\n&quot;,expected, actual);&#10;&#9;}&#10;&#9;&#10;&#9;@Test&#10;&#9;public void getExtension_mult_file_extension_test() {&#10;&#9;&#9;File file_ext = new File(&quot;swagyolo.txt.jar&quot;);&#10;&#9;&#9;String actual = Utils.getExtension(file_ext);&#10;&#9;&#9;String expected = &quot;jar&quot;;&#10;&#9;&#9;assertEquals(&quot;Utils.arraySum returned an unexpected result\n&quot;,expected, actual);&#10;&#9;}&#10;&#9;&#10;&#9;@Test&#10;&#9;public void getExtension_empty_test() {&#10;&#9;&#9;File file_ext = new File(&quot;&quot;);&#10;&#9;&#9;String actual = Utils.getExtension(file_ext);&#10;&#9;&#9;String expected = null;&#10;&#9;&#9;assertEquals(&quot;Utils.arraySum returned an unexpected result\n&quot;,expected, actual);&#10;&#9;}&#10;&#9;&#10;&#9;/*------------Utils.numDigits test------------*/&#10;&#9;@Test&#10;&#9;public void numDigits_positive_test() {&#10;&#9;&#9;int input = 1000;&#10;&#9;&#9;int actual = Utils.numDigits(input);&#10;&#9;&#9;int expected = 4;&#10;&#9;&#9;assertEquals(&quot;Utils.arraySum returned an unexpected result\n&quot;,expected, actual);&#10;&#9;}&#10;&#9;&#10;&#9;@Test&#10;&#9;public void numDigits_largest_32bit_signed_test() {&#10;&#9;&#9;int input = 2147483647;&#10;&#9;&#9;int actual = Utils.numDigits(input);&#10;&#9;&#9;int expected = 10;&#10;&#9;&#9;assertEquals(&quot;Utils.arraySum returned an unexpected result\n&quot;,expected, actual);&#10;&#9;}&#10;&#9;&#10;&#9;@Test&#10;&#9;public void numDigits_negative_num_test() {&#10;&#9;&#9;int input = (-1000);&#10;&#9;&#9;int actual = Utils.numDigits(input);&#10;&#9;&#9;int expected = 4;&#10;&#9;&#9;assertEquals(&quot;Utils.arraySum returned an unexpected result\n&quot;,expected, actual);&#10;&#9;}&#10;&#9;&#10;&#9;@Test&#10;&#9;public void numDigits_onedigit_zero_test() {&#10;&#9;&#9;int input = 0;&#10;&#9;&#9;int actual = Utils.numDigits(input);&#10;&#9;&#9;int expected = 1;&#10;&#9;&#9;assertEquals(&quot;Utils.arraySum returned an unexpected result\n&quot;,expected, actual);&#10;&#9;}&#10;&#9;&#10;&#9;/*------------Utils.stringWithPlural test------------*/&#10;&#9;@Test&#10;&#9;public void stringWithPlural_positive_test() {&#10;&#9;&#9;String input = &quot;dog&quot;;&#10;&#9;&#9;String actual = Utils.stringWithPlural(input, 5);&#10;&#9;&#9;String expected = &quot;dogs&quot;;&#10;&#9;&#9;assertEquals(&quot;Utils.arraySum returned an unexpected result\n&quot;,expected, actual);&#10;&#9;}&#10;&#9;&#10;&#9;@Test&#10;&#9;public void stringWithPlural_one_element_test() {&#10;&#9;&#9;String input = &quot;dog&quot;;&#10;&#9;&#9;String actual = Utils.stringWithPlural(input, 1);&#10;&#9;&#9;String expected = &quot;dog&quot;;&#10;&#9;&#9;assertEquals(&quot;Utils.arraySum returned an unexpected result\n&quot;,expected, actual);&#10;&#9;}&#10;&#9;&#10;&#9;@Test&#10;&#9;public void stringWithPlural_two_element_test() {&#10;&#9;&#9;String input = &quot;dog&quot;;&#10;&#9;&#9;String actual = Utils.stringWithPlural(input, 2);&#10;&#9;&#9;String expected = &quot;dogs&quot;;&#10;&#9;&#9;assertEquals(&quot;Utils.arraySum returned an unexpected result\n&quot;,expected, actual);&#10;&#9;}&#10;&#9;&#10;&#9;@Test&#10;&#9;public void stringWithPlural_word_ending_with_s_test() {&#10;&#9;&#9;String input = &quot;dogs&quot;;&#10;&#9;&#9;String actual = Utils.stringWithPlural(input, 2);&#10;&#9;&#9;String expected = &quot;dogss&quot;;&#10;&#9;&#9;assertEquals(&quot;Utils.arraySum returned an unexpected result\n&quot;,expected, actual);&#10;&#9;}&#10;&#10;&#9;@Test&#10;&#9;public void stringWithPlural_zero_quantity_test() {&#10;&#9;&#9;String input = &quot;dog&quot;;&#10;&#9;&#9;String actual = Utils.stringWithPlural(input, 0);&#10;&#9;&#9;String expected = &quot;dog&quot;;&#10;&#9;&#9;assertEquals(&quot;Utils.arraySum returned an unexpected result\n&quot;,expected, actual);&#10;&#9;}&#10;&#10;&#9;/*------------Utils.toIntegerArray test------------*/&#10;&#9;@SuppressWarnings(&quot;deprecation&quot;)&#10;&#9;@Test&#10;&#9;public void toIntegerArray_positive_test() {&#10;&#9;&#9;int[] input = {0,1,2,3,4,5};&#10;&#9;&#9;Integer[] actual = Utils.toIntegerArray(input);&#10;&#9;&#9;Integer[] expected = {0,1,2,3,4,5};&#10;&#9;&#9;assertEquals(&quot;Utils.arraySum returned an unexpected result\n&quot;,expected, actual);&#10;&#9;}&#10;&#9;&#10;&#9;@SuppressWarnings(&quot;deprecation&quot;)&#10;&#9;@Test&#10;&#9;public void toIntegerArray_positive_negnums_test() {&#10;&#9;&#9;int[] input = {-1,-2,-3,-4,-5};&#10;&#9;&#9;Integer[] actual = Utils.toIntegerArray(input);&#10;&#9;&#9;Integer[] expected = {-1,-2,-3,-4,-5};&#10;&#9;&#9;assertEquals(&quot;Utils.arraySum returned an unexpected result\n&quot;,expected, actual);&#10;&#9;}&#10;&#9;&#10;&#9;/*------------Utils.toPercent test------------*/&#10;&#9;@Test&#10;&#9;public void toPercent_positive_test() {&#10;&#9;&#9;int numerator = 90;&#10;&#9;&#9;int denominator = 100;&#10;&#9;&#9;String actual = Utils.toPercent(numerator, denominator);&#10;&#9;&#9;String expected = &quot;90%&quot;;&#10;&#9;&#9;assertEquals(&quot;Utils.arraySum returned an unexpected result\n&quot;,expected, actual);&#10;&#9;}&#10;&#9;&#10;&#9;@Test&#10;&#9;public void toPercent_positive_mixedfrac_test() {&#10;&#9;&#9;int numerator = 80;&#10;&#9;&#9;int denominator = 93;&#10;&#9;&#9;String actual = Utils.toPercent(numerator, denominator);&#10;&#9;&#9;String expected = &quot;86%&quot;;&#10;&#9;&#9;assertEquals(&quot;Utils.arraySum returned an unexpected result\n&quot;,expected, actual);&#10;&#9;}&#10;&#9;&#10;&#9;@Test&#10;&#9;public void toPercent_positive_0_test() {&#10;&#9;&#9;int numerator = 0;&#10;&#9;&#9;int denominator = 100;&#10;&#9;&#9;String actual = Utils.toPercent(numerator, denominator);&#10;&#9;&#9;String expected = &quot;0%&quot;;&#10;&#9;&#9;assertEquals(&quot;Utils.arraySum returned an unexpected result\n&quot;,expected, actual);&#10;&#9;}&#10;&#10;&#9;@Test&#10;&#9;public void toPercent_positive_5percent_test() {&#10;&#9;&#9;int numerator = 5;&#10;&#9;&#9;int denominator = 100;&#10;&#9;&#9;String actual = Utils.toPercent(numerator, denominator);&#10;&#9;&#9;String expected = &quot;5%&quot;;&#10;&#9;&#9;assertEquals(&quot;Utils.arraySum returned an unexpected result\n&quot;,expected, actual);&#10;&#9;}&#10;&#9;&#10;&#9;@Test&#10;&#9;public void toPercent_positive_negnum_test() {&#10;&#9;&#9;int numerator = -5;&#10;&#9;&#9;int denominator = 100;&#10;&#9;&#9;String actual = Utils.toPercent(numerator, denominator);&#10;&#9;&#9;String expected = &quot;-5%&quot;;&#10;&#9;&#9;assertEquals(&quot;Utils.arraySum returned an unexpected result\n&quot;,expected, actual);&#10;&#9;}&#10;&#10;&#9;/*------------Utils.padWithLeadingZeroes test------------*/&#10;&#9;@Test&#10;&#9;public void padWithLeadingZeroes_positive_test() {&#10;&#9;&#9;int x = 5;&#10;&#9;&#9;int digits = 4;&#10;&#9;&#9;String actual = Utils.padWithLeadingZeroes(x, digits);&#10;&#9;&#9;String expected = &quot;0005&quot;;&#10;&#9;&#9;assertEquals(&quot;Utils.arraySum returned an unexpected result\n&quot;,expected, actual);&#10;&#9;}&#10;&#10;&#9;@Test&#10;&#9;public void padWithLeadingZeroes_positive_lessdig_test() {&#10;&#9;&#9;int x = 532;&#10;&#9;&#9;int digits = 2;&#10;&#9;&#9;String actual = Utils.padWithLeadingZeroes(x, digits);&#10;&#9;&#9;String expected = &quot;532&quot;;&#10;&#9;&#9;assertEquals(&quot;Utils.arraySum returned an unexpected result\n&quot;,expected, actual);&#10;&#9;}&#10;}&#10;" Filename="Utils_Test.java" Intrnl_Id="2"/>
<SrcFile Content="package cabra.tests;&#10;&#10;import static org.junit.Assert.*;&#10;&#10;import org.junit.BeforeClass;&#10;import org.junit.Test;&#10;import cabra.*;&#10;&#10;public class Status_Tests {&#10;&#10;&#9;@BeforeClass&#10;&#9;public static void setUpBeforeClass() throws Exception {&#10;&#9;}&#10;&#10;&#9;@Test&#10;&#9;public void nextRank_rankA_test() {&#10;&#9;&#9;Status st = Status.A;&#10;&#9;&#9;&#10;&#9;&#9;Status actualStatus = st.nextRank();&#10;&#9;&#9;Status expectedStatus= Status.B;&#10;&#9;&#9;&#10;&#9;&#9;assertEquals(&quot;Next rank&quot;, expectedStatus, actualStatus);&#10;&#9;}&#10;&#9;&#10;&#9;@Test&#10;&#9;public void nextRank_rankB_test() {&#10;&#9;&#9;Status st = Status.B;&#10;&#9;&#9;&#10;&#9;&#9;Status actualStatus = st.nextRank();&#10;&#9;&#9;Status expectedStatus= Status.C;&#10;&#9;&#9;&#10;&#9;&#9;assertEquals(&quot;Next rank&quot;, expectedStatus, actualStatus);&#10;&#9;}&#10;&#9;&#10;&#9;@Test&#10;&#9;public void nextRank_rankC_test() {&#10;&#9;&#9;Status st = Status.C;&#10;&#9;&#9;&#10;&#9;&#9;Status actualStatus = st.nextRank();&#10;&#9;&#9;Status expectedStatus= Status.D;&#10;&#9;&#9;&#10;&#9;&#9;assertEquals(&quot;Next rank&quot;, expectedStatus, actualStatus);&#10;&#9;}&#10;&#9;&#10;&#9;@Test&#10;&#9;public void nextRank_rankD_test() {&#10;&#9;&#9;Status st = Status.D;&#10;&#9;&#9;&#10;&#9;&#9;Status actualStatus = st.nextRank();&#10;&#9;&#9;Status expectedStatus= Status.E;&#10;&#9;&#9;&#10;&#9;&#9;assertEquals(&quot;Next rank&quot;, expectedStatus, actualStatus);&#10;&#9;}&#10;&#9;&#10;&#9;@Test&#10;&#9;public void nextRank_rankE_test() {&#10;&#9;&#9;Status st = Status.E;&#10;&#9;&#9;&#10;&#9;&#9;Status actualStatus = st.nextRank();&#10;&#9;&#9;Status expectedStatus= Status.E;&#10;&#9;&#9;&#10;&#9;&#9;assertEquals(&quot;Next rank&quot;, expectedStatus, actualStatus);&#10;&#9;}&#10;&#9;&#10;&#9;@Test&#10;&#9;public void previousRank_rankE_test() {&#10;&#9;&#9;Status st = Status.E;&#10;&#9;&#9;&#10;&#9;&#9;Status actualStatus = st.previousRank();&#10;&#9;&#9;Status expectedStatus= Status.D;&#10;&#9;&#9;&#10;&#9;&#9;assertEquals(&quot;Previous rank&quot;, expectedStatus, actualStatus);&#10;&#9;}&#10;&#9;&#10;&#9;@Test&#10;&#9;public void previousRank_rankD_test() {&#10;&#9;&#9;Status st = Status.D;&#10;&#9;&#9;&#10;&#9;&#9;Status actualStatus = st.previousRank();&#10;&#9;&#9;Status expectedStatus= Status.C;&#10;&#9;&#9;&#10;&#9;&#9;assertEquals(&quot;Previous rank&quot;, expectedStatus, actualStatus);&#10;&#9;}&#10;&#10;&#9;@Test&#10;&#9;public void previousRank_rankC_test() {&#10;&#9;&#9;Status st = Status.C;&#10;&#9;&#9;&#10;&#9;&#9;Status actualStatus = st.previousRank();&#10;&#9;&#9;Status expectedStatus= Status.B;&#10;&#9;&#9;&#10;&#9;&#9;assertEquals(&quot;Previous rank&quot;, expectedStatus, actualStatus);&#10;&#9;}&#10;&#9;&#10;&#9;@Test&#10;&#9;public void previousRank_rankB_test() {&#10;&#9;&#9;Status st = Status.B;&#10;&#9;&#9;&#10;&#9;&#9;Status actualStatus = st.previousRank();&#10;&#9;&#9;Status expectedStatus= Status.A;&#10;&#9;&#9;&#10;&#9;&#9;assertEquals(&quot;Previous rank&quot;, expectedStatus, actualStatus);&#10;&#9;}&#10;&#9;&#10;&#9;@Test&#10;&#9;public void previousRank_rankA_test() {&#10;&#9;&#9;Status st = Status.A;&#10;&#9;&#9;&#10;&#9;&#9;Status actualStatus = st.previousRank();&#10;&#9;&#9;Status expectedStatus= Status.A;&#10;&#9;&#9;&#10;&#9;&#9;assertEquals(&quot;Previous rank&quot;, expectedStatus, actualStatus);&#10;&#9;}&#10;}&#10;" Filename="Status_Tests.java" Intrnl_Id="3"/>
<SrcFile Content="package cabra.tests;&#10;&#10;import static org.junit.Assert.*;&#10;&#10;import java.util.ArrayList;&#10;&#10;import org.junit.BeforeClass;&#10;import org.junit.Test;&#10;import cabra.*;&#10;import cabra.PointEnums.Activity;&#10;&#10;public class Controller_Tests {&#10;&#10;&#9;//this functions clears all application data and returns a new Controller.&#10;&#9;private Controller getNewController()&#10;&#9;{&#10;&#9;&#9;clearApplicationData();&#10;&#9;&#9;return new Controller();&#10;&#9;}&#10;&#9;&#10;&#9;//this functions clears all projects, cards, notes and user data.&#10;&#9;private void clearApplicationData(){&#9;&#10;&#9;&#9;Utils.purgeFolder(SaveLoad.getProjectFolder());&#10;        UserData.makeAllDefault();&#10;&#9;}&#10;&#9;&#10;&#9;@BeforeClass&#10;&#9;public static void setUpBeforeClass() throws Exception {&#10;&#9;}&#10;&#10;&#9;@Test&#10;&#9;//simply add one project and see if it was stored in the application properly.&#10;&#9;public void addProject_positiveTest() {&#10;&#9;&#9;Controller cont = getNewController();&#10;&#9;&#9;Project proj = cont.addProject(&quot;Project1&quot;, true);&#10;&#9;&#9;&#10;&#9;&#9;ArrayList&lt;Project&gt; Projects = cont.getAllProjects();&#10;&#9;&#9;&#10;&#9;&#9;int actualSize = Projects.size();&#10;&#9;&#9;int expectedSize = 1;&#10;&#9;&#9;assertEquals(&quot;Number of projects&quot;,expectedSize, actualSize);&#10;&#9;&#9;&#10;&#9;&#9;String actualName = Projects.get(0).getName();&#10;&#9;&#9;String expectedName = &quot;Project1&quot;;&#10;&#9;&#9;assertEquals(&quot;Name of added project&quot;, expectedName, actualName);&#9;&#10;&#9;}&#10;&#9;&#10;&#9;@Test&#10;&#9;//simply add one project but with a false &quot;shouldSave&quot; input.&#10;&#9;//&quot;shouldSave&quot; pertains to saving UserData, not projects.&#10;&#9;public void addProject_positiveTest2() {&#10;&#9;&#9;Controller cont = getNewController();&#10;&#9;&#9;Project proj = cont.addProject(&quot;Project1&quot;, false);&#10;&#9;&#9;&#10;&#9;&#9;ArrayList&lt;Project&gt; Projects = cont.getAllProjects();&#10;&#9;&#9;&#10;&#9;&#9;int actualSize = Projects.size();&#10;&#9;&#9;int expectedSize = 1;&#10;&#9;&#9;assertEquals(&quot;Number of projects&quot;,expectedSize, actualSize);&#10;&#9;&#9;&#10;&#9;&#9;String actualName = Projects.get(0).getName();&#10;&#9;&#9;String expectedName = &quot;Project1&quot;;&#10;&#9;&#9;assertEquals(&quot;Name of added project&quot;, expectedName, actualName);&#10;&#9;}&#10;&#9;&#10;&#9;@Test&#10;&#9;//adding multiple projects&#10;&#9;public void addProject_multipeProjects_test() {&#10;&#9;&#9;Controller cont = getNewController();&#10;&#9;&#9;cont.addProject(&quot;Project1&quot;, true);&#10;&#9;&#9;cont.addProject(&quot;Project2&quot;, true);&#10;&#9;&#9;cont.addProject(&quot;Project3&quot;, true);&#10;&#9;&#9;cont.addProject(&quot;Project4&quot;, true);&#10;&#9;&#9;&#10;&#9;&#9;ArrayList&lt;Project&gt; Projects = cont.getAllProjects();&#10;&#9;&#9;&#10;&#9;&#9;int actualSize = Projects.size();&#10;&#9;&#9;int expectedSize = 4;&#10;&#9;&#9;assertEquals(&quot;Number of projects&quot;,expectedSize, actualSize);&#10;&#9;}&#9;&#10;&#9;&#10;&#9;@Test&#10;&#9;//creating a project with an empty string for a name.&#10;&#9;public void addProject_withEmptyName_test() {&#10;&#9;&#9;Controller cont = getNewController();&#10;&#9;&#9;Project proj = cont.addProject(&quot;&quot;, true);&#10;&#9;&#9;&#10;&#9;&#9;ArrayList&lt;Project&gt; Projects = cont.getAllProjects();&#10;&#9;&#9;&#10;&#9;&#9;int actualSize = Projects.size();&#10;&#9;&#9;int expectedSize = 0;&#10;&#9;&#9;assertEquals(&quot;Number of projects&quot;,expectedSize, actualSize);&#9;&#9;&#10;&#9;}&#10;&#9;&#10;&#9;@Test &#10;&#9;//creating a project with a null string for a name.&#10;&#9;public void addProject_withNullName_test() {&#10;&#9;&#9;Controller cont = getNewController();&#10;&#9;&#9;Project proj = cont.addProject(null, true);&#10;&#9;&#9;&#10;&#9;&#9;ArrayList&lt;Project&gt; Projects = cont.getAllProjects();&#10;&#9;&#9;&#10;&#9;&#9;int actualSize = Projects.size();&#10;&#9;&#9;int expectedSize = 0;&#10;&#9;&#9;assertEquals(&quot;Number of projects&quot;,expectedSize, actualSize);&#9;&#9;&#10;&#9;}&#10;&#9;&#10;&#9;@Test&#10;&#9;//testing getNumberOfProjects with 0 projects added.&#10;&#9;public void getNumberofProjects_zeroProjects_test() {&#10;&#9;&#9;Controller cont = getNewController();&#10;&#9;&#9;&#10;&#9;&#9;int actualSize = cont.getNumberOfProjects();&#10;&#9;&#9;int expectedSize = 0;&#10;&#9;&#9;assertEquals(&quot;Number of projects&quot;,expectedSize, actualSize);&#9;&#9;&#10;&#9;}&#10;&#9;&#10;&#9;@Test&#10;&#9;//testing getNumberOfProjects with 4 projects added.&#10;&#9;public void getNumberofProjects_mutltipleProjects_test() {&#10;&#9;&#9;Controller cont = getNewController();&#10;&#9;&#9;cont.addProject(&quot;p1&quot;, true);&#10;&#9;&#9;cont.addProject(&quot;p2&quot;, true);&#10;&#9;&#9;cont.addProject(&quot;p3&quot;, true);&#10;&#9;&#9;cont.addProject(&quot;p4&quot;, true);&#10;&#9;&#9;&#9;&#10;&#9;&#9;int actualSize = cont.getNumberOfProjects();&#10;&#9;&#9;int expectedSize = 4;&#10;&#9;&#9;assertEquals(&quot;Number of projects&quot;,expectedSize, actualSize);&#9;&#9;&#10;&#9;}&#10;&#9;&#10;&#9;@Test&#10;&#9;//remove an added project.&#10;&#9;public void removeProject_postiveTest() {&#10;&#9;&#9;Controller cont = getNewController();&#10;&#9;&#9;&#10;&#9;&#9;cont.addProject(&quot;p1&quot;, true);&#10;&#9;&#9;cont.addProject(&quot;p2&quot;, true);&#10;&#9;&#9;Project projectToRemove = cont.addProject(&quot;p3&quot;, true);&#10;&#9;&#9;cont.addProject(&quot;p4&quot;, true);&#10;&#9;&#9;&#10;&#9;&#9;cont.removeProject(projectToRemove);&#10;&#9;&#9;&#10;&#9;&#9;ArrayList&lt;Project&gt; allProjects = cont.getAllProjects();&#10;&#9;&#9;boolean actualBool = allProjects.contains(projectToRemove);&#10;&#9;&#9;boolean expectedBool = false;&#10;&#9;&#9;&#10;&#9;&#9;assertEquals(&quot;Added project is still present&quot;,expectedBool, actualBool);&#9;&#9;&#10;&#9;}&#10;&#9;&#10;&#9;@Test&#10;&#9;//remove a project that doesn't exist.&#10;&#9;public void removeProject_removeProjectThatDoesntExist() {&#10;&#9;&#9;Controller cont = getNewController();&#10;&#9;&#9;&#10;&#9;&#9;cont.addProject(&quot;p1&quot;, true);&#10;&#9;&#9;cont.addProject(&quot;p2&quot;, true);&#10;&#9;&#9;cont.addProject(&quot;p3&quot;, true);&#10;&#9;&#9;cont.addProject(&quot;p4&quot;, true);&#10;&#9;&#9;&#10;&#9;&#9;Project projectToRemove = new Project(&quot;p5&quot;);&#10;&#9;&#9;cont.removeProject(projectToRemove);&#10;&#9;&#9;&#10;&#9;&#9;int actualSize = cont.getNumberOfProjects();&#10;&#9;&#9;int expectedSize = 4;&#10;&#9;&#9;assertEquals(&quot;Number of projects&quot;,expectedSize, actualSize);&#9;&#9;&#10;&#9;}&#10;&#9;&#10;&#9;@Test&#10;&#9;//renaming project&#10;&#9;public void renameProject_postiveTest() {&#10;&#9;&#9;Controller cont = getNewController();&#10;&#9;&#9;&#10;&#9;&#9;Project proj = cont.addProject(&quot;p1&quot;, true);&#10;&#9;&#9;&#10;&#9;&#9;cont.renameProject(proj, &quot;newProject&quot;);&#10;&#9;&#10;&#9;&#9;String actualName = cont.getAllProjects().get(0).getName();&#10;&#9;&#9;String expectedName = &quot;newProject&quot;;&#10;&#9;&#9;assertEquals(&quot;Name of project&quot;,expectedName, actualName);&#9;&#9;&#10;&#9;}&#10;&#9;&#10;&#9;@Test&#10;&#9;//renaming project with an empty string.&#10;&#9;public void renameProject_emptyString_test() {&#10;&#9;&#9;Controller cont = getNewController();&#10;&#9;&#9;&#10;&#9;&#9;Project proj = cont.addProject(&quot;p1&quot;, true);&#10;&#9;&#9;&#10;&#9;&#9;cont.renameProject(proj, &quot;&quot;);&#10;&#9;&#10;&#9;&#9;String actualName = cont.getAllProjects().get(0).getName();&#10;&#9;&#9;String expectedName = &quot;p1&quot;;&#10;&#9;&#9;assertEquals(&quot;Name of project&quot;,expectedName, actualName);&#9;&#9;&#10;&#9;}&#10;&#9;&#10;&#9;@Test&#10;&#9;//renaming project with a null string.&#10;&#9;public void renameProject_nullString_test() {&#10;&#9;&#9;Controller cont = getNewController();&#10;&#9;&#9;&#10;&#9;&#9;Project proj = cont.addProject(&quot;p1&quot;, true);&#10;&#9;&#9;&#10;&#9;&#9;cont.renameProject(proj, null);&#10;&#9;&#10;&#9;&#9;String actualName = cont.getAllProjects().get(0).getName();&#10;&#9;&#9;String expectedName = &quot;p1&quot;;&#10;&#9;&#9;assertEquals(&quot;Name of project&quot;,expectedName, actualName);&#9;&#9;&#10;&#9;}&#10;&#9;&#10;&#9;@Test&#10;&#9;//setting an active project.&#10;&#9;public void setActiveProject_positiveTest() {&#10;&#9;&#9;Controller cont = getNewController();&#10;&#9;&#9;&#10;&#9;&#9;cont.addProject(&quot;p1&quot;, true);&#10;&#9;&#9;Project proj = cont.addProject(&quot;p2&quot;, true);&#10;&#9;&#9;&#10;&#9;&#9;cont.setActiveProject(proj, true);&#9;&#10;&#9;&#10;&#9;&#9;String actualName = cont.getActiveProject().getName();&#10;&#9;&#9;String expectedName = &quot;p2&quot;;&#10;&#9;&#9;assertEquals(&quot;Name of project&quot;,expectedName, actualName);&#9;&#9;&#10;&#9;}&#10;&#9;&#10;&#9;@Test&#10;&#9;//setting an active project using the project name.&#10;&#9;public void setActiveProject_withProjectName() {&#10;&#9;&#9;Controller cont = getNewController();&#10;&#9;&#9;&#10;&#9;&#9;cont.addProject(&quot;p1&quot;, true);&#10;&#9;&#9;Project proj = cont.addProject(&quot;p2&quot;, true);&#10;&#9;&#9;&#10;&#9;&#9;cont.setActiveProject(&quot;p2&quot;, true);&#9;&#10;&#9;&#10;&#9;&#9;String actualName = cont.getActiveProject().getName();&#10;&#9;&#9;String expectedName = &quot;p2&quot;;&#10;&#9;&#9;assertEquals(&quot;Name of project&quot;,expectedName, actualName);&#9;&#9;&#10;&#9;}&#10;&#9;&#10;&#9;@Test&#10;&#9;//setting no active project.&#10;&#9;public void setNoActiveProject_positiveTest() {&#10;&#9;&#9;Controller cont = getNewController();&#10;&#9;&#9;&#10;&#9;&#9;cont.addProject(&quot;p1&quot;, true);&#10;&#9;&#9;Project proj = cont.addProject(&quot;p2&quot;, true);&#10;&#9;&#9;cont.setNoActiveProject();&#10;&#9;&#9;&#9;&#10;&#9;&#9;Project actualProject = cont.getActiveProject();&#10;&#9;&#9;Project expectedProject = null;&#10;&#9;&#9;assertEquals(&quot;Active roject&quot;,expectedProject, actualProject);&#9;&#9;&#10;&#9;}&#10;&#9;&#10;&#9;@Test&#10;&#9;//setting active project with name that doesn't exist.&#10;&#9;public void setActiveProject_withNonExistantProjectName_test() {&#10;&#9;&#9;Controller cont = getNewController();&#10;&#9;&#9;&#10;&#9;&#9;cont.addProject(&quot;p1&quot;, true);&#10;&#9;&#9;cont.addProject(&quot;p2&quot;, true);&#10;&#9;&#9;cont.setActiveProject(&quot;p1&quot;, true);&#10;&#9;&#9;cont.setActiveProject(&quot;p5&quot;, true);&#10;&#9;&#9;&#9;&#10;&#9;&#9;String actualName = cont.getActiveProject().getName();&#10;&#9;&#9;String expectedName = &quot;p1&quot;;&#10;&#9;&#9;assertEquals(&quot;Name of project&quot;,expectedName, actualName);&#9;&#9;&#10;&#9;}&#10;&#9;&#10;&#9;@Test&#10;&#9;//setting active project with a null project.&#10;&#9;public void setActiveProject_withNullProject_test() {&#10;&#9;&#9;Controller cont = getNewController();&#10;&#9;&#9;&#10;&#9;&#9;cont.addProject(&quot;p1&quot;, true);&#10;&#9;&#9;cont.addProject(&quot;p2&quot;, true);&#10;&#9;&#9;cont.setActiveProject(&quot;p1&quot;, true);&#10;&#9;&#9;&#10;&#9;&#9;Project proj = null;&#10;&#9;&#9;cont.setActiveProject(proj, true);&#10;&#9;&#9;&#9;&#10;&#9;&#9;String actualName = cont.getActiveProject().getName();&#10;&#9;&#9;String expectedName = &quot;p1&quot;;&#10;&#9;&#9;assertEquals(&quot;Name of project&quot;,expectedName, actualName);&#9;&#9;&#10;&#9;}&#10;&#9;&#10;&#9;@Test&#10;&#9;//note user always starts off with a 100 points.&#10;&#9;public void getPoints_noPoints_test() {&#10;&#9;&#9;Controller cont = getNewController();&#9;&#10;&#10;&#9;&#9;int actualPointsNum = cont.getPoints();&#10;&#9;&#9;int expectedPointsNum = 100;&#10;&#9;&#9;assertEquals(&quot;Number of points&quot;,expectedPointsNum, actualPointsNum);&#9;&#9;&#10;&#9;}&#10;&#9;&#10;&#9;@Test&#10;&#9;//note user always starts off with a 100 points.&#10;&#9;public void gainPoints_noPoints_test() {&#10;&#9;&#9;Controller cont = getNewController();&#10;&#9;&#9;cont.gainPoints(Activity.ADD_IMAGE);&#10;&#9;&#9;cont.gainPoints(Activity.CODE_FIRSTRUN);&#10;&#10;&#9;&#9;int actualPointsNum = cont.getPoints();&#10;&#9;&#9;int expectedPointsNum = 100 + Activity.ADD_IMAGE.getPoints() + Activity.CODE_FIRSTRUN.getPoints();&#10;&#9;&#9;assertEquals(&quot;Number of points&quot;,expectedPointsNum, actualPointsNum);&#9;&#9;&#10;&#9;}&#10;&#10;&#10;}&#10;" Filename="Controller_Tests.java" Intrnl_Id="4"/>
<SrcFile Content="package cabra.dinero;&#10;&#10;import cabra.*;&#10;import javax.swing.*;&#10;&#10;public class VaultTabPane extends JTabbedPane {&#10;&#10;    private VaultManager vaultManager;&#10;    private VaultPanel vaultPanel;&#10;    private StorePanel storePanel;&#10;    &#10;    public static final int MY_WIDTH =  380;&#10;    public static final int MY_HEIGHT = 280;&#10;&#10;    public VaultTabPane(VaultManager vaultManager) {&#10;        this.vaultManager = vaultManager;&#10;&#10;        this.vaultPanel = new VaultPanel(vaultManager);&#10;        this.storePanel = new StorePanel(vaultManager);&#10;&#10;        addTab(&quot;Vault  &quot;, ImageManager.createImageIcon(&quot;safe.png&quot;), vaultPanel); //put space between text &amp; icon&#10;        addTab(&quot;Store  &quot;, ImageManager.createImageIcon(&quot;gift.png&quot;), storePanel);&#10;    }&#10;    &#10;    public VaultPanel getVaultPanel(){ return vaultPanel; }&#10;    public StorePanel getStorePanel(){ return storePanel; }&#10;}" Filename="VaultTabPane.java" Intrnl_Id="5"/>
<SrcFile Content="package cabra.dinero;&#10;&#10;import javax.swing.*;&#10;import java.awt.*;&#10;import java.awt.event.*;&#10;import java.util.ArrayList;&#10;import java.util.Collections;&#10;import java.util.Comparator;&#10;&#10;/**&#10; * Shows the prizes the user has bought.&#10; */&#10;public class VaultPanel extends JPanel{&#10;   private VaultManager vaultManager; //the controller&#10;   private JPanel prizePanel;&#10;   private JScrollPane prizeScroller;&#10;   &#10;   public VaultPanel(VaultManager vaultManager){&#10;      this.vaultManager = vaultManager;&#10;      &#10;      //init view&#10;      setLayout(new BoxLayout(this, BoxLayout.PAGE_AXIS));&#10;      //add(pointsLabel);&#10;      &#10;      prizePanel = createPrizeGridPanel();&#10;      //wrap prize panel in the prizeScroller&#10;      prizeScroller = wrapInScrollPane(prizePanel);&#10;      add(prizeScroller);&#10;      &#10;      setSize(VaultTabPane.MY_WIDTH, VaultTabPane.MY_HEIGHT);&#10;   }&#10;   &#10;   /**&#10;    * Called when a prize(s) is purchased. This updates the list of prizes.&#10;    */&#10;   public void prizePurchased(){&#10;      //remove scroller, recreate scroller and contained panel, re add&#10;      remove(prizeScroller);&#10;      prizePanel = createPrizeGridPanel();&#10;      prizeScroller = wrapInScrollPane(prizePanel);&#10;      add(prizeScroller);&#10;   }&#10;   &#10;   private JScrollPane wrapInScrollPane(JPanel panel){&#10;      JScrollPane scroller = new JScrollPane(panel);&#10;      scroller.setPreferredSize(new Dimension(VaultTabPane.MY_WIDTH, VaultTabPane.MY_HEIGHT));&#10;      scroller.setVerticalScrollBarPolicy(ScrollPaneConstants.VERTICAL_SCROLLBAR_ALWAYS);&#10;      scroller.setHorizontalScrollBarPolicy(ScrollPaneConstants.HORIZONTAL_SCROLLBAR_AS_NEEDED);&#10;      return scroller;&#10;   }&#10;   &#10;   /**&#10;    * Returns a JPanel with a GridLayout containing each of the user's prizes.&#10;    */&#10;   private JPanel createPrizeGridPanel(){&#10;      final int NUM_PRIZES_ROW = 4; //num prizes in a row; also num cols&#10;      final int MIN_NUM_ROWS = 2; //minimum number of rows of prizes&#10;      final int PADDING = 5; //px&#10;      &#10;      JPanel panel = new JPanel();&#10;      GridLayout layout = new GridLayout(0, NUM_PRIZES_ROW, PADDING, PADDING);&#10;      panel.setLayout(layout);&#10;      &#10;      //put panels in the grid&#10;      /*&#10;      //ALT METHOD: show grid of what you have and don't have&#10;      ArrayList&lt;Prize&gt; allPrizes = Prize.getAllPrizes();&#10;      ArrayList&lt;Prize&gt; purchasedPrizes = vaultManager.getPurchasedPrizes();&#10;      for(Prize prize : allPrizes){&#10;         //do you have it?&#10;         if(purchasedPrizes.contains(prize)){&#10;            //yup, add the panel&#10;            panel.add(new PrizePanel(prize));&#10;         }&#10;         else{&#10;            //don't have it, add a question mark&#10;            panel.add(new PrizePanel(null));&#10;         }&#10;      }&#10;      */&#10;      &#10;      //get list of prizes the user has&#10;      ArrayList&lt;Prize&gt; purchasedPrizes = vaultManager.getPurchasedPrizes();&#10;      //sort them - Prize class implements how we should compare them, this just wraps it&#10;      Collections.sort(purchasedPrizes, new Comparator&lt;Prize&gt;(){&#10;         public int compare(Prize a, Prize b){&#10;            //ask prize how to compare them&#10;            return Prize.compare(a, b);&#10;         }&#10;      });&#10;      &#10;      //determine how many rows are necessary; fill up these rows and add blank placeholders to fill them&#10;      int rows = Math.max(MIN_NUM_ROWS, purchasedPrizes.size() / NUM_PRIZES_ROW + 1);&#10;//10 prizes -&gt; 2 full rows (/4), 1 not full); 12 prizes -&gt; 3 full rows, 1 totally empty (for motivation)&#10;      //fill with as many prizes as we can&#10;      for(Prize prize : purchasedPrizes){&#10;         panel.add(new PrizePanel(prize));&#10;      }&#10;      //fill remainder of row with placeholders (or the entire rest of the panel)&#10;      int totalSquares = rows * NUM_PRIZES_ROW;&#10;      int placeholders = totalSquares - purchasedPrizes.size(); //20 squares, 4 prizes -&gt; 16 blank placeholders&#10;      for(int i=0; i&lt;placeholders; i++){&#10;         panel.add(new PrizePanel(null));&#10;      }&#10;      &#10;      return panel;&#10;   }&#10;   &#10;   /**&#10;    * Creates a table containing all the prizes that the player has purchased. &#10;    * NOT WORKING NOW&#10;    */&#10;   /*private JTable createPrizeTable(){&#10;    JTable table;&#10;    &#10;    //fill each cell with the prizes&#10;    ArrayList&lt;Prize&gt; prizes = vaultManager.getPurchasedPrizes();&#10;    int numPrizes = prizes.size();&#10;    &#10;    final int NUM_PRIZES_ROW = 3; //number of prizes in a row; also num cols&#10;    int numRows = numPrizes % 3 + 1; //4 prizes -&gt; 2 rows, for example&#10;    Object[][] data = new Object[numRows][NUM_PRIZES_ROW]; //rows x cols&#10;    //for(&#10;    &#10;    Object[][] data = new Object[numActivities][columnNames.length];&#10;    for(int i=0; i&lt;values.size(); i++){&#10;    //the row contains information from the values array of the same index&#10;    data[i] = createActivityRow(values.get(i));&#10;    }&#10;    &#10;    table = new JTable(data, columnNames){&#10;    //make table read-only&#10;    @Override&#10;    public boolean isCellEditable(int row, int column){&#10;    return false;&#10;    }&#10;    };&#10;    //&#10;    table.getColumnModel().getColumn(0).setCellRenderer(new ImageRenderer());&#10;    &#10;    &#10;    table.setRowHeight(40);&#10;    table.setAutoResizeMode(JTable.AUTO_RESIZE_OFF);&#10;    table.setFillsViewportHeight(true);&#10;    return table;&#10;    }*/&#10;}" Filename="VaultPanel.java" Intrnl_Id="6"/>
<SrcFile Content="package cabra.dinero;&#10;&#10;import cabra.*;&#10;import javax.swing.*;&#10;import java.awt.*;&#10;import java.awt.event.*;&#10;import java.util.ArrayList;&#10;import java.util.Arrays;&#10;import sun.awt.WindowClosingListener;&#10;&#10;/**&#10; * Controller class for the Vault.&#10; * It receives input from the view (purchasePrize()), changes the model, and updates the view.&#10; * &#10; * Most-commonly-used public methods:&#10; * int getPoints()&#10; * boolean purchasePrize()&#10; */&#10;public class VaultManager {&#10;&#10;    private PointManager pointManager;&#10;    private ArrayList&lt;Prize&gt; purchasedPrizes = new ArrayList&lt;Prize&gt;();&#10;    &#10;    private GUI gui;&#10;    private VaultTabPane tabPane;&#10;    private JLabel pointLabel;&#10;    &#10;    private final static int MAX_POINTS_DIGITS = 5; //points label will guaranteed have this many digits (00055 for example)&#10;&#10;    /**&#10;     * Usage:&#10;     * Create a VaultManager when you want to start up the vault.&#10;     */&#10;    public VaultManager(PointManager pointManager, final GUI gui, JLabel pointLabel) {&#10;        this.gui = gui;&#10;        this.pointManager = pointManager;&#10;        pointManager.giveVaultManager(this);&#10;        this.pointLabel = pointLabel;&#10;        &#10;        //stock points/prizes with the data stored&#10;        String[] prizeArray = Utils.arrayFromString(UserData.getString(&quot;PrizesBought&quot;));&#10;        for (String prizeString : prizeArray) {&#10;            Prize prize = Prize.getPrizeByID(prizeString); //prizeString is unique ID of prize&#10;            if (prize != null) {&#10;                purchasedPrizes.add(prize);&#10;            }&#10;        }&#10;&#10;        //init tabPane&#10;        tabPane = new VaultTabPane(this);&#10;&#10;        //init view&#10;        /*frame = new JFrame(&quot;Cabra Vault&quot;);&#10;        frame.setIconImages(ImageManager.createImages(&quot;safe.png&quot;, &quot;safe-16.png&quot;));&#10;        frame.add(tabPane);&#10;        frame.setSize(new Dimension(WIDTH, HEIGHT));&#10;        frame.setLocationRelativeTo(null); //center on screen&#10;        frame.addWindowListener(new WindowAdapter(){&#10;            @Override&#10;            public void windowClosing(WindowEvent e){&#10;                //update the main gui&#10;                //gui.refresh(); //buggy&#10;            }&#10;        });*/&#10;        &#10;        &#10;        //&lt;TODO&gt;: PUT IN MAIN PANEL&#10;    }&#10;    &#10;    /**&#10;     * Returns a panel containing stuff related to THIS vault manager (the tab pane.)&#10;     * @return &#10;     */&#10;    public JPanel getPanel(){&#10;        JPanel holder = new JPanel();&#10;        holder.add(tabPane);&#10;        return holder;&#10;    }    &#10;    &#10;    /**&#10;     * Returns the frame this is contained in.&#10;     * @return the frame that the vault stuff is in.&#10;     */&#10;    public JFrame getFrame(){ return gui.getFrame(); }&#10;&#10;    public int getPoints() {&#10;        return pointManager.getPoints();&#10;    }&#10;    &#10;&#10;&#10;    /**&#10;     * Decreases the number of points the user has by the given amount.&#10;     * This just redirects to &#10;     */&#10;    private void decreasePoints(int pointsToLose) {&#10;        pointManager.decreasePoints(pointsToLose);&#10;        update();&#10;    }&#10; &#10;    /**&#10;     * Updates based on how many points the user has.&#10;     */&#10;    public void update(){&#10;        updatePointLabel(pointManager.getPoints());&#10;        tabPane.getVaultPanel().prizePurchased();&#10;        tabPane.getStorePanel().pointsChanged(pointManager.getPoints());&#10;    }    &#10;    &#10;    /***&#10;     * Refreshes the points label so it reflects the number of points the user has.&#10;     * @param points how many points the user has.&#10;     */&#10;    public void updatePointLabel(int points){&#10;        //put zeroes in front so it looks like an old-style arcade display; can be disabled&#10;        //String pointText = Utils.padWithLeadingZeroes(points, MAX_POINTS_DIGITS);&#10;        String pointText = points + &quot;&quot;;&#10;        //string pointText = points + &quot;&quot;; //for the usual representation&#10;        String text = &quot;&lt;html&gt;&lt;center&gt;&lt;b&gt;&quot; + pointText + &quot;&lt;/b&gt;&quot;;&#10;        pointLabel.setText(text);&#10;        pointLabel.setToolTipText(&quot;You've earned &quot; + points + &quot; coins while studying using Cabra!&quot;);   &#10;    }&#10;&#10;    /**&#10;     * Purchases the prize pack. The user's points are decreased by the pack's cost,&#10;     * and the prizes contained in the pack is added to the list of purchased prizes.&#10;     * &#10;     * @param prize the prize pack to purchase&#10;     * @return true if the user can afford the prize pack (and bought it), false if ther user can't afford it&#10;     */&#10;    public boolean purchasePrizePack(PrizePack pack) {&#10;        if (canUserAfford(pack) == false) {&#10;            return false; //user can't afford&#10;        }&#10;        //buy it&#10;        decreasePoints(pack.getCost());&#10;        for (Prize prize : pack.retrievePrizes()) {&#10;            this.purchasedPrizes.add(prize);&#10;            //tabPane.prizePurchased(prize);&#10;&#10;            System.out.println(prize.getName() + &quot; - &quot; + prize.getRarity());&#10;        }&#10;&#10;        /*&#10;        //remove duplicates; duplicates will be adjacent to each other&#10;        for(int i=purchasedPrizes.size()-1; i&gt;0; i--){&#10;        if(purchasedPrizes.get(i).equals(purchasedPrizes.get(i-1)))&#10;        purchasedPrizes.remove(i);&#10;        }&#10;         */&#10;&#10;        //Save the list of prizes; it's overwritten so write ALL that we have&#10;        //convert each to string first; use its ID&#10;        int numPrizes = purchasedPrizes.size();&#10;        String[] ids = new String[numPrizes];&#10;        for (int i = 0; i &lt; numPrizes; i++) {&#10;            ids[i] = purchasedPrizes.get(i).getID();&#10;        }&#10;        String stringifiedIDs = Utils.stringFromArray(ids);&#10;        UserData.setString(&quot;PrizesBought&quot;, stringifiedIDs);&#10;        System.out.println(&quot;Saved prize data: &quot; + stringifiedIDs);&#10;&#10;        update();&#10;        &#10;        return true;&#10;    }&#10;&#10;    /**&#10;     * Convenience method. Returns true if the user can afford the given prize pack (has enough points), false otherwise.&#10;     */&#10;    public boolean canUserAfford(PrizePack pack) {&#10;        return pack.canUserAfford(getPoints());&#10;    }&#10;&#10;    /**&#10;     * Returns a list of all prizes that have NOT been purchased.&#10;     * They may or may not be affordable.&#10;     */&#10;    public ArrayList&lt;Prize&gt; getPurchaseablePrizes() {&#10;        ArrayList&lt;Prize&gt; purchaseable = new ArrayList&lt;Prize&gt;();&#10;        //for each of the prizes, check if it's in the purchased prizes list&#10;        for (Prize prize : Prize.getAllPrizes()) {&#10;            if (purchasedPrizes.contains(prize) == false) {&#10;                //not purchased&#10;                purchaseable.add(prize);&#10;            }&#10;        }&#10;&#10;        return purchaseable;&#10;    }&#10;&#10;    /**&#10;     * Returns a list of all prizes that the user has bought. These are, therefore, not available for purchase.&#10;     */&#10;    public ArrayList&lt;Prize&gt; getPurchasedPrizes() {&#10;        return purchasedPrizes;&#10;    }&#10;}" Filename="VaultManager.java" Intrnl_Id="7"/>
<SrcFile Content="package cabra.dinero;&#10;&#10;import cabra.*;&#10;import javax.swing.*;&#10;import java.awt.*;&#10;import java.awt.event.*;&#10;import java.util.ArrayList;&#10;&#10;/**&#10; * Displays a list of all prizes available for purchase.&#10; */&#10;public class StorePanel extends JPanel {&#10;&#10;    private VaultManager vaultManager; //the controller&#10;    private ArrayList&lt;PrizePackPanel&gt; prizePackPanels = new ArrayList&lt;PrizePackPanel&gt;();&#10;&#10;    public StorePanel(VaultManager vaultManager) {&#10;        this.vaultManager = vaultManager;&#10;&#10;        //init view&#10;        setLayout(new BoxLayout(this, BoxLayout.PAGE_AXIS));&#10;&#10;        JPanel prizePackPanel = createPrizePackPanel();&#10;        //wrap in scroll pane&#10;        JScrollPane scrollPane = new JScrollPane(prizePackPanel);&#10;        scrollPane.setPreferredSize(new Dimension(VaultTabPane.MY_WIDTH, VaultTabPane.MY_HEIGHT));&#10;        scrollPane.setVerticalScrollBarPolicy(ScrollPaneConstants.VERTICAL_SCROLLBAR_ALWAYS);&#10;        scrollPane.setHorizontalScrollBarPolicy(ScrollPaneConstants.HORIZONTAL_SCROLLBAR_AS_NEEDED);&#10;        add(scrollPane);&#10;    }&#10;&#10;    /**&#10;     * Called when a prize(s) is purchased.&#10;     * This updates the points label and the point pack grid based on what the user can afford.&#10;     * @param newPoints the new number of points the user has.&#10;     */&#10;    public void pointsChanged(int newPoints) {&#10;        //tell vault manager&#10;        vaultManager.updatePointLabel(newPoints);&#10;&#10;        //tell each prize pack panel to update - it may have become unaffordable&#10;        for (PrizePackPanel panel : prizePackPanels) {&#10;            panel.updateBuyButton();&#10;        }&#10;    }&#10;&#10;    /**&#10;     * Creates a panel containing stack of JPanels, each containing one prize pack available for purchase.&#10;     */&#10;    private JPanel createPrizePackPanel() {&#10;        final int PADDING = 0;&#10;        final int NUM_PACKS_ROW = 2; //also num cols&#10;&#10;        JPanel panel = new JPanel(new GridLayout(0, NUM_PACKS_ROW, PADDING, PADDING)); //as many rows as necessary&#10;        //make a panel for each prize pack you can buy&#10;        for (PrizePack pack : PrizePack.getAllPrizePacks()) {&#10;            PrizePackPanel packPanel = new PrizePackPanel(pack);&#10;            prizePackPanels.add(packPanel); //for future reference&#10;            panel.add(packPanel);&#10;        }&#10;&#10;        return panel;&#10;    }&#10;&#10;    /***&#10;     * A panel used to display one prize pack in the store. It shows its rarity and cost, and has a button to buy it.&#10;     */&#10;    private class PrizePackPanel extends JPanel {&#10;&#10;        private PrizePack prizePack;&#10;        private JButton buyButton;&#10;        private static final int PADDING = 5; //between elements&#10;        private static final int MAX_STARS = 5; //rarest pack can have this many stars&#10;&#10;        public PrizePackPanel(PrizePack prizePack) {&#10;            this.prizePack = prizePack;&#10;&#10;            //init&#10;            setLayout(new GridBagLayout());&#10;            GridBagConstraints c = new GridBagConstraints();&#10;            c.anchor = GridBagConstraints.CENTER;&#10;            c.insets = new Insets(PADDING, PADDING, PADDING, PADDING);&#10;            c.gridx = 0;&#10;            c.gridy = 0;&#10;            c.gridwidth = 1;&#10;            c.gridheight = 1;&#10;&#10;            //image of pack&#10;            //c.weighty = 1;&#10;            //put in label&#10;            JLabel packLabel = new JLabel(ImageManager.createImageIcon(&quot;box-close.png&quot;));&#10;            //packLabel.setAlignmentX(JLabel.CENTER_ALIGNMENT);&#10;            add(packLabel, c);&#10;&#10;            //stars representing the rarity&#10;            //c.weighty = 0;&#10;            c.gridx++;&#10;            JPanel starPanel = new JPanel(new GridLayout(1, 0)); //as many cols as necessary, no padding&#10;            int numStars = prizePack.getStars(MAX_STARS);&#10;            starPanel.setToolTipText(&quot;This pack has a rarity of &quot; + numStars + &quot; star(s).&quot;);&#10;            //put labels in here, one per star&#10;            for (int i = 0; i &lt; numStars; i++) {&#10;                //put in a label&#10;                JLabel label = new JLabel(ImageManager.createImageIcon(&quot;star.png&quot;));&#10;                starPanel.add(label);&#10;            }&#10;            add(starPanel, c);&#10;&#10;            //label representing the rarity&#10;            c.gridx = 0;&#10;            c.gridy++;&#10;            JLabel pointLabel = new JLabel(ImageManager.createImageIcon(&quot;coins.png&quot;));&#10;            pointLabel.setText(prizePack.getCost() + &quot;&quot;);&#10;            pointLabel.setToolTipText(&quot;This pack costs &quot; + prizePack.getCost() + &quot; points.&quot;);&#10;            //pointLabel.setAlignment&#10;            add(pointLabel, c);&#10;&#10;            //button to buy it&#10;            c.gridx++;&#10;            buyButton = new JButton();&#10;            buyButton.addActionListener(new BuyListener(prizePack));&#10;            updateBuyButton();&#10;            add(buyButton, c);&#10;        }&#10;&#10;        /**&#10;         * Updates the buy button (which lets the user buy the pack) based on whether or not the user can afford it.&#10;         */&#10;        public void updateBuyButton() {&#10;            if (vaultManager.canUserAfford(prizePack)) {&#10;                //user can afford, make it clickable and say buy&#10;                buyButton.setText(&quot;Buy pack&quot;);&#10;                buyButton.setIcon(ImageManager.createImageIcon(&quot;coin-gold.png&quot;));&#10;                buyButton.setToolTipText(&quot;Contains 3 prizes&quot;);&#10;            } else {&#10;                //use can't afford, disable it&#10;                buyButton.setText(&quot;Can't afford&quot;);&#10;                //buyButton.setIcon(ImageManager.createImageIcon(&quot;x.png&quot;));&#10;                buyButton.setIcon(null);&#10;                buyButton.setToolTipText(null);&#10;                buyButton.setEnabled(false);&#10;            }&#10;        }&#10;&#10;        private class BuyListener implements ActionListener {&#10;&#10;            private PrizePack prizePack;&#10;&#10;            public BuyListener(PrizePack prizePack) {&#10;                this.prizePack = prizePack;&#10;            }&#10;&#10;            public void actionPerformed(ActionEvent e) {&#10;                //are they sure?&#10;                String confirmText = &quot;Are you sure you want to spend &quot; + prizePack.getCost() + &quot; points buying this prize pack?&quot;;&#10;                if (InputManager.confirm(confirmText, null)) {&#10;                    //show dialog containing the pack opening and the prizes they won coming out&#10;                    JPanel panel = new PackOpenPanel(prizePack);&#10;                    //wrap in dialog&#10;                    JDialog dialog = Utils.putPanelInDialog(panel, null, &#10;                            &quot;Opening the prize pack... here's what you found!&quot;,&#10;                            &quot;box-open.png&quot;, PackOpenPanel.MY_WIDTH, PackOpenPanel.MY_HEIGHT);&#10;                    dialog.setVisible(true);&#10;&#10;                    //tell vault manager to buy this&#10;                    vaultManager.purchasePrizePack(prizePack);&#10;                }&#10;            }&#10;        }&#10;&#10;        /**&#10;         * A panel to show a prize pack being opened - showing the prizes that came out of it&#10;         */&#10;        private class PackOpenPanel extends JPanel {&#10;&#10;            private PrizePack prizePack;&#10;            public static final int MY_WIDTH = 400;&#10;            public static final int MY_HEIGHT = 150;&#10;            private static final int PADDING = 25; //between edges and panels&#10;            private static final int IPADDING = 40; //internal padding; between panels&#10;&#10;            public PackOpenPanel(PrizePack prizePack) {&#10;                this.prizePack = prizePack;&#10;&#10;                //setInsets(new Insets(PADDING, PADDING, PADDING, PADDING));&#10;                setLayout(new GridBagLayout());&#10;                GridBagConstraints c = new GridBagConstraints();&#10;                c.insets = new Insets(PADDING, PADDING, PADDING, PADDING);&#10;                c.ipadx = IPADDING;&#10;                c.ipady = IPADDING;&#10;&#10;                /*&#10;                //add opening box icon&#10;                JPanel imagePanel = new JPanel(new GridLayout(1,1));&#10;                imagePanel.add(new JLabel(ImageManager.createImageIcon(&quot;box-open.png&quot;)));&#10;                add(imagePanel, c);&#10;                 */&#10;&#10;                //add prize panels for each of the prizes contained in the pack&#10;                for (Prize prize : prizePack.retrievePrizes()) {&#10;                    PrizePanel panel = new PrizePanel(prize);&#10;                    add(panel, c);&#10;                }&#10;            }&#10;        }&#10;    }&#10;}" Filename="StorePanel.java" Intrnl_Id="8"/>
<SrcFile Content="package cabra.dinero;&#10;&#10;import cabra.*;&#10;import javax.swing.*;&#10;import java.awt.*;&#10;&#10;/**&#10; * A panel that contains a prize and draws the prize on it.&#10; */&#10;public class PrizePanel extends JPanel {&#10;&#10;    private ImageIcon image;&#10;    private Color bgColor;&#10;    private static final String PLACEHOLDER_TEXT = &quot;Buy some more prizes to fill up your vault!&quot;;&#10;    private static final int BORDER_RADIUS = 10; //rounded corners of the background&#10;&#10;    /**&#10;     * Creates a Prize Panel that contains and shows a prize.&#10;     * Pass null to show a question mark (an empty placeholder.)&#10;     */&#10;    public PrizePanel(Prize prize) {&#10;        setLayout(new GridLayout(1, 1));&#10;        //setMinimumSize(new Dimension(MIN_WIDTH, MIN_HEIGHT));&#10;&#10;        if (prize == null) {&#10;            //this is a placeholder; show a question mark&#10;            this.image = ImageManager.createImageIcon(&quot;prizes/question.png&quot;);&#10;            JLabel imageLabel = new JLabel(image);&#10;            imageLabel.setToolTipText(PLACEHOLDER_TEXT);&#10;            add(imageLabel);&#10;        } else {&#10;            //add label containing the image&#10;            this.image = prize.getImage();&#10;            JLabel imageLabel = new JLabel(image);&#10;            imageLabel.setToolTipText(prize.getName() + &quot; - &quot; + prize.getPrizeType().getRarityName());&#10;            add(imageLabel);&#10;&#10;            //draw bg later based on the type of prize&#10;            this.bgColor = prize.getPrizeType().getColor();&#10;        }&#10;    }&#10;&#10;    public void paintComponent(Graphics g) {&#10;        if (bgColor != null) {&#10;            //draw the background in a rounded rectangle; take up the whole space&#10;            g.setColor(bgColor);&#10;            g.fillRoundRect(0, 0, getWidth(), getHeight(), BORDER_RADIUS, BORDER_RADIUS);&#10;        }&#10;    }&#10;}" Filename="PrizePanel.java" Intrnl_Id="9"/>
<SrcFile Content="package cabra.dinero;&#10;&#10;import java.util.ArrayList;&#13;&#10;import java.util.Arrays;&#13;&#10;&#13;&#10;/**&#13;&#10; * Contains a list of Prize Packs, which contain prizes of varying rarity.&#13;&#10; * When you buy a Prize Pack, it opens up and a certain number of prizes pop up - you've just won them.&#13;&#10; */&#13;&#10;public class PrizePack{&#13;&#10;  private static final int PRIZES_PER_PACK = 3;&#13;&#10;  private static final int RARITY_DEVIATION = 3; //prizes in this pack have rarities within this.rarity +- deviation&#13;&#10;    &#13;&#10;  /**&#13;&#10;   * A list of every prize pack. Ensure this is sorted.&#13;&#10;   */&#13;&#10;  public static final PrizePack[] PRIZEPACKS = new PrizePack[]{&#13;&#10;    new PrizePack  (2, 50),&#13;&#10;      new PrizePack(4, 100),&#13;&#10;      new PrizePack(6, 250),&#13;&#10;      new PrizePack(8, 500),&#13;&#10;      new PrizePack(10, 1000),&#13;&#10;      new PrizePack(12, 2000),&#13;&#10;      new PrizePack(14, 3000),&#13;&#10;      new PrizePack(16, 4000),&#13;&#10;      new PrizePack(18, 5000),&#13;&#10;      new PrizePack(20, 6000),&#13;&#10;      new PrizePack(22, 8000),&#13;&#10;      new PrizePack(25, 10000)&#13;&#10;  };&#13;&#10;  &#13;&#10;  private int rarity;&#13;&#10;  private int cost;&#13;&#10;  &#13;&#10;  /**&#13;&#10;   * Creates a PrizePack with the given rarity and cost.&#13;&#10;   * @param rarity how rare, on average, are the prizes given by the prize pack.&#13;&#10;   * @param cost how much it costs to purchase the prize pack.&#13;&#10;   */&#13;&#10;  private PrizePack(int rarity, int cost){&#13;&#10;    this.rarity = rarity;&#13;&#10;    this.cost = cost;&#13;&#10;  }&#13;&#10;  &#13;&#10;  public int getRarity(){ return rarity; }&#13;&#10;  public int getCost(){ return cost; }&#13;&#10;  &#13;&#10;  /**&#13;&#10;   * Opens up this prize pack, returning a few random prizes of varying rarity.&#13;&#10;   */&#13;&#10;  public Prize[] retrievePrizes(){&#13;&#10;    Prize[] prizes = new Prize[PRIZES_PER_PACK];&#13;&#10;    //&lt;TODO&gt;: prevent duplicates&#13;&#10;    for(int i=0; i&lt;PRIZES_PER_PACK; i++){&#13;&#10;      prizes[i] = Prize.getSuitablePrize(this.rarity, RARITY_DEVIATION);&#13;&#10;    }&#13;&#10;    &#13;&#10;    return prizes;&#13;&#10;  }&#13;&#10;  &#13;&#10;  /**&#13;&#10;   * Returns the number of stars this pack has, based on its rarity.&#13;&#10;   * The number of stars is in the range [1, maxStars] (inclusive.)&#13;&#10;   * @param maxStars the number of stars this should have if it has maximum rarity. At other rarities this will be used as a scale.&#13;&#10;   * @return int the number of stars, between 1 and maxStars.&#13;&#10;   */&#13;&#10;  public int getStars(int maxStars){&#13;&#10;    //rarest pack will have most stars, so scale accordingly&#13;&#10;    int maxRarity = getRarestPack().getRarity();&#13;&#10;    //proportion: this rarity / max rarity = this stars / max stars&#13;&#10;    //or this stars = this rarity * max stars / max rarity&#13;&#10;    double rawStars = 1.0 * this.rarity * maxStars / maxRarity;&#13;&#10;    //round accordingly, but ensure it's at least 1&#13;&#10;    int stars = (int)Math.round(rawStars);&#13;&#10;    if(stars &lt; 1) stars = 1;&#13;&#10;    return stars;&#13;&#10;  }&#13;&#10;  &#13;&#10;  /**&#13;&#10;   * @param points the number of points the user has/feels like spending.&#13;&#10;   * @return true if you can buy this prize pack with that number of points, false otherwise.&#13;&#10;   */&#13;&#10;  public boolean canUserAfford(int points){&#13;&#10;    return cost &lt;= points;&#13;&#10;  }  &#13;&#10;  &#13;&#10;  /**&#13;&#10;   * Returns a list of each Prize Pack available.&#13;&#10;   */&#13;&#10;  public static ArrayList&lt;PrizePack&gt; getAllPrizePacks(){&#13;&#10;    ArrayList&lt;PrizePack&gt; packs = new ArrayList&lt;PrizePack&gt;();&#13;&#10;    packs.addAll(Arrays.asList(PRIZEPACKS));&#13;&#10;    return packs;&#13;&#10;  }&#13;&#10;  &#13;&#10;  private static PrizePack getRarestPack(){&#13;&#10;    //because it's already sorted, just return the last one in the list&#13;&#10;    return PRIZEPACKS[PRIZEPACKS.length - 1];&#13;&#10;  }&#13;&#10;}" Filename="PrizePack.java" Intrnl_Id="10"/>
<SrcFile Content="package cabra.dinero;&#10;&#10;import cabra.*;&#10;import javax.swing.*;&#10;import java.awt.*;&#10;import java.awt.event.*;&#10;import java.util.ArrayList;&#10;import java.util.Arrays;&#10;&#10;/**&#10; * Model for a prize, or an stuffed animal the user can buy.&#10; */&#10;public enum Prize {&#10;&#10;    SQUIRREL(&quot;Squirrel&quot;, 1),&#10;    DOG(&quot;Dog&quot;, 2),&#10;    CAT(&quot;Cat&quot;, 3),&#10;    SHEEP(&quot;Sheep&quot;, 4),&#10;    COW(&quot;Cow&quot;, 5),&#10;    PIG(&quot;Pig&quot;, 6),&#10;    CHICKEN(&quot;Chicken&quot;, 7),&#10;    &#10;    DOG2(&quot;Dog&quot;, 8),&#10;    CAT2(&quot;Cat&quot;, 9),&#10;    SHEEP2(&quot;Sheep&quot;, 10),&#10;    COW2(&quot;Cow&quot;, 11),&#10;    PIG2(&quot;Pig&quot;, 12),&#10;    CHICKEN2(&quot;Chicken&quot;, 13),&#10;    PENGUIN(&quot;Penguin&quot;, 14),&#10;    ELEPHANT(&quot;Elephant&quot;, 15),&#10;    &#10;    SHEEP3(&quot;Sheep&quot;, 16),&#10;    COW3(&quot;Cow&quot;, 17),&#10;    PIG3(&quot;Pig&quot;, 18),&#10;    CHICKEN3(&quot;Chicken&quot;, 19),&#10;    PENGUIN2(&quot;Penguin&quot;, 20),&#10;    ELEPHANT2(&quot;Elephant&quot;, 21),&#10;    LION(&quot;Lion&quot;, 22),&#10;    TIGER(&quot;Tiger&quot;, 23),&#10;    &#10;    GOAT(&quot;Goat&quot;, 24),&#10;    EVIL_GOAT(&quot;Evil Goat&quot;, 25);&#10;    &#10;    &#10;    &#10;    private final int rarity;&#10;    private final ImageIcon image;&#10;    private final String name;&#10;&#10;    /**&#10;     * Full constructor. DON'T CALL THIS DIRECTLY. Use the constructor sans image.&#10;     */&#10;    Prize(String name, int rarity, ImageIcon image) {&#10;        this.name = name;&#10;        this.rarity = rarity;&#10;        this.image = image;&#10;    }&#10;&#10;    /**&#10;     * Convenience overload for Prize(int, ImageIcon, name). Pass the name of the image isntead of the imageicon itself.&#10;     * DON'T CALL THIS DIRECTLY EITHER. Use the constructor sans image.&#10;     */&#10;    Prize(String name, int rarity, String imageURL) {&#10;        this(name, rarity, ImageManager.createImageIcon(imageURL));&#10;    }&#10;&#10;    /**&#10;     * Super-convenient overload for Prize constructor. The image URL will be the lowercased version of the name + &quot;.png&quot;.&#10;     */&#10;    Prize(String name, int rarity) {&#10;        this(name, rarity, &quot;prizes/&quot; + name.replace(' ', '-').toLowerCase() + &quot;.png&quot;);&#10;    }&#10;&#10;    public ImageIcon getImage() {&#10;        return image;&#10;    }&#10;&#10;    public String getName() {&#10;        return name;&#10;    }&#10;&#10;    /**&#10;     * Returns the unique identification string of the Prize.&#10;     */&#10;    public String getID() {&#10;        return name();&#10;    }&#10;&#10;    public int getRarity() {&#10;        return rarity;&#10;    }&#10;&#10;    /**&#10;     * Returns the prize type that fits this prize.&#10;     */&#10;    public PrizeType getPrizeType() {&#10;        return PrizeType.getPrizeType(this);&#10;    }&#10;&#10;    public static ArrayList&lt;Prize&gt; getAllPrizes() {&#10;        ArrayList&lt;Prize&gt; prizes = new ArrayList&lt;Prize&gt;();&#10;        prizes.addAll(Arrays.asList(Prize.values()));&#10;        return prizes;&#10;    }&#10;&#10;    /**&#10;     * Returns the prize with the given prize ID, or null if there is none.&#10;     * The prize ID must be unique to the prize; use getID() to find a prize's ID.&#10;     */&#10;    public static Prize getPrizeByID(String prizeID) {&#10;        try {&#10;            Prize prize = Prize.valueOf(prizeID);&#10;            return prize;&#10;        } catch (IllegalArgumentException e) {&#10;            return null;&#10;        }&#10;    }&#10;&#10;    /**&#10;     * Returns a random suitable prize. The prize's rarity will be in the range [rarity-deviation, rarity+deviation].&#10;     * This is guaranteed to return at least one prize.&#10;     */&#10;    public static Prize getSuitablePrize(int rarity, int deviation) {&#10;        //create list of suitable prizes&#10;        ArrayList&lt;Prize&gt; suitablePrizes = new ArrayList&lt;Prize&gt;();&#10;        for (Prize prize : getAllPrizes()) {&#10;            if (prize.rarity &gt;= rarity - deviation &amp;&amp; prize.rarity &lt;= rarity + deviation) {&#10;                suitablePrizes.add(prize);&#10;            }&#10;        }&#10;&#10;        //choose random one from the list&#10;        int random = (int) (suitablePrizes.size() * Math.random());&#10;        return suitablePrizes.get(random);&#10;    }&#10;&#10;    /**&#10;     * Prize is an enum and hence can't use compareTo(), so we'll use this.&#10;     */&#10;    public static int compare(Prize a, Prize b) {&#10;        return a.getRarity() - b.getRarity();&#10;    }&#10;&#10;    /**&#10;     * Based on its rarity, each prize has a type, or color, and a rarity name associated with it.&#10;     * This way the same kind of prize (same animal) can have souped-up versions.&#10;     */&#10;    public enum PrizeType {&#10;&#10;        BLUE(7, &quot;0094FF&quot;, &quot;Common&quot;),&#10;        RED(15, &quot;FF0000&quot;, &quot;Uncommon&quot;),&#10;        GREEN(23, &quot;00E500&quot;, &quot;Rare&quot;),&#10;        GOLD(30, &quot;FFC800&quot;, &quot;Super Rare&quot;);&#10;        /*&#10;        &#10;        //New point values?&#10;        4 &#10;        7&#10;        10&#10;        13&#10;        15&#10;        18&#10;        21&#10;        23&#10;        25&#10;        &#10;         */&#10;        private int maxRarity;&#10;        private Color color;&#10;        private String rarityName;&#10;&#10;        /**&#10;         * Creates a prize type.&#10;         * The color text is a 6-letter hex string (FF0000) which will map to a color.&#10;         * The rarity name is like &quot;Common&quot; or &quot;Uncommon&quot;; will be displayed on the prize's display.&#10;         */&#10;        PrizeType(int maxRarity, String colorText, String rarityName) {&#10;            this.maxRarity = maxRarity;&#10;            this.color = ColorManager.createColor(colorText);&#10;            this.rarityName = rarityName;&#10;        }&#10;&#10;        public int getMaxRarity() {&#10;            return maxRarity;&#10;        }&#10;&#10;        public Color getColor() {&#10;            return color;&#10;        }&#10;&#10;        public String getRarityName() {&#10;            return rarityName;&#10;        }&#10;&#10;        /**&#10;         * Returns the prize type which should fit the given prize.&#10;         * The prize type is based on the prize's rarity and which range it falls in.&#10;         */&#10;        public static PrizeType getPrizeType(Prize prize) {&#10;            PrizeType[] prizeTypes = PrizeType.values();&#10;            for (int i = 0; i &lt; prizeTypes.length; i++) {&#10;                if (prize.getRarity() &lt;= prizeTypes[i].getMaxRarity()) {&#10;                    return prizeTypes[i];&#10;                }&#10;            }&#10;&#10;            //it's above the max rarity of any prize type; just give the best one&#10;            return prizeTypes[prizeTypes.length - 1];&#10;        }&#10;    }&#10;}" Filename="Prize.java" Intrnl_Id="11"/>
<SrcFile Content="/*&#10; * To change this template, choose Tools | Templates&#10; * and open the template in the editor.&#10; */&#10;&#10;package cabra.abstracts;&#10;&#10;import cabra.*;&#10;import javax.swing.*;&#10;import java.awt.*;&#10;import java.awt.event.*;&#10;&#10;/**A panel holding a text area and (possibly) a picture panel. Goes in the study panel.&#10; * It's in abstracts because we want QuestionPanel to be able to access it, but no one else&#10; *&#10; * @author Neel&#10; */&#10;public abstract class StudyTextPanel extends JPanel{&#10;    &#10;    //references&#10;    protected GUI gui; //for resetting visibility of frame after removing button&#10;    protected Controller controller; //for retrieving pictures from cards&#10;    protected StudyPanel studyPanel; //reacts to the clicking of the show answer button&#10;&#10;    //components&#10;    protected JTextArea textArea;&#10;    protected JScrollPane scroller; //holds textArea&#10;    &#10;    //constants&#10;    public static final int TEXT_AREA_COLUMNS = 6;&#10;    public static final int TEXT_AREA_ROWS_NORMAL = 28;&#10;    public static final int TEXT_AREA_ROWS_PICTURE = TEXT_AREA_ROWS_NORMAL - 10;    &#10;    public static final int MY_WIDTH = 320;&#10;    public static final int MY_HEIGHT = 120;&#10;    &#10;    /** Creates a StudyTextPanel. Call &lt;code&gt;update(Card)&lt;/code&gt; to stock it with a card.&#10;     * &#10;     * @param isQuestion True for question area, false for answer area.&#10;     */&#10;    public StudyTextPanel(StudyPanel studyPanel,Controller controller,GUI gui){&#10;        this.studyPanel = studyPanel;&#10;        this.gui = gui;&#10;        this.controller = controller;&#10;        &#10;        setLayout(new BorderLayout());&#10;        setPreferredSize(new Dimension(MY_WIDTH,MY_HEIGHT));&#10;        &#10;        //initialize components&#10;        textArea = new JTextArea(TEXT_AREA_ROWS_NORMAL,TEXT_AREA_COLUMNS);&#10;        textArea.setTabSize(CardCreatorPanel.TAB_SIZE); &#10;        textArea.setEditable(false);&#10;        textArea.setLineWrap(true);&#10;        textArea.setWrapStyleWord(true);&#10;        textArea.setFont(FontManager.PREFERRED_FONT);&#10;        textArea.setMargin(new Insets(5,5,5,5));&#10;        &#10;        scroller = new JScrollPane(textArea);&#10;        scroller.setVerticalScrollBarPolicy(JScrollPane.VERTICAL_SCROLLBAR_AS_NEEDED);&#10;        scroller.setHorizontalScrollBarPolicy(JScrollPane.HORIZONTAL_SCROLLBAR_NEVER); &#10;        &#10;        //add stuff&#10;        add(BorderLayout.CENTER,scroller);&#10;        &#10;    }&#10;    &#10;    /**Updates the components of this panel to fit the current card. Each panel must provide its own implementation&#10;     * &#10;     * @param card the current card&#10;     */&#10;    public abstract void update(Card card);&#10;    &#10; &#10;    &#10;    /** Notifies this panel that a card was just skipped. Called by Study Panel when the skip button is called; &#10;     * Study Panel will immediately call &lt;code&gt;nextCard()&lt;/code&gt;. &lt;b&gt;Only Question needs this to be called.&lt;/b&gt;&#10;     * &#10;     */&#10;    /*public void cardSkipped(){&#10;        //it's like 'show answer' was clicked&#10;        remove(showAnswer); //that's the showAnswer JButton&#10;        add(BorderLayout.CENTER,scroller); //add the text area (update() already put text in it)&#10;        gui.makeFrameVisible(); //without this, the JButton doesn't go away&#10;        repaint();        &#10;    }*/&#10;    &#10;    /*public class ShowAnswerListener implements ActionListener{&#10;        public void actionPerformed(ActionEvent e) {&#10;            //empty panel of the button&#10;            remove(showAnswer); //that's the showAnswer JButton&#10;            add(BorderLayout.CENTER,scroller); //add the text area (update() already put text in it)&#10;            gui.makeFrameVisible(); //without this, the JButton doesn't go away&#10;            repaint();&#10;            &#10;            //notify the study panel that the answer has now been viewed&#10;            studyPanel.answerShown();&#10;           &#10;        }&#10;    }*/&#10;        &#10;    //getters and setters&#10;}&#10;" Filename="StudyTextPanel.java" Intrnl_Id="12"/>
<SrcFile Content="/*&#10; * To change this template, choose Tools | Templates&#10; * and open the template in the editor.&#10; */&#10;&#10;package cabra;&#10;&#10;import java.io.*;&#10;import java.util.zip.*;&#10;//import java.util.ArrayList;&#10;&#10;/**Provides utility methods for zipping and unzipping files.&#10; *&#10; * @author Neel&#10; */&#10;public final class Zipper extends Object{&#10;    &#10;    private Zipper(){} //can't be instantiated&#10;    &#10;   public static final int BUFFER_SIZE = 2048; //size of buffer, in bytes&#10;   public static final String EXTENSION = &quot;cproj&quot;;&#10;   &#10;   /** Unzips the given .zip file into a folder.&#10;    * &#10;    * @param fileToUnzip the zipped file&#10;    * @param folderToWriteTo the location to unzip to (must be a folder.) Contents of the zipped file are placed inside this folder.&#10;    */&#10;   &#10;   public static void unzip(File fileToUnzip,File folderToWriteTo) {&#10;      //ArrayList&lt;File&gt; unzipped = new ArrayList&lt;File&gt;(); //holds the paths to the files that get written&#10;       if(folderToWriteTo.isFile()){&#10;           throw new IllegalArgumentException(&quot;Can't unzip into a file!&quot;);&#10;       }&#10;       if(folderToWriteTo.exists() == false){&#10;           folderToWriteTo.mkdir();&#10;       }&#10;      try {&#10;         BufferedOutputStream dest = null;&#10;         ZipInputStream zis = new ZipInputStream(new BufferedInputStream(new FileInputStream(fileToUnzip)));&#10;         ZipEntry entry = null;&#10;         while((entry = zis.getNextEntry()) != null) {&#10;            //System.out.println(&quot;Extracting: &quot; +entry);&#10;            int count;&#10;            byte[] data = new byte[BUFFER_SIZE];&#10;            // add files to folder&#10;            File content = new File(folderToWriteTo.getAbsolutePath() + &quot;/&quot; + entry.getName());&#10;            dest = new BufferedOutputStream(new FileOutputStream(content), BUFFER_SIZE);&#10;            while ((count = zis.read(data, 0, BUFFER_SIZE)) &#10;              != -1) {&#10;               //read each byte&#10;               dest.write(data, 0, count);&#10;            }&#10;            &#10;            //unzipped.add(content);&#10;            &#10;            dest.flush();&#10;            dest.close();&#10;         }&#10;         zis.close();&#10;      } catch(Exception e) {&#10;         e.printStackTrace();&#10;      }&#10;      &#10;      //return unzipped;&#10;   }&#10;   &#10;   /** Zips up the given folder's contents into the given .zip file.&#10;    * &#10;    * @param folderToZip the folder containing the files to be zipped. Its contents will be zipped into zipTo&#10;    * @param zipTo the .zip file that the files should be zipped into &#10;    * @param gui the GUI (used for its frame)&#10;    * @return the zipped file&#10;    */&#10;   &#10;  public static File zip(File folderToZip, File zipTo,GUI gui){&#10;       if(folderToZip.isFile()){&#10;           throw new IllegalArgumentException(&quot;Can only zip folders!&quot;);&#10;       }&#10;      &#10;      try {&#10;         BufferedInputStream origin = null;&#10;         &#10;         //create a .zip file inside the zipTo folder&#10;         String projectName = folderToZip.getName();&#10;         File zip = new File(zipTo.getAbsolutePath() + &quot;/&quot; + projectName + &quot;.&quot; + EXTENSION);&#10;         &#10;         //does it exist? if so, ask for confimation since we could overwrite&#10;         if(zip.exists()){&#10;             if(!InputManager.confirm(&quot;&lt;html&gt;&lt;center&gt;A file named &lt;i&gt;&quot; + zip.getAbsolutePath() + &quot;&lt;/i&gt;&lt;br /&gt;already exists. Do you want to replace it?&quot;,gui.getFrame()))&#10;                 return null;&#10;         }&#10;         &#10;         //and have the output stream write to the zip file&#10;         ZipOutputStream out = new ZipOutputStream(new BufferedOutputStream(new FileOutputStream(zip)));&#10;         //out.setMethod(ZipOutputStream.DEFLATED);&#10;         byte[] data = new byte[BUFFER_SIZE];&#10;         &#10;         // get a list of files from given folder&#10;         String[] files = folderToZip.list();&#10;&#10;         for (int i=0; i&lt;files.length; i++) {&#10;             File file = new File(files[i]);&#10;             String absolutePath = folderToZip.getAbsolutePath() + &quot;/&quot; + file.getName();&#10;             File newLocation = new File(absolutePath);&#10;            origin = new BufferedInputStream(new FileInputStream(newLocation), BUFFER_SIZE);&#10;            ZipEntry entry = new ZipEntry(files[i]);&#10;            out.putNextEntry(entry);&#10;            int count;&#10;            while((count = origin.read(data, 0, &#10;              BUFFER_SIZE)) != -1) {&#10;               out.write(data, 0, count);&#10;            }&#10;            origin.close();&#10;         }&#10;         out.close();&#10;         return zip;&#10;      } catch(Exception e) {&#10;         System.err.println(&quot;Error zipping project! Details: &quot;);&#10;         e.printStackTrace();&#10;         return null;&#10;      }       &#10;  }&#10;}&#10;" Filename="Zipper.java" Intrnl_Id="13"/>
<SrcFile Content="/*&#10; * To change this template, choose Tools | Templates&#10; * and open the template in the editor.&#10; */&#10;&#10;package cabra;&#10;&#10;import java.io.File;&#10;import javax.swing.*;&#10;import java.awt.*;&#10;import java.util.ArrayList;&#10;import javax.swing.event.HyperlinkEvent;&#10;import javax.swing.event.HyperlinkListener;&#10;&#10;/**Assorted utilities.&#10; *&#10; * @author Neel&#10; */&#10;public final class Utils {&#10;    &#10;    private Utils(){} //can't be instantiated&#10;&#10;    /**Returns the extension of a file.&#10;     * &#10;     * @param file the file to check&#10;     * @return the extension&#10;     * @return &lt;code&gt;null&lt;/code&gt; if the file's a folder&#10;     */&#10;    public static String getExtension(File file){&#10;        String extension = null;&#10;        String name = file.getName(); //like foo.txt&#10;        int dot = name.lastIndexOf('.');&#10;&#10;        if (dot &gt; 0 &amp;&amp;  dot &lt; name.length() - 1) {&#10;            //there is an extension and it's not at the end&#10;            extension = name.substring(dot+1).toLowerCase();&#10;        }&#10;        return extension;    &#10;    }&#10;    &#10;        &#10;    /**Tests to see if the given string ends with any of the options. Used often with files/extensions.&#10;     * &#10;     * @param test the string to test&#10;     * @param ends the strings that you want to see at the end&#10;     * @return true if the string ends with one of the specified string, false otherwise&#10;     */    &#10;    public static boolean endsWith(String test, String... ends){&#10;        for(String end : ends){&#10;            if(test.endsWith(end)) return true;&#10;        }&#10;        return false;&#10;    }    &#10;    &#10;    /** Cleans up a URL, because Java doesn't like URLs with spaces in them&#10;     * &#10;     * @param url the raw URL with spaces&#10;     * @return the URL with %20's instead of spaces&#10;     */&#10;    public static String sanitizeURL(String url){&#10;        return url.replaceAll(&quot; &quot;,&quot;%20&quot;);&#10;    }&#10;    &#10;    /**&#10;     * Decides if the random chance goes through or not (a probability trial.)&#10;     * @param chance the decimal chance that it will happen (0.1 = 10%)&#10;     * @return true if the random chance goes through, false otherwise&#10;     */&#10;    public static boolean pushLuck(double chance) {&#10;        return Math.random() &lt; chance;&#10;    }    &#10;    &#10;    /** Finds the sum of an array of ints.&#10;     * &#10;     * @param nums the array&#10;     * @return their sum&#10;     */&#10;    public static int arraySum(int[] nums){&#10;        int sum = 0;&#10;        for(int i : nums)&#10;            sum += i;&#10;        return sum;&#10;    }&#10;    &#10;    /* Finds the average of the numbers.&#10;     * @param nums as many integers as you want&#10;     * @return the average, shortened to an int&#10;     */&#10;    public static int average(int... nums){&#10;        int count = 0;&#10;        int total = 0;&#10;        for(int num : nums){&#10;            total += num;&#10;            count++;&#10;        }&#10;        return total / count;&#10;    }&#10;    &#10;    /**Converts the given selection into a percent.&#10;     * &#10;     * @param chosen the numerator, or the number of chosen items&#10;     * @param total the denominator, or the total number of items&#10;     * @return the percent, formatted as xx% or just x%&#10;     */&#10;    public static String toPercent(int chosen, int total){&#10;        //for example, let's say we had 2/3 passed&#10;        int percent = percent(chosen,total);&#10;        String percentString = percent + &quot;%&quot;; //67 + %&#10;        return percentString;&#10;    }&#10;    &#10;    /**Returns the percentage, like 5.&#10;     * &#10;     * @param chosen the numerator&#10;     * @param total the denominator&#10;     * @return the percent&#10;     */&#10;    public static int percent(int chosen, int total){&#10;        if(total == 0){&#10;            //dividing by 0 is bad; just return 0%&#10;            return 0;&#10;        }&#10;        //let's say we had 2,3 passed&#10;        double decimal = chosen / (total + 0.0); //2/3.0 is 0.6666&#10;        int percent = (int)(Math.round(decimal * 100)); //0.6666 * 100 ~= 0.67 (we're rounding)&#10;        return percent;&#10;    }&#10;    &#10;    /**&#10;     * Converts the given number of days to milliseconds.&#10;     * @param days  a certain number of days&#10;     * @return  a number of milliseconds equal to that. It's a long.&#10;     */&#10;    public static long daysToMillis(int days){&#10;        return days * 24 * 60 * 60 * 1000; //24 hours, 60 mins, 60 sec, 1000 ms&#10;    }&#10;    &#10;    /**&#10;     * Turns the given int[] array into an Integer[] array.&#10;     * @param a an array of ints&#10;     * @return an array of Integers with the same contents&#10;     */&#10;    public static Integer[] toIntegerArray(int[] a){&#10;        Integer[] Ints = new Integer[a.length];&#10;        for(int i=0; i&lt;a.length; i++){&#10;            Ints[i] = new Integer(a[i]);&#10;        }&#10;        &#10;        return Ints;&#10;    }&#10;    &#10;    /**&#10;     * Returns the given string with an &quot;s&quot; at the end if the quantity is present.&#10;     * stringWithPlural(&quot;dog&quot;, 5) -&gt; &quot;dogs&quot;&#10;     * Warning: doesn't take into account unusual endings (curse you, English.) &quot;child&quot; would become &quot;childs&quot; :(&#10;     * @param string some sort of noun that can be counted&#10;     * @param quantity the number of things there are of the string&#10;     * @return  the string + &quot;s&quot; if there's anything but 1, the original string only if there's only 1&#10;     */&#10;    public static String stringWithPlural(String string, int quantity){&#10;        if(quantity != 1)&#10;            return string + &quot;s&quot;;&#10;        else&#10;            return string;&#10;    }&#10;    &#10;    /**&#10;     * Returns the number of digits in x.&#10;     * @param x a whole number.&#10;     * @return 1 if x is 0, otherwise the number of digits.&#10;     */&#10;    public static int numDigits(int x){&#10;        if(x == 0) return 1;&#10;        return (int)(Math.log10(x)) + 1; //250 -&gt; log250 = 2.something -&gt; 2+1 -&gt; 3&#10;    }&#10;    &#10;    /**&#10;     * Given a number, pads it with leading zeros so the string representation has the given number of digits.&#10;     * If there are more digits in x than the parameter digits, then the representation of x is returned.&#10;     * @param x a number &gt;= 0.&#10;     * @param digits a number &gt;= 0.&#10;     * @return e.g. &quot;00034&quot; if x=34 and digits=5. &quot;532&quot; if x=532 and digits=2 (digits ignored since digits in x &gt; [digits])&#10;     */&#10;    public static String padWithLeadingZeroes(int x, int digits){&#10;        String string = x + &quot;&quot;; //default string representation&#10;        int zeroesInFront = digits - numDigits(x); //total digits - digits in number is number to add on front&#10;        &#10;        //add specified # of 0s on front of string&#10;        for(int i=0; i&lt;zeroesInFront; i++){&#10;            string = &quot;0&quot; + string;&#10;        }&#10;        &#10;        return string;&#10;    }&#10;    &#10;    /**&#10;     * Given a string array, converts it into an array representation.&#10;     * @param array an array of strings. Elements should not have semicolons.&#10;     * @return the stringified array. Use arrayFromString() to decode it.&#10;     */&#10;    public static String stringFromArray(String[] array){&#10;        String string = &quot;[&quot;;&#10;        //tack on each string, add a semicolon to separate them&#10;        for(String arrayString : array){&#10;            string += arrayString + &quot;;&quot;;&#10;        }&#10;        //chop off the last bit&#10;        string = string.substring(0, string.length() - 1);&#10;        string += &quot;]&quot;;&#10;        &#10;        return string;&#10;    }&#10;    &#10;    /**&#10;     * Given a string representing an encoded list of strings (from stringFromArray), changes it into a list of strings.&#10;     * @param stringified represents a string array.&#10;     * @return an array of the strings inside stringified.&#10;     */&#10;    public static String[] arrayFromString(String stringified){&#10;        //chop off starting and ending brackets&#10;        stringified = stringified.substring(1, stringified.length() - 1);&#10;        //now each item is delimited by a semicolon; split them&#10;        String[] strings = stringified.split(&quot;;&quot;);&#10;        return strings;&#10;    }&#10;    &#10;    &#10;    /**&#10;     * Guts the given folder. All files inside it are deleted. The given folder is not deleted.&#10;     * @param file a folder&#10;     */&#10;    public static void purgeFolder(File folder){&#10;        //delete everything inside this&#10;        for(File file : folder.listFiles()){&#10;            obliterate(file);&#10;        }&#10;    }&#10;    &#10;    /**&#10;     * Completely obliterates the given file, leaving no trace of it.&#10;     * @param file &#10;     */&#10;    public static void obliterate(File file){&#10;        if(file.isFile()){&#10;            file.delete();&#10;            file.deleteOnExit();&#10;        }&#10;        else if(file.isDirectory()){&#10;            //delete everything inside, then delete this on exit&#10;            for(File child : file.listFiles()){&#10;                obliterate(child);&#10;            }&#10;            file.delete();&#10;            file.deleteOnExit();&#10;        }&#10;    }&#10;    &#10;    //GUI UTILITIES&#10;    &#10;    /** Creates a JPanel that shows some advice to the user.&#10;     * &#10;     * @param text the advice (can be HTML)&#10;     * @return the created JPanel&#10;     */&#10;    public static JPanel createAdvicePanel(String text){&#10;            JPanel panel = new JPanel(false){&#10;            @Override&#10;                    public void paintComponent(Graphics g){&#10;                        super.paintComponent(g);&#10;                        Utils.drawEmblem(this, g);&#10;                    }&#10;            };&#10;            JLabel filler = new JLabel(text);&#10;            filler.setHorizontalAlignment(JLabel.CENTER);&#10;            //filler.setVerticalAlignment(JLabel.CENTER);&#10;            panel.setLayout(new java.awt.GridLayout(1, 1));&#10;            panel.add(filler);&#10;            return panel;&#10;    }&#10;    &#10;    /** Launches the user's browser to the specified URL.&#10;     * &#10;     * @param url the url to open to&#10;     */&#10;    public static void browse(String url){&#10;       url = sanitizeURL(url);&#10;       java.net.URI uri = null;&#10;       java.awt.Desktop desktop = java.awt.Desktop.getDesktop();&#10;       try{&#10;           uri = new java.net.URI(url);&#10;           desktop.browse(uri);&#10;       }&#10;       catch(java.io.IOException io){&#10;           //io error&#10;           System.err.println(&quot;Error launching browser! Details: &quot; + io);&#10;       }&#10;       catch(java.net.URISyntaxException ex){&#10;           //error with syntax of URI&#10;           System.err.println(&quot;Bad URI!: &quot; + uri + &quot;, details: &quot; + ex);&#10;       }              &#10;    }&#10;    &#10;    /** Creates a JEditorPane (for viewing the web) and puts it in a panel and returns it&#10;     * &#10;     * @param pageURL the URL of the page to open in this text pane&#10;     * @param width, height&#10;     */&#10;    public static JPanel createEditorPane(String pageURL, int width, int height){&#10;        //build editor pane&#10;        JEditorPane editorPane = new JEditorPane();&#10;        editorPane.setEditable(false);&#10;        editorPane.setFont(FontManager.PREFERRED_FONT);       &#10;&#10;        //set the page&#10;        java.net.URL url = null; &#10;        try{&#10;            url = new java.net.URL(pageURL);&#10;        }&#10;        catch(java.net.MalformedURLException m){&#10;            //bad URL&#10;            System.err.println(&quot;Bad url! &quot; + m);&#10;        }&#10;        if(url != null){&#10;            try{&#10;                editorPane.setPage(url);&#10;            }&#10;            catch(java.io.IOException io){&#10;                //error with setting page&#10;                //System.err.println(&quot;Error loading page &quot; + url);&#10;            }&#10;        }&#10;&#10;        //enable hyperlinks&#10;        editorPane.addHyperlinkListener(new HyperlinkListener() {&#10;            public void hyperlinkUpdate(HyperlinkEvent evt) {&#10;                if(evt.getEventType() == HyperlinkEvent.EventType.ACTIVATED){&#10;                    Utils.browse(evt.getURL().toString());&#10;                }&#10;            }&#10;        }); &#10;&#10;        //put it in a scroll pane&#10;        JScrollPane scrollPane = new JScrollPane(editorPane);&#10;        scrollPane.setVerticalScrollBarPolicy(JScrollPane.VERTICAL_SCROLLBAR_ALWAYS);&#10;        scrollPane.setHorizontalScrollBarPolicy(JScrollPane.HORIZONTAL_SCROLLBAR_AS_NEEDED); //mostly for the license, which has preformatted text&#10;&#10;        //put it in a JPanel&#10;        JPanel panel = new JPanel(new java.awt.BorderLayout());&#10;        panel.add(scrollPane);&#10;        panel.setPreferredSize(new java.awt.Dimension(width,height));&#10;        return panel;&#10;    }    &#10;   &#10;    /**&#10;     * Uses a JEditorPane to open the given URL in a dialog&#10;     * @param url the url to load&#10;     * @param title the title of the dialog&#10;     * @param frame the parent frame&#10;     * @param visible true if you want the dialog to be visible, false if you want it to be invisible to user&#10;     */&#10;    public static void openURLinDialog(String url, String title, JFrame frame, boolean visible){&#10;        openURLinDialog(url, title, &quot;goat16.png&quot;, frame, visible);&#10;    }&#10;    &#10;    /**&#10;     * Uses a JEditorPane to open the given URL in a dialog&#10;     * @param url the url to load&#10;     * @param title the title of the dialog&#10;     * @param frame the parent frame&#10;     * @param visible true if you want the dialog to be visible, false if you want it to be invisible to user&#10;     * @param iconPath the path to the image icon for the dialog.&#10;     */&#10;    public static void openURLinDialog(String url, String title,  String iconPath, JFrame frame, boolean visible){&#10;        //create panel with page in it&#10;        final int WIDTH = 400;        &#10;        final int HEIGHT = 300;&#10;        JPanel webView = createEditorPane(url, WIDTH, HEIGHT);&#10;        &#10;        //put it in a dialog&#10;        JDialog dialog = new JDialog(frame);&#10;        dialog.setTitle(title);&#10;        dialog.setIconImage(GUI.createImageIcon(iconPath).getImage());&#10;        dialog.setContentPane(webView);&#10;        dialog.pack();&#10;        dialog.setResizable(false);&#10;        dialog.setModal(true);&#10;        Utils.centerComponent(dialog,frame);   &#10;        &#10;        //open it&#10;        dialog.setVisible(visible);&#10;    }&#10;        &#10;    /** Changes the frame's location to a more central screen location&#10;     * @param frame the frame to be moved&#10;     * @param X how far right to move the frame&#10;     * @param Y how far down to move the frame&#10;     */&#10;    public static void changeFrameLocation(Component frame, int X, int Y){&#10;        Point location = frame.getLocation(); //the window's current location&#10;        //move the window over and down a certain amount of pixels&#10;        location.translate(X, Y);&#10;        //set the location&#10;        frame.setLocation(location);&#10;    }    &#10;&#10;    /** Centers the given component in relation to its owner.&#10;     * &#10;     * @param component the component to center&#10;     * @param owner the parent frame&#10;     */&#10;    public static void centerComponent(Component component,Component owner){&#10;        //find the difference in width to see the offsets&#10;        int widthDifference = owner.getWidth() - component.getWidth();&#10;        int heightDifference = owner.getHeight() - component.getHeight();&#10;        &#10;        //we can divide the differences by 2 and add that to the owner's top left&#10;        //and then make that the top left of the component&#10;        //to center the frame&#10;        int leftOffset = widthDifference / 2;&#10;        int topOffset = heightDifference / 2;&#10;        &#10;        //these are the new locations&#10;        int left = owner.getX() + leftOffset;&#10;        int top = owner.getY() + topOffset;&#10;        &#10;        Utils.changeFrameLocation(component, left, top);&#10;    }&#10;    &#10;      /**&#10;       * Centers the given component on the user's screen.&#10;       * @param component a component (usually a frame.)&#10;       */&#10;      public static void centerOnScreen(Component component){&#10;            Toolkit toolkit = java.awt.Toolkit.getDefaultToolkit();&#10;            Dimension screenSize = toolkit.getScreenSize();&#10;            int screenWidth = (int)screenSize.getWidth();&#10;            int screenHeight = (int)screenSize.getHeight();&#10;&#10;            int componentWidth = component.getWidth();&#10;            int componentHeight = component.getHeight();&#10;&#10;            int top = (screenHeight - componentHeight) / 2;&#10;            int left = (screenWidth - componentWidth) / 2;&#10;&#10;            Utils.changeFrameLocation(component, left, top);&#10;      }&#10;    &#10;    /** Draws an emblem (based on current theme) in the bottom left of the given component. &#10;     * Call this in paintComponent() of the component.&#10;     * &#10;     * @param component the component to draw on&#10;     * @param g the Graphics object from paintComponent()&#10;     */&#10;    public static void drawEmblem(JComponent component, Graphics g){&#10;            Themes currentTheme = Themes.getCurrentTheme();&#10;            ImageIcon image = GUI.createImageIcon(&quot;translucent/&quot; + currentTheme.getImageIconPath());&#10;            &#10;            /*if(Themes.getCurrentTheme() == Themes.SNOW){&#10;                image = GUI.createImageIcon(&quot;translucent/snow.png&quot;);&#10;            }*/&#10;            &#10;            int imageWidth = image.getIconWidth();&#10;            int imageHeight = image.getIconHeight();&#10;            //top left corner of where to start drawing&#10;            int topLeftX = component.getWidth() - imageWidth; //x (horizontal) coordinate&#10;            int topLeftY = component.getHeight() - imageHeight; //y (vertical) coordinate&#10;            &#10;            //draw in bottom right corner&#10;            g.drawImage(image.getImage(), topLeftX, topLeftY, (java.awt.image.ImageObserver)null);&#10;            //g.drawImage(image.getImage(), 0,0, (java.awt.image.ImageObserver)null);   &#10;    }&#10;    &#10;    /**&#10;     * Utility method to put the given panel in a JDialog. You'll have to show it on your own.&#10;     * @param panel the panel to put in a dialog&#10;     * @param owner the JFrame that owns the dialog. You can pass null.&#10;     * @param dialogTitle the title for the dialog&#10;     * @param iconPath the path to the dialog's icon, such as foo.png&#10;     * @param width the dialog's width. Pass -1 to pack().&#10;     * @param height the dialog's height. Pass -1 to pack().&#10;     * @return the JDialog the panel is in&#10;     */&#10;    public static JDialog putPanelInDialog(JPanel panel, JFrame owner, String dialogTitle,&#10;            String iconPath, int width, int height){&#10;        JDialog dialog = new JDialog(owner, dialogTitle, true); //boolean means modality&#10;        &#10;        dialog.add(panel);&#10;        dialog.setIconImage(ImageManager.createImageIcon(iconPath).getImage());&#10;        if(width &lt; 0 &amp;&amp; height &lt; 0)&#10;            dialog.pack();&#10;        else&#10;            dialog.setSize(width, height);&#10;        dialog.setResizable(false);&#10;        if(owner != null)&#10;            Utils.centerComponent(dialog, owner);&#10;        else&#10;            dialog.setLocationRelativeTo(null);&#10;        &#10;        return dialog;&#10;    }&#10;    &#10;    /**&#10;     * Creates and shows a dialog.&#10;     * @param frame the parent frame. Can be null.&#10;     * @param whatToSay the body of the dialog.&#10;     * @param title the title of the dialog.&#10;     * @param iconPath the icon's name (x.png)&#10;     */&#10;    public static void showDialog(JFrame frame,String whatToSay,String title){&#10;        showDialog(frame, whatToSay, title, &quot;goat64.png&quot;);&#10;    }&#10;    &#10;    /**&#10;     * Creates and shows an alert dialog.&#10;     * @param frame the parent frame. Can be null.&#10;     * @param whatToSay the body of the dialog.&#10;     * @param title the title of the dialog.&#10;     * @param iconPath the icon's name (x.png)&#10;     */&#10;    public static void showDialog(JFrame frame,String whatToSay,String title, String iconPath){&#10;        JOptionPane.showMessageDialog(&#10;                            frame, //parent&#10;                            whatToSay, //text&#10;                            title, //title&#10;                            JOptionPane.INFORMATION_MESSAGE, //mesage type&#10;                            GUI.createImageIcon(iconPath) //icon&#10;                        );      &#10;    }&#10;    &#10;    /**&#10;     * Convenience overload for debug(Exception, String.) Title is default.&#10;     * @param e the exception to show&#10;     */&#10;    /*public static void debug(Exception e){&#10;        debug(e, &quot;Cabra error&quot;);&#10;    }*/&#10;    &#10;    /**&#10;     * Shows an alert dialog for when an exception occurs.&#10;     * @param e the exception to show&#10;     * @param title the title of the dialog&#10;     */&#10;    public static void debug(Exception e, String title){&#10;        e.printStackTrace();&#10;        String text = &quot;&lt;i&gt;&quot; + e.toString() + &quot;&lt;/i&gt;&lt;br&gt;&quot;;&#10;        //add stack trace&#10;        for(StackTraceElement ste : e.getStackTrace()){&#10;            text += ste.toString() + &quot;&lt;br&gt;&quot;;&#10;        }&#10;        text += &quot;&lt;br&gt;&lt;b&gt;Please take a screenshot and email it to &lt;u&gt;neel@hathix.com&lt;/u&gt;.&lt;/b&gt;&quot;;&#10;        &#10;        showDialog(null, &quot;&lt;html&gt;Sorry! Cabra has encountered an error. Details:&lt;br&gt;&lt;br&gt;&quot; + text,title);&#10;    }&#10;}&#10;" Filename="Utils.java" Intrnl_Id="14"/>
<SrcFile Content="/*&#10; * To change this template, choose Tools | Templates&#10; * and open the template in the editor.&#10; */&#10;&#10;package cabra;&#10;&#10;import java.awt.Font;&#10;import java.io.*;&#10;import java.util.ArrayList;&#10;import java.util.Calendar;&#10;import java.util.LinkedHashMap;&#10;import java.util.LinkedList;&#10;&#10;/**An uninstantiable class for user info&#10; * &#10; * @author Neel&#10; */&#10;public final class UserData {&#10;    &#10;    private UserData(){} //can't be instantiated&#10;    &#10;    private static LinkedHashMap&lt;String, Datum&lt;String&gt;&gt; Data = new LinkedHashMap&lt;String, Datum&lt;String&gt;&gt;();&#10;    static{&#10;        //initialize Data map&#10;        //Current theme&#10;        Data.put(&quot;Theme&quot;,new Datum&lt;String&gt;(&#10;                &quot;Theme&quot;,&#10;                null,&#10;                &quot;Default&quot;&#10;                ));&#10;        //Active project&#10;        Data.put(&quot;Project&quot;,new Datum&lt;String&gt;(&#10;                &quot;Project&quot;,&#10;                null,&#10;                &quot;*none*&quot;&#10;                ));&#10;        //Points&#10;        Data.put(&quot;Points&quot;,new Datum&lt;String&gt;(&#10;                &quot;Points&quot;,&#10;                null,&#10;                &quot;0&quot;&#10;                )); &#10;        //Prizes they've bought from the store&#10;        Data.put(&quot;PrizesBought&quot;,new Datum&lt;String&gt;(&#10;                &quot;PrizesBought&quot;,&#10;                null,&#10;                &quot;[]&quot;&#10;                ));&#10;        //Redeemed codes&#10;        Data.put(&quot;Codes&quot;,new Datum&lt;String&gt;(&#10;                &quot;RedeemedCodes&quot;,&#10;                null,&#10;                &quot; &quot;&#10;                ));&#10;        //Last version used&#10;        Data.put(&quot;Version&quot;,new Datum&lt;String&gt;(&#10;                &quot;LastVersion&quot;,&#10;                null,&#10;                &quot;archaic&quot;&#10;                )); &#10;        //last time they checked for updates&#10;        Data.put(&quot;LastUpdateCheck&quot;,new Datum&lt;String&gt;(&#10;                &quot;LastUpdateCheck&quot;,&#10;                null,&#10;                Calendar.getInstance().getTimeInMillis() + &quot;&quot;&#10;                ));&#10;        &#10;        /* PREFS */&#10;        putPref(&quot;ProjectFolder&quot;, SaveLoad.DEF_PROJECT_FOLDER); //where projects are loaded rom&#10;        putPref(&quot;FontSize&quot;, FontManager.DEFAULT_FONT_SIZE + &quot;&quot;); //14pt; font size&#10;        putPref(&quot;FontName&quot;, FontManager.PREFERRED_FONT.getName()); //font name&#10;        putPref(&quot;MaxSession&quot;, &quot;50&quot;); //max cards in a session&#10;        putPref(&quot;UpdateInterval&quot;, &quot;7&quot;); //check for updates each this many days&#10;        &#10;        /*&#10;        Data.put(&quot;Name&quot;,new Datum&lt;String&gt;(&#10;                &quot;Description&quot;,&#10;                null,&#10;                &quot;Default&quot;&#10;                )); &#10;         */&#10;    }&#10;    &#10;    /**&#10;     * Puts a preference.&#10;     * @param name  the raw name of the preference, such as FontSize&#10;     * @param def   the default value of the preference.&#10;     */&#10;    private static void putPref(String name, String def){&#10;        Data.put(&quot;Prefs.&quot; + name, new Datum&lt;String&gt;(&#10;                &quot;Prefs.&quot; + name,&#10;                null,&#10;                def&#10;                ));&#10;    }&#10;    &#10;    /**&#10;     * UserData file has to be in the same place, else we don't know where to find it&#10;     * So it'll always be in the same place&#10;     */&#10;    private static final File USER_DATA_FILE = new File(javax.swing.filechooser.FileSystemView.getFileSystemView().getDefaultDirectory().getAbsolutePath() + &quot;/CabraProjects/UserData.txt&quot;);&#10;    private static final String SEPARATOR = &quot;:&quot;;&#10;    &#10;    /**&#10;     * Returns the String data stored with the given key.&#10;     * @param key the key associated with the data.&#10;     * @return the text of the datum associated with the key.&#10;     */&#10;    public static String getString(String key){&#10;        return Data.get(key).getData();&#10;    }&#10;    &#10;    /**&#10;     * Same as getString(), except it converts the string to an int for you.&#10;     * @param key the key associated with the data&#10;     * @return the int of the datum associated with the key&#10;     */&#10;    public static int getInt(String key){&#10;        return Integer.parseInt(getString(key));&#10;    }&#10;    &#10;    /**&#10;     * Sets the data for the datum at the given key.&#10;     * @param key the key with which to find the datum&#10;     * @param value the value to give the new datum.&#10;     * @throws IllegalArgumentException if it can't find the key you passed&#10;     */&#10;    public static void setString(String key, String value){&#10;        if(Data.containsKey(key)){&#10;            Data.get(key).setData(value,true);&#10;        }&#10;        else{&#10;            throw new IllegalArgumentException();&#10;        }&#10;    }&#10;&#10;    /**&#10;     * Makes the datum at the given key revert to its default data value.&#10;     * @param key the key with which to get a datum and set its data to default.&#10;     */&#10;    public static void makeDefault(String key){&#10;        Data.get(key).makeDefault();&#10;    }&#10;    &#10;    /**&#10;     * Gets the String data from the given preference. Just a convenience wrapper around getString().&#10;     * @param pref the preference's name, such as FontSize. Technically the Datum is Prefs.FontSize; this is a wrapper.&#10;     */&#10;    public static String getPref(String pref){&#10;        return getString(&quot;Prefs.&quot; + pref);&#10;    }&#10;    &#10;    /**&#10;     * Returns the int data from the given preference.&#10;     * @param pref the preference's name, such as FontSize.&#10;     * @return the preference's value as an int&#10;     */&#10;    public static int getIntPref(String pref){&#10;        return Integer.parseInt(getPref(pref));&#10;    }&#10;  &#10;    /**&#10;     * Sets the data for the preference at the given key.&#10;     * @param pref the pref's key; &quot;Prefs.&quot; is added to the front&#10;     * @param value the value for the preference&#10;     */    &#10;    public static void setPref(String pref, String value){&#10;        setString(&quot;Prefs.&quot; + pref, value);&#10;    }&#10;    &#10;    /**&#10;     * Resets all user data to its default settings. Only use this if all data is corrupted.&#10;     */&#10;    public static void makeAllDefault(){&#10;        for(Datum datum : Data.values()){&#10;            //reset it&#10;            datum.makeDefault();&#10;        }&#10;    }&#10;    &#10;    /** Loads user data.&#10;     * &#10;     */&#10;    public static void load(){&#10;        BufferedReader reader = null;&#10;        try{&#10;            if(USER_DATA_FILE.exists() == false){&#10;                //System.out.println(&quot;USER DATA DOES NOT EXIST&quot;);&#10;                USER_DATA_FILE.createNewFile();&#10;                &#10;                makeAllDefault();&#10;                &#10;                return;&#10;            }&#10;            reader = new BufferedReader(new FileReader(USER_DATA_FILE));&#10;            &#10;            //get all data&#10;            ArrayList&lt;StringPair&gt; stringPairs = new ArrayList&lt;StringPair&gt;();&#10;            StringPair readPair = null;&#10;            while((readPair = readLine(reader)) != null){&#10;                stringPairs.add(readPair);&#10;            }&#10;            &#10;            //determine whose data is whose&#10;            for(StringPair pair : stringPairs){&#10;                for(Datum&lt;String&gt; datum : Data.values()){&#10;                    if(datum.description.equals(pair.description)){&#10;                        //descriptions match; data belongs to this datum&#10;                        datum.setData(pair.data, false);&#10;                    }&#10;                }&#10;            }&#10;            &#10;            //set values for each datum&#10;            /*for(Datum&lt;String&gt; datum : Data.values()){&#10;                datum.setData(readLine(reader),true);&#10;            }*/            &#10;        }&#10;        catch(IOException io){&#10;            Utils.debug(io, &quot;Error reading user data&quot;);&#10;            //set default values for all&#10;            makeAllDefault();&#10;        }&#10;        finally{&#10;            if(reader != null){&#10;                try{&#10;                    reader.close();&#10;                }&#10;                catch(IOException io){&#10;                    Utils.debug(io, &quot;Error closing input stream in file reader&quot;);&#10;                }&#10;            }&#10;            save();&#10;        }&#10;    } &#10;    &#10;    /** Saves the user data to the text file.&#10;     * &#10;     */&#10;    private static void save(){&#10;        //save in background... the info stored here doesn't matter to us until we restart the program&#10;        new Thread(new Runnable(){&#10;            public void run(){&#10;                try{&#10;                    if(USER_DATA_FILE.exists() == false){&#10;                        //make the file&#10;                        USER_DATA_FILE.createNewFile();&#10;                    }&#10;                    BufferedWriter writer = new BufferedWriter(new FileWriter(USER_DATA_FILE));&#10;&#10;                    //write each datum&#10;                    for(Datum&lt;String&gt; datum : Data.values()){&#10;                        writeLine(writer,datum);&#10;                    }&#10;&#10;                    //clean up&#10;                    writer.close();&#10;                }&#10;                catch(IOException io){&#10;                    Utils.debug(io, &quot;Error saving user data&quot;);&#10;                }&#10;            }&#10;        }).start();&#10;    }&#10;    &#10;    /**&#10;     * Returns the user data text at the given line (not the whole line.)&#10;     * @param reader a BufferedReader object that will be doing the reading&#10;     * @return the StringPair read: description and data. &#10;     */&#10;    private static StringPair readLine(BufferedReader reader){&#10;        String line = &quot;&quot;;&#10;        try{&#10;            line = reader.readLine();&#10;        }&#10;        catch(IOException io){&#10;&#10;        }&#10;        if(line == null){&#10;            return null;&#10;        }&#10;        else{&#10;            return new StringPair(line.split(SEPARATOR, 2)); //split it into max 2 segments&#10;        }&#10;    }&#10;    &#10;    /**&#10;     * Writes a line of user data.&#10;     * @param writer a BufferedWriter that will be writing&#10;     * @param datum a datum of any kind&#10;     */&#10;    public static &lt;E&gt; void writeLine(BufferedWriter writer, Datum&lt;E&gt; datum){&#10;        try{&#10;            writer.write(datum.toString());&#10;            writer.newLine();&#10;        }&#10;        catch(IOException io){&#10;&#10;        }&#10;    }&#10;   &#10;    /**&#10;     * Represents one piece of user data. It's generic, too!&#10;     */&#10;    static final class Datum&lt;E&gt;{&#10;        &#10;        private String description;&#10;        private E data;&#10;        private E defaultData;&#10;        &#10;        /**&#10;         * Creates a new piece of data.&#10;         * @param description a description of the data&#10;         * @param data any piece of data. May be null.&#10;         * @param defaultData the data that will be set as &quot;data&quot; if the passed data is null.&#10;         */&#10;        public Datum(String description, E data, E defaultData){&#10;            this.description = description;&#10;            this.defaultData = defaultData;&#10;            this.setData(data, false); //saving prevents reading later&#10;        }&#10;        &#10;        public void setData(E e, boolean shouldSave){&#10;            if(e == null){&#10;                //no data, use default&#10;                this.data = defaultData;&#10;            }&#10;            else{&#10;                this.data = e;&#10;            }&#10;            &#10;            if(shouldSave)&#10;                UserData.save();&#10;        }&#10;        &#10;        /**&#10;         * Sets the default value for &quot;data&quot;.&#10;         */&#10;        public void makeDefault(){&#10;            setData(null, true);&#10;        }&#10;                        &#10;        public E getData(){&#10;            return data;&#10;        }&#10;        &#10;        public String getDescription(){&#10;            return description;&#10;        }&#10;        &#10;        @Override&#10;        public String toString(){&#10;            return description + SEPARATOR + data.toString();&#10;        }&#10;    }&#10;  &#10;    /**&#10;     * Represents the pair of strings read from the data file: description and data.&#10;     */&#10;    static final class StringPair{&#10;        &#10;        public String description;&#10;        public String data;&#10;        &#10;        public StringPair(String description, String data){&#10;            this.description = description;&#10;            this.data = data;&#10;        }&#10;        &#10;        public StringPair(String[] array){&#10;            this(array[0], array[1]);&#10;        }&#10;    }&#10;        &#10;}&#10;" Filename="UserData.java" Intrnl_Id="15"/>
<SrcFile Content="package cabra;&#10;&#10;import java.util.Calendar;&#10;&#10;&#10;&#10;/**&#10; * Use this class to check for updates.&#10; * This shows a webpage to the user alerting them if there's an update.&#10; * If there's no update it just shows a tip.&#10; * @author Neel&#10; */&#10;public abstract class Updates {&#10;    private Updates(){}&#10;    &#10;    /**&#10;     * Checks for updates. See the class's description.&#10;     * @param gui   the GUI object.&#10;     */&#10;    public static void checkForUpdates(GUI gui){&#10;        //update the time of last update to right now&#10;        UserData.setString(&quot;LastUpdateCheck&quot;, Calendar.getInstance().getTimeInMillis() + &quot;&quot;);&#10;        &#10;        //open up the page&#10;        String url = &quot;http://cabra.hathix.com/cabra/updates.php&quot;;&#10;        url += &quot;?version=&quot; + Utils.sanitizeURL(About.VERSION);&#10;        url += &quot;&amp;prerelease=&quot; + About.PRERELEASE;&#10;        Utils.openURLinDialog(url, &quot;Check for updates&quot;, &quot;update-16.png&quot;, gui.getFrame(), true);&#10;    }&#10;}&#10;" Filename="Updates.java" Intrnl_Id="16"/>
<SrcFile Content="/*&#10; * To change this template, choose Tools | Templates&#10; * and open the template in the editor.&#10; */&#10;&#10;package cabra;&#10;&#10;/**&#10; *&#10; * @author Neel&#10; */&#10;&#10;import javax.swing.*;&#10;import java.awt.*;&#10;import java.awt.event.*;&#10;import static cabra.About.*;&#10;import java.io.File;&#10;&#10;public class TopMenuBar extends JMenuBar{&#10;    //the menu bar that goes at the top of the screen&#10;    &#10;    private Controller controller; //we need to call events in the controller&#10;    private GUI gui; //needed to call some methods&#10;    &#10;    private ThemeButtonCreator buttonCreator = new ThemeButtonCreator();  &#10;    private JDialog settingsDialog;&#10;    private JLabel pointsEarnedBadge;&#10;    &#10;    public static final int MS_TO_SHOW_BADGE = 2500;&#10;    &#10;    public TopMenuBar(final Controller controller,final GUI gui){&#10;        this.controller = controller;&#10;        this.gui = gui;&#10;&#10;        //create JMenus&#10;        &#10;        //Tools&#10;        JMenu settings = new JMenu(&quot;Tools&quot;);&#10;            settings.setMnemonic(KeyEvent.VK_O);&#10;            JMenuItem settingsMenuItem = new JMenuItem(&quot;Settings&quot;,GUI.createImageIcon(&quot;settings.png&quot;));&#10;                settingsMenuItem.addActionListener(new ActionListener(){&#10;                   public void actionPerformed(ActionEvent e){&#10;                       settingsDialog = Utils.putPanelInDialog(&#10;                            (new SettingsPanel(controller, gui)).getPanel(),&#10;                            gui.getFrame(),&#10;                            &quot;Cabra Settings (changes autosaved)&quot;,&#10;                            &quot;settings.png&quot;,&#10;                            SettingsPanel.MY_WIDTH,&#10;                            SettingsPanel.MY_HEIGHT&#10;                        );&#10;                       settingsDialog.setVisible(true);&#10;                   }&#10;                });&#10;                settings.add(settingsMenuItem);   &#10;             JMenuItem clearDataMenuItem = new JMenuItem(&quot;Clear data&quot;, GUI.createImageIcon(&quot;trash.png&quot;));&#10;                clearDataMenuItem.addActionListener(new ActionListener(){&#10;                    public void actionPerformed(ActionEvent e){&#10;                        //make sure they're OK with it&#10;                        String ask = &quot;Are you sure you want to delete ALL of your Cabra data? It cannot be recovered! Seriously!&quot;;&#10;                        if(InputManager.confirm(ask, gui.getFrame())){&#10;                            //delete everything on exit&#10;                            &#10;                            //delete all the folders INSIDE the project folder;&#10;                            Utils.purgeFolder(SaveLoad.getProjectFolder());&#10;                            UserData.makeAllDefault();&#10;                            &#10;                            Utils.showDialog(gui.getFrame(), &#10;                                    &quot;Cabra's data will be reset the next time you open Cabra.&quot;,&#10;                                    &quot;All data will be deleted!&quot;,&#10;                                    &quot;goat64.png&quot;);&#10;                        }&#10;                    }&#10;                });&#10;                settings.add(clearDataMenuItem);&#10;        &#10;        //print&#10;        JMenu print = new JMenu(&quot;Print&quot;);&#10;            print.setMnemonic(KeyEvent.VK_P);&#10;            JMenuItem printCards = new JMenuItem(&quot;Print flashcards&quot;,GUI.createImageIcon(&quot;printer.png&quot;));&#10;                printCards.addActionListener(new ActionListener(){&#10;                   public void actionPerformed(ActionEvent e){ &#10;                       Project project = InputManager.getProject(&quot;Which project's cards do you want to print?&quot;,&#10;                               controller.getAllProjects().toArray(new Project[0]), gui.getFrame());&#10;                       if(project != null){&#10;                           project.print(controller);&#10;                       }&#10;                   }&#10;                });&#10;                print.add(printCards);&#10;        &#10;        //import and export&#10;        JMenu importExport = new JMenu(&quot;Import/Export&quot;);&#10;            importExport.setMnemonic(KeyEvent.VK_I);&#10;            JMenuItem Import = new JMenuItem(&quot;Import a project&quot;,GUI.createImageIcon(&quot;import.png&quot;));&#10;                Import.addActionListener(new ImportListener());&#10;                importExport.add(Import);&#10;            JMenuItem export = new JMenuItem(&quot;Export a project&quot;,GUI.createImageIcon(&quot;export.png&quot;));&#10;                export.addActionListener(new ExportListener());&#10;                importExport.add(export);     &#10;            /*JMenuItem textImport = new JMenuItem(&quot;Text import&quot;,GUI.createImageIcon(&quot;import.png&quot;));&#10;                textImport.addActionListener(new TextImportListener());&#10;                importExport.add(textImport);&#10;            JMenuItem textExport = new JMenuItem(&quot;Text export&quot;,GUI.createImageIcon(&quot;export.png&quot;));&#10;                textExport.addActionListener(new TextExportListener());&#10;                importExport.add(textExport);*/&#10;            &#10;            if(Desktop.isDesktopSupported()){&#10;                Desktop desktop = Desktop.getDesktop();&#10;                //ensure that you can browse&#10;                if(desktop.isSupported(Desktop.Action.BROWSE)){&#10;                    JMenuItem visit = new JMenuItem(&quot;Download projects online&quot;,GUI.createImageIcon(&quot;globe.png&quot;));&#10;                        visit.addActionListener(new ActionListener(){&#10;                           public void actionPerformed(ActionEvent e){ &#10;                               Utils.browse(&quot;http://www.cabra.hathix.com/share.php&quot; + TRACKING_URL_ADDON);&#10;                           }&#10;                        });&#10;                        visit.setToolTipText(&quot;cabra.hathix.com/share&quot;);&#10;                        importExport.addSeparator();  &#10;                        importExport.add(visit);              &#10;                    }&#10;            }       &#10;        &#10;        //enter code menu&#10;        JMenu code = new JMenu(&quot;Codes&quot;);&#10;            code.setMnemonic(KeyEvent.VK_C);&#10;            JMenuItem enterCode = new JMenuItem(&quot;Enter a code&quot;,GUI.createImageIcon(&quot;barcode.png&quot;));&#10;                enterCode.addActionListener(new ActionListener(){&#10;                    public void actionPerformed(ActionEvent e) {&#10;                        String input = InputManager.getUserInput(&quot;Enter a 6-character code:&quot;, &quot;&quot; , true, gui.getFrame());&#10;                        if(input != null){&#10;                            CodeScanner.scan(input, controller);&#10;                        }&#10;                    }&#10;                });&#10;                code.add(enterCode);&#10;            JMenuItem codesRedeemed = new JMenuItem(&quot;Codes redeemed&quot;,GUI.createImageIcon(&quot;check.png&quot;));&#10;                codesRedeemed.addActionListener(new ActionListener(){&#10;                    public void actionPerformed(ActionEvent e) {&#10;                        String rawCodeString = UserData.getString(&quot;Codes&quot;);&#10;                        &#10;                        String toShow;&#10;                        if(rawCodeString.trim().length() == 0){&#10;                            //no codes redeemed&#10;                            toShow = &quot;You haven't redeemed any codes yet.&quot;;&#10;                        }&#10;                        else{&#10;                            toShow = &quot;You have redeemed the following codes:&lt;br&gt;&lt;i&gt;&quot; + &#10;                                rawCodeString.replaceAll(&quot; &quot;, &quot;&lt;br&gt;&quot;);                            &#10;                        }&#10;                        &#10;                        Utils.showDialog(gui.getFrame(), &#10;                                &quot;&lt;html&gt;&lt;center&gt;&quot; + toShow,&#10;                                &quot;Your redeemed codes&quot;);&#10;                    }&#10;                });&#10;                code.add(codesRedeemed);            &#10;            &#10;        //cabra/help menu&#10;        JMenu cabra = new JMenu(&quot;Cabra&quot;);&#10;            cabra.setMnemonic(KeyEvent.VK_A);&#10;&#10;            //desktop integration: open cabra's site in web browser&#10;            //only do this if it's possible&#10;            if(Desktop.isDesktopSupported()){&#10;                Desktop desktop = Desktop.getDesktop();&#10;                //ensure that you can browse&#10;                if(desktop.isSupported(Desktop.Action.BROWSE)){&#10;                    JMenuItem visit = new JMenuItem(&quot;Visit Cabra's website&quot;,GUI.createImageIcon(&quot;globe.png&quot;));&#10;                        visit.addActionListener(new ActionListener(){&#10;                           public void actionPerformed(ActionEvent e){ &#10;                               Utils.browse(&quot;http://www.cabra.hathix.com/&quot; + TRACKING_URL_ADDON);&#10;                           }&#10;                        });&#10;                        visit.setToolTipText(&quot;getcabra.com&quot;);&#10;                        cabra.add(visit); &#10;                        &#10;                    /*JMenuItem help = new JMenuItem(&quot;View help online&quot;,GUI.createImageIcon(&quot;help.png&quot;));&#10;                       help.addActionListener(new ActionListener(){&#10;                               public void actionPerformed(ActionEvent e){ &#10;                                   Utils.browse(&quot;http://www.cabra.hathix.com/help&quot; + TRACKING_URL_ADDON);&#10;                               }&#10;                            });&#10;                            help.setToolTipText(&quot;cabra.hathix.com/help&quot;);&#10;                            /cabra.add(help);*/&#10;                    //cabra.addSeparator();    &#10;                    }&#10;            }&#10;            &#10;            JMenuItem about = new JMenuItem(&quot;About Cabra &quot; + About.VERSION,GUI.createImageIcon(&quot;about.png&quot;));&#10;                about.addActionListener(new ActionListener(){&#10;                    public void actionPerformed(ActionEvent e) {&#10;                        About.showDialog(gui.getFrame());&#10;                    }&#10;                });&#10;                cabra.add(about);    &#10;                &#10;            JMenuItem updates = new JMenuItem(&quot;Check for updates&quot;, ImageManager.createImageIcon(&quot;update.png&quot;));&#10;                updates.addActionListener(new ActionListener(){&#10;                    public void actionPerformed(ActionEvent e) {&#10;                        Updates.checkForUpdates(gui);&#10;                }});&#10;                cabra.add(updates);&#10;                &#10;         pointsEarnedBadge = new JLabel(ImageManager.createImageIcon(&quot;coins-plus.png&quot;));&#10;         pointsEarnedBadge.setPreferredSize(new Dimension(60,16));&#10;         pointsEarnedBadge.setVisible(false);           &#10;&#10;         add(settings);&#10;         add(print);&#10;         add(importExport);&#10;         add(buttonCreator); //themes&#10;         add(code);&#10;         add(cabra);&#10;         add(Box.createGlue());&#10;         add(pointsEarnedBadge);&#10;         refresh();&#10;    }&#10;&#10;    public void refresh(){&#10;        buttonCreator.removeAll();&#10;        for(Themes theme : Themes.getAllThemes()){&#10;            if(theme != Themes.RANDOM &amp;&amp; theme != Themes.RANDOM_COLORS &amp;&amp; theme != Themes.SEASONS){&#10;                //these themes dealt with separately&#10;                if(theme.isUnlocked()){&#10;                    buttonCreator.add(theme);&#10;                }&#10;                else{&#10;                    buttonCreator.addLocked(theme);&#10;                }&#10;            }&#10;        }&#10;   &#10;        buttonCreator.addSeparator();&#10;        if(Themes.RANDOM_COLORS.isUnlocked())&#10;            buttonCreator.add(Themes.RANDOM_COLORS);&#10;        if(Themes.SEASONS.isUnlocked())&#10;            buttonCreator.add(Themes.SEASONS);        &#10;        if(Themes.RANDOM.isUnlocked())&#10;            buttonCreator.add(Themes.RANDOM,&quot;Random Theme&quot;); //override the default displayed text, which would be &quot;Random&quot;&#10;    }&#10;    &#10;    /**&#10;     * Updates the badge on the right side of the menu to show how many points were just earned.&#10;     * @param pointsEarned how many points were just earned&#10;     */&#10;    public void updatePointsEarnedBadge(int pointsEarned){&#10;        pointsEarnedBadge.setText(&quot;&quot; + pointsEarned);&#10;        pointsEarnedBadge.setToolTipText(&quot;You just earned &quot; + pointsEarned + &quot; points!&quot;);&#10;        pointsEarnedBadge.setVisible(true);&#10;        &#10;        new Thread(new Runnable(){&#10;            public void run(){&#10;                try{&#10;                    Thread.sleep(MS_TO_SHOW_BADGE);                   &#10;                }&#10;                catch(InterruptedException e){&#10;                    &#10;                }&#10;                finally{&#10;                    pointsEarnedBadge.setVisible(false);&#10;                }&#10;            }&#10;        }).start();&#10;    }&#10;    &#10;    /** A convenience class for making theme buttons on the menu bar... it's a menu button itself&#10;     * &#10;     */&#10;    class ThemeButtonCreator extends JMenu{&#10;        private ButtonGroup buttonGroup; //just a logical group&#10;        private themeSelectionListener selectionListener; //listens to the selection of all the theme buttons&#10;        &#10;        public ThemeButtonCreator(){&#10;            super(&quot;Themes&quot;);&#10;            //this.setIcon(GUI.createImageIcon(&quot;shirts.png&quot;));&#10;            setMnemonic(KeyEvent.VK_T);&#10;            &#10;            buttonGroup = new ButtonGroup();&#10;            selectionListener = new themeSelectionListener();&#10;        }&#10;        &#10;        /**Adds a JMenuItem for the given theme.&#10;         * &#10;         * @param theme the theme that will be activated when the button is clicked.&#10;         * @param displayedText the text shown on the menu item&#10;         */&#10;        public void add(Themes theme,String displayedText){&#10;            //get icon from theme&#10;            JRadioButtonMenuItem menuItem = new JRadioButtonMenuItem(displayedText,theme.getImageIcon());&#10;            menuItem.addActionListener(selectionListener); &#10;            menuItem.setActionCommand(theme.getName()); //the action command is identical to the theme name, most of the time&#10;            buttonGroup.add(menuItem);&#10;            add(menuItem);&#10;        }&#10;        &#10;        /** An overload for add(Themes,String) - the String defaults to the theme name&#10;         * &#10;         * @param theme the theme that will be activated when the button is clicked.&#10;         */&#10;        public void add(Themes theme){&#10;            add(theme,theme.getName());&#10;        }&#10;        &#10;        /**&#10;         * Adds a &quot;locked&quot; placeholder to the menu. This is used when there's an unavailable theme.&#10;         * @param theme the theme that's locked. Its icon will show up, grayed out.&#10;         */&#10;        public void addLocked(Themes theme){&#10;            JRadioButtonMenuItem menuItem = new JRadioButtonMenuItem(&quot;Locked&quot;, theme.getImageIcon());&#10;            menuItem.setEnabled(false);&#10;            menuItem.setToolTipText(&quot;This theme is locked; you need to earn more points to rank up and unlock it.&quot;);&#10;            buttonGroup.add(menuItem);&#10;            add(menuItem);            &#10;        }&#10;    }&#10;    &#10;    /** Tells the given theme to change the GUI's color.&#10;     * &#10;     * @param theme the theme that's now active&#10;     */&#10;    &#10;    public void setTheme(Themes theme){&#10;        controller.setTheme(theme);&#10;    }    &#10;    //listeners down here&#10;    &#10;    class themeSelectionListener implements ActionListener{&#10;        public void actionPerformed(ActionEvent e){&#10;            String themeName = e.getActionCommand(); //each button specified its own action command with the name of a theme&#10;            setTheme(Themes.getThemeByName(themeName));&#10;        }&#10;    }&#10;    &#10;    class ImportListener implements ActionListener{&#10;        @Override&#10;                public void actionPerformed(ActionEvent e){&#10;                    ImportExport.Import(controller, gui);&#10;                }&#10;    }&#10;    &#10;    class ExportListener implements ActionListener{&#10;        @Override&#10;                public void actionPerformed(ActionEvent e){&#10;                    ImportExport.export(controller, gui);&#10;                }&#10;    }        &#10;}&#10;" Filename="TopMenuBar.java" Intrnl_Id="17"/>
<SrcFile Content="package cabra;&#10;&#10;/**&#10; *&#10; * @author Neel&#10; */&#10;import javax.swing.*;&#10;import java.awt.*;&#10;import java.util.ArrayList;&#10;import java.util.Arrays;&#10;import java.util.Calendar;&#10;&#10;public enum Themes{&#10;    //Cabra can have several themes to change the colors&#10;    &#10;    /* Info on Nimbus color properties&#10;     * control - background&#10;     * nimbusBase - buttons, tabs, menubar&#10;     * nimbusFocus - outline for clicked components&#10;     * nimbusDisabledText - for disabled text and buttons&#10;     */&#10;    &#10;    /** The default Nimbus coloring scheme&#10;     * &#10;     */&#10;    DEFAULT(&quot;Default&quot;,&quot;default.png&quot;, Themes.FREE){ &#10;        @Override&#10;        public void doColoring(){&#10;            resetDefaults();      &#10;        }&#10;    },&#10;    /** A rich, colorful theme with a red/green base&#10;     * &#10;     */&#10;    /*CHERRY(&quot;Cherry&quot;){&#10;        @Override&#10;        public void doColoring(){&#10;            resetDefaults();&#10;            UIManager.put(&quot;control&quot;,ColorManager.createColor(&quot;C60707&quot;));&#10;            UIManager.put(&quot;nimbusBase&quot;,ColorManager.createColor(&quot;2A5103&quot;));&#10;            UIManager.put(&quot;nimbusDisabledText&quot;, ColorManager.createColor(&quot;565656&quot;)); //for disabled buttons&#10;        }&#10;    },*/&#10;    &#10;    /** A simple, light theme of white and light blue&#10;     * &#10;     */&#10;    SNOW(&quot;Snow&quot;,&quot;snow.png&quot;, Themes.FREE){&#10;        @Override&#10;                public void doColoring(){&#10;                    resetDefaults();&#10;                    UIManager.put(&quot;control&quot;,ColorManager.createColor(&quot;F9FBFB&quot;));&#10;                    UIManager.put(&quot;nimbusBase&quot;,ColorManager.createColor(&quot;3D3DFF&quot;));&#10;                }&#10;    },&#10;    &#10;    /** Cherry returns! This time it's pink and red&#10;     * &#10;     */&#10;    CHERRY(&quot;Cherry&quot;,&quot;cherry.png&quot;, Themes.FREE){&#10;        @Override&#10;                public void doColoring(){&#10;                    resetDefaults();&#10;                    UIManager.put(&quot;control&quot;,ColorManager.createColor(&quot;FFC1C1&quot;));&#10;                    UIManager.put(&quot;nimbusBase&quot;,ColorManager.createColor(&quot;72000B&quot;));&#10;                    UIManager.put(&quot;nimbusDisabledText&quot;,ColorManager.createColor(&quot;563D3D&quot;));&#10;                    UIManager.put(&quot;nimbusFocus&quot;,ColorManager.createColor(&quot;99545B&quot;));&#10;                }  &#10;    },       &#10;    &#10;    /** A smoky but brilliant theme with reds and oranges&#10;     * &#10;     */&#10;    DUSK(&quot;Dusk&quot;,&quot;dusk.png&quot;, 10){&#10;        @Override&#10;                public void doColoring(){&#10;                    resetDefaults();&#10;                    UIManager.put(&quot;control&quot;,ColorManager.createColor(&quot;998080&quot;));&#10;                    UIManager.put(&quot;nimbusBase&quot;,ColorManager.createColor(&quot;702900&quot;)); &#10;                    UIManager.put(&quot;nimbusDisabledText&quot;,ColorManager.createColor(&quot;56463D&quot;));&#10;                    UIManager.put(&quot;nimbusFocus&quot;,ColorManager.createColor(&quot;994A4A&quot;));&#10;                }&#10;    },&#10;    &#10;    /** A fun, bright color scheme of sandy yellow and bright blue&#10;     * &#10;     */&#10;    BEACH(&quot;Beach&quot;,&quot;beach.png&quot;, 25){&#10;        @Override&#10;                public void doColoring(){&#10;                    resetDefaults();&#10;                    UIManager.put(&quot;control&quot;,ColorManager.createColor(&quot;FFFDAD&quot;));&#10;                    UIManager.put(&quot;nimbusBase&quot;,ColorManager.createColor(&quot;4AC0FF&quot;));                     &#10;                }&#10;    },&#10;    &#10;    /** A dark, blue-and-gray theme.&#10;     * &#10;     */&#10;   &#10;    RAIN(&quot;Rain&quot;,&quot;rain.png&quot;, 50){&#10;        @Override&#10;                public void doColoring(){&#10;                    resetDefaults();&#10;                    UIManager.put(&quot;control&quot;,ColorManager.createColor(&quot;699BD3&quot;));&#10;                    UIManager.put(&quot;nimbusBase&quot;,ColorManager.createColor(&quot;3A4668&quot;));&#10;                    UIManager.put(&quot;nimbusDisabledText&quot;, ColorManager.createColor(&quot;565656&quot;));   &#10;                    UIManager.put(&quot;nimbusFocus&quot;,ColorManager.createColor(&quot;2A3554&quot;));&#10;                }&#10;    },&#10;    &#10;    /** A bright theme with greens and blues.&#10;     * &#10;     */&#10;    SPRING(&quot;Spring&quot;,&quot;spring.png&quot;, 100){&#10;        @Override&#10;                public void doColoring(){&#10;                    resetDefaults();&#10;                    UIManager.put(&quot;control&quot;,ColorManager.createColor(&quot;C4FF93&quot;));&#10;                    UIManager.put(&quot;nimbusBase&quot;,ColorManager.createColor(&quot;4D92E6&quot;));//4E8AFE&#10;                }&#10;    },&#10;    &#10;    /** A polished brown-and-caramel theme.&#10;     * &#10;     */&#10;    MOCHA(&quot;Mocha&quot;,&quot;mocha.png&quot;, 250){&#10;        @Override&#10;                public void doColoring(){&#10;                    resetDefaults();&#10;                    UIManager.put(&quot;control&quot;,ColorManager.createColor(&quot;E3CE9B&quot;));&#10;                    UIManager.put(&quot;nimbusBase&quot;,ColorManager.createColor(&quot;662300&quot;));&#10;                    UIManager.put(&quot;nimbusDisabledText&quot;,ColorManager.createColor(&quot;704D4D&quot;));&#10;                    UIManager.put(&quot;nimbusFocus&quot;,ColorManager.createColor(&quot;9E3400&quot;));&#10;                }  &#10;    },&#10;   &#10;    &#10;   /* A soft purple theme.&#10;     * &#10;     */&#10;   LILAC(&quot;Lilac&quot;,&quot;purple-flower.png&quot;, 500){&#10;        @Override&#10;                public void doColoring(){&#10;                    resetDefaults();&#10;                    UIManager.put(&quot;control&quot;,ColorManager.createColor(&quot;CFBCE2&quot;));&#10;                    UIManager.put(&quot;nimbusBase&quot;,ColorManager.createColor(&quot;3D1B63&quot;));&#10;                    UIManager.put(&quot;nimbusDisabledText&quot;,ColorManager.createColor(&quot;544960&quot;));&#10;                    UIManager.put(&quot;nimbusFocus&quot;,ColorManager.createColor(&quot;412165&quot;));&#10;                }&#10;    },      &#10;    &#10;   /* A colorful orange-and-black (and some green) theme.&#10;     * &#10;     */&#10;   HALLOWEEN(&quot;Halloween&quot;,&quot;halloween.png&quot;, 1000){&#10;        @Override&#10;                public void doColoring(){&#10;                    resetDefaults();&#10;                    UIManager.put(&quot;control&quot;,ColorManager.createColor(&quot;FF9C4C&quot;));&#10;                    UIManager.put(&quot;nimbusBase&quot;,ColorManager.createColor(&quot;3F3F3F&quot;));&#10;                    UIManager.put(&quot;nimbusDisabledText&quot;,ColorManager.createColor(&quot;404040&quot;));&#10;                    UIManager.put(&quot;nimbusFocus&quot;,ColorManager.createColor(&quot;006009&quot;));&#10;                }&#10;    },     &#10;   &#10;   /** A nice blue theme.&#10;    * &#10;    */&#10;   UNDER_THE_SEA(&quot;Under The Sea&quot;,&quot;fish.png&quot;, 2500){&#10;        @Override&#10;                public void doColoring(){&#10;                    resetDefaults();&#10;                    UIManager.put(&quot;control&quot;,ColorManager.createColor(&quot;9EE8FF&quot;));&#10;                    UIManager.put(&quot;nimbusBase&quot;,ColorManager.createColor(&quot;1C3877&quot;));&#10;                    UIManager.put(&quot;nimbusDisabledText&quot;,ColorManager.createColor(&quot;768096&quot;));&#10;                    UIManager.put(&quot;nimbusFocus&quot;,ColorManager.createColor(&quot;BFE0FF&quot;));&#10;                }       &#10;   },&#10;   &#10;   /** A dark theme with reds and blacks.&#10;    * &#10;    */&#10;   EVIL_GOAT(&quot;Evil Goat&quot;,&quot;evil-goat.png&quot;, 5000){&#10;        @Override&#10;                public void doColoring(){&#10;                    resetDefaults();&#10;                    UIManager.put(&quot;control&quot;,ColorManager.createColor(&quot;E55754&quot;));&#10;                    UIManager.put(&quot;nimbusBase&quot;,ColorManager.createColor(&quot;652222&quot;));&#10;                    UIManager.put(&quot;nimbusDisabledText&quot;,ColorManager.createColor(&quot;636363&quot;));&#10;                    UIManager.put(&quot;nimbusFocus&quot;,ColorManager.createColor(&quot;AF0000&quot;));&#10;                }       &#10;   },   &#10;   &#10;   /*EPIC(&quot;Epic&quot;,&quot;goat20.png&quot;,Rank._12_GOD){&#10;       &#10;   },*/&#10;   &#10;    /** Makes Cabra a cyborg, albeit a good-looking one.&#10;     * &#10;     */&#10;    /*CHROME(&quot;Chrome&quot;,&quot;default.png&quot;, Rank._01_KID){&#10;        @Override&#10;                public void doColoring(){&#10;                    resetDefaults();&#10;                    UIManager.put(&quot;control&quot;,ColorManager.createColor(&quot;D0DBE6&quot;));&#10;                    UIManager.put(&quot;nimbusBase&quot;,ColorManager.createColor(&quot;4D92E6&quot;));&#10;                }  &#10;    },*/  &#10;   &#10;/*&#10;    BETA(&quot;Beta&quot;,&quot;soap.png&quot;){&#10;        @Override&#10;                public void doColoring(){&#10;                    resetDefaults();&#10;                    UIManager.put(&quot;control&quot;,ColorManager.createColor(&quot;EAC2F3&quot;));&#10;                    UIManager.put(&quot;nimbusBase&quot;,ColorManager.createColor(&quot;75249E&quot;));&#10;                }  &#10;    },   &#10;    */&#10;   &#10;    &#10;   /* A pinkish pastel theme.&#10;     * &#10;     */&#10;   /*SOAP(&quot;Soap&quot;,&quot;soap.png&quot;){&#10;        @Override&#10;                public void doColoring(){&#10;                    resetDefaults();&#10;                    UIManager.put(&quot;control&quot;,ColorManager.createColor(&quot;FFF7F9&quot;));&#10;                    UIManager.put(&quot;nimbusBase&quot;,ColorManager.createColor(&quot;B53056&quot;));//B53056&#10;                    //UIManager.put(&quot;nimbusDisabledText&quot;,ColorManager.createColor(&quot;51343E&quot;));&#10;                    UIManager.put(&quot;nimbusFocus&quot;,ColorManager.createColor(&quot;FFA8C6&quot;));&#10;                }&#10;    },    */&#10;   &#10;   &#10;   &#10;    /** More or less random colors (but the extreme/dark ones are omitted.)&#10;     * &#10;     */&#10;    RANDOM_COLORS(&quot;Random Colors&quot;,&quot;colors.png&quot;, Themes.FREE){&#10;        @Override&#10;                public void doColoring(){&#10;                    //choose random colors&#10;                    Color control = Color.black;&#10;                    Color nimbusBase = Color.black;&#10;                    &#10;                    while(ColorManager.sumOfrgbValues(control) &lt;= 256*2)&#10;                        control = ColorManager.randomColor(); //any sum under that is too dark/too extreme&#10;                    &#10;                    nimbusBase = ColorManager.randomColor(); //no matter how dark this is it's OK&#10;                    &#10;                    UIManager.put(&quot;control&quot;,control);&#10;                    UIManager.put(&quot;nimbusBase&quot;,nimbusBase);&#10;                    UIManager.put(&quot;nimbusFocus&quot;,ColorManager.randomColor());&#10;                }&#10;    },&#10;    &#10;&#10;    ///////////////////RANDOM THEME////////////////&#10;    RANDOM(&quot;Random&quot;,&quot;questionorange.png&quot;, Themes.FREE){&#10;        @Override&#10;                public void doColoring(){&#10;                    resetDefaults();&#10;                    Themes theme = randomTheme();&#10;                    Themes.setTheme(theme);&#10;                }&#10;    },&#10;&#10;    //Seasons&#10;    SEASONS(&quot;Seasons&quot;,&quot;seasons.png&quot;, Themes.FREE){&#10;        @Override&#10;                public void doColoring(){&#10;                    Calendar now = Calendar.getInstance();&#10;                    final int year = now.get(Calendar.YEAR);&#10;                    &#10;                    //compare to now to determine theme&#10;                    Calendar spring = Calendar.getInstance();&#10;                    spring.set(year, 3-1, 1); //March 1&#10;                    &#10;                    Calendar summerSolstice = Calendar.getInstance();&#10;                    summerSolstice.set(year, 6-1, 21); //June 21&#10;                    &#10;                    Calendar fall = Calendar.getInstance();&#10;                    fall.set(year, 9-1, 1); //September 1&#10;                    &#10;                    Calendar halloween = Calendar.getInstance();&#10;                    halloween.set(year, 10-1, 31); //October 31&#10;                    &#10;                    //today's relation to a certain event&#10;                    //on or before counts as yes; so:&#10;                        //&gt;0 to see if you're after&#10;                        //&lt;= 0 to see if you're before&#10;                    &#10;                    //think about it&#10;                        //Nov to Feb - Snow (4 months)&#10;                        //Mar to May - Spring (3 months)&#10;                        //Jun to Aug - Beach (3 months)&#10;                        //Sep to Oct - Halloween (2 months)&#10;                    &#10;                    Themes theme = Themes.DEFAULT;&#10;                    if(now.compareTo(halloween) &gt; 0 || now.compareTo(spring) &lt;= 0){&#10;                        //after halloween, before spring solstice&#10;                        theme = Themes.SNOW;&#10;                    }&#10;                    else if(now.compareTo(fall) &gt; 0){&#10;                        //before halloween (necessarily), after fall solstice&#10;                        theme = Themes.HALLOWEEN;&#10;                    }&#10;                    else if(now.compareTo(summerSolstice) &gt; 0){&#10;                        //before fall and halloween (necessarily), after summer solstice&#10;                        theme = Themes.BEACH;&#10;                    }&#10;                    else if(now.compareTo(spring) &gt; 0){&#10;                        //before fall, summer, and halloween (necessarily), after spring solstice&#10;                        theme = Themes.SPRING;&#10;                    }&#10;                    &#10;                    Themes.setTheme(theme);&#10;                }&#10;    },    &#10;    &#10;&#10;    ;&#10;    &#10;    private static void resetDefaults(){&#10;            UIManager.put(&quot;control&quot;,ColorManager.createColor(&quot;D0DBE6&quot;));//d6d9df D0DBE6 C9D0DD&#10;            UIManager.put(&quot;nimbusBase&quot;,ColorManager.createColor(&quot;386BA5&quot;));//33628c &#10;            UIManager.put(&quot;nimbusFocus&quot;,ColorManager.createColor(&quot;73A4D1&quot;));&#10;            UIManager.put(&quot;nimbusDisabledText&quot;, ColorManager.createColor(&quot;8e8f91&quot;));&#10;          //  UIManager.put(&quot;TextArea.foreground&quot;,Color.black);&#10;          //  UIManager.put(&quot;List.foreground&quot;,Color.black);        &#10;    }&#10;    &#10;    //class-like stuff&#10;    &#10;    private static Themes currentTheme = Themes.DEFAULT; //doesn't really do anything... just signals the name of the active theme&#10;    public static Themes getCurrentTheme() { return Themes.currentTheme; }&#10; &#10;        &#10;    /** Sets the current theme.&#10;     * &#10;     * @param theme the new theme&#10;     */&#10;    public static void setTheme(Themes theme){&#10;        currentTheme = theme;&#10;        //activate current theme&#10;        GUI.resetLookAndFeel(); //wipes the slate clean&#10;        theme.doColoring();&#10;        GUI.setNimbusLookAndFeel(); //puts nimbus back on  &#10;    }&#10;    &#10;    private String name;&#10;    private String imageIconPath;&#10;    private ImageIcon image;&#10;    private int cost;&#10;    &#10;    private static final int FREE = 0;&#10;    &#10;    /**&#10;     * Creates a new Theme.&#10;     * @param name the theme's name&#10;     * @param imageIconPath the path to the image of the rank (usually &quot;[name].png&quot;)&#10;     * @param cost the cost, in points, to unlock this theme. Use FREE to signify a free theme that's auto-unlocked.&#10;     */&#10;    Themes(String name, String imageIconPath, int cost){&#10;        this.name = name;&#10;        this.imageIconPath = imageIconPath;&#10;        this.image = GUI.createImageIcon(imageIconPath);&#10;        this.cost = cost;&#10;    }&#10;    &#10;    /** Should be overridden, but it resets defaults&#10;     * &#10;     */&#10;    public void doColoring(){&#10;        resetDefaults();&#10;    }&#10;    &#10;    /**&#10;     * All themes are now available from the start.&#10;     */&#10;    public boolean isUnlocked(){     &#10;        return true;&#10;    }&#10;    &#10;    /** Same thing as getName().&#10;     * &#10;     * @return this theme's name&#10;     */&#10;    @Override&#10;        public String toString(){ &#10;            return name; &#10;        }&#10;    public String getName(){ &#10;        return name; &#10;    }&#10;    &#10;    public ImageIcon getImageIcon(){&#10;        return image;&#10;    }&#10;    &#10;    public String getImageIconPath(){&#10;        return imageIconPath;&#10;    }&#10;    &#10;    public int getCost(){&#10;        return cost;&#10;    }&#10;    &#10;    /** Returns a random theme&#10;     * &#10;     * @return the random theme created&#10;     */&#10;    public static Themes randomTheme(){&#10;       ArrayList&lt;Themes&gt; themes = getAvailableThemes(); //get all the themes&#10;       while(true){&#10;            int randomIndex = (int)(Math.random() * themes.size()); //get a random index from the array&#10;            Themes newTheme = themes.get(randomIndex); //a new theme    &#10;            //is the new theme the same as the old one?&#10;            if(newTheme == currentTheme) continue; //try again&#10;            return newTheme; //or just return the newly created theme&#10;       }      &#10;    }&#10;    &#10;    /**&#10;     * @return  an arraylist containing each free theme. These should be included in the list of available themes by default.&#10;     */&#10;    public static ArrayList&lt;Themes&gt; getFreeThemes(){&#10;        ArrayList&lt;Themes&gt; themes = new ArrayList&lt;Themes&gt;();&#10;        &#10;        for(Themes theme : Themes.values()){&#10;            if(theme.getCost() == FREE){&#10;                themes.add(theme);&#10;            }&#10;        }&#10;        &#10;        return themes;&#10;    }&#10;    &#10;    /** Finds all the themes available and returns them.&#10;     * &#10;     * @return all the themes available to the user, in an arraylist&#10;     */&#10;    public static ArrayList&lt;Themes&gt; getAvailableThemes(){&#10;        ArrayList&lt;Themes&gt; themes = new ArrayList&lt;Themes&gt;();&#10;        &#10;        for(Themes theme : Themes.values()){&#10;            if(theme.isUnlocked())&#10;                themes.add(theme);&#10;        }&#10;        &#10;        return themes;&#10;    }&#10;    &#10;    public static ArrayList&lt;Themes&gt; getAllThemes(){&#10;        ArrayList&lt;Themes&gt; themes = new ArrayList&lt;Themes&gt;();&#10;        themes.addAll(Arrays.asList(Themes.values()));&#10;        return themes;&#10;    }&#10;    &#10;    /** Turns the given string into the corresponding Themes.&#10;     * &#10;     * @param theName the name of the theme you want to get&#10;     * @return the Themes that was created&#10;     */&#10;    &#10;    public static Themes getThemeByName(String theName){&#10;        //returns the Themes value based on its name&#10;        try{&#10;            theName = theName.replace(' ', '_'); //replaces the spaces with underscores so that stuff like Evil Goat won't break&#10;            return Themes.valueOf(theName.toUpperCase()); //if theName's &quot;Cherry&quot;, it turns it to &quot;CHERRY&quot; and returns Themes.CHERRY&#10;        }&#10;        catch(IllegalArgumentException e){&#10;            //no idea what the theme is, so return the default one&#10;            return Themes.DEFAULT;&#10;        }&#10;    }&#10;}&#10;" Filename="Themes.java" Intrnl_Id="18"/>
<SrcFile Content="/*package cabra;&#10;&#10;import javax.swing.*;&#10;import java.awt.event.*;&#10;&#10;public class TextImportExport {&#10; * &#10;    class TextImportListener implements ActionListener{&#10;        &#10;        private static final int WIDTH = 300;&#10;        private static final int HEIGHT = 300;&#10;        &#10;        @Override&#10;                public void actionPerformed(ActionEvent e){&#10;                    JDialog dialog = new JDialog(gui.getFrame(), &quot;Text Import&quot;);&#10;                    dialog.setContentPane(new DialogPanel());&#10;                    dialog.setModal(true);&#10;                    dialog.setSize(WIDTH,HEIGHT);&#10;                    Utils.centerComponent(dialog,gui.getFrame());&#10;                    dialog.setVisible(true);&#10;                }&#10;        */&#10;        /**&#10;         * JPanel for the file choosing dialog&#10;         */&#10;        /*class DialogPanel extends JPanel{&#10;             public DialogPanel(){&#10;                setLayout(new GridBagLayout());&#10;                GridBagConstraints c = new GridBagConstraints();&#10;                c.insets = new Insets(10,10,10,10);&#10;                c.fill = GridBagConstraints.BOTH;&#10;                &#10;                //instructions label&#10;                c.gridx = 0;&#10;                c.gridy = 0;&#10;                c.gridwidth = 2;&#10;                JLabel label = new JLabel(&quot;Please select a file. BLAH BLAH&quot;);&#10;                add(label,c);&#10;                &#10;                //file choosing button&#10;                c.gridx = 0;&#10;                c.gridy = 1;&#10;                c.gridwidth = 1;&#10;                JButton button = new JButton(&quot;Choose a file&quot;);  &#10;                button.addActionListener(null);&#10;                add(button,c);&#10;                &#10;                //file name label&#10;                c.gridx = 1;&#10;                c.gridy = 1;&#10;                c.gridwidth = 1;&#10;                label = new JLabel(&quot;C:/file/dfdfdfdfdfdfdfdf&quot;);&#10;                add(label,c);&#10;                &#10;                //project name label&#10;                c.gridx = 0;&#10;                c.gridy = 2;&#10;                c.gridwidth = 1;&#10;                label = new JLabel(&quot;Name of project&quot;);&#10;                add(label,c);&#10;                &#10;                //project name field&#10;                c.gridx = 1;&#10;                c.gridy = 2;&#10;                c.gridwidth = 1;&#10;                JTextField textField = new JTextField(&quot;hi&quot;,5); &#10;                add(textField,c);&#10;                &#10;                //OK button&#10;                c.gridx = 0;&#10;                c.gridy = 3;&#10;                c.gridwidth = 1;&#10;                button = new JButton(&quot;OK&quot;);&#10;                button.addActionListener(null);&#10;                add(button,c);&#10;            }&#10;        }&#10;    }&#10;   &#10;    class TextExportListener implements ActionListener{&#10;        @Override&#10;                public void actionPerformed(ActionEvent e){&#10;            &#10;                }&#10;    }    &#10;}*/&#10;" Filename="TextImportExport.java" Intrnl_Id="19"/>
<SrcFile Content="/*&#10; * To change this template, choose Tools | Templates&#10; * and open the template in the editor.&#10; */&#10;&#10;package cabra;&#10;&#10;/**&#10; *&#10; * @author Neel&#10; */&#10;&#10;import javax.swing.*;&#10;import java.awt.*;&#10;import java.awt.event.*;&#10;import java.util.ArrayList;&#10;&#10;public class TabPane extends JTabbedPane{&#10;    //a tabbed pane that contains controls for viewing cards,&#10;    //making cards/projects, and managing cards/projects&#10;    &#10;    //note that the panels added to this fire events here, and here you talk to Controller&#10;    &#10;    private Controller controller;&#10;    //private GUI gui;&#10;    private ArrayList&lt;Project&gt; projects;&#10;    private HomePanel homePanel;&#10;    private NoteTabPane noteTabPane;&#10;    private CardViewerPanel cardViewerPanel;&#10;    private PointPanel pointPanel;&#10;    private StudyPanel studyPanel;&#10;    &#10;    public static final int NUM_TABS = 4;&#10;    public static final int NUM_TABS_NO_PROJECT = 2;&#10;    &#10;    public TabPane(ArrayList&lt;Project&gt; projects,Controller controller,GUI gui){&#10;        this.controller = controller;&#10;        this.projects = projects;&#10;        //this.gui = gui;&#10;        &#10;        //create tab windows&#10;        studyPanel = new StudyPanel(this,gui,controller);&#10;        homePanel = new HomePanel(this,studyPanel,gui,controller);    &#10;        cardViewerPanel = new CardViewerPanel(controller,gui.getFrame());        &#10;        noteTabPane = new NoteTabPane(this,gui,controller);&#10;        pointPanel = new PointPanel(this,gui,controller);&#10;    }&#10;    &#10;    public void createPanel(){&#10;        //create panels&#10;        //cardCreator.createPanel();&#10;        studyPanel.createPanel();&#10;        &#10;        addTabs();&#10;        &#10;        setPreferredSize(new Dimension(390, 400));&#10;    }&#10;    &#10;    private void addTabs(){&#10;        //spaces put distance between words and images&#10;        addTab(&quot;Home &quot;, GUI.createImageIcon(&quot;home.png&quot;),homePanel,&quot;Project home&quot;);&#10;        //addTab(&quot;Study&quot;,GUI.createImageIcon(&quot;lightbulb.png&quot;),studyPanel,&quot;Study from your flashcards&quot;);&#10;        addTab(&quot;Card Manager &quot;,GUI.createImageIcon(&quot;cards.png&quot;),cardViewerPanel,&quot;View, edit, and delete flashcards&quot;);&#10;        addTab(&quot;Notes &quot;,GUI.createImageIcon(&quot;notes.png&quot;),noteTabPane,&quot;Read and write notes&quot;);       &#10;        addTab(&quot;Vault &quot;,GUI.createImageIcon(&quot;coins.png&quot;),pointPanel,&quot;Keep track of your coins&quot;);&#10;    }&#10;    &#10;    &#10;    public void setActiveTab(int tab){&#10;        this.setSelectedIndex(tab);&#10;    }&#10;    &#10;    public void refresh(){&#10;        int tabs = this.getTabCount();&#10;        if(controller.getActiveProject() == null){&#10;            //someone just deleted the last active project&#10;            removeAll();&#10;            //replace with a tab telling them to make a new project&#10;            addTab(&quot;Home &quot;, GUI.createImageIcon(&quot;home.png&quot;),Utils.createAdvicePanel(&#10;                    &quot;&lt;html&gt;&lt;center&gt;You have no projects.&lt;br&gt;Create a new project by clicking&lt;br&gt;&quot;&#10;                    + &quot;&lt;b&gt;Add a project&lt;/b&gt; in the sidebar.&quot;),&#10;                    &quot;Cabra home&quot;);&#10;            //points tab still works&#10;            addTab(&quot;Points &quot;,GUI.createImageIcon(&quot;coins.png&quot;),pointPanel,&quot;Keep track of your progress&quot;);&#10;            //refresh only points panel&#10;            pointPanel.refresh();&#10;            return;&#10;        }&#10;        else if(controller.getActiveProject() != null &amp;&amp; tabs == NUM_TABS_NO_PROJECT){&#10;            //a project was added when there was none earlier&#10;            //replace home tab with the main tabs. Points tab will have to go too&#10;            removeAll();&#10;            addTabs();&#10;        }&#10;        //studyPanel.refresh();&#10;        homePanel.refresh();&#10;        cardViewerPanel.refresh();&#10;        noteTabPane.refresh();&#10;        pointPanel.refresh();&#10;    }&#10;  &#10;    public void refreshHomePage(){&#10;        homePanel.refresh();&#10;    }&#10;    &#10;    // The panels that are contained in this tab pane call these methods &#10;    public Project getActiveProject(){&#10;        return controller.getActiveProject();&#10;    }&#10;    &#10;    /**Called when a new project is set as active.&#10;     * &#10;     * @param project the new active project.&#10;     */&#10;    public void newActiveProject(Project project){&#10;        //studyPanel.newActiveProject(project);&#10;        &#10;    }&#10;    &#10;    /** Tells the controller to do its thing with the note, and returns the created note panel&#10;     * &#10;     * @param note the note&#10;     * @return the created note panel&#10;     */&#10;    public NotePanel addNote(Note note){&#10;        return controller.addNoteToActiveProject(noteTabPane, note);&#10;    }&#10;    &#10;    /** Removes the given note from the project. Be sure to remove its tab too.&#10;     * &#10;     * @param note the note to remove&#10;     */&#10;    public void removeNote(Note note){&#10;        controller.getActiveProject().removeNote(note);&#10;    }&#10;    &#10;    /** Call this when letting the user choose when to save notes.&#10;     * &#10;     */&#10;    &#10;    public void saveNotes(){&#10;        controller.getActiveProject().saveNotes();&#10;    }&#10;    &#10;    /** Call this when changing to a new project.&#10;     * &#10;     */&#10;    &#10;    public void updateNotes(){&#10;        //tell the note tab pane to update its notes&#10;        noteTabPane.updateNotes();&#10;    }&#10;    &#10;    /** Deletes the given card from the project list&#10;     * &#10;     * @param card the card to remove&#10;     */&#10;    &#10;    public void removeCard(Card card){&#10;        controller.getActiveProject().removeCard(card);&#10;    }&#10;}&#10;" Filename="TabPane.java" Intrnl_Id="20"/>
<SrcFile Content="/*&#10; * To change this template, choose Tools | Templates&#10; * and open the template in the editor.&#10; */&#10;&#10;package cabra;&#10;&#10;/**&#10; *&#10; * @author Neel&#10; */&#10;&#10;import javax.swing.*;&#10;import java.awt.*;&#10;import java.awt.event.*;&#10;import static cabra.KnowPanel.Choices;&#10;//import java.util.ArrayList;&#10;&#10;public class StudyPanel extends JPanel{&#10;    //the heart and soul of the program, this allows you to see a card's question and answer&#10;   &#10;    &#10;    private TabPane tabPane; //used to handle the nextCard event&#10;    private GUI gui; //just used for the confirm&#10;    private Controller controller;&#10;    &#10;    private JPanel mainPanel; //main contents of this are stored in this panel&#10;    private QuestionPanel question; //question text area panel&#10;    private AnswerPanel answer; //answer text area panel&#10;    private JLabel cardLabel; //shows &quot;card x of y&quot;&#10;    &#10;    private KnowPanel knowPanel; //asks if you knew the card and has buttons&#10;    //private JButton delete; //lets you delete a card&#10;    private JButton forward; //lets you skip this card and go to another&#10;    private JButton quit; //lets you quit the current study session&#10;    private JToolBar toolbar; //forward/delete/etc buttons are on here&#10;    private StackedBarGraph resultGraph;&#10;    &#10;    private Card currentCard; //the card you're viewing right now&#10;    //private Session session; //current study session going on, if any&#10;    &#10;    public static final int MY_WIDTH = 365;&#10;    public static final int MY_HEIGHT = 395;&#10;    &#10;    public StudyPanel(TabPane tabPane,GUI gui,Controller controller){&#10;        this.tabPane = tabPane;&#10;        this.gui = gui;&#10;        this.controller = controller;&#10;&#10;        cardLabel = new JLabel();&#10;        question = new QuestionPanel(this,controller,gui);&#10;        answer = new AnswerPanel(this,controller,gui);&#10;&#10;        toolbar = createToolbar();     &#10;        knowPanel = new KnowPanel(this);&#10;        &#10;        //addBindings();&#10;    }&#10;    &#10;    /**&#10;     * Called when this study panel is opened and a session needs to be created.&#10;     */&#10;    public void start(){&#10;        newSession();&#10;    }&#10;    &#10;    public void createPanel(){&#10;&#10;        addComponents();&#10;        &#10;        //don't add 'next card' button yet; user must click the show answer button to show it&#10;        //same with the know panel&#10;        &#10;        //nextCard();&#10;    }&#10;    &#10;    private void addComponents(){&#10;        setLayout(new BorderLayout());&#10;        mainPanel = new JPanel();&#10;&#10;        mainPanel.add(cardLabel);&#10;        &#10;        //add toolbar to left&#10;        //put it in a FlowLayout panel to keep it from stretching&#10;        JPanel toolbarHolder = new JPanel(new FlowLayout());   &#10;        toolbarHolder.add(toolbar);   &#10;        mainPanel.add(toolbarHolder);&#10;&#10;        mainPanel.add(question);&#10;        mainPanel.add(answer);  &#10;        &#10;        add(BorderLayout.CENTER, mainPanel);&#10;        //mainPanel.setPreferredSize(new Dimension(MY_WIDTH, MY_HEIGHT - 16));&#10;        &#10;        resultGraph = new StackedBarGraph(0); //for now&#10;        add(BorderLayout.SOUTH, resultGraph);&#10;        &#10;        repaint();&#10;        validate();&#10;    }&#10;&#10;    /** Creates the toolbar to go on the side of the flashcard.&#10;     * &#10;     * @return the toolbar&#10;     */&#10;    private JToolBar createToolbar(){&#10;        //JButton arrow = new JButton(GUI.createImageIcon(direction + &quot;.png&quot;));&#10;        //arrow.setAlignmentY(Component.CENTER_ALIGNMENT); &#10;        JToolBar bar = new JToolBar(JToolBar.HORIZONTAL);&#10;        bar.setFloatable(false);&#10;        bar.setBorderPainted(false);&#10;        &#10;        //forward button&#10;        forward = new JButton(GUI.createImageIcon(&quot;skip.png&quot;));&#10;            forward.addActionListener(new ForwardListener());&#10;            forward.setToolTipText(&quot;Skip this card and view another&quot;);&#10;&#10;        &#10;       quit = new JButton(GUI.createImageIcon(&quot;quit.png&quot;));     &#10;            quit.addActionListener(new ActionListener(){&#10;                public void actionPerformed(ActionEvent e){&#10;                    if(gui.confirm(&quot;Are you sure you want to quit this studying session?&quot;)){&#10;                        endSession();&#10;                    }&#10;                }&#10;            });&#10;            quit.setToolTipText(&quot;Quit this studying session&quot;);&#10;            &#10;        bar.add(forward);&#10;        bar.add(quit);&#10;        &#10;        bar.setAlignmentX(Component.CENTER_ALIGNMENT);&#10;        &#10;        return bar;&#10;    }&#10;    &#10;    /**Adds bindings to the text areas.&#10;     * &#10;     */&#10;    /*private void addBindings(){        &#10;        //question area: Tab to show answer&#10;        InputMap inputMap = answer.getInputMap(WHEN_IN_FOCUSED_WINDOW);&#10;        KeyStroke key = KeyStroke.getKeyStroke(KeyEvent.VK_TAB, 0);&#10;        Action action = new AbstractAction(){&#10;            public void actionPerformed(ActionEvent e){&#10;                answerShown();&#10;            }&#10;        };&#10;        action.putValue(Action.NAME, &quot;Show answer&quot;);&#10;        inputMap.put(key, action);&#10;    }*/    &#10;    &#10;    private void nextCard(){&#10;        //bring on the next card&#10;        currentCard = getSession().getCard();&#10;&#10;        if(currentCard == null){&#10;            //all out of cards&#10;            endSession();&#10;            //refresh();&#10;            return;&#10;        }&#10;&#10;        reload(); //refreshes GUI&#10;    }&#10;    &#10;    /**Reloads the GUI based on the current card.&#10;     * &#10;     */&#10;    private void reload(){&#10;        if(getSession() != null &amp;&amp; getSession().isFinished()){&#10;            //session is done; end&#10;            endSession();&#10;        }&#10;        else if(currentCard != null){&#10;            //active project with a card&#10;            //update the card for the current project&#10;            currentCard = getSession().reloadCard();&#10;            &#10;            //this updates card contents&#10;            question.update(currentCard);&#10;            answer.update(currentCard);&#10;            //update GUI&#10;            decideOnLabelUpdate();&#10;&#10;            forward.setEnabled(true);  &#10;            focusQuestionArea();&#10;            &#10;            //remove the &quot;I didn't know this&quot; area and its buttons&#10;            if(this.isAncestorOf(knowPanel))&#10;                mainPanel.remove(knowPanel);&#10;            &#10;            repaint();           &#10;            validate(); &#10;            &#10;            focusQuestionArea();&#10;        }&#10;        else if(getSession().getNumCards() != 0){&#10;            //there are cards but they haven't been activated yet&#10;            nextCard();&#10;        }&#10;    }&#10;    &#10;    @Override&#10;    public void validate(){&#10;        focusQuestionArea();&#10;        super.validate();&#10;    }&#10;    &#10;    /** Called by the answer StudyTextPanel when the &quot;show answer&quot; button is clicked&#10;     * &#10;     */&#10;    public void answerShown(){&#10;        //add the know panel (contains next card buttons)&#10;        mainPanel.add(knowPanel);&#10;        &#10;        forward.setEnabled(false); &#10;&#10;        repaint();&#10;        validate();&#10;    }&#10;    private void decideOnLabelUpdate(){&#10;        //determines what to do - importantCard() or notImportantCard() - based on current card&#10;        &#10;        String text = &quot;&lt;html&gt;&lt;center&gt;&quot;; //for the text of the label&#10;        String imageIconText = null;&#10;        &#10;        //question or answer?&#10;        text += &quot;&lt;b&gt;&quot; + &quot;Card &quot;;&#10;        &#10;        //add text like &quot;card 5 of 10&quot;&#10;        //+1 turns makes the number at least 1 (human-readable)&#10;        int current = getSession().getCurrentIndex() + 0;&#10;        int total = getSession().getNumCards();&#10;        text += (current + &quot; of &quot; + total + &quot;:&lt;/b&gt;&lt;br&gt;&quot;);&#10;        text += &quot;Rank &quot; + currentCard.getStatus().toString();&#10;        &#10;        cardLabel.setText(text);&#10;        if(imageIconText != null)&#10;            cardLabel.setIcon(GUI.createImageIcon(imageIconText)); //add image if one was specified&#10;        else&#10;            cardLabel.setIcon(null);&#10;        &#10;    }&#10;    &#10;    /*public void refresh(){&#10;        //called whenever a new project is booted up or a new card is created&#10;        //basically, re-enable anything that was removed by cardlessUpdate&#10;        &#10;        if(controller.getActiveProject() != null &amp;&amp; controller.getActiveProject().numCards() == 0){&#10;            //no cards&#10;            cardlessUpdate();&#10;            return;&#10;        }&#10;        &#10;        //just choose an arbitrary component to check&#10;        if(this.isAncestorOf(question) == false){&#10;            //so there's nothing at all in here except the 'no cards' panel&#10;            removeAll();&#10;            addComponents();&#10;        }&#10;        &#10;        validate();&#10;        repaint();&#10;  &#10;        //make a new session&#10;        createSession();&#10;        while(getSession().isEmpty()){&#10;            //no cards due, so skip this one&#10;            //controller.getActiveProject().skipAll();&#10;            createSession();&#10;        }&#10;        //update result graph to match new session&#10;        resultGraph.reset(getSession().getNumCards());&#10;        nextCard();&#10;        reload();&#10;    }*/&#10;    &#10;    &#10;    private void endSession(){&#10;        if(getSession() != null){           &#10;            &#10;            //tell user that they're done&#10;            mainPanel.removeAll();&#10;            //place last session panel in middle of window; move it down a bit&#10;            int shift = 75;&#10;            mainPanel.add(Box.createRigidArea(new Dimension(getWidth(), shift)));&#10;            //remove(resultGraph);&#10;            mainPanel.add(new LastSessionPanel(getSession()));&#10;            //setPreferredSize(new Dimension(LastSessionPanel.MY_WIDTH,LastSessionPanel.MY_HEIGHT));&#10;            &#10;            //earn points if it's a perfect session (must be 10+ cards, to prevent gaming system)&#10;            /*if(getSession().getCardStats()[0] == getSession().getNumCards()){&#10;                int numCards = getSession().getNumCards();&#10;                if(numCards &gt;= 50)&#10;                    controller.gainPoints(PointEnums.Activity.PERFECT_SESS_50);&#10;                else if(numCards &gt;= 25)&#10;                    controller.gainPoints(PointEnums.Activity.PERFECT_SESS_25);&#10;                else if(numCards &gt;= 10)&#10;                    controller.gainPoints(PointEnums.Activity.PERFECT_SESS_10);                &#10;            }*/&#10;            &#10;            //inform the session to have the project delete it&#10;            getSession().end();&#10;            &#10;            //add a button that lets the user start over&#10;            JButton restart = new JButton(&quot;Start a new studying session&quot;,GUI.createImageIcon(&quot;lightbulb.png&quot;));&#10;            restart.addActionListener(new ActionListener(){&#10;                public void actionPerformed(ActionEvent e) {&#10;                    removeAll();&#10;                    addComponents();&#10;                    newSession();&#10;                }&#10;            });&#10;            mainPanel.add(restart);&#10;            &#10;            validate();&#10;            repaint();&#10;        }&#10;    }&#10;    &#10;    /** Makes a new session automatically.&#10;     * &#10;     */&#10;    private void newSession(){&#10;        getProject().newSession();&#10;        //update bar graph&#10;        this.resultGraph.reset(getSession().getNumCards());&#10;        &#10;        nextCard();&#10;    }&#10;    &#10;    /** Focuses the question text area.&#10;     * &#10;     */&#10;    public void focusQuestionArea(){&#10;        answer.requestFocus();&#10;    }&#10;    &#10;    /** Called when the dialog containing this is closing. Asks for confirmation if necessary.&#10;     * &#10;     * @return true if it's OK to close the dialog, false otherwise&#10;     */&#10;    public boolean windowClosing(){&#10;        //setSize(MY_WIDTH,MY_HEIGHT);&#10;        &#10;        if(getSession() == null){&#10;            //no session; it's fine to close&#10;            return true;&#10;        }&#10;        &#10;        //they have a session; now ask them&#10;        boolean ok = InputManager.confirm(&#10;                &quot;&lt;html&gt;&lt;center&gt;You are in the middle of a studying session.&lt;br&gt;&quot;&#10;                + &quot;Are you sure you want to quit studying?&quot;, &#10;                gui.getFrame());&#10;        if(ok == false){&#10;            //it's not ok to close; continue as normal&#10;            return false;&#10;        }&#10;        else{&#10;            //end session and clean up&#10;            endSession();&#10;            return true;&#10;        }&#10;    }&#10;    &#10;    private JPanel createNoCardPanel(){&#10;        JPanel panel = new JPanel(false);&#10;        JLabel filler = new JLabel(&quot;&lt;html&gt;&lt;center&gt;There are &lt;b&gt;no flashcards&lt;/b&gt; in this project.&lt;br&gt;Create some in the &lt;b&gt;Home&lt;/b&gt; tab.&quot;);&#10;        filler.setHorizontalAlignment(JLabel.CENTER);&#10;        panel.setLayout(new GridLayout(1, 1));&#10;        panel.add(filler);&#10;        return panel;&#10;    }    &#10;    &#10;    &#10;    /** Called when someone chooses 'yes' or 'no' from KnowPanel. Reacts accordingly and calls &lt;code&gt;nextCard()&lt;/code&gt;.&#10;     * &#10;     * @param choice &#10;     */&#10;    public void userDecided(final Choices choice){ &#10;        Status oldStatus = currentCard.getStatus();&#10;        &#10;        currentCard.study(choice);&#10;        tabPane.getActiveProject().save();&#10;        &#10;        //give points if they were right&#10;        if(choice == Choices.YES){&#10;            controller.gainPoints(PointEnums.Activity.STUDY_CORRECT);&#10;            &#10;            //if the old status was D and it's now E, then you just got the card up to E rank. Good job!&#10;            if(oldStatus == Status.D &amp;&amp; this.currentCard.getStatus() == Status.E){&#10;                controller.gainPoints(PointEnums.Activity.RANK_E);&#10;            }&#10;        }&#10;        &#10;        getSession().putResult(choice);&#10;        //update home panel some time&#10;        SwingUtilities.invokeLater(&#10;                new Runnable(){ public void run(){&#10;                    controller.refreshHomePage();&#10;                }});&#10;        //update results bar some time&#10;        SwingUtilities.invokeLater(&#10;                new Runnable(){ public void run(){&#10;                    resultGraph.addResult(choice);&#10;                }});&#10;        &#10;        nextCard();            &#10;   }&#10;    &#10;    private Session getSession(){&#10;        if(getProject() == null)&#10;            return null;&#10;        return getProject().getSession();&#10;    }&#10;    &#10;    private Project getProject(){&#10;        return controller.getActiveProject();&#10;    }&#10;    &#10;    private class ForwardListener implements ActionListener{&#10;        public void actionPerformed(ActionEvent e) {&#10;            //see a new card&#10;            getSession().cardSkipped();   &#10;            //update results bar some time&#10;            SwingUtilities.invokeLater(&#10;                    new Runnable(){ public void run(){&#10;                        resultGraph.addResult(Choices.SKIPPED);&#10;                    }}); &#10;            nextCard();&#10;        }&#10;    }&#10;     &#10;    @Override&#10;        public void paintComponent(Graphics g){&#10;            super.paintComponent(g);&#10;            &#10;            /*if(getSession() == null){&#10;                //the session setup panel is showing&#10;                Utils.drawEmblem(mainPanel, g);&#10;            }*/&#10;            //if something's being studied, don't draw the emblem cause it would look horrible&#10;        } &#10;    &#10;    /** A panel with a stacked bar graph that shows the results of each individual card.&#10;     * This is shown at the bottom of the study panel to show the user's progress&#10;     * &#10;     */&#10;    public static class StackedBarGraph extends JPanel{&#10;&#10;        /** Contains the final result of each card (yes, no, sort of, skipped.)&#10;         * &#10;         */&#10;        private Choices[] results;&#10;        &#10;        /**&#10;         * Points to the last filled item in the results array. Also how many cards have been studied to this point.&#10;         */&#10;        private int lastResult;&#10;        &#10;        /**&#10;         * How tall this StackedBarGraph is.&#10;         */&#10;        private static final int SBG_HEIGHT = 16;&#10;&#10;        /**&#10;         * Creates a StackedBarGraph.&#10;         * @param cardsInSession how many cards are in this session.&#10;         */&#10;        public StackedBarGraph(int cardsInSession){&#10;            reset(cardsInSession);&#10;            &#10;            setPreferredSize(new Dimension(MY_WIDTH, SBG_HEIGHT));&#10;        }&#10;        &#10;        /**&#10;         * Adds a result to the list of results. Called when a card is studied; pass the user's &quot;know choice.&quot;&#10;         * @param result &#10;         */&#10;        public void addResult(Choices result){&#10;            results[lastResult] = result;&#10;            lastResult++;&#10;            &#10;            repaint();&#10;        }&#10;        &#10;        /**&#10;         * Resets the contents of this graph to empty. Called when there's a new session.&#10;         * @param newNumCards the number of cards in the new session.&#10;         */&#10;        public void reset(int newNumCards){&#10;            results = new Choices[newNumCards];&#10;            lastResult = 0;            &#10;        }&#10;&#10;        @Override&#10;        public void paintComponent(Graphics g){&#10;            super.paintComponent(g);&#10;&#10;            //paint a bit of the bar for each card studied&#10;            &#10;            int topX = 0; //marks where to start each bit&#10;            //int bitWidth = (int)(1.0 * getWidth() / results.length);&#10;            int width = getWidth();&#10;            int height = getHeight();&#10;            &#10;            for(int i=0; i&lt;results.length; i++){&#10;                Choices result = results[i];&#10;                if(result == null){&#10;                    //once one's empty, the rest must be because it's filled in order&#10;                    //can exit immediately&#10;                    break;&#10;                }&#10;                &#10;                //set translucent color; copy default color and make it less opaque&#10;                final int opacity = 128;&#10;                g.setColor(ColorManager.translucent(result.getColor(), opacity));&#10;                &#10;                //determine where to place it; dynamically generate new width so we fill up the whole space&#10;                int widthLeft = width - topX;&#10;                int resultsLeft = results.length - i;&#10;                int barWidth = (int)(1.0 * widthLeft / resultsLeft);&#10;                &#10;                g.fillRect(topX, 0, barWidth, height);&#10;                &#10;                topX += barWidth;&#10;            } //end foreach&#10;            &#10;            /*&#10;            //draw text showing what percent done you are&#10;            g.setColor(Color.BLACK);&#10;            g.setFont(FontManager.PREFERRED_FONT);&#10;            g.drawString(&quot;SDFSDFSDFSDFS&quot;, 10, 0);&#10;            */&#10;        }&#10;    }    &#10;}&#10;" Filename="StudyPanel.java" Intrnl_Id="21"/>
<SrcFile Content="/*&#10; * To change this template, choose Tools | Templates&#10; * and open the template in the editor.&#10; */&#10;package cabra;&#10;&#10;import java.awt.Color;&#10;import javax.swing.ImageIcon;&#10;&#10;/** A card's rank (A to E based on how well you know it) as well as how many sessions are left until it's due&#10; *&#10; * @author Neel&#10; */&#10;public enum Status {&#10;    &#10;    //number is default reps&#10;    A('A',0,&quot;FF0000&quot;,&quot;These cards are new, so you'll study them the most.&quot;), &#10;        //red &#10;    B('B',2,&quot;FF7F00&quot;,&quot;You know these cards just a little, so you'll study them a lot.&quot;), &#10;        //orange&#10;    C('C',4,&quot;FFC800&quot;,&quot;You're in the process of learning these cards, so you'll study these occasionally.&quot;), &#10;        //gold&#10;    D('D',8,&quot;0094FF&quot;,&quot;You know these cards very well, so you won't study them often.&quot;), &#10;        //blue&#10;    E('E',12,&quot;00E500&quot;,&quot;You know these cards cold, so you'll study them rarely.&quot;)  &#10;        //green&#10;    ;&#10;    &#10;    /* constants */&#10;    /** Original status of all cards.&#10;     * &#10;     */&#10;    public static final Status DEFAULT_STATUS = Status.A;&#10;    &#10;    /* class stuff */&#10;    &#10;    /** Name of rank (A,B,C)&#10;     * &#10;     */&#10;    private char rank;&#10;    &#10;    /* The number of sessions left until this card is studied. If it's 0, the card will be studied immediately.&#10;     * Otherwise it'll be reduced by one until it hits 0.&#10;     * &#10;     */&#10;    private int sessionsLeft;&#10;    &#10;    /** The color of this status's bar graph and other stuff&#10;     * &#10;     */&#10;    private Color color;&#10;    &#10;    /**&#10;     * Text shown in a tool tip when the bar graph for this is moused over.&#10;     */&#10;    private String toolTipText;&#10;    &#10;    public int getReps(){&#10;        return sessionsLeft;&#10;    }&#10;    &#10;    public Color getColor(){&#10;        return color;&#10;    }&#10;    &#10;    public String getToolTipText(){&#10;        return toolTipText;&#10;    }&#10;    &#10;    public ImageIcon getImageIcon(){&#10;        return GUI.createImageIcon(name() + &quot;.png&quot;);&#10;    }&#10;    &#10;    @Override&#10;    public String toString(){&#10;        String string = new String(new char[]{ rank });&#10;        return string;&#10;    }    &#10;    &#10;    /** Returns the rank after this one. If rank is A, it returns B.&#10;     * &#10;     * @return the rank after this one.&#10;     */&#10;    public Status nextRank(){&#10;        //determine it based on this rank&#10;        switch(rank){&#10;            case 'A':&#10;                return Status.B;&#10;            case 'B':&#10;                return Status.C;&#10;            case 'C':&#10;                return Status.D;&#10;            case 'D':&#10;                return Status.E;&#10;            case 'E':&#10;                return Status.E; //can't go any higher&#10;            default:&#10;                return Status.DEFAULT_STATUS; //shouldn't happen, it's just here to please compiler&#10;        }&#10;    }&#10;&#10;   /** Returns the rank before this one. If this rank is C, this method returns B.&#10;     * &#10;     * @return the rank before this one.&#10;     */&#10;    public Status previousRank(){&#10;        switch(rank){&#10;            case 'A':&#10;                return Status.A; //can't go any lower&#10;            case 'B':&#10;                return Status.A;&#10;            case 'C':&#10;                return Status.B;&#10;            case 'D':&#10;                return Status.C;&#10;            case 'E':&#10;                return Status.D;&#10;            default:&#10;                return Status.DEFAULT_STATUS; //shouldn't happen, it's just here to please compiler&#10;        }        &#10;    }&#10;    &#10;    /** A convenient overload that lets you pass the hex code of the color and not the color itself&#10;     * &#10;     * @param rank the letter to display for the rank (A-E)&#10;     * @param defaultReps how many study sessions elapse between studying.&#10;     * @param hexCode the hex code of the color, like FF0000&#10;     * @param toolTipText the text displayed on the bar graph's tooltip&#10;     */&#10;    Status(char rank, int defaultReps, String hexCode, String toolTipText){&#10;        this(rank,defaultReps,ColorManager.createColor(hexCode),toolTipText);&#10;    }&#10;    &#10;    Status(char rank, int defaultReps, Color color, String toolTipText){&#10;        this.rank = rank;&#10;        this.sessionsLeft = defaultReps;&#10;        this.color = color;&#10;        this.toolTipText = toolTipText;&#10;    }    &#10;    &#10;    /** Tries to find the status with the given name.&#10;     * &#10;     * @param statusName A0,E3,B1... first rank, then number of reps left&#10;     * @return the status, or the default if nothing is found&#10;     */&#10;    public static Status getStatus(String statusName){&#10;        try{&#10;            Status status = Status.valueOf(statusName);&#10;            &#10;            return status;&#10;        }&#10;        catch(IllegalArgumentException e){&#10;            //not a valid status&#10;            //importing statuses from 0.4.x; learned is B, not learned/not studied is A&#10;            if(statusName.equals(&quot;learned&quot;))&#10;                return Status.B;&#10;            else&#10;                return Status.A;&#10;        }&#10;    }&#10;    &#10;    /** Takes a status string (new or from 0.4.x) and changes it to the new version.&#10;     * &#10;     * @param past the status string from the text file.&#10;     * @return the new status string, like &quot;A0&quot; or &quot;C2&quot;&#10;     */&#10;    public static String importFromPast(String past){&#10;        if(past.equals(&quot;learned&quot;)){&#10;            //c status&#10;            return &quot;C&quot; + Status.C.sessionsLeft;&#10;        }&#10;        else if(past.equals(&quot;not_learned&quot;)){&#10;            //a status&#10;            return &quot;A&quot; + Status.A.sessionsLeft;&#10;        }&#10;        else if(past.equals(&quot;not_studied&quot;)){&#10;            //a status&#10;            return &quot;A&quot; + Status.A.sessionsLeft;&#10;        }&#10;        else{&#10;            //it's new, so no need to adapt it&#10;            return past;&#10;        }&#10;    }&#10;}&#10;" Filename="Status.java" Intrnl_Id="22"/>
<SrcFile Content="package cabra;&#10;&#10;import javax.swing.*;&#10;import java.awt.*;&#10;import java.awt.event.ActionEvent;&#10;import java.awt.event.ActionListener;&#10;import java.io.File;&#10;import java.io.IOException;&#10;import javax.swing.event.ChangeEvent;&#10;import javax.swing.event.ChangeListener;&#10;&#10;/**&#10; *&#10; * @author Neel&#10; */&#10;public final class SettingsPanel extends JTabbedPane{&#10;    &#10;    private Controller controller;&#10;    private GUI gui;&#10;    &#10;    public static final int MY_WIDTH = 400;&#10;    public static final int MY_HEIGHT = 300;&#10;    &#10;    public SettingsPanel(Controller controller, GUI gui){&#10;        this.controller = controller;&#10;        this.gui = gui;&#10;        &#10;        /** NOW ADD STUFF **/&#10;        &#10;        addGeneralRow();&#10;        addProjectFolderRow();&#10;        addFontRow();&#10;        addStudyingRow();&#10;        &#10;        setPreferredSize(new Dimension(MY_WIDTH - 20, MY_HEIGHT - 100));&#10;    }&#10;    &#10;    /**&#10;     * Creates a panel containing this tabbed pane and returns it.&#10;     * @return a JPanel&#10;     */&#10;    public JPanel getPanel(){&#10;        JPanel holder = new JPanel(){&#10;            @Override&#10;            public void paintComponent(Graphics g){&#10;                super.paintComponent(g);&#10;&#10;                Utils.drawEmblem(this, g);                &#10;            }&#10;        };&#10;        //holder.setLayout(new GridLayout(1,1));&#10;        holder.add(this);&#10;        &#10;        return holder;&#10;    }&#10;&#10;    /**&#10;     * Adds a general row (check for updates.)&#10;     */&#10;    private void addGeneralRow(){&#10;        //JSpinner where they can change the check for updates interval&#10;        int updateInterval = UserData.getIntPref(&quot;UpdateInterval&quot;);&#10;        SpinnerModel spinnerModel = new SpinnerNumberModel(updateInterval, 1, 31, 1); //start - min - max - step&#10;        final JSpinner spinner = new JSpinner(spinnerModel);&#10;        spinner.addChangeListener(new ChangeListener(){&#10;            public void stateChanged(ChangeEvent e){&#10;                //get the new value&#10;                SpinnerNumberModel model = (SpinnerNumberModel) spinner.getModel();&#10;                int newInterval = model.getNumber().intValue();&#10;                //update pref&#10;                setPref(&quot;UpdateInterval&quot;, newInterval + &quot;&quot;);&#10;            }&#10;        });&#10;        &#10;        JPanel holder = new JPanel();&#10;        JLabel label = new JLabel(&quot;Days between checking for updates&quot;);&#10;        holder.add(label);&#10;        holder.add(spinner);&#10;        &#10;        addRow(&quot;General&quot;, holder);&#10;    }&#10;    &#10;    /**&#10;     * Creates a row where the user can change the settings for studying (cards per session.)&#10;     */&#10;    private void addStudyingRow(){&#10;        //JSpinner where they can change the max cards in a session&#10;        int maxCards = UserData.getIntPref(&quot;MaxSession&quot;);&#10;        SpinnerModel spinnerModel = new SpinnerNumberModel(maxCards, 10, 200, 10); //start - min - max - step&#10;        final JSpinner spinner = new JSpinner(spinnerModel);&#10;        spinner.addChangeListener(new ChangeListener(){&#10;            public void stateChanged(ChangeEvent e){&#10;                //get the new value&#10;                SpinnerNumberModel model = (SpinnerNumberModel) spinner.getModel();&#10;                int newMaxCards = model.getNumber().intValue();&#10;                //update pref&#10;                setPref(&quot;MaxSession&quot;, newMaxCards + &quot;&quot;);&#10;            }&#10;        });&#10;        &#10;        //create holder to hold a label and the spinner&#10;        JPanel holder = new JPanel();&#10;        JLabel label = new JLabel(&quot;&lt;html&gt;&lt;center&gt;Max. cards to study in&lt;br&gt;a session. Reduce this&lt;br&gt;to have shorter sessions.&quot;);&#10;        //label.setPreferredSize(new Dimension(200, 200));&#10;        holder.add(label);&#10;        holder.add(spinner);&#10;        &#10;        //add it&#10;        addRow(&quot;Studying&quot;, holder);&#10;    }&#10;    &#10;    /**&#10;     * Creates a row where the user can change the font size and name&#10;     */&#10;    private void addFontRow(){&#10;        Font preferredFont = FontManager.PREFERRED_FONT;&#10;        &#10;        final JLabel fontPreview = new JLabel(&quot;&lt;html&gt;&lt;center&gt;&lt;i&gt;Preview:&lt;/i&gt; The quick brown fox jumped over the lazy dog&quot;);&#10;        fontPreview.setToolTipText(&quot;Font preview&quot;);&#10;        fontPreview.setHorizontalAlignment(JLabel.CENTER);&#10;        fontPreview.setFont(preferredFont);&#10;        &#10;        //gridded JPanel to hold size/name&#10;        JPanel holder = new JPanel(new GridLayout(2,2));&#10;        &#10;        //sizeRow has label saying &quot;Size&quot; and a size combo box&#10;        //JPanel sizeRow = new JPanel();     &#10;        int[] sizes = FontManager.GOOD_FONT_SIZES;&#10;        final JComboBox fontDrop = new JComboBox(Utils.toIntegerArray(sizes));&#10;        //&lt;TODO&gt;: make font sizes in their font size (&quot;12&quot; in 12pt)&#10;        //what should the starting value be?&#10;        int preferredSize = preferredFont.getSize();&#10;        for(int i=0; i&lt;sizes.length; i++){&#10;            if(sizes[i] == preferredSize)&#10;                fontDrop.setSelectedIndex(i);&#10;        }&#10;        //handle changes&#10;        fontDrop.addActionListener(new ActionListener(){&#10;           public void actionPerformed(ActionEvent e){&#10;               //determine what the new font size is&#10;               Object selected = fontDrop.getSelectedItem();&#10;               int newFontSize = ((Integer)selected).intValue();&#10;               &#10;               //change preferred font; this will change prefs while it's at it&#10;               FontManager.updatePreferredFont(null, newFontSize); //don't change name&#10;               //update preview&#10;               fontPreview.setFont(FontManager.PREFERRED_FONT);&#10;               //alert controller&#10;               controller.refresh();&#10;           } &#10;        });&#10;        //add to sizeRow&#10;        holder.add(new JLabel(&quot;Font Size&quot;));&#10;        holder.add(fontDrop);&#10;        &#10;        //font name row&#10;        //JPanel nameRow = new JPanel();&#10;        //String[] names = FontManager.getAvailablePreferredFontNames();&#10;        String[] names = FontManager.getAllAvailableFontNames();&#10;        final JComboBox nameDrop = new JComboBox(names);&#10;        //what should the starting value be?&#10;        String preferredName = preferredFont.getName();&#10;        for(int i=0; i&lt;names.length; i++){&#10;            if(names[i].equals(preferredName))&#10;                nameDrop.setSelectedIndex(i);&#10;        }        &#10;        //handle changes&#10;        nameDrop.addActionListener(new ActionListener(){&#10;           public void actionPerformed(ActionEvent e){&#10;               //determine what the new font name is&#10;               String newFontName = (String)nameDrop.getSelectedItem();&#10;               &#10;               //change preferred font; this will change prefs while it's at it&#10;               FontManager.updatePreferredFont(newFontName, 0); //don't change size&#10;               //update preview&#10;               fontPreview.setFont(FontManager.PREFERRED_FONT);&#10;               //alert controller&#10;               controller.refresh();&#10;           } &#10;        });        &#10;        //add to nameRow&#10;        holder.add(new JLabel(&quot;Font Name&quot;));&#10;        holder.add(nameDrop);&#10;        &#10;        addRow(&quot;Font&quot;, fontPreview, holder);&#10;    }&#10;    &#10;    /**&#10;     * Adds a row about choosing a new project folder.&#10;     */&#10;    private void addProjectFolderRow(){&#10;        //create text field&#10;        final JTextField projectFolderTextField = new JTextField();&#10;        projectFolderTextField.setFont(FontManager.PREFERRED_FONT);&#10;        projectFolderTextField.setEditable(false);&#10;        projectFolderTextField.setText(getPref(&quot;ProjectFolder&quot;));&#10;        &#10;        //create &quot;move projects&quot; button&#10;        JButton moveProjectsButton = new JButton(&quot;Move projects to new folder&quot;);&#10;        moveProjectsButton.setToolTipText(&quot;Move all your projects to a new folder&quot;);&#10;        moveProjectsButton.addActionListener(new ActionListener(){&#10;            public void actionPerformed(ActionEvent e){&#10;                //get new folder&#10;                File newFolder = InputManager.requestFolder(gui.getFrame(), &#10;                        &quot;To which folder do you want to move your projects?&quot;);&#10;                if(newFolder == null) return;&#10;                &#10;                if(newFolder.listFiles().length != 0){&#10;                    //now just make a subfolder, too much confusion otherwise&#10;                    /*//there's already files in the folder, ask what user wants to do (overwrite possibly, make subfolder, cancel&#10;                    String[] options = new String[]{ &quot;Use this folder&quot;, &quot;Create subfolder (recommended)&quot;, &quot;Cancel&quot; };&#10;                    String text = &quot;&lt;html&gt;&lt;center&gt;Warning: the folder you chose to store your projects already contains some files.&lt;br&gt;&quot;&#10;                            + &quot;Do you want to &lt;b&gt;use this folder&lt;/b&gt; (and possibly overwrite existing files),&lt;br&gt;&quot;&#10;                            + &quot;or &lt;b&gt;create a subfolder&lt;/b&gt; inside this folder to store your projects (&lt;u&gt;recommended&lt;/u&gt;)?&quot;;&#10;                    int returnValue = JOptionPane.showOptionDialog(&#10;                            gui.getFrame(), &#10;                            text,&#10;                            &quot;Choosing new folder&quot;, &#10;                            JOptionPane.DEFAULT_OPTION,&#10;                            JOptionPane.PLAIN_MESSAGE,&#10;                            ImageManager.createImageIcon(&quot;goat64.png&quot;), &#10;                            options,&#10;                            null&#10;                        );&#10;                    switch(returnValue){&#10;                        case JOptionPane.CLOSED_OPTION:&#10;                        case 2:&#10;                            //user closed dialog or chose the Cancel button&#10;                            return;&#10;                        case 0:&#10;                            //user wants to use this folder&#10;                            break;&#10;                        case 1:*/&#10;                            //user wants to make subfolder inside this folder&#10;                            File subFolder = new File(newFolder.getAbsolutePath() + &quot;/CabraProjects&quot;);&#10;                            subFolder.mkdir();&#10;                            newFolder = subFolder;&#10;                           // break;&#10;                    //}&#10;                }&#10;               &#10;                //move current project folder to the new one&#10;                File projectFolder = SaveLoad.getProjectFolder();&#10;                for(File oldFile : projectFolder.listFiles()){&#10;                    //move it into the new folder&#10;                    if(oldFile.getName().equals(&quot;UserData.txt&quot;)) continue; //don't move user data file&#10;                    //create a new file (new folder's path, old file's name) and move old to new&#10;                    File newFile = new File(newFolder.getAbsolutePath() + &quot;/&quot; + oldFile.getName());&#10;                    oldFile.renameTo(newFile);&#10;                }&#10;                &#10;                //update user data&#10;                setPref(&quot;ProjectFolder&quot;, newFolder.getAbsolutePath());&#10;                &#10;                //update text field&#10;                projectFolderTextField.setText(newFolder.getAbsolutePath());&#10;            }&#10;        });&#10;       &#10;        //create &quot;load from new folder&quot; button&#10;        JButton newFolderButton = new JButton(&quot;Load projects from new folder&quot;);&#10;        newFolderButton.setToolTipText(&quot;Keep your old projects intact, but load projects from a different folder&quot;);&#10;        newFolderButton.addActionListener(new ActionListener(){&#10;            public void actionPerformed(ActionEvent e){&#10;                //get new folder&#10;                File newFolder = InputManager.requestFolder(gui.getFrame(), &#10;                        &quot;Which folder should Cabra load projects from?&quot;);&#10;                if(newFolder == null) return;&#10;                &#10;                //all we do here is ask for a new folder, then set that as the new project folder&#10;                //no need to check for overwrite or anything since we aren't moving files&#10;                &#10;                //update user data&#10;                setPref(&quot;ProjectFolder&quot;, newFolder.getAbsolutePath());&#10;                &#10;                //update text field&#10;                projectFolderTextField.setText(newFolder.getAbsolutePath());&#10;                &#10;                //alert user that changes will take effect next time&#10;                Utils.showDialog(&#10;                        gui.getFrame(),&#10;                        &quot;&lt;html&gt;&lt;center&gt;The next time you load Cabra, your projects will be loaded from&lt;br&gt;&quot;&#10;                        + &quot;&lt;i&gt;&quot; + newFolder.getAbsolutePath() + &quot;&lt;/i&gt;.&quot;,&#10;                        &quot;New project folder&quot;//,&#10;                        //&quot;goat64.png&quot;&#10;                    );&#10;            }&#10;        });        &#10;        &#10;       /* //put text field and buttons in holder panel&#10;        JPanel holder = new JPanel(new GridLayout(3,1));&#10;        holder.add(projectFolderTextField);&#10;        holder.add(moveProjectsButton);&#10;        holder.add(newFolderButton);*/&#10;        &#10;        //JLabel descriptor&#10;        JLabel description = new JLabel(&quot;&lt;html&gt;&lt;center&gt;Projects are loaded from this folder:&quot;);&#10;        description.setHorizontalAlignment(SwingConstants.CENTER);&#10;        &#10;        addRow(&quot;Project Location&quot;, description, projectFolderTextField, moveProjectsButton, newFolderButton);        &#10;    }&#10;    &#10;    /**&#10;     * Adds a tab with the given components.&#10;     * @param title the title of the tab&#10;     * @param components the components to add; will be put in a GridBagLayout and put in the tabbed panel&#10;     */&#10;    public void addRow(String title, JComponent... components){&#10;        //create panel to hold components&#10;        JPanel holder = putInPanel(components);&#10;        &#10;        addTab(title, holder);&#10;    }&#10;    &#10;    /**&#10;     * Adds the given JComponents to a panel that can be put into the tabbed pane.&#10;     * @param components the component to add. They will be placed in a GridBagLayout.&#10;     * @return a panel containing the components.&#10;     */&#10;    private JPanel putInPanel(JComponent... components){&#10;        //unlimited rows, 1 column&#10;        JPanel holder = new JPanel(new GridBagLayout());&#10;        GridBagConstraints c2 = new GridBagConstraints();&#10;        c2.fill = GridBagConstraints.BOTH;&#10;        c2.insets = new Insets(3,3,3,3);&#10;        c2.weightx = 1;        &#10;        c2.gridx = 0;&#10;        c2.gridy = 0;&#10;        &#10;        for(JComponent component : components){&#10;            holder.add(component, c2);&#10;            c2.gridy++;&#10;        }&#10;        &#10;        return holder;&#10;    }&#10;    &#10;    /**&#10;     * Utility method for the very lazy. Gets a certain preference.&#10;     * @param pref the preference's name&#10;     * @return the value of the preference&#10;     */&#10;    private static String getPref(String pref){&#10;        return UserData.getPref(pref);&#10;    }&#10;    &#10;    /**&#10;     * Utility method for the very lazy. Sets a certain preference.&#10;     * @param pref the preference's name&#10;     * @param value the new value of the preference&#10;     */&#10;    private static void setPref(String pref, String value){&#10;        UserData.setPref(pref, value);&#10;    }    &#10;}&#10;" Filename="SettingsPanel.java" Intrnl_Id="23"/>
<SrcFile Content="/*&#10; * To change this template, choose Tools | Templates&#10; * and open the template in the editor.&#10; */&#10;&#10;package cabra;&#10;&#10;import java.util.ArrayList;&#10;&#10;/**A studying session. Allows for easier interfacing with the project.&#10; *&#10; * @author Neel&#10; */&#10;public class Session extends Object{&#10;    &#10;    private Project project; //the project we're studying for&#10;            &#10;    private int currentIndex = 0; //how many cards we have studied&#10;    private ArrayList&lt;Card&gt; cards; //cards we'll study&#10;    private Card currentCard; //current card we're studying&#10;    private int numLearned = 0;&#10;    private int numNotLearned = 0;&#10;    private int numSortOf = 0;&#10;    private int numSkipped = 0;&#10;    &#10;    public Session(Project project){&#10;        //new Exception().printStackTrace();&#10;        this.project = project;&#10;        &#10;        project.setSession(this);&#10;&#10;        cards = new ArrayList&lt;Card&gt;();&#10;        setupSession(project.getCards());&#10;    }&#10;    &#10;    /** Sets up the session; creates the list of cards that will be studied.&#10;     * &#10;     * @param allCards &#10;     */&#10;    private void setupSession(ArrayList&lt;Card&gt; allCards){&#10;        //determine the maximum number of cards the user wants to study in a session&#10;        //and use that as a limit&#10;        int maxCards = UserData.getIntPref(&quot;MaxSession&quot;);&#10;        int added = 0;&#10;        for(int i=0; i&lt;allCards.size() &amp;&amp; added &lt; maxCards; i++){&#10;            Card card = allCards.get(i);&#10;            if(card.isDueForStudying()){&#10;                cards.add(card);&#10;                added++;&#10;            }&#10;            else{&#10;                //we won't study it&#10;                card.skip();&#10;            }            &#10;        }&#10;    }&#10;    &#10;    /**Update the numbers to match the current project's new numbers (so it's called when a card is added to the active project)&#10;     * &#10;     * @return true if the session has ended, false otherwise&#10;     */&#10;    public boolean update(){&#10;        //has the session ended?&#10;        return this.getNumCards() == 0;&#10;    }&#10;        &#10;     /*   //since totalCards was hard-coded, change it to reflect any new cards or something&#10;        int oldCards = totalCards;&#10;        totalCards = getAcceptedCards().size();&#10;        &#10;        if(oldCards != totalCards){&#10;            //a card was just added, but that doesn't really matter&#10;            //as long as totalCards in incremented we're happy (the card is added on the end of deck)&#10;        }&#10;        return totalCards == 0; //session ends if no cards are left&#10;    }*/&#10;    &#10;    /**Signals this session that it's been ended, normally or prematurely.&#10;     * &#10;     */&#10;    public void end(){&#10;        //if the session was ended prematurely, then the number of total cards won't equal the number of learned/notlearned/notstudied&#10;        &#10;        //if the user quit early, don't let the cards you didn't study show up as skipped&#10;        //numCards = numLearned + numNotLearned + numSkipped;&#10;        &#10;        //totalCards = numLearned + numNotLearned + numSkipped;&#10;        project.setSession(null);&#10;    }&#10;    &#10;    /**Gets a card based on the filters and project.&#10;     * &#10;     * @return the chosen card&#10;     * @return null if the session has ended&#10;     */&#10;    public Card getCard(){&#10;        if(currentIndex &gt;= numCards()){&#10;            //this session should be over&#10;            return null;&#10;        }&#10;        //just grab a card that's been chosen&#10;        currentCard = cards.get(currentIndex);&#10;        currentIndex++; //this could go over, that's ok since the session should always be checked after each card&#10;        &#10;        return currentCard;&#10;    }&#10;    &#10;    /**Doesn't do anything, this guy just wants to know when something happens.&#10;     * &#10;     * @param card the card that is about to be removed&#10;     */&#10;    /*public void removeCard(Card card){&#10;        if(currentIndex == totalCards){&#10;            //because this is the last card of the deck (3 of 3), roll everything back 1 (2 of 2.)&#10;            //since nextCard() increases currentIndex by 1, reduce currentIndex by 2.&#10;            totalCards--;&#10;            currentIndex -= 2;&#10;            &#10;        }&#10;        else{&#10;            totalCards--;&#10;            currentIndex--;&#10;        }&#10;    }*/&#10;    &#10;    /**Adds data about how well the user did to this session.&#10;     * &#10;     * @param status Status.LEARNED if they got it, Status.NOT_LEARNED if they didn't&#10;     */&#10;    public void putResult(KnowPanel.Choices choice){&#10;        switch(choice){&#10;            case YES:&#10;                numLearned++;&#10;                break;&#10;            case NO:&#10;                numNotLearned++;&#10;                break;&#10;            case SORT_OF:&#10;                numSortOf++;&#10;                break;&#10;            case SKIPPED:&#10;                //handled in cardSkipped()&#10;                break;&#10;        }&#10;    }&#10;    &#10;    /**Finds this session's current card and sets it as active. Handy if you just switched from another project.&#10;     * &#10;     */&#10;    public Card reloadCard(){&#10;        return currentCard;&#10;    }&#10;    &#10;    /**As usual, this guy only wants to be informed. Call it when Skip is pressed&#10;     * &#10;     */&#10;    public void cardSkipped(){&#10;        numSkipped++;&#10;        //card doesn't need to be informed&#10;    }&#10;    &#10;    public int getCurrentIndex(){&#10;        return currentIndex;&#10;    }&#10;    &#10;    /*public void decreaseCurrentIndex(){&#10;        currentIndex--;&#10;    }*/&#10;    &#10;    /* GETTERS */&#10;    &#10;    public int getNumCards(){&#10;        //before you give it back make sure there aren't any cards you missed from quitting early&#10;        return cards.size();&#10;    }&#10;    &#10;    /**Alias for getNumCards().&#10;     * &#10;     * @return the number of cards in this session&#10;     */&#10;    public int numCards(){&#10;        return getNumCards();&#10;    }&#10;    &#10;    /**Returns the stats of this session.&#10;     * &#10;     * @return an int[] with 4 values: learned, not learned, sort of, skipped.&#10;     */&#10;    public int[] getCardStats(){&#10;        return new int[] { numLearned, numNotLearned, numSortOf, numSkipped };&#10;    }&#10;    &#10;    /**Determines if this session is done.&#10;     * &#10;     * @return true if it is done, false otherwise.&#10;     */&#10;    public boolean isFinished(){&#10;        //current index is 0 based, so anything too large returns true&#10;        //System.out.println(currentIndex + &quot; out of &quot; + numCards());&#10;        return currentIndex &gt; numCards();&#10;    }&#10;    &#10;    /** Finds out if there are no cards to be studied.&#10;     * &#10;     * @return true if there are cards to be studied, false otherwise&#10;     */&#10;    public boolean isEmpty(){&#10;        return numCards() == 0;&#10;    }&#10;}&#10;" Filename="Session.java" Intrnl_Id="24"/>
<SrcFile Content="/*&#10; * To change this template, choose Tools | Templates&#10; * and open the template in the editor.&#10; */&#10;&#10;package cabra;&#10;&#10;/**&#10; *&#10; * @author Neel&#10; */&#10;&#10;import java.io.*;&#10;import java.util.ArrayList;&#10;&#10;public class SaveLoad extends Object{&#10;    //a class for all your saving/loading/random IO needs.&#10;    &#10;    private SaveLoad(){}&#10;    &#10;    //public static final String DEF_PROJECT_FOLDER = javax.swing.filechooser.FileSystemView.getFileSystemView().getDefaultDirectory().getAbsolutePath() + &quot;/CabraProjects&quot;;&#10;    public static final String DEF_PROJECT_FOLDER = &quot;Cabra&quot;; //portable normal&#10;    //public static final String DEF_PROJECT_FOLDER = &quot;Data&quot;; //portableapps&#10;    &#10;    public static File getProjectFolder(){&#10;        return new File(UserData.getPref(&quot;ProjectFolder&quot;));&#10;    }&#10;    &#10;    /** If you have a pre-existing project, you can load cards from its cards.txt file.&#10;     * &#10;     * @param project the project whose cards are to be loaded&#10;     */&#10;    public static void loadCardsFromProject(Project project){&#10;            //give it some cards&#10;            File cardsFile = new File(getProjectFolder().getAbsolutePath()+ &quot;/&quot; + project.getName()+ &quot;/cards.txt&quot;);&#10;            &#10;            ArrayList&lt;String&gt; lines = readFromCardFile(cardsFile); //read the file and get the lines in an arraylist&#10;            &#10;            if(lines == null || cardsFile.exists() == false){&#10;                //Cards file doesn't exist or is corrupted! No cards in project&#10;                return;&#10;            }&#10;            if(lines.isEmpty() == false){&#10;&#10;                ArrayList&lt;Card&gt; cards = new ArrayList&lt;Card&gt;(); //stores the cards until they're ready to be written&#10;&#10;                //build cards&#10;                for(String line : lines){&#10;                    //create a card&#10;                    Card card = Card.createCardBasedOnText(line);&#10;                    if(card == null) continue; //malformed card&#10;                    //add to projects&#10;                    cards.add(card);&#10;                }&#10;&#10;                //finally, add cards&#10;                project.addCards(cards);&#10;            }//end if        &#10;    }&#10;    &#10;    /** Reads all the cards from the given file (must be cards.txt) and puts it in an arraylist&#10;     * &#10;     * @param cardFile the cards.txt file containing the cards&#10;     * @return the arraylist containing all the cards&#10;     */&#10;    public static ArrayList&lt;String&gt; readFromCardFile(File cardFile){&#10;        try{&#10;            BufferedReader reader = new BufferedReader(new FileReader(cardFile));&#10;            ArrayList&lt;String&gt; lines = new ArrayList&lt;String&gt;();&#10;            String line = null;&#10;            while((line = reader.readLine()) != null){&#10;                lines.add(line);&#10;            }&#10;            reader.close();&#10;            return lines;&#10;        }&#10;        catch(IOException io){&#10;            System.out.println(&quot;Error reading cards from file! Details: &quot; + io);&#10;            return null;&#10;        }&#10;    }    &#10;    &#10;    /**Serializes all the notes of a project&#10;     * &#10;     * @param project the projects whose notes need to be serialized&#10;     */&#10;    &#10;    public static void saveNotes(Project project){&#10;        //some notes might have been renamed from last time; delete those&#10;        File projectFolder = new File(SaveLoad.getProjectFolder() + &quot;/&quot; + project.getName()); //folder where notes are&#10;        //just wipe out all the old notes&#10;        //TODO: only remove notes you need to&#10;        /*for(File file : projectFolder.listFiles()){&#10;            if(Utils.getExtension(file).equals(Note.EXTENSION)){&#10;                //it's a note file&#10;                System.out.println(file.delete());&#10;            }&#10;        }*/&#10;        &#10;        //now put the notes back&#10;        try{&#10;            for(Note note : project.getNotes()){&#10;                //the file we're going to use&#10;                //String sanitizedNoteName = SaveLoad.removeSpaces(note.getName()); //remove spaces in the note name first&#10;                String sanitizedNoteName = note.getName(); //might call removeSpaces, might not&#10;                File saveTo = new File(projectFolder + &quot;/&quot; + sanitizedNoteName + &quot;.&quot; + Note.EXTENSION); //all the notes go in the main project folder&#10;                &#10;                ObjectOutputStream noteWriter = new ObjectOutputStream(new FileOutputStream(saveTo));&#10;                noteWriter.writeObject(note);&#10;                noteWriter.close();&#10;            }&#10;        }&#10;        catch(FileNotFoundException f){&#10;            //the file isn't there... that probably means the active project just got deleted but we're trying to save its notes&#10;            &#10;        }&#10;        catch(IOException io){&#10;            System.out.println(&quot;Error saving notes! Details: &quot; + io);&#10;            io.printStackTrace();&#10;        }&#10;    }&#10;    &#10;    &#10;    /** A convenience method for loading a project object with the notes it has saved.&#10;     * &#10;     * @param project the project whose notes are to be loaded.&#10;     */&#10;    public static void loadNotesFromProject(Project project){&#10;        for(Note note : SaveLoad.getNotesFromProject(project)){&#10;                    project.addNote(note);&#10;                }&#10;    }&#10;    &#10;    /**Gets all the notes from the given project&#10;     * &#10;     * @param project the project whose notes you want to find&#10;     * @return the notes&#10;     */&#10;    public static ArrayList&lt;Note&gt; getNotesFromProject(Project project){&#10;        //we'll be putting notes in this&#10;        ArrayList&lt;Note&gt; notes = new ArrayList&lt;Note&gt;();&#10;        &#10;        try{&#10;            //get the files&#10;            File projectFile = new File(SaveLoad.getProjectFolder() + &quot;/&quot; + project.getName());&#10;            File[] possibleFiles = projectFile.listFiles();&#10;            for(File file : possibleFiles){&#10;                if(file.getName().indexOf(&quot;.&quot; + Note.EXTENSION) == -1)&#10;                    continue; //anything without .cnote can't be a note&#10;                ObjectInputStream noteReader = new ObjectInputStream(new FileInputStream(file));&#10;                //read the note&#10;                &#10;                Note note;&#10;                &#10;                try{&#10;                    note = (Note)noteReader.readObject();&#10;                }&#10;                catch(Exception e){&#10;                    //incompatible kind of note (from an old version of Cabra)&#10;                    System.out.println(&quot;Error reading notes!&quot;);&#10;                    e.printStackTrace();&#10;                    note = null;&#10;                    file.deleteOnExit();&#10;                    /*Utils.showDialog(null, &#10;                            &quot;Sorry, there's been an error reading the note &quot; + file.getName() + &quot;!&quot;,&#10;                            &quot;Error reading notes!&quot;);*/&#10;                }&#10;                finally{&#10;                    noteReader.close();&#10;                }&#10;                &#10;                //add the note to the note list&#10;                if(note != null)&#10;                    notes.add(note); //if note is null, there was an error reading it, so don't load it&#10;                //try for the other files&#10;            } //end foreach&#10;        }&#10;        catch(IOException io){&#10;            System.out.println(&quot;Error loading notes!&quot;);&#10;            io.printStackTrace();&#10;            return null;&#10;        }  &#10;        &#10;        return notes;&#10;    }&#10;}&#10;" Filename="SaveLoad.java" Intrnl_Id="25"/>
<SrcFile Content="/*&#10; * To change this template, choose Tools | Templates&#10; * and open the template in the editor.&#10; */&#10;&#10;package cabra;&#10;&#10;/**Allows for sanitation of file names (certain characters are disallowed)&#10; *&#10; * @author Neel&#10; */&#10;public abstract class Sanitizer {&#10;    &#10;    private Sanitizer(){}&#10;    &#10;    /**Marks which characters cannot be allowed in file names&#10;     * &#10;     */&#10;    public static final String DISALLOWED_CHARS = &quot;\\/:?*.&lt;&gt;|\&quot;&quot;; &#10;    &#10;    /** Determines if a certain String has any disallowed chars in it&#10;     * &#10;     * @param string the String to test&#10;     * @return true if it has a disallowed char, false if not&#10;     */&#10;    &#10;    public static boolean hasDisallowedChar(String string){&#10;        //go through each char and see if it's disallowed&#10;        for(char letter : string.toCharArray()){&#10;            if(DISALLOWED_CHARS.indexOf(letter + &quot;&quot;) != -1){&#10;                //if the disallowed chars string contains this char, it's bad&#10;                return true;&#10;            }&#10;        }&#10;        &#10;        return false;&#10;    }&#10;    &#10;    /**Finds any disallowed chars in the string and removes them.&#10;     * &#10;     * @param string the string to test&#10;     * @return the sanitized string&#10;     */&#10;    &#10;    public static String sanitize(String string){&#10;        if(hasDisallowedChar(string) == false)&#10;            return string; //nothing to change&#10;        StringBuilder builder = new StringBuilder(string);&#10;        for(int i=0;i&lt;builder.length();i++){&#10;            char letter = builder.charAt(i);&#10;            if(DISALLOWED_CHARS.indexOf(letter + &quot;&quot;) != -1){&#10;                //this char is disallowed&#10;                builder = builder.deleteCharAt(i);&#10;                i--;&#10;            }&#10;        }&#10;        &#10;        return builder.toString();&#10;    }&#10;    &#10;    &#10;    /**Replaces any spaces in the string with underscores, i.e. &quot;Forty two&quot; becomes &quot;Forty_two&quot;&#10;     * &#10;     * @param string the string to remove the spaces from&#10;     * @return the new string&#10;     */&#10;    &#10;    public static String removeSpaces(String string){&#10;        return string.replaceAll(&quot; &quot;,&quot;_&quot;);&#10;    }&#10;    &#10;    /** Replaces underscores in the string with spaces, i.e. &quot;Forty_two&quot; becomes &quot;Forty two&quot;&#10;     * &#10;     * @param string the string to remove the underscores from&#10;     * @return the new string&#10;     */&#10;    &#10;    public static String removeUnderscores(String string){&#10;        return string.replaceAll(&quot;_&quot;,&quot; &quot;);&#10;    }&#10;}&#10;" Filename="Sanitizer.java" Intrnl_Id="26"/>
<SrcFile Content="/*&#10; * To change this template, choose Tools | Templates&#10; * and open the template in the editor.&#10; */&#10;&#10;package cabra;&#10;&#10;import javax.swing.*;&#10;import java.awt.*;&#10;import java.awt.event.MouseAdapter;&#10;import java.awt.event.MouseEvent;&#10;&#10;/** A panel for the question. See StudyTextPanel.&#10; * @see cabra.abstracts.StudyTextPanel.java&#10; *&#10; * @author Neel&#10; */&#10;public class QuestionPanel extends cabra.abstracts.StudyTextPanel{&#10;&#10;    private PicturePanel picturePanel; //picture for flashcard&#10; &#10;    public QuestionPanel(StudyPanel studyPanel,Controller controller,GUI gui){&#10;        super(studyPanel,controller,gui);&#10;    }&#10;    &#10;    @Override&#10;            public void update(Card card){&#10;                if(card == null){&#10;                    //no card being viewed...&#10;                }&#10;                else{&#10;                    //set the text area's contents&#10;                    textArea.setText( card.getQuestion()); &#10;                    decideOnPicture(card);&#10;                }                &#10;            }&#10;    &#10;   /** Decides if there should be a picture: if yes, then adds the picture panel; otherwise it removes it.&#10;     * &#10;     * @param currentCard the new current card&#10;     */&#10;    private void decideOnPicture(Card currentCard){&#10;        if(currentCard.hasPicture()){&#10;            if(picturePanel != null){&#10;                remove(picturePanel);&#10;            }&#10;            //textAreaHolder.remove(picturePanel);&#10;            &#10;            //decrease size of text area&#10;            textArea.setColumns(TEXT_AREA_ROWS_PICTURE);&#10;            //create and add picture panel&#10;            final ImageIcon picture = controller.getActiveProject().getImageIcon(currentCard.getPictureName());&#10;            &#10;            picturePanel = new PicturePanel(picture);&#10;            add(BorderLayout.WEST,picturePanel);&#10;            &#10;            //show full size on click&#10;            picturePanel.setToolTipText(&quot;Click to view full size&quot;);&#10;            picturePanel.addMouseListener(new MouseAdapter(){&#10;               @Override&#10;               public void mouseClicked(MouseEvent e){&#10;                   ImageManager.showImage(picture, gui.getFrame());&#10;               }&#10;            });&#10;            &#10;            //repaint();&#10;        }&#10;        else{&#10;            //back to normal&#10;            textArea.setColumns(TEXT_AREA_ROWS_NORMAL);&#10;            if(picturePanel != null){&#10;                //remove it&#10;                remove(picturePanel);&#10;                repaint();&#10;            }    &#10;        }&#10;    }    &#10;}&#10;" Filename="QuestionPanel.java" Intrnl_Id="27"/>
<SrcFile Content="/*&#10; * To change this template, choose Tools | Templates&#10; * and open the template in the editor.&#10; */&#10;package cabra;&#10;&#10;import java.awt.*;&#10;import java.awt.event.*;&#10;import javax.swing.*;&#10;import static cabra.ImageManager.*;&#10;&#10;/**&#10; * A project's panel. This is found in the ProjectListPanel to the left. Each project gets one of these.&#10; * @author Neel&#10; */&#10;public class ProjectPanel extends JPanel{&#10;    private Project project;&#10;    private ProjectListPanel listPanel;&#10;    private JLabel projectName;&#10;    &#10;    /**&#10;     * Num clicks in a double-click.&#10;     */&#10;    private static final int DOUBLE_CLICK = 2;&#10;    &#10;    public ProjectPanel(Project project, ProjectListPanel listPanel){&#10;        this.project = project;&#10;        this.listPanel = listPanel;&#10;        &#10;        //make bg transparent&#10;        setBackground(ColorManager.translucent(Color.white, 0));&#10;        &#10;        buildPanel();&#10;        &#10;        //tool tip contains peek at project - # cards and notes&#10;        int cards = project.numCards();&#10;        int notes = project.numNotes();&#10;        //create label for notes/cards... take plural into accound&#10;        String cardText = Utils.stringWithPlural(&quot;card&quot;, cards);&#10;        String noteText = Utils.stringWithPlural(&quot;note&quot;, notes);&#10;        String toolTipText = cards + &quot; &quot; + cardText + &quot;, &quot; + notes + &quot; &quot; + noteText;&#10;        setToolTipText(toolTipText);&#10;    }&#10;    &#10;    /**&#10;     * Returns whether this panel's project is the same as the given project.&#10;     * @param other the project to compare against&#10;     * @return true if they're the same, false otherwise&#10;     */&#10;    public boolean projectEquals(Project other){&#10;        return this.project.equals(other);&#10;    }&#10;    &#10;    /**&#10;     * Updates the project name label to match the actual project name.&#10;     */&#10;    public void refresh(){&#10;        projectName.setText(project.getName());&#10;    }&#10;    &#10;    /**&#10;     * Builds the panel, which will include project name and buttons with ops.&#10;     */&#10;    private void buildPanel(){&#10;        this.setLayout(new FlowLayout(FlowLayout.LEADING));&#10;        &#10;        //text (project name)&#10;        projectName = new JLabel(project.getName());&#10;        projectName.setFont(FontManager.PREFERRED_FONT);&#10;        add(projectName);&#10;        &#10;        //add listener to bring up popup menu&#10;        this.addMouseListener(new MenuListener());&#10;    }&#10;    &#10;    /**&#10;     * Shows a menu that &quot;pops up&quot; on top of this panel.&#10;     * It contains items that let the user edit the project, delete it, etc. &#10;     * Only call this when 1) the project has been clicked and 2) the click was supposed to trigger a popup menu (right-click).&#10;     * @param event the MouseEvent created when the click was fired. The Listener should provide this.&#10;     */&#10;    private void showPopupMenu(MouseEvent event){&#10;        //build menu&#10;        JPopupMenu menu = new JPopupMenu(this.project.getName()); //some OSes may show a title on top of the menu; use the project name&#10;        &#10;        //create menu items&#10;        JMenuItem item;&#10;        //activate&#10;        item = new JMenuItem(&quot;Activate project&quot;, createImageIcon(&quot;star.png&quot;));&#10;        item.addActionListener(new ActivateListener());&#10;        menu.add(item);&#10;        //rename&#10;        item = new JMenuItem(&quot;Rename project&quot;, createImageIcon(&quot;pencil.png&quot;));&#10;        item.addActionListener(new RenameListener());&#10;        menu.add(item);&#10;        //export&#10;        item = new JMenuItem(&quot;Export project&quot;, createImageIcon(&quot;export.png&quot;));&#10;        item.addActionListener(new ExportListener());&#10;        menu.add(item);        &#10;        //delete&#10;        item = new JMenuItem(&quot;Delete project&quot;, createImageIcon(&quot;trash.png&quot;));&#10;        item.addActionListener(new DeleteListener());&#10;        menu.add(item);&#10;        &#10;        //show it&#10;        menu.show(this, event.getX(), event.getY());&#10;    }&#10;    &#10;    /**&#10;     * Brings up the popup menu when this panel is right-clicked (or some other action, based on the OS.)&#10;     */&#10;    private class MenuListener extends MouseAdapter{&#10;        public void mousePressed(MouseEvent e) {&#10;            //try showing the popup, if the event isn't eligible to show a popup see if they double-clicked&#10;            boolean popupMenuShown = maybeShowPopup(e);&#10;            if(!popupMenuShown){&#10;                if(e.getClickCount() &gt;= DOUBLE_CLICK){&#10;                    //they double-clicked; activate the project (that's the most common action)&#10;                    activate();&#10;                }&#10;            }&#10;        }&#10;&#10;        public void mouseReleased(MouseEvent e) {&#10;            maybeShowPopup(e);&#10;        }        &#10;        &#10;        /**&#10;         * Shows the popup menu if the event is supposed to bring up a popup menu - e.g. it's a right-click (for Windows.)&#10;         * @param event the click event&#10;         * @return true if the event triggered a popup menu, false otherwise&#10;         */&#10;        public boolean maybeShowPopup(MouseEvent event){&#10;            if(event.isPopupTrigger()){&#10;                //yup, it's supposed to trigger a popup menu; show the popup menu&#10;                showPopupMenu(event);&#10;                return true;&#10;            }&#10;            return false;&#10;        }&#10;    }&#10;    &#10;    /**&#10;     * Changes whether or not this project panel is active - that is, its project is active.&#10;     * Client classes should call this.&#10;     * @param isActive true if this panel should be active, false otherwise&#10;     */&#10;    public void setActive(boolean isActive){&#10;        if(isActive){&#10;            //bold the text&#10;            //&lt;TODO&gt; figure out why this doesn't work&#10;            projectName.setFont(FontManager.PREFERRED_FONT.deriveFont(Font.BOLD));&#10;        }&#10;        else{&#10;            //set normal weight text&#10;            projectName.setFont(FontManager.PREFERRED_FONT);&#10;        }&#10;        &#10;        projectName.repaint();&#10;        repaint();&#10;    }&#10;    &#10;    &#10;    /**&#10;     * Opens the dialog to rename this panel's project.&#10;     */    &#10;    private void rename(){&#10;        //tell the project list panel&#10;        if(project != null)&#10;            listPanel.renameProject(project);&#10;    }    &#10;    &#10;    /**&#10;     * Automatically exports this panel's project (an easier way than the way from the top menu bar.)&#10;     */        &#10;    private void export(){&#10;        //tell the project list panel&#10;        if(project != null)&#10;            listPanel.exportProject(project);        &#10;    }&#10;    &#10;    /**&#10;     * Sets this panel's project as active.&#10;     */    &#10;    private void activate(){&#10;        //tell the project list panel&#10;        if(project != null){&#10;            listPanel.activateProject(project, this); &#10;        }&#10;    }&#10;  &#10;    /**&#10;     * Deletes this panel's project.&#10;     */    &#10;    private void delete(){&#10;        //tell the project list panel&#10;        if(project != null)&#10;            listPanel.deleteProject(project);        &#10;    }&#10;    &#10;&#10;    //LISTENERS; these just redirect to the methods&#10;    &#10;    /**&#10;     * Opens the dialog to rename this panel's project.&#10;     */&#10;    private class RenameListener implements ActionListener{&#10;        public void actionPerformed(ActionEvent e){&#10;            rename();&#10;        }&#10;    }&#10;    &#10;    /**&#10;     * Automatically exports this panel's project (an easier way than the way from the top menu bar.)&#10;     */&#10;    private class ExportListener implements ActionListener{&#10;        public void actionPerformed(ActionEvent e){&#10;            export();&#10;        }&#10;    }    &#10;    &#10;    /**&#10;     * Sets this panel's project as active.&#10;     */&#10;    private class ActivateListener implements ActionListener{&#10;        public void actionPerformed(ActionEvent e){&#10;            activate();&#10;        }&#10;    }&#10;    &#10;    /**&#10;     * Deletes this panel's project.&#10;     */&#10;    private class DeleteListener implements ActionListener{&#10;        public void actionPerformed(ActionEvent e){&#10;            delete();&#10;        }&#10;    }&#10;    &#10;&#10;}&#10;" Filename="ProjectPanel.java" Intrnl_Id="28"/>
<SrcFile Content="package cabra;&#10;&#10;/**&#10; *&#10; * @author Neel&#10; */&#10;&#10;import javax.swing.*;&#10;import java.awt.*;&#10;import java.awt.event.*;&#10;import java.util.ArrayList;&#10;&#10;public class ProjectListPanel extends JPanel{&#10;    //the panel on the left side of the GUI&#10;    &#10;    private Controller controller;&#10;    private GUI gui;&#10;    &#10;    private ArrayList&lt;Project&gt; projects; //the projects that the user has&#10;    &#10;    private JPanel projectPanelHolder;&#10;    private GridBagConstraints constraints;&#10;    private ArrayList&lt;ProjectPanel&gt; projectPanels = new ArrayList&lt;ProjectPanel&gt;();&#10;    private ProjectPanel activeProjectPanel = null;&#10;    &#10;    public static final int MY_WIDTH = 200;&#10;    public static final int MY_HEIGHT = 500;&#10;    &#10;    public ProjectListPanel(ArrayList&lt;Project&gt; projects,Controller controller, GUI gui){&#10;        this.projects = projects;&#10;        this.setPreferredSize(new Dimension(MY_WIDTH,MY_HEIGHT));&#10;        this.controller = controller;&#10;        this.gui = gui;&#10;    }&#10;    &#10;    public void createPanel(){&#10;        setLayout(new BorderLayout());&#10;        &#10;        //project adding buttons go in the bottom&#10;        JPanel bottomHolder = new JPanel(new GridLayout(0,1)); //however many rows as are needed&#10;            //plain old project creation&#10;            JButton addProject = new JButton(&quot;Create a project&quot;, ImageManager.createImageIcon(&quot;plus.png&quot;));&#10;            addProject.addActionListener(new addProjectListener());&#10;            bottomHolder.add(addProject);&#10;            //import a project&#10;            JButton importProject = new JButton(&quot;Import a project&quot;, ImageManager.createImageIcon(&quot;import.png&quot;));&#10;            importProject.addActionListener(new ImportProjectListener());&#10;            bottomHolder.add(importProject);&#10;        add(BorderLayout.SOUTH, bottomHolder);&#10;        &#10;        //project panel holder&#10;        this.projectPanelHolder = new JPanel();&#10;        projectPanelHolder.setLayout(new GridBagLayout());&#10;        projectPanelHolder.setBackground(ColorManager.translucent(Color.white, 160));&#10;        &#10;        //grid bag constraints; for used when adding components&#10;        constraints = new GridBagConstraints();&#10;        constraints.gridx = 0;&#10;        constraints.gridy = 0;&#10;        constraints.gridwidth = 1;&#10;        constraints.gridheight = 1;&#10;        constraints.insets = new Insets(5,5,5,5);&#10;        &#10;        //build project panels&#10;        for(Project project : projects){&#10;            addProject(project);&#10;        }&#10;        &#10;        //put it in a scroller&#10;        JScrollPane scrollPane = new JScrollPane(projectPanelHolder);&#10;        scrollPane.setHorizontalScrollBarPolicy(ScrollPaneConstants.HORIZONTAL_SCROLLBAR_AS_NEEDED);&#10;        scrollPane.setVerticalScrollBarPolicy(ScrollPaneConstants.VERTICAL_SCROLLBAR_AS_NEEDED);&#10;        //prevent blurring of the panel when scrolling; repaint each time the scrollbar is moved&#10;        AdjustmentListener adjuster = new AdjustmentListener(){&#10;            public void adjustmentValueChanged(AdjustmentEvent e) {&#10;                repaint();&#10;            };&#10;        };&#10;        scrollPane.getVerticalScrollBar().addAdjustmentListener(adjuster);&#10;        scrollPane.getHorizontalScrollBar().addAdjustmentListener(adjuster);&#10;        //scrollPane.setBorder(null);&#10;        add(BorderLayout.CENTER, scrollPane);&#10;        &#10;        //put space-eating glue in the center so neither the scroller or the buttons gets too much space&#10;        //if there are few projects, scroller gets too huge and project panels get too spread out&#10;        //add(BorderLayout.CENTER, Box.createVerticalGlue());&#10;        //put them in the holder&#10;        //refresh();&#10;       &#10;    }&#10;     &#10;    public void refresh(){&#10;        //a new project was activated&#10;        //activateProject(controller.getActiveProject());&#10;    }&#10;    &#10;    public void reAdd(){&#10;        //re-add project panels&#10;        &#10;        //first remove them all &amp; reset&#10;        this.removeAll();&#10;        constraints.gridy = 0; //reset location&#10;        projectPanels.clear();&#10;        &#10;        //re-add&#10;        createPanel();&#10;        validate();&#10;        repaint();&#10;    }&#10;    &#10;    public void addProject(Project project){&#10;        //add a new project panel&#10;        ProjectPanel panel = new ProjectPanel(project, this);&#10;        projectPanels.add(panel);&#10;        //add to view&#10;        projectPanelHolder.add(panel, constraints);&#10;        constraints.gridy++; //move down&#10;        &#10;        //make that active&#10;        if(controller.getGUI() != null)&#10;            activateProject(project, panel);&#10;        &#10;        validate();&#10;        repaint();&#10;    }&#10;    &#10;    /** If the given input has the same name as a project, the user is asked if they want to overwrite.&#10;     * &#10;     * @param input the requested project name&#10;     * @param whatToSay what to tell the user about the overwrite&#10;     * @return true if the user is OK with overwrite or there's no overwrite, false if the user doesn't want to overwrite&#10;     */&#10;    private boolean confirmProjectOverwrite(String input,String whatToSay){&#10;    //check if the name conflicts with any existing projects' names&#10;        for(final Project project : controller.getAllProjects()){&#10;            if(input.equals(project.getName())){&#10;                //there's already a project with the same name&#10;                //ask for confirmation &quot;do you want to delete the old one?&quot;&#10;                String ask = whatToSay;   &#10;&#10;                if(InputManager.confirm(ask, gui.getFrame()) == false){&#10;                    //the user decided not to overwrite the old note&#10;                    return false;&#10;                }  &#10;                else{&#10;                    //the user decided to delete that project&#10;                    controller.removeProject(project);           &#10;                    //now refresh the list&#10;                    //listModel.remove(listModel.indexOf(project)); &#10;                    return true;//no point looping through any more since we've found a match&#10;                }&#10;            }&#10;        }&#10;        //if you reached this point, no names conflict&#10;        return true;&#10;    }&#10;    &#10;    &#10;    private class addProjectListener implements ActionListener{&#10;        public void actionPerformed(ActionEvent e){&#10;            //when you click on the add project button&#10;            //create a pop-up box to show something in&#10;            //requestInput();&#10;            String input = InputManager.getUserInput(&quot;Name of project:&quot;,&quot;&quot;,true,gui.getFrame());&#10;            if(input == null)&#10;                return; //that means they canceled&#10;            &#10;            //is there overwrite? check for it&#10;            if(confirmProjectOverwrite(input,&#10;                &quot;&lt;html&gt;&lt;center&gt;A project named &lt;b&gt;&quot; + input + &quot;&lt;/b&gt; already exists.&lt;br&gt;Do you want to delete the old project and replace it with an empty one?&quot;)){&#10;                //now make a project with that&#10;                controller.addProject(input,true);  //the controller takes care of the view           &#10;                //controller will call addProject(project)&#10;                &#10;                //gain points&#10;                controller.gainPoints(PointEnums.Activity.CREATE_PROJECT);&#10;            }&#10;        }&#10;    }&#10;    &#10;    private class ImportProjectListener implements ActionListener{&#10;        public void actionPerformed(ActionEvent e){&#10;            //IE takes care of everything for us&#10;            ImportExport.Import(controller, gui);&#10;        }&#10;    }&#10;    &#10;    public void renameProject(Project selectedProject){&#10;            //get new name of project&#10;            String input = InputManager.getUserInput(&quot;New name of &quot; + selectedProject.getName() + &quot;:&quot;,selectedProject.getName(),true,gui.getFrame());&#10;            if(input == null)&#10;                return; //that means they canceled&#10;            &#10;            if(input.equals(selectedProject.getName()) || &#10;                confirmProjectOverwrite(input,&#10;                    &quot;&lt;html&gt;&lt;center&gt;A project named &lt;b&gt;&quot; + input + &quot;&lt;/b&gt; already exists.&lt;br&gt;Do you want to delete the old project and replace it with &quot; + selectedProject.getName() + &quot;?&quot;)){&#10;                //if the name wasn't changed, don't bother checking&#10;                //change project name&#10;                controller.renameProject(selectedProject, input);           &#10;&#10;                //setting this project as active refreshes everything for us&#10;                controller.setActiveProject(selectedProject, true);&#10;               &#10;                //update the look of the panel of the chosen project&#10;                for(ProjectPanel panel : projectPanels){&#10;                    if(panel.projectEquals(selectedProject)){&#10;                        panel.refresh(); //updates text&#10;                    }&#10;                }&#10;                &#10;                validate();&#10;                reAdd();&#10;            }        &#10;    }&#10;    &#10;    public void deleteProject(Project project){&#10;        //when you click the remove project button&#10;        boolean didUserConfirm = InputManager.confirm(&quot;&lt;html&gt;&lt;center&gt;Are you sure you want to delete &lt;b&gt;&quot; + project.toString() + &quot;&lt;/b&gt;?&quot;,&#10;                gui.getFrame());&#10;            //ask for confirmation&#10;        if(didUserConfirm){&#10;            //the user said yes to deleting the project&#10;            //a project was selected to be removed&#10;            controller.removeProject(project);&#10;            //remove that panel&#10;            for(ProjectPanel panel : projectPanels){&#10;                if(panel.projectEquals(project)){&#10;                    //remove this&#10;                    projectPanelHolder.remove(panel);&#10;                    validate();&#10;                    repaint();&#10;                    //reAdd();&#10;                    return;&#10;                }&#10;            }&#10;        }&#10;    }&#10;&#10;    public void activateProject(Project project){&#10;        //find which project panel has this project&#10;        for(ProjectPanel panel : projectPanels){&#10;            if(panel.projectEquals(project))&#10;                activateProject(project, panel);&#10;        }&#10;    }&#10;    &#10;    public void activateProject(Project project, ProjectPanel activated){&#10;        //make this project active&#10;        controller.setActiveProject(project,true);&#10;        &#10;        //activate the selected project panel, deactivate the rest&#10;        for(ProjectPanel panel : projectPanels){&#10;            panel.setActive(false);&#10;        }&#10;        activated.setActive(true);&#10;        &#10;        repaint();&#10;    }&#10;    &#10;    public void exportProject(Project project){&#10;        ImportExport.export(project, controller, gui);&#10;    }&#10;    &#10;}&#10;" Filename="ProjectListPanel.java" Intrnl_Id="29"/>
<SrcFile Content="/*&#10; * To change this template, choose Tools | Templates&#10; * and open the template in the editor.&#10; */&#10;&#10;package cabra;&#10;&#10;/**&#10; *&#10; * @author Neel&#10; */&#10;&#10;import java.util.ArrayList;&#10;import java.io.*;&#10;import javax.swing.*;&#10;&#10;public class Project implements Comparable&lt;Project&gt;{&#10;    private Session session = null; //if a study session is going on, it's here&#10;    private Deck deck; //all the cards in this project are here&#10;    private String name; //the name of this project, like &quot;History Test&quot;&#10;    //private Card currentCard; //just for tracking, the current card you're on&#10;    private ArrayList&lt;Note&gt; notes; //each project has its own notes&#10;    &#10;    public Project(String name){&#10;        //name is something like &quot;History Test&quot;&#10;        this.name = name;&#10;        deck = new Deck();&#10;        notes = new ArrayList&lt;Note&gt;();&#10;    }&#10;    &#10;    /* SESSION STUFF */&#10;    public void setSession(Session session){&#10;        this.session = session;&#10;    }&#10;    &#10;    /** Creates a new session for this project.&#10;     * &#10;     */&#10;    public void newSession(){&#10;        do{&#10;            setSession(new Session(this));&#10;        }&#10;        while(getSession().isEmpty());&#10;    }&#10;    &#10;    public Session getSession(){&#10;        return this.session;&#10;    }&#10;    &#10;    /* NOTE STUFF */&#10;    &#10;    /**Add an existing note to this project&#10;     * &#10;     * @param note the note to add&#10;     */&#10;    public void addNote(Note note){&#10;        notes.add(note);&#10;    }&#10;    &#10;    /** Takes the given note out of the notes list.&#10;     * &#10;     * @param note the note to remove&#10;     */&#10;    public void removeNote(Note note){&#10;        notes.remove(note);&#10;        &#10;        //delete the file&#10;        &#10;        File noteFile = new File(SaveLoad.getProjectFolder() + &quot;/&quot; + name + &quot;/&quot; + note.getName() + &quot;.&quot; + Note.EXTENSION);&#10;            //get the note's file name&#10;&#10;        //deletes the file&#10;        noteFile.delete();&#10;    }&#10;    &#10;    /***&#10;     * Returns this project's notes.&#10;     * @return the notes, in ArrayList form&#10;     */&#10;    public ArrayList&lt;Note&gt; getNotes(){&#10;        return notes;&#10;    }&#10;    &#10;    /**&#10;     * Returns how many notes there are.&#10;     * @return the number of notes&#10;     */&#10;    public int numNotes(){&#10;        return notes.size();&#10;    }&#10;    &#10;    /* CARD STUFF */&#10;    &#10;    public void addCard(Card card,Status status){&#10;        card.setStatus(status);&#10;        deck.add(card);&#10;        &#10;        //if the card has a picture, move the picture over here&#10;        if(card.hasPicture()){&#10;            /*if(!new File(this.getPathTo(card.getPictureName())).exists()){&#10;                //the picture file is corrupted or doesn't exist... remove it&#10;                card.removePicture();&#10;                &#10;                return;&#10;            }*/&#10;            &#10;            File copiedFile = copyPictureFile(card.getPictureFile());              &#10;            &#10;            //resize the image so it's the same size as the studying picture panel; reduces file size&#10;            /** DISABLED so we can see image in full size some time **/&#10;            /*ImageManager.saveImage(ImageManager.scaleImage(&#10;                    GUI.createImageIconFromFullPath(copiedFile.getAbsolutePath()), &#10;                    PicturePanel.PICTURE_WIDTH,&#10;                    PicturePanel.PICTURE_HEIGHT),&#10;                    copiedFile);*/&#10;                 &#10;            card.setPictureName(copiedFile.getAbsolutePath());&#10;            //and now trim the card's picture file... we won't need the full path any more&#10;            card.trimPictureFile();&#10;        }        &#10;        &#10;        saveCards();&#10;        &#10;        //since there's a new card, notify the session&#10;        if(session != null){&#10;            session.update();&#10;        }&#10;    }&#10;    &#10;    public void addCard(Card card){&#10;        //we don't know if it's important or not&#10;        //however, the card knows if it's important or not... let's ask&#10;        addCard(card,card.getStatus()); //ask the card if it's importnat&#10;    }&#10;    &#10;    public void addCards(ArrayList&lt;Card&gt; givenCards){&#10;        //called during initialization to create cards&#10;        //significantly reduces overhead by only saving at end&#10;        for(Card card : givenCards){ //go through each card&#10;            deck.add(card);&#10;        }&#10;        //now that the cards have been added, shuffle and save&#10;        shuffle();&#10;        &#10;        //session = new Session(this);&#10;    }&#10;    &#10;    /** Removes the given card from the card array... that's it. Well, it also saves.&#10;     * &#10;     * @param cardToRemove the card to get rid of&#10;     */&#10;    &#10;    public void removeCard(Card cardToRemove){&#10;        deck.remove(cardToRemove);&#10;        //if the card being removed was active (it probably was), set active card to null&#10;        if(cardToRemove.equals(deck.getCurrentCard())){&#10;            deck.makeCurrentCardNull();&#10;        }&#10;        //delete the card's picture, if it has one&#10;        if(cardToRemove.hasPicture()){&#10;            String path = getPathTo(cardToRemove.getPictureName()); //finds the full path to the image&#10;            File fileToRemove = new File(path);&#10;            //delete the file&#10;            fileToRemove.delete();&#10;        }&#10;        //save&#10;        saveCards();&#10;    }&#10;    &#10;    /** Copies the given picture file to this guy's folder.&#10;     * &#10;     * @param pictureFile the picture file to be copied&#10;     * @return the new location of the file&#10;     */&#10;    &#10;    public File copyPictureFile(File pictureFile){&#10;        String fileName = pictureFile.getName();&#10;        File newFile = new File(SaveLoad.getProjectFolder() + &quot;/&quot; + name + &quot;/&quot; + fileName);&#10;        ImageManager.copyImage(pictureFile,newFile);&#10;        return newFile;&#10;    }&#10;    &#10;    /** Retrieves an imageicon that is stored in this project's folder&#10;     * &#10;     * @param imageName the name of the icon (foo.png)&#10;     * @return the created imageicon, or null if the image cannot be found&#10;     */&#10;    &#10;    public ImageIcon getImageIcon(String imageName){&#10;        return GUI.createImageIconFromFullPath(getPathTo(imageName));   &#10;    }&#10;    &#10;    /** Finds the absolute location of a card/note based on its name&#10;     * &#10;     * @param thing the name of the card/note/picture's file, like foo.png&#10;     * @return the full path to foo.png&#10;     */&#10;    &#10;    public String getPathTo(String thing){&#10;        String folderPath = SaveLoad.getProjectFolder().getAbsolutePath() + &quot;/&quot; + this.getName(); //to the folder of the image&#10;        String absolutePath = folderPath + &quot;/&quot; + thing; //the absolute path to the image        &#10;        return absolutePath;&#10;    }&#10;    &#10;    public void save(){&#10;        //called when this project needs to be saved&#10;&#10;        //the methods are split up for convenience&#10;        saveCards();&#10;&#10;        saveNotes();&#10;    }&#10;    &#10;    public void saveCards(){&#10;        //save all the cards&#10;        //new Thread(new Runnable(){&#10;        //    public synchronized void run(){&#10;              try{&#10;                    BufferedWriter writer = new BufferedWriter(new FileWriter(new File(SaveLoad.getProjectFolder().getAbsolutePath() + &quot;/&quot; + name + &quot;/cards.txt&quot;))); //write to my card file&#10;                    for(Card card : deck.getCards()){&#10;                        //write down each card&#10;                        writer.write(card.toString()); //card's toString() does that question/answer thing&#10;                        writer.newLine();&#10;                    }&#10;                    writer.close();&#10;                }&#10;                catch(IOException io){&#10;                    System.out.println(&quot;Couldn't save cards!&quot;);&#10;               }     &#10;         //   }&#10;        //}).start();&#10;    }&#10;    &#10;    public void saveNotes(){&#10;        //save notes&#10;        final Project proj = this;&#10;        //save in background&#10;        new Thread(new Runnable(){&#10;            public void run(){&#10;                SaveLoad.saveNotes(proj);&#10;            }&#10;        }).start();&#10;        SaveLoad.saveNotes(this);&#10;    }&#10;    &#10;    /** Tells this project to load notes from the saved files. Call this when switching to a new active project&#10;     * &#10;     */&#10;    &#10;    public void loadNotes(){&#10;        notes = SaveLoad.getNotesFromProject(this);&#10;    }&#10;    &#10;    public void shuffle(){&#10;        deck.shuffle();&#10;        saveCards();&#10;    }&#10;    &#10;    public String getName(){&#10;        return name;&#10;    }&#10;    &#10;    public void setName(String newName){&#10;        File folder = getFolder(); //folder of this project with old name&#10;        &#10;        this.name = newName;&#10;&#10;        //rename project's folder&#10;        folder.renameTo(new File(SaveLoad.getProjectFolder() + &quot;/&quot; + newName));&#10;    }&#10;    &#10;    /***&#10;     * Prints out this project's cards. The user earns some points by doing this.&#10;     * @param controller the controller. Used to gain points.&#10;     */&#10;    public void print(Controller controller){&#10;        Printer.print(this, getCards());   &#10;&#10;       //earn the points&#10;       controller.gainPoints(PointEnums.Activity.PRINT_CARDS);&#10;    }&#10;    &#10;    /** Resets all cards in this deck to not studied&#10;     * &#10;     */&#10;    public void resetAllCards(){&#10;        for(Card card : deck.getCards()){&#10;            card.setStatus(Status.DEFAULT_STATUS);&#10;        }&#10;        saveCards();&#10;    }&#10;    &#10;    /** The entire session was skipped.&#10;     * &#10;     */&#10;    public void skipAll(){&#10;        for(Card card : getCards()){&#10;            card.skip();&#10;        }&#10;    }&#10;    &#10;    public ArrayList&lt;Card&gt; getCards(){&#10;        return deck.getCards();&#10;    }&#10;    &#10;    /***&#10;     * Returns true if and only if there are 0 cards in the project.&#10;     * @return true if there are 0 cards, false otherwise&#10;     */&#10;    public boolean isEmpty(){&#10;        return numCards() == 0;&#10;    }&#10;    &#10;    public int numCards(){&#10;        //returns the number of cards in the card list&#10;        return deck.numCards();&#10;    }&#10;    &#10;    /** Returns, for example, how many not studied cards there are.&#10;     * &#10;     * @param status the status to check for (learned, not learned, not studied)&#10;     * @return the number of matching cards&#10;     */&#10;    public int numMatchingCards(Status status){&#10;        return deck.numMatchingCards(status);&#10;    }&#10;    &#10;    /** Returns the statuses of the cards: [A,B,C,D,E]&#10;     * &#10;     * @return [cards with status A, cards with B, C, D, E]&#10;     */&#10;    public int[] cardStatuses(){&#10;        return new int[]{&#10;            numMatchingCards(Status.A),&#10;            numMatchingCards(Status.B),&#10;            numMatchingCards(Status.C),&#10;            numMatchingCards(Status.D),&#10;            numMatchingCards(Status.E)&#10;        };&#10;    }&#10;    &#10;    public Card nextCard(){&#10;        return deck.getCard();&#10;    }&#10;    &#10;    public File getFolder(){&#10;        return new File(SaveLoad.getProjectFolder().getAbsolutePath() + &quot;/&quot; + name);&#10;    }&#10;    &#10;    public Card getCurrentCard(){&#10;        return deck.getCurrentCard();&#10;    }&#10;    &#10;    public int getCurrentIndex(){&#10;        return deck.getCurrentIndex();&#10;    }&#10;    &#10;    @Override&#10;            public String toString(){&#10;                //like &quot;History Test&quot;&#10;                return name; //this guy's toString is just his name&#10;            }&#10;    @Override&#10;            public boolean equals(Object aProject){&#10;                if(aProject == null) return false;&#10;                if(aProject instanceof Project == false)return false;&#10;                try{&#10;                    Project project = (Project)aProject;&#10;                    //if(project == null) return false;&#10;                    return project.name.equals(this.name);//compare by name, i.e. &quot;History Test&quot;                    &#10;                }&#10;                catch(Exception e){&#10;                    return false;&#10;                }&#10;            }&#10;    &#10;    /**&#10;     * Compares the two projects based on name, case insensitive. &quot;ABC&quot; &gt; &quot;XYZ&quot;.&#10;     * @param other&#10;     * @return +ve if this project is bigger than other, -ve if it's smaller, 0 if they are equal (names are the same)&#10;     */&#10;    public int compareTo(Project other){&#10;        if(this.equals(other)) return 0;&#10;        String thisname = this.name.toLowerCase();&#10;        String othername = other.name.toLowerCase();&#10;        return thisname.compareTo(othername);&#10;    }&#10;&#10;    @Override&#10;    public int hashCode() {&#10;        int hash = 3;&#10;        hash = 19 * hash + (this.name != null ? this.name.hashCode() : 0);&#10;        return hash;&#10;    }&#10;    &#10;    &#10;    public static void createSampleProject(Controller controller){&#10;        Project project = controller.addProject(&quot;Sample&quot;, true);&#10;        ArrayList&lt;Card&gt; cards = new ArrayList&lt;Card&gt;();&#10;        cards.add(new Card(&#10;                &quot;What is the ultimate answer to life, the universe, and everything?&quot;, &#10;                &quot;42&quot;));&#10;        project.addCards(cards);&#10;        &#10;        //return project;&#10;        controller.refresh();&#10;    }&#10;}&#10;" Filename="Project.java" Intrnl_Id="30"/>
<SrcFile Content="/*&#10; * To change this template, choose Tools | Templates&#10; * and open the template in the editor.&#10; */&#10;&#10;package cabra;&#10;&#10;import javax.swing.*;&#10;import javax.swing.table.*;&#10;import java.awt.*;&#10;import java.util.ArrayList;&#10;import java.text.MessageFormat;&#10;import java.awt.print.PrinterException;&#10;&#10;/** Provides the ability to print cards or notes of a project.&#10; *&#10; * @author Neel&#10; */&#10;public class Printer extends Object{&#10;    &#10;        //constants&#10;        public static final int ROW_HEIGHT = 90; //height of each row&#10;        public static final int IMAGE_WIDTH = 60; //for now the image is resized square    &#10;    &#10;    private Printer(){}&#10;    &#10;    /** Prints all the notes of a given project.&#10;     * &#10;     * @param project the active project.&#10;     */&#10;    public static void printNotes(final Project project){&#10;        &#10;        //a table to hold the text panes&#10;        JTable table = new JTable();&#10;        &#10;        //get each note&#10;        for(Note note : project.getNotes()){&#10;            //create a text pane and put the note in it&#10;            JTextPane textPane = new JTextPane();&#10;            textPane.setDocument(note.getDocument());&#10;            &#10;            table.add(textPane);&#10;        }&#10;        &#10;        //do print&#10;        try {&#10;            boolean complete = table.print( JTable.PrintMode.FIT_WIDTH,&#10;                                            new MessageFormat(project.getName()), //MessageFormat header&#10;                                            new MessageFormat(&quot;Cabra - Page {0}&quot;), //MessageFormat footer&#10;                                            true, //show printing dialog&#10;                                            null, //PrintRequestAttributeSet&#10;                                            true, //interactive&#10;                                            null  //PrintService&#10;                                            );&#10;            if (complete) {&#10;               //done&#10;&#10;            } else {&#10;                // printing was cancelled &#10;&#10;            }&#10;        } catch (PrinterException pe) {&#10;            // Printing failed, report to the user&#10;            System.out.println(pe);&#10;        }        &#10;    }&#10;    &#10;    /** Prints the given list of cards (from a project, maybe?)&#10;     * &#10;     * @param project the project that owns the cards&#10;     * @param cards the cards to print //we're not taking directly from the project since we want filters possible&#10;     */&#10;    public static void print(final Project project, final ArrayList&lt;Card&gt; cards){&#10;        SwingUtilities.invokeLater(new Runnable(){&#10;            public void run(){&#10;                Printer.realPrint(project,cards);&#10;            }&#10;        });&#10;    }&#10;    &#10;    /** This does the real work, but print() lets this run in its own thread.&#10;     * &#10;     * @param project the project that owns the cards&#10;     * @param cards the cards to print&#10;     */&#10;    private static void realPrint(final Project project, final ArrayList&lt;Card&gt; cards){&#10;        &#10;        //this contains each and every card with its contents&#10;        Object[][] contents = new Object[cards.size()][3]; //cards down, image/question/answer acrs&#10;        for(int i=0;i&lt;cards.size();i++){&#10;            Card card = cards.get(i); &#10;            //extract card's contents and add to the contents&#10;            if(card.getPictureName().equals(Card.NO_PICTURE_STRING)){&#10;                //no picture, so leave the image box empty&#10;                contents[i][0] = null;&#10;            }&#10;              else{&#10;                //there IS a picture, so put it in here&#10;                contents[i][0] = project.getPathTo(card.getPictureName());&#10;            }&#10;            &#10;            //&lt;html&gt; forces line wrap&#10;            final String inFront = &quot;&lt;html&gt;&quot;; &#10;            contents[i][1] = inFront + java.util.regex.Matcher.quoteReplacement(card.getQuestion()).&#10;                    replaceAll(Card.NEWLINE,&quot;&lt;br&gt;&quot;);&#10;            contents[i][2] = inFront + java.util.regex.Matcher.quoteReplacement(card.getAnswer()).&#10;                    replaceAll(Card.NEWLINE,&quot;&lt;br&gt;&quot;);&#10;        }&#10;        &#10;        //create table&#10;        final JTable table = new JTable(new CardModel(contents));       &#10;        //table = new JTable(contents, new Object[]{&quot;Image&quot;,&quot;Question&quot;,&quot;Answer&quot;}); &#10;       &#10;        table.setShowGrid(true);&#10;        table.setRowHeight(ROW_HEIGHT);&#10;        //table.setFillsViewportHeight(true);&#10;&#10;        //edit image cols &#10;        table.getColumn(&quot;Image&quot;).setMinWidth(IMAGE_WIDTH); //first column is image column; make it as big as an image&#10;        table.getColumn(&quot;Image&quot;).setMaxWidth(IMAGE_WIDTH); &#10;        table.getColumn(&quot;Image&quot;).setCellRenderer(new ImageRenderer()); &#10;        &#10;        table.getColumn(&quot;Question&quot;).setCellRenderer(new CenterRenderer());&#10;        table.getColumn(&quot;Answer&quot;).setCellRenderer(new CenterRenderer());&#10;                     &#10;        //print preview&#10;        final JDialog dialog = new JDialog((JFrame)null,&quot;Preview of &quot; + project.getName());&#10;        dialog.setIconImage(GUI.createImageIcon(&quot;printer.png&quot;).getImage());&#10;        dialog.setContentPane(new JScrollPane(table));&#10;        dialog.setSize(500,500);&#10;        Utils.changeFrameLocation(dialog,150,150);&#10;        dialog.setVisible(true);&#10;        &#10;        //these don't work&#10;        //dialog.repaint();&#10;        //dialog.validate();&#10;&#10;        SwingUtilities.invokeLater(new Runnable(){public void run(){&#10;        //do print&#10;        try {&#10;            boolean complete = table.print( JTable.PrintMode.FIT_WIDTH, //printing style&#10;                                            new MessageFormat(project.getName()), //MessageFormat header&#10;                                            new MessageFormat(&quot;Cabra - Page {0}&quot;), //MessageFormat footer&#10;                                            true, //show printing dialog&#10;                                            null, //PrintRequestAttributeSet&#10;                                            true, //interactive&#10;                                            null  //PrintService&#10;                                            );&#10;            //boolean complete = table.print();&#10;            if (complete) {&#10;               //done&#10;&#10;            } else {&#10;                // printing was cancelled&#10;&#10;            }&#10;        } catch (PrinterException pe) {&#10;            // Printing failed, report to the user&#10;            System.out.println(pe);&#10;        }&#10;        finally{&#10;            dialog.setVisible(false);&#10;        }&#10;        }});&#10;    }&#10;    &#10;    private static class CardModel implements TableModel {&#10;        private Object[][] DATA; //card information here&#10;        &#10;        public CardModel(Object[][] data){&#10;            this.DATA = data;&#10;        }&#10;&#10;        public void setValueAt(Object aValue, int rowIndex, int columnIndex) {}&#10;        public void addTableModelListener(javax.swing.event.TableModelListener l) {}&#10;        public void removeTableModelListener(javax.swing.event.TableModelListener l) {}&#10;&#10;        public boolean isCellEditable(int rowIndex, int columnIndex) {&#10;            return false;&#10;        }&#10;&#10;        public Class&lt;?&gt; getColumnClass(int col) {&#10;            switch(col) {&#10;                case 0:&#10;                    return ImageIcon.class;&#10;                case 1:&#10;                case 2:&#10;                    return String.class;&#10;            }&#10;&#10;            throw new AssertionError(&quot;invalid column&quot;);&#10;        }&#10;        &#10;        public int getRowCount() {&#10;            return DATA.length;&#10;        }&#10;        &#10;        public int getColumnCount() {&#10;            return 3;&#10;        }&#10;        &#10;        public String getColumnName(int col) {&#10;            switch(col) {&#10;                case 0: return &quot;Image&quot;;&#10;                case 1: return &quot;Question&quot;;&#10;                case 2: return &quot;Answer&quot;;&#10;            }&#10;            &#10;            throw new AssertionError(&quot;invalid column&quot;);&#10;        }&#10;        &#10;        public Object getValueAt(int row, int col) {&#10;            switch(col) {&#10;                case 0:&#10;                case 1:&#10;                case 2:&#10;                    return DATA[row][col];&#10;            }&#10;&#10;            throw new AssertionError(&quot;invalid column&quot;);&#10;        }&#10;    }    &#10;    &#10;    /**&#10;     * A custom cell renderer for rendering images.&#10;     */&#10;    private static class ImageRenderer extends DefaultTableCellRenderer {&#10;            public Component getTableCellRendererComponent(JTable table,&#10;                                                           Object value,&#10;                                                           boolean isSelected,&#10;                                                           boolean hasFocus,&#10;                                                           int row,&#10;                                                           int column) {&#10;&#10;            super.getTableCellRendererComponent(table, value, isSelected,&#10;                                                hasFocus, row, column);&#10;            &#10;            if(getText().equals(&quot;&quot;) == false){&#10;                //only do this if there is an image here&#10;                setHorizontalAlignment(SwingConstants.CENTER);&#10;&#10;                //use the text (which is full path to image) to make image&#10;                ImageIcon fullSizeIcon = GUI.createImageIconFromFullPath(this.getText());&#10;                ImageIcon resizedIcon = ImageManager.scaleImage(fullSizeIcon, IMAGE_WIDTH,IMAGE_WIDTH); &#10;                setIcon(resizedIcon);&#10;            }&#10;            else{&#10;                //no image&#10;                setIcon(null);&#10;            }&#10;            &#10;            //clean up&#10;            setText(&quot;&quot;);&#10;            &#10;            return this;&#10;        }&#10;    }&#10;    &#10;    /**&#10;     * A custom cell renderer that centers text.&#10;     */&#10;    private static class CenterRenderer extends DefaultTableCellRenderer {&#10;            public Component getTableCellRendererComponent(JTable table,&#10;                                                           Object value,&#10;                                                           boolean isSelected,&#10;                                                           boolean hasFocus,&#10;                                                           int row,&#10;                                                           int column) {&#10;&#10;            super.getTableCellRendererComponent(table, value, isSelected,&#10;                                                hasFocus, row, column);&#10;            &#10;            //setHorizontalAlignment(SwingConstants.CENTER);&#10;            //setVerticalAlignment(SwingConstants.CENTER);&#10;            &#10;            //while we're at it, set a nicer font&#10;            setFont(FontManager.SMALLER_PREFERRED_FONT);&#10;            &#10;            return this;&#10;        }&#10;    }&#10;}&#10;" Filename="Printer.java" Intrnl_Id="31"/>
<SrcFile Content="package cabra;&#10;&#10;import cabra.dinero.VaultManager;&#10;import cabra.PointEnums.Activity;&#10;import java.awt.event.ActionEvent;&#10;import java.util.EventObject;&#10;import javax.swing.*;&#10;import java.awt.*;&#10;import javax.swing.event.CellEditorListener;&#10;import javax.swing.table.DefaultTableCellRenderer;&#10;import java.util.ArrayList;&#10;import java.awt.event.ActionListener;&#10;&#10;/** A panel to show and keep track of how many points the user has.&#10; *&#10; * @author Neel&#10; */&#10;public class PointPanel extends JPanel{&#10;    private Controller controller;&#10;    private VaultManager vaultManager; //controls everything relating to prizes etc&#10;    private GUI gui;&#10;    private TabPane tabPane;&#10;    private JLabel pointLabel;&#10;    &#10;    private final static int TABLE_WIDTH = 330;&#10;    private final static int TABLE_HEIGHT = 290;&#10;    &#10;    public PointPanel(TabPane tabPane, final GUI gui, Controller controller){&#10;        this.tabPane = tabPane;&#10;        this.gui = gui;&#10;        this.controller = controller;&#10;        &#10;        //must build point label first so we can make vault manager, then add other stuff&#10;        pointLabel = new JLabel(ImageManager.createImageIcon(&quot;coins-large.png&quot;), SwingConstants.CENTER);&#10;        //label.setFont(FontManager.LARGER_PREFERRED_FONT);&#10;        pointLabel.setFont(FontManager.createFont(28,&quot;Agency FB&quot;, &quot;Georgia&quot;)); //choose cool fonts that look like LCD displays     &#10;        add(pointLabel);      &#10;        &#10;        this.vaultManager = controller.createVaultManager(pointLabel);&#10;        vaultManager.updatePointLabel(controller.getPoints());&#10;        &#10;        //add button that opens achievements table&#10;        JButton achievementButton = new JButton(&quot;How to earn points&quot;, ImageManager.createImageIcon(&quot;coins-plus.png&quot;));&#10;        achievementButton.addActionListener(new ActionListener(){&#10;            public void actionPerformed(ActionEvent e) {&#10;                JPanel panel = new JPanel();&#10;                JScrollPane tablePane = new JScrollPane(createAchievementTable());&#10;                tablePane.setPreferredSize(new Dimension(TABLE_WIDTH, TABLE_HEIGHT));&#10;                panel.add(tablePane);&#10;                JDialog dialog = Utils.putPanelInDialog(panel, gui.getFrame(), &quot;How to earn points&quot;, &quot;coins-plus.png&quot;, -1, -1);&#10;                dialog.setVisible(true);&#10;            }&#10;        });&#10;        add(achievementButton);&#10;        &#10;        add(vaultManager.getPanel());              &#10;&#10;        //refresh();&#10;    }&#10;    &#10;    /**&#10;     * Resets the contents of this panel.&#10;     */&#10;    public void refresh(){&#10;        //this.removeAll(); &#10;        &#10;&#10;        &#10;        //add achievements table&#10;        /*JScrollPane tablePane = new JScrollPane(createAchievementTable());&#10;        tablePane.setPreferredSize(new Dimension(TABLE_WIDTH, TABLE_HEIGHT));&#10;        add(tablePane);    */    &#10;    }&#10;    &#10;    /**&#10;     * Creates a JTable where you can see what you can do to earn points.&#10;     * @return a JTable&#10;     */&#10;    private JTable createAchievementTable(){&#10;        JTable table;&#10;        &#10;        String[] columnNames = {&#10;            &quot;&quot;,&#10;            &quot;Coins&quot;,&#10;            &quot;How you earn the coins&quot;&#10;        };&#10;        &#10;        //fill each row with achievement information&#10;        ArrayList&lt;Activity&gt; values = Activity.getNonSecretActivities();&#10;        //determine how many non-secret activities there are&#10;        int numActivities = 0;&#10;        for(Activity activity : values){&#10;            numActivities++;&#10;        }&#10;        Object[][] data = new Object[numActivities][columnNames.length];&#10;        for(int i=0; i&lt;values.size(); i++){&#10;            //the row contains information from the values array of the same index&#10;            data[i] = createActivityRow(values.get(i));&#10;        }&#10;        &#10;        table = new JTable(data, columnNames){&#10;            //make table read-only&#10;            @Override&#10;              public boolean isCellEditable(int row, int column){&#10;                return false;&#10;              }&#10;            };&#10;        table.getColumnModel().getColumn(0).setCellRenderer(new ImageRenderer());&#10;        &#10;        //specialize width of column&#10;        javax.swing.table.TableColumn column = null;&#10;        for (int i = 0; i &lt; columnNames.length; i++) {&#10;            column = table.getColumnModel().getColumn(i);&#10;            switch(i){&#10;                case 0:&#10;                    column.setPreferredWidth(20);&#10;                    break;&#10;                case 1:&#10;                    column.setPreferredWidth(50);&#10;                    break;&#10;                case 2:&#10;                    column.setPreferredWidth(300);&#10;                    break;&#10;            }&#10;        }&#10;        &#10;        table.setRowHeight(25);&#10;        table.setAutoResizeMode(JTable.AUTO_RESIZE_OFF);&#10;        table.setFillsViewportHeight(true);&#10;        return table;&#10;    }&#10;    &#10;    /**&#10;     * Convenience method for creating an achievement for the achievement table.&#10;     * @param activity the Activity that we will make a row for&#10;     * @return the Object[] representing the row.&#10;     */&#10;    private Object[] createActivityRow(Activity activity){&#10;        PointEnums.Coin coin = PointEnums.Coin.getCoin(activity.getPoints());&#10;        return new Object[]{&#10;            ImageManager.createImageIcon(coin.getImageName()),&#10;            activity.getPoints(),&#10;            activity.getDescription()&#10;        };&#10;    }&#10;    &#10;    /**&#10;     * For rendering images in a table.&#10;     */&#10;    class ImageRenderer extends DefaultTableCellRenderer {&#10;      JLabel label = new JLabel();&#10;&#10;      @Override&#10;      public Component getTableCellRendererComponent(JTable table, Object value, boolean isSelected,&#10;        boolean hasFocus, int row, int column) {&#10;        label.setIcon((ImageIcon)value);&#10;        return label;&#10;      }    &#10;    }&#10;    &#10;    @Override&#10;        public void paintComponent(Graphics g){&#10;            super.paintComponent(g);&#10;&#10;            Utils.drawEmblem(this, g);&#10;        }        &#10;}&#10;" Filename="PointPanel.java" Intrnl_Id="32"/>
<SrcFile Content="package cabra;&#10;&#10;import cabra.dinero.VaultManager;&#10;import java.util.ArrayList;&#10;&#10;/** Manages &quot;Points&quot;, which are earned by doing stuff in Cabra.&#10; *&#10; * @author Neel&#10; */&#10;public class PointManager {&#10;&#10;    private int points;&#10;    private VaultManager vaultManager;&#10;    &#10;    public PointManager(){&#10;        //load points from UserData&#10;        this.points = UserData.getInt(&quot;Points&quot;);&#10;    }&#10;    &#10;    public int getPoints(){&#10;        return points;&#10;    }&#10;&#10;    private void setPoints(int points){&#10;        this.points = points;&#10;        //save it&#10;        UserData.setString(&quot;Points&quot;, points + &quot;&quot;);&#10;        vaultManager.update();&#10;    }&#10;    &#10;    /**&#10;     * Decreases the number of points the user has by the given amount.&#10;     * @param pointsToLose the points to lose.&#10;     * @return the number of points the user has left.&#10;     */&#10;    public int decreasePoints(int pointsToLose){&#10;        int pointsLeft = getPoints() - pointsToLose;&#10;        setPoints(pointsLeft);&#10;        return pointsLeft;&#10;    }&#10;    &#10;    /**&#10;     * Adds points.&#10;     * @param activity an activity that the user just did.&#10;     */&#10;    public void gainPoints(PointEnums.Activity activity){&#10;        int pointsGained = activity.getPoints();&#10;        &#10;        setPoints(points + pointsGained);&#10;    }&#10;    &#10;    public void giveVaultManager(VaultManager vaultManager){&#10;        this.vaultManager = vaultManager;&#10;    }&#10;}&#10;" Filename="PointManager.java" Intrnl_Id="33"/>
<SrcFile Content="/*&#10; * To change this template, choose Tools | Templates&#10; * and open the template in the editor.&#10; */&#10;package cabra;&#10;&#10;import java.util.ArrayList;&#10;&#10;/** Contains enums for points.&#10; *&#10; * @author Neel&#10; */&#10;public class PointEnums {&#10;    &#10;    public enum Coin{&#10;        BRONZE      (&quot;coin-bronze.png&quot;,     1,  9),&#10;        SILVER      (&quot;coin-silver.png&quot;,     10, 24),&#10;        GOLD        (&quot;coin-gold.png&quot;,       25, 99),&#10;        GOLDSTACK   (&quot;coin-goldstack.png&quot;,  100,9999),&#10;        ;&#10;        &#10;        private String imageName;&#10;        private int minPoints;&#10;        private int maxPoints;&#10;        &#10;        /** A coin is used to represent coin earnings.&#10;         * Earnings of a certain range are associated with a certain coin.&#10;         * &#10;         * @param imageName&#10;         * @param minPoints&#10;         * @param maxPoints &#10;         */&#10;        Coin(String imageName, int minPoints, int maxPoints){&#10;            this.imageName = imageName;&#10;            this.minPoints = minPoints;&#10;            this.maxPoints = maxPoints;&#10;        }&#10;        &#10;        public String getImageName(){&#10;            return imageName;&#10;        }&#10;        &#10;        public javax.swing.ImageIcon getImageIcon(){&#10;            return ImageManager.createImageIcon(imageName);&#10;        }&#10;        &#10;        /**&#10;         * Determines if earnings of a certain amount fall in this coin's range.&#10;         * @param points how many points are earned&#10;         * @return true if the earnings fall in this coin's range, false otherwise&#10;         */&#10;        public boolean isInRange(int points){&#10;            return points &gt;= minPoints &amp;&amp; points &lt;= maxPoints;&#10;        }&#10;        &#10;        /**&#10;         * Returns the coin appropriate for the given number of points.&#10;         * @param points how many points are earned&#10;         * @return the coin that fits for that point value.&#10;         */&#10;        public static Coin getCoin(int points){&#10;            //just check if it's in the range of any coin&#10;            for(Coin coin : Coin.values()){&#10;                if(coin.isInRange(points))&#10;                    return coin;&#10;            }&#10;            &#10;            return Coin.GOLDSTACK;&#10;        }&#10;    }&#10;    &#10;    public enum Activity{&#10;        STUDY_CORRECT   (1,     &quot;Study a card and get it right&quot;),&#10;        CREATE_CARD     (2,     &quot;Create a flashcard&quot;),&#10;        ADD_IMAGE       (3,     &quot;Add an image to a flashcard&quot;),&#10;        CREATE_NOTE     (3,     &quot;Create a note&quot;),&#10;        EXPORT_PROJECT  (5,     &quot;Export a project&quot;),&#10;        RANK_E          (5,     &quot;Get a card to rank E&quot;),&#10;        PRINT_CARDS     (10,    &quot;Print out a project's flashcards&quot;),&#10;        CREATE_PROJECT  (10,    &quot;Create a project&quot;),&#10;        //PERFECT_SESS_10 (15,    &quot;Get all cards correct in a study session (min. 10)&quot;),&#10;        IMPORT_PROJECT  (20,    &quot;Import a project&quot;),&#10;        //PERFECT_SESS_25 (40,    &quot;Get all cards correct in a study session (min. 25)&quot;),&#10;        USE_NEW_VERSION (50,    &quot;Use a new version of Cabra&quot;),&#10;        //PERFECT_SESS_50 (75,    &quot;Get all cards correct in a study session (min. 50)&quot;),&#10;        USE_BETA        (100,   &quot;Use a beta version of Cabra&quot;), &#10;        GET_LUCKY       (100,   &quot;Get lucky&quot;),&#10;     &#10;        /* secret */&#10;        CODE_FIRSTRUN   (20,    &quot;???&quot;, true),&#10;        CODE_HELP       (50,    &quot;???&quot;, true),        &#10;        CODE_SOCIAL     (100,   &quot;???&quot;, true),        &#10;        CODE_SECRET     (50,    &quot;???&quot;, true),&#10;        &#10;        /* testing */&#10;        ZERO            (0,     &quot;0&quot;, true),&#10;        ;&#10;        &#10;        private int points;&#10;        private String description;&#10;        private boolean secret;&#10;        &#10;        /**&#10;         * An activity has a certain number of points allotted to it.&#10;         * @param points how many points the activity is worth.&#10;         * @param description a description of the achievement&#10;         * @param secret true if the activity should not be shown on the &quot;Points&quot; tab.&#10;         */&#10;        Activity(int points, String description, boolean secret){&#10;            this.points = points;&#10;            this.description = description;&#10;            this.secret = secret;&#10;        }&#10;        &#10;        /**&#10;         * Overload for Activity(int, String, boolean.) This activity is NOT secret.&#10;         * @param points how many points the activity is worth.&#10;         * @param description a description of the achievement&#10;         */&#10;        Activity(int points, String description){&#10;            this(points, description, false);&#10;        }&#10;        &#10;        public int getPoints(){&#10;            return points;&#10;        }&#10;        &#10;        public String getDescription(){&#10;            return description;&#10;        }&#10;        &#10;        public boolean isSecret(){&#10;            return secret;&#10;        }&#10;        &#10;        /**&#10;         * Returns a list of all the activities that are not secret.&#10;         * @return the list of activities&#10;         */&#10;        public static ArrayList&lt;Activity&gt; getNonSecretActivities(){&#10;            ArrayList&lt;Activity&gt; list = new ArrayList&lt;Activity&gt;();&#10;            for(Activity activity : values()){&#10;                if(activity.isSecret() == false)&#10;                    list.add(activity);&#10;            }&#10;            &#10;            return list;&#10;        }&#10;    }&#10;}&#10;" Filename="PointEnums.java" Intrnl_Id="34"/>
<SrcFile Content="/*&#10; * To change this template, choose Tools | Templates&#10; * and open the template in the editor.&#10; */&#10;&#10;package cabra;&#10;&#10;import javax.swing.*;&#10;import java.awt.*;&#10;&#10;/** A reusable panel containing a picture&#10; *&#10; * @author Neel&#10; */&#10;public class PicturePanel extends JPanel{&#10;    &#10;    public static final int PICTURE_WIDTH = 110;&#10;    public static final int PICTURE_HEIGHT = 110;&#10;    &#10;    private ImageIcon picture;&#10;    &#10;    public PicturePanel(ImageIcon picture){&#10;        setPreferredSize(new Dimension(PICTURE_WIDTH,PICTURE_HEIGHT));&#10;        this.picture = picture;&#10;    }&#10;    &#10;    public void reset(){&#10;        //reset the panel's appearance&#10;//        Image i;&#10;    }&#10;    &#10;    @Override&#10;    public void paintComponent(Graphics g){&#10;        super.paintComponent(g);&#10;        &#10;        //resize picture to appropriate size&#10;        ImageIcon newPicture = GUI.scaleImage(picture, PICTURE_WIDTH, PICTURE_HEIGHT); &#10;        &#10;        int width = newPicture.getIconWidth();&#10;        int height = newPicture.getIconHeight();&#10;        &#10;        //get offsets in order to center picture&#10;        int verticalOffset = (PICTURE_HEIGHT - height) / 2;&#10;        int horizontalOffset = (PICTURE_WIDTH - width) / 2;&#10;            //if the image is thinner than this panel, offset it&#10;&#10;        //paint the picture&#10;        g.drawImage(newPicture.getImage(),horizontalOffset,verticalOffset,this);&#10;            //offsets let the image be centered&#10;    }&#10;}&#10;" Filename="PicturePanel.java" Intrnl_Id="35"/>
<SrcFile Content="/*&#10; * To change this template, choose Tools | Templates&#10; * and open the template in the editor.&#10; */&#10;&#10;package cabra;&#10;&#10;import java.awt.*;&#10;import java.awt.event.*;&#10;//import java.util.HashMap;&#10;&#10;import javax.swing.*;&#10;import javax.swing.text.*;&#10;import javax.swing.event.*;&#10;import javax.swing.undo.*;&#10;&#10;/** A class embedded in the NotePanel for editing of notes&#10; *&#10; * @author Neel&#10; */&#10;public final class NoteTextPane extends JTextPane{&#10;    private StyledDocument doc;&#10;    public static final String newline = &quot;\n&quot;;&#10;    //private HashMap&lt;Object, Action&gt; actions;&#10;&#10;    //undo/redo helpers&#10;    protected UndoAction undoAction;&#10;    protected RedoAction redoAction;&#10;    protected UndoManager undo = new UndoManager();&#10;    &#10;    //the panel containing this is stored here&#10;    private NotePanel panel;&#10;    &#10;    //buttons added to the notePanel's toolbar... managed from in here&#10;    private JButton undoButton;&#10;    private JButton redoButton;&#10;    &#10;    //for sizing... these don't work at the moment&#10;    public static final int PANE_WIDTH = 340;&#10;    public static final int PANE_HEIGHT = 255;&#10;    &#10;    /** Call this when creating a note for the first time.&#10;     * &#10;     */&#10;    public NoteTextPane(NotePanel panel){&#10;        this(new DefaultStyledDocument(),panel);&#10;    }&#10;&#10;    public NoteTextPane(StyledDocument noteDocument, NotePanel panel) {&#10;        this.panel = panel;&#10;        //Create the text pane and configure it.        &#10;        this.setDocument(noteDocument); //load the document&#10;        doc = (StyledDocument) this.getDocument();        &#10;        setCaretPosition(0);&#10;        setMargin(new Insets(5,5,5,5));&#10;        setFont(FontManager.PREFERRED_FONT);&#10;        &#10;        //undoAction = new UndoAction();&#10;        //redoAction = new RedoAction();    &#10;        &#10;        //add key shortcuts.&#10;        addBindings();&#10;&#10;        //Set up the menu bar.&#10;        /*actions=createActionTable(textPane);&#10;        JMenu editMenu = createEditMenu();&#10;        JMenu styleMenu = createStyleMenu();&#10;        JMenuBar mb = new JMenuBar();&#10;        mb.add(editMenu);&#10;        mb.add(styleMenu);&#10;        setJMenuBar(mb);*/         &#10;&#10;        //Put the initial text into the text pane.&#10;        //initDocument();&#10;        //setCaretPosition(0);&#10;&#10;        //Start watching for undoable edits and caret changes.&#10;        doc.addUndoableEditListener(new MyUndoableEditListener());&#10;        //addCaretListener(new CaretListenerLabel);&#10;        doc.addDocumentListener(new MyDocumentListener());&#10;    }&#10;&#10;    &#10;    public UndoAction getUndoAction(){ return undoAction; }&#10;    public RedoAction getRedoAction(){ return redoAction; }&#10;    &#10;    public void addUndoRedoButtons(NotePanel panel){&#10;        //add undo/redo&#10;        redoButton = panel.addToolbarButton(redoAction,&quot;redo.png&quot;,&quot;Redo&quot;);&#10;        undoButton = panel.addToolbarButton(undoAction,&quot;undo.png&quot;,&quot;Undo&quot;);     &#10;        &#10;        //now that undo/redo are added, add bindings.&#10;        //addBindings();        &#10;        &#10;        //set undo/redo buttons disabled by default&#10;        undoAction.setEnabled(false);&#10;        redoAction.setEnabled(false);&#10;    }&#10;&#10;    public void insertImageIcon(ImageIcon icon){   &#10;        //how to insert a picture&#10;        //define the style&#10;        Style regular = doc.addStyle(&quot;regular&quot;, StyleContext.getDefaultStyleContext().&#10;                        getStyle(StyleContext.DEFAULT_STYLE));&#10;        Style style = doc.addStyle(&quot;icon&quot;, regular);&#10;        StyleConstants.setAlignment(style, StyleConstants.ALIGN_CENTER);&#10;        if (icon != null) {&#10;            //resize it if necessary&#10;            ImageIcon resizedIcon = ImageManager.scaleImage(icon, 250, 250);&#10;            StyleConstants.setIcon(style, resizedIcon);&#10;        }&#10;        //use the style to add a picture&#10;        try{&#10;            doc.insertString(getCaretPosition(), &quot; &quot;,style);     &#10;        }&#10;        catch(BadLocationException ble){&#10;            System.err.println(&quot;Error loading icon!&quot;);&#10;        }        &#10;    }&#10;    &#10;    //This one listens for edits that can be undone.&#10;    protected class MyUndoableEditListener&#10;                    implements UndoableEditListener {&#10;        public void undoableEditHappened(UndoableEditEvent e) {&#10;            //Remember the edit and update the menus.&#10;            undo.addEdit(e.getEdit());&#10;            undoAction.updateUndoState();&#10;            redoAction.updateRedoState();&#10;        }&#10;    }&#10;&#10;    //And this one listens for any changes to the document.&#10;    protected class MyDocumentListener&#10;                    implements DocumentListener {&#10;        public void insertUpdate(DocumentEvent e) {&#10;            displayEditInfo(e);&#10;        }&#10;        public void removeUpdate(DocumentEvent e) {&#10;            displayEditInfo(e);&#10;        }&#10;        public void changedUpdate(DocumentEvent e) {&#10;            displayEditInfo(e);&#10;        }&#10;        private void displayEditInfo(DocumentEvent e) {&#10;            Document document = e.getDocument();&#10;            /*int changeLength = e.getLength();&#10;            changeLog.append(e.getType().toString() + &quot;: &quot; +&#10;                changeLength + &quot; character&quot; +&#10;                ((changeLength == 1) ? &quot;. &quot; : &quot;s. &quot;) +&#10;                &quot; Text length = &quot; + document.getLength() +&#10;                &quot;.&quot; + newline);*/&#10;        }&#10;    }&#10;&#10;    //Add a couple of standard key bindings&#10;    protected void addBindings() {&#10;        InputMap inputMap = getInputMap();&#10;&#10;        //Ctrl-B to bold text&#10;        KeyStroke key = KeyStroke.getKeyStroke(KeyEvent.VK_B, Event.CTRL_MASK);&#10;        Action action = new StyledEditorKit.BoldAction();&#10;        action.putValue(Action.NAME, &quot;Bold&quot;);        &#10;        inputMap.put(key, action);&#10;        &#10;        //Ctrl-I to italicize text&#10;        key = KeyStroke.getKeyStroke(KeyEvent.VK_I, Event.CTRL_MASK);&#10;        action = new StyledEditorKit.ItalicAction();&#10;        action.putValue(Action.NAME, &quot;Italic&quot;);        &#10;        inputMap.put(key, action);      &#10;        &#10;        //Ctrl-U to underline text&#10;        key = KeyStroke.getKeyStroke(KeyEvent.VK_U, Event.CTRL_MASK);&#10;        action = new StyledEditorKit.UnderlineAction();&#10;        action.putValue(Action.NAME, &quot;Underline&quot;);        &#10;        inputMap.put(key, action);&#10;        &#10;        //Ctrl-R to make text red&#10;        key = KeyStroke.getKeyStroke(KeyEvent.VK_R, Event.CTRL_MASK);&#10;        action = new StyledEditorKit.ForegroundAction(&quot;Red&quot;, Color.RED);&#10;        action.putValue(Action.NAME, &quot;Red&quot;);        &#10;        inputMap.put(key, action);       &#10;        &#10;        //Ctrl-Up to increase size of text&#10;        key = KeyStroke.getKeyStroke(KeyEvent.VK_UP, Event.CTRL_MASK); &#10;        action = new StyledEditorKit.FontSizeAction(&quot;14&quot;, 14);&#10;        action.putValue(Action.NAME, &quot;Big&quot;);        &#10;        inputMap.put(key, action);        &#10;        &#10;        //Ctrl-Down to decrease size of text&#10;        key = KeyStroke.getKeyStroke(KeyEvent.VK_DOWN, Event.CTRL_MASK); &#10;        action = new StyledEditorKit.FontSizeAction(&quot;12&quot;, 12);&#10;        action.putValue(Action.NAME, &quot;Small&quot;);        &#10;        inputMap.put(key, action);       &#10;        &#10;        //Ctrl-Z to undo&#10;        key = KeyStroke.getKeyStroke(KeyEvent.VK_Z, Event.CTRL_MASK);&#10;        undoAction = new UndoAction();&#10;        undoAction.putValue(Action.NAME, &quot;Undo&quot;);        &#10;        inputMap.put(key, undoAction);&#10;        &#10;        //Ctrl-Y to redo&#10;        key = KeyStroke.getKeyStroke(KeyEvent.VK_Y, Event.CTRL_MASK);&#10;        redoAction = new RedoAction();&#10;        redoAction.putValue(Action.NAME, &quot;Redo&quot;);        &#10;        inputMap.put(key, redoAction);&#10;        &#10;        //Ctrl-S to save&#10;        key = KeyStroke.getKeyStroke(KeyEvent.VK_S, Event.CTRL_MASK);&#10;        SaveAction saveAction = new SaveAction();&#10;        redoAction.putValue(Action.NAME, &quot;Save&quot;);        &#10;        inputMap.put(key, saveAction);&#10;    }&#10;    &#10;    class SaveAction extends AbstractAction{&#10;        public SaveAction(){&#10;            super(&quot;Save&quot;);&#10;        }&#10;        &#10;        @Override&#10;                public void actionPerformed(ActionEvent e){&#10;                    //save the note&#10;                    panel.saveNotes();&#10;                }&#10;    }&#10;&#10;    class UndoAction extends AbstractAction {&#10;        public UndoAction() {&#10;            super(&quot;Undo&quot;);&#10;            //setEnabled(false); call this once the buttons are made&#10;        }&#10;        &#10;        @Override&#10;            public void setEnabled(boolean b){&#10;                //set enabled, but change the button's enabledness too&#10;                super.setEnabled(b);&#10;                //set button's enabledness&#10;                undoButton.setEnabled(b);&#10;                //change tool tip text&#10;                if(undoButton.isEnabled()){&#10;                    undoButton.setToolTipText(&quot;Undo&quot;);&#10;                } else{&#10;                    undoButton.setToolTipText(&quot;Can't undo&quot;);&#10;                }&#10;            }&#10;&#10;        public void actionPerformed(ActionEvent e) {&#10;            try {&#10;                undo.undo();&#10;            } catch (CannotUndoException ex) {&#10;                System.out.println(&quot;Unable to undo: &quot; + ex);&#10;                ex.printStackTrace();&#10;            }&#10;            updateUndoState();&#10;            redoAction.updateRedoState();&#10;        }&#10;&#10;        protected void updateUndoState() {&#10;            if (undo.canUndo()) {&#10;                setEnabled(true);&#10;                putValue(Action.NAME, undo.getUndoPresentationName());&#10;            } else {&#10;                setEnabled(false);&#10;                putValue(Action.NAME, &quot;Undo&quot;);&#10;            }&#10;        }&#10;    }&#10;&#10;    class RedoAction extends AbstractAction {&#10;        public RedoAction() {&#10;            super(&quot;Redo&quot;);&#10;            //setEnabled(false); call this once buttons are made&#10;        }&#10;       &#10;        @Override&#10;            public void setEnabled(boolean b){&#10;                //set enabled, but change the button's enabledness too&#10;                super.setEnabled(b);&#10;                //set button's enabledness&#10;                redoButton.setEnabled(b);&#10;                //change tool tip text&#10;                if(redoButton.isEnabled()){&#10;                    redoButton.setToolTipText(&quot;Redo&quot;);&#10;                } else{&#10;                    redoButton.setToolTipText(&quot;Can't redo&quot;);&#10;                }                &#10;            }        &#10;&#10;        public void actionPerformed(ActionEvent e) {&#10;            try {&#10;                undo.redo();&#10;            } catch (CannotRedoException ex) {&#10;                System.out.println(&quot;Unable to redo: &quot; + ex);&#10;                ex.printStackTrace();&#10;            }&#10;            updateRedoState();&#10;            undoAction.updateUndoState();&#10;        }&#10;&#10;        protected void updateRedoState() {&#10;            if (undo.canRedo()) {&#10;                setEnabled(true);&#10;                putValue(Action.NAME, undo.getRedoPresentationName());&#10;            } else {&#10;                setEnabled(false);&#10;                putValue(Action.NAME, &quot;Redo&quot;);&#10;            }&#10;        }&#10;    } //end RedoAction&#10;}&#10;" Filename="NoteTextPane.java" Intrnl_Id="36"/>
<SrcFile Content="/*&#10; * To change this template, choose Tools | Templates&#10; * and open the template in the editor.&#10; */&#10;&#10;package cabra;&#10;&#10;/**&#10; *&#10; * @author Neel&#10; */&#10;&#10;import javax.swing.*;&#10;//import javax.swing.event.*;&#10;import java.awt.*;&#10;//import java.awt.event.*;&#10;import java.util.ArrayList;&#10;&#10;public class NoteTabPane extends JTabbedPane{&#10;    //it's a tabbed pane inside the original tabbed pane. Go figure.&#10;    //each tab is its own note page&#10;    &#10;    private TabPane mainTabPane; //the main tab pane (&quot;Create card&quot;,&quot;Study&quot;,&quot;Notes&quot;)&#10;    private GUI gui; //used to handle input requests&#10;    private Controller controller; //for checking on note status&#10;    &#10;    public NoteTabPane(TabPane tabPane,GUI gui,Controller controller){&#10;        this.mainTabPane = tabPane;&#10;        this.gui = gui;&#10;        this.controller = controller;&#10;        &#10;        //make tabs scroll if there are too many so they don't spill over&#10;        setTabLayoutPolicy(JTabbedPane.SCROLL_TAB_LAYOUT);&#10;        &#10;        //create the tab pane... there's just one tab to start, but hey&#10;        createNoteTab();&#10;        &#10;        &#10;        /*addChangeListener(new ChangeListener(){&#10;            public void stateChanged(ChangeEvent e){&#10;                System.out.println(e);&#10;            }&#10;        });*/&#10;    }   &#10;    &#10;    public void createNoteTab(){&#10;        //make a new note tab&#10;       this.addTab(null,createNewNotePanel());&#10;       this.setTabComponentAt(getTabCount()-1, new NewNoteTab(this,gui)); //add the new note icon to the tab        &#10;    }&#10;    &#10;    private JPanel createNewNotePanel(){&#10;        return Utils.createAdvicePanel(&quot;&lt;html&gt;&lt;center&gt;Create a new note by clicking the &lt;b&gt;picture of the note&lt;/b&gt;&lt;br&gt;on the new note tab.&quot;);&#10;    }&#10;    &#10;    /** Deletes a certain note panel and its associated note&#10;     * &#10;     */&#10;    public void removeNotePanel(NotePanel notePanel){&#10;        //first set the previous tab as active&#10;        //get the index of the current tab&#10;        int currentIndex = indexOfTab(notePanel.getPanelName()); //find index of current tab&#10;        if(currentIndex == 0){&#10;            //it's the first tab, in which case set the next tab as active&#10;            setSelectedIndex(1); //either the next tab or the &quot;new tab&quot; tab&#10;        }&#10;        else{&#10;            //set the one to the left as active&#10;            setSelectedIndex(currentIndex - 1);&#10;        }&#10;        &#10;        //remove the panel&#10;        remove(notePanel);&#10;        //remove the note from the project&#10;        mainTabPane.removeNote(notePanel.getNote());&#10;    }&#10;    &#10;    /**Finds the note panel that has the associated note.&#10;     * &#10;     * @param note the note to find the associated panel of&#10;     * @return the notepanel&#10;     * @return null if there's no associated panel&#10;     */&#10;    private NotePanel findAssociatedPanel(Note note){&#10;        for(Component component : this.getComponents()){&#10;            //find the note panels&#10;            if(component instanceof NotePanel){&#10;                NotePanel panel = (NotePanel) component;&#10;                //check its note&#10;                if(panel.getNote().equals(note)){&#10;                    //got it&#10;                    return panel;&#10;                }&#10;            }&#10;        }&#10;        //didn't find anything&#10;        return null;&#10;    }&#10;    &#10;    /** Removes the tab with the given tab name&#10;     * &#10;     * @param tabName the name of the tab to delete&#10;     */&#10;    &#10;   // private void removeTabByName(String tabName){&#10;    //    &#10;    //}&#10;    &#10;    /** Empties the note panel and refills it with the current project's notes&#10;     * &#10;     */&#10;    public void refresh(){&#10;        //clear the tabs&#10;        removeAll();&#10;        &#10;        if(mainTabPane.getActiveProject() == null){&#10;            //the active project was deleted&#10;            dealWithNoActiveProject();&#10;            return;&#10;        }&#10;        &#10;        //load notes from the new active project&#10;        //first get the new notes&#10;        loadTabs(mainTabPane.getActiveProject().getNotes());                &#10;    &#10;&#10;    }&#10;    &#10;    /** Uses the given notes to fill up the tabs. Use this when loading tabs&#10;     * &#10;     * @param notes - the given notes&#10;     */&#10;    &#10;    private void loadTabs(ArrayList&lt;Note&gt; notes){&#10;        //create a tab for each note... the new tab one will be taken care of later&#10;&#10;        //add the new note panel to start&#10;        createNoteTab();   &#10;        &#10;        for(Note note : notes){&#10;            //create a note panel with that note and add it&#10;            NotePanel notePanel = new NotePanel(this,gui,controller,note);&#10;            addNoteTab(notePanel);&#10;        }&#10;        &#10;    }&#10;    &#10;    /** Call this when you've made a note panel but need to add it&#10;     * &#10;     * @param note the note to make a tab of&#10;     */&#10;    &#10;    private void addNoteTab(NotePanel notePanel){&#10;        //insert the tab&#10;        int insertHere = getTabCount() - 1;&#10;        this.insertTab(notePanel.getPanelName(), null, notePanel, &quot;&quot;, insertHere);&#10;        &#10;        //focus on the newly inserted tab&#10;        this.setSelectedIndex(insertHere);&#10;        &#10;        //tell the panel to focus on the text area of the new note panel&#10;        notePanel.focusOnTextPane();        &#10;    }&#10;    &#10;      &#10;    /** Creates a new note panel with the given name. Only use this when the new note button is pressed.&#10;     * &#10;     * @param panelName the name of the panel, also the name of the note associated with it&#10;     */&#10;    public void addNotePanel(String panelName){&#10;        //called by the NewNoteTab button when a new note should be made&#10;        //we're adding this tab at the second-to-last index (the last one is the New Note tab)&#10;        &#10;        //check for presence of notes with identical name to this one&#10;        for(Note note : controller.getActiveProject().getNotes()){&#10;            if(note.getName().equals(panelName)){&#10;                //there's already a note with the same name&#10;                //ask for confirmation &quot;do you want to delete the old one?&quot;&#10;                String ask = (&quot;&lt;html&gt;&lt;center&gt;A note named &lt;b&gt;&quot; + panelName + &quot;&lt;/b&gt; already exists.&lt;br&gt;Do you want to delete the old note and replace it with a blank one?&quot;);&#10;&#10;                /*Object[] options = new Object[] { &quot;Overwrite old note&quot;,&quot;Do nothing&quot; };&#10;                int choice = JOptionPane.showOptionDialog(&#10;                                gui.getFrame(),&#10;                                ask,&#10;                                &quot;Cabra Confirm&quot;,&#10;                                JOptionPane.YES_NO_OPTION,&#10;                                JOptionPane.PLAIN_MESSAGE,&#10;                                GUI.createImageIcon(&quot;goatconfirm.png&quot;),&#10;                                options,&#10;                                options[1]); //the default selection is no  */      &#10;                &#10;                if(gui.confirm(ask) == false){&#10;                    //the user decided not to overwrite the old note&#10;                    return;&#10;                }&#10;                else{&#10;                    //they said yes; delete the note of that name&#10;                    //first find the associated note panel&#10;                    try{&#10;                        NotePanel panel = findAssociatedPanel(note);&#10;                        //delete the panel and its note&#10;                        removeNotePanel(panel);&#10;                    } catch(java.util.ConcurrentModificationException c){&#10;                        //some sort of error&#10;                    } catch(NullPointerException n){&#10;                        //no associated note panel; do nothing&#10;                    }&#10;                }   &#10;            }&#10;        }&#10;        &#10;        //earn points for creating note&#10;        controller.gainPoints(PointEnums.Activity.CREATE_NOTE);&#10;        &#10;        Note newNote = new Note(panelName);&#10;        NotePanel notePanel = mainTabPane.addNote(newNote);&#10;        addNoteTab(notePanel);&#10;       &#10;    }&#10;    &#10;    public void saveNotes(){&#10;        mainTabPane.saveNotes();&#10;    }&#10;    &#10;    public void updateNotes(){&#10;        //tell each note panel to save itself&#10;        for(int i=0;i&lt;=this.getTabCount();i++){&#10;            Component component = this.getComponent(i);&#10;            //check if the component is a note tab pane&#10;            if(component instanceof NotePanel){&#10;                NotePanel notePanel = (NotePanel)component; //cast it to a note panel&#10;                notePanel.saveNotes();&#10;            }&#10;        }&#10;    }&#10;    &#10;    public void dealWithNoActiveProject(){&#10;        //there's no active project...&#10;        //that's OK, though, no tabs&#10;    }&#10;  &#10;}&#10;" Filename="NoteTabPane.java" Intrnl_Id="37"/>
<SrcFile Content="/*&#10; * To change this template, choose Tools | Templates&#10; * and open the template in the editor.&#10; */&#10;&#10;package cabra;&#10;&#10;/** &#10; *&#10; * @author Neel&#10; */&#10;&#10;import javax.swing.*;&#10;import javax.swing.text.*;&#10;import java.awt.*;&#10;import java.awt.event.*;&#10;&#10;/** A panel that lets you write down notes and look at them too&#10; * &#10; * &#10; */&#10;&#10;public class NotePanel extends JPanel{&#10;    &#10;    private NoteTabPane tabPane; //events here are handled there&#10;    private GUI gui; //used for confirm box use&#10;    private Controller controller;&#10;    private NoteTextPane textPane; //where you can put your text&#10;    private JToolBar toolbar; //toolbar with buttons for the textPane on it&#10;        private JMenu fontSizes; //for the font sizes dropping down&#10;        private JMenu fontFamilies; //sans-serif, serif, etc.&#10;        private JMenu fontColors; //red, blue, etc.&#10;    &#10;    private Note note; //each notePanel has its own note it takes care of&#10;    &#10;    /**Creates a new note panel to add to the note tab pane&#10;     * &#10;     * @param tabPane The tab pane that created this&#10;     * @param note The note this tab is associated with (create it earlier)&#10;     */&#10;    &#10;    public NotePanel(NoteTabPane noteTabPane,GUI gui,Controller controller,Note note){&#10;        this.tabPane = noteTabPane;&#10;        this.gui = gui;&#10;        this.controller = controller;&#10;        this.note = note;        &#10;        &#10;        textPane = new NoteTextPane(note.getDocument(),this);&#10;        JScrollPane scroller = new JScrollPane(textPane);&#10;        scroller.setHorizontalScrollBarPolicy(ScrollPaneConstants.HORIZONTAL_SCROLLBAR_NEVER);&#10;        scroller.setVerticalScrollBarPolicy(ScrollPaneConstants.VERTICAL_SCROLLBAR_ALWAYS);&#10;        &#10;        //set size of scroller&#10;        int width = NoteTextPane.PANE_WIDTH;&#10;        int height = NoteTextPane.PANE_HEIGHT;&#10;        scroller.setPreferredSize(new Dimension(width,height));&#10;        //scroller.setMaximumSize(new Dimension(width,height));        &#10;        &#10;        add(scroller);&#10;        &#10;        //note panel initialization&#10;        //JScrollPane scrollPane = new JScrollPane(textPane);&#10;        //scrollPane.setPreferredSize(new Dimension(200, 200));        &#10;        &#10;        //set text area's text to note's text&#10;        //textPane.setText(note.getText()); &#10;        &#10;        //before we add save/delete, add the toolbar&#10;        addToolbar();&#10;        &#10;       // //now add the textpane's buttons to this toolbar&#10;        //textPane.addUndoRedoButtons(this); &#10;        &#10;        &#10;        //add save/delete buttons&#10;        JButton save = new JButton(&quot;Save&quot;,GUI.createImageIcon(&quot;floppy.png&quot;));&#10;            save.addActionListener(new SaveListener());&#10;            add(save);&#10;        &#10;        JButton delete = new JButton(&quot;Delete&quot;,GUI.createImageIcon(&quot;trash.png&quot;));&#10;            delete.addActionListener(new DeleteListener());&#10;            add(delete);&#10;    }&#10;    &#10;    /* TOOLBAR STUFF */&#10;    &#10;    /** Creates the toolbar to go below the core note buttons&#10;     * &#10;    */&#10;    private void addToolbar(){&#10;        createStyleToolbar();&#10;        //fix it a little&#10;        toolbar.setFloatable(false); //can't be dragged&#10;        toolbar.setRollover(true); //shows box when moused over &#10;        toolbar.setBorderPainted(false);&#10;        //add it to the panel&#10;        add(toolbar);&#10;    }&#10;    &#10;   //Create and add the style/edit toolbar.&#10;    private void createStyleToolbar() {&#10;        toolbar = new JToolBar(&quot;Note Editor&quot;);    &#10;        &#10;        Action action;&#10;&#10;        action = new StyledEditorKit.BoldAction();&#10;        action.putValue(Action.NAME, &quot;Bold&quot;);&#10;        addToolbarButton(action,&quot;bold.png&quot;,&quot;Bold&quot;);&#10;        &#10;        action = new StyledEditorKit.ItalicAction();&#10;        action.putValue(Action.NAME, &quot;Italic&quot;);&#10;        addToolbarButton(action,&quot;italic.png&quot;,&quot;Italic&quot;);&#10;&#10;        action = new StyledEditorKit.UnderlineAction();&#10;        action.putValue(Action.NAME, &quot;Underline&quot;);&#10;        addToolbarButton(action,&quot;underline.png&quot;,&quot;Underline&quot;);&#10;        &#10;        toolbar.addSeparator();&#10;        &#10;        JMenuBar menuBar = new JMenuBar(); //the jmenus go on here&#10;        &#10;        fontFamilies = new JMenu(&quot;Font&quot;);&#10;        String randomFontName = FontManager.randomFontName();&#10;        addFontFamilyMenuItems(new String[]{&quot;Times New Roman&quot;,&quot;Times New Roman&quot;},&#10;                               new String[]{&quot;Arial&quot;,&quot;Arial&quot;},&#10;                               new String[]{&quot;Georgia&quot;,&quot;Georgia&quot;},&#10;                               new String[]{&quot;Calibri&quot;,&quot;Calibri&quot;},&#10;                               new String[]{&quot;Lao UI&quot;,&quot;Lao UI&quot;},&#10;                               new String[]{&quot;Courier New&quot;,&quot;Courier New&quot;},&#10;                               new String[]{&quot;Ubuntu&quot;,&quot;Ubuntu&quot;},&#10;                               new String[]{&quot;Geneva&quot;,&quot;Geneva&quot;},&#10;                               new String[]{randomFontName,randomFontName}&#10;                               );&#10;        menuBar.add(fontFamilies);&#10;        &#10;        fontSizes = new JMenu(&quot;Size&quot;);&#10;        addFontSizeMenuItems(12,14,16,18,20); //don't use the more restrictive FontManager.GOOD_FONT_SIZES&#10;        menuBar.add(fontSizes);&#10;        &#10;        fontColors = new JMenu(&quot;Color&quot;);&#10;        addColorMenuItems(  new Object[]{&quot;Black&quot;,Color.BLACK},&#10;                            new Object[]{&quot;Red&quot;,Color.RED},&#10;                            new Object[]{&quot;Green&quot;,ColorManager.createColor(&quot;009100&quot;)},&#10;                            new Object[]{&quot;Blue&quot;,Color.BLUE},&#10;                            new Object[]{&quot;Purple&quot;,ColorManager.createColor(&quot;B200FF&quot;)},&#10;                            new Object[]{&quot;Random&quot;,ColorManager.randomColor()} /* we don't want overly-light colors */&#10;                            );&#10;        //create menu item that requests a color&#10;        final JMenuItem chooseColor = new JMenuItem(&quot;Choose your own&quot;);&#10;        /*chooseColor.addActionListener(new ActionListener(){&#10;            public void actionPerformed(ActionEvent e){&#10;                &#10;            }&#10;        });*/&#10;        &#10;        menuBar.add(fontColors);&#10;        &#10;        //finally add the menu bar to the toolbar  &#10;        toolbar.add(menuBar);&#10;        &#10;        toolbar.addSeparator();&#10;        &#10;        //now that all the other components are on the toolbar, add the undo and redo buttons to the far right&#10;        textPane.addUndoRedoButtons(this); //creates redo/undo buttons and adds it to our toolbar     &#10;          &#10;        toolbar.addSeparator();          &#10;        &#10;        //image inserter&#10;        action = new InsertImageAction();&#10;        action.putValue(Action.NAME, &quot;Insert image&quot;);&#10;        addToolbarButton(action,&quot;insertimage.png&quot;,&quot;Insert an image&quot;);     &#10;    }&#10;    &#10;    /** Creates a menu item for each color and adds it to the fontColors menu.&#10;     * &#10;     * @param namesAndColors each Object[] contains the name of the color and the color itself, i.e. &quot;Red&quot;,Color.red&#10;     */&#10;    &#10;    private void addColorMenuItems(Object[]... namesAndColors){&#10;        for(Object[] nameAndColor : namesAndColors){&#10;            //unpack&#10;            String name = (String)nameAndColor[0];&#10;            Color color = (Color)nameAndColor[1];&#10;   &#10;            String html = &quot;&lt;html&gt;&lt;span style='color:\&quot;#&quot; + ColorManager.toHex(color) + &quot;\&quot;;'&gt;&quot; + name;&#10;            &#10;            //add the menu item&#10;            fontColors.add(new StyledEditorKit.ForegroundAction(html,color));&#10;        }&#10;    }&#10;    &#10;    /** Creates a menu item for each font family (if available) and adds it to the fontFamilies menu item&#10;     * &#10;     * @param fontNames the first one is the shown name, the second is the proper name&#10;     */&#10;    &#10;    private void addFontFamilyMenuItems(String[]... fontNames){&#10;        for(String[] names : fontNames){&#10;            //does the user have the font installed?&#10;            if(FontManager.hasFontName(names[1])){&#10;                //write the text in its own font &#10;                String html = &quot;&lt;html&gt;&lt;span style='font-family:\&quot;&quot; + names[1] + &quot;\&quot;;'&gt;&quot; + names[0]; //use proper name here&#10;                //create an action that uses the second and first one&#10;                fontFamilies.add(new StyledEditorKit.FontFamilyAction(html,names[1]));                &#10;            }&#10;        }&#10;        if(fontFamilies.getMenuComponents().length == 0){&#10;            //not a single font worked, so add sans-serif and serif&#10;            addFontFamilyMenuItems( new String[]{&quot;Serif&quot;,&quot;Serif&quot;},&#10;                                    new String[]{&quot;Sans-Serif&quot;,&quot;SansSerif&quot;}&#10;                                    );&#10;        }&#10;    }&#10;    &#10;    /** Creates a menu item for each font size and adds it to the fontSizes menu item.&#10;     * &#10;     * @param size a list of font sizes&#10;     */&#10;    &#10;    private void addFontSizeMenuItems(int... sizes){&#10;        for(int size : sizes){&#10;            //show size in the actual size (so &quot;18&quot; looks larger than &quot;12&quot;)&#10;            String html = &quot;&lt;html&gt;&lt;span style='font-size:&quot; + size + &quot;px;'&gt;&quot; + size;&#10;            fontSizes.add(new StyledEditorKit.FontSizeAction(html,size));&#10;        }&#10;    }&#10;    &#10;    /** Creates a JButton given the parameters and adds it to the toolbar. ActionListeners are built in.&#10;     * &#10;     * @param onClick the Action to be taken when the button is clicked&#10;     * @param imagePath the path to the image, i.e. &quot;save.png&quot;&#10;     * @param toolTip the text to be displayed while mousing over the button&#10;     * @return the created JButton that was added to toolbar&#10;     */&#10;       &#10;    public JButton addToolbarButton(Action onClick, String imagePath,String toolTip){&#10;        JButton button = new JButton(GUI.createImageIcon(imagePath)); //create the button&#10;        button.setToolTipText(toolTip); //add tool tip text&#10;        &#10;        //add given action listener&#10;        button.addActionListener(onClick);&#10;        //add a generic action listener that causes focus on the text pane&#10;        button.addActionListener(new ActionListener(){&#10;            public void actionPerformed(ActionEvent e){&#10;                //give focus to text pane&#10;                focusOnTextPane();&#10;            }&#10;        });&#10;        &#10;        //add to toolbar&#10;        toolbar.add(button);&#10;        return button;&#10;    }&#10;    &#10;    &#10;    &#10;    &#10;    /* MORE STUFF */&#10;    &#10;    public void focusOnTextPane(){&#10;        //actually this is irritating; don't do that&#10;        //focusOnTextPane();&#10;    }&#10;    &#10;    /** Updates this guy's note's text, and starts the save ball rolling&#10;     * &#10;     */&#10;    &#10;    public void saveNotes(){&#10;         //wait a bit&#10;          /*String newText = textPane.getText();&#10;          if(newText.equals(note.getText())){&#10;              //nothing changed, so why save?&#10;              return;&#10;          }&#10;          note.setText(newText); //update the note's text*/&#10;        StyledDocument document = (StyledDocument) textPane.getDocument();&#10;        note.setDocument(document);&#10;        tabPane.saveNotes();      &#10;    }&#10;    &#10;     /**&#10;     * &#10;     * @return the name of the note, which is the same as the name of this panel&#10;     */&#10;        public String getPanelName(){&#10;            return note.getName(); //this guy's title is the same as the note's&#10;        }&#10;        &#10;        public Note getNote() { return note; }&#10;        &#10;    @Override&#10;        public boolean equals(Object aNotePanel){&#10;            if(aNotePanel == null || aNotePanel instanceof NotePanel == false) return false;&#10;            NotePanel notePanel = (NotePanel) aNotePanel;&#10;            return this.note.equals(notePanel.note); //check for note equality&#10;        }&#10;&#10;    @Override&#10;    public int hashCode() {&#10;        int hash = 7;&#10;        hash = 61 * hash + (this.note != null ? this.note.hashCode() : 0);&#10;        return hash;&#10;    }&#10;        &#10;     //CONFIRM BOX STUFF&#10;    &#10;    public void delete(){&#10;        //ask for confirmation&#10;        boolean shouldDelete = gui.confirm(&quot;&lt;html&gt;&lt;center&gt;Are you sure you want to delete &lt;b&gt;&quot; + note.getName() + &quot;&lt;/b&gt;?&quot;);&#10;        if(shouldDelete){&#10;            tabPane.removeNotePanel(this); //does it all&#10;        }&#10;    }&#10;    &#10;    class InsertImageAction extends AbstractAction{&#10;&#10;        public void actionPerformed(ActionEvent e) {&#10;            //get an image&#10;            java.io.File pictureFile = gui.requestImageFile();&#10;            if(pictureFile != null){&#10;                ImageIcon picture = GUI.createImageIconFromFullPath(pictureFile.getAbsolutePath()); &#10;                //move image to project&#10;                //this also lets us get a permanent link to the image (when it's floating out on the host machine, it could move)&#10;                //java.io.File newFile = controller.getActiveProject().movePictureFile(pictureFile);&#10;                //ImageIcon newPicture = GUI.createImageIconFromFullPath(newFile.getAbsolutePath()); &#10;                //finally add the picture&#10;                textPane.insertImageIcon(picture); &#10;            }&#10;        }&#10;        &#10;    }&#10;        &#10;     class SaveListener implements ActionListener{&#10;            public void actionPerformed(ActionEvent e){&#10;                 saveNotes();&#10;                 //focus the text pane to alert user that saving was successful&#10;                 textPane.requestFocus();&#10;            }&#10;        }&#10;     &#10;     class DeleteListener implements ActionListener{&#10;         public void actionPerformed(ActionEvent e){&#10;             delete();&#10;         }&#10;     }&#10;}&#10;" Filename="NotePanel.java" Intrnl_Id="38"/>
<SrcFile Content="/*&#10; * To change this template, choose Tools | Templates&#10; * and open the template in the editor.&#10; */&#10;&#10;package cabra;&#10;&#10;import java.io.*;&#10;import javax.swing.text.*;&#10;&#10;/** A note is a document of sorts where you can jot down notes and such&#10; *&#10; * @author Neel&#10; */&#10;public class Note extends Object implements Serializable{&#10;    &#10;    //static final long serialVersionUID = 836684734869324501L; //used to ensure backwards compatibility&#10;    public static final String EXTENSION = &quot;cnote&quot;;&#10;    &#10;    //private String document; //all the document in a note is stored here&#10;    private StyledDocument document; //the rtf-fortmatted document of the note&#10;    private String name; //the name of the note, like &quot;Michelangelo Lecture&quot;&#10;    &#10;    public Note(String name){&#10;        this.name = name;&#10;        &#10;        this.document = new DefaultStyledDocument();&#10;    }&#10;    &#10;    public Note(StyledDocument document,String name){&#10;        //called when you know what you want the document to be&#10;        this(name); //in case something needs to be done&#10;        this.document = document;&#10;    }&#10;    &#10;    /** Returns the name of this note, i.e. &quot;Michelangelo Lecture&quot;&#10;     * &#10;     * @return &#10;     */&#10;    public String getName() { return name; }&#10;    &#10;    /*public void rename(String newName){&#10;        this.name = newName;&#10;    }*/&#10;    &#10;    /** Returns the contents of this note, i.e. &quot;Four score and seven years ago...&quot;&#10;     * &#10;     * @return &#10;     */&#10;    public StyledDocument getDocument() { return document; }&#10;    &#10;    public void setDocument(StyledDocument document){&#10;        this.document = document;&#10;    }&#10;    &#10;    /** Determines whether or not this note's document matches the given string&#10;     * &#10;     * @param string the document you want to test&#10;     * @return true if the document matches, false if not&#10;     */&#10;    &#10;    public boolean documentEquals(StyledDocument doc){&#10;        return document.equals(doc);&#10;    }&#10;    &#10;    @Override&#10;            public boolean equals(Object aNote){&#10;                if(aNote == null) return false;&#10;                if(aNote instanceof Note == false) return false;&#10;                Note note = (Note)aNote;&#10;                return this.name.equals(note.name); //base equality off of note name&#10;            }&#10;&#10;    @Override&#10;    public int hashCode() {&#10;        int hash = 3;&#10;        hash = 89 * hash + (this.name != null ? this.name.hashCode() : 0);&#10;        return hash;&#10;    }&#10;}&#10;" Filename="Note.java" Intrnl_Id="39"/>
<SrcFile Content="/*&#10; * To change this template, choose Tools | Templates&#10; * and open the template in the editor.&#10; */&#10;&#10;package cabra;&#10;&#10;/**&#10; *&#10; * @author Neel&#10; */&#10;&#10;import javax.swing.*;&#10;//import java.awt.*;&#10;import java.awt.event.*;&#10;&#10;public class NewNoteTab extends JLabel{&#10;    //this goes on the &quot;New Note&quot; tab&#10;    //contains a button that lets you make a new tab&#10;    //when new note is clicked we ask for the name of the new note tab&#10;   &#10;    private NoteTabPane tabPane; //when the new tab button is clicked, fire an event here&#10;    private GUI gui; //used to call askForUserInput&#10;    &#10;    public NewNoteTab(NoteTabPane tabPane,GUI gui){&#10;        this.tabPane = tabPane;&#10;        this.gui = gui;&#10;        &#10;        this.setIcon(GUI.createImageIcon(&quot;note-add.png&quot;)); &#10;        //so all you see on this tab is the new icon&#10;        this.setToolTipText(&quot;Create a new note&quot;);&#10;        &#10;        //when this actual thing is clicked, a new tab is made&#10;        addMouseListener(new clickListener());&#10;        &#10;       // newTabButton = new JButton(null,GUI.createImageIcon(&quot;new.png&quot;));&#10;       // add(newTabButton);&#10;    }&#10;    // extend mouseAdapter to get click info &#10;    &#10;    class clickListener extends MouseAdapter{&#10;        @Override&#10;                public void mouseClicked(MouseEvent e){&#10;                    //they clicked on the new note icon&#10;                    String noteName = gui.getUserInput(&quot;Name of note:&quot;, true);&#10;                    if(noteName == null)&#10;                        return; //that means they hit cancel&#10;                    tabPane.addNotePanel(noteName);                    &#10;&#10;                }&#10;    }&#10;}&#10;" Filename="NewNoteTab.java" Intrnl_Id="40"/>
<SrcFile Content="/*&#10; * To change this template, choose Tools | Templates&#10; * and open the template in the editor.&#10; */&#10;&#10;package cabra;&#10;&#10;/**&#10; *&#10; * @author Neel&#10; */&#10;&#10;public class Main extends Object implements Runnable{&#10;    &#10;    //for thread safety, we're using invoke later on main&#10;    &#10;    public void run() {&#10;        &#10;        GUI.setNimbusLookAndFeel();&#10;        &#10;        //creating controller does everything&#10;        Controller cont = new Controller();&#10;        &#10;        //build about dialog in the background so there's no delay when the user loads it&#10;        javax.swing.SwingUtilities.invokeLater(new Runnable(){&#10;            public void run(){&#10;                About.buildDialogPanel();&#10;            }&#10;        });       &#10;    }&#10;    &#10;    public static void main(String[] args){&#10;        javax.swing.SwingUtilities.invokeLater(new Main());&#10;    }&#10;}&#10;" Filename="Main.java" Intrnl_Id="41"/>
<SrcFile Content="/*&#10; * To change this template, choose Tools | Templates&#10; * and open the template in the editor.&#10; */&#10;package cabra;&#10;&#10;import javax.swing.*;&#10;import java.awt.*;&#10;import javax.swing.table.*;&#10;import static cabra.KnowPanel.Choices;&#10;&#10;    /**Shows stats on the previous session.&#10;     *&#10;     */&#10;public class LastSessionPanel extends JPanel{  &#10;    &#10;    public static final int MY_WIDTH = 300;&#10;    public static final int MY_HEIGHT =200;&#10;    &#10;    private Session lastSession;&#10;&#10;    public LastSessionPanel(Session lastSession){&#10;        this.lastSession = lastSession;&#10;&#10;        setLayout(new BoxLayout(this,BoxLayout.Y_AXIS));&#10;        createPanel();&#10;        //setPreferredSize(new java.awt.Dimension(MY_WIDTH,MY_HEIGHT));&#10;    }&#10;&#10;    private void createPanel(){&#10;        //get the session's data and unpack it&#10;        int[] data = lastSession.getCardStats();&#10;        int learned = data[0];&#10;        int notLearned = data[1];&#10;        int sortOf = data[2];&#10;        int skipped = data[3];&#10;        int total = Utils.arraySum(data);&#10;&#10;        JTable stats = createResultTable();&#10;        JScrollPane scroller = new JScrollPane(stats);&#10;        scroller.setPreferredSize(new Dimension(MY_WIDTH - 10, 128));&#10;        add(scroller);&#10;&#10;        //this bar graph gives a visual representation of how they did&#10;        StackedBarGraph graph = new StackedBarGraph(Choices.YES.getColor(),&#10;                                                    Choices.NO.getColor(),&#10;                                                    Choices.SORT_OF.getColor(),&#10;                                                    Choices.SKIPPED.getColor());&#10;        graph.setValues(learned,notLearned,sortOf,skipped,total);&#10;        add(graph);&#10;&#10;        setBorder(BorderFactory.createLineBorder(Color.black));&#10;    }&#10;    &#10;    /** Makes some text for the results (you knew x cards).&#10;     * &#10;     * @param number the number of cards you knew/didn't know/whatever&#10;     * @param total the total number of cards in the deck&#10;     * @param verb what to say (knew, didn't know, etc)&#10;     * @return the text to add to the panel&#10;     */&#10;    private static String makeResultText(int number, int total, String verb){&#10;        //return verb + &quot;: &quot; + number + &quot; cards (&quot; + Utils.toPercent(number,total) + &quot;)&lt;br&gt;&quot;;&#10;        return &quot;&lt;li&gt;You &quot; + verb + &quot; &lt;b&gt;&quot; + number + &quot;&lt;/b&gt; flashcards (&lt;b&gt;&quot;&#10;                + Utils.toPercent(number,total) + &quot;&lt;/b&gt;.)&quot;;&#10;    }&#10;&#10;    /**&#10;     * Creates a JTable where the user sees how many cards were right, wrong, etc.&#10;     * @return a JTable&#10;     */&#10;    private JTable createResultTable(){&#10;        JTable table;&#10;        &#10;        String[] columnNames = {&#10;            &quot;Result&quot;,&#10;            &quot;# cards&quot;,&#10;            &quot;Percent&quot;&#10;        };&#10;        &#10;        final int numResults = Choices.values().length;&#10;        int[] results = lastSession.getCardStats();&#10;        int total = Utils.arraySum(results);        &#10;        &#10;        //lookup &quot;table&quot; corresponding to results array&#10;        String[] statDescriptions = {&#10;            &quot;You knew&quot;,&#10;            &quot;You didn't know&quot;,&#10;            &quot;You sort of knew&quot;,&#10;            &quot;You skipped&quot;&#10;        };&#10;        &#10;        Object[][] data = new Object[numResults + 1][columnNames.length]; //total row as well&#10;        for(int i=0; i&lt;results.length; i++){&#10;            //the row contains information from the results array of the same index&#10;            Object[] row = new Object[]{&#10;                statDescriptions[i],&#10;                results[i],&#10;                Utils.toPercent(results[i], total)&#10;            };&#10;            data[i] = row;&#10;        }&#10;        &#10;        //last row is total row&#10;        data[numResults] = new Object[]{&#10;            &quot;&lt;html&gt;&lt;b&gt;Total&quot;,&#10;            &quot;&lt;html&gt;&lt;b&gt;&quot; + total,&#10;            &quot;&quot;&#10;        };&#10;        &#10;        table = new JTable(data, columnNames){&#10;            //make table read-only&#10;            @Override&#10;              public boolean isCellEditable(int row, int column){&#10;                return false;&#10;              }&#10;            };&#10;        table.setDefaultRenderer(Object.class, new RowColorer());&#10;        &#10;        //specialize width of column&#10;        javax.swing.table.TableColumn column = null;&#10;        for (int i = 0; i &lt; columnNames.length; i++) {&#10;            column = table.getColumnModel().getColumn(i);&#10;            switch(i){&#10;                case 0:&#10;                    column.setPreferredWidth(120);&#10;                    break;&#10;                case 1:&#10;                    column.setPreferredWidth(83);&#10;                    break;&#10;                case 2:&#10;                    column.setPreferredWidth(80);&#10;                    break;&#10;            }&#10;        }&#10;        &#10;        table.setRowHeight(20);&#10;        table.setAutoResizeMode(JTable.AUTO_RESIZE_OFF);&#10;        table.setFillsViewportHeight(true);&#10;        return table;&#10;    }    &#10;    &#10;    private class RowColorer extends DefaultTableCellRenderer{&#10;        @Override&#10;        public Component getTableCellRendererComponent(JTable table, Object value, boolean isSelected, boolean hasFocus, int row, int column){&#10;            Component comp = super.getTableCellRendererComponent(table, value, isSelected, hasFocus, row, column);&#10;            &#10;            //prevent text from becoming white on click&#10;            comp.setForeground(Color.black);&#10;            &#10;            //set background color&#10;            Color color = null;&#10;            switch(row){&#10;                case 0:&#10;                    //knew&#10;                    color = Choices.YES.getColor();&#10;                    break;&#10;                case 1:&#10;                    //did not know&#10;                    color = Choices.NO.getColor();&#10;                    break;&#10;                case 2:&#10;                    //sort of knew&#10;                    color = Choices.SORT_OF.getColor();&#10;                    break;&#10;                case 3:&#10;                    //skipped&#10;                    color = Choices.SKIPPED.getColor();&#10;                    break;&#10;                case 4:&#10;                    //total&#10;                    color = Color.WHITE;&#10;                    break;&#10;            }&#10;            final int opacity = 64;&#10;            color = ColorManager.translucent(color, opacity);&#10;            comp.setBackground(color);&#10;            &#10;            return comp;&#10;        }&#10;    }&#10;    &#10;    /** A panel with a stacked bar graph that shows the amounts of cards that had each status.&#10;     * &#10;     */&#10;    public static class StackedBarGraph extends JPanel{&#10;&#10;        /** The 4 colors used in the bars&#10;         * &#10;         */&#10;        private Color[] colors;&#10;        private static int NUM_COLORS;&#10;&#10;        /** The percentages taken up by each bar bit.&#10;         * &#10;         */&#10;        private int[] values;&#10;&#10;        public StackedBarGraph(Color learned,Color notLearned,Color sortOf, Color skipped){&#10;            this.colors = new Color[] {learned,notLearned,sortOf,skipped};&#10;            this.NUM_COLORS = colors.length;&#10;            //setPreferredSize();&#10;        }&#10;&#10;        /** Takes some raw data and sets the values with that.&#10;         * &#10;         * @param learned&#10;         * @param notLearned&#10;         * @param sortOf&#10;         * @param skipped&#10;         * @param total the total number of cards&#10;         */&#10;        public void setValues(int learned, int notLearned, int sortOf, int skipped, int total){&#10;            this.values = new int[] {&#10;                Utils.percent(learned,total), &#10;                Utils.percent(notLearned,total),&#10;                Utils.percent(sortOf,total),&#10;                Utils.percent(skipped,total)&#10;            };&#10;        }&#10;&#10;        @Override&#10;        public void paintComponent(java.awt.Graphics g){&#10;            super.paintComponent(g);&#10;&#10;            int beginHere = 0; //pixels to start painting from, from the top left (horizontally)&#10;            //draw each bit of the bar&#10;            //3 is the number of values/colors&#10;            for(int i=0;i&lt;NUM_COLORS;i++){&#10;                g.setColor(colors[i]);&#10;                //using the value (a percent), draw some of the bar&#10;                int pixelsToDraw = (int)((values[i] / 100.0) * this.getWidth()); //the total width to draw&#10;                if((i == NUM_COLORS - 1 &amp;&amp; values[i] &gt; 0) || &#10;                   (i == NUM_COLORS - 2 &amp;&amp; values[i] &gt; 0 &amp;&amp; values[i+1] == 0) ||&#10;                   (i == NUM_COLORS - 3 &amp;&amp; values[i] &gt; 0 &amp;&amp; values[i+1] == 0 &amp;&amp; values[i+2] == 0)){&#10;                    //make sure we fill all the way, since this is the last bar&#10;                    pixelsToDraw = this.getWidth();&#10;                }&#10;&#10;                g.fillRect(beginHere,0,pixelsToDraw,this.getHeight());&#10;&#10;                beginHere += pixelsToDraw; //so now you start at the end of where we left off&#10;            }&#10;        }&#10;    }&#10;}" Filename="LastSessionPanel.java" Intrnl_Id="42"/>
<SrcFile Content="/*&#10; * To change this template, choose Tools | Templates&#10; * and open the template in the editor.&#10; */&#10;&#10;package cabra;&#10;&#10;import javax.swing.*;&#10;import java.awt.event.*;&#10;import java.awt.Color;&#10;import java.awt.Dimension;&#10;&#10;/** Where you ask the user if they knew the card. Contains some text and buttons.&#10; *&#10; * @author Neel&#10; */&#10;public class KnowPanel extends JPanel {&#10;&#10;    private StudyPanel studyPanel;&#10;    &#10;    private static final String didYouKnowText = &quot;Did you know this?&quot;;&#10;    &#10;    public enum Choices{&#10;        YES(&quot;00FF00&quot;),&#10;        NO(&quot;FF0000&quot;),&#10;        SORT_OF(&quot;FFDB2B&quot;),&#10;        SKIPPED(&quot;0094FF&quot;),&#10;        ;&#10;        &#10;        private Color color;&#10;        &#10;        public Color getColor(){&#10;            return color;&#10;        }&#10;        &#10;        Choices(Color color){&#10;            this.color = color;&#10;        }&#10;        &#10;        Choices(String hexCode){&#10;            this(ColorManager.createColor(hexCode));&#10;        }&#10;    }&#10;    &#10;    public KnowPanel(StudyPanel studyPanel){&#10;        this.studyPanel = studyPanel;&#10;        &#10;        setAlignmentX(java.awt.Component.CENTER_ALIGNMENT);&#10;        &#10;        JLabel label = new JLabel(didYouKnowText);&#10;        &#10;        //create buttons&#10;        /*JButton yes = new JButton(GUI.createImageIcon(&quot;check.png&quot;));&#10;            yes.setToolTipText(&quot;Yes&quot;);&#10;            //yes.setMnemonic(java.awt.event.KeyEvent.VK_Y);&#10;            yes.addActionListener(new ButtonListener(Choices.YES));&#10;        JButton no = new JButton(GUI.createImageIcon(&quot;x.png&quot;));&#10;            no.setToolTipText(&quot;No&quot;);&#10;            //no.setMnemonic(java.awt.event.KeyEvent.VK_N);&#10;            no.addActionListener(new ButtonListener(Choices.NO));&#10;        JButton sortof = new JButton(GUI.createImageIcon(&quot;neutral.png&quot;));&#10;            sortof.setToolTipText(&quot;Sort of&quot;);&#10;            //sortof.setMnemonic(java.awt.event.KeyEvent.VK_N);&#10;            sortof.addActionListener(new ButtonListener(Choices.SORT_OF));   */         &#10;        //add(label);&#10;        add(createButton(Choices.YES,       &quot;Got it&quot;,   &quot;check.png&quot;,    &quot;I knew the answer&quot;));&#10;        add(createButton(Choices.SORT_OF,   &quot;Sort of&quot;,  &quot;neutral.png&quot;,  &quot;I sort of knew the answer&quot;));&#10;        add(createButton(Choices.NO,        &quot;Nope&quot;,     &quot;x.png&quot;,        &quot;I didn't know the answer&quot;));&#10;    }&#10;    &#10;    /**&#10;     * Creates and returns a button that is &quot;yes&quot;, &quot;no&quot;, or &quot;sort of.&quot;&#10;     * @param choice    the choice that the button represents (yes, no, sort of)&#10;     * @param toolTip   the tool tip text for the button, usually same as choice&#10;     * @param imagePath the path to the image used on the button&#10;     * @return  the button&#10;     */&#10;    private JButton createButton(Choices choice, String buttonText,String imagePath, String toolTip){&#10;        JButton button = new JButton(buttonText, GUI.createImageIcon(imagePath));&#10;        button.setToolTipText(toolTip);&#10;        button.addActionListener(new ButtonListener(choice));&#10;        button.setPreferredSize(new Dimension(104, 36));&#10;        return button;&#10;    }&#10;    &#10;    private class ButtonListener implements ActionListener{&#10;        &#10;        private KnowPanel.Choices choice; //Choices.YES if it's the yes button, Choices.NO if it's no&#10;        &#10;        public ButtonListener(KnowPanel.Choices choice){&#10;            this.choice = choice;&#10;        }&#10;        &#10;        public void actionPerformed(ActionEvent e) {&#10;            //alert the study panel that one of the buttons was clicked&#10;            studyPanel.userDecided(choice);&#10;        }   &#10;    }&#10;&#10;}&#10;" Filename="KnowPanel.java" Intrnl_Id="43"/>
<SrcFile Content="package cabra;&#10;&#10;import javax.swing.*;&#10;import java.awt.*;&#10;import java.io.*;&#10;import java.beans.*;&#10;import javax.swing.filechooser.*;&#10;&#10;/** A bunch of utility input-requesting methods.&#10; *&#10; * @author Neel&#10; */&#10;public abstract class InputManager {&#10;    &#10;    private InputManager(){} //can't be instantiated&#10;    &#10;    public static File requestZipFile(JFrame frame,String title){&#10;         JFileChooser fileChooser = new JFileChooser();&#10;            fileChooser.setDialogTitle(title);&#10;                //this filter only lets zip files be chosen&#10;                FileNameExtensionFilter filter = new FileNameExtensionFilter(&#10;                    &quot;Cabra projects (*.&quot; + Zipper.EXTENSION + &quot;)&quot;, Zipper.EXTENSION);&#10;                fileChooser.setFileFilter(filter);&#10;                fileChooser.setAcceptAllFileFilterUsed(false); //disable All Files filter&#10;                FileView view = new FileView(){&#10;                    @Override&#10;                    public Icon getIcon(File file) {&#10;                        //show a special picture for zipped cabra projects&#10;                        Icon icon = null;&#10;                        &#10;                        String extension = Utils.getExtension(file);&#10;                        if(extension != null &amp;&amp; extension.equals(Zipper.EXTENSION)){&#10;                            //it's the one&#10;                            icon = GUI.createImageIcon(&quot;goatfile.png&quot;);&#10;                        }&#10;                        return icon;&#10;                    }                 &#10;                };&#10;                fileChooser.setFileView(view);                &#10;         int returnVal = fileChooser.showOpenDialog(frame);&#10;         if(returnVal == JFileChooser.APPROVE_OPTION) {&#10;            //so the user has selected a zipped file          &#10;            String path = fileChooser.getSelectedFile().getAbsolutePath();&#10;            if(Utils.endsWith(path,Zipper.EXTENSION)){&#10;                return new File(path);&#10;            }&#10;            else{&#10;                //bad file, request another&#10;                return requestZipFile(frame,title);&#10;            }&#10;         }     &#10;         else{&#10;             //the user declined, so return null&#10;             return null;&#10;         }       &#10;    }&#10;    &#10;    /**&#10;     * Asks the user to choose a folder.&#10;     * @param frame the file chooser's parent frame&#10;     * @param title the title for the dialog&#10;     * @return the file (folder) if the user chose one, null if they canceled&#10;     */&#10;    public static File requestFolder(JFrame frame,String title){&#10;         JFileChooser fileChooser = new JFileChooser();&#10;        fileChooser.setDialogTitle(title);&#10;        fileChooser.setFileSelectionMode(JFileChooser.DIRECTORIES_ONLY); //you can only select folders&#10;        &#10;         int returnVal = fileChooser.showDialog(frame, &quot;Select&quot;);&#10;         if(returnVal == JFileChooser.APPROVE_OPTION) {&#10;            //so the user selected something          &#10;            String path = fileChooser.getSelectedFile().getAbsolutePath();&#10;            File file = new File(path);&#10;            return file;&#10;         }     &#10;         else{&#10;             //the user declined, so return null&#10;             return null;&#10;         }     &#10;    }&#10;&#10;    public static File requestImageFile(JFrame frame){&#10;         JFileChooser fileChooser = new JFileChooser();&#10;            fileChooser.setDialogTitle(&quot;Choose an image to attach:&quot;); &#10;                //this filter only lets certain images be chosen&#10;                FileNameExtensionFilter filter = new FileNameExtensionFilter(&#10;                    &quot;Images (*.png, *.gif, *.jpg, *.jpeg)&quot;, &quot;png&quot;, &quot;jpg&quot;, &quot;jpeg&quot;, &quot;gif&quot;);&#10;                fileChooser.setFileFilter(filter);&#10;                fileChooser.setAcceptAllFileFilterUsed(false); //disable All Files filter&#10;                &#10;                FileView view = new FileView(){&#10;                    @Override&#10;                    public Icon getIcon(File file) {&#10;                        //show a special picture for usable pictures&#10;                        Icon icon = null;&#10;                        &#10;                        String extension = Utils.getExtension(file);&#10;                        if(extension != null &amp;&amp; &#10;                                (extension.equals(&quot;png&quot;)&#10;                                ||extension.equals(&quot;jpg&quot;)&#10;                                ||extension.equals(&quot;jpeg&quot;)&#10;                                ||extension.equals(&quot;gif&quot;)&#10;                                )){&#10;                            //it's the one&#10;                            icon = GUI.createImageIcon(&quot;pics.png&quot;);&#10;                        }&#10;                        return icon;&#10;                    }                 &#10;                };           &#10;                fileChooser.setFileView(view);&#10;                &#10;                fileChooser.setAccessory(new Previewer(fileChooser));&#10;         int returnVal = fileChooser.showDialog(frame,&quot;Attach&quot;);&#10;         if(returnVal == JFileChooser.APPROVE_OPTION) {&#10;            //so the user has selected a picture             &#10;            String path = fileChooser.getSelectedFile().getAbsolutePath();&#10;            if(Utils.endsWith(path,&quot;.gif&quot;,&quot;.png&quot;,&quot;.jpg&quot;,&quot;.jpeg&quot;)){&#10;                return new File(path);&#10;            }&#10;            else{&#10;                //bad file, request another&#10;                return requestImageFile(frame);&#10;            }&#10;         }     &#10;         else{&#10;             //the user declined, so return null&#10;             return null;&#10;         }&#10;    }&#10;    &#10;    static class Previewer extends JComponent implements PropertyChangeListener {&#10;        ImageIcon thumbnail = null;&#10;        File file = null;&#10;&#10;        public Previewer(JFileChooser fileChooser) {&#10;            setPreferredSize(new Dimension(100, 50));&#10;            fileChooser.addPropertyChangeListener(this);&#10;        }&#10;&#10;        public void loadImage() {&#10;            if (file == null) {&#10;                thumbnail = null;&#10;                return;&#10;            }&#10;&#10;            ImageIcon tmpIcon = new ImageIcon(file.getPath());&#10;            if (tmpIcon != null) {&#10;                try{&#10;                    thumbnail = ImageManager.scaleImage(tmpIcon,100,100);&#10;                }&#10;                catch(IllegalArgumentException e){&#10;                    //width and height of image are -1&#10;                    thumbnail = null;&#10;                    return;&#10;                }&#10;            }&#10;        }&#10;&#10;        public void propertyChange(PropertyChangeEvent e) {&#10;            boolean update = false;&#10;            String prop = e.getPropertyName();&#10;&#10;            //If the directory changed, don't show an image.&#10;            if (JFileChooser.DIRECTORY_CHANGED_PROPERTY.equals(prop)) {&#10;                file = null;&#10;                update = true;&#10;&#10;            //If a file became selected, find out which one.&#10;            } else if (JFileChooser.SELECTED_FILE_CHANGED_PROPERTY.equals(prop)) {&#10;                file = (File) e.getNewValue();&#10;                update = true;&#10;            }&#10;&#10;            //Update the preview accordingly.&#10;            if (update) {&#10;                thumbnail = null;&#10;                if (isShowing()) {&#10;                    loadImage();&#10;                    repaint();&#10;                }&#10;            }&#10;        }&#10;&#10;        @Override&#10;        protected void paintComponent(Graphics g) {&#10;            if (thumbnail == null) {&#10;                loadImage();&#10;            }&#10;            if (thumbnail != null) {&#10;                //offset it&#10;                int width = thumbnail.getIconWidth();&#10;                int height = thumbnail.getIconHeight();&#10;&#10;                //get offsets in order to center picture&#10;                int verticalOffset = (getHeight() - height) / 2;&#10;                int horizontalOffset = (getWidth() - width) / 2;&#10;              &#10;                thumbnail.paintIcon(this, g, horizontalOffset, verticalOffset);&#10;            }&#10;        }&#10;    }      &#10;    &#10;    public static ImageIcon requestImage(JFrame frame){&#10;        File file = requestImageFile(frame);&#10;        if(file == null) return null;&#10;        return GUI.createImageIconFromFullPath(file.getAbsolutePath());&#10;    }&#10;&#10;&#10;    &#10;    /**Asks the user to select a project and returns it.&#10;     * &#10;     * @param whatToSay what to ask the user&#10;     * @param projects an array of all projects&#10;     * @param frame the frame&#10;     * @return the chosen project&#10;     */&#10;    public static Project getProject(String whatToSay,Project[] projects,JFrame frame){&#10;        Project project = (Project)JOptionPane.showInputDialog(&#10;                            frame,&#10;                            whatToSay,&#10;                            &quot;Cabra Input&quot;,&#10;                            JOptionPane.PLAIN_MESSAGE,&#10;                            GUI.createImageIcon(&quot;goatinput.png&quot;),&#10;                            projects,&#10;                            projects[0]);  &#10;        return project;&#10;    }&#10;    &#10;    public static String getUserInput(String whatToAskFor, String defaultText, boolean isCancelOK,JFrame frame){&#10;        //InputDialog inputDialog = new InputDialog(frame,whatToAskFor);&#10;        //System.out.println(inputDialog.getInput());&#10;        //return null;&#10;        &#10;        String input = &quot;&quot;; &#10;        //Object[] options = {GUI.createImageIcon(&quot;check_ok.png&quot;), GUI.createImageIcon(&quot;cancel_cancel.png&quot;)};&#10;            //button options&#10;        &#10;        while(true){&#10;            //keep asking for input as long as what they said was either none or invalid&#10;           &#10;            input = (String)JOptionPane.showInputDialog(&#10;                        frame,&#10;                        whatToAskFor,&#10;                        &quot;Cabra Input&quot;,&#10;                        JOptionPane.PLAIN_MESSAGE,&#10;                        GUI.createImageIcon(&quot;goatinput.png&quot;),&#10;                        null,&#10;                        defaultText);&#10;            &#10;            if(input == null &amp;&amp; isCancelOK)&#10;                return null; //the user hit cancel. if canceling is ok, return null&#10;            &#10;            if(input == null || input.equals(&quot;&quot;))&#10;                continue; //they tried to cancel&#10;            &#10;            input = Sanitizer.sanitize(input); //remove illegal characters&#10;            if(input.equals(&quot;&quot;))&#10;                continue; //it's made up of only invalid characters&#10;            break;&#10;        }&#10;        return input;        &#10;    }&#10;    &#10;    public static boolean confirm(String whatToAsk,JFrame frame){&#10;        //Custom buttons&#10;        Object[] options = new Object[] { &quot;Yes&quot;,&quot;No&quot; };&#10;        //Object[] options = new Object[] { GUI.createImageIcon(&quot;check_yes.png&quot;), GUI.createImageIcon(&quot;cancel_no.png&quot;) };&#10;            //the checkyes and cancelno have the words built in&#10;        //Object[] options = new Object[] { new JButton(&quot;Yes&quot;,GUI.createImageIcon(&quot;check.png&quot;)),new JButton(&quot;No&quot;,GUI.createImageIcon(&quot;cancel.png&quot;)) };&#10;            //the flaw with this is that nothing happens when the buttons are clicked&#10;        int choice = JOptionPane.showOptionDialog(frame,&#10;            whatToAsk,&#10;            &quot;Cabra Confirm&quot;,&#10;            JOptionPane.YES_NO_OPTION,&#10;            JOptionPane.PLAIN_MESSAGE,&#10;            GUI.createImageIcon(&quot;goatconfirm.png&quot;),&#10;            options,&#10;            options[1]); //the default selection is no&#10;        return choice == JOptionPane.YES_OPTION;        &#10;    }&#10;    &#10;    /** Asks the user to choose a color.&#10;     * &#10;     * @param frame the gui's frame&#10;     * @return the chosen color, or null if nothing is chosen&#10;     */&#10;    /*public static Color getColor(JFrame frame){&#10;        Color color = JColorChooser.showDialog(frame, &quot;Choose a color&quot;, Color.black);&#10;        return color;&#10;    }*/&#10;}&#10;" Filename="InputManager.java" Intrnl_Id="44"/>
<SrcFile Content="/*&#10; * To change this template, choose Tools | Templates&#10; * and open the template in the editor.&#10; */&#10;package cabra;&#10;&#10;//import javax.swing.*;&#10;import java.io.*;&#10;import java.util.ArrayList;&#10;&#10;/** For importing/exporting projects.&#10; *&#10; * @author Neel&#10; */&#10;public class ImportExport extends Object{&#10;    &#10;    private ImportExport(){}&#10;    &#10;    /** Exports a project. Call this if you DON'T know which project you want to export - the user will be prompted to choose one.&#10;     * &#10;     * @param controller the controller&#10;     * @param gui the gui&#10;     */&#10;    public static void export(Controller controller, GUI gui){&#10;        if(controller.getNumberOfProjects() == 0){&#10;            //no projects, so no exportation&#10;            return;&#10;        }&#10;&#10;        //ask for a project to export&#10;        Project selectedProject = InputManager.getProject(&quot;Which project do you want to export?&quot;, controller.getAllProjects().toArray(new Project[]{}), gui.getFrame());&#10;        if(selectedProject == null)&#10;            return;&#10;&#10;        export(selectedProject, controller, gui); &#10;    }&#10;    &#10;    /**&#10;     * The real export method. Exports the given project by putting it in a zipped file at a location the user chooses.&#10;     * @param project the projec to export&#10;     * @param controller the controller object&#10;     * @param gui the gui object&#10;     */&#10;    public static void export(final Project project, final Controller controller, final GUI gui){&#10;        //export in background&#10;        new Thread(new Runnable(){&#10;            public void run(){&#10;                String name = project.getName();&#10;&#10;                //ask where to export to&#10;                java.io.File whereToExport = InputManager.requestFolder(gui.getFrame(),&quot;Where do you want to save &quot; + name + &quot;?&quot;);&#10;                /*while(true){&#10;                    whereToExport = InputManager.requestFolder(gui.getFrame(),&quot;Where do you want to save &quot; + name + &quot;?&quot;);&#10;                    if(whereToExport != null &amp;&amp; whereToExport.exists()){&#10;                        //you're liable to overwrite something&#10;                        boolean ok = InputManager.confirm(&#10;                                &quot;&lt;html&gt;The file &lt;b&gt;&quot; + whereToExport.getAbsolutePath() + &quot;&lt;/b&gt; already exists. Are you sure you want to overwrite it?&quot;, &#10;                                gui.getFrame());&#10;                        if(ok == false){&#10;                            //user changed their mind; they want to save elsewhere&#10;                            continue;&#10;                        }&#10;                    }                     &#10;                    break;&#10;                }*/&#10;&#10;&#10;                if(whereToExport != null){&#10;                    //we'll assume you're exporting active project&#10;                    java.io.File projectFolder = project.getFolder();&#10;&#10;                    //zip it&#10;                    java.io.File zipped = Zipper.zip(projectFolder, whereToExport, gui);&#10;&#10;                    if(zipped == null){&#10;                        //the user canceled the zipping&#10;                    }&#10;                    else{&#10;                        //show a success message&#10;                        Utils.showDialog(&#10;                                            gui.getFrame(), //parent&#10;                                            &quot;&lt;html&gt;&lt;center&gt;&lt;b&gt;&quot; + name + &quot;&lt;/b&gt; has been exported to&lt;br&gt;&lt;i&gt;&quot; + zipped.getAbsolutePath() + &quot;&lt;/i&gt;.&quot;, //text&#10;                                            name + &quot; has been exported&quot; //title&#10;                                        );&#10;                        //gain points&#10;                        controller.gainPoints(PointEnums.Activity.EXPORT_PROJECT);&#10;                    }&#10;                }                &#10;            }&#10;        }).start();&#10;    }&#10;    &#10;    /** Imports a project.&#10;     * &#10;     * @param controller&#10;     * @param gui &#10;     */&#10;    public static void Import(Controller controller, GUI gui){&#10;        //ask which file to import&#10;        java.io.File fileToImport = InputManager.requestZipFile(gui.getFrame(),&quot;Choose a project to import:&quot;);&#10;&#10;        //String finalProjectName; //like projectName, except it stores the project's actual name&#10;&#10;        if(fileToImport != null){&#10;            //get name of project (it's the name of the .zip file without the .zip extension)&#10;            String projectName = fileToImport.getName().substring(0,fileToImport.getName().length() - (Zipper.EXTENSION.length() + 1));&#10;            //finalProjectName = projectName;&#10;            projectName = Sanitizer.sanitize(projectName); //generally, people won't be able to put disallowed chars in zip file name, but sanitize anyway&#10;            File projectFile = new File(SaveLoad.getProjectFolder() + &quot;/&quot; + projectName);&#10;&#10;            //if a project of that name already exists, ask for a new name (or just remove project with old name)&#10;            for(Project project : controller.getAllProjects()){&#10;                if(project.getName().equals(projectName)){&#10;                    //found it&#10;                    /*//ask for a new name&#10;                    String input = InputManager.getUserInput(&quot;&lt;html&gt;&lt;center&gt;A project with the name &lt;b&gt;&quot; + projectName + &quot;&lt;/b&gt; already exists.&lt;br&gt;Enter a new name for the project you have imported,&lt;br&gt;or hit cancel to overwrite the old project.&quot;, &#10;                            projectName, true, gui.getFrame());&#10;                    if(input == null){&#10;                        //they're OK with overwriting; keep the name but delete the old project&#10;                        controller.removeProject(project);&#10;                    }&#10;                    else{&#10;                        //they aren't OK with it; rename the file to be imported&#10;                        File newFile = new File(projectFile.getParent() + &quot;/&quot; + input);&#10;                        projectFile.renameTo(newFile);&#10;                        //by doing this, the project file will have a different name so the imported project will have a different name&#10;                    }&#10;                    break;*/&#10;                    controller.removeProject(project);&#10;                    break;&#10;                }&#10;            }&#10;&#10;&#10;            //unzip it to project folder&#10;            Zipper.unzip(fileToImport, projectFile); &#10;&#10;            //add a project based on project name&#10;            controller.createProjectFromExistingFile(projectName, projectFile);&#10;            //controller.getActiveProject().setName(finalProjectName);&#10;            //controller.refresh();      &#10;            &#10;            //gain points&#10;            controller.gainPoints(PointEnums.Activity.IMPORT_PROJECT);&#10;        }&#10;    }&#10;    &#10;    /** Imports a project from a plain-text (CSV) file.&#10;     * &#10;     * @param plainTextFile the file that contains the cards as plain text (question/answer)&#10;     * @param projectName the preferred name of the project once it's imported&#10;     * @return the project created from the import&#10;     */&#10;    /*public static Project textImport(File plainTextFile, String projectName){&#10;        Project project = new Project(projectName);&#10;        &#10;        //get cards from file&#10;        ArrayList&lt;Card&gt; cards = new ArrayList&lt;Card&gt;();&#10;        &#10;        BufferedReader reader = null;&#10;        try{&#10;            reader = new BufferedReader(new FileReader(plainTextFile));&#10;            String line = null;&#10;            while((line = reader.readLine()) != null){&#10;                String[] elements = line.split(Card.DELIMITER);&#10;                //elements = question, answer&#10;                try{&#10;                    cards.add(new Card(elements[0], elements[1]));&#10;                }&#10;                catch(ArrayIndexOutOfBoundsException e){&#10;                    //malformed line; skip it&#10;                }&#10;            }&#10;        }&#10;        catch(IOException io){&#10;            System.out.println(&quot;Error importing cards from text! Details: &quot; + io);&#10;            io.printStackTrace();&#10;        }&#10;        finally{&#10;            try{ reader.close(); } catch(IOException io){}&#10;        }&#10;        &#10;        //add cards to project&#10;        project.addCards(cards);&#10;        &#10;        return project;&#10;    }*/&#10;    &#10;    /** Exports the given project's cards as plain text (CSV).&#10;     * &#10;     * @param project the project to export&#10;     * @param writeTo the file to export the text to&#10;     */&#10;    /*public static void textExport(Project project, File writeTo){&#10;        BufferedWriter writer = null;&#10;        try{&#10;            writer = new BufferedWriter(new FileWriter(writeTo));&#10;            &#10;            for(Card card : project.getCards()){&#10;                //question + delimiter + answer&#10;                writer.write(card.getQuestion() + Card.DELIMITER + card.getAnswer() + Card.NEWLINE);&#10;            }&#10;        }&#10;        catch(IOException io){&#10;            System.out.println(&quot;IO Error when exporting project as text. Details: &quot; + io);&#10;            io.printStackTrace();&#10;        }&#10;        finally{&#10;            try{ writer.close(); } catch(IOException io){}&#10;        }&#10;    }*/&#10;}&#10;" Filename="ImportExport.java" Intrnl_Id="45"/>
<SrcFile Content="/*&#10; * To change this template, choose Tools | Templates&#10; * and open the template in the editor.&#10; */&#10;&#10;package cabra;&#10;&#10;import javax.swing.*;&#10;//import javax.swing.ImageIcon;&#10;/*import java.awt.Image;&#10;import java.awt.Graphics2D;&#10;import java.awt.GridLayout;&#10;import java.awt.RenderingHints;*/&#10;import java.awt.*;&#10;import java.awt.image.BufferedImage;&#10;import java.io.File;&#10;import java.util.ArrayList;&#10;import sun.awt.image.ToolkitImage;&#10;&#10;/** Provides utility methods for using images.&#10; *&#10; * @author Neel&#10; */&#10;public final class ImageManager {&#10;    &#10;    private ImageManager(){}&#10;    &#10;    /** Returns an ImageIcon, or null if the path was invalid. */&#10;    public static ImageIcon createImageIcon(String path) {&#10;        String filename = &quot;images/&quot; + path;&#10;        java.net.URL imgURL = new Main().getClass().getResource(filename);&#10;        if (imgURL != null) {&#10;            return new ImageIcon(imgURL);&#10;        } else {&#10;            System.err.println(&quot;Couldn't find file: &quot; + path);&#10;            //track down the code that's using the image&#10;            new Throwable().printStackTrace();&#10;            return null;&#10;        }&#10;    }&#10;&#10;    /** Creates an image icon if you know its full path (C:\Users\...)&#10;     * &#10;     * @param path the absolute path to the image (.png, .jpg, .gif)&#10;     * @return the created icon&#10;     */&#10;    public static ImageIcon createImageIconFromFullPath(String path){&#10;        return new ImageIcon(path);&#10;    }&#10;    &#10;    /**&#10;     * Creates a list of Images (not Image Icons!) Good for use as frame icons.&#10;     * @param paths several URLs you want as possible icons, in any order.&#10;     * @return the created image icons converted into images.&#10;     */&#10;    public static ArrayList&lt;Image&gt; createImages(String... paths){&#10;        ArrayList&lt;Image&gt; images = new ArrayList&lt;Image&gt;();&#10;        for(String path : paths){&#10;            images.add(createImageIcon(path).getImage());&#10;        }&#10;        return images;&#10;    }&#10;&#10;    /**Saves the given imageicon in the given file.&#10;     * &#10;     * @param imageIcon the image to save&#10;     * @param saveTo where to save file&#10;     */&#10;    public static void saveImage(ImageIcon iconImage, File saveTo){&#10;        try {&#10;            BufferedImage bufferedImage = null;&#10;            Image image = iconImage.getImage();&#10;            &#10;            if(image instanceof ToolkitImage){&#10;                ToolkitImage toolkitImage = (ToolkitImage)image;&#10;                bufferedImage = toolkitImage.getBufferedImage();&#10;            }&#10;            else{&#10;                //do it the normal way&#10;                bufferedImage = (BufferedImage)image;&#10;            }&#10;            &#10;            javax.imageio.ImageIO.write(bufferedImage, Utils.getExtension(saveTo), saveTo);&#10;            &#10;        } catch (java.io.IOException e) {&#10;            System.out.println(&quot;Error saving image &quot; + saveTo + &quot;! Details: &quot; + e);&#10;        }&#10;    }&#10;    &#10;    /** Copies the given image file to the given location.&#10;     * &#10;     * @param original the file containing the image to be copied&#10;     * @param copyTo the file to be written to&#10;     */&#10;    public static void copyImage(File original, File copyTo){&#10;        saveImage(createImageIconFromFullPath(original.getAbsolutePath()),copyTo);&#10;    }&#10;    &#10;    /**&#10;     * Resizes an image using a Graphics2D object backed by a BufferedImage.&#10;     * @param srcImg - source imageicon to scale&#10;     * @param w - desired max width&#10;     * @param h - desired max height&#10;     * @return - the new resized imageicon&#10;     */&#10;    public static ImageIcon scaleImage(ImageIcon image, int w, int h){&#10;        int imageWidth = image.getIconWidth();&#10;        int imageHeight = image.getIconHeight();&#10;        double scale = 1.0; //how much to scale image&#10;        //int verticalOffset = 0; //how much to offset the image up/down&#10;        //int horizontalOffset = 0; //left/right&#10;        //find the best dimensions&#10;        if(imageWidth &lt;= w &amp;&amp; imageHeight &lt;= h){&#10;            //the picture is small enough that it can fit without scaling, so don't scale&#10;            //shrink w and h to image width/height&#10;            w = imageWidth;&#10;            h = imageHeight;&#10;            //do offsets&#10;            //verticalOffset = (w - h)/2;&#10;            //horizontalOffset = (h - w)/2;&#10;        } else if(imageWidth &gt; imageHeight){&#10;            //if the image is wider than tall, scale based on width&#10;            scale = (w + 0.0) / imageWidth;&#10;            //w is kept, but height needs to compensate for that&#10;            h = (int)(scale * imageHeight);&#10;            //if image is 400 x 200 and needs to get to 100 x 100...&#10;            //width remains 100, so scale is 1/4 (100/400)&#10;            //height is 1/4 * 200 or 50. offset is (100 - 50)/2 or 25, and up/down or vertical&#10;            //verticalOffset = (w - h)/2; //image is centered so offset is equal on top and bottom &#10;        } else{&#10;            //image is taller than wide&#10;            scale = (h + 0.0) / imageHeight;&#10;            w = (int)(scale * imageWidth);&#10;            //horizontalOffset = (h - w)/2;&#10;            //say image is 200 x 500 and needs to get to 100 x 100&#10;            //height will be 100, so scale is 1/5 (100/500) to get to 100 height&#10;            //but 1/5 must als be applied to width, so scale the image width (200 * 1/5 = 40)&#10;            //width is 40, so 30 on each side, or (100 - 40) / 2.&#10;        }&#10;            &#10;        //System.out.println(&quot;Original dimensions: height &quot; + imageHeight + &quot;, width &quot; + imageWidth);&#10;        //System.out.println(&quot;New dimension: height &quot; + h + &quot;, width &quot; + w);&#10;        //System.out.println(&quot;Offsets: vertical &quot; + verticalOffset + &quot;, horizontal &quot; + horizontalOffset);&#10;        &#10;        Image srcImg = image.getImage();&#10;        BufferedImage resizedImg = new BufferedImage(w, h, BufferedImage.TYPE_INT_ARGB);&#10;        Graphics2D g2 = resizedImg.createGraphics();&#10;        g2.setRenderingHint(RenderingHints.KEY_INTERPOLATION, RenderingHints.VALUE_INTERPOLATION_BILINEAR);&#10;        g2.drawImage(srcImg, 0, 0, w, h, null); &#10;            //first int is x location of top left, second is y location&#10;        g2.dispose();&#10;        return new ImageIcon(resizedImg);&#10;    }&#10;    &#10;    /**&#10;     * Creates a dialog containing the image (at full size) and shows it to the user.&#10;     * Best used to show an image full size when the thumbnail is clicked on.&#10;     * @param image the image to show full size.&#10;     * @param frame the parent frame of the dialog that will be shown&#10;     */&#10;    public static void showImage(ImageIcon image, JFrame frame){&#10;        int width = image.getIconWidth();&#10;        int height = image.getIconHeight();&#10;        &#10;        JPanel imagePanel = new JPanel(new GridLayout(1,1));&#10;        imagePanel.add(new JLabel(image));&#10;        imagePanel.setPreferredSize(new Dimension(width, height));&#10;        &#10;        JDialog dialog = Utils.putPanelInDialog(&#10;                imagePanel, &#10;                frame, &#10;                &quot;Full size image (&quot; + width + &quot;x&quot; + height + &quot;)&quot;, &#10;                &quot;pics.png&quot;,&#10;                -1, &#10;                -1&#10;           );&#10;        &#10;        dialog.setVisible(true);&#10;    }&#10;}&#10;" Filename="ImageManager.java" Intrnl_Id="46"/>
<SrcFile Content="/*&#10; * To change this template, choose Tools | Templates&#10; * and open the template in the editor.&#10; */&#10;&#10;package cabra;&#10;&#10;import javax.swing.*;&#10;import java.awt.*;&#10;import java.awt.event.*;&#10;&#10;/** The home panel, with project stats on it.&#10; *&#10; * @author Neel&#10; */&#10;public class HomePanel extends JPanel{&#10;    &#10;    //private TabPane tabPane;&#10;    private Controller controller;&#10;    private GUI gui;&#10;    private TabPane tabPane;&#10;    private StudyPanel studyPanel;&#10;    &#10;    private JDialog cardCreatorDialog;&#10;    private CardCreatorPanel cardCreatorPanel;&#10;    private GraphBar[] graphBars;&#10;    private JLabel totalCards; //shows how many cards you have in total&#10;    private JLabel projectName; //name of project&#10;    &#10;    //buttons&#10;    private JButton addCard;&#10;    private JButton resetDeck;&#10;    private JButton study;&#10;    &#10;    public static final int TOP_WIDTH = 320;&#10;    public static final int TOP_HEIGHT = 60;&#10;    &#10;    public HomePanel(TabPane tabPane, StudyPanel studyPanel, GUI gui, Controller controller){&#10;        //this.tabPane = tabPane;        &#10;        this.gui = gui;&#10;        this.controller = controller;&#10;        this.studyPanel = studyPanel;&#10;        this.tabPane = tabPane;&#10;        &#10;        this.setDoubleBuffered(true);&#10;        &#10;        //setLayout(new BoxLayout(this,BoxLayout.PAGE_AXIS));&#10;        //initialization&#10;        cardCreatorPanel = new CardCreatorPanel(tabPane,gui,controller);&#10;        cardCreatorPanel.createPanel();&#10;        //it's in its own function since it'll be called again later&#10;        initializeCardCreatorDialog();&#10;        &#10;        assemblePanel();&#10;    }&#10;    &#10;    private void initializeCardCreatorDialog(){&#10;        //card creator panel is already made&#10;        //the card creator dialog&#10;        cardCreatorDialog = Utils.putPanelInDialog(&#10;                cardCreatorPanel,&#10;                gui.getFrame(),&#10;                &quot;Create a flashcard (use Tab to cycle through fields)&quot;,&#10;                &quot;card-add-16.png&quot;,&#10;                CardCreatorPanel.MY_WIDTH,&#10;                CardCreatorPanel.MY_HEIGHT&#10;                );          &#10;    }&#10;    &#10;    private JDialog createStudyDialog(){&#10;        String projName = controller.getActiveProject().getName();&#10;        final JDialog studyDialog = Utils.putPanelInDialog(&#10;                studyPanel,&#10;                gui.getFrame(),&#10;                &quot;Studying &quot; + projName,&#10;                &quot;lightbulb.png&quot;,&#10;                StudyPanel.MY_WIDTH,&#10;                StudyPanel.MY_HEIGHT&#10;                );&#10;        &#10;        studyDialog.setDefaultCloseOperation(JDialog.DO_NOTHING_ON_CLOSE);&#10;        studyDialog.addWindowListener(new WindowAdapter(){&#10;            @Override&#10;            public void windowClosing(WindowEvent e){&#10;                //if they close the window early, it's like quitting the study session&#10;                //inform the panel and ask if it's OK to close&#10;                if(studyPanel.windowClosing()){&#10;                    //ok to close&#10;                  studyDialog.setVisible(false);&#10;                  //controller.refresh();&#10;                }&#10;                else{&#10;                    //the user decided not to end this session&#10;                }&#10;            }&#10;        });&#10;        &#10;                &#10;        return studyDialog;&#10;    }&#10;    &#10;    private void assemblePanel(){&#10;        //button to add a card to active project&#10;        addCard = new JButton(&quot;Create a flashcard&quot;,GUI.createImageIcon(&quot;card-add.png&quot;));&#10;        addCard.addActionListener(new ActionListener(){&#10;            public void actionPerformed(ActionEvent e){&#10;                showCardCreator();&#10;            }&#10;        });&#10;        &#10;        //button to reset all cards in project&#10;        resetDeck = new JButton(&quot;Reset deck&quot;,GUI.createImageIcon(&quot;reload.png&quot;));&#10;        resetDeck.setToolTipText(&quot;Make all cards in the deck rank A&quot;);&#10;        resetDeck.addActionListener(new ActionListener(){&#10;            public void actionPerformed(ActionEvent e){&#10;                if(InputManager.confirm(&quot;&lt;html&gt;&lt;center&gt;Are you sure you want to reset the deck?&lt;br&gt;This will revert all cards to &lt;b&gt;Rank A.&lt;/b&gt;&quot;&#10;                        ,gui.getFrame())){&#10;                    controller.getActiveProject().resetAllCards();&#10;                    controller.refresh();&#10;                }&#10;            }&#10;        });&#10;        &#10;        &#10;        study = new JButton(&quot;Study&quot;,GUI.createImageIcon(&quot;lightbulb.png&quot;));&#10;        study.setToolTipText(&quot;Start studying this project's cards&quot;);&#10;        study.addActionListener(new ActionListener(){&#10;           public void actionPerformed(ActionEvent e){ &#10;               controller.getActiveProject().shuffle();&#10;               //build and show dialog for studying&#10;               JDialog studyDialog = createStudyDialog();&#10;               //tell study panel to begin studying&#10;               studyPanel.start();               &#10;               studyDialog.setVisible(true);&#10;           }&#10;        });&#10;        &#10;        //top two labels&#10;        totalCards = new JLabel();&#10;            totalCards.setHorizontalAlignment(SwingConstants.CENTER);&#10;        projectName = new JLabel();&#10;            projectName.setHorizontalAlignment(SwingConstants.CENTER);&#10;        JPanel topHolder = new JPanel(new GridLayout(1,2,5,5)); //for both of the labels&#10;            topHolder.setPreferredSize(new Dimension(TOP_WIDTH, TOP_HEIGHT));&#10;        topHolder.add(projectName);        &#10;        topHolder.add(totalCards);&#10;        &#10;        //bars for how many of each card you have&#10;        JPanel stats = createBarGraphs();&#10;        &#10;        //last few buttons&#10;        JPanel lower = new JPanel(new GridLayout(3,1));&#10;        lower.setPreferredSize(new Dimension(180,40*3));&#10;        lower.add(addCard);&#10;        lower.add(study);        &#10;        lower.add(resetDeck);        &#10;        &#10;        //assemble it&#10;        add(topHolder);&#10;        add(stats);&#10;        add(lower);&#10;    }&#10;    &#10;    private JPanel createBarGraphs(){&#10;        JPanel holder = new JPanel(new GridBagLayout()); //so we can have a grid without giving too much room to labels&#10;        &#10;        GridBagConstraints constraints = new GridBagConstraints();&#10;        //5px padding on all sides of contents&#10;        //constraints.ipadx = 5;&#10;        //constraints.ipady = 5;&#10;        constraints.insets = new Insets(5,3,5,3);&#10;        &#10;        graphBars = new GraphBar[] {new GraphBar(Status.A), //red&#10;                                    new GraphBar(Status.B), //orange&#10;                                    new GraphBar(Status.C), //gold&#10;                                    new GraphBar(Status.D), //green&#10;                                    new GraphBar(Status.E), //blue&#10;                                   };&#10;            //first one is learned, second not learned, third not studied&#10;        &#10;        String[] phrases = {&quot;Rank A&quot;,&quot;Rank B&quot;,&quot;Rank C&quot;,&quot;Rank D&quot;,&quot;Rank E&quot;};&#10;        &#10;        //1st row&#10;        constraints.gridy = 0;&#10;        for(int i=0;i&lt;phrases.length;i++){&#10;            constraints.gridx = i;&#10;            holder.add(graphBars[i],constraints);            &#10;        }&#10;        &#10;        //2nd row&#10;        constraints.gridy = 1;&#10;        for(int i=0;i&lt;phrases.length;i++){&#10;            JLabel label = new JLabel(phrases[i]);&#10;            label.setVerticalAlignment(SwingConstants.NORTH);&#10;            constraints.gridx = i;&#10;            holder.add(label,constraints);           &#10;        }&#10;                    &#10;        return holder;&#10;    }&#10;    &#10;    &#10;    public void showCardCreator(){&#10;        //the card creator panel's there, just recreate the dialog&#10;        //this causes a new dialog to pop up when you hit create card (otherwise it would just regain visibility)&#10;        initializeCardCreatorDialog();&#10;        cardCreatorDialog.setVisible(true);&#10;        &#10;        //no need to do this, the dialog is recreated in initializeCardCreatorDialog&#10;        //when it closes, destroy the card creator dialog&#10;        /*cardCreatorDialog.addWindowListener(new WindowAdapter(){&#10;            @Override&#10;            public void windowClosed(WindowEvent e){&#10;                cardCreatorDialog = null;&#10;            }&#10;        });*/&#10;    }&#10;    &#10;    public void refresh(){&#10;        cardCreatorPanel.refresh();&#10;        &#10;        Project activeProject = controller.getActiveProject();&#10;        int numCards = activeProject.numCards();&#10;        int[] stats = activeProject.cardStatuses();&#10;        &#10;        final int FONT_SIZE = 16;&#10;        &#10;        //update headers&#10;        projectName.setText(&quot;&lt;html&gt;&lt;b&gt;&lt;center&gt;&quot; + HomePanel.wrapText(activeProject.getName())); &#10;        String text = activeProject.numCards() == 1 ? &quot; card&quot; : &quot; cards&quot;;&#10;        totalCards.setText(&quot;&lt;html&gt;&lt;center&gt;&lt;b&gt;&lt;span style='font-size:&quot; + FONT_SIZE + &quot;'&gt;&quot; + numCards + text);&#10;&#10;        //update graphs&#10;        for(int i=0;i&lt;graphBars.length;i++){&#10;            graphBars[i].setPercent(stats[i],numCards);&#10;        }&#10;        &#10;        //update buttons: if there are no cards in the active project, don't let them reset/shuffle&#10;        resetDeck.setEnabled(numCards != 0);&#10;        study.setEnabled(numCards != 0); //only requirement here is that there are cards&#10;        //shuffleDeck.setEnabled(numCards != 0);&#10;    }&#10;    &#10;    private final class GraphBar extends JPanel{&#10;        private double percent; //how far this should fill up... 0 to 1&#10;        private int numCards; //how many cards there are in our category (rank A, B, C...)&#10;        private Color drawColor; //color used to draw graph&#10;        &#10;        private final static int BAR_WIDTH = 60;&#10;        private final static int BAR_HEIGHT = 120;&#10;        &#10;        /**&#10;         * Creates a bar graph for a certain status/rank.&#10;         * @param status the status for which to draw the graph.&#10;         */&#10;        public GraphBar(Status status){&#10;            setPercent(0,0);&#10;            setPreferredSize(new Dimension(BAR_WIDTH,BAR_HEIGHT));&#10;            setToolTipText(status.getToolTipText());&#10;            this.drawColor = status.getColor();&#10;        }&#10;        &#10;        public double getPercent(){ return percent; }&#10;        public void setPercent(int howManyCards, int totalCards){&#10;            if(totalCards == 0){&#10;                //we'd divide by 0 if we continued, so let's hard-code it&#10;                percent = 0;&#10;                numCards = 0;&#10;            }&#10;            else{&#10;                percent = howManyCards / (totalCards + 0.0);&#10;                numCards = howManyCards;&#10;            }&#10;            this.repaint();&#10;        }        &#10;        &#10;        @Override&#10;        public void repaint(){&#10;            //just run this in a new thread&#10;            new Thread(new Runnable(){&#10;                public void run(){&#10;                        paintGraphs();&#10;                    }&#10;            }).start();&#10;        }&#10;        &#10;        public void paintGraphs(){&#10;            super.repaint();&#10;        }&#10;        &#10;        @Override&#10;        //called when the bar needs to get updated&#10;        public void paintComponent(Graphics g){&#10;            super.paintComponent(g);&#10;            //Graphics2D g2d = (Graphics2D)g;&#10;            g.setColor(drawColor);&#10;            //g.setFont(FontManager.createFont(14,&quot;Lao UI&quot;,&quot;Calibri&quot;,&quot;Ubuntu&quot;));&#10;            &#10;            //paint rectangle&#10;            //make it as tall as the panel but not as wide&#10;            int width = getWidth();&#10;            int height = (int)(percent * getHeight());&#10;&#10;            //start drawing at top left corner of rectangle&#10;            g.fillRoundRect(0,getHeight() - height,width,height,10,10); //last 2 args are border radius&#10;&#10;            //draw the number of cards&#10;            g.setColor(Color.black);&#10;            g.setFont(FontManager.SMALLER_PREFERRED_FONT);&#10;            String cardText = numCards == 1 ? &quot; card&quot; : &quot; cards&quot;;&#10;            String percentString = Math.round(percent * 100) + &quot;&quot;;&#10;            //draw and put in center of bar&#10;            g.drawString(numCards + cardText,7,getHeight() / 2 + 0);&#10;            g.drawString(&quot;(&quot; + percentString + &quot;%)&quot;,14,getHeight() / 2 + 15);&#10;        }&#10;    }&#10;    &#10;    /**If a string is too long, it is wrapped, with &lt;code&gt;&lt;br&gt;&lt;/code&gt;s in between&#10;     * &#10;     * @param text the text to be wrapped&#10;     * @return the wrapped string&#10;     */&#10;    private static String wrapText(String text){&#10;        String finalText = text; //what we'll return&#10;        &#10;        int fontSize = (int)(18 - ((text.length() - 5) / 5.0) * 2);&#10;        if(fontSize &gt; 15)&#10;            fontSize = 15;&#10;        &#10;        /* length - lines - size - on a line&#10;         * 15 - 2 (12) - 15&#10;         * 20 - 3 (10) - 20&#10;         * 10 - 1 (14) - 10&#10;         */&#10;        &#10;        // here's a change: we just shrink, we don't line break&#10;        //only break if text is too small&#10;        if(fontSize &lt;= 10){&#10;            finalText = &quot;&quot;;&#10;            int numLines = 1; //number of lines after wrapping&#10;            //get an array of each word in the title&#10;            String[] words = text.split(&quot; &quot;);&#10;&#10;            fontSize = 11;&#10;            int charsOnLine = 0;&#10;            &#10;            for(String word : words){&#10;                int length = word.length();&#10;                if(charsOnLine + length &gt; 18){&#10;                    //if the word causes too many letters to be on the line, wrap it&#10;                    //that is, tack on a &lt;br&gt; after the previous word&#10;                    finalText += &quot;&lt;br&gt;&quot; + word + &quot; &quot;;&#10;                    charsOnLine = 0; //it's a new line, after all&#10;                    numLines++;&#10;                }&#10;                else{&#10;                    //there are enough chars left&#10;                    finalText += word + &quot; &quot;;&#10;                    charsOnLine += length;&#10;                }&#10;            }&#10;        }&#10;&#10;        finalText = &quot;&lt;span style='font-size:&quot; + fontSize + &quot;px;'&gt;&quot; + finalText;&#10;        &#10;        return finalText;&#10;    }  &#10;    &#10;    &#10;    @Override&#10;        public void paintComponent(Graphics g){&#10;            super.paintComponent(g);&#10;&#10;            Utils.drawEmblem(this, g);&#10;        }    &#10;}&#10;" Filename="HomePanel.java" Intrnl_Id="47"/>
<SrcFile Content="/*&#10; * To change this template, choose Tools | Templates&#10; * and open the template in the editor.&#10; */&#10;&#10;package cabra;&#10;&#10;/**&#10; *&#10; * @author Neel&#10; */&#10;&#10;import javax.swing.*;&#10;import java.awt.*;&#10;import java.awt.event.*;&#10;//import java.io.*;&#10;import java.util.ArrayList;&#10;import javax.swing.UIManager.*;&#10;&#10;public final class GUI extends Object {&#10;    //basically creates the GUI and shows it&#10;    &#10;    private JFrame frame;&#10;    private ProjectListPanel projectListPanel;&#10;    private TabPane tabPane;&#10;    private TopMenuBar menuBar;&#10;    private Controller controller;&#10;    &#10;    public static final int FRAME_WIDTH = 590;&#10;    public static final int FRAME_HEIGHT = 450;&#10;    &#10;    public GUI(final Controller controller, ArrayList&lt;Project&gt; projects){&#10;        this.controller = controller;&#10;        &#10;        GUI.setNimbusLookAndFeel();&#10;&#10;        //build frame... lack of project doesn't matter yet&#10;        frame = new JFrame();&#10;        frame.setDefaultCloseOperation(JFrame.EXIT_ON_CLOSE);&#10;        frame.setSize(FRAME_WIDTH,FRAME_HEIGHT);&#10;        frame.setResizable(false);&#10;        frame.setIconImages(createIconImages());&#10;        //move the frame over a bit&#10;        //Utils.changeFrameLocation(frame,100,100); &#10;        Utils.centerOnScreen(frame);&#10;        //ask if you want to save notes upon exit&#10;        frame.addWindowListener(new WindowAdapter(){&#10;            @Override&#10;                    public void windowClosing(WindowEvent e){&#10;                        //save... don't ask for their confirmation, that's not necessary&#10;                        //make sure there's a project first&#10;                        if(controller.getActiveProject() != null){&#10;                            saveAllNotes();&#10;                        }                  &#10;                    }&#10;        });&#10;       &#10;        //this.setFrameTitleByProject(controller.getActiveProject());&#10;        &#10;        //standard initialization code&#10;&#10;        //add the left panel&#10;        projectListPanel = new ProjectListPanel(projects,controller,this);&#10;        projectListPanel.createPanel();&#10;        frame.add(BorderLayout.WEST,projectListPanel);&#10;        &#10;        //add right panel&#10;        tabPane = new TabPane(projects,controller,this);&#10;        tabPane.createPanel();&#10;        frame.add(BorderLayout.CENTER,tabPane);&#10;        &#10;        //add the menu bar&#10;        menuBar = new TopMenuBar(controller,this);&#10;        frame.setJMenuBar(menuBar); &#10;        &#10;        //set default color scheme&#10;        //controller.setTheme(Themes.getCurrentTheme());&#10;        //controller.setTheme(Themes.SPRING);&#10;        &#10;        //finally make the frame visible &#10;        SwingUtilities.updateComponentTreeUI(frame);         &#10;        &#10;        //frame.setVisible(true);&#10;    }&#10;    &#10;    private ArrayList&lt;Image&gt; createIconImages(){&#10;        //create image icons of different sizes&#10;        ArrayList&lt;Image&gt; images = new ArrayList&lt;Image&gt;();&#10;        int[] sizes = new int[]{12,16,20,32,64}; //sizes, in pixels, of available icons&#10;        &#10;        for(int size : sizes){&#10;            //add a picture with that size&#10;            images.add(GUI.createImageIcon(&quot;goat&quot; + size + &quot;.png&quot;).getImage());&#10;        }&#10;        &#10;        return images;&#10;    }&#10;    &#10;    public TabPane getTabPane(){&#10;        return tabPane;&#10;    }&#10;    &#10;    public JFrame getFrame(){&#10;        return frame;&#10;    }&#10;     &#10;    public void makeFrameVisible(){&#10;        frame.setVisible(true);&#10;        repaint();&#10;    }&#10;    &#10;    public ImageIcon requestImage(){&#10;        //open file chooser&#10;        return InputManager.requestImage(frame);      &#10;    }&#10;    &#10;    public java.io.File requestImageFile(){&#10;        return InputManager.requestImageFile(frame);&#10;    }&#10;    &#10;    /**Queries the user for text and then returns it&#10;     * &#10;     * @param whatToAskFor something like &quot;name of your project:&quot; to prompt the user for&#10;     * @param isCancelOK true if you're allowed to cancel, false if not&#10;     * @return what the user inputted&#10;     */&#10;    &#10;    public String getUserInput(String whatToAskFor,boolean isCancelOK){&#10;        return InputManager.getUserInput(whatToAskFor,&quot;&quot;,isCancelOK,frame);&#10;    }&#10;    &#10;    /**Asks the user to confirm something.&#10;     * &#10;     * @deprecated use InputManager.confirm(whatToAsk,gui.getFrame()) instead.&#10;     * @param whatToAsk the text to present to the user&#10;     * @return true if they confirmed, false otherwise&#10;     */&#10;    &#10;    public boolean confirm(String whatToAsk){&#10;        return InputManager.confirm(whatToAsk,frame);&#10;    }&#10;    &#10;    public void update(){&#10;        frame.validate();&#10;        frame.repaint();&#10;        SwingUtilities.updateComponentTreeUI(frame);        &#10;    }&#10;    &#10;    public void refresh(){&#10;        //called when a new project is set&#10;        tabPane.refresh();&#10;        projectListPanel.refresh();&#10;        menuBar.refresh();&#10;    }&#10;    &#10;    public void refreshHomePage(){&#10;        tabPane.refreshHomePage();&#10;    }&#10;    &#10;    /**Called when a new project is set as active.&#10;     * &#10;     * @param project the new project that's active, or null if there is none&#10;     */&#10;    public void newActiveProject(Project project){&#10;        tabPane.newActiveProject(project);&#10;        setFrameTitleByProject(project);&#10;        &#10;        //projectListPanel.activateProject(project);&#10;    }&#10;    &#10;    /** Sets the frame's title based on the project name.&#10;     * &#10;     * @param project the active project, pass &lt;code&gt;null&lt;/code&gt; if there's no active project&#10;     */&#10;    public void setFrameTitleByProject(Project project){&#10;        if(project == null)&#10;            frame.setTitle(About.PROGRAM_NAME);&#10;        else&#10;            frame.setTitle(project.getName() + &quot; - &quot; + About.PROGRAM_NAME);&#10;    }&#10;    &#10;    public void setActiveTab(int tabIndex){&#10;        //sets the active tab&#10;        tabPane.setActiveTab(tabIndex);&#10;    }&#10;    &#10;    /** Call this when switching to a new project.&#10;     * &#10;     */&#10;    &#10;    public void saveAllNotes(){&#10;        tabPane.updateNotes();&#10;    }&#10;    &#10;    public void addProject(Project project){&#10;        //adds the project to the view pane&#10;        projectListPanel.addProject(project);&#10;    }&#10;    &#10;    public void repaint(){&#10;        //frame.repaint(); //don't do this; updateComponentTreeUI already calls repaint()&#10;        //frame.validate();&#10;        SwingUtilities.updateComponentTreeUI(frame);&#10;    }&#10;    &#10;    /**&#10;     * Updates the badge showing how many points were earned.&#10;     * @param pointsEarned how many points were earned&#10;     */&#10;    public void showPointsBadge(int pointsEarned){&#10;        menuBar.updatePointsEarnedBadge(pointsEarned);&#10;    }&#10;    &#10;    public static ImageIcon createImageIcon(String path){&#10;        return ImageManager.createImageIcon(path);&#10;    }&#10;    &#10;    public static ImageIcon createImageIconFromFullPath(String path){&#10;         return ImageManager.createImageIconFromFullPath(path);&#10;    }&#10;    &#10;    public static ImageIcon scaleImage(ImageIcon image, int width, int height){&#10;        return ImageManager.scaleImage(image,width,height);&#10;    }&#10;&#10;/** Changes the GUI's default theme to none. Be sure to setNimbusLookAndFeel() later.&#10; * &#10; */&#10;&#10;public static void resetLookAndFeel(){&#10;            LookAndFeel none = null;&#10;            try {&#10;                UIManager.setLookAndFeel(none);&#10;            } catch (UnsupportedLookAndFeelException ex) {&#10;                System.out.println(&quot;Can't be done&quot;);&#10;            }&#10;}&#10;&#10;/** Makes the current L&amp;F the Nimbus one.&#10; * &#10; */&#10;public static void setNimbusLookAndFeel(){&#10;    //set look and feel&#10;    try {&#10;        //go for Nimbus&#10;        for (LookAndFeelInfo info : UIManager.getInstalledLookAndFeels()) {&#10;            if (&quot;Nimbus&quot;.equals(info.getName())) {&#10;                UIManager.setLookAndFeel(info.getClassName());&#10;                break;&#10;            }&#10;        }&#10;    } catch (Exception e) {&#10;        //Nimbus is not available&#10;        try{&#10;            //try for a generic system theme&#10;            UIManager.setLookAndFeel(UIManager.getSystemLookAndFeelClassName());&#10;        }&#10;        catch(Exception f){&#10;            //that's weird... must be a problem since cross-platform is always there&#10;            throw new InternalError(&quot;Look and feel is not available!&quot;);&#10;        }&#10;    }    &#10;}&#10;&#10;/** Changes the frame's location to a more central screen location*/&#10; /** @param frame the frame to be moved&#10; * @param X how far right to move the frame&#10; * @param Y how far down to move the frame&#10; */&#10;public static void changeFrameLocation(Component frame, int X, int Y){&#10;    Utils.changeFrameLocation(frame, X, Y);&#10;}&#10;&#10;/* Changes the given JComponent so it's big, according to Nimbus&#10; */&#10;public static void makeLarge(JComponent component){&#10;    component.putClientProperty(&quot;JComponent.sizeVariant&quot;, &quot;large&quot;);&#10;}&#10;&#10;public static void makeSmall(JComponent component){&#10;    component.putClientProperty(&quot;JComponent.sizeVariant&quot;,&quot;small&quot;);&#10;}&#10;&#10;}&#10;" Filename="GUI.java" Intrnl_Id="48"/>
<SrcFile Content="/*&#10; * To change this template, choose Tools | Templates&#10; * and open the template in the editor.&#10; */&#10;&#10;package cabra;&#10;&#10;/**&#10; *&#10; * @author Neel&#10; */&#10;&#10;import java.awt.*;&#10;//import java.awt.font.*;&#10;import java.util.ArrayList;&#10;import java.util.Arrays;&#10;&#10;public abstract class FontManager {&#10;    //a convenience class for getting and managing fonts&#10;    &#10;    /**The font that most of Cabra tries to use. 14pt.&#10;     * &#10;     */&#10;    public static Font PREFERRED_FONT;&#10;    &#10;    /**The same as PREFERRED_FONT, except it's 2pt smaller.&#10;     * &#10;     */&#10;    public static Font SMALLER_PREFERRED_FONT;&#10;    &#10;    /**&#10;     * The same as PREFERRED_FONT, except it's 2pt bigger.&#10;     */&#10;    public static Font LARGER_PREFERRED_FONT;&#10;    &#10;    /**&#10;     * The array of preferred font sizes; one of these should be used.&#10;     */&#10;    public static final int[] GOOD_FONT_SIZES = { 12, 13, 14, 15, 16 };&#10;    &#10;    /**&#10;     * The best and default font size.&#10;     */&#10;    public static final int DEFAULT_FONT_SIZE = 14;&#10;    &#10;    /**&#10;     * The array of preferred font names; use createFont(GOOD_FONT_NAMES).&#10;     */&#10;    public static final String[] GOOD_FONT_NAMES = {&#10;                &quot;Ubuntu&quot;, //Ubuntu&#10;                &quot;Geneva&quot;, //Mac OS X&#10;                &quot;Calibri&quot;,&quot;Lao UI&quot;,&quot;Trebuchet MS&quot;, //Windows&#10;                &quot;Georgia&quot;,&quot;Arial&quot;,&quot;Verdana&quot;, //Everyone&#10;                &quot;Courier New&quot; //Monospace&#10;        };&#10;    &#10;    private static ArrayList&lt;String&gt; allFontNames;&#10;    &#10;    static{&#10;        //set all font names available here&#10;        GraphicsEnvironment ge = GraphicsEnvironment.getLocalGraphicsEnvironment();&#10;        String[] fontNames = ge.getAvailableFontFamilyNames();&#10;&#10;        allFontNames = new ArrayList&lt;String&gt;();&#10;        allFontNames.addAll(Arrays.asList(fontNames));&#10;        &#10;        //set preferred font&#10;        PREFERRED_FONT = createFont(&#10;                DEFAULT_FONT_SIZE,&#10;                GOOD_FONT_NAMES&#10;                );&#10;        SMALLER_PREFERRED_FONT = PREFERRED_FONT.deriveFont(12f); &#10;        LARGER_PREFERRED_FONT = PREFERRED_FONT.deriveFont(16f);&#10;        &#10;        //javax.swing.UIManager.put(&quot;defaultFont&quot;, PREFERRED_FONT);&#10;    }&#10;    &#10;    /**&#10;     * Updates the PREFERRED_FONT to the given parameters. You should only pass one. NOTE: you have to validate the frame after this&#10;     * @param fontName the new font name/family. pass null if you don't want to change it.&#10;     * @param fontSize the new size of the font. pass 0 if you don't want to change it.&#10;     */&#10;    public static void updatePreferredFont(String fontName, int fontSize){&#10;        if(fontSize != 0){&#10;            //update size&#10;            PREFERRED_FONT = createFont(&#10;                    fontSize,&#10;                    PREFERRED_FONT.getFontName()&#10;                );&#10;            &#10;            //change prefs&#10;            UserData.setPref(&quot;FontSize&quot;, fontSize + &quot;&quot;);&#10;        }&#10;        if(fontName != null){&#10;            //update font name&#10;            PREFERRED_FONT = createFont(&#10;                    PREFERRED_FONT.getSize(),&#10;                    fontName&#10;                );            &#10;            //change prefs&#10;            UserData.setPref(&quot;FontName&quot;, fontName);&#10;        }&#10;        &#10;        //change default font on look and feel&#10;        //javax.swing.UIManager.getLookAndFeelDefaults().put(&quot;defaultFont&quot;, PREFERRED_FONT);&#10;        &#10;        //update smaller font; it's 2pt smaller than the preferred&#10;        SMALLER_PREFERRED_FONT = PREFERRED_FONT.deriveFont(&#10;                PREFERRED_FONT.getSize() - 2f);&#10;        //update larger font; it's 2pt bigger than the preferred&#10;        LARGER_PREFERRED_FONT = PREFERRED_FONT.deriveFont(&#10;                PREFERRED_FONT.getSize() + 2f);        &#10;    }&#10;    &#10;    /** Sees if the given font is available on this machine.&#10;     * &#10;     * @param fontName the name of the font&#10;     * @return true if the font is available, false if it isn't&#10;     */&#10;    &#10;    public static boolean hasFontName(String fontName){&#10;        return allFontNames.contains(fontName);&#10;    }    &#10;    &#10;    /**&#10;     * Returns an array containing all the available font names that are in the preferred list.&#10;     * @return an array of Strings with the names of the fonts.&#10;     */&#10;    public static String[] getAvailablePreferredFontNames(){&#10;        ArrayList&lt;String&gt; available = new ArrayList&lt;String&gt;();&#10;        for(String fontName : GOOD_FONT_NAMES){&#10;            //if it's available, add it to the list&#10;            if(hasFontName(fontName))&#10;                available.add(fontName);&#10;        }&#10;        //convert to String[]&#10;        return available.toArray(new String[]{});&#10;    }&#10;    &#10;    /**&#10;     * Returns an array containing all the available font names.&#10;     * @return an array of Strings with the names of the fonts.&#10;     * @return &#10;     */&#10;    public static String[] getAllAvailableFontNames(){&#10;        GraphicsEnvironment ge = GraphicsEnvironment.getLocalGraphicsEnvironment();&#10;        String[] fontNames = ge.getAvailableFontFamilyNames();&#10;        return fontNames;&#10;    }&#10;    &#10;    /**Attempts to get a suitable font name as specified by the caller.&#10;     * &#10;     * @param fontNames the list of requested font names. If the first one isn't there, try the next.&#10;     * @return the first font name that works&#10;     */&#10;    &#10;    private static String getFirstAvailableFontName(String... fontNames){&#10;        for(String fontName : fontNames){&#10;            if(hasFontName(fontName)){&#10;                //we're in luck&#10;                return fontName;&#10;            }&#10;        }&#10;        &#10;        //no font works; use a good default (preferred works cause we know it's available)&#10;        return PREFERRED_FONT.getFamily();&#10;    }&#10;    &#10;    /**&#10;     * Creates a font.&#10;     * @param size the size, in pt, of the font.&#10;     * @param style Font.NORMAL, Font.BOLD, Font.ITALIC, etc.&#10;     * @param fontNames a list of font family names to try. The first available one will be used, so put preferred names first.&#10;     * @return the generated font.&#10;     */&#10;    public static Font createFont(int size, int style, String... fontNames){&#10;        String firstName = getFirstAvailableFontName(fontNames); //the first font name that works&#10;        return new Font(firstName, style, size);&#10;    }&#10;    &#10;    /** Same as createFont, except it defaults to plain style&#10;     * &#10;     * @param size the size preferred&#10;     * @param fontNames the names of the fonts you want&#10;     * @return the created font&#10;     */&#10;    &#10;    public static Font createFont(int size, String... fontNames){&#10;        return createFont(size, Font.PLAIN, fontNames);&#10;    }&#10;    &#10;    /** Finds a random installed font and returns its name&#10;     * &#10;     * @return a random font name&#10;     */&#10;    &#10;    public static String randomFontName(){&#10;        int index = (int)(Math.random() * allFontNames.size()); //a random index in there&#10;        return allFontNames.get(index);&#10;    }   &#10;    &#10;}&#10;" Filename="FontManager.java" Intrnl_Id="49"/>
<SrcFile Content="/*&#10; * To change this template, choose Tools | Templates&#10; * and open the template in the editor.&#10; */&#10;&#10;package cabra;&#10;&#10;import java.util.ArrayList;&#10;&#10;/** Holds all the note cards for a project. Each project has one.&#10; *&#10; * @author Neel&#10; */&#10;public class Deck extends Object{&#10;&#10;    private ArrayList&lt;Card&gt; cards; //flash cards of owner project&#10;    private Card currentCard = null;&#10;    private int currentIndex; //the index of the current card being viewed. Between 0 and length of cards&#10;    &#10;    public Deck(){&#10;        cards = new ArrayList&lt;Card&gt;();&#10;        currentIndex = 0;&#10;    }&#10;    &#10;    public ArrayList&lt;Card&gt; getCards(){&#10;        return cards;&#10;    }&#10;    &#10;    public Card getCurrentCard(){&#10;        return currentCard;&#10;    }&#10;    &#10;    public void makeCurrentCardNull(){&#10;        currentCard = null;&#10;    }&#10;    &#10;    public int getCurrentIndex(){&#10;        return currentIndex;&#10;    }&#10;    &#10;    public int numCards(){&#10;        return cards.size();&#10;    }&#10;    &#10;    /**Returns the number of cards with the given status.&#10;     * &#10;     * @param status the status you want to look for&#10;     * @return the number of cards with that status&#10;     */&#10;    public int numMatchingCards(Status status){&#10;        int numSelected = 0;&#10;        &#10;        for(Card card : cards){&#10;            if(card.getStatus() == status){&#10;                numSelected++;&#10;            }&#10;        }&#10;            &#10;        return numSelected;&#10;    }&#10;    &#10;    public void add(Card card){&#10;        cards.add(card);&#10;    }&#10;    &#10;    public void remove(Card card){&#10;        cards.remove(card);&#10;    }&#10;    &#10;    //actual meat of the class here&#10;    &#10;    /**&#10;     * Shuffles the deck by randomizing the list of cards&#10;     */&#10;    public void shuffle(){&#10;        ArrayList&lt;Card&gt; newCards = new ArrayList&lt;Card&gt;(); //cards will be moved to here&#10;        &#10;        while(cards.isEmpty() == false){&#10;            //keep going until there are no more cards&#10;            int randomIndex = (int)(Math.random() * cards.size());&#10;            Card randomCard = cards.get(randomIndex);&#10;            //move it from old deck to new one&#10;            cards.remove(randomCard);&#10;            newCards.add(randomCard);&#10;        }&#10;        &#10;        cards = newCards;&#10;        currentIndex = 0; //now we'll draw from the top of the deck&#10;    }&#10;    &#10;    &#10;    /** Finds the next card in the deck and returns it.&#10;     * &#10;     * @return the next card&#10;     */&#10;    private Card nextCard(){&#10;        Card card = null;&#10;        try{&#10;            card = cards.get(currentIndex);&#10;        }&#10;        catch(IndexOutOfBoundsException e){&#10;            //tried to access a bad location, so shuffle and try again&#10;            shuffle();&#10;            return nextCard(); //return a new card&#10;        }&#10;        currentIndex++;&#10;        if(currentIndex &gt;= cards.size()){&#10;            //we've run out of cards&#10;            shuffle(); //for next time&#10;        }&#10;        return card;&#10;    }&#10;    &#10;    public Card getCard(){&#10;        &#10;        if(numCards() == 0)&#10;            return null; //no cards here&#10;        &#10;            currentCard = nextCard();&#10;&#10;            return currentCard;&#10;      //  }  &#10;    }&#10;        &#10;}&#10;" Filename="Deck.java" Intrnl_Id="50"/>
<SrcFile Content="/*&#10; * To change this template, choose Tools | Templates&#10; * and open the template in the editor.&#10; */&#10;&#10;package cabra;&#10;&#10;/**&#10; *&#10; * @author Neel&#10; */&#10;&#10;&#10;import cabra.PointEnums.Activity;&#10;import cabra.dinero.VaultManager;&#10;import java.util.ArrayList;&#10;import java.io.*;&#10;import java.util.Calendar;&#10;import java.util.Collections;&#10;import javax.swing.JLabel;&#10;&#10;public final class Controller extends Object{&#10;    //communicates with the GUI and object classes to get stuff done&#10;    &#10;    private GUI gui; //the GUI that is used here&#10;    private PointManager pointManager;&#10;    private ArrayList&lt;Project&gt; projects;&#10;    private Project activeProject; //the project that you create cards for, study from, etc.&#10;      &#10;    public static final double CHANCE_TO_GET_LUCKY = 0.05;&#10;    &#10;    public Controller(){&#10;        /* the plan:&#10;         * IF no existing projects:&#10;         *      GET new project and make a project with it&#10;         * ELSE: (existing projects)&#10;         *      LOAD projects:&#10;         *          LOAD cards and give them to project&#10;         *          LOAD notes and give them to project&#10;         * FINALLY:&#10;         *      INITIALIZE GUI&#10;         *      BUILD the GUI using the projects&#10;         *      IF userData exists:&#10;         *          LOAD it&#10;         *      ELSE:&#10;         *          CREATE a new one with defaults&#10;         *      TELL the GUI to adapt to these changes&#10;         * &#10;         * &#10;         */&#10;        try{&#10;        /** Is it the first time the program's being booted up?&#10;         * &#10;         */&#10;        boolean firstRun = false;&#10;&#10;        //if there isn't a cabraprojects file, create it&#10;        if(SaveLoad.getProjectFolder().exists() == false){&#10;            SaveLoad.getProjectFolder().mkdir();&#10;            //unless the user deleted their data directory, this means this is the first run&#10;            firstRun = true;&#10;        }&#10;        &#10;        UserData.load();&#10;        //USER DATA IS NOW LOADED; do any init of prefs or such here&#10;        &#10;        //create point manager&#10;        try{&#10;            pointManager = new PointManager();&#10;        }&#10;        catch(NumberFormatException nfe){&#10;            //if there's an exception like this, the wrong data was loaded into the User Data&#10;            //probably done by 0.6.0&#10;            &#10;            //alert user&#10;            Utils.showDialog(null, &#10;                    &quot;Sorry! Your user data seems to have been corrupted and has been reset.&quot;, &#10;                    &quot;User data corrupted&quot;);&#10;            &#10;            //clear all data since something's corrupted&#10;            UserData.makeAllDefault();&#10;            &#10;            //reload points&#10;            pointManager = new PointManager();&#10;        }&#10;       &#10;        //user data is set, so update font&#10;        updatePreferredFont(&#10;                UserData.getPref(&quot;FontName&quot;), &#10;                UserData.getInt(&quot;Prefs.FontSize&quot;)&#10;                );          &#10;        &#10;        //load projects&#10;        ArrayList&lt;Project&gt; loadedProjects = loadProjectsFromFile(); //these projects are all stocked with cards/notes   &#10;        this.projects = loadedProjects;&#10;        this.gui = new GUI(this,loadedProjects);      &#10;&#10;        //lack of projects matters now&#10;        if(projects.isEmpty()){&#10;            //no active project&#10;            setNoActiveProject();&#10;        }&#10;        else{&#10;            //there is an active project&#10;            String projectName = UserData.getString(&quot;Project&quot;); //the raw name of the project&#10;            setActiveProject(projectName,false);&#10;        }&#10;&#10;        Themes theme = Themes.getThemeByName(UserData.getString(&quot;Theme&quot;));&#10;        setTheme(theme);&#10;        &#10;        gui.makeFrameVisible();&#10;        &#10;        //give first run info&#10;        if(firstRun){&#10;            //show advice&#10;            Utils.openURLinDialog(&quot;http://www.cabra.hathix.com/cabra/welcome.php&quot;, &#10;                    &quot;Welcome to Cabra!&quot;, &#10;                    gui.getFrame(), true);&#10;            &#10;            //set user data's latest version to this&#10;            UserData.setString(&quot;Version&quot;, About.VERSION);&#10;            &#10;            //add a default project&#10;            //this.addProject(new Project(&quot;My First Project&quot;), true);&#10;        }&#10;        &#10;        //show changelog if this is a new version&#10;        boolean upgrade = UserData.getString(&quot;Version&quot;).equals(About.VERSION) == false;&#10;        if(!firstRun &amp;&amp; upgrade){&#10;            //not first run (then new version doesn't matter)   &amp;&amp;   old version != new version&#10;&#10;            //store new version&#10;            String version = About.VERSION;&#10;            UserData.setString(&quot;Version&quot;, About.VERSION);&#10;            &#10;            //show changelog&#10;            if(About.NIGHTLY){&#10;                //don't bother with showing nightly changelog; docs are rarely written for nightlies&#10;              /*  Utils.showDialog(gui.getFrame(),&#10;                        &quot;&lt;html&gt;&lt;center&gt;Thanks for testing Cabra &quot; + version + &quot;!&lt;br&gt;As thanks, here's &lt;b&gt;100&lt;/b&gt; points!&quot;,&#10;                        &quot;Thanks for upgrading to Cabra &quot; + version + &quot;!&quot;&#10;                        );  */&#10;            }&#10;            else{&#10;               /* Utils.openURLinDialog(&quot;http://cabra.hathix.com/changelog/&quot; + Utils.sanitizeURL(version) + &quot;.php&quot;, &#10;                        &quot;Thanks for upgrading to Cabra &quot; + version + &quot;!&quot;, &#10;                        gui.getFrame(), true);  */&#10;            }&#10;            &#10;            //earn points for upgrading&#10;            if(About.PRERELEASE)&#10;                gainPoints(Activity.USE_BETA);&#10;            else&#10;                gainPoints(Activity.USE_NEW_VERSION);&#10;        }&#10;        &#10;        //if you're lucky, you earn some free points; also don't do it on first run and overwhelm them w/dialogs&#10;        if(!firstRun &amp;&amp; !upgrade &amp;&amp; Utils.pushLuck(CHANCE_TO_GET_LUCKY)){&#10;            //earn points!&#10;            int points = Activity.GET_LUCKY.getPoints();&#10;            Utils.showDialog(gui.getFrame(),&#10;                    &quot;&lt;html&gt;&lt;center&gt;&quot;&#10;                    + &quot;I'm feeling generous, so here's &lt;b&gt;&quot; +  points + &quot;&lt;/b&gt; free points! Enjoy!&quot;,&#10;                    &quot;You got lucky!&quot;,&#10;                    &quot;goatgift.png&quot;);&#10;            gainPoints(Activity.GET_LUCKY);&#10;        }&#10;        &#10;        //is it time for an upgrade? see how long it's been since the last check&#10;        long lastCheck = Long.parseLong(UserData.getString(&quot;LastUpdateCheck&quot;));&#10;        long rightNow = Calendar.getInstance().getTimeInMillis();&#10;        long updateInterval = Utils.daysToMillis(UserData.getIntPref(&quot;UpdateInterval&quot;));&#10;        if(rightNow - lastCheck &gt;= updateInterval){&#10;            //time to check for updates, it's been more than the chosen interval since the last one&#10;            Updates.checkForUpdates(gui);&#10;        }&#10;        &#10;        gui.update();&#10;        gui.refresh();&#10;        }&#10;        catch(Exception e){&#10;            //some sort of exception threw off the whole thing&#10;            Utils.debug(e, &quot;Fatal error&quot;);&#10;        }&#10;    }&#10;    &#10;    public GUI getGUI(){&#10;        return gui;&#10;    }&#10;    &#10;    /**&#10;     * Returns how many points the user has.&#10;     * @return the amount of points the user has&#10;     */&#10;    public int getPoints(){&#10;        return pointManager.getPoints();&#10;    }&#10;   &#10;    /**&#10;     * The user gains points by doing an activity.&#10;     * @param activity the activity that the user did to gain these points.&#10;     * @param refresh if the GUI should refresh.&#10;     */&#10;    public void gainPoints(PointEnums.Activity activity, boolean refresh){&#10;        pointManager.gainPoints(activity);&#10;        &#10;        //show how many points were earned&#10;        gui.showPointsBadge(activity.getPoints());&#10;        &#10;        if(refresh)&#10;            gui.refresh();&#10;    }&#10;    &#10;    /**&#10;     * The user gains points. The GUI will refresh.&#10;     * @param activity the activity that the user did to gain those points.&#10;     */&#10;    public void gainPoints(PointEnums.Activity activity){&#10;        gainPoints(activity, true);&#10;    }&#10;    &#10;    /**&#10;     * Returns the vault manager used to control buying and display of prizes.&#10;     * @param pointLabel the label that will be used to display the points the user has. Should be pre-made and added to view.&#10;     */&#10;    public VaultManager createVaultManager(JLabel pointLabel){&#10;        return new VaultManager(pointManager, gui, pointLabel);&#10;    }&#10;    &#10;    /**&#10;     * A wrapper around FontManager.updatePreferredFont() that works better.&#10;     * Updates the PREFERRED_FONT to the given parameters. You should only pass one. NOTE: you have to validate the frame after this&#10;     * @param fontName the new font name/family. pass null if you don't want to change it.&#10;     * @param fontSize the new size of the font. pass 0 if you don't want to change it.&#10;     */&#10;    public void updatePreferredFont(String fontName, int fontSize){&#10;        FontManager.updatePreferredFont(fontName, fontSize);&#10;        &#10;        //validate frame so the changes take effect&#10;        if(gui != null)&#10;            gui.update();&#10;    }&#10;    &#10;    /** Finds all the projects that the user has and returns them&#10;     * &#10;     * @return the user's projects&#10;     */&#10;    private ArrayList&lt;Project&gt; loadProjectsFromFile(){&#10;        //looks for existing project files and, if they're there, creates the projects&#10;        File mainProjectFolder = SaveLoad.getProjectFolder();&#10;        if(!mainProjectFolder.exists()){&#10;            //there is no projects folder, since you're a first-time user&#10;            mainProjectFolder.mkdir();&#10;            //we know there's nothing in the folder so let's leave&#10;            return new ArrayList&lt;Project&gt;();&#10;        }&#10;             &#10;        ArrayList&lt;Project&gt; loadedProjects = new ArrayList&lt;Project&gt;();&#10;        &#10;        for(File projectFolder : mainProjectFolder.listFiles()){&#10;            //projectFolder is a folder that contains a project&#10;            &#10;            if(projectFolder.isFile())&#10;                continue; //that means it's probably UserData... but regardless, don't mess with it&#10;            &#10;            Project project = new Project(projectFolder.getName());&#10;            loadedProjects.add(project);&#10;            &#10;            //give it some cards&#10;            SaveLoad.loadCardsFromProject(project);&#10;            &#10;            //do this regardless of the user's having cards in the project&#10;            //and now give notes to the project&#10;            SaveLoad.loadNotesFromProject(project);&#10;        } //end foreach&#10;        &#10;        return loadedProjects;&#10;    }&#10;    &#10;    &#10;    /** Adds a note to the active project, and while doing that creates the note panel&#10;     * &#10;     * @param note the note to add to the active project&#10;     * @param tabPane the note tab pane that invokes this method&#10;     * @return the created note panel&#10;     */&#10;    &#10;    public NotePanel addNoteToActiveProject(NoteTabPane tabPane,Note note){&#10;        activeProject.addNote(note);&#10;&#10;        //save while we're at it&#10;        activeProject.saveNotes(); //no need to save cards too&#10;        &#10;        return new NotePanel(tabPane,gui,this,note);&#10;    }&#10;&#10;    &#10;    public void setTheme(Themes theme){&#10;        Themes.setTheme(theme); //that'll do it all for us&#10;        &#10;        //change and save user data&#10;        UserData.setString(&quot;Theme&quot;,theme.getName());&#10;        &#10;        &#10;        //update the look&#10;        refresh();        &#10;        gui.repaint(); &#10;    }&#10;    &#10;    public Project getActiveProject(){&#10;        return activeProject;&#10;    }&#10;    &#10;    public ArrayList&lt;Project&gt; getAllProjects(){&#10;        return projects;&#10;    }&#10;    &#10;    public int getNumberOfProjects(){&#10;        return projects.size();&#10;    }&#10;    &#10;    /** Same as refresh() except it happens in this thread.&#10;     * &#10;     */&#10;    public void refreshNow(){&#10;        gui.refresh();&#10;    }&#10;    &#10;    public void refresh(){&#10;        //called when the active project is changed or has its cards manipulated&#10;        //helps disable/enable buttons&#10;        //Runnable r = new Runnable(){&#10;        //    public synchronized void run(){&#10;                refreshNow();&#10;        //    }&#10;        //};&#10;        //javax.swing.SwingUtilities.invokeLater(r);&#10;        //new Thread(r).start();&#10;        //gui.refresh();&#10;    }&#10;    &#10;    public void refreshHomePage(){&#10;        Runnable r = new Runnable(){&#10;            public void run(){&#10;                gui.refreshHomePage();&#10;            }&#10;        };&#10;        //javax.swing.SwingUtilities.invokeLater(r);&#10;        new Thread(r).start();&#10;    }&#10;  &#10;    /** Differs from setActive project in that that just changes active project, this handles&#10;     *  user interaction&#10;     * @param projectName the name of the project you wish to be made active&#10;     * @param shouldSave whether or not user data should be saved&#10;     */    &#10;    public void setActiveProject(Project project, boolean shouldSave){&#10;        //if nothing has matched, there's a problem&#10;        if(project == null){&#10;            //set the first project as active, then call this method again&#10;            setActiveProject(projects.get(0),false);&#10;            return;&#10;        }&#10;        &#10;        if(shouldSave){&#10;            //quick! Save the old notes if they weren't saved yet&#10;            if(activeProject != null){&#10;                try{&#10;                    gui.saveAllNotes(); //that should do it                &#10;                }&#10;                catch(NullPointerException n){&#10;                    //error with saving project&#10;                    System.out.println(&quot;Error saving project notes!&quot;);&#10;                }&#10;            }&#10;        }&#10;        &#10;        activeProject = project;&#10;        //alert all &#10;        gui.newActiveProject(project);&#10;&#10;        //set user data&#10;        UserData.setString(&quot;Project&quot;,project.getName()); &#10;        &#10;        //load the notes for the project&#10;       // activeProject.loadNotes();&#10;&#10;        //fix the home panel, which shows nothing unless this is done&#10;        refresh();&#10;    }&#10;    &#10;    /** Differs from setActive project in that that just changes active project, this handles&#10;     *  user interaction&#10;     * @param projectName the name of the project you wish to be made active&#10;     * @param shouldSave whether or not user data should be saved&#10;     */&#10;    &#10;    public void setActiveProject(String projectName, boolean shouldSave){&#10;        //find the matching project&#10;        Project project = null;&#10;        for(Project proj : projects){&#10;            //System.out.println(proj.getName());&#10;            if(proj.getName().equals(projectName))&#10;                project = proj;&#10;        }&#10;&#10;        setActiveProject(project, shouldSave);&#10;    }&#10;    &#10;    /**Sets nothing as the active project.&#10;     * &#10;     */&#10;    public void setNoActiveProject(){&#10;        UserData.makeDefault(&quot;Project&quot;);&#10;        activeProject = null;&#10;        gui.setFrameTitleByProject(null);&#10;        //only refresh the tab pane (that removes all the panels and shows a new one)&#10;        refresh();&#10;    }&#10;    &#10;    /** Creates a new project and adds it&#10;     * &#10;     * @param projectName the name of the project you want made&#10;     * @param shouldSave true if the userData should be saved, false otherwise&#10;     * @return the created project&#10;     */&#10;    &#10;    public Project addProject(String projectName, boolean shouldSave){&#10;        Project project = new Project(projectName);&#10;        &#10;        File projectFolder = new File(SaveLoad.getProjectFolder().getAbsolutePath() + &quot;/&quot; + project.getName()); //puts the new folder in the projects folder&#10;            projectFolder.mkdir();        &#10;        &#10;        //really all this method does is make a project and tell addProject to do its stuff using the project&#10;        return addProject(project,shouldSave);&#10;    }&#10;    &#10;    private Project addProject(Project project, boolean shouldSave){&#10;        projects.add(project);&#10;        gui.addProject(project); &#10;        &#10;        //add project data&#10;            //create the card file&#10;            //File cardFile = new File(projectFolder.getPath() + &quot;/cards.txt&quot;);&#10;            &#10;        project.saveCards(); //forces the creation of cards.txt&#10;        &#10;        //make this project active&#10;        setActiveProject(project, shouldSave);&#10;        &#10;        //sort project list&#10;        Collections.sort(projects);&#10;        &#10;        return project;       &#10;    }&#10;    &#10;    /**&#10;     * Renames the given project so it has the given name.&#10;     * @param project the project&#10;     * @param newName the project's new name.&#10;     */&#10;    public void renameProject(Project project, String newName){&#10;        project.setName(newName);&#10;        //re-sort projects; the name change may have put project out of order&#10;        Collections.sort(projects);&#10;    }&#10;    &#10;    &#10;    /** Creates a project assuming you have all the files (i.e. you've just imported it.)&#10;     * &#10;     * @param projectName the name of the project&#10;     * @param projectFolder the path to the project's folder (inside the Project Folder)&#10;     */&#10;    public void createProjectFromExistingFile(String projectName,File projectFolder){&#10;        Project project = new Project(projectName);&#10;        &#10;        //add cards&#10;        SaveLoad.loadCardsFromProject(project);&#10;        &#10;        //add notes&#10;        SaveLoad.loadNotesFromProject(project);&#10;        &#10;        addProject(project,true);&#10;    }&#10;    &#10;    public void removeProject(Project project){&#10;        //removes the project at the given index&#10;        //by the time we get here, we know something will be deleted&#10;        &#10;        //first delete the project file&#10;        //Project project = projects.get(projectIndexInList); //get the project slated for deletion&#10;        int projectIndexInList = projects.indexOf(project); //location of the project in the list&#10;        File projectFile = new File(SaveLoad.getProjectFolder() + &quot;/&quot;+project.getName());&#10;        //before we delete the directory we need to delete files inside&#10;        for(File file : projectFile.listFiles()){&#10;            file.delete();&#10;        }&#10;        //now delete the directory&#10;        projectFile.delete();&#10;     &#10;        //what if the project to be removed was the active one?&#10;        if(project.equals(activeProject)){&#10;            //set the previous active project&#10;            if(projects.size() == 1){&#10;                //the last project was deleted, so nothing's left&#10;                setNoActiveProject(); //takes care of making activeproject = null&#10;            }&#10;            else{&#10;                //there's still a project left&#10;                if(projectIndexInList == 0){&#10;                    setActiveProject(projects.get(1),true);&#10;                }&#10;                else{&#10;                    setActiveProject(projects.get(projectIndexInList-1),true);               &#10;                }    &#10;                refresh();              &#10;            }&#10;        }        &#10;        &#10;        //now remove the project from list&#10;        projects.remove(projectIndexInList);&#10;        &#10;        //update project list panel&#10;    }&#10;    &#10;    public void addCardToActiveProject(Card card){&#10;        //add the card to the project... it'll save itself&#10;        &#10;        if(activeProject != null){&#10;            activeProject.addCard(card);&#10;            &#10;            //gain points&#10;            gainPoints(Activity.CREATE_CARD);&#10;            if(card.hasPicture()){&#10;                gainPoints(Activity.ADD_IMAGE);&#10;            }&#10;                   &#10;            refresh();&#10;        }&#10;        //if there's no active project, take no action&#10;    }&#10;&#10;    &#10;}&#10;" Filename="Controller.java" Intrnl_Id="51"/>
<SrcFile Content="/*&#10; * To change this template, choose Tools | Templates&#10; * and open the template in the editor.&#10; */&#10;&#10;package cabra;&#10;&#10;/**&#10; *&#10; * @author Neel&#10; */&#10;&#10;import java.awt.*;&#10;&#10;public abstract class ColorManager extends Object{&#10;    //a class with a bunch of static methods for making colors less of a hassle&#10;    &#10;    //public static final int EXTREMELY_DARK_THRESHOLD = 512;&#10;    &#10;     /** Takes a hex char like 'F' or '3' and turns it into an int like 15 or 3&#10;     * &#10;     * @param hex the char to turn into an int&#10;     * @return the char's int value&#10;     */&#10;     private static int hexCharToInt(char hex){&#10;            switch(hex){&#10;                case 'A':&#10;                    return 10;&#10;                case 'B':&#10;                    return 11;&#10;                case 'C':&#10;                    return 12;&#10;                case 'D':&#10;                    return 13;&#10;                case 'E':&#10;                    return 14;&#10;                case 'F':&#10;                    return 15;&#10;                default:&#10;                    return Integer.parseInt(String.valueOf(hex)); //if it's '8', make it into &quot;8&quot; and return 8&#10;            }&#10;        }&#10;     &#10;     /** Converts an integer like 15 to 'F' or '3' to 3&#10;      * &#10;      * @param decimal the number, less than 16&#10;      * @return the hex, like 'F' or '3'&#10;      */&#10;     private static char intToHexChar(int decimal){&#10;         switch(decimal){&#10;             case 15:&#10;                 return 'F';&#10;             case 14:&#10;                 return 'E';&#10;             case 13:&#10;                 return 'D';&#10;             case 12:&#10;                 return 'C';&#10;             case 11:&#10;                 return 'B';&#10;             case 10:&#10;                 return 'A';&#10;             default:&#10;                 //turn the number into a string and get the first char&#10;                 return (decimal + &quot;&quot;).charAt(0);&#10;         }&#10;     }&#10;     &#10;     /** turns the given string into a color: 000000 returns the color black&#10;      * &#10;      * @param hex the 6-char-long string to turn into a color&#10;      * @return the created color&#10;      */&#10;     public static Color createColor(String hex){&#10;         //check for the right kind of string&#10;         if(hex.length() != 6){&#10;             throw new IllegalArgumentException(&quot;Wrong length hex value!&quot;);&#10;         }&#10;         &#10;         hex = hex.toUpperCase(java.util.Locale.ENGLISH); //makes the string uppercase, but in english to prevent weird symbols from showing up&#10;         &#10;         int[] rgb = new int[3]; //the values for the color will be stored here&#10;         &#10;         for(int i=0;i&lt;3;i++){&#10;             char leftHexChar = hex.charAt(i*2); //the left hex char could be 0,2, or 4&#10;             char rightHexChar = hex.charAt(i*2+1); //the right hex char could be 1,3, or 5&#10;             int intValue = 16 * hexCharToInt(leftHexChar) + 1 * hexCharToInt(rightHexChar); //turns the two hex chars into an int; e.g. FF -&gt; 16*15 + 1*15 = 255&#10;             rgb[i] = intValue;&#10;         }&#10;         &#10;         //now the int values for the colors are all there&#10;         &#10;         return new Color(rgb[0],rgb[1],rgb[2]);&#10;     }&#10;     &#10;     /**&#10;      * Returns a translucent version of the original color.&#10;      * @param original the original Color&#10;      * @param alpha a value from 0 (transparent) - 255 (opaque)&#10;      * @return the translucent color.&#10;      */&#10;     public static Color translucent(Color original, int alpha){&#10;         int[] rgb = rgbValues(original);&#10;         /*for(int i=0; i&lt;rgb.length; i++){&#10;             int newValue = rgb[i] + alpha;&#10;             if(newValue &gt; 255) newValue = 255;&#10;             rgb[i] = newValue;&#10;         }*/&#10;         return new Color(rgb[0], rgb[1], rgb[2], alpha);   &#10;     }&#10;     &#10;     /** Converts the given color into its hex equivalent.&#10;      * &#10;      * @param color the color, like Color. red&#10;      * @return the hex equivalent, like FF0000&#10;      */&#10;     public static String toHex(Color color){&#10;         //get the decimal amounts of each color&#10;         int[] rgbValues = rgbValues(color);&#10;         &#10;         //since rgbValues can have up to 255, split that up into 16 and 15 and make that into hex&#10;         String red = new String(new char[]{intToHexChar(rgbValues[0]/16),intToHexChar(rgbValues[0]%16)});&#10;         String green = new String(new char[]{intToHexChar(rgbValues[1]/16),intToHexChar(rgbValues[1]%16)});&#10;         String blue = new String(new char[]{intToHexChar(rgbValues[2]/16),intToHexChar(rgbValues[2]%16)});&#10;         &#10;         return red + green + blue;&#10;     }&#10;     &#10;     /** Finds the amount of red, green, and blue in a given color.&#10;      * &#10;      * @param color the color to find the rgb of&#10;      * @return an array of ints: [red,green,blue]&#10;      */&#10;     public static int[] rgbValues(Color color){&#10;         int[] values = {color.getRed(),color.getGreen(),color.getBlue()};&#10;         return values;&#10;     }&#10;     &#10;     /** Finds the sum of all the RGB values of a color&#10;      * &#10;      * @param color the color to find the value sum of&#10;      * @return the sum of the values&#10;      */&#10;     &#10;     public static int sumOfrgbValues(Color color){&#10;         int[] values = rgbValues(color);&#10;         int total = 0;&#10;         for(int rgb : values)&#10;             total += rgb;&#10;         return total;&#10;     }&#10;     &#10;     /** creates a completely random color&#10;      * &#10;      * @return the random color&#10;      */&#10;     public static Color randomColor(){&#10;         int r = (int)(Math.random() * 256);&#10;         int g = (int)(Math.random() * 256);&#10;         int b = (int)(Math.random() * 256);&#10;         return new Color(r,g,b);&#10;     }&#10;     &#10;     &#10;     /** Determines if the given color is too extreme (too bright or too skewed.)&#10;      * &#10;      * @param color the color to test&#10;      * @return true if the color is too extreme, false otherwise&#10;      */&#10;    /* public static boolean isColorTooDark(Color color){&#10;         return sumOfrgbValues(color) &lt;= EXTREMELY_DARK_THRESHOLD; //if the color is white, you get 256 * 3 which returns true.&#10;     }*/&#10;     &#10;     //public static boolean i&#10;     &#10;     /** Creates a random color but ensures that it isn't extreme (too bright/skewed.)&#10;      * &#10;      * @return the created color.&#10;      */&#10;     &#10;     /*public static Color randomColorNoExtremes(){&#10;         Color color = Color.white; //this will fail the isColorTooExtreme test&#10;         while(isColorToo(color)){&#10;             color = randomColor();&#10;         }&#10;         return color;&#10;     }*/&#10;}&#10;" Filename="ColorManager.java" Intrnl_Id="52"/>
<SrcFile Content="package cabra;&#10;&#10;import cabra.PointEnums.Activity;&#10;&#10;/** Takes codes entered by the user and takes action if they are valid.&#10; *&#10; * @author Neel&#10; */&#10;public class CodeScanner {&#10;    private CodeScanner(){}&#10;    &#10;    public static enum Codes{&#10;       POINTS_FIRSTRUN(&quot;6FH3VR&quot;, Activity.CODE_FIRSTRUN),&#10;       POINTS_HELP(&quot;3FB98N&quot;, Activity.CODE_HELP),&#10;       POINTS_SOCIAL(&quot;G2CV18&quot;, Activity.CODE_SOCIAL),&#10;       POINTS_SECRET(&quot;5L90YC&quot;, Activity.CODE_SECRET),&#10;       POINTS_TEST(&quot;AAAAAA&quot;, Activity.ZERO),     &#10;        &#10;        /*&#10;       TEMPLATE(&quot;AAAAAA&quot;, Activity.X),&#10;        */  &#10;        ;&#10;        &#10;        &#10;        private String code;&#10;        private Activity activity;&#10;        Codes(String code, Activity activity){&#10;            this.code = code;&#10;            this.activity = activity;&#10;        }&#10;        &#10;        /**&#10;         * Checks the given code with this code; &#10;         * if the code matches the action associated with the code is activated.&#10;         * &#10;         * @param toCheck the user's input string, all uppercase (preferably)&#10;         * @param controller the controller object&#10;         * @return the result of the check&#10;         */&#10;        public Result check(String toCheck, Controller controller){&#10;            javax.swing.JFrame frame = controller.getGUI().getFrame();&#10;            &#10;            if(toCheck.equals(this.code) == false){&#10;                //codes don't match&#10;                //don't show dialog here; if we did, it would show even for a legit code&#10;                return Result.WRONG_CODE;&#10;            } &#10;            else if(this.isRedeemed()){&#10;                //already redeemed code&#10;                Utils.showDialog(frame,&#10;                        &quot;&lt;html&gt;&lt;center&gt;Sorry, you already redeemed the code &lt;i&gt;&quot; + toCheck + &quot;&lt;/i&gt;.&quot;,&#10;                        &quot;Already Redeemed Code&quot;);     &#10;                return Result.ALREADY_REDEEMED;&#10;            }&#10;            else{&#10;                //alert user&#10;                int pointsEarned = this.activity.getPoints();&#10;                Utils.showDialog(frame,&#10;                        &quot;&lt;html&gt;&lt;center&gt;Congrats! Your code &lt;i&gt;&quot; + toCheck + &quot;&lt;/i&gt; was successfully redeemed &quot;&#10;                        + &quot;for &lt;b&gt;&quot; + pointsEarned + &quot;&lt;/b&gt; points!&quot;,&#10;                        &quot;Code Redeemed&quot;);&#10;                &#10;                //earn the points&#10;                controller.gainPoints(this.activity);&#10;                &#10;                //note that this code has already been used&#10;                String existingData = UserData.getString(&quot;Codes&quot;);&#10;                String dataToAdd = toCheck;&#10;                UserData.setString(&quot;Codes&quot;, existingData + &quot; &quot; + dataToAdd);&#10;                &#10;                //load it in the web database (anonymous usage statistics)&#10;                Utils.openURLinDialog(&quot;http://cabra.hathix.com/coderedeemed.php?code=&quot; + toCheck, &#10;                        &quot;&quot;, frame, false);&#10;                &#10;                return Result.SUCCESS;&#10;            }&#10;        }&#10;        &#10;        /**&#10;         * Returns if this code has already been redeemed.&#10;         * @return true if the code has been redeemed, false if it can be redeemed&#10;         */&#10;        public boolean isRedeemed(){&#10;            String codesRedeemed = UserData.getString(&quot;Codes&quot;);&#10;            if(codesRedeemed.contains(this.code))&#10;                return true;&#10;            else&#10;                return false;&#10;        }&#10;        &#10;        /**&#10;         * Checks the given code against all codes to check if it matches any.&#10;         * @param toCheck the user's entered code&#10;         * @param controller the controller code&#10;         */&#10;        public static void checkAgainstAll(String toCheck, Controller controller){&#10;            boolean alreadyRedeemed = false; //check if it has been redeemed&#10;            &#10;            for(Codes code : Codes.values()){&#10;                Result result = code.check(toCheck, controller);&#10;                if(result == Result.ALREADY_REDEEMED)&#10;                    alreadyRedeemed = true;&#10;                else if(result == Result.SUCCESS)&#10;                    return;&#10;                else if (result == Result.WRONG_CODE)&#10;                    continue;&#10;            }&#10;            &#10;            //nothing worked&#10;            if(alreadyRedeemed == false){&#10;                //it hasn't been redeemed; it was wrong across the board&#10;                Utils.showDialog(controller.getGUI().getFrame(),&#10;                    &quot;&lt;html&gt;&lt;center&gt;Sorry, your code &lt;i&gt;&quot; + toCheck + &quot;&lt;/i&gt; was invalid.&quot;,&#10;                    &quot;Code Invalid&quot;);           &#10;            }&#10;        }&#10;    }&#10;    &#10;    public static enum Result{&#10;        SUCCESS,&#10;        ALREADY_REDEEMED,&#10;        WRONG_CODE&#10;    }&#10;    &#10;    /**&#10;     * Scans a given code.&#10;     * @param code a 6-character code entered by the user&#10;     * @param controller the controller object&#10;     */&#10;    public static void scan(String code, Controller controller){&#10;        code = code.trim().toUpperCase();&#10;        //System.out.println(&quot;\&quot;&quot; + code + &quot;\&quot;&quot;);&#10;        Codes.checkAgainstAll(code, controller);&#10;    }&#10;}&#10;" Filename="CodeScanner.java" Intrnl_Id="53"/>
<SrcFile Content="/*&#10; * To change this template, choose Tools | Templates&#10; * and open the template in the editor.&#10; */&#10;&#10;package cabra;&#10;&#10;import javax.swing.*;&#10;import java.awt.*;&#10;import java.util.ArrayList;&#10;&#10;/** A panel where you can view all the cards in a project&#10; *&#10; * @author Neel&#10; */&#10;public class CardViewerPanel extends JPanel {&#10;&#10;    public static final int MY_WIDTH = 340;&#10;    public static final int MY_HEIGHT = 360;&#10;    &#10;    private Controller controller;&#10;    private JFrame frame;&#10;    &#10;    //components&#10;    /** A panel that holds the cards (is the viewport for the scroll pane.)&#10;     * &#10;     */&#10;    private JPanel cardHolder;&#10;    &#10;    public CardViewerPanel(Controller controller,JFrame frame){&#10;        this.controller = controller;&#10;        this.frame = frame;&#10;        &#10;        buildComponents();&#10;        &#10;        //add components&#10;        //add(new JLabel(&quot;&lt;html&gt;&lt;center&gt;&lt;b&gt;Here you can view, edit, and delete flashcards.&lt;br&gt;To study them, click Study in the Home tab.&quot;));&#10;        &#10;        JScrollPane cardScroller = new JScrollPane(cardHolder,ScrollPaneConstants.VERTICAL_SCROLLBAR_ALWAYS,ScrollPaneConstants.HORIZONTAL_SCROLLBAR_NEVER);&#10;        cardScroller.setPreferredSize(new Dimension(MY_WIDTH,MY_HEIGHT));&#10;        add(cardScroller);&#10;        &#10;        update();&#10;    }&#10;    &#10;    public void refresh(){&#10;        SwingUtilities.invokeLater(new Runnable(){&#10;            public void run(){&#10;                update();&#10;            }&#10;        });&#10;        //update();&#10;    }&#10;    &#10;    /** Update which cards are shown.&#10;     * &#10;     */&#10;    private void update(){&#10;        if(controller.getActiveProject() != null){&#10;            updateWithCards(controller.getActiveProject());&#10;        }&#10;        else{&#10;            //no project; shouldn't happen&#10;        }&#10;    }&#10;    &#10;    /** Updates when you know you have cards.&#10;     * &#10;     * @param project the active project&#10;     */&#10;    private void updateWithCards(Project project){&#10;        cardHolder.removeAll();&#10;        &#10;        //get cards from project&#10;        ArrayList&lt;Card&gt; cards = project.getCards();&#10;        &#10;        if(cards.isEmpty()){&#10;            //no cards; show some advice&#10;            cardHolder.add(Utils.createAdvicePanel(&quot;&lt;html&gt;&lt;center&gt;&lt;br&gt;&lt;b&gt;&quot; + project.getName() + &quot;&lt;/b&gt; has no cards.&quot;&#10;                    + &quot;&lt;br&gt;You can create some by clicking &lt;b&gt;Create a flashcard&lt;/b&gt;&lt;br&gt; in the &lt;b&gt;Home tab.&lt;/b&gt;&quot;));&#10;            //the extra &lt;br&gt; at the front lets the whole goat be shown in the background&#10;        }&#10;        else{&#10;            GridBagConstraints constraints = new GridBagConstraints();&#10;            constraints.insets = new Insets(3,0,3,0); //top left bottom right&#10;            for(Card card : cards){&#10;                //build card panel and add it&#10;                constraints.gridy++;&#10;                cardHolder.add(new CardPanel(card,project,controller,frame),constraints);&#10;            }&#10;        }&#10;        //refresh view&#10;        repaint();&#10;        validate();&#10;    }&#10;    &#10;    /** Builds the core components.&#10;     * &#10;     */&#10;    private void buildComponents(){&#10;        cardHolder = new JPanel(new GridBagLayout());&#10;        //cardHolder.setLayout(new GridLayout(0,1,5,5)); //unlimited rows, 5px padding&#10;    }&#10;}&#10;" Filename="CardViewerPanel.java" Intrnl_Id="54"/>
<SrcFile Content="/*&#10; * To change this template, choose Tools | Templates&#10; * and open the template in the editor.&#10; */&#10;&#10;package cabra;&#10;&#10;import javax.swing.*;&#10;import java.awt.*;&#10;import java.awt.event.*;&#10;&#10;/** A small panel with a card's information on it&#10; *&#10; * @author Neel&#10; */&#10;public class CardPanel extends JPanel{&#10;    &#10;    private JFrame frame; //GUI's frame&#10;    private Controller controller;&#10;    &#10;    /** The project that this panel's card is part of.&#10;     * &#10;     */&#10;    private Project project;&#10;&#10;    /** The card that this panel represents.&#10;     * &#10;     */&#10;    private Card card; &#10;    &#10;    //COMPONENTS&#10;    /** The card's picture&#10;     * &#10;     */&#10;    private Picture picture;&#10;    private JTextField question;&#10;    private JTextField answer;&#10;    /** Label with text on rank and reps left&#10;     * &#10;     */&#10;    private JLabel rankInfo;&#10;    &#10;    //constants&#10;    private static final int TEXT_FIELD_WIDTH = 190; //width (px) of text field&#10;    public static final int MAX_WIDTH = 310;&#10;    public static final int MAX_HEIGHT = 80;&#10;    &#10;    //METHODS&#10;    &#10;    /** Creates a CardPanel.&#10;     * &#10;     * @param card the card this panel represents&#10;     * @param owner the project that owns that card&#10;     */&#10;    public CardPanel(Card card,Project owner,Controller controller,JFrame frame){&#10;        super(new BorderLayout());&#10;        &#10;        this.frame = frame;&#10;        this.controller = controller;&#10;        this.project = owner;&#10;        &#10;        buildComponents();&#10;        assemble();&#10;        setCard(card,owner);&#10;        &#10;        setBorder(BorderFactory.createLineBorder(Color.black));       &#10;    }&#10;  &#10;    /** Changes the card that this panel represents.&#10;     * &#10;     * @param card the new card&#10;     * @param owner the project that owns the card&#10;     */&#10;    public void setCard(Card card, Project owner){&#10;        this.card = card;&#10;        &#10;        //update picture area&#10;        if(card.hasPicture()){&#10;            //make an image and show it&#10;            picture.updatePicture(owner.getImageIcon(card.getPictureName()));&#10;        }&#10;        else{&#10;            //no picture&#10;            picture.updatePicture(null);&#10;        }&#10;        //and the text&#10;        //replace newlines with -nl-'s; once the card is saved it'll get reverted to normal&#10;        question.setText(Card.replaceNewlines(card.getQuestion()));&#10;        answer.setText(Card.replaceNewlines(card.getAnswer()));&#10;        &#10;        //setting the text moves the caret to the far left; move it back to the front&#10;        question.setCaretPosition(0);&#10;        answer.setCaretPosition(0);&#10;        &#10;        //rankInfo.setText(&quot;&quot;);&#10;        &#10;        setBackground(card.getStatus().getColor());&#10;    }&#10;    &#10;    /**Builds the components of this panel.&#10;     * &#10;     */&#10;    private void buildComponents(){&#10;        picture = new Picture();&#10;        question = createTextField();&#10;        answer = createTextField();&#10;        //rankInfo = new JLabel();&#10;    }&#10;    &#10;    /** Assembles this panel.&#10;     * &#10;     */&#10;    private void assemble(){&#10;        //picture first; then question; then answer; then tool buttons&#10;        &#10;        //create panel containing question and area&#10;        JPanel questionHolder = new JPanel();&#10;        JLabel q = new JLabel(&quot;Q:&quot;);&#10;            q.setToolTipText(&quot;Question&quot;);&#10;        questionHolder.add(q);&#10;        questionHolder.add(question);&#10;        &#10;        JPanel answerHolder = new JPanel();&#10;        JLabel a = new JLabel(&quot;A:&quot;);&#10;            a.setToolTipText(&quot;Answer&quot;);&#10;        answerHolder.add(a);&#10;        answerHolder.add(answer);&#10;        &#10;        &#10;        //add components        &#10;        add(BorderLayout.WEST,picture);&#10;        JPanel textHolder = new JPanel();&#10;            textHolder.setLayout(new GridLayout(2,1));&#10;            textHolder.add(/*BorderLayout.NORTH,*/questionHolder);&#10;            textHolder.add(/*BorderLayout.SOUTH,*/answerHolder);&#10;            //textHolder.add(rankInfo);&#10;        add(BorderLayout.CENTER,textHolder);&#10;        &#10;        //add tools to the far left in a toolbar&#10;        JToolBar toolbar = new JToolBar(JToolBar.VERTICAL);&#10;        toolbar.setFloatable(false);&#10;        &#10;        JButton delete = new JButton(GUI.createImageIcon(&quot;trash.png&quot;));&#10;            delete.setToolTipText(&quot;Delete this card&quot;);&#10;            delete.addActionListener(new DeleteListener());&#10;            toolbar.add(delete);&#10;        JButton edit = new JButton(GUI.createImageIcon(&quot;pencil.png&quot;));&#10;            edit.setToolTipText(&quot;Edit this card&quot;);&#10;            edit.addActionListener(new EditListener());&#10;            toolbar.add(edit);&#10;        add(BorderLayout.EAST,toolbar);&#10;        &#10;        setPreferredSize(new Dimension(MAX_WIDTH,MAX_HEIGHT));&#10;    }&#10;    &#10;    /** Creates the question or answer text field&#10;     * &#10;     * @return the created text field&#10;     */&#10;    private JTextField createTextField(){&#10;        Font font = FontManager.PREFERRED_FONT;&#10;        JTextField text = new JTextField();&#10;        text.setPreferredSize(new Dimension(TEXT_FIELD_WIDTH, font.getSize() + 15));&#10;        text.setEditable(false);&#10;        text.setFont(font);&#10;        return text;&#10;    }&#10;&#10;    @Override&#10;    public void paintComponent(Graphics g){&#10;        super.paintComponent(g);&#10;&#10;        Font font = FontManager.PREFERRED_FONT;&#10;        g.setFont(font);&#10;        g.drawString(card.getStatus().name(),getWidth() - font.getSize(),getHeight() - 8); //12x8 is dims of letter&#10;    }&#10;    &#10;    /** Shows the picture.&#10;     * &#10;     */&#10;    private class Picture extends JPanel{&#10;        &#10;        public static final int MY_WIDTH = 50;&#10;        public static final int MY_HEIGHT = 50;&#10;        &#10;        private ImageIcon image;&#10;        &#10;        public Picture(){&#10;            setPreferredSize(new Dimension(MY_WIDTH,MY_HEIGHT));&#10;        }&#10;        &#10;        /** Updates the image.&#10;         * &#10;         * @param image the new image&#10;         */&#10;        public void updatePicture(final ImageIcon image){&#10;            this.image = image;&#10;            &#10;            if(hasImage()){&#10;                //show full size on click&#10;                setToolTipText(&quot;Click to view full size&quot;);&#10;                addMouseListener(new MouseAdapter(){&#10;                   @Override&#10;                   public void mouseClicked(MouseEvent e){&#10;                       ImageManager.showImage(image, controller.getGUI().getFrame());&#10;                   }&#10;                });                &#10;            }&#10;            else{&#10;                //remove tool tip text &amp; mouse listener&#10;                setToolTipText(null);&#10;                if(getMouseListeners().length &gt; 0)&#10;                    removeMouseListener(getMouseListeners()[0]);&#10;            }&#10;            &#10;            repaint();&#10;        }&#10;        &#10;        @Override&#10;        public void paintComponent(Graphics g){&#10;            super.paintComponent(g);&#10;            &#10;            if(hasImage()){&#10;                //resize picture to appropriate size&#10;                ImageIcon newPicture = ImageManager.scaleImage(image, MY_WIDTH, MY_HEIGHT); &#10;&#10;                int width = newPicture.getIconWidth();&#10;                int height = newPicture.getIconHeight();&#10;&#10;                //get offsets in order to center picture&#10;                int verticalOffset = (getHeight() - height) / 2;&#10;                int horizontalOffset = (getWidth() - width) / 2;&#10;                    //if the image is thinner than this panel, offset it&#10;&#10;                //paint the picture&#10;                g.drawImage(newPicture.getImage(),horizontalOffset,verticalOffset,this);&#10;                    //offsets let the image be centered&#10;            }&#10;        }&#10;        &#10;        /**&#10;         * Returns if this Picture actually has an image inside it.&#10;         * @return &#10;         */&#10;        private boolean hasImage(){&#10;            return !(image == null || (image.getIconHeight() == -1 &amp;&amp; image.getIconWidth() == -1));&#10;        }&#10;        &#10;    }    &#10;    &#10;    // LISTENERS&#10;    /** When trash is clicked.&#10;     * &#10;     */&#10;    private class DeleteListener implements ActionListener{&#10;        public void actionPerformed(ActionEvent e){&#10;            //get confirmation&#10;            if(InputManager.confirm(&quot;Are you sure you want to delete this card?&quot;, frame)){&#10;                project.removeCard(card);&#10;                controller.refresh();&#10;            }&#10;        }&#10;    }&#10;    &#10;    /** When the user wants to edit the card.&#10;     * &#10;     */&#10;    private class EditListener implements ActionListener{&#10;        public void actionPerformed(ActionEvent e){&#10;            //make things editable&#10;            question.setEditable(true);&#10;            answer.setEditable(true);&#10;            &#10;            //change the background color to let the user know it's editable&#10;            Color bg = ColorManager.createColor(&quot;FFF4C1&quot;);&#10;            question.setBackground(bg);&#10;            answer.setBackground(bg);&#10;            &#10;            question.requestFocus();&#10;            &#10;            //turn the edit button into a save button and have it save the card when it's done&#10;            JButton edit = (JButton)e.getSource(); //hackwork, but it works&#10;            edit.setIcon(GUI.createImageIcon(&quot;floppy.png&quot;));&#10;            edit.setToolTipText(&quot;Save your changes&quot;);&#10;            &#10;            edit.removeActionListener(this); //don't let it edit once it's clicked&#10;            edit.addActionListener(new SaveListener());&#10;        }&#10;    }&#10;    &#10;    /** After the user starts editing, they click this once they're done.&#10;     * &#10;     */&#10;    private class SaveListener implements ActionListener{&#10;        public void actionPerformed(ActionEvent e){&#10;            //edit card's info&#10;            //newlines have been replaced with the -nl-; bring them back&#10;            card.setQuestion(Card.bringBackNewlines(question.getText()));&#10;            card.setAnswer(Card.bringBackNewlines(answer.getText()));&#10;            &#10;            //save it&#10;            project.saveCards();&#10;            &#10;            //make question/answer uneditable&#10;            question.setEditable(false);&#10;            answer.setEditable(false);&#10;            &#10;            //return the fields to original color&#10;            question.setBackground(Color.white);&#10;            answer.setBackground(Color.white);&#10;            &#10;            //make the button back into the edit button&#10;            JButton edit = (JButton)e.getSource();&#10;            edit.setIcon(GUI.createImageIcon(&quot;pencil.png&quot;));&#10;            edit.setToolTipText(&quot;Edit this card&quot;);&#10;            &#10;            edit.removeActionListener(this); //no more saving for now&#10;            edit.addActionListener(new EditListener());         &#10;        }&#10;    }&#10;}&#10;" Filename="CardPanel.java" Intrnl_Id="55"/>
<SrcFile Content="/*&#10; * To change this template, choose Tools | Templates&#10; * and open the template in the editor.&#10; */&#10;&#10;package cabra;&#10;&#10;/**&#10; *&#10; * @author Neel&#10; */&#10;&#10;//import java.beans.PropertyChangeListener;&#10;import javax.swing.*;&#10;import java.awt.*;&#10;import java.awt.event.*;&#10;//import java.util.ArrayList;&#10;&#10;public class CardCreatorPanel extends JPanel{&#10;    //allows you to create a new card and add it to the project&#10;    &#10;    private JTextArea questionArea; //where question is typed&#10;    private JTextArea answerArea; //where answer is typed&#10;    private JButton createCard; //the button that's pressed to create a card&#10;    // private JButton clear; //clears the question and answer text areas&#10;    // private JCheckBox important; //gives you the option of making a question important, thereby making two copies of that card&#10;    private PicturePreview preview; //shows a preview of the image&#10;    private String picturePath = &quot;&quot;; //the path to the uploaded picture&#10;    private JButton clearPictureField; //a button that clears the picture field&#10;    &#10;    private Controller controller;&#10;    private TabPane tabPane; //needed to react to card creation events&#10;    private GUI gui;&#10;    &#10;    public static final int MY_WIDTH = 380;&#10;    public static final int MY_HEIGHT = 395;&#10;    &#10;    //for text areas&#10;    public static final int TEXT_AREA_HEIGHT = 116;&#10;    public static final int ANSWER_WIDTH = 325;&#10;    public static final int QUESTION_WIDTH = 210;&#10;    public static final int TAB_SIZE = 2; //the actual tab size is about twice this&#10;    &#10;    public CardCreatorPanel(TabPane tabPane, GUI gui, Controller controller){&#10;        this.tabPane = tabPane;&#10;        this.gui = gui;&#10;        this.controller = controller;&#10;&#10;        setPreferredSize(new Dimension(MY_WIDTH,MY_HEIGHT));&#10;        &#10;        questionArea = createTextArea();&#10;        answerArea = createTextArea();&#10;        addBindings();&#10;        &#10;        createCard = new JButton();&#10;    }&#10;    &#10;    public void createPanel(){&#10;        //called when the panel needs to be set up&#10;        add(new JLabel(&quot;&lt;html&gt;&lt;b&gt;Question:&lt;/b&gt;&quot;));&#10;        &#10;        JPanel questionHolder = new JPanel();&#10;        //create a scroll pane for question area&#10;        JScrollPane questionScroller = new JScrollPane(questionArea);&#10;        questionScroller.setVerticalScrollBarPolicy(ScrollPaneConstants.VERTICAL_SCROLLBAR_AS_NEEDED);&#10;        questionScroller.setHorizontalScrollBarPolicy(ScrollPaneConstants.HORIZONTAL_SCROLLBAR_NEVER);&#10;        questionScroller.setPreferredSize(new Dimension(QUESTION_WIDTH, TEXT_AREA_HEIGHT));&#10;        questionHolder.add(questionScroller);&#10;        //add(createPictureUploader());&#10;        &#10;        //create picture uploader&#10;        ImageChooser chooser;&#10;        &#10;        //a preview panel for the image&#10;        preview = new PicturePreview();&#10;        &#10;        //JButton for inserting picture&#10;        final JButton insertPicture = new JButton(GUI.createImageIcon(&quot;insertimage.png&quot;));&#10;        insertPicture.setToolTipText(&quot;Add a picture to this flashcard&quot;);&#10;        insertPicture.addActionListener(new AddPictureListener());&#10;        &#10;        //JButton for clearing contents of text box&#10;        clearPictureField = new JButton(GUI.createImageIcon(&quot;eraser.png&quot;));&#10;        clearPictureField.setToolTipText(&quot;Remove the picture from this flashcard&quot;);&#10;        clearPictureField.setEnabled(false); //nothing in the text box&#10;        clearPictureField.addActionListener(new ActionListener(){&#10;            public void actionPerformed(ActionEvent e){&#10;                //reset contents of the image preview field&#10;                preview.updatePicture(null);&#10;                picturePath = &quot;&quot;;&#10;                clearPictureField.setEnabled(false); //disable it because there's no picture&#10;                insertPicture.requestFocus();&#10;            }&#10;        });&#10;        &#10;        //finally assemble imagechooser&#10;        chooser = new ImageChooser(insertPicture,clearPictureField,preview);&#10;        &#10;        questionHolder.add(chooser);        &#10;        add(questionHolder);&#10;        &#10;        add(new JLabel(&quot;&lt;html&gt;&lt;b&gt;Answer:&lt;/b&gt;&quot;));&#10;        //now a scroll pane for the answer area&#10;        JScrollPane answerScroller = new JScrollPane(answerArea);&#10;        answerScroller.setVerticalScrollBarPolicy(ScrollPaneConstants.VERTICAL_SCROLLBAR_AS_NEEDED);&#10;        answerScroller.setHorizontalScrollBarPolicy(ScrollPaneConstants.HORIZONTAL_SCROLLBAR_NEVER);&#10;        answerScroller.setPreferredSize(new Dimension(ANSWER_WIDTH, TEXT_AREA_HEIGHT));&#10;        add(answerScroller);&#10;        &#10;                &#10;        //holds the bottom two components: &quot;important&quot; checkbox, &quot;create card&quot; button&#10;        JPanel bottomContainer = new JPanel();&#10;        bottomContainer.setLayout(new BoxLayout(bottomContainer,BoxLayout.PAGE_AXIS));&#10;        &#10;        //important.setAlignmentX(Component.CENTER_ALIGNMENT);&#10;        //bottomContainer.add(important);&#10;        &#10;        createCard.setText(&quot;Finish and add card&quot;);&#10;        createCard.setIcon(GUI.createImageIcon(&quot;check.png&quot;));          &#10;        createCard.setAlignmentX(Component.CENTER_ALIGNMENT);&#10;        createCard.setPreferredSize(new Dimension(180, 45));           &#10;        createCard.addActionListener(new cardListener());&#10;        bottomContainer.add(createCard);&#10;        &#10;        //now add the bottom container&#10;        add(bottomContainer);&#10;        &#10;       // add(clear);&#10;       // clear.addActionListener(new clearListener());&#10;    }&#10;    &#10;    public void refresh(){&#10;        /*if(tabPane.getActiveProject() == null){&#10;            //there is no active project&#10;            //important.setEnabled(false);&#10;            createCard.setEnabled(false);&#10;            createCard.setText(&quot;You need to set a project as active.&quot;);&#10;            createCard.setIcon(GUI.createImageIcon(&quot;x.png&quot;));&#10;        }&#10;        else{*/&#10;            //there is an active project&#10;            //important.setEnabled(true);&#10;&#10;        //}&#10;    }&#10;    &#10;    private void clearFields(){&#10;        //empty the question and answer fields&#10;        questionArea.setText(&quot;&quot;);&#10;        answerArea.setText(&quot;&quot;); &#10;        preview.updatePicture(null);&#10;        picturePath = &quot;&quot;;&#10;        clearPictureField.setEnabled(false);&#10;        questionArea.requestFocus();&#10;    }&#10;    &#10;    /** Automates the creation of a text area (question or answer.)&#10;     * @return the created JTextArea&#10;     */&#10;    private JTextArea createTextArea(){&#10;        JTextArea textArea = new JTextArea();&#10;        //textArea.setPreferredSize(new Dimension(width, height));&#10;&#10;        textArea.setLineWrap(true);&#10;        textArea.setTabSize(TAB_SIZE);&#10;        textArea.setWrapStyleWord(true);  &#10;        textArea.setFont(FontManager.PREFERRED_FONT);&#10;                &#10;        return textArea;        &#10;    }&#10;    &#10;    /**Adds bindings to the text areas.&#10;     * &#10;     */&#10;    private void addBindings(){&#10;        &#10;        //question area: Tab to jump to answer area       &#10;        InputMap inputMap = questionArea.getInputMap(); //we'll add bindings here&#10;        KeyStroke key = KeyStroke.getKeyStroke(KeyEvent.VK_TAB,0);&#10;        Action action = new AbstractAction(){&#10;            public void actionPerformed(ActionEvent e) {&#10;                answerArea.requestFocus();&#10;            }  &#10;        };&#10;        action.putValue(Action.NAME, &quot;Jump to answer text area&quot;);        &#10;        inputMap.put(key, action);      &#10;        &#10;        //answer area: Tab to add the card (click the button) &#10;        inputMap = answerArea.getInputMap(); //we'll add bindings here&#10;        key = KeyStroke.getKeyStroke(KeyEvent.VK_TAB,0);&#10;        action = new AbstractAction(){&#10;            public void actionPerformed(ActionEvent e) {&#10;                createCard.doClick();&#10;            }  &#10;        };&#10;        action.putValue(Action.NAME, &quot;Jump to answer text area&quot;);        &#10;        inputMap.put(key, action);&#10;    }&#10;    &#10;    @Override&#10;        public void paintComponent(Graphics g){&#10;            super.paintComponent(g);&#10;&#10;            Utils.drawEmblem(this, g);&#10;        }    &#10;    &#10;    &#10;    class AddPictureListener implements ActionListener{&#10;        public void actionPerformed(ActionEvent e){&#10;            //get an image&#10;            java.io.File imageFile = gui.requestImageFile();&#10;            if(imageFile != null){&#10;                //update text in picture field to file's absolute path&#10;                picturePath = imageFile.getAbsolutePath();&#10;                preview.updatePicture(GUI.createImageIconFromFullPath(picturePath));&#10;                //make the clear button enabled&#10;                clearPictureField.setEnabled(true);&#10;            }&#10;            /*//turn it into an image&#10;            ImageIcon imageToInsert = GUI.createImageIconFromFullPath(imageFile.getAbsolutePath()); &#10;            //resize it&#10;            imageToInsert = new ImageIcon(GUI.scaleImage(imageToInsert.getImage(), 80, 80)); &#10;            &#10;            //set picture on image button&#10;            addPictureButton.setIcon(imageToInsert);&#10;            addPictureButton.setToolTipText(imageFile.getAbsolutePath()); //store path to file in here&#10;        */&#10;        }&#10;    }&#10;    &#10;    class cardListener implements ActionListener{&#10;        public void actionPerformed(ActionEvent e){&#10;            //get text from the boxes&#10;            String question = questionArea.getText();&#10;            String answer = answerArea.getText();&#10;            String picture = picturePath;&#10;            &#10;            System.out.println(question);&#10;            &#10;            //empty is no good!&#10;            &#10;            if(answer.trim().equals(&quot;&quot;) &amp;&amp; question.trim().equals(&quot;&quot;)){&#10;                //nothing at all entered&#10;                questionArea.requestFocus();&#10;                return;&#10;            }&#10;            &#10;            if(answer.trim().equals(&quot;&quot;)){&#10;                answerArea.requestFocus();&#10;                return;&#10;            }&#10;            &#10;            if(question.trim().equals(&quot;&quot;) &amp;&amp; picture.equals(&quot;&quot;)){&#10;                //no question or picture; you're allowed to have just picture or just question&#10;                questionArea.requestFocus();&#10;                return;&#10;            }&#10;            &#10;            //done checking, make card&#10;            if(picture.equals(&quot;&quot;) == false){&#10;                //check that there's actually picture text and that it's a picture (proper extension)&#10;                //they chose to upload a picture, so create a card with a picture&#10;                controller.addCardToActiveProject(new Card(question,answer,picture));&#10;            }&#10;            else{&#10;                //no picture&#10;                controller.addCardToActiveProject(new Card(question,answer));&#10;            }    &#10;            &#10;            //reset for the next card&#10;            clearFields();&#10;        }&#10;    }&#10;&#10;    /** Strictly for layout.&#10;     * &#10;     */&#10;    private class ImageChooser extends JPanel{&#10;    &#10;        public ImageChooser(JButton choose, JButton clear,PicturePreview preview){&#10;            this.setLayout(new BoxLayout(this,BoxLayout.PAGE_AXIS));&#10;            &#10;            //put buttons side by side&#10;            JPanel buttonContainer = new JPanel();&#10;            buttonContainer.add(choose);&#10;            buttonContainer.add(clear);&#10;            &#10;            add(preview);&#10;            add(buttonContainer);&#10;            &#10;        }&#10;    }&#10;    &#10;    private class PicturePreview extends JPanel{&#10;        &#10;        public static final int MY_WIDTH = 70;&#10;        public static final int MY_HEIGHT = 70;&#10;        &#10;        private ImageIcon image;&#10;        &#10;        public PicturePreview(){&#10;            setPreferredSize(new Dimension(MY_WIDTH,MY_HEIGHT));&#10;        }&#10;        &#10;        /** Updates the image.&#10;         * &#10;         * @param image the new image&#10;         */&#10;        public void updatePicture(ImageIcon image){&#10;            this.image = image;&#10;            &#10;            repaint();&#10;        }&#10;        &#10;        @Override&#10;        public void paintComponent(Graphics g){&#10;            super.paintComponent(g);&#10;&#10;            if(image == null){&#10;                //g.setFont(FontManager.PREFERRED_FONT); &#10;                //draw text&#10;                g.drawString(&quot;Add a picture...&quot;,10,getWidth()/2-12);&#10;            }&#10;            else{&#10;                //resize picture to appropriate size&#10;                ImageIcon newPicture = GUI.scaleImage(image, MY_WIDTH, MY_HEIGHT); &#10;&#10;                int width = newPicture.getIconWidth();&#10;                int height = newPicture.getIconHeight();&#10;&#10;                //get offsets in order to center picture&#10;                int verticalOffset = (getHeight() - height) / 2;&#10;                int horizontalOffset = (getWidth() - width) / 2;&#10;                    //if the image is thinner than this panel, offset it&#10;&#10;                //paint the picture&#10;                g.drawImage(newPicture.getImage(),horizontalOffset,verticalOffset,this);&#10;                    //offsets let the image be centered&#10;            }&#10;        }&#10;        &#10;    }&#10;    &#10;    /*&#10;    class clearListener implements ActionListener{&#10;        public void actionPerformed(ActionEvent e){&#10;            //clear the question and answer fields&#10;            clearFields();&#10;        }&#10;    }*/&#10;    &#10;}&#10;" Filename="CardCreatorPanel.java" Intrnl_Id="56"/>
<SrcFile Content="/*&#10; * To change this template, choose Tools | Templates&#10; * and open the template in the editor.&#10; */&#10;&#10;package cabra;&#10;&#10;//import javax.swing.*;&#10;import java.io.*;&#10;&#10;/**&#10; *&#10; * @author Neel&#10; */&#10;public class Card extends Object{&#10;    //a simple quiz card with a question and answer&#10;    &#10;    private String questionText;&#10;    private String answerText;&#10;    private String pictureName; //this card might have a picture&#10;    private Status status; //rank&#10;    private int sessionsLeft; //sessions until next study&#10;    &#10;    public static final String NO_PICTURE_STRING = &quot; &quot;; //not really empty, just represents no picture&#10;    public static final String DELIMITER = &quot;//&quot;; //separates fields&#10;    public static final String NEWLINE_REPLACER = &quot;-nl-&quot;; //\n's are replaced with this string during saving and loading&#10;    public static final String NEWLINE = &quot;\n&quot;; //signifies a new line in card text&#10;    &#10;    &#10;    //the ultimate one&#10;    //the rest cascade under this, overloading to the one above it&#10;    public Card(Status status, int sessionsLeft, String question, String answer, String pictureName){&#10;        setStatus(status);&#10;        this.sessionsLeft = sessionsLeft;&#10;        &#10;        this.questionText = question;&#10;        this.answerText = answer;&#10;        this.pictureName = pictureName;&#10;    }  &#10;    &#10;    public Card(Status status,String question,String answer,String pictureName){&#10;        this(status,status.getReps(),question,answer,pictureName);&#10;    }&#10;    &#10;    public Card(String question,String answer,String pictureName){&#10;        this(Status.DEFAULT_STATUS,question,answer,pictureName);&#10;    }&#10;    &#10;    public Card(String question,String answer){&#10;        this(question,answer,NO_PICTURE_STRING);&#10;    }&#10;    &#10;    &#10;    public void trimPictureFile(){&#10;        //right now we have to full path to the picture... get just the name &quot;foo.png&quot;&#10;        File picture = new File(pictureName);&#10;        this.pictureName = picture.getName();        &#10;    }&#10;    &#10;    /** Tells if this card has a picture&#10;     * &#10;     * @return true if it has a picture, false otherwise&#10;     */&#10;    public boolean hasPicture(){&#10;        return !pictureName.equals(NO_PICTURE_STRING);&#10;    }&#10;&#10;    &#10;    /** Status stuff */&#10;    public void setStatus(Status status){&#10;        //System.out.println(&quot;Setting status: &quot; + status.toString());&#10;        this.status = status;&#10;        this.sessionsLeft = status.getReps();&#10;        //System.out.println(status.toString() + sessionsLeft);&#10;    }&#10;    &#10;    public Status getStatus(){&#10;        return this.status;&#10;    }&#10;    &#10;    public int sessionsLeft(){&#10;        return sessionsLeft;&#10;    }&#10;    &#10;    public boolean isDueForStudying(){&#10;        return sessionsLeft &lt;= 0;&#10;    }&#10;    &#10;    /** This card is studied.&#10;     * &#10;     * @param result Choices.YES if it was known, Choices.NO if it wasn't&#10;     */&#10;    public void study(KnowPanel.Choices result){&#10;        switch(result){&#10;            case YES:&#10;                //send rank up&#10;                setStatus(status.nextRank());&#10;                break;&#10;            case NO:&#10;                //send it back to bottom&#10;                setStatus(Status.A);&#10;                break;&#10;            case SORT_OF:&#10;                //send rank down 1&#10;                setStatus(status.previousRank());&#10;                break;&#10;            case SKIPPED:&#10;                break;&#10;        }&#10;    }&#10;    &#10;    /** This card isn't studied this round&#10;     * &#10;     */&#10;    public void skip(){&#10;        if(sessionsLeft &gt; 0)&#10;            sessionsLeft--;&#10;    }&#10;&#10;    public String getQuestion(){&#10;        //replace newlines&#10;        String text = bringBackNewlines(questionText);&#10;        //return question&#10;        return text;&#10;    }&#10;    public String getAnswer(){&#10;        return bringBackNewlines(answerText); //replace the newline replacer with the actual \n character&#10;    }&#10;    &#10;    public void setQuestion(String text){&#10;        if(text != null &amp;&amp; text.equals(&quot;&quot;)==false)&#10;            this.questionText = text;&#10;    }&#10;    &#10;    public void setAnswer(String text){&#10;        if(text != null &amp;&amp; text.equals(&quot;&quot;)==false)&#10;            this.answerText = text; &#10;    }&#10;    &#10;    public String getPictureName(){&#10;        return pictureName;&#10;    }&#10;    &#10;    public File getPictureFile(){&#10;        return new File(pictureName);&#10;    }&#10;    &#10;    /** Changes the name (path) of the picture.&#10;     * &#10;     * @param name the path (absolute or relative) of the picture file&#10;     */&#10;    public void setPictureName(String name){&#10;       this.pictureName = name;&#10;    }&#10;    &#10;    /** Removes the picture from this card.&#10;     * &#10;     */&#10;    public void removePicture(){&#10;        setPictureName(Card.NO_PICTURE_STRING);&#10;    }&#10;    &#10;    /**Replaces the newline replacers in the given text with real newlines&#10;     * &#10;     * @param string the string to be fixed&#10;     * @return the fixed string&#10;     */&#10;    &#10;    public static String bringBackNewlines(String string){&#10;        //escape all characters&#10;        //String literal = Matcher.quoteReplacement(string);&#10;        String fixed = string.replaceAll(Card.NEWLINE_REPLACER, Card.NEWLINE);&#10;        return fixed;&#10;    }&#10;    &#10;    /** Replaces the newlines in a string of text with the newline replacer.&#10;     * &#10;     * @param string the string to be messed with&#10;     * @return the new string&#10;     */&#10;    &#10;    public static String replaceNewlines(String string){&#10;            //get a literal interpretation of the string&#10;            //String literal = Matcher.quoteReplacement(string);&#10;            //now replace stuff&#10;            string = string.replaceAll(Card.NEWLINE, Card.NEWLINE_REPLACER);&#10;            return string;&#10;    }&#10;    &#10;    /** Creates a card based on the raw data string passed.&#10;     * &#10;     * @param text the raw text&#10;     * @return the created card&#10;     */&#10;    public static Card createCardBasedOnText(String text){&#10;        try{&#10;            //create a card for each line here&#10;            String[] stuff = text.split(Card.DELIMITER);&#10;            //first string is status, next string is question, then answer, then image&#10;            &#10;            //cards made in older versions need to be slightly adapted&#10;            String fixedFirst = Status.importFromPast(stuff[0]);&#10;&#10;            Card card = new Card(&#10;            Status.getStatus(fixedFirst.substring(0,1)),&#10;            Integer.parseInt(fixedFirst.substring(1,fixedFirst.length())), //grab however many digits&#10;            stuff[1],&#10;            stuff[2],&#10;            stuff[3]);&#10;            &#10;            return card;&#10;        }&#10;        catch(Exception e){&#10;            //a malformed line, maybe?&#10;            System.out.println(&quot;Malformed card! Details:&quot; + e);&#10;            return null;&#10;        }&#10;    }&#10;    &#10;    @Override&#10;    public String toString(){&#10;        //used during saving of this card&#10;        String text = status.toString() + sessionsLeft + Card.DELIMITER&#10;                    + questionText + Card.DELIMITER&#10;                    + answerText + Card.DELIMITER&#10;                    + pictureName;&#10;            //replace newlines with the newline replacer&#10;            text = replaceNewlines(text);&#10;            //now that it's cleaned up return it&#10;            return text;&#10;    }&#10;    &#10;    @Override&#10;            public boolean equals(Object aCard){&#10;                if(aCard == null) return false;&#10;                if(aCard instanceof Card == false)return false; //if it's not a card, stop it&#10;                    Card card = (Card)aCard;&#10;                    if(card == null) return false;&#10;                    return card.answerText.equals(this.answerText) &amp;&amp; card.questionText.equals(this.questionText)&#10;                            &amp;&amp; card.pictureName.equals(this.pictureName)&#10;                            &amp;&amp; card.status == this.status;&#10;                    //everything must match&#10;                &#10;            }&#10;&#10;    @Override&#10;    public int hashCode() {&#10;        int hash = 7;&#10;        hash = 43 * hash + (this.questionText != null ? this.questionText.hashCode() : 0);&#10;        hash = 43 * hash + (this.answerText != null ? this.answerText.hashCode() : 0);&#10;        hash = 43 * hash + (this.pictureName != null ? this.pictureName.hashCode() : 0);&#10;        hash = 43 * hash + (this.status != null ? this.status.hashCode() : 0);&#10;        return hash;&#10;    }&#10;}&#10;" Filename="Card.java" Intrnl_Id="57"/>
<SrcFile Content="/*&#10; * To change this template, choose Tools | Templates&#10; * and open the template in the editor.&#10; */&#10;&#10;package cabra;&#10;&#10;import javax.swing.*;&#10;import java.awt.*;&#10;import java.awt.event.*;&#10;&#10;/** A panel for the answer. See StudyTextPanel.&#10; * @see cabra.abstracts.StudyTextPanel.java&#10; *&#10; * @author Neel&#10; */&#10;public class AnswerPanel extends cabra.abstracts.StudyTextPanel{&#10;&#10;    private JButton showAnswer; //you can click it to show the answer&#10;    private JTextField enterAnswer; //user enters answer here&#10;    &#10;    public AnswerPanel(StudyPanel studyPanel,Controller controller,GUI gui){&#10;        super(studyPanel,controller,gui);&#10;        &#10;        enterAnswer = new JTextField(18);&#10;    }&#10;    &#10;    public void focusTextField(){&#10;        enterAnswer.requestFocus();&#10;        enterAnswer.requestFocusInWindow();&#10;    }&#10;    &#10;    @Override&#10;            public void update(Card card){&#10;                if(card == null){&#10;                    //no card being viewed...&#10;                }&#10;                else{&#10;                    //set the text area's contents, we just won't show it yet&#10;                    textArea.setText(card.getAnswer());  &#10;                    &#10;                    enterAnswer.setText(&quot;&quot;); &#10;&#10;                    //a little different. Get rid of the text area &amp; fill with a JButton that, when clicked, shows this card&#10;                    //remove the scroller since that's what we put in&#10;                    removeAll(); //takes care of everything&#10;                    showAnswer = new JButton(&quot;Show answer&quot;,GUI.createImageIcon(&quot;eye.png&quot;));&#10;                    showAnswer.setMnemonic(KeyEvent.VK_S);&#10;                    //GUI.makeLarge(showAnswer);&#10;                    showAnswer.addActionListener(new ShowAnswerListener());&#10;&#10;                    //this holds answer field&#10;                    JPanel enterAnswerHolder = new JPanel();&#10;                        enterAnswerHolder.add(new JLabel(&quot;Your answer:&quot;));&#10;                        enterAnswerHolder.add(enterAnswer);&#10;                        &#10;                    add(BorderLayout.NORTH,enterAnswerHolder);&#10;                    add(BorderLayout.CENTER,showAnswer);&#10;&#10;                    //refresh view&#10;                    validate();&#10;                    repaint();&#10;                }                &#10;            }&#10;    &#10;    private class ShowAnswerListener implements ActionListener{&#10;        public void actionPerformed(ActionEvent e) {&#10;            //empty panel of the button&#10;            removeAll(); //that's the showAnswer JButton&#10;            &#10;            add(BorderLayout.CENTER,scroller); //add the text area (update() already put text in it)&#10;            validate(); //without this, the JButton doesn't go away&#10;            repaint();&#10;            &#10;            //notify the study panel that the answer has now been viewed&#10;            studyPanel.answerShown();&#10;           &#10;        } &#10;    }&#10;}&#10;" Filename="AnswerPanel.java" Intrnl_Id="58"/>
<SrcFile Content="/*&#10; * To change this template, choose Tools | Templates&#10; * and open the template in the editor.&#10; */&#10;&#10;package cabra;&#10;&#10;import javax.swing.*;&#10;import javax.swing.event.HyperlinkEvent;&#10;import javax.swing.event.HyperlinkListener;&#10;import static cabra.Utils.*;&#10;&#10;/**&#10; *&#10; * @author Neel&#10; */&#10;public class About {&#10;    &#10;    /** The version.&#10;     * Stable releases should use x.x.x.&#10;     * Beta releases should use x.x.x beta x.&#10;     * &#10;     */&#10;    public static final String VERSION = &quot;0.7.1 beta 1&quot;;&#10;    /**&#10;     * Judges if the current version is a beta/alpha/nightly (prerelease) or stable release.&#10;     */&#10;    public static final boolean PRERELEASE = VERSION.contains(&quot;beta&quot;) || VERSION.contains(&quot;alpha&quot;) || VERSION.contains(&quot;nightly&quot;);&#10;    &#10;    /**&#10;     * Judges if the current version is a nightly build.&#10;     */&#10;    public static final boolean NIGHTLY = VERSION.contains(&quot;nightly&quot;);&#10;    &#10;    /**&#10;     * The name of this program. It can be easily changed if it's a prerelease version etc.&#10;     */&#10;    public static final String PROGRAM_NAME = &quot;Cabra&quot;;&#10;    &#10;    /**&#10;     * Add this to the end of an URL you open here so Piwik can track it.&#10;     */&#10;    public static final String TRACKING_URL_ADDON = &quot;?pk_campaign=Cabra&amp;pk_kwd=MenuBar&quot;;    &#10;    &#10;    /** The string that contains the URL to the about page. Based off the version.&#10;     * &#10;     */&#10;    public static final String ABOUT_PAGE = &quot;http://www.cabra.hathix.com/cabra/&quot;&#10;            + Utils.sanitizeURL(VERSION) //URL with spaces doesn't seem to work so escape them&#10;            + &quot;.php&quot;;&#10;    &#10;    private static JPanel ABOUT_PANEL = null;&#10;    private static JDialog ABOUT_DIALOG = null;&#10;    &#10;    /** Builds the About Dialog. Call showDialog() to finally show it.&#10;     * &#10;     * @param frame the frame that will be the parent of this dialog&#10;     */&#10;    public static void createDialog(JFrame frame){     &#10;        ABOUT_DIALOG = new JDialog(frame);&#10;        ABOUT_DIALOG.setTitle(&quot;About Cabra &quot; + VERSION);&#10;        ABOUT_DIALOG.setIconImage(GUI.createImageIcon(&quot;goat16.png&quot;).getImage());&#10;        ABOUT_DIALOG.setContentPane(ABOUT_PANEL);                &#10;        //ABOUT_DIALOG.setSize(new java.awt.Dimension(AboutBrowser.MY_WIDTH,AboutBrowser.MY_HEIGHT));&#10;        ABOUT_DIALOG.pack();&#10;        ABOUT_DIALOG.setResizable(false);&#10;        ABOUT_DIALOG.setModal(true);&#10;        Utils.centerComponent(ABOUT_DIALOG,frame);        &#10;    }&#10;    &#10;    /** Shows the about dialog (if the about panel has been created.)&#10;     * &#10;     * @param frame the frame that will be the parent of this dialog&#10;     */&#10;    public static void showDialog(JFrame frame){&#10;        if(ABOUT_PANEL == null){&#10;            //no panel; make it&#10;            buildDialogPanel();&#10;        }&#10;        createDialog(frame);&#10;        ABOUT_DIALOG.setVisible(true);&#10;    }&#10;    &#10;    /**Create the about browser's panel (but don't create/show the browser.)&#10;     * &#10;     */&#10;    public static void buildDialogPanel(){&#10;        ABOUT_PANEL = new AboutBrowser();&#10;    }&#10;    &#10;    /**The about browser.&#10;     * &#10;     */&#10;    private static class AboutBrowser extends JPanel{&#10;        &#10;        public static final int MY_WIDTH = 400;&#10;        public static final int MY_HEIGHT = 400;&#10;        &#10;        public AboutBrowser(){&#10;            //add a text pane with data and GPL&#10;            add(createTabPane());&#10;        }&#10;        /** Build and return the tab pane.&#10;         * &#10;         * @return the tab pane&#10;         */&#10;        private JTabbedPane createTabPane(){&#10;            final JTabbedPane tabPane = new JTabbedPane();&#10;            &#10;            //loading HTML pages is time-consuming; run in background&#10;            //however it needs to be thread safe&#10;            SwingUtilities.invokeLater(new Runnable(){&#10;                public void run(){&#10;                    tabPane.addTab(&quot;About&quot;, createEditorPane(ABOUT_PAGE, MY_WIDTH, MY_HEIGHT));&#10;                    tabPane.addTab(&quot;Changelog&quot;, createEditorPane(&quot;http://www.cabra.hathix.com/changelog/&quot; + Utils.sanitizeURL(VERSION) + &quot;.php&quot;, MY_WIDTH, MY_HEIGHT));&#10;                    tabPane.addTab(&quot;Thanks&quot;,createEditorPane(&quot;http://www.cabra.hathix.com/cabra/thanks.php&quot;, MY_WIDTH, MY_HEIGHT));&#10;                    tabPane.addTab(&quot;License&quot;,createEditorPane(&quot;http://www.gnu.org/licenses/gpl-3.0-standalone.html&quot;, MY_WIDTH, MY_HEIGHT));    &#10;                }&#10;            });&#10;            &#10;            &#10;            tabPane.setPreferredSize(new java.awt.Dimension(MY_WIDTH,MY_HEIGHT));&#10;            &#10;            return tabPane;&#10;        }&#10;    }&#10;}&#10;" Filename="About.java" Intrnl_Id="59"/>
</SrcFileList>
<CritList>
<CritListEntry Name="org.codecover.model.utils.criteria.LoopCoverage" PluginName="org.codecover"/>
<CritListEntry Name="org.codecover.model.utils.criteria.BranchCoverage" PluginName="org.codecover"/>
<CritListEntry Name="org.codecover.model.utils.criteria.ConditionCoverage" PluginName="org.codecover"/>
<CritListEntry Name="org.codecover.model.utils.criteria.StatementCoverage" PluginName="org.codecover"/>
</CritList>
<BoolOpList>
<BoolOp Arity="1" Intrnl_Id="60" Name="not (!)">
<BoolAssgnmntBoolMapList>
<MapEntry BoolAssgnmnt="0" Value="true"/>
<MapEntry BoolAssgnmnt="1" Value="false"/>
</BoolAssgnmntBoolMapList>
</BoolOp>
<BoolOp Arity="2" Intrnl_Id="61" Name="conditional and (&amp;&amp;)">
<BoolAssgnmntBoolMapList>
<MapEntry BoolAssgnmnt="10" Value="false"/>
<MapEntry BoolAssgnmnt="02" Value="false"/>
<MapEntry BoolAssgnmnt="11" Value="true"/>
</BoolAssgnmntBoolMapList>
</BoolOp>
<BoolOp Arity="2" Intrnl_Id="62" Name="conditional or (||)">
<BoolAssgnmntBoolMapList>
<MapEntry BoolAssgnmnt="01" Value="true"/>
<MapEntry BoolAssgnmnt="00" Value="false"/>
<MapEntry BoolAssgnmnt="12" Value="true"/>
</BoolAssgnmntBoolMapList>
</BoolOp>
</BoolOpList>
<HierarchyLvlTypeList>
<HierarchyLvlType EnglishName="enumeration" IntrnlName="enum" Intrnl_Id="63"/>
<HierarchyLvlType EnglishName="package" IntrnlName="package" Intrnl_Id="64"/>
<HierarchyLvlType EnglishName="enumeration constant" IntrnlName="enum constant" Intrnl_Id="65"/>
<HierarchyLvlType EnglishName="class" IntrnlName="class" Intrnl_Id="66"/>
<HierarchyLvlType EnglishName="method" IntrnlName="method" Intrnl_Id="67"/>
<HierarchyLvlType EnglishName="default package" IntrnlName="default package" Intrnl_Id="68"/>
<HierarchyLvlType EnglishName="anonymous class" IntrnlName="class" Intrnl_Id="69"/>
</HierarchyLvlTypeList>
<MASTRoot>
<HierarchyLvl HierarchyLvlId="1872" HierarchyLvlTypeId="68" Intrnl_Id="70" Name="default package">
<Header/>
<LocList/>
<HierarchyLvl HierarchyLvlId="1871" HierarchyLvlTypeId="64" Intrnl_Id="71" Name="cabra">
<Header/>
<LocList/>
<HierarchyLvl HierarchyLvlId="1868" HierarchyLvlTypeId="64" Intrnl_Id="72" Name="tests">
<Header/>
<LocList/>
<HierarchyLvl HierarchyLvlId="1867" HierarchyLvlTypeId="64" Intrnl_Id="73" Name="WhiteBoxTests">
<Header/>
<LocList/>
<HierarchyLvl HierarchyLvlId="939" HierarchyLvlTypeId="66" Intrnl_Id="74" Name="Utils_whitebox_test">
<Header>
<Loc EndOffset="148" SrcFileId="1" StartOffset="116"/>
</Header>
<LocList>
<Loc EndOffset="770" SrcFileId="1" StartOffset="116"/>
</LocList>
<HierarchyLvl HierarchyLvlId="937" HierarchyLvlTypeId="67" Intrnl_Id="75" Name="average_empty_test">
<Header>
<Loc EndOffset="262" SrcFileId="1" StartOffset="223"/>
</Header>
<LocList>
<Loc EndOffset="482" SrcFileId="1" StartOffset="223"/>
</LocList>
<StmntSeq Intrnl_Id="76">
<LocList>
<Loc EndOffset="309" SrcFileId="1" StartOffset="286"/>
<Loc EndOffset="350" SrcFileId="1" StartOffset="312"/>
<Loc EndOffset="370" SrcFileId="1" StartOffset="353"/>
<Loc EndOffset="479" SrcFileId="1" StartOffset="373"/>
</LocList>
<BasicStmnt CovItemId="S1" CovItemPrefix="cabra.tests.WhiteBoxTests.Utils_whitebox_test.java" Intrnl_Id="77">
<LocList>
<Loc EndOffset="309" SrcFileId="1" StartOffset="286"/>
</LocList>
</BasicStmnt>
<BasicStmnt CovItemId="S2" CovItemPrefix="cabra.tests.WhiteBoxTests.Utils_whitebox_test.java" Intrnl_Id="78">
<LocList>
<Loc EndOffset="350" SrcFileId="1" StartOffset="312"/>
</LocList>
</BasicStmnt>
<BasicStmnt CovItemId="S3" CovItemPrefix="cabra.tests.WhiteBoxTests.Utils_whitebox_test.java" Intrnl_Id="79">
<LocList>
<Loc EndOffset="370" SrcFileId="1" StartOffset="353"/>
</LocList>
</BasicStmnt>
<BasicStmnt CovItemId="S4" CovItemPrefix="cabra.tests.WhiteBoxTests.Utils_whitebox_test.java" Intrnl_Id="80">
<LocList>
<Loc EndOffset="479" SrcFileId="1" StartOffset="373"/>
</LocList>
</BasicStmnt>
</StmntSeq>
</HierarchyLvl>
<HierarchyLvl HierarchyLvlId="938" HierarchyLvlTypeId="67" Intrnl_Id="81" Name="toPercent_exception_test">
<Header>
<Loc EndOffset="548" SrcFileId="1" StartOffset="503"/>
</Header>
<LocList>
<Loc EndOffset="767" SrcFileId="1" StartOffset="503"/>
</LocList>
<StmntSeq Intrnl_Id="82">
<LocList>
<Loc EndOffset="572" SrcFileId="1" StartOffset="553"/>
<Loc EndOffset="595" SrcFileId="1" StartOffset="575"/>
<Loc EndOffset="654" SrcFileId="1" StartOffset="598"/>
<Loc EndOffset="681" SrcFileId="1" StartOffset="657"/>
<Loc EndOffset="764" SrcFileId="1" StartOffset="684"/>
</LocList>
<BasicStmnt CovItemId="S5" CovItemPrefix="cabra.tests.WhiteBoxTests.Utils_whitebox_test.java" Intrnl_Id="83">
<LocList>
<Loc EndOffset="572" SrcFileId="1" StartOffset="553"/>
</LocList>
</BasicStmnt>
<BasicStmnt CovItemId="S6" CovItemPrefix="cabra.tests.WhiteBoxTests.Utils_whitebox_test.java" Intrnl_Id="84">
<LocList>
<Loc EndOffset="595" SrcFileId="1" StartOffset="575"/>
</LocList>
</BasicStmnt>
<BasicStmnt CovItemId="S7" CovItemPrefix="cabra.tests.WhiteBoxTests.Utils_whitebox_test.java" Intrnl_Id="85">
<LocList>
<Loc EndOffset="654" SrcFileId="1" StartOffset="598"/>
</LocList>
</BasicStmnt>
<BasicStmnt CovItemId="S8" CovItemPrefix="cabra.tests.WhiteBoxTests.Utils_whitebox_test.java" Intrnl_Id="86">
<LocList>
<Loc EndOffset="681" SrcFileId="1" StartOffset="657"/>
</LocList>
</BasicStmnt>
<BasicStmnt CovItemId="S9" CovItemPrefix="cabra.tests.WhiteBoxTests.Utils_whitebox_test.java" Intrnl_Id="87">
<LocList>
<Loc EndOffset="764" SrcFileId="1" StartOffset="684"/>
</LocList>
</BasicStmnt>
</StmntSeq>
</HierarchyLvl>
</HierarchyLvl>
</HierarchyLvl>
<HierarchyLvl HierarchyLvlId="984" HierarchyLvlTypeId="66" Intrnl_Id="88" Name="Utils_Test">
<Header>
<Loc EndOffset="172" SrcFileId="2" StartOffset="149"/>
</Header>
<LocList>
<Loc EndOffset="12489" SrcFileId="2" StartOffset="149"/>
</LocList>
<HierarchyLvl HierarchyLvlId="940" HierarchyLvlTypeId="67" Intrnl_Id="89" Name="arraySum_empty_test">
<Header>
<Loc EndOffset="337" SrcFileId="2" StartOffset="297"/>
</Header>
<LocList>
<Loc EndOffset="558" SrcFileId="2" StartOffset="297"/>
</LocList>
<StmntSeq Intrnl_Id="90">
<LocList>
<Loc EndOffset="384" SrcFileId="2" StartOffset="361"/>
<Loc EndOffset="426" SrcFileId="2" StartOffset="387"/>
<Loc EndOffset="446" SrcFileId="2" StartOffset="429"/>
<Loc EndOffset="555" SrcFileId="2" StartOffset="449"/>
</LocList>
<BasicStmnt CovItemId="S1" CovItemPrefix="cabra.tests.Utils_Test.java" Intrnl_Id="91">
<LocList>
<Loc EndOffset="384" SrcFileId="2" StartOffset="361"/>
</LocList>
</BasicStmnt>
<BasicStmnt CovItemId="S2" CovItemPrefix="cabra.tests.Utils_Test.java" Intrnl_Id="92">
<LocList>
<Loc EndOffset="426" SrcFileId="2" StartOffset="387"/>
</LocList>
</BasicStmnt>
<BasicStmnt CovItemId="S3" CovItemPrefix="cabra.tests.Utils_Test.java" Intrnl_Id="93">
<LocList>
<Loc EndOffset="446" SrcFileId="2" StartOffset="429"/>
</LocList>
</BasicStmnt>
<BasicStmnt CovItemId="S4" CovItemPrefix="cabra.tests.Utils_Test.java" Intrnl_Id="94">
<LocList>
<Loc EndOffset="555" SrcFileId="2" StartOffset="449"/>
</LocList>
</BasicStmnt>
</StmntSeq>
</HierarchyLvl>
<HierarchyLvl HierarchyLvlId="941" HierarchyLvlTypeId="67" Intrnl_Id="95" Name="arraySum_positive_test">
<Header>
<Loc EndOffset="605" SrcFileId="2" StartOffset="562"/>
</Header>
<LocList>
<Loc EndOffset="777" SrcFileId="2" StartOffset="562"/>
</LocList>
<StmntSeq Intrnl_Id="96">
<LocList>
<Loc EndOffset="634" SrcFileId="2" StartOffset="610"/>
<Loc EndOffset="670" SrcFileId="2" StartOffset="637"/>
<Loc EndOffset="691" SrcFileId="2" StartOffset="673"/>
<Loc EndOffset="774" SrcFileId="2" StartOffset="694"/>
</LocList>
<BasicStmnt CovItemId="S5" CovItemPrefix="cabra.tests.Utils_Test.java" Intrnl_Id="97">
<LocList>
<Loc EndOffset="634" SrcFileId="2" StartOffset="610"/>
</LocList>
</BasicStmnt>
<BasicStmnt CovItemId="S6" CovItemPrefix="cabra.tests.Utils_Test.java" Intrnl_Id="98">
<LocList>
<Loc EndOffset="670" SrcFileId="2" StartOffset="637"/>
</LocList>
</BasicStmnt>
<BasicStmnt CovItemId="S7" CovItemPrefix="cabra.tests.Utils_Test.java" Intrnl_Id="99">
<LocList>
<Loc EndOffset="691" SrcFileId="2" StartOffset="673"/>
</LocList>
</BasicStmnt>
<BasicStmnt CovItemId="S8" CovItemPrefix="cabra.tests.Utils_Test.java" Intrnl_Id="100">
<LocList>
<Loc EndOffset="774" SrcFileId="2" StartOffset="694"/>
</LocList>
</BasicStmnt>
</StmntSeq>
</HierarchyLvl>
<HierarchyLvl HierarchyLvlId="942" HierarchyLvlTypeId="67" Intrnl_Id="101" Name="arraySum_zeros_test">
<Header>
<Loc EndOffset="821" SrcFileId="2" StartOffset="781"/>
</Header>
<LocList>
<Loc EndOffset="992" SrcFileId="2" StartOffset="781"/>
</LocList>
<StmntSeq Intrnl_Id="102">
<LocList>
<Loc EndOffset="850" SrcFileId="2" StartOffset="826"/>
<Loc EndOffset="886" SrcFileId="2" StartOffset="853"/>
<Loc EndOffset="906" SrcFileId="2" StartOffset="889"/>
<Loc EndOffset="989" SrcFileId="2" StartOffset="909"/>
</LocList>
<BasicStmnt CovItemId="S9" CovItemPrefix="cabra.tests.Utils_Test.java" Intrnl_Id="103">
<LocList>
<Loc EndOffset="850" SrcFileId="2" StartOffset="826"/>
</LocList>
</BasicStmnt>
<BasicStmnt CovItemId="S10" CovItemPrefix="cabra.tests.Utils_Test.java" Intrnl_Id="104">
<LocList>
<Loc EndOffset="886" SrcFileId="2" StartOffset="853"/>
</LocList>
</BasicStmnt>
<BasicStmnt CovItemId="S11" CovItemPrefix="cabra.tests.Utils_Test.java" Intrnl_Id="105">
<LocList>
<Loc EndOffset="906" SrcFileId="2" StartOffset="889"/>
</LocList>
</BasicStmnt>
<BasicStmnt CovItemId="S12" CovItemPrefix="cabra.tests.Utils_Test.java" Intrnl_Id="106">
<LocList>
<Loc EndOffset="989" SrcFileId="2" StartOffset="909"/>
</LocList>
</BasicStmnt>
</StmntSeq>
</HierarchyLvl>
<HierarchyLvl HierarchyLvlId="943" HierarchyLvlTypeId="67" Intrnl_Id="107" Name="arraySum_positive_negativenums_test">
<Header>
<Loc EndOffset="1052" SrcFileId="2" StartOffset="996"/>
</Header>
<LocList>
<Loc EndOffset="1230" SrcFileId="2" StartOffset="996"/>
</LocList>
<StmntSeq Intrnl_Id="108">
<LocList>
<Loc EndOffset="1086" SrcFileId="2" StartOffset="1057"/>
<Loc EndOffset="1122" SrcFileId="2" StartOffset="1089"/>
<Loc EndOffset="1144" SrcFileId="2" StartOffset="1125"/>
<Loc EndOffset="1227" SrcFileId="2" StartOffset="1147"/>
</LocList>
<BasicStmnt CovItemId="S13" CovItemPrefix="cabra.tests.Utils_Test.java" Intrnl_Id="109">
<LocList>
<Loc EndOffset="1086" SrcFileId="2" StartOffset="1057"/>
</LocList>
</BasicStmnt>
<BasicStmnt CovItemId="S14" CovItemPrefix="cabra.tests.Utils_Test.java" Intrnl_Id="110">
<LocList>
<Loc EndOffset="1122" SrcFileId="2" StartOffset="1089"/>
</LocList>
</BasicStmnt>
<BasicStmnt CovItemId="S15" CovItemPrefix="cabra.tests.Utils_Test.java" Intrnl_Id="111">
<LocList>
<Loc EndOffset="1144" SrcFileId="2" StartOffset="1125"/>
</LocList>
</BasicStmnt>
<BasicStmnt CovItemId="S16" CovItemPrefix="cabra.tests.Utils_Test.java" Intrnl_Id="112">
<LocList>
<Loc EndOffset="1227" SrcFileId="2" StartOffset="1147"/>
</LocList>
</BasicStmnt>
</StmntSeq>
</HierarchyLvl>
<HierarchyLvl HierarchyLvlId="944" HierarchyLvlTypeId="67" Intrnl_Id="113" Name="arraySum_positive_mixednums_test">
<Header>
<Loc EndOffset="1287" SrcFileId="2" StartOffset="1234"/>
</Header>
<LocList>
<Loc EndOffset="1462" SrcFileId="2" StartOffset="1234"/>
</LocList>
<StmntSeq Intrnl_Id="114">
<LocList>
<Loc EndOffset="1319" SrcFileId="2" StartOffset="1292"/>
<Loc EndOffset="1355" SrcFileId="2" StartOffset="1322"/>
<Loc EndOffset="1376" SrcFileId="2" StartOffset="1358"/>
<Loc EndOffset="1459" SrcFileId="2" StartOffset="1379"/>
</LocList>
<BasicStmnt CovItemId="S17" CovItemPrefix="cabra.tests.Utils_Test.java" Intrnl_Id="115">
<LocList>
<Loc EndOffset="1319" SrcFileId="2" StartOffset="1292"/>
</LocList>
</BasicStmnt>
<BasicStmnt CovItemId="S18" CovItemPrefix="cabra.tests.Utils_Test.java" Intrnl_Id="116">
<LocList>
<Loc EndOffset="1355" SrcFileId="2" StartOffset="1322"/>
</LocList>
</BasicStmnt>
<BasicStmnt CovItemId="S19" CovItemPrefix="cabra.tests.Utils_Test.java" Intrnl_Id="117">
<LocList>
<Loc EndOffset="1376" SrcFileId="2" StartOffset="1358"/>
</LocList>
</BasicStmnt>
<BasicStmnt CovItemId="S20" CovItemPrefix="cabra.tests.Utils_Test.java" Intrnl_Id="118">
<LocList>
<Loc EndOffset="1459" SrcFileId="2" StartOffset="1379"/>
</LocList>
</BasicStmnt>
</StmntSeq>
</HierarchyLvl>
<HierarchyLvl HierarchyLvlId="945" HierarchyLvlTypeId="67" Intrnl_Id="119" Name="average_positive_positivenums_test">
<Header>
<Loc EndOffset="1571" SrcFileId="2" StartOffset="1516"/>
</Header>
<LocList>
<Loc EndOffset="1741" SrcFileId="2" StartOffset="1516"/>
</LocList>
<StmntSeq Intrnl_Id="120">
<LocList>
<Loc EndOffset="1600" SrcFileId="2" StartOffset="1576"/>
<Loc EndOffset="1635" SrcFileId="2" StartOffset="1603"/>
<Loc EndOffset="1655" SrcFileId="2" StartOffset="1638"/>
<Loc EndOffset="1738" SrcFileId="2" StartOffset="1658"/>
</LocList>
<BasicStmnt CovItemId="S21" CovItemPrefix="cabra.tests.Utils_Test.java" Intrnl_Id="121">
<LocList>
<Loc EndOffset="1600" SrcFileId="2" StartOffset="1576"/>
</LocList>
</BasicStmnt>
<BasicStmnt CovItemId="S22" CovItemPrefix="cabra.tests.Utils_Test.java" Intrnl_Id="122">
<LocList>
<Loc EndOffset="1635" SrcFileId="2" StartOffset="1603"/>
</LocList>
</BasicStmnt>
<BasicStmnt CovItemId="S23" CovItemPrefix="cabra.tests.Utils_Test.java" Intrnl_Id="123">
<LocList>
<Loc EndOffset="1655" SrcFileId="2" StartOffset="1638"/>
</LocList>
</BasicStmnt>
<BasicStmnt CovItemId="S24" CovItemPrefix="cabra.tests.Utils_Test.java" Intrnl_Id="124">
<LocList>
<Loc EndOffset="1738" SrcFileId="2" StartOffset="1658"/>
</LocList>
</BasicStmnt>
</StmntSeq>
</HierarchyLvl>
<HierarchyLvl HierarchyLvlId="946" HierarchyLvlTypeId="67" Intrnl_Id="125" Name="average_positive_negativenums_test">
<Header>
<Loc EndOffset="1800" SrcFileId="2" StartOffset="1745"/>
</Header>
<LocList>
<Loc EndOffset="1976" SrcFileId="2" StartOffset="1745"/>
</LocList>
<StmntSeq Intrnl_Id="126">
<LocList>
<Loc EndOffset="1834" SrcFileId="2" StartOffset="1805"/>
<Loc EndOffset="1869" SrcFileId="2" StartOffset="1837"/>
<Loc EndOffset="1890" SrcFileId="2" StartOffset="1872"/>
<Loc EndOffset="1973" SrcFileId="2" StartOffset="1893"/>
</LocList>
<BasicStmnt CovItemId="S25" CovItemPrefix="cabra.tests.Utils_Test.java" Intrnl_Id="127">
<LocList>
<Loc EndOffset="1834" SrcFileId="2" StartOffset="1805"/>
</LocList>
</BasicStmnt>
<BasicStmnt CovItemId="S26" CovItemPrefix="cabra.tests.Utils_Test.java" Intrnl_Id="128">
<LocList>
<Loc EndOffset="1869" SrcFileId="2" StartOffset="1837"/>
</LocList>
</BasicStmnt>
<BasicStmnt CovItemId="S27" CovItemPrefix="cabra.tests.Utils_Test.java" Intrnl_Id="129">
<LocList>
<Loc EndOffset="1890" SrcFileId="2" StartOffset="1872"/>
</LocList>
</BasicStmnt>
<BasicStmnt CovItemId="S28" CovItemPrefix="cabra.tests.Utils_Test.java" Intrnl_Id="130">
<LocList>
<Loc EndOffset="1973" SrcFileId="2" StartOffset="1893"/>
</LocList>
</BasicStmnt>
</StmntSeq>
</HierarchyLvl>
<HierarchyLvl HierarchyLvlId="947" HierarchyLvlTypeId="67" Intrnl_Id="131" Name="average_positive_mixednums_test">
<Header>
<Loc EndOffset="2032" SrcFileId="2" StartOffset="1980"/>
</Header>
<LocList>
<Loc EndOffset="2205" SrcFileId="2" StartOffset="1980"/>
</LocList>
<StmntSeq Intrnl_Id="132">
<LocList>
<Loc EndOffset="2064" SrcFileId="2" StartOffset="2037"/>
<Loc EndOffset="2099" SrcFileId="2" StartOffset="2067"/>
<Loc EndOffset="2119" SrcFileId="2" StartOffset="2102"/>
<Loc EndOffset="2202" SrcFileId="2" StartOffset="2122"/>
</LocList>
<BasicStmnt CovItemId="S29" CovItemPrefix="cabra.tests.Utils_Test.java" Intrnl_Id="133">
<LocList>
<Loc EndOffset="2064" SrcFileId="2" StartOffset="2037"/>
</LocList>
</BasicStmnt>
<BasicStmnt CovItemId="S30" CovItemPrefix="cabra.tests.Utils_Test.java" Intrnl_Id="134">
<LocList>
<Loc EndOffset="2099" SrcFileId="2" StartOffset="2067"/>
</LocList>
</BasicStmnt>
<BasicStmnt CovItemId="S31" CovItemPrefix="cabra.tests.Utils_Test.java" Intrnl_Id="135">
<LocList>
<Loc EndOffset="2119" SrcFileId="2" StartOffset="2102"/>
</LocList>
</BasicStmnt>
<BasicStmnt CovItemId="S32" CovItemPrefix="cabra.tests.Utils_Test.java" Intrnl_Id="136">
<LocList>
<Loc EndOffset="2202" SrcFileId="2" StartOffset="2122"/>
</LocList>
</BasicStmnt>
</StmntSeq>
</HierarchyLvl>
<HierarchyLvl HierarchyLvlId="948" HierarchyLvlTypeId="67" Intrnl_Id="137" Name="arrayFromString_positive_test">
<Header>
<Loc EndOffset="2348" SrcFileId="2" StartOffset="2264"/>
</Header>
<LocList>
<Loc EndOffset="2573" SrcFileId="2" StartOffset="2264"/>
</LocList>
<StmntSeq Intrnl_Id="138">
<LocList>
<Loc EndOffset="2388" SrcFileId="2" StartOffset="2353"/>
<Loc EndOffset="2438" SrcFileId="2" StartOffset="2391"/>
<Loc EndOffset="2487" SrcFileId="2" StartOffset="2441"/>
<Loc EndOffset="2570" SrcFileId="2" StartOffset="2490"/>
</LocList>
<BasicStmnt CovItemId="S33" CovItemPrefix="cabra.tests.Utils_Test.java" Intrnl_Id="139">
<LocList>
<Loc EndOffset="2388" SrcFileId="2" StartOffset="2353"/>
</LocList>
</BasicStmnt>
<BasicStmnt CovItemId="S34" CovItemPrefix="cabra.tests.Utils_Test.java" Intrnl_Id="140">
<LocList>
<Loc EndOffset="2438" SrcFileId="2" StartOffset="2391"/>
</LocList>
</BasicStmnt>
<BasicStmnt CovItemId="S35" CovItemPrefix="cabra.tests.Utils_Test.java" Intrnl_Id="141">
<LocList>
<Loc EndOffset="2487" SrcFileId="2" StartOffset="2441"/>
</LocList>
</BasicStmnt>
<BasicStmnt CovItemId="S36" CovItemPrefix="cabra.tests.Utils_Test.java" Intrnl_Id="142">
<LocList>
<Loc EndOffset="2570" SrcFileId="2" StartOffset="2490"/>
</LocList>
</BasicStmnt>
</StmntSeq>
</HierarchyLvl>
<HierarchyLvl HierarchyLvlId="949" HierarchyLvlTypeId="67" Intrnl_Id="143" Name="arrayFromString_empty_test">
<Header>
<Loc EndOffset="2658" SrcFileId="2" StartOffset="2577"/>
</Header>
<LocList>
<Loc EndOffset="2847" SrcFileId="2" StartOffset="2577"/>
</LocList>
<StmntSeq Intrnl_Id="144">
<LocList>
<Loc EndOffset="2683" SrcFileId="2" StartOffset="2663"/>
<Loc EndOffset="2733" SrcFileId="2" StartOffset="2686"/>
<Loc EndOffset="2761" SrcFileId="2" StartOffset="2736"/>
<Loc EndOffset="2844" SrcFileId="2" StartOffset="2764"/>
</LocList>
<BasicStmnt CovItemId="S37" CovItemPrefix="cabra.tests.Utils_Test.java" Intrnl_Id="145">
<LocList>
<Loc EndOffset="2683" SrcFileId="2" StartOffset="2663"/>
</LocList>
</BasicStmnt>
<BasicStmnt CovItemId="S38" CovItemPrefix="cabra.tests.Utils_Test.java" Intrnl_Id="146">
<LocList>
<Loc EndOffset="2733" SrcFileId="2" StartOffset="2686"/>
</LocList>
</BasicStmnt>
<BasicStmnt CovItemId="S39" CovItemPrefix="cabra.tests.Utils_Test.java" Intrnl_Id="147">
<LocList>
<Loc EndOffset="2761" SrcFileId="2" StartOffset="2736"/>
</LocList>
</BasicStmnt>
<BasicStmnt CovItemId="S40" CovItemPrefix="cabra.tests.Utils_Test.java" Intrnl_Id="148">
<LocList>
<Loc EndOffset="2844" SrcFileId="2" StartOffset="2764"/>
</LocList>
</BasicStmnt>
</StmntSeq>
</HierarchyLvl>
<HierarchyLvl HierarchyLvlId="950" HierarchyLvlTypeId="67" Intrnl_Id="149" Name="stringFromArray_positive_test">
<Header>
<Loc EndOffset="2956" SrcFileId="2" StartOffset="2906"/>
</Header>
<LocList>
<Loc EndOffset="3180" SrcFileId="2" StartOffset="2906"/>
</LocList>
<StmntSeq Intrnl_Id="150">
<LocList>
<Loc EndOffset="3004" SrcFileId="2" StartOffset="2961"/>
<Loc EndOffset="3052" SrcFileId="2" StartOffset="3007"/>
<Loc EndOffset="3094" SrcFileId="2" StartOffset="3055"/>
<Loc EndOffset="3177" SrcFileId="2" StartOffset="3097"/>
</LocList>
<BasicStmnt CovItemId="S41" CovItemPrefix="cabra.tests.Utils_Test.java" Intrnl_Id="151">
<LocList>
<Loc EndOffset="3004" SrcFileId="2" StartOffset="2961"/>
</LocList>
</BasicStmnt>
<BasicStmnt CovItemId="S42" CovItemPrefix="cabra.tests.Utils_Test.java" Intrnl_Id="152">
<LocList>
<Loc EndOffset="3052" SrcFileId="2" StartOffset="3007"/>
</LocList>
</BasicStmnt>
<BasicStmnt CovItemId="S43" CovItemPrefix="cabra.tests.Utils_Test.java" Intrnl_Id="153">
<LocList>
<Loc EndOffset="3094" SrcFileId="2" StartOffset="3055"/>
</LocList>
</BasicStmnt>
<BasicStmnt CovItemId="S44" CovItemPrefix="cabra.tests.Utils_Test.java" Intrnl_Id="154">
<LocList>
<Loc EndOffset="3177" SrcFileId="2" StartOffset="3097"/>
</LocList>
</BasicStmnt>
</StmntSeq>
</HierarchyLvl>
<HierarchyLvl HierarchyLvlId="951" HierarchyLvlTypeId="67" Intrnl_Id="155" Name="stringFromArray_empty_test">
<Header>
<Loc EndOffset="3231" SrcFileId="2" StartOffset="3184"/>
</Header>
<LocList>
<Loc EndOffset="3419" SrcFileId="2" StartOffset="3184"/>
</LocList>
<StmntSeq Intrnl_Id="156">
<LocList>
<Loc EndOffset="3258" SrcFileId="2" StartOffset="3236"/>
<Loc EndOffset="3306" SrcFileId="2" StartOffset="3261"/>
<Loc EndOffset="3333" SrcFileId="2" StartOffset="3309"/>
<Loc EndOffset="3416" SrcFileId="2" StartOffset="3336"/>
</LocList>
<BasicStmnt CovItemId="S45" CovItemPrefix="cabra.tests.Utils_Test.java" Intrnl_Id="157">
<LocList>
<Loc EndOffset="3258" SrcFileId="2" StartOffset="3236"/>
</LocList>
</BasicStmnt>
<BasicStmnt CovItemId="S46" CovItemPrefix="cabra.tests.Utils_Test.java" Intrnl_Id="158">
<LocList>
<Loc EndOffset="3306" SrcFileId="2" StartOffset="3261"/>
</LocList>
</BasicStmnt>
<BasicStmnt CovItemId="S47" CovItemPrefix="cabra.tests.Utils_Test.java" Intrnl_Id="159">
<LocList>
<Loc EndOffset="3333" SrcFileId="2" StartOffset="3309"/>
</LocList>
</BasicStmnt>
<BasicStmnt CovItemId="S48" CovItemPrefix="cabra.tests.Utils_Test.java" Intrnl_Id="160">
<LocList>
<Loc EndOffset="3416" SrcFileId="2" StartOffset="3336"/>
</LocList>
</BasicStmnt>
</StmntSeq>
</HierarchyLvl>
<HierarchyLvl HierarchyLvlId="952" HierarchyLvlTypeId="67" Intrnl_Id="161" Name="dayToMillis_positive_test">
<Header>
<Loc EndOffset="3523" SrcFileId="2" StartOffset="3477"/>
</Header>
<LocList>
<Loc EndOffset="3704" SrcFileId="2" StartOffset="3477"/>
</LocList>
<StmntSeq Intrnl_Id="162">
<LocList>
<Loc EndOffset="3544" SrcFileId="2" StartOffset="3528"/>
<Loc EndOffset="3589" SrcFileId="2" StartOffset="3547"/>
<Loc EndOffset="3618" SrcFileId="2" StartOffset="3592"/>
<Loc EndOffset="3701" SrcFileId="2" StartOffset="3621"/>
</LocList>
<BasicStmnt CovItemId="S49" CovItemPrefix="cabra.tests.Utils_Test.java" Intrnl_Id="163">
<LocList>
<Loc EndOffset="3544" SrcFileId="2" StartOffset="3528"/>
</LocList>
</BasicStmnt>
<BasicStmnt CovItemId="S50" CovItemPrefix="cabra.tests.Utils_Test.java" Intrnl_Id="164">
<LocList>
<Loc EndOffset="3589" SrcFileId="2" StartOffset="3547"/>
</LocList>
</BasicStmnt>
<BasicStmnt CovItemId="S51" CovItemPrefix="cabra.tests.Utils_Test.java" Intrnl_Id="165">
<LocList>
<Loc EndOffset="3618" SrcFileId="2" StartOffset="3592"/>
</LocList>
</BasicStmnt>
<BasicStmnt CovItemId="S52" CovItemPrefix="cabra.tests.Utils_Test.java" Intrnl_Id="166">
<LocList>
<Loc EndOffset="3701" SrcFileId="2" StartOffset="3621"/>
</LocList>
</BasicStmnt>
</StmntSeq>
</HierarchyLvl>
<HierarchyLvl HierarchyLvlId="953" HierarchyLvlTypeId="67" Intrnl_Id="167" Name="dayToMillis_year_test">
<Header>
<Loc EndOffset="3750" SrcFileId="2" StartOffset="3708"/>
</Header>
<LocList>
<Loc EndOffset="4073" SrcFileId="2" StartOffset="3708"/>
</LocList>
<StmntSeq Intrnl_Id="168">
<LocList>
<Loc EndOffset="3773" SrcFileId="2" StartOffset="3755"/>
<Loc EndOffset="3844" SrcFileId="2" StartOffset="3776"/>
<Loc EndOffset="3892" SrcFileId="2" StartOffset="3847"/>
<Loc EndOffset="3944" SrcFileId="2" StartOffset="3895"/>
<Loc EndOffset="3987" SrcFileId="2" StartOffset="3947"/>
<Loc EndOffset="4070" SrcFileId="2" StartOffset="3990"/>
</LocList>
<BasicStmnt CovItemId="S53" CovItemPrefix="cabra.tests.Utils_Test.java" Intrnl_Id="169">
<LocList>
<Loc EndOffset="3773" SrcFileId="2" StartOffset="3755"/>
</LocList>
</BasicStmnt>
<BasicStmnt CovItemId="S54" CovItemPrefix="cabra.tests.Utils_Test.java" Intrnl_Id="170">
<LocList>
<Loc EndOffset="3844" SrcFileId="2" StartOffset="3776"/>
</LocList>
</BasicStmnt>
<BasicStmnt CovItemId="S55" CovItemPrefix="cabra.tests.Utils_Test.java" Intrnl_Id="171">
<LocList>
<Loc EndOffset="3892" SrcFileId="2" StartOffset="3847"/>
</LocList>
</BasicStmnt>
<BasicStmnt CovItemId="S56" CovItemPrefix="cabra.tests.Utils_Test.java" Intrnl_Id="172">
<LocList>
<Loc EndOffset="3944" SrcFileId="2" StartOffset="3895"/>
</LocList>
</BasicStmnt>
<BasicStmnt CovItemId="S57" CovItemPrefix="cabra.tests.Utils_Test.java" Intrnl_Id="173">
<LocList>
<Loc EndOffset="3987" SrcFileId="2" StartOffset="3947"/>
</LocList>
</BasicStmnt>
<BasicStmnt CovItemId="S58" CovItemPrefix="cabra.tests.Utils_Test.java" Intrnl_Id="174">
<LocList>
<Loc EndOffset="4070" SrcFileId="2" StartOffset="3990"/>
</LocList>
</BasicStmnt>
</StmntSeq>
</HierarchyLvl>
<HierarchyLvl HierarchyLvlId="954" HierarchyLvlTypeId="67" Intrnl_Id="175" Name="dayToMillis_max32signedlong_test">
<Header>
<Loc EndOffset="4130" SrcFileId="2" StartOffset="4077"/>
</Header>
<LocList>
<Loc EndOffset="4451" SrcFileId="2" StartOffset="4077"/>
</LocList>
<StmntSeq Intrnl_Id="176">
<LocList>
<Loc EndOffset="4152" SrcFileId="2" StartOffset="4135"/>
<Loc EndOffset="4223" SrcFileId="2" StartOffset="4155"/>
<Loc EndOffset="4270" SrcFileId="2" StartOffset="4226"/>
<Loc EndOffset="4322" SrcFileId="2" StartOffset="4273"/>
<Loc EndOffset="4365" SrcFileId="2" StartOffset="4325"/>
<Loc EndOffset="4448" SrcFileId="2" StartOffset="4368"/>
</LocList>
<BasicStmnt CovItemId="S59" CovItemPrefix="cabra.tests.Utils_Test.java" Intrnl_Id="177">
<LocList>
<Loc EndOffset="4152" SrcFileId="2" StartOffset="4135"/>
</LocList>
</BasicStmnt>
<BasicStmnt CovItemId="S60" CovItemPrefix="cabra.tests.Utils_Test.java" Intrnl_Id="178">
<LocList>
<Loc EndOffset="4223" SrcFileId="2" StartOffset="4155"/>
</LocList>
</BasicStmnt>
<BasicStmnt CovItemId="S61" CovItemPrefix="cabra.tests.Utils_Test.java" Intrnl_Id="179">
<LocList>
<Loc EndOffset="4270" SrcFileId="2" StartOffset="4226"/>
</LocList>
</BasicStmnt>
<BasicStmnt CovItemId="S62" CovItemPrefix="cabra.tests.Utils_Test.java" Intrnl_Id="180">
<LocList>
<Loc EndOffset="4322" SrcFileId="2" StartOffset="4273"/>
</LocList>
</BasicStmnt>
<BasicStmnt CovItemId="S63" CovItemPrefix="cabra.tests.Utils_Test.java" Intrnl_Id="181">
<LocList>
<Loc EndOffset="4365" SrcFileId="2" StartOffset="4325"/>
</LocList>
</BasicStmnt>
<BasicStmnt CovItemId="S64" CovItemPrefix="cabra.tests.Utils_Test.java" Intrnl_Id="182">
<LocList>
<Loc EndOffset="4448" SrcFileId="2" StartOffset="4368"/>
</LocList>
</BasicStmnt>
</StmntSeq>
</HierarchyLvl>
<HierarchyLvl HierarchyLvlId="955" HierarchyLvlTypeId="67" Intrnl_Id="183" Name="dayToMillis_max32unsignedlong_test">
<Header>
<Loc EndOffset="4510" SrcFileId="2" StartOffset="4455"/>
</Header>
<LocList>
<Loc EndOffset="4831" SrcFileId="2" StartOffset="4455"/>
</LocList>
<StmntSeq Intrnl_Id="184">
<LocList>
<Loc EndOffset="4532" SrcFileId="2" StartOffset="4515"/>
<Loc EndOffset="4603" SrcFileId="2" StartOffset="4535"/>
<Loc EndOffset="4650" SrcFileId="2" StartOffset="4606"/>
<Loc EndOffset="4702" SrcFileId="2" StartOffset="4653"/>
<Loc EndOffset="4745" SrcFileId="2" StartOffset="4705"/>
<Loc EndOffset="4828" SrcFileId="2" StartOffset="4748"/>
</LocList>
<BasicStmnt CovItemId="S65" CovItemPrefix="cabra.tests.Utils_Test.java" Intrnl_Id="185">
<LocList>
<Loc EndOffset="4532" SrcFileId="2" StartOffset="4515"/>
</LocList>
</BasicStmnt>
<BasicStmnt CovItemId="S66" CovItemPrefix="cabra.tests.Utils_Test.java" Intrnl_Id="186">
<LocList>
<Loc EndOffset="4603" SrcFileId="2" StartOffset="4535"/>
</LocList>
</BasicStmnt>
<BasicStmnt CovItemId="S67" CovItemPrefix="cabra.tests.Utils_Test.java" Intrnl_Id="187">
<LocList>
<Loc EndOffset="4650" SrcFileId="2" StartOffset="4606"/>
</LocList>
</BasicStmnt>
<BasicStmnt CovItemId="S68" CovItemPrefix="cabra.tests.Utils_Test.java" Intrnl_Id="188">
<LocList>
<Loc EndOffset="4702" SrcFileId="2" StartOffset="4653"/>
</LocList>
</BasicStmnt>
<BasicStmnt CovItemId="S69" CovItemPrefix="cabra.tests.Utils_Test.java" Intrnl_Id="189">
<LocList>
<Loc EndOffset="4745" SrcFileId="2" StartOffset="4705"/>
</LocList>
</BasicStmnt>
<BasicStmnt CovItemId="S70" CovItemPrefix="cabra.tests.Utils_Test.java" Intrnl_Id="190">
<LocList>
<Loc EndOffset="4828" SrcFileId="2" StartOffset="4748"/>
</LocList>
</BasicStmnt>
</StmntSeq>
</HierarchyLvl>
<HierarchyLvl HierarchyLvlId="956" HierarchyLvlTypeId="67" Intrnl_Id="191" Name="dayToMillis_zero_test">
<Header>
<Loc EndOffset="4877" SrcFileId="2" StartOffset="4835"/>
</Header>
<LocList>
<Loc EndOffset="5051" SrcFileId="2" StartOffset="4835"/>
</LocList>
<StmntSeq Intrnl_Id="192">
<LocList>
<Loc EndOffset="4898" SrcFileId="2" StartOffset="4882"/>
<Loc EndOffset="4943" SrcFileId="2" StartOffset="4901"/>
<Loc EndOffset="4965" SrcFileId="2" StartOffset="4946"/>
<Loc EndOffset="5048" SrcFileId="2" StartOffset="4968"/>
</LocList>
<BasicStmnt CovItemId="S71" CovItemPrefix="cabra.tests.Utils_Test.java" Intrnl_Id="193">
<LocList>
<Loc EndOffset="4898" SrcFileId="2" StartOffset="4882"/>
</LocList>
</BasicStmnt>
<BasicStmnt CovItemId="S72" CovItemPrefix="cabra.tests.Utils_Test.java" Intrnl_Id="194">
<LocList>
<Loc EndOffset="4943" SrcFileId="2" StartOffset="4901"/>
</LocList>
</BasicStmnt>
<BasicStmnt CovItemId="S73" CovItemPrefix="cabra.tests.Utils_Test.java" Intrnl_Id="195">
<LocList>
<Loc EndOffset="4965" SrcFileId="2" StartOffset="4946"/>
</LocList>
</BasicStmnt>
<BasicStmnt CovItemId="S74" CovItemPrefix="cabra.tests.Utils_Test.java" Intrnl_Id="196">
<LocList>
<Loc EndOffset="5048" SrcFileId="2" StartOffset="4968"/>
</LocList>
</BasicStmnt>
</StmntSeq>
</HierarchyLvl>
<HierarchyLvl HierarchyLvlId="957" HierarchyLvlTypeId="67" Intrnl_Id="197" Name="endsWith_file_extension_test">
<Header>
<Loc EndOffset="5153" SrcFileId="2" StartOffset="5104"/>
</Header>
<LocList>
<Loc EndOffset="5379" SrcFileId="2" StartOffset="5104"/>
</LocList>
<StmntSeq Intrnl_Id="198">
<LocList>
<Loc EndOffset="5191" SrcFileId="2" StartOffset="5158"/>
<Loc EndOffset="5215" SrcFileId="2" StartOffset="5194"/>
<Loc EndOffset="5266" SrcFileId="2" StartOffset="5218"/>
<Loc EndOffset="5293" SrcFileId="2" StartOffset="5269"/>
<Loc EndOffset="5376" SrcFileId="2" StartOffset="5296"/>
</LocList>
<BasicStmnt CovItemId="S75" CovItemPrefix="cabra.tests.Utils_Test.java" Intrnl_Id="199">
<LocList>
<Loc EndOffset="5191" SrcFileId="2" StartOffset="5158"/>
</LocList>
</BasicStmnt>
<BasicStmnt CovItemId="S76" CovItemPrefix="cabra.tests.Utils_Test.java" Intrnl_Id="200">
<LocList>
<Loc EndOffset="5215" SrcFileId="2" StartOffset="5194"/>
</LocList>
</BasicStmnt>
<BasicStmnt CovItemId="S77" CovItemPrefix="cabra.tests.Utils_Test.java" Intrnl_Id="201">
<LocList>
<Loc EndOffset="5266" SrcFileId="2" StartOffset="5218"/>
</LocList>
</BasicStmnt>
<BasicStmnt CovItemId="S78" CovItemPrefix="cabra.tests.Utils_Test.java" Intrnl_Id="202">
<LocList>
<Loc EndOffset="5293" SrcFileId="2" StartOffset="5269"/>
</LocList>
</BasicStmnt>
<BasicStmnt CovItemId="S79" CovItemPrefix="cabra.tests.Utils_Test.java" Intrnl_Id="203">
<LocList>
<Loc EndOffset="5376" SrcFileId="2" StartOffset="5296"/>
</LocList>
</BasicStmnt>
</StmntSeq>
</HierarchyLvl>
<HierarchyLvl HierarchyLvlId="958" HierarchyLvlTypeId="67" Intrnl_Id="204" Name="endsWith_no_extension_test">
<Header>
<Loc EndOffset="5430" SrcFileId="2" StartOffset="5383"/>
</Header>
<LocList>
<Loc EndOffset="5653" SrcFileId="2" StartOffset="5383"/>
</LocList>
<StmntSeq Intrnl_Id="205">
<LocList>
<Loc EndOffset="5464" SrcFileId="2" StartOffset="5435"/>
<Loc EndOffset="5488" SrcFileId="2" StartOffset="5467"/>
<Loc EndOffset="5539" SrcFileId="2" StartOffset="5491"/>
<Loc EndOffset="5567" SrcFileId="2" StartOffset="5542"/>
<Loc EndOffset="5650" SrcFileId="2" StartOffset="5570"/>
</LocList>
<BasicStmnt CovItemId="S80" CovItemPrefix="cabra.tests.Utils_Test.java" Intrnl_Id="206">
<LocList>
<Loc EndOffset="5464" SrcFileId="2" StartOffset="5435"/>
</LocList>
</BasicStmnt>
<BasicStmnt CovItemId="S81" CovItemPrefix="cabra.tests.Utils_Test.java" Intrnl_Id="207">
<LocList>
<Loc EndOffset="5488" SrcFileId="2" StartOffset="5467"/>
</LocList>
</BasicStmnt>
<BasicStmnt CovItemId="S82" CovItemPrefix="cabra.tests.Utils_Test.java" Intrnl_Id="208">
<LocList>
<Loc EndOffset="5539" SrcFileId="2" StartOffset="5491"/>
</LocList>
</BasicStmnt>
<BasicStmnt CovItemId="S83" CovItemPrefix="cabra.tests.Utils_Test.java" Intrnl_Id="209">
<LocList>
<Loc EndOffset="5567" SrcFileId="2" StartOffset="5542"/>
</LocList>
</BasicStmnt>
<BasicStmnt CovItemId="S84" CovItemPrefix="cabra.tests.Utils_Test.java" Intrnl_Id="210">
<LocList>
<Loc EndOffset="5650" SrcFileId="2" StartOffset="5570"/>
</LocList>
</BasicStmnt>
</StmntSeq>
</HierarchyLvl>
<HierarchyLvl HierarchyLvlId="959" HierarchyLvlTypeId="67" Intrnl_Id="211" Name="endsWith_mult_file_extension_test">
<Header>
<Loc EndOffset="5711" SrcFileId="2" StartOffset="5657"/>
</Header>
<LocList>
<Loc EndOffset="5945" SrcFileId="2" StartOffset="5657"/>
</LocList>
<StmntSeq Intrnl_Id="212">
<LocList>
<Loc EndOffset="5753" SrcFileId="2" StartOffset="5716"/>
<Loc EndOffset="5781" SrcFileId="2" StartOffset="5756"/>
<Loc EndOffset="5832" SrcFileId="2" StartOffset="5784"/>
<Loc EndOffset="5859" SrcFileId="2" StartOffset="5835"/>
<Loc EndOffset="5942" SrcFileId="2" StartOffset="5862"/>
</LocList>
<BasicStmnt CovItemId="S85" CovItemPrefix="cabra.tests.Utils_Test.java" Intrnl_Id="213">
<LocList>
<Loc EndOffset="5753" SrcFileId="2" StartOffset="5716"/>
</LocList>
</BasicStmnt>
<BasicStmnt CovItemId="S86" CovItemPrefix="cabra.tests.Utils_Test.java" Intrnl_Id="214">
<LocList>
<Loc EndOffset="5781" SrcFileId="2" StartOffset="5756"/>
</LocList>
</BasicStmnt>
<BasicStmnt CovItemId="S87" CovItemPrefix="cabra.tests.Utils_Test.java" Intrnl_Id="215">
<LocList>
<Loc EndOffset="5832" SrcFileId="2" StartOffset="5784"/>
</LocList>
</BasicStmnt>
<BasicStmnt CovItemId="S88" CovItemPrefix="cabra.tests.Utils_Test.java" Intrnl_Id="216">
<LocList>
<Loc EndOffset="5859" SrcFileId="2" StartOffset="5835"/>
</LocList>
</BasicStmnt>
<BasicStmnt CovItemId="S89" CovItemPrefix="cabra.tests.Utils_Test.java" Intrnl_Id="217">
<LocList>
<Loc EndOffset="5942" SrcFileId="2" StartOffset="5862"/>
</LocList>
</BasicStmnt>
</StmntSeq>
</HierarchyLvl>
<HierarchyLvl HierarchyLvlId="960" HierarchyLvlTypeId="67" Intrnl_Id="218" Name="endsWith_doesnt_endwith_test">
<Header>
<Loc EndOffset="5998" SrcFileId="2" StartOffset="5949"/>
</Header>
<LocList>
<Loc EndOffset="6228" SrcFileId="2" StartOffset="5949"/>
</LocList>
<StmntSeq Intrnl_Id="219">
<LocList>
<Loc EndOffset="6040" SrcFileId="2" StartOffset="6003"/>
<Loc EndOffset="6063" SrcFileId="2" StartOffset="6043"/>
<Loc EndOffset="6114" SrcFileId="2" StartOffset="6066"/>
<Loc EndOffset="6142" SrcFileId="2" StartOffset="6117"/>
<Loc EndOffset="6225" SrcFileId="2" StartOffset="6145"/>
</LocList>
<BasicStmnt CovItemId="S90" CovItemPrefix="cabra.tests.Utils_Test.java" Intrnl_Id="220">
<LocList>
<Loc EndOffset="6040" SrcFileId="2" StartOffset="6003"/>
</LocList>
</BasicStmnt>
<BasicStmnt CovItemId="S91" CovItemPrefix="cabra.tests.Utils_Test.java" Intrnl_Id="221">
<LocList>
<Loc EndOffset="6063" SrcFileId="2" StartOffset="6043"/>
</LocList>
</BasicStmnt>
<BasicStmnt CovItemId="S92" CovItemPrefix="cabra.tests.Utils_Test.java" Intrnl_Id="222">
<LocList>
<Loc EndOffset="6114" SrcFileId="2" StartOffset="6066"/>
</LocList>
</BasicStmnt>
<BasicStmnt CovItemId="S93" CovItemPrefix="cabra.tests.Utils_Test.java" Intrnl_Id="223">
<LocList>
<Loc EndOffset="6142" SrcFileId="2" StartOffset="6117"/>
</LocList>
</BasicStmnt>
<BasicStmnt CovItemId="S94" CovItemPrefix="cabra.tests.Utils_Test.java" Intrnl_Id="224">
<LocList>
<Loc EndOffset="6225" SrcFileId="2" StartOffset="6145"/>
</LocList>
</BasicStmnt>
</StmntSeq>
</HierarchyLvl>
<HierarchyLvl HierarchyLvlId="961" HierarchyLvlTypeId="67" Intrnl_Id="225" Name="endsWith_empty_test">
<Header>
<Loc EndOffset="6272" SrcFileId="2" StartOffset="6232"/>
</Header>
<LocList>
<Loc EndOffset="6482" SrcFileId="2" StartOffset="6232"/>
</LocList>
<StmntSeq Intrnl_Id="226">
<LocList>
<Loc EndOffset="6298" SrcFileId="2" StartOffset="6277"/>
<Loc EndOffset="6318" SrcFileId="2" StartOffset="6301"/>
<Loc EndOffset="6369" SrcFileId="2" StartOffset="6321"/>
<Loc EndOffset="6396" SrcFileId="2" StartOffset="6372"/>
<Loc EndOffset="6479" SrcFileId="2" StartOffset="6399"/>
</LocList>
<BasicStmnt CovItemId="S95" CovItemPrefix="cabra.tests.Utils_Test.java" Intrnl_Id="227">
<LocList>
<Loc EndOffset="6298" SrcFileId="2" StartOffset="6277"/>
</LocList>
</BasicStmnt>
<BasicStmnt CovItemId="S96" CovItemPrefix="cabra.tests.Utils_Test.java" Intrnl_Id="228">
<LocList>
<Loc EndOffset="6318" SrcFileId="2" StartOffset="6301"/>
</LocList>
</BasicStmnt>
<BasicStmnt CovItemId="S97" CovItemPrefix="cabra.tests.Utils_Test.java" Intrnl_Id="229">
<LocList>
<Loc EndOffset="6369" SrcFileId="2" StartOffset="6321"/>
</LocList>
</BasicStmnt>
<BasicStmnt CovItemId="S98" CovItemPrefix="cabra.tests.Utils_Test.java" Intrnl_Id="230">
<LocList>
<Loc EndOffset="6396" SrcFileId="2" StartOffset="6372"/>
</LocList>
</BasicStmnt>
<BasicStmnt CovItemId="S99" CovItemPrefix="cabra.tests.Utils_Test.java" Intrnl_Id="231">
<LocList>
<Loc EndOffset="6479" SrcFileId="2" StartOffset="6399"/>
</LocList>
</BasicStmnt>
</StmntSeq>
</HierarchyLvl>
<HierarchyLvl HierarchyLvlId="962" HierarchyLvlTypeId="67" Intrnl_Id="232" Name="getExtension_file_extension_test">
<Header>
<Loc EndOffset="6591" SrcFileId="2" StartOffset="6538"/>
</Header>
<LocList>
<Loc EndOffset="6798" SrcFileId="2" StartOffset="6538"/>
</LocList>
<StmntSeq Intrnl_Id="233">
<LocList>
<Loc EndOffset="6637" SrcFileId="2" StartOffset="6596"/>
<Loc EndOffset="6685" SrcFileId="2" StartOffset="6640"/>
<Loc EndOffset="6712" SrcFileId="2" StartOffset="6688"/>
<Loc EndOffset="6795" SrcFileId="2" StartOffset="6715"/>
</LocList>
<BasicStmnt CovItemId="S100" CovItemPrefix="cabra.tests.Utils_Test.java" Intrnl_Id="234">
<LocList>
<Loc EndOffset="6637" SrcFileId="2" StartOffset="6596"/>
</LocList>
</BasicStmnt>
<BasicStmnt CovItemId="S101" CovItemPrefix="cabra.tests.Utils_Test.java" Intrnl_Id="235">
<LocList>
<Loc EndOffset="6685" SrcFileId="2" StartOffset="6640"/>
</LocList>
</BasicStmnt>
<BasicStmnt CovItemId="S102" CovItemPrefix="cabra.tests.Utils_Test.java" Intrnl_Id="236">
<LocList>
<Loc EndOffset="6712" SrcFileId="2" StartOffset="6688"/>
</LocList>
</BasicStmnt>
<BasicStmnt CovItemId="S103" CovItemPrefix="cabra.tests.Utils_Test.java" Intrnl_Id="237">
<LocList>
<Loc EndOffset="6795" SrcFileId="2" StartOffset="6715"/>
</LocList>
</BasicStmnt>
</StmntSeq>
</HierarchyLvl>
<HierarchyLvl HierarchyLvlId="963" HierarchyLvlTypeId="67" Intrnl_Id="238" Name="getExtension_no_extension_test">
<Header>
<Loc EndOffset="6853" SrcFileId="2" StartOffset="6802"/>
</Header>
<LocList>
<Loc EndOffset="7055" SrcFileId="2" StartOffset="6802"/>
</LocList>
<StmntSeq Intrnl_Id="239">
<LocList>
<Loc EndOffset="6895" SrcFileId="2" StartOffset="6858"/>
<Loc EndOffset="6943" SrcFileId="2" StartOffset="6898"/>
<Loc EndOffset="6969" SrcFileId="2" StartOffset="6946"/>
<Loc EndOffset="7052" SrcFileId="2" StartOffset="6972"/>
</LocList>
<BasicStmnt CovItemId="S104" CovItemPrefix="cabra.tests.Utils_Test.java" Intrnl_Id="240">
<LocList>
<Loc EndOffset="6895" SrcFileId="2" StartOffset="6858"/>
</LocList>
</BasicStmnt>
<BasicStmnt CovItemId="S105" CovItemPrefix="cabra.tests.Utils_Test.java" Intrnl_Id="241">
<LocList>
<Loc EndOffset="6943" SrcFileId="2" StartOffset="6898"/>
</LocList>
</BasicStmnt>
<BasicStmnt CovItemId="S106" CovItemPrefix="cabra.tests.Utils_Test.java" Intrnl_Id="242">
<LocList>
<Loc EndOffset="6969" SrcFileId="2" StartOffset="6946"/>
</LocList>
</BasicStmnt>
<BasicStmnt CovItemId="S107" CovItemPrefix="cabra.tests.Utils_Test.java" Intrnl_Id="243">
<LocList>
<Loc EndOffset="7052" SrcFileId="2" StartOffset="6972"/>
</LocList>
</BasicStmnt>
</StmntSeq>
</HierarchyLvl>
<HierarchyLvl HierarchyLvlId="964" HierarchyLvlTypeId="67" Intrnl_Id="244" Name="getExtension_mult_file_extension_test">
<Header>
<Loc EndOffset="7117" SrcFileId="2" StartOffset="7059"/>
</Header>
<LocList>
<Loc EndOffset="7328" SrcFileId="2" StartOffset="7059"/>
</LocList>
<StmntSeq Intrnl_Id="245">
<LocList>
<Loc EndOffset="7167" SrcFileId="2" StartOffset="7122"/>
<Loc EndOffset="7215" SrcFileId="2" StartOffset="7170"/>
<Loc EndOffset="7242" SrcFileId="2" StartOffset="7218"/>
<Loc EndOffset="7325" SrcFileId="2" StartOffset="7245"/>
</LocList>
<BasicStmnt CovItemId="S108" CovItemPrefix="cabra.tests.Utils_Test.java" Intrnl_Id="246">
<LocList>
<Loc EndOffset="7167" SrcFileId="2" StartOffset="7122"/>
</LocList>
</BasicStmnt>
<BasicStmnt CovItemId="S109" CovItemPrefix="cabra.tests.Utils_Test.java" Intrnl_Id="247">
<LocList>
<Loc EndOffset="7215" SrcFileId="2" StartOffset="7170"/>
</LocList>
</BasicStmnt>
<BasicStmnt CovItemId="S110" CovItemPrefix="cabra.tests.Utils_Test.java" Intrnl_Id="248">
<LocList>
<Loc EndOffset="7242" SrcFileId="2" StartOffset="7218"/>
</LocList>
</BasicStmnt>
<BasicStmnt CovItemId="S111" CovItemPrefix="cabra.tests.Utils_Test.java" Intrnl_Id="249">
<LocList>
<Loc EndOffset="7325" SrcFileId="2" StartOffset="7245"/>
</LocList>
</BasicStmnt>
</StmntSeq>
</HierarchyLvl>
<HierarchyLvl HierarchyLvlId="965" HierarchyLvlTypeId="67" Intrnl_Id="250" Name="getExtension_empty_test">
<Header>
<Loc EndOffset="7376" SrcFileId="2" StartOffset="7332"/>
</Header>
<LocList>
<Loc EndOffset="7570" SrcFileId="2" StartOffset="7332"/>
</LocList>
<StmntSeq Intrnl_Id="251">
<LocList>
<Loc EndOffset="7410" SrcFileId="2" StartOffset="7381"/>
<Loc EndOffset="7458" SrcFileId="2" StartOffset="7413"/>
<Loc EndOffset="7484" SrcFileId="2" StartOffset="7461"/>
<Loc EndOffset="7567" SrcFileId="2" StartOffset="7487"/>
</LocList>
<BasicStmnt CovItemId="S112" CovItemPrefix="cabra.tests.Utils_Test.java" Intrnl_Id="252">
<LocList>
<Loc EndOffset="7410" SrcFileId="2" StartOffset="7381"/>
</LocList>
</BasicStmnt>
<BasicStmnt CovItemId="S113" CovItemPrefix="cabra.tests.Utils_Test.java" Intrnl_Id="253">
<LocList>
<Loc EndOffset="7458" SrcFileId="2" StartOffset="7413"/>
</LocList>
</BasicStmnt>
<BasicStmnt CovItemId="S114" CovItemPrefix="cabra.tests.Utils_Test.java" Intrnl_Id="254">
<LocList>
<Loc EndOffset="7484" SrcFileId="2" StartOffset="7461"/>
</LocList>
</BasicStmnt>
<BasicStmnt CovItemId="S115" CovItemPrefix="cabra.tests.Utils_Test.java" Intrnl_Id="255">
<LocList>
<Loc EndOffset="7567" SrcFileId="2" StartOffset="7487"/>
</LocList>
</BasicStmnt>
</StmntSeq>
</HierarchyLvl>
<HierarchyLvl HierarchyLvlId="966" HierarchyLvlTypeId="67" Intrnl_Id="256" Name="numDigits_positive_test">
<Header>
<Loc EndOffset="7668" SrcFileId="2" StartOffset="7624"/>
</Header>
<LocList>
<Loc EndOffset="7835" SrcFileId="2" StartOffset="7624"/>
</LocList>
<StmntSeq Intrnl_Id="257">
<LocList>
<Loc EndOffset="7690" SrcFileId="2" StartOffset="7673"/>
<Loc EndOffset="7729" SrcFileId="2" StartOffset="7693"/>
<Loc EndOffset="7749" SrcFileId="2" StartOffset="7732"/>
<Loc EndOffset="7832" SrcFileId="2" StartOffset="7752"/>
</LocList>
<BasicStmnt CovItemId="S116" CovItemPrefix="cabra.tests.Utils_Test.java" Intrnl_Id="258">
<LocList>
<Loc EndOffset="7690" SrcFileId="2" StartOffset="7673"/>
</LocList>
</BasicStmnt>
<BasicStmnt CovItemId="S117" CovItemPrefix="cabra.tests.Utils_Test.java" Intrnl_Id="259">
<LocList>
<Loc EndOffset="7729" SrcFileId="2" StartOffset="7693"/>
</LocList>
</BasicStmnt>
<BasicStmnt CovItemId="S118" CovItemPrefix="cabra.tests.Utils_Test.java" Intrnl_Id="260">
<LocList>
<Loc EndOffset="7749" SrcFileId="2" StartOffset="7732"/>
</LocList>
</BasicStmnt>
<BasicStmnt CovItemId="S119" CovItemPrefix="cabra.tests.Utils_Test.java" Intrnl_Id="261">
<LocList>
<Loc EndOffset="7832" SrcFileId="2" StartOffset="7752"/>
</LocList>
</BasicStmnt>
</StmntSeq>
</HierarchyLvl>
<HierarchyLvl HierarchyLvlId="967" HierarchyLvlTypeId="67" Intrnl_Id="262" Name="numDigits_largest_32bit_signed_test">
<Header>
<Loc EndOffset="7895" SrcFileId="2" StartOffset="7839"/>
</Header>
<LocList>
<Loc EndOffset="8069" SrcFileId="2" StartOffset="7839"/>
</LocList>
<StmntSeq Intrnl_Id="263">
<LocList>
<Loc EndOffset="7923" SrcFileId="2" StartOffset="7900"/>
<Loc EndOffset="7962" SrcFileId="2" StartOffset="7926"/>
<Loc EndOffset="7983" SrcFileId="2" StartOffset="7965"/>
<Loc EndOffset="8066" SrcFileId="2" StartOffset="7986"/>
</LocList>
<BasicStmnt CovItemId="S120" CovItemPrefix="cabra.tests.Utils_Test.java" Intrnl_Id="264">
<LocList>
<Loc EndOffset="7923" SrcFileId="2" StartOffset="7900"/>
</LocList>
</BasicStmnt>
<BasicStmnt CovItemId="S121" CovItemPrefix="cabra.tests.Utils_Test.java" Intrnl_Id="265">
<LocList>
<Loc EndOffset="7962" SrcFileId="2" StartOffset="7926"/>
</LocList>
</BasicStmnt>
<BasicStmnt CovItemId="S122" CovItemPrefix="cabra.tests.Utils_Test.java" Intrnl_Id="266">
<LocList>
<Loc EndOffset="7983" SrcFileId="2" StartOffset="7965"/>
</LocList>
</BasicStmnt>
<BasicStmnt CovItemId="S123" CovItemPrefix="cabra.tests.Utils_Test.java" Intrnl_Id="267">
<LocList>
<Loc EndOffset="8066" SrcFileId="2" StartOffset="7986"/>
</LocList>
</BasicStmnt>
</StmntSeq>
</HierarchyLvl>
<HierarchyLvl HierarchyLvlId="968" HierarchyLvlTypeId="67" Intrnl_Id="268" Name="numDigits_negative_num_test">
<Header>
<Loc EndOffset="8121" SrcFileId="2" StartOffset="8073"/>
</Header>
<LocList>
<Loc EndOffset="8291" SrcFileId="2" StartOffset="8073"/>
</LocList>
<StmntSeq Intrnl_Id="269">
<LocList>
<Loc EndOffset="8146" SrcFileId="2" StartOffset="8126"/>
<Loc EndOffset="8185" SrcFileId="2" StartOffset="8149"/>
<Loc EndOffset="8205" SrcFileId="2" StartOffset="8188"/>
<Loc EndOffset="8288" SrcFileId="2" StartOffset="8208"/>
</LocList>
<BasicStmnt CovItemId="S124" CovItemPrefix="cabra.tests.Utils_Test.java" Intrnl_Id="270">
<LocList>
<Loc EndOffset="8146" SrcFileId="2" StartOffset="8126"/>
</LocList>
</BasicStmnt>
<BasicStmnt CovItemId="S125" CovItemPrefix="cabra.tests.Utils_Test.java" Intrnl_Id="271">
<LocList>
<Loc EndOffset="8185" SrcFileId="2" StartOffset="8149"/>
</LocList>
</BasicStmnt>
<BasicStmnt CovItemId="S126" CovItemPrefix="cabra.tests.Utils_Test.java" Intrnl_Id="272">
<LocList>
<Loc EndOffset="8205" SrcFileId="2" StartOffset="8188"/>
</LocList>
</BasicStmnt>
<BasicStmnt CovItemId="S127" CovItemPrefix="cabra.tests.Utils_Test.java" Intrnl_Id="273">
<LocList>
<Loc EndOffset="8288" SrcFileId="2" StartOffset="8208"/>
</LocList>
</BasicStmnt>
</StmntSeq>
</HierarchyLvl>
<HierarchyLvl HierarchyLvlId="969" HierarchyLvlTypeId="67" Intrnl_Id="274" Name="numDigits_onedigit_zero_test">
<Header>
<Loc EndOffset="8344" SrcFileId="2" StartOffset="8295"/>
</Header>
<LocList>
<Loc EndOffset="8508" SrcFileId="2" StartOffset="8295"/>
</LocList>
<StmntSeq Intrnl_Id="275">
<LocList>
<Loc EndOffset="8363" SrcFileId="2" StartOffset="8349"/>
<Loc EndOffset="8402" SrcFileId="2" StartOffset="8366"/>
<Loc EndOffset="8422" SrcFileId="2" StartOffset="8405"/>
<Loc EndOffset="8505" SrcFileId="2" StartOffset="8425"/>
</LocList>
<BasicStmnt CovItemId="S128" CovItemPrefix="cabra.tests.Utils_Test.java" Intrnl_Id="276">
<LocList>
<Loc EndOffset="8363" SrcFileId="2" StartOffset="8349"/>
</LocList>
</BasicStmnt>
<BasicStmnt CovItemId="S129" CovItemPrefix="cabra.tests.Utils_Test.java" Intrnl_Id="277">
<LocList>
<Loc EndOffset="8402" SrcFileId="2" StartOffset="8366"/>
</LocList>
</BasicStmnt>
<BasicStmnt CovItemId="S130" CovItemPrefix="cabra.tests.Utils_Test.java" Intrnl_Id="278">
<LocList>
<Loc EndOffset="8422" SrcFileId="2" StartOffset="8405"/>
</LocList>
</BasicStmnt>
<BasicStmnt CovItemId="S131" CovItemPrefix="cabra.tests.Utils_Test.java" Intrnl_Id="279">
<LocList>
<Loc EndOffset="8505" SrcFileId="2" StartOffset="8425"/>
</LocList>
</BasicStmnt>
</StmntSeq>
</HierarchyLvl>
<HierarchyLvl HierarchyLvlId="970" HierarchyLvlTypeId="67" Intrnl_Id="280" Name="stringWithPlural_positive_test">
<Header>
<Loc EndOffset="8620" SrcFileId="2" StartOffset="8569"/>
</Header>
<LocList>
<Loc EndOffset="8812" SrcFileId="2" StartOffset="8569"/>
</LocList>
<StmntSeq Intrnl_Id="281">
<LocList>
<Loc EndOffset="8646" SrcFileId="2" StartOffset="8625"/>
<Loc EndOffset="8698" SrcFileId="2" StartOffset="8649"/>
<Loc EndOffset="8726" SrcFileId="2" StartOffset="8701"/>
<Loc EndOffset="8809" SrcFileId="2" StartOffset="8729"/>
</LocList>
<BasicStmnt CovItemId="S132" CovItemPrefix="cabra.tests.Utils_Test.java" Intrnl_Id="282">
<LocList>
<Loc EndOffset="8646" SrcFileId="2" StartOffset="8625"/>
</LocList>
</BasicStmnt>
<BasicStmnt CovItemId="S133" CovItemPrefix="cabra.tests.Utils_Test.java" Intrnl_Id="283">
<LocList>
<Loc EndOffset="8698" SrcFileId="2" StartOffset="8649"/>
</LocList>
</BasicStmnt>
<BasicStmnt CovItemId="S134" CovItemPrefix="cabra.tests.Utils_Test.java" Intrnl_Id="284">
<LocList>
<Loc EndOffset="8726" SrcFileId="2" StartOffset="8701"/>
</LocList>
</BasicStmnt>
<BasicStmnt CovItemId="S135" CovItemPrefix="cabra.tests.Utils_Test.java" Intrnl_Id="285">
<LocList>
<Loc EndOffset="8809" SrcFileId="2" StartOffset="8729"/>
</LocList>
</BasicStmnt>
</StmntSeq>
</HierarchyLvl>
<HierarchyLvl HierarchyLvlId="971" HierarchyLvlTypeId="67" Intrnl_Id="286" Name="stringWithPlural_one_element_test">
<Header>
<Loc EndOffset="8870" SrcFileId="2" StartOffset="8816"/>
</Header>
<LocList>
<Loc EndOffset="9061" SrcFileId="2" StartOffset="8816"/>
</LocList>
<StmntSeq Intrnl_Id="287">
<LocList>
<Loc EndOffset="8896" SrcFileId="2" StartOffset="8875"/>
<Loc EndOffset="8948" SrcFileId="2" StartOffset="8899"/>
<Loc EndOffset="8975" SrcFileId="2" StartOffset="8951"/>
<Loc EndOffset="9058" SrcFileId="2" StartOffset="8978"/>
</LocList>
<BasicStmnt CovItemId="S136" CovItemPrefix="cabra.tests.Utils_Test.java" Intrnl_Id="288">
<LocList>
<Loc EndOffset="8896" SrcFileId="2" StartOffset="8875"/>
</LocList>
</BasicStmnt>
<BasicStmnt CovItemId="S137" CovItemPrefix="cabra.tests.Utils_Test.java" Intrnl_Id="289">
<LocList>
<Loc EndOffset="8948" SrcFileId="2" StartOffset="8899"/>
</LocList>
</BasicStmnt>
<BasicStmnt CovItemId="S138" CovItemPrefix="cabra.tests.Utils_Test.java" Intrnl_Id="290">
<LocList>
<Loc EndOffset="8975" SrcFileId="2" StartOffset="8951"/>
</LocList>
</BasicStmnt>
<BasicStmnt CovItemId="S139" CovItemPrefix="cabra.tests.Utils_Test.java" Intrnl_Id="291">
<LocList>
<Loc EndOffset="9058" SrcFileId="2" StartOffset="8978"/>
</LocList>
</BasicStmnt>
</StmntSeq>
</HierarchyLvl>
<HierarchyLvl HierarchyLvlId="972" HierarchyLvlTypeId="67" Intrnl_Id="292" Name="stringWithPlural_two_element_test">
<Header>
<Loc EndOffset="9119" SrcFileId="2" StartOffset="9065"/>
</Header>
<LocList>
<Loc EndOffset="9311" SrcFileId="2" StartOffset="9065"/>
</LocList>
<StmntSeq Intrnl_Id="293">
<LocList>
<Loc EndOffset="9145" SrcFileId="2" StartOffset="9124"/>
<Loc EndOffset="9197" SrcFileId="2" StartOffset="9148"/>
<Loc EndOffset="9225" SrcFileId="2" StartOffset="9200"/>
<Loc EndOffset="9308" SrcFileId="2" StartOffset="9228"/>
</LocList>
<BasicStmnt CovItemId="S140" CovItemPrefix="cabra.tests.Utils_Test.java" Intrnl_Id="294">
<LocList>
<Loc EndOffset="9145" SrcFileId="2" StartOffset="9124"/>
</LocList>
</BasicStmnt>
<BasicStmnt CovItemId="S141" CovItemPrefix="cabra.tests.Utils_Test.java" Intrnl_Id="295">
<LocList>
<Loc EndOffset="9197" SrcFileId="2" StartOffset="9148"/>
</LocList>
</BasicStmnt>
<BasicStmnt CovItemId="S142" CovItemPrefix="cabra.tests.Utils_Test.java" Intrnl_Id="296">
<LocList>
<Loc EndOffset="9225" SrcFileId="2" StartOffset="9200"/>
</LocList>
</BasicStmnt>
<BasicStmnt CovItemId="S143" CovItemPrefix="cabra.tests.Utils_Test.java" Intrnl_Id="297">
<LocList>
<Loc EndOffset="9308" SrcFileId="2" StartOffset="9228"/>
</LocList>
</BasicStmnt>
</StmntSeq>
</HierarchyLvl>
<HierarchyLvl HierarchyLvlId="973" HierarchyLvlTypeId="67" Intrnl_Id="298" Name="stringWithPlural_word_ending_with_s_test">
<Header>
<Loc EndOffset="9376" SrcFileId="2" StartOffset="9315"/>
</Header>
<LocList>
<Loc EndOffset="9570" SrcFileId="2" StartOffset="9315"/>
</LocList>
<StmntSeq Intrnl_Id="299">
<LocList>
<Loc EndOffset="9403" SrcFileId="2" StartOffset="9381"/>
<Loc EndOffset="9455" SrcFileId="2" StartOffset="9406"/>
<Loc EndOffset="9484" SrcFileId="2" StartOffset="9458"/>
<Loc EndOffset="9567" SrcFileId="2" StartOffset="9487"/>
</LocList>
<BasicStmnt CovItemId="S144" CovItemPrefix="cabra.tests.Utils_Test.java" Intrnl_Id="300">
<LocList>
<Loc EndOffset="9403" SrcFileId="2" StartOffset="9381"/>
</LocList>
</BasicStmnt>
<BasicStmnt CovItemId="S145" CovItemPrefix="cabra.tests.Utils_Test.java" Intrnl_Id="301">
<LocList>
<Loc EndOffset="9455" SrcFileId="2" StartOffset="9406"/>
</LocList>
</BasicStmnt>
<BasicStmnt CovItemId="S146" CovItemPrefix="cabra.tests.Utils_Test.java" Intrnl_Id="302">
<LocList>
<Loc EndOffset="9484" SrcFileId="2" StartOffset="9458"/>
</LocList>
</BasicStmnt>
<BasicStmnt CovItemId="S147" CovItemPrefix="cabra.tests.Utils_Test.java" Intrnl_Id="303">
<LocList>
<Loc EndOffset="9567" SrcFileId="2" StartOffset="9487"/>
</LocList>
</BasicStmnt>
</StmntSeq>
</HierarchyLvl>
<HierarchyLvl HierarchyLvlId="974" HierarchyLvlTypeId="67" Intrnl_Id="304" Name="stringWithPlural_zero_quantity_test">
<Header>
<Loc EndOffset="9629" SrcFileId="2" StartOffset="9573"/>
</Header>
<LocList>
<Loc EndOffset="9820" SrcFileId="2" StartOffset="9573"/>
</LocList>
<StmntSeq Intrnl_Id="305">
<LocList>
<Loc EndOffset="9655" SrcFileId="2" StartOffset="9634"/>
<Loc EndOffset="9707" SrcFileId="2" StartOffset="9658"/>
<Loc EndOffset="9734" SrcFileId="2" StartOffset="9710"/>
<Loc EndOffset="9817" SrcFileId="2" StartOffset="9737"/>
</LocList>
<BasicStmnt CovItemId="S148" CovItemPrefix="cabra.tests.Utils_Test.java" Intrnl_Id="306">
<LocList>
<Loc EndOffset="9655" SrcFileId="2" StartOffset="9634"/>
</LocList>
</BasicStmnt>
<BasicStmnt CovItemId="S149" CovItemPrefix="cabra.tests.Utils_Test.java" Intrnl_Id="307">
<LocList>
<Loc EndOffset="9707" SrcFileId="2" StartOffset="9658"/>
</LocList>
</BasicStmnt>
<BasicStmnt CovItemId="S150" CovItemPrefix="cabra.tests.Utils_Test.java" Intrnl_Id="308">
<LocList>
<Loc EndOffset="9734" SrcFileId="2" StartOffset="9710"/>
</LocList>
</BasicStmnt>
<BasicStmnt CovItemId="S151" CovItemPrefix="cabra.tests.Utils_Test.java" Intrnl_Id="309">
<LocList>
<Loc EndOffset="9817" SrcFileId="2" StartOffset="9737"/>
</LocList>
</BasicStmnt>
</StmntSeq>
</HierarchyLvl>
<HierarchyLvl HierarchyLvlId="975" HierarchyLvlTypeId="67" Intrnl_Id="310" Name="toIntegerArray_positive_test">
<Header>
<Loc EndOffset="9961" SrcFileId="2" StartOffset="9878"/>
</Header>
<LocList>
<Loc EndOffset="10168" SrcFileId="2" StartOffset="9878"/>
</LocList>
<StmntSeq Intrnl_Id="311">
<LocList>
<Loc EndOffset="9994" SrcFileId="2" StartOffset="9966"/>
<Loc EndOffset="10044" SrcFileId="2" StartOffset="9997"/>
<Loc EndOffset="10082" SrcFileId="2" StartOffset="10047"/>
<Loc EndOffset="10165" SrcFileId="2" StartOffset="10085"/>
</LocList>
<BasicStmnt CovItemId="S152" CovItemPrefix="cabra.tests.Utils_Test.java" Intrnl_Id="312">
<LocList>
<Loc EndOffset="9994" SrcFileId="2" StartOffset="9966"/>
</LocList>
</BasicStmnt>
<BasicStmnt CovItemId="S153" CovItemPrefix="cabra.tests.Utils_Test.java" Intrnl_Id="313">
<LocList>
<Loc EndOffset="10044" SrcFileId="2" StartOffset="9997"/>
</LocList>
</BasicStmnt>
<BasicStmnt CovItemId="S154" CovItemPrefix="cabra.tests.Utils_Test.java" Intrnl_Id="314">
<LocList>
<Loc EndOffset="10082" SrcFileId="2" StartOffset="10047"/>
</LocList>
</BasicStmnt>
<BasicStmnt CovItemId="S155" CovItemPrefix="cabra.tests.Utils_Test.java" Intrnl_Id="315">
<LocList>
<Loc EndOffset="10165" SrcFileId="2" StartOffset="10085"/>
</LocList>
</BasicStmnt>
</StmntSeq>
</HierarchyLvl>
<HierarchyLvl HierarchyLvlId="976" HierarchyLvlTypeId="67" Intrnl_Id="316" Name="toIntegerArray_positive_negnums_test">
<Header>
<Loc EndOffset="10263" SrcFileId="2" StartOffset="10172"/>
</Header>
<LocList>
<Loc EndOffset="10476" SrcFileId="2" StartOffset="10172"/>
</LocList>
<StmntSeq Intrnl_Id="317">
<LocList>
<Loc EndOffset="10299" SrcFileId="2" StartOffset="10268"/>
<Loc EndOffset="10349" SrcFileId="2" StartOffset="10302"/>
<Loc EndOffset="10390" SrcFileId="2" StartOffset="10352"/>
<Loc EndOffset="10473" SrcFileId="2" StartOffset="10393"/>
</LocList>
<BasicStmnt CovItemId="S156" CovItemPrefix="cabra.tests.Utils_Test.java" Intrnl_Id="318">
<LocList>
<Loc EndOffset="10299" SrcFileId="2" StartOffset="10268"/>
</LocList>
</BasicStmnt>
<BasicStmnt CovItemId="S157" CovItemPrefix="cabra.tests.Utils_Test.java" Intrnl_Id="319">
<LocList>
<Loc EndOffset="10349" SrcFileId="2" StartOffset="10302"/>
</LocList>
</BasicStmnt>
<BasicStmnt CovItemId="S158" CovItemPrefix="cabra.tests.Utils_Test.java" Intrnl_Id="320">
<LocList>
<Loc EndOffset="10390" SrcFileId="2" StartOffset="10352"/>
</LocList>
</BasicStmnt>
<BasicStmnt CovItemId="S159" CovItemPrefix="cabra.tests.Utils_Test.java" Intrnl_Id="321">
<LocList>
<Loc EndOffset="10473" SrcFileId="2" StartOffset="10393"/>
</LocList>
</BasicStmnt>
</StmntSeq>
</HierarchyLvl>
<HierarchyLvl HierarchyLvlId="977" HierarchyLvlTypeId="67" Intrnl_Id="322" Name="toPercent_positive_test">
<Header>
<Loc EndOffset="10574" SrcFileId="2" StartOffset="10530"/>
</Header>
<LocList>
<Loc EndOffset="10795" SrcFileId="2" StartOffset="10530"/>
</LocList>
<StmntSeq Intrnl_Id="323">
<LocList>
<Loc EndOffset="10598" SrcFileId="2" StartOffset="10579"/>
<Loc EndOffset="10623" SrcFileId="2" StartOffset="10601"/>
<Loc EndOffset="10682" SrcFileId="2" StartOffset="10626"/>
<Loc EndOffset="10709" SrcFileId="2" StartOffset="10685"/>
<Loc EndOffset="10792" SrcFileId="2" StartOffset="10712"/>
</LocList>
<BasicStmnt CovItemId="S160" CovItemPrefix="cabra.tests.Utils_Test.java" Intrnl_Id="324">
<LocList>
<Loc EndOffset="10598" SrcFileId="2" StartOffset="10579"/>
</LocList>
</BasicStmnt>
<BasicStmnt CovItemId="S161" CovItemPrefix="cabra.tests.Utils_Test.java" Intrnl_Id="325">
<LocList>
<Loc EndOffset="10623" SrcFileId="2" StartOffset="10601"/>
</LocList>
</BasicStmnt>
<BasicStmnt CovItemId="S162" CovItemPrefix="cabra.tests.Utils_Test.java" Intrnl_Id="326">
<LocList>
<Loc EndOffset="10682" SrcFileId="2" StartOffset="10626"/>
</LocList>
</BasicStmnt>
<BasicStmnt CovItemId="S163" CovItemPrefix="cabra.tests.Utils_Test.java" Intrnl_Id="327">
<LocList>
<Loc EndOffset="10709" SrcFileId="2" StartOffset="10685"/>
</LocList>
</BasicStmnt>
<BasicStmnt CovItemId="S164" CovItemPrefix="cabra.tests.Utils_Test.java" Intrnl_Id="328">
<LocList>
<Loc EndOffset="10792" SrcFileId="2" StartOffset="10712"/>
</LocList>
</BasicStmnt>
</StmntSeq>
</HierarchyLvl>
<HierarchyLvl HierarchyLvlId="978" HierarchyLvlTypeId="67" Intrnl_Id="329" Name="toPercent_positive_mixedfrac_test">
<Header>
<Loc EndOffset="10853" SrcFileId="2" StartOffset="10799"/>
</Header>
<LocList>
<Loc EndOffset="11073" SrcFileId="2" StartOffset="10799"/>
</LocList>
<StmntSeq Intrnl_Id="330">
<LocList>
<Loc EndOffset="10877" SrcFileId="2" StartOffset="10858"/>
<Loc EndOffset="10901" SrcFileId="2" StartOffset="10880"/>
<Loc EndOffset="10960" SrcFileId="2" StartOffset="10904"/>
<Loc EndOffset="10987" SrcFileId="2" StartOffset="10963"/>
<Loc EndOffset="11070" SrcFileId="2" StartOffset="10990"/>
</LocList>
<BasicStmnt CovItemId="S165" CovItemPrefix="cabra.tests.Utils_Test.java" Intrnl_Id="331">
<LocList>
<Loc EndOffset="10877" SrcFileId="2" StartOffset="10858"/>
</LocList>
</BasicStmnt>
<BasicStmnt CovItemId="S166" CovItemPrefix="cabra.tests.Utils_Test.java" Intrnl_Id="332">
<LocList>
<Loc EndOffset="10901" SrcFileId="2" StartOffset="10880"/>
</LocList>
</BasicStmnt>
<BasicStmnt CovItemId="S167" CovItemPrefix="cabra.tests.Utils_Test.java" Intrnl_Id="333">
<LocList>
<Loc EndOffset="10960" SrcFileId="2" StartOffset="10904"/>
</LocList>
</BasicStmnt>
<BasicStmnt CovItemId="S168" CovItemPrefix="cabra.tests.Utils_Test.java" Intrnl_Id="334">
<LocList>
<Loc EndOffset="10987" SrcFileId="2" StartOffset="10963"/>
</LocList>
</BasicStmnt>
<BasicStmnt CovItemId="S169" CovItemPrefix="cabra.tests.Utils_Test.java" Intrnl_Id="335">
<LocList>
<Loc EndOffset="11070" SrcFileId="2" StartOffset="10990"/>
</LocList>
</BasicStmnt>
</StmntSeq>
</HierarchyLvl>
<HierarchyLvl HierarchyLvlId="979" HierarchyLvlTypeId="67" Intrnl_Id="336" Name="toPercent_positive_0_test">
<Header>
<Loc EndOffset="11123" SrcFileId="2" StartOffset="11077"/>
</Header>
<LocList>
<Loc EndOffset="11342" SrcFileId="2" StartOffset="11077"/>
</LocList>
<StmntSeq Intrnl_Id="337">
<LocList>
<Loc EndOffset="11146" SrcFileId="2" StartOffset="11128"/>
<Loc EndOffset="11171" SrcFileId="2" StartOffset="11149"/>
<Loc EndOffset="11230" SrcFileId="2" StartOffset="11174"/>
<Loc EndOffset="11256" SrcFileId="2" StartOffset="11233"/>
<Loc EndOffset="11339" SrcFileId="2" StartOffset="11259"/>
</LocList>
<BasicStmnt CovItemId="S170" CovItemPrefix="cabra.tests.Utils_Test.java" Intrnl_Id="338">
<LocList>
<Loc EndOffset="11146" SrcFileId="2" StartOffset="11128"/>
</LocList>
</BasicStmnt>
<BasicStmnt CovItemId="S171" CovItemPrefix="cabra.tests.Utils_Test.java" Intrnl_Id="339">
<LocList>
<Loc EndOffset="11171" SrcFileId="2" StartOffset="11149"/>
</LocList>
</BasicStmnt>
<BasicStmnt CovItemId="S172" CovItemPrefix="cabra.tests.Utils_Test.java" Intrnl_Id="340">
<LocList>
<Loc EndOffset="11230" SrcFileId="2" StartOffset="11174"/>
</LocList>
</BasicStmnt>
<BasicStmnt CovItemId="S173" CovItemPrefix="cabra.tests.Utils_Test.java" Intrnl_Id="341">
<LocList>
<Loc EndOffset="11256" SrcFileId="2" StartOffset="11233"/>
</LocList>
</BasicStmnt>
<BasicStmnt CovItemId="S174" CovItemPrefix="cabra.tests.Utils_Test.java" Intrnl_Id="342">
<LocList>
<Loc EndOffset="11339" SrcFileId="2" StartOffset="11259"/>
</LocList>
</BasicStmnt>
</StmntSeq>
</HierarchyLvl>
<HierarchyLvl HierarchyLvlId="980" HierarchyLvlTypeId="67" Intrnl_Id="343" Name="toPercent_positive_5percent_test">
<Header>
<Loc EndOffset="11398" SrcFileId="2" StartOffset="11345"/>
</Header>
<LocList>
<Loc EndOffset="11617" SrcFileId="2" StartOffset="11345"/>
</LocList>
<StmntSeq Intrnl_Id="344">
<LocList>
<Loc EndOffset="11421" SrcFileId="2" StartOffset="11403"/>
<Loc EndOffset="11446" SrcFileId="2" StartOffset="11424"/>
<Loc EndOffset="11505" SrcFileId="2" StartOffset="11449"/>
<Loc EndOffset="11531" SrcFileId="2" StartOffset="11508"/>
<Loc EndOffset="11614" SrcFileId="2" StartOffset="11534"/>
</LocList>
<BasicStmnt CovItemId="S175" CovItemPrefix="cabra.tests.Utils_Test.java" Intrnl_Id="345">
<LocList>
<Loc EndOffset="11421" SrcFileId="2" StartOffset="11403"/>
</LocList>
</BasicStmnt>
<BasicStmnt CovItemId="S176" CovItemPrefix="cabra.tests.Utils_Test.java" Intrnl_Id="346">
<LocList>
<Loc EndOffset="11446" SrcFileId="2" StartOffset="11424"/>
</LocList>
</BasicStmnt>
<BasicStmnt CovItemId="S177" CovItemPrefix="cabra.tests.Utils_Test.java" Intrnl_Id="347">
<LocList>
<Loc EndOffset="11505" SrcFileId="2" StartOffset="11449"/>
</LocList>
</BasicStmnt>
<BasicStmnt CovItemId="S178" CovItemPrefix="cabra.tests.Utils_Test.java" Intrnl_Id="348">
<LocList>
<Loc EndOffset="11531" SrcFileId="2" StartOffset="11508"/>
</LocList>
</BasicStmnt>
<BasicStmnt CovItemId="S179" CovItemPrefix="cabra.tests.Utils_Test.java" Intrnl_Id="349">
<LocList>
<Loc EndOffset="11614" SrcFileId="2" StartOffset="11534"/>
</LocList>
</BasicStmnt>
</StmntSeq>
</HierarchyLvl>
<HierarchyLvl HierarchyLvlId="981" HierarchyLvlTypeId="67" Intrnl_Id="350" Name="toPercent_positive_negnum_test">
<Header>
<Loc EndOffset="11672" SrcFileId="2" StartOffset="11621"/>
</Header>
<LocList>
<Loc EndOffset="11893" SrcFileId="2" StartOffset="11621"/>
</LocList>
<StmntSeq Intrnl_Id="351">
<LocList>
<Loc EndOffset="11696" SrcFileId="2" StartOffset="11677"/>
<Loc EndOffset="11721" SrcFileId="2" StartOffset="11699"/>
<Loc EndOffset="11780" SrcFileId="2" StartOffset="11724"/>
<Loc EndOffset="11807" SrcFileId="2" StartOffset="11783"/>
<Loc EndOffset="11890" SrcFileId="2" StartOffset="11810"/>
</LocList>
<BasicStmnt CovItemId="S180" CovItemPrefix="cabra.tests.Utils_Test.java" Intrnl_Id="352">
<LocList>
<Loc EndOffset="11696" SrcFileId="2" StartOffset="11677"/>
</LocList>
</BasicStmnt>
<BasicStmnt CovItemId="S181" CovItemPrefix="cabra.tests.Utils_Test.java" Intrnl_Id="353">
<LocList>
<Loc EndOffset="11721" SrcFileId="2" StartOffset="11699"/>
</LocList>
</BasicStmnt>
<BasicStmnt CovItemId="S182" CovItemPrefix="cabra.tests.Utils_Test.java" Intrnl_Id="354">
<LocList>
<Loc EndOffset="11780" SrcFileId="2" StartOffset="11724"/>
</LocList>
</BasicStmnt>
<BasicStmnt CovItemId="S183" CovItemPrefix="cabra.tests.Utils_Test.java" Intrnl_Id="355">
<LocList>
<Loc EndOffset="11807" SrcFileId="2" StartOffset="11783"/>
</LocList>
</BasicStmnt>
<BasicStmnt CovItemId="S184" CovItemPrefix="cabra.tests.Utils_Test.java" Intrnl_Id="356">
<LocList>
<Loc EndOffset="11890" SrcFileId="2" StartOffset="11810"/>
</LocList>
</BasicStmnt>
</StmntSeq>
</HierarchyLvl>
<HierarchyLvl HierarchyLvlId="982" HierarchyLvlTypeId="67" Intrnl_Id="357" Name="padWithLeadingZeroes_positive_test">
<Header>
<Loc EndOffset="12012" SrcFileId="2" StartOffset="11957"/>
</Header>
<LocList>
<Loc EndOffset="12216" SrcFileId="2" StartOffset="11957"/>
</LocList>
<StmntSeq Intrnl_Id="358">
<LocList>
<Loc EndOffset="12027" SrcFileId="2" StartOffset="12017"/>
<Loc EndOffset="12045" SrcFileId="2" StartOffset="12030"/>
<Loc EndOffset="12102" SrcFileId="2" StartOffset="12048"/>
<Loc EndOffset="12130" SrcFileId="2" StartOffset="12105"/>
<Loc EndOffset="12213" SrcFileId="2" StartOffset="12133"/>
</LocList>
<BasicStmnt CovItemId="S185" CovItemPrefix="cabra.tests.Utils_Test.java" Intrnl_Id="359">
<LocList>
<Loc EndOffset="12027" SrcFileId="2" StartOffset="12017"/>
</LocList>
</BasicStmnt>
<BasicStmnt CovItemId="S186" CovItemPrefix="cabra.tests.Utils_Test.java" Intrnl_Id="360">
<LocList>
<Loc EndOffset="12045" SrcFileId="2" StartOffset="12030"/>
</LocList>
</BasicStmnt>
<BasicStmnt CovItemId="S187" CovItemPrefix="cabra.tests.Utils_Test.java" Intrnl_Id="361">
<LocList>
<Loc EndOffset="12102" SrcFileId="2" StartOffset="12048"/>
</LocList>
</BasicStmnt>
<BasicStmnt CovItemId="S188" CovItemPrefix="cabra.tests.Utils_Test.java" Intrnl_Id="362">
<LocList>
<Loc EndOffset="12130" SrcFileId="2" StartOffset="12105"/>
</LocList>
</BasicStmnt>
<BasicStmnt CovItemId="S189" CovItemPrefix="cabra.tests.Utils_Test.java" Intrnl_Id="363">
<LocList>
<Loc EndOffset="12213" SrcFileId="2" StartOffset="12133"/>
</LocList>
</BasicStmnt>
</StmntSeq>
</HierarchyLvl>
<HierarchyLvl HierarchyLvlId="983" HierarchyLvlTypeId="67" Intrnl_Id="364" Name="padWithLeadingZeroes_positive_lessdig_test">
<Header>
<Loc EndOffset="12282" SrcFileId="2" StartOffset="12219"/>
</Header>
<LocList>
<Loc EndOffset="12487" SrcFileId="2" StartOffset="12219"/>
</LocList>
<StmntSeq Intrnl_Id="365">
<LocList>
<Loc EndOffset="12299" SrcFileId="2" StartOffset="12287"/>
<Loc EndOffset="12317" SrcFileId="2" StartOffset="12302"/>
<Loc EndOffset="12374" SrcFileId="2" StartOffset="12320"/>
<Loc EndOffset="12401" SrcFileId="2" StartOffset="12377"/>
<Loc EndOffset="12484" SrcFileId="2" StartOffset="12404"/>
</LocList>
<BasicStmnt CovItemId="S190" CovItemPrefix="cabra.tests.Utils_Test.java" Intrnl_Id="366">
<LocList>
<Loc EndOffset="12299" SrcFileId="2" StartOffset="12287"/>
</LocList>
</BasicStmnt>
<BasicStmnt CovItemId="S191" CovItemPrefix="cabra.tests.Utils_Test.java" Intrnl_Id="367">
<LocList>
<Loc EndOffset="12317" SrcFileId="2" StartOffset="12302"/>
</LocList>
</BasicStmnt>
<BasicStmnt CovItemId="S192" CovItemPrefix="cabra.tests.Utils_Test.java" Intrnl_Id="368">
<LocList>
<Loc EndOffset="12374" SrcFileId="2" StartOffset="12320"/>
</LocList>
</BasicStmnt>
<BasicStmnt CovItemId="S193" CovItemPrefix="cabra.tests.Utils_Test.java" Intrnl_Id="369">
<LocList>
<Loc EndOffset="12401" SrcFileId="2" StartOffset="12377"/>
</LocList>
</BasicStmnt>
<BasicStmnt CovItemId="S194" CovItemPrefix="cabra.tests.Utils_Test.java" Intrnl_Id="370">
<LocList>
<Loc EndOffset="12484" SrcFileId="2" StartOffset="12404"/>
</LocList>
</BasicStmnt>
</StmntSeq>
</HierarchyLvl>
</HierarchyLvl>
<HierarchyLvl HierarchyLvlId="996" HierarchyLvlTypeId="66" Intrnl_Id="371" Name="Status_Tests">
<Header>
<Loc EndOffset="152" SrcFileId="3" StartOffset="127"/>
</Header>
<LocList>
<Loc EndOffset="2410" SrcFileId="3" StartOffset="127"/>
</LocList>
<HierarchyLvl HierarchyLvlId="985" HierarchyLvlTypeId="67" Intrnl_Id="372" Name="setUpBeforeClass">
<Header>
<Loc EndOffset="225" SrcFileId="3" StartOffset="157"/>
</Header>
<LocList>
<Loc EndOffset="230" SrcFileId="3" StartOffset="157"/>
</LocList>
</HierarchyLvl>
<HierarchyLvl HierarchyLvlId="986" HierarchyLvlTypeId="67" Intrnl_Id="373" Name="nextRank_rankA_test">
<Header>
<Loc EndOffset="273" SrcFileId="3" StartOffset="233"/>
</Header>
<LocList>
<Loc EndOffset="441" SrcFileId="3" StartOffset="233"/>
</LocList>
<StmntSeq Intrnl_Id="374">
<LocList>
<Loc EndOffset="299" SrcFileId="3" StartOffset="278"/>
<Loc EndOffset="341" SrcFileId="3" StartOffset="305"/>
<Loc EndOffset="376" SrcFileId="3" StartOffset="344"/>
<Loc EndOffset="438" SrcFileId="3" StartOffset="382"/>
</LocList>
<BasicStmnt CovItemId="S1" CovItemPrefix="cabra.tests.Status_Tests.java" Intrnl_Id="375">
<LocList>
<Loc EndOffset="299" SrcFileId="3" StartOffset="278"/>
</LocList>
</BasicStmnt>
<BasicStmnt CovItemId="S2" CovItemPrefix="cabra.tests.Status_Tests.java" Intrnl_Id="376">
<LocList>
<Loc EndOffset="341" SrcFileId="3" StartOffset="305"/>
</LocList>
</BasicStmnt>
<BasicStmnt CovItemId="S3" CovItemPrefix="cabra.tests.Status_Tests.java" Intrnl_Id="377">
<LocList>
<Loc EndOffset="376" SrcFileId="3" StartOffset="344"/>
</LocList>
</BasicStmnt>
<BasicStmnt CovItemId="S4" CovItemPrefix="cabra.tests.Status_Tests.java" Intrnl_Id="378">
<LocList>
<Loc EndOffset="438" SrcFileId="3" StartOffset="382"/>
</LocList>
</BasicStmnt>
</StmntSeq>
</HierarchyLvl>
<HierarchyLvl HierarchyLvlId="987" HierarchyLvlTypeId="67" Intrnl_Id="379" Name="nextRank_rankB_test">
<Header>
<Loc EndOffset="485" SrcFileId="3" StartOffset="445"/>
</Header>
<LocList>
<Loc EndOffset="653" SrcFileId="3" StartOffset="445"/>
</LocList>
<StmntSeq Intrnl_Id="380">
<LocList>
<Loc EndOffset="511" SrcFileId="3" StartOffset="490"/>
<Loc EndOffset="553" SrcFileId="3" StartOffset="517"/>
<Loc EndOffset="588" SrcFileId="3" StartOffset="556"/>
<Loc EndOffset="650" SrcFileId="3" StartOffset="594"/>
</LocList>
<BasicStmnt CovItemId="S5" CovItemPrefix="cabra.tests.Status_Tests.java" Intrnl_Id="381">
<LocList>
<Loc EndOffset="511" SrcFileId="3" StartOffset="490"/>
</LocList>
</BasicStmnt>
<BasicStmnt CovItemId="S6" CovItemPrefix="cabra.tests.Status_Tests.java" Intrnl_Id="382">
<LocList>
<Loc EndOffset="553" SrcFileId="3" StartOffset="517"/>
</LocList>
</BasicStmnt>
<BasicStmnt CovItemId="S7" CovItemPrefix="cabra.tests.Status_Tests.java" Intrnl_Id="383">
<LocList>
<Loc EndOffset="588" SrcFileId="3" StartOffset="556"/>
</LocList>
</BasicStmnt>
<BasicStmnt CovItemId="S8" CovItemPrefix="cabra.tests.Status_Tests.java" Intrnl_Id="384">
<LocList>
<Loc EndOffset="650" SrcFileId="3" StartOffset="594"/>
</LocList>
</BasicStmnt>
</StmntSeq>
</HierarchyLvl>
<HierarchyLvl HierarchyLvlId="988" HierarchyLvlTypeId="67" Intrnl_Id="385" Name="nextRank_rankC_test">
<Header>
<Loc EndOffset="697" SrcFileId="3" StartOffset="657"/>
</Header>
<LocList>
<Loc EndOffset="865" SrcFileId="3" StartOffset="657"/>
</LocList>
<StmntSeq Intrnl_Id="386">
<LocList>
<Loc EndOffset="723" SrcFileId="3" StartOffset="702"/>
<Loc EndOffset="765" SrcFileId="3" StartOffset="729"/>
<Loc EndOffset="800" SrcFileId="3" StartOffset="768"/>
<Loc EndOffset="862" SrcFileId="3" StartOffset="806"/>
</LocList>
<BasicStmnt CovItemId="S9" CovItemPrefix="cabra.tests.Status_Tests.java" Intrnl_Id="387">
<LocList>
<Loc EndOffset="723" SrcFileId="3" StartOffset="702"/>
</LocList>
</BasicStmnt>
<BasicStmnt CovItemId="S10" CovItemPrefix="cabra.tests.Status_Tests.java" Intrnl_Id="388">
<LocList>
<Loc EndOffset="765" SrcFileId="3" StartOffset="729"/>
</LocList>
</BasicStmnt>
<BasicStmnt CovItemId="S11" CovItemPrefix="cabra.tests.Status_Tests.java" Intrnl_Id="389">
<LocList>
<Loc EndOffset="800" SrcFileId="3" StartOffset="768"/>
</LocList>
</BasicStmnt>
<BasicStmnt CovItemId="S12" CovItemPrefix="cabra.tests.Status_Tests.java" Intrnl_Id="390">
<LocList>
<Loc EndOffset="862" SrcFileId="3" StartOffset="806"/>
</LocList>
</BasicStmnt>
</StmntSeq>
</HierarchyLvl>
<HierarchyLvl HierarchyLvlId="989" HierarchyLvlTypeId="67" Intrnl_Id="391" Name="nextRank_rankD_test">
<Header>
<Loc EndOffset="909" SrcFileId="3" StartOffset="869"/>
</Header>
<LocList>
<Loc EndOffset="1077" SrcFileId="3" StartOffset="869"/>
</LocList>
<StmntSeq Intrnl_Id="392">
<LocList>
<Loc EndOffset="935" SrcFileId="3" StartOffset="914"/>
<Loc EndOffset="977" SrcFileId="3" StartOffset="941"/>
<Loc EndOffset="1012" SrcFileId="3" StartOffset="980"/>
<Loc EndOffset="1074" SrcFileId="3" StartOffset="1018"/>
</LocList>
<BasicStmnt CovItemId="S13" CovItemPrefix="cabra.tests.Status_Tests.java" Intrnl_Id="393">
<LocList>
<Loc EndOffset="935" SrcFileId="3" StartOffset="914"/>
</LocList>
</BasicStmnt>
<BasicStmnt CovItemId="S14" CovItemPrefix="cabra.tests.Status_Tests.java" Intrnl_Id="394">
<LocList>
<Loc EndOffset="977" SrcFileId="3" StartOffset="941"/>
</LocList>
</BasicStmnt>
<BasicStmnt CovItemId="S15" CovItemPrefix="cabra.tests.Status_Tests.java" Intrnl_Id="395">
<LocList>
<Loc EndOffset="1012" SrcFileId="3" StartOffset="980"/>
</LocList>
</BasicStmnt>
<BasicStmnt CovItemId="S16" CovItemPrefix="cabra.tests.Status_Tests.java" Intrnl_Id="396">
<LocList>
<Loc EndOffset="1074" SrcFileId="3" StartOffset="1018"/>
</LocList>
</BasicStmnt>
</StmntSeq>
</HierarchyLvl>
<HierarchyLvl HierarchyLvlId="990" HierarchyLvlTypeId="67" Intrnl_Id="397" Name="nextRank_rankE_test">
<Header>
<Loc EndOffset="1121" SrcFileId="3" StartOffset="1081"/>
</Header>
<LocList>
<Loc EndOffset="1289" SrcFileId="3" StartOffset="1081"/>
</LocList>
<StmntSeq Intrnl_Id="398">
<LocList>
<Loc EndOffset="1147" SrcFileId="3" StartOffset="1126"/>
<Loc EndOffset="1189" SrcFileId="3" StartOffset="1153"/>
<Loc EndOffset="1224" SrcFileId="3" StartOffset="1192"/>
<Loc EndOffset="1286" SrcFileId="3" StartOffset="1230"/>
</LocList>
<BasicStmnt CovItemId="S17" CovItemPrefix="cabra.tests.Status_Tests.java" Intrnl_Id="399">
<LocList>
<Loc EndOffset="1147" SrcFileId="3" StartOffset="1126"/>
</LocList>
</BasicStmnt>
<BasicStmnt CovItemId="S18" CovItemPrefix="cabra.tests.Status_Tests.java" Intrnl_Id="400">
<LocList>
<Loc EndOffset="1189" SrcFileId="3" StartOffset="1153"/>
</LocList>
</BasicStmnt>
<BasicStmnt CovItemId="S19" CovItemPrefix="cabra.tests.Status_Tests.java" Intrnl_Id="401">
<LocList>
<Loc EndOffset="1224" SrcFileId="3" StartOffset="1192"/>
</LocList>
</BasicStmnt>
<BasicStmnt CovItemId="S20" CovItemPrefix="cabra.tests.Status_Tests.java" Intrnl_Id="402">
<LocList>
<Loc EndOffset="1286" SrcFileId="3" StartOffset="1230"/>
</LocList>
</BasicStmnt>
</StmntSeq>
</HierarchyLvl>
<HierarchyLvl HierarchyLvlId="991" HierarchyLvlTypeId="67" Intrnl_Id="403" Name="previousRank_rankE_test">
<Header>
<Loc EndOffset="1337" SrcFileId="3" StartOffset="1293"/>
</Header>
<LocList>
<Loc EndOffset="1513" SrcFileId="3" StartOffset="1293"/>
</LocList>
<StmntSeq Intrnl_Id="404">
<LocList>
<Loc EndOffset="1363" SrcFileId="3" StartOffset="1342"/>
<Loc EndOffset="1409" SrcFileId="3" StartOffset="1369"/>
<Loc EndOffset="1444" SrcFileId="3" StartOffset="1412"/>
<Loc EndOffset="1510" SrcFileId="3" StartOffset="1450"/>
</LocList>
<BasicStmnt CovItemId="S21" CovItemPrefix="cabra.tests.Status_Tests.java" Intrnl_Id="405">
<LocList>
<Loc EndOffset="1363" SrcFileId="3" StartOffset="1342"/>
</LocList>
</BasicStmnt>
<BasicStmnt CovItemId="S22" CovItemPrefix="cabra.tests.Status_Tests.java" Intrnl_Id="406">
<LocList>
<Loc EndOffset="1409" SrcFileId="3" StartOffset="1369"/>
</LocList>
</BasicStmnt>
<BasicStmnt CovItemId="S23" CovItemPrefix="cabra.tests.Status_Tests.java" Intrnl_Id="407">
<LocList>
<Loc EndOffset="1444" SrcFileId="3" StartOffset="1412"/>
</LocList>
</BasicStmnt>
<BasicStmnt CovItemId="S24" CovItemPrefix="cabra.tests.Status_Tests.java" Intrnl_Id="408">
<LocList>
<Loc EndOffset="1510" SrcFileId="3" StartOffset="1450"/>
</LocList>
</BasicStmnt>
</StmntSeq>
</HierarchyLvl>
<HierarchyLvl HierarchyLvlId="992" HierarchyLvlTypeId="67" Intrnl_Id="409" Name="previousRank_rankD_test">
<Header>
<Loc EndOffset="1561" SrcFileId="3" StartOffset="1517"/>
</Header>
<LocList>
<Loc EndOffset="1737" SrcFileId="3" StartOffset="1517"/>
</LocList>
<StmntSeq Intrnl_Id="410">
<LocList>
<Loc EndOffset="1587" SrcFileId="3" StartOffset="1566"/>
<Loc EndOffset="1633" SrcFileId="3" StartOffset="1593"/>
<Loc EndOffset="1668" SrcFileId="3" StartOffset="1636"/>
<Loc EndOffset="1734" SrcFileId="3" StartOffset="1674"/>
</LocList>
<BasicStmnt CovItemId="S25" CovItemPrefix="cabra.tests.Status_Tests.java" Intrnl_Id="411">
<LocList>
<Loc EndOffset="1587" SrcFileId="3" StartOffset="1566"/>
</LocList>
</BasicStmnt>
<BasicStmnt CovItemId="S26" CovItemPrefix="cabra.tests.Status_Tests.java" Intrnl_Id="412">
<LocList>
<Loc EndOffset="1633" SrcFileId="3" StartOffset="1593"/>
</LocList>
</BasicStmnt>
<BasicStmnt CovItemId="S27" CovItemPrefix="cabra.tests.Status_Tests.java" Intrnl_Id="413">
<LocList>
<Loc EndOffset="1668" SrcFileId="3" StartOffset="1636"/>
</LocList>
</BasicStmnt>
<BasicStmnt CovItemId="S28" CovItemPrefix="cabra.tests.Status_Tests.java" Intrnl_Id="414">
<LocList>
<Loc EndOffset="1734" SrcFileId="3" StartOffset="1674"/>
</LocList>
</BasicStmnt>
</StmntSeq>
</HierarchyLvl>
<HierarchyLvl HierarchyLvlId="993" HierarchyLvlTypeId="67" Intrnl_Id="415" Name="previousRank_rankC_test">
<Header>
<Loc EndOffset="1784" SrcFileId="3" StartOffset="1740"/>
</Header>
<LocList>
<Loc EndOffset="1960" SrcFileId="3" StartOffset="1740"/>
</LocList>
<StmntSeq Intrnl_Id="416">
<LocList>
<Loc EndOffset="1810" SrcFileId="3" StartOffset="1789"/>
<Loc EndOffset="1856" SrcFileId="3" StartOffset="1816"/>
<Loc EndOffset="1891" SrcFileId="3" StartOffset="1859"/>
<Loc EndOffset="1957" SrcFileId="3" StartOffset="1897"/>
</LocList>
<BasicStmnt CovItemId="S29" CovItemPrefix="cabra.tests.Status_Tests.java" Intrnl_Id="417">
<LocList>
<Loc EndOffset="1810" SrcFileId="3" StartOffset="1789"/>
</LocList>
</BasicStmnt>
<BasicStmnt CovItemId="S30" CovItemPrefix="cabra.tests.Status_Tests.java" Intrnl_Id="418">
<LocList>
<Loc EndOffset="1856" SrcFileId="3" StartOffset="1816"/>
</LocList>
</BasicStmnt>
<BasicStmnt CovItemId="S31" CovItemPrefix="cabra.tests.Status_Tests.java" Intrnl_Id="419">
<LocList>
<Loc EndOffset="1891" SrcFileId="3" StartOffset="1859"/>
</LocList>
</BasicStmnt>
<BasicStmnt CovItemId="S32" CovItemPrefix="cabra.tests.Status_Tests.java" Intrnl_Id="420">
<LocList>
<Loc EndOffset="1957" SrcFileId="3" StartOffset="1897"/>
</LocList>
</BasicStmnt>
</StmntSeq>
</HierarchyLvl>
<HierarchyLvl HierarchyLvlId="994" HierarchyLvlTypeId="67" Intrnl_Id="421" Name="previousRank_rankB_test">
<Header>
<Loc EndOffset="2008" SrcFileId="3" StartOffset="1964"/>
</Header>
<LocList>
<Loc EndOffset="2184" SrcFileId="3" StartOffset="1964"/>
</LocList>
<StmntSeq Intrnl_Id="422">
<LocList>
<Loc EndOffset="2034" SrcFileId="3" StartOffset="2013"/>
<Loc EndOffset="2080" SrcFileId="3" StartOffset="2040"/>
<Loc EndOffset="2115" SrcFileId="3" StartOffset="2083"/>
<Loc EndOffset="2181" SrcFileId="3" StartOffset="2121"/>
</LocList>
<BasicStmnt CovItemId="S33" CovItemPrefix="cabra.tests.Status_Tests.java" Intrnl_Id="423">
<LocList>
<Loc EndOffset="2034" SrcFileId="3" StartOffset="2013"/>
</LocList>
</BasicStmnt>
<BasicStmnt CovItemId="S34" CovItemPrefix="cabra.tests.Status_Tests.java" Intrnl_Id="424">
<LocList>
<Loc EndOffset="2080" SrcFileId="3" StartOffset="2040"/>
</LocList>
</BasicStmnt>
<BasicStmnt CovItemId="S35" CovItemPrefix="cabra.tests.Status_Tests.java" Intrnl_Id="425">
<LocList>
<Loc EndOffset="2115" SrcFileId="3" StartOffset="2083"/>
</LocList>
</BasicStmnt>
<BasicStmnt CovItemId="S36" CovItemPrefix="cabra.tests.Status_Tests.java" Intrnl_Id="426">
<LocList>
<Loc EndOffset="2181" SrcFileId="3" StartOffset="2121"/>
</LocList>
</BasicStmnt>
</StmntSeq>
</HierarchyLvl>
<HierarchyLvl HierarchyLvlId="995" HierarchyLvlTypeId="67" Intrnl_Id="427" Name="previousRank_rankA_test">
<Header>
<Loc EndOffset="2232" SrcFileId="3" StartOffset="2188"/>
</Header>
<LocList>
<Loc EndOffset="2408" SrcFileId="3" StartOffset="2188"/>
</LocList>
<StmntSeq Intrnl_Id="428">
<LocList>
<Loc EndOffset="2258" SrcFileId="3" StartOffset="2237"/>
<Loc EndOffset="2304" SrcFileId="3" StartOffset="2264"/>
<Loc EndOffset="2339" SrcFileId="3" StartOffset="2307"/>
<Loc EndOffset="2405" SrcFileId="3" StartOffset="2345"/>
</LocList>
<BasicStmnt CovItemId="S37" CovItemPrefix="cabra.tests.Status_Tests.java" Intrnl_Id="429">
<LocList>
<Loc EndOffset="2258" SrcFileId="3" StartOffset="2237"/>
</LocList>
</BasicStmnt>
<BasicStmnt CovItemId="S38" CovItemPrefix="cabra.tests.Status_Tests.java" Intrnl_Id="430">
<LocList>
<Loc EndOffset="2304" SrcFileId="3" StartOffset="2264"/>
</LocList>
</BasicStmnt>
<BasicStmnt CovItemId="S39" CovItemPrefix="cabra.tests.Status_Tests.java" Intrnl_Id="431">
<LocList>
<Loc EndOffset="2339" SrcFileId="3" StartOffset="2307"/>
</LocList>
</BasicStmnt>
<BasicStmnt CovItemId="S40" CovItemPrefix="cabra.tests.Status_Tests.java" Intrnl_Id="432">
<LocList>
<Loc EndOffset="2405" SrcFileId="3" StartOffset="2345"/>
</LocList>
</BasicStmnt>
</StmntSeq>
</HierarchyLvl>
</HierarchyLvl>
<HierarchyLvl HierarchyLvlId="1019" HierarchyLvlTypeId="66" Intrnl_Id="433" Name="Controller_Tests">
<Header>
<Loc EndOffset="219" SrcFileId="4" StartOffset="190"/>
</Header>
<LocList>
<Loc EndOffset="8896" SrcFileId="4" StartOffset="190"/>
</LocList>
<HierarchyLvl HierarchyLvlId="997" HierarchyLvlTypeId="67" Intrnl_Id="434" Name="getNewController">
<Header>
<Loc EndOffset="337" SrcFileId="4" StartOffset="300"/>
</Header>
<LocList>
<Loc EndOffset="396" SrcFileId="4" StartOffset="300"/>
</LocList>
<StmntSeq Intrnl_Id="435">
<LocList>
<Loc EndOffset="366" SrcFileId="4" StartOffset="343"/>
<Loc EndOffset="393" SrcFileId="4" StartOffset="369"/>
</LocList>
<BasicStmnt CovItemId="S1" CovItemPrefix="cabra.tests.Controller_Tests.java" Intrnl_Id="436">
<LocList>
<Loc EndOffset="366" SrcFileId="4" StartOffset="343"/>
</LocList>
</BasicStmnt>
<BasicStmnt CovItemId="S2" CovItemPrefix="cabra.tests.Controller_Tests.java" Intrnl_Id="437">
<LocList>
<Loc EndOffset="393" SrcFileId="4" StartOffset="369"/>
</LocList>
</BasicStmnt>
</StmntSeq>
</HierarchyLvl>
<HierarchyLvl HierarchyLvlId="998" HierarchyLvlTypeId="67" Intrnl_Id="438" Name="clearApplicationData">
<Header>
<Loc EndOffset="502" SrcFileId="4" StartOffset="467"/>
</Header>
<LocList>
<Loc EndOffset="592" SrcFileId="4" StartOffset="467"/>
</LocList>
<StmntSeq Intrnl_Id="439">
<LocList>
<Loc EndOffset="554" SrcFileId="4" StartOffset="507"/>
<Loc EndOffset="589" SrcFileId="4" StartOffset="563"/>
</LocList>
<BasicStmnt CovItemId="S3" CovItemPrefix="cabra.tests.Controller_Tests.java" Intrnl_Id="440">
<LocList>
<Loc EndOffset="554" SrcFileId="4" StartOffset="507"/>
</LocList>
</BasicStmnt>
<BasicStmnt CovItemId="S4" CovItemPrefix="cabra.tests.Controller_Tests.java" Intrnl_Id="441">
<LocList>
<Loc EndOffset="589" SrcFileId="4" StartOffset="563"/>
</LocList>
</BasicStmnt>
</StmntSeq>
</HierarchyLvl>
<HierarchyLvl HierarchyLvlId="999" HierarchyLvlTypeId="67" Intrnl_Id="442" Name="setUpBeforeClass">
<Header>
<Loc EndOffset="664" SrcFileId="4" StartOffset="596"/>
</Header>
<LocList>
<Loc EndOffset="669" SrcFileId="4" StartOffset="596"/>
</LocList>
</HierarchyLvl>
<HierarchyLvl HierarchyLvlId="1000" HierarchyLvlTypeId="67" Intrnl_Id="443" Name="addProject_positiveTest">
<Header>
<Loc EndOffset="796" SrcFileId="4" StartOffset="672"/>
</Header>
<LocList>
<Loc EndOffset="1233" SrcFileId="4" StartOffset="672"/>
</LocList>
<StmntSeq Intrnl_Id="444">
<LocList>
<Loc EndOffset="838" SrcFileId="4" StartOffset="801"/>
<Loc EndOffset="890" SrcFileId="4" StartOffset="841"/>
<Loc EndOffset="948" SrcFileId="4" StartOffset="896"/>
<Loc EndOffset="987" SrcFileId="4" StartOffset="954"/>
<Loc EndOffset="1011" SrcFileId="4" StartOffset="990"/>
<Loc EndOffset="1074" SrcFileId="4" StartOffset="1014"/>
<Loc EndOffset="1126" SrcFileId="4" StartOffset="1080"/>
<Loc EndOffset="1162" SrcFileId="4" StartOffset="1129"/>
<Loc EndOffset="1229" SrcFileId="4" StartOffset="1165"/>
</LocList>
<BasicStmnt CovItemId="S5" CovItemPrefix="cabra.tests.Controller_Tests.java" Intrnl_Id="445">
<LocList>
<Loc EndOffset="838" SrcFileId="4" StartOffset="801"/>
</LocList>
</BasicStmnt>
<BasicStmnt CovItemId="S6" CovItemPrefix="cabra.tests.Controller_Tests.java" Intrnl_Id="446">
<LocList>
<Loc EndOffset="890" SrcFileId="4" StartOffset="841"/>
</LocList>
</BasicStmnt>
<BasicStmnt CovItemId="S7" CovItemPrefix="cabra.tests.Controller_Tests.java" Intrnl_Id="447">
<LocList>
<Loc EndOffset="948" SrcFileId="4" StartOffset="896"/>
</LocList>
</BasicStmnt>
<BasicStmnt CovItemId="S8" CovItemPrefix="cabra.tests.Controller_Tests.java" Intrnl_Id="448">
<LocList>
<Loc EndOffset="987" SrcFileId="4" StartOffset="954"/>
</LocList>
</BasicStmnt>
<BasicStmnt CovItemId="S9" CovItemPrefix="cabra.tests.Controller_Tests.java" Intrnl_Id="449">
<LocList>
<Loc EndOffset="1011" SrcFileId="4" StartOffset="990"/>
</LocList>
</BasicStmnt>
<BasicStmnt CovItemId="S10" CovItemPrefix="cabra.tests.Controller_Tests.java" Intrnl_Id="450">
<LocList>
<Loc EndOffset="1074" SrcFileId="4" StartOffset="1014"/>
</LocList>
</BasicStmnt>
<BasicStmnt CovItemId="S11" CovItemPrefix="cabra.tests.Controller_Tests.java" Intrnl_Id="451">
<LocList>
<Loc EndOffset="1126" SrcFileId="4" StartOffset="1080"/>
</LocList>
</BasicStmnt>
<BasicStmnt CovItemId="S12" CovItemPrefix="cabra.tests.Controller_Tests.java" Intrnl_Id="452">
<LocList>
<Loc EndOffset="1162" SrcFileId="4" StartOffset="1129"/>
</LocList>
</BasicStmnt>
<BasicStmnt CovItemId="S13" CovItemPrefix="cabra.tests.Controller_Tests.java" Intrnl_Id="453">
<LocList>
<Loc EndOffset="1229" SrcFileId="4" StartOffset="1165"/>
</LocList>
</BasicStmnt>
</StmntSeq>
</HierarchyLvl>
<HierarchyLvl HierarchyLvlId="1001" HierarchyLvlTypeId="67" Intrnl_Id="454" Name="addProject_positiveTest2">
<Header>
<Loc EndOffset="1404" SrcFileId="4" StartOffset="1237"/>
</Header>
<LocList>
<Loc EndOffset="1841" SrcFileId="4" StartOffset="1237"/>
</LocList>
<StmntSeq Intrnl_Id="455">
<LocList>
<Loc EndOffset="1446" SrcFileId="4" StartOffset="1409"/>
<Loc EndOffset="1499" SrcFileId="4" StartOffset="1449"/>
<Loc EndOffset="1557" SrcFileId="4" StartOffset="1505"/>
<Loc EndOffset="1596" SrcFileId="4" StartOffset="1563"/>
<Loc EndOffset="1620" SrcFileId="4" StartOffset="1599"/>
<Loc EndOffset="1683" SrcFileId="4" StartOffset="1623"/>
<Loc EndOffset="1735" SrcFileId="4" StartOffset="1689"/>
<Loc EndOffset="1771" SrcFileId="4" StartOffset="1738"/>
<Loc EndOffset="1838" SrcFileId="4" StartOffset="1774"/>
</LocList>
<BasicStmnt CovItemId="S14" CovItemPrefix="cabra.tests.Controller_Tests.java" Intrnl_Id="456">
<LocList>
<Loc EndOffset="1446" SrcFileId="4" StartOffset="1409"/>
</LocList>
</BasicStmnt>
<BasicStmnt CovItemId="S15" CovItemPrefix="cabra.tests.Controller_Tests.java" Intrnl_Id="457">
<LocList>
<Loc EndOffset="1499" SrcFileId="4" StartOffset="1449"/>
</LocList>
</BasicStmnt>
<BasicStmnt CovItemId="S16" CovItemPrefix="cabra.tests.Controller_Tests.java" Intrnl_Id="458">
<LocList>
<Loc EndOffset="1557" SrcFileId="4" StartOffset="1505"/>
</LocList>
</BasicStmnt>
<BasicStmnt CovItemId="S17" CovItemPrefix="cabra.tests.Controller_Tests.java" Intrnl_Id="459">
<LocList>
<Loc EndOffset="1596" SrcFileId="4" StartOffset="1563"/>
</LocList>
</BasicStmnt>
<BasicStmnt CovItemId="S18" CovItemPrefix="cabra.tests.Controller_Tests.java" Intrnl_Id="460">
<LocList>
<Loc EndOffset="1620" SrcFileId="4" StartOffset="1599"/>
</LocList>
</BasicStmnt>
<BasicStmnt CovItemId="S19" CovItemPrefix="cabra.tests.Controller_Tests.java" Intrnl_Id="461">
<LocList>
<Loc EndOffset="1683" SrcFileId="4" StartOffset="1623"/>
</LocList>
</BasicStmnt>
<BasicStmnt CovItemId="S20" CovItemPrefix="cabra.tests.Controller_Tests.java" Intrnl_Id="462">
<LocList>
<Loc EndOffset="1735" SrcFileId="4" StartOffset="1689"/>
</LocList>
</BasicStmnt>
<BasicStmnt CovItemId="S21" CovItemPrefix="cabra.tests.Controller_Tests.java" Intrnl_Id="463">
<LocList>
<Loc EndOffset="1771" SrcFileId="4" StartOffset="1738"/>
</LocList>
</BasicStmnt>
<BasicStmnt CovItemId="S22" CovItemPrefix="cabra.tests.Controller_Tests.java" Intrnl_Id="464">
<LocList>
<Loc EndOffset="1838" SrcFileId="4" StartOffset="1774"/>
</LocList>
</BasicStmnt>
</StmntSeq>
</HierarchyLvl>
<HierarchyLvl HierarchyLvlId="1002" HierarchyLvlTypeId="67" Intrnl_Id="465" Name="addProject_multipeProjects_test">
<Header>
<Loc EndOffset="1925" SrcFileId="4" StartOffset="1845"/>
</Header>
<LocList>
<Loc EndOffset="2302" SrcFileId="4" StartOffset="1845"/>
</LocList>
<StmntSeq Intrnl_Id="466">
<LocList>
<Loc EndOffset="1967" SrcFileId="4" StartOffset="1930"/>
<Loc EndOffset="2004" SrcFileId="4" StartOffset="1970"/>
<Loc EndOffset="2041" SrcFileId="4" StartOffset="2007"/>
<Loc EndOffset="2078" SrcFileId="4" StartOffset="2044"/>
<Loc EndOffset="2115" SrcFileId="4" StartOffset="2081"/>
<Loc EndOffset="2173" SrcFileId="4" StartOffset="2121"/>
<Loc EndOffset="2212" SrcFileId="4" StartOffset="2179"/>
<Loc EndOffset="2236" SrcFileId="4" StartOffset="2215"/>
<Loc EndOffset="2299" SrcFileId="4" StartOffset="2239"/>
</LocList>
<BasicStmnt CovItemId="S23" CovItemPrefix="cabra.tests.Controller_Tests.java" Intrnl_Id="467">
<LocList>
<Loc EndOffset="1967" SrcFileId="4" StartOffset="1930"/>
</LocList>
</BasicStmnt>
<BasicStmnt CovItemId="S24" CovItemPrefix="cabra.tests.Controller_Tests.java" Intrnl_Id="468">
<LocList>
<Loc EndOffset="2004" SrcFileId="4" StartOffset="1970"/>
</LocList>
</BasicStmnt>
<BasicStmnt CovItemId="S25" CovItemPrefix="cabra.tests.Controller_Tests.java" Intrnl_Id="469">
<LocList>
<Loc EndOffset="2041" SrcFileId="4" StartOffset="2007"/>
</LocList>
</BasicStmnt>
<BasicStmnt CovItemId="S26" CovItemPrefix="cabra.tests.Controller_Tests.java" Intrnl_Id="470">
<LocList>
<Loc EndOffset="2078" SrcFileId="4" StartOffset="2044"/>
</LocList>
</BasicStmnt>
<BasicStmnt CovItemId="S27" CovItemPrefix="cabra.tests.Controller_Tests.java" Intrnl_Id="471">
<LocList>
<Loc EndOffset="2115" SrcFileId="4" StartOffset="2081"/>
</LocList>
</BasicStmnt>
<BasicStmnt CovItemId="S28" CovItemPrefix="cabra.tests.Controller_Tests.java" Intrnl_Id="472">
<LocList>
<Loc EndOffset="2173" SrcFileId="4" StartOffset="2121"/>
</LocList>
</BasicStmnt>
<BasicStmnt CovItemId="S29" CovItemPrefix="cabra.tests.Controller_Tests.java" Intrnl_Id="473">
<LocList>
<Loc EndOffset="2212" SrcFileId="4" StartOffset="2179"/>
</LocList>
</BasicStmnt>
<BasicStmnt CovItemId="S30" CovItemPrefix="cabra.tests.Controller_Tests.java" Intrnl_Id="474">
<LocList>
<Loc EndOffset="2236" SrcFileId="4" StartOffset="2215"/>
</LocList>
</BasicStmnt>
<BasicStmnt CovItemId="S31" CovItemPrefix="cabra.tests.Controller_Tests.java" Intrnl_Id="475">
<LocList>
<Loc EndOffset="2299" SrcFileId="4" StartOffset="2239"/>
</LocList>
</BasicStmnt>
</StmntSeq>
</HierarchyLvl>
<HierarchyLvl HierarchyLvlId="1003" HierarchyLvlTypeId="67" Intrnl_Id="476" Name="addProject_withEmptyName_test">
<Header>
<Loc EndOffset="2412" SrcFileId="4" StartOffset="2307"/>
</Header>
<LocList>
<Loc EndOffset="2687" SrcFileId="4" StartOffset="2307"/>
</LocList>
<StmntSeq Intrnl_Id="477">
<LocList>
<Loc EndOffset="2454" SrcFileId="4" StartOffset="2417"/>
<Loc EndOffset="2498" SrcFileId="4" StartOffset="2457"/>
<Loc EndOffset="2556" SrcFileId="4" StartOffset="2504"/>
<Loc EndOffset="2595" SrcFileId="4" StartOffset="2562"/>
<Loc EndOffset="2619" SrcFileId="4" StartOffset="2598"/>
<Loc EndOffset="2682" SrcFileId="4" StartOffset="2622"/>
</LocList>
<BasicStmnt CovItemId="S32" CovItemPrefix="cabra.tests.Controller_Tests.java" Intrnl_Id="478">
<LocList>
<Loc EndOffset="2454" SrcFileId="4" StartOffset="2417"/>
</LocList>
</BasicStmnt>
<BasicStmnt CovItemId="S33" CovItemPrefix="cabra.tests.Controller_Tests.java" Intrnl_Id="479">
<LocList>
<Loc EndOffset="2498" SrcFileId="4" StartOffset="2457"/>
</LocList>
</BasicStmnt>
<BasicStmnt CovItemId="S34" CovItemPrefix="cabra.tests.Controller_Tests.java" Intrnl_Id="480">
<LocList>
<Loc EndOffset="2556" SrcFileId="4" StartOffset="2504"/>
</LocList>
</BasicStmnt>
<BasicStmnt CovItemId="S35" CovItemPrefix="cabra.tests.Controller_Tests.java" Intrnl_Id="481">
<LocList>
<Loc EndOffset="2595" SrcFileId="4" StartOffset="2562"/>
</LocList>
</BasicStmnt>
<BasicStmnt CovItemId="S36" CovItemPrefix="cabra.tests.Controller_Tests.java" Intrnl_Id="482">
<LocList>
<Loc EndOffset="2619" SrcFileId="4" StartOffset="2598"/>
</LocList>
</BasicStmnt>
<BasicStmnt CovItemId="S37" CovItemPrefix="cabra.tests.Controller_Tests.java" Intrnl_Id="483">
<LocList>
<Loc EndOffset="2682" SrcFileId="4" StartOffset="2622"/>
</LocList>
</BasicStmnt>
</StmntSeq>
</HierarchyLvl>
<HierarchyLvl HierarchyLvlId="1004" HierarchyLvlTypeId="67" Intrnl_Id="484" Name="addProject_withNullName_test">
<Header>
<Loc EndOffset="2794" SrcFileId="4" StartOffset="2691"/>
</Header>
<LocList>
<Loc EndOffset="3071" SrcFileId="4" StartOffset="2691"/>
</LocList>
<StmntSeq Intrnl_Id="485">
<LocList>
<Loc EndOffset="2836" SrcFileId="4" StartOffset="2799"/>
<Loc EndOffset="2882" SrcFileId="4" StartOffset="2839"/>
<Loc EndOffset="2940" SrcFileId="4" StartOffset="2888"/>
<Loc EndOffset="2979" SrcFileId="4" StartOffset="2946"/>
<Loc EndOffset="3003" SrcFileId="4" StartOffset="2982"/>
<Loc EndOffset="3066" SrcFileId="4" StartOffset="3006"/>
</LocList>
<BasicStmnt CovItemId="S38" CovItemPrefix="cabra.tests.Controller_Tests.java" Intrnl_Id="486">
<LocList>
<Loc EndOffset="2836" SrcFileId="4" StartOffset="2799"/>
</LocList>
</BasicStmnt>
<BasicStmnt CovItemId="S39" CovItemPrefix="cabra.tests.Controller_Tests.java" Intrnl_Id="487">
<LocList>
<Loc EndOffset="2882" SrcFileId="4" StartOffset="2839"/>
</LocList>
</BasicStmnt>
<BasicStmnt CovItemId="S40" CovItemPrefix="cabra.tests.Controller_Tests.java" Intrnl_Id="488">
<LocList>
<Loc EndOffset="2940" SrcFileId="4" StartOffset="2888"/>
</LocList>
</BasicStmnt>
<BasicStmnt CovItemId="S41" CovItemPrefix="cabra.tests.Controller_Tests.java" Intrnl_Id="489">
<LocList>
<Loc EndOffset="2979" SrcFileId="4" StartOffset="2946"/>
</LocList>
</BasicStmnt>
<BasicStmnt CovItemId="S42" CovItemPrefix="cabra.tests.Controller_Tests.java" Intrnl_Id="490">
<LocList>
<Loc EndOffset="3003" SrcFileId="4" StartOffset="2982"/>
</LocList>
</BasicStmnt>
<BasicStmnt CovItemId="S43" CovItemPrefix="cabra.tests.Controller_Tests.java" Intrnl_Id="491">
<LocList>
<Loc EndOffset="3066" SrcFileId="4" StartOffset="3006"/>
</LocList>
</BasicStmnt>
</StmntSeq>
</HierarchyLvl>
<HierarchyLvl HierarchyLvlId="1005" HierarchyLvlTypeId="67" Intrnl_Id="492" Name="getNumberofProjects_zeroProjects_test">
<Header>
<Loc EndOffset="3187" SrcFileId="4" StartOffset="3075"/>
</Header>
<LocList>
<Loc EndOffset="3371" SrcFileId="4" StartOffset="3075"/>
</LocList>
<StmntSeq Intrnl_Id="493">
<LocList>
<Loc EndOffset="3229" SrcFileId="4" StartOffset="3192"/>
<Loc EndOffset="3279" SrcFileId="4" StartOffset="3235"/>
<Loc EndOffset="3303" SrcFileId="4" StartOffset="3282"/>
<Loc EndOffset="3366" SrcFileId="4" StartOffset="3306"/>
</LocList>
<BasicStmnt CovItemId="S44" CovItemPrefix="cabra.tests.Controller_Tests.java" Intrnl_Id="494">
<LocList>
<Loc EndOffset="3229" SrcFileId="4" StartOffset="3192"/>
</LocList>
</BasicStmnt>
<BasicStmnt CovItemId="S45" CovItemPrefix="cabra.tests.Controller_Tests.java" Intrnl_Id="495">
<LocList>
<Loc EndOffset="3279" SrcFileId="4" StartOffset="3235"/>
</LocList>
</BasicStmnt>
<BasicStmnt CovItemId="S46" CovItemPrefix="cabra.tests.Controller_Tests.java" Intrnl_Id="496">
<LocList>
<Loc EndOffset="3303" SrcFileId="4" StartOffset="3282"/>
</LocList>
</BasicStmnt>
<BasicStmnt CovItemId="S47" CovItemPrefix="cabra.tests.Controller_Tests.java" Intrnl_Id="497">
<LocList>
<Loc EndOffset="3366" SrcFileId="4" StartOffset="3306"/>
</LocList>
</BasicStmnt>
</StmntSeq>
</HierarchyLvl>
<HierarchyLvl HierarchyLvlId="1006" HierarchyLvlTypeId="67" Intrnl_Id="498" Name="getNumberofProjects_mutltipleProjects_test">
<Header>
<Loc EndOffset="3492" SrcFileId="4" StartOffset="3375"/>
</Header>
<LocList>
<Loc EndOffset="3801" SrcFileId="4" StartOffset="3375"/>
</LocList>
<StmntSeq Intrnl_Id="499">
<LocList>
<Loc EndOffset="3534" SrcFileId="4" StartOffset="3497"/>
<Loc EndOffset="3565" SrcFileId="4" StartOffset="3537"/>
<Loc EndOffset="3596" SrcFileId="4" StartOffset="3568"/>
<Loc EndOffset="3627" SrcFileId="4" StartOffset="3599"/>
<Loc EndOffset="3658" SrcFileId="4" StartOffset="3630"/>
<Loc EndOffset="3709" SrcFileId="4" StartOffset="3665"/>
<Loc EndOffset="3733" SrcFileId="4" StartOffset="3712"/>
<Loc EndOffset="3796" SrcFileId="4" StartOffset="3736"/>
</LocList>
<BasicStmnt CovItemId="S48" CovItemPrefix="cabra.tests.Controller_Tests.java" Intrnl_Id="500">
<LocList>
<Loc EndOffset="3534" SrcFileId="4" StartOffset="3497"/>
</LocList>
</BasicStmnt>
<BasicStmnt CovItemId="S49" CovItemPrefix="cabra.tests.Controller_Tests.java" Intrnl_Id="501">
<LocList>
<Loc EndOffset="3565" SrcFileId="4" StartOffset="3537"/>
</LocList>
</BasicStmnt>
<BasicStmnt CovItemId="S50" CovItemPrefix="cabra.tests.Controller_Tests.java" Intrnl_Id="502">
<LocList>
<Loc EndOffset="3596" SrcFileId="4" StartOffset="3568"/>
</LocList>
</BasicStmnt>
<BasicStmnt CovItemId="S51" CovItemPrefix="cabra.tests.Controller_Tests.java" Intrnl_Id="503">
<LocList>
<Loc EndOffset="3627" SrcFileId="4" StartOffset="3599"/>
</LocList>
</BasicStmnt>
<BasicStmnt CovItemId="S52" CovItemPrefix="cabra.tests.Controller_Tests.java" Intrnl_Id="504">
<LocList>
<Loc EndOffset="3658" SrcFileId="4" StartOffset="3630"/>
</LocList>
</BasicStmnt>
<BasicStmnt CovItemId="S53" CovItemPrefix="cabra.tests.Controller_Tests.java" Intrnl_Id="505">
<LocList>
<Loc EndOffset="3709" SrcFileId="4" StartOffset="3665"/>
</LocList>
</BasicStmnt>
<BasicStmnt CovItemId="S54" CovItemPrefix="cabra.tests.Controller_Tests.java" Intrnl_Id="506">
<LocList>
<Loc EndOffset="3733" SrcFileId="4" StartOffset="3712"/>
</LocList>
</BasicStmnt>
<BasicStmnt CovItemId="S55" CovItemPrefix="cabra.tests.Controller_Tests.java" Intrnl_Id="507">
<LocList>
<Loc EndOffset="3796" SrcFileId="4" StartOffset="3736"/>
</LocList>
</BasicStmnt>
</StmntSeq>
</HierarchyLvl>
<HierarchyLvl HierarchyLvlId="1007" HierarchyLvlTypeId="67" Intrnl_Id="508" Name="removeProject_postiveTest">
<Header>
<Loc EndOffset="3879" SrcFileId="4" StartOffset="3805"/>
</Header>
<LocList>
<Loc EndOffset="4354" SrcFileId="4" StartOffset="3805"/>
</LocList>
<StmntSeq Intrnl_Id="509">
<LocList>
<Loc EndOffset="3921" SrcFileId="4" StartOffset="3884"/>
<Loc EndOffset="3955" SrcFileId="4" StartOffset="3927"/>
<Loc EndOffset="3986" SrcFileId="4" StartOffset="3958"/>
<Loc EndOffset="4043" SrcFileId="4" StartOffset="3989"/>
<Loc EndOffset="4074" SrcFileId="4" StartOffset="4046"/>
<Loc EndOffset="4116" SrcFileId="4" StartOffset="4080"/>
<Loc EndOffset="4177" SrcFileId="4" StartOffset="4122"/>
<Loc EndOffset="4239" SrcFileId="4" StartOffset="4180"/>
<Loc EndOffset="4271" SrcFileId="4" StartOffset="4242"/>
<Loc EndOffset="4349" SrcFileId="4" StartOffset="4277"/>
</LocList>
<BasicStmnt CovItemId="S56" CovItemPrefix="cabra.tests.Controller_Tests.java" Intrnl_Id="510">
<LocList>
<Loc EndOffset="3921" SrcFileId="4" StartOffset="3884"/>
</LocList>
</BasicStmnt>
<BasicStmnt CovItemId="S57" CovItemPrefix="cabra.tests.Controller_Tests.java" Intrnl_Id="511">
<LocList>
<Loc EndOffset="3955" SrcFileId="4" StartOffset="3927"/>
</LocList>
</BasicStmnt>
<BasicStmnt CovItemId="S58" CovItemPrefix="cabra.tests.Controller_Tests.java" Intrnl_Id="512">
<LocList>
<Loc EndOffset="3986" SrcFileId="4" StartOffset="3958"/>
</LocList>
</BasicStmnt>
<BasicStmnt CovItemId="S59" CovItemPrefix="cabra.tests.Controller_Tests.java" Intrnl_Id="513">
<LocList>
<Loc EndOffset="4043" SrcFileId="4" StartOffset="3989"/>
</LocList>
</BasicStmnt>
<BasicStmnt CovItemId="S60" CovItemPrefix="cabra.tests.Controller_Tests.java" Intrnl_Id="514">
<LocList>
<Loc EndOffset="4074" SrcFileId="4" StartOffset="4046"/>
</LocList>
</BasicStmnt>
<BasicStmnt CovItemId="S61" CovItemPrefix="cabra.tests.Controller_Tests.java" Intrnl_Id="515">
<LocList>
<Loc EndOffset="4116" SrcFileId="4" StartOffset="4080"/>
</LocList>
</BasicStmnt>
<BasicStmnt CovItemId="S62" CovItemPrefix="cabra.tests.Controller_Tests.java" Intrnl_Id="516">
<LocList>
<Loc EndOffset="4177" SrcFileId="4" StartOffset="4122"/>
</LocList>
</BasicStmnt>
<BasicStmnt CovItemId="S63" CovItemPrefix="cabra.tests.Controller_Tests.java" Intrnl_Id="517">
<LocList>
<Loc EndOffset="4239" SrcFileId="4" StartOffset="4180"/>
</LocList>
</BasicStmnt>
<BasicStmnt CovItemId="S64" CovItemPrefix="cabra.tests.Controller_Tests.java" Intrnl_Id="518">
<LocList>
<Loc EndOffset="4271" SrcFileId="4" StartOffset="4242"/>
</LocList>
</BasicStmnt>
<BasicStmnt CovItemId="S65" CovItemPrefix="cabra.tests.Controller_Tests.java" Intrnl_Id="519">
<LocList>
<Loc EndOffset="4349" SrcFileId="4" StartOffset="4277"/>
</LocList>
</BasicStmnt>
</StmntSeq>
</HierarchyLvl>
<HierarchyLvl HierarchyLvlId="1008" HierarchyLvlTypeId="67" Intrnl_Id="520" Name="removeProject_removeProjectThatDoesntExist">
<Header>
<Loc EndOffset="4461" SrcFileId="4" StartOffset="4358"/>
</Header>
<LocList>
<Loc EndOffset="4861" SrcFileId="4" StartOffset="4358"/>
</LocList>
<StmntSeq Intrnl_Id="521">
<LocList>
<Loc EndOffset="4503" SrcFileId="4" StartOffset="4466"/>
<Loc EndOffset="4537" SrcFileId="4" StartOffset="4509"/>
<Loc EndOffset="4568" SrcFileId="4" StartOffset="4540"/>
<Loc EndOffset="4599" SrcFileId="4" StartOffset="4571"/>
<Loc EndOffset="4630" SrcFileId="4" StartOffset="4602"/>
<Loc EndOffset="4680" SrcFileId="4" StartOffset="4636"/>
<Loc EndOffset="4719" SrcFileId="4" StartOffset="4683"/>
<Loc EndOffset="4769" SrcFileId="4" StartOffset="4725"/>
<Loc EndOffset="4793" SrcFileId="4" StartOffset="4772"/>
<Loc EndOffset="4856" SrcFileId="4" StartOffset="4796"/>
</LocList>
<BasicStmnt CovItemId="S66" CovItemPrefix="cabra.tests.Controller_Tests.java" Intrnl_Id="522">
<LocList>
<Loc EndOffset="4503" SrcFileId="4" StartOffset="4466"/>
</LocList>
</BasicStmnt>
<BasicStmnt CovItemId="S67" CovItemPrefix="cabra.tests.Controller_Tests.java" Intrnl_Id="523">
<LocList>
<Loc EndOffset="4537" SrcFileId="4" StartOffset="4509"/>
</LocList>
</BasicStmnt>
<BasicStmnt CovItemId="S68" CovItemPrefix="cabra.tests.Controller_Tests.java" Intrnl_Id="524">
<LocList>
<Loc EndOffset="4568" SrcFileId="4" StartOffset="4540"/>
</LocList>
</BasicStmnt>
<BasicStmnt CovItemId="S69" CovItemPrefix="cabra.tests.Controller_Tests.java" Intrnl_Id="525">
<LocList>
<Loc EndOffset="4599" SrcFileId="4" StartOffset="4571"/>
</LocList>
</BasicStmnt>
<BasicStmnt CovItemId="S70" CovItemPrefix="cabra.tests.Controller_Tests.java" Intrnl_Id="526">
<LocList>
<Loc EndOffset="4630" SrcFileId="4" StartOffset="4602"/>
</LocList>
</BasicStmnt>
<BasicStmnt CovItemId="S71" CovItemPrefix="cabra.tests.Controller_Tests.java" Intrnl_Id="527">
<LocList>
<Loc EndOffset="4680" SrcFileId="4" StartOffset="4636"/>
</LocList>
</BasicStmnt>
<BasicStmnt CovItemId="S72" CovItemPrefix="cabra.tests.Controller_Tests.java" Intrnl_Id="528">
<LocList>
<Loc EndOffset="4719" SrcFileId="4" StartOffset="4683"/>
</LocList>
</BasicStmnt>
<BasicStmnt CovItemId="S73" CovItemPrefix="cabra.tests.Controller_Tests.java" Intrnl_Id="529">
<LocList>
<Loc EndOffset="4769" SrcFileId="4" StartOffset="4725"/>
</LocList>
</BasicStmnt>
<BasicStmnt CovItemId="S74" CovItemPrefix="cabra.tests.Controller_Tests.java" Intrnl_Id="530">
<LocList>
<Loc EndOffset="4793" SrcFileId="4" StartOffset="4772"/>
</LocList>
</BasicStmnt>
<BasicStmnt CovItemId="S75" CovItemPrefix="cabra.tests.Controller_Tests.java" Intrnl_Id="531">
<LocList>
<Loc EndOffset="4856" SrcFileId="4" StartOffset="4796"/>
</LocList>
</BasicStmnt>
</StmntSeq>
</HierarchyLvl>
<HierarchyLvl HierarchyLvlId="1009" HierarchyLvlTypeId="67" Intrnl_Id="532" Name="renameProject_postiveTest">
<Header>
<Loc EndOffset="4931" SrcFileId="4" StartOffset="4865"/>
</Header>
<LocList>
<Loc EndOffset="5234" SrcFileId="4" StartOffset="4865"/>
</LocList>
<StmntSeq Intrnl_Id="533">
<LocList>
<Loc EndOffset="4973" SrcFileId="4" StartOffset="4936"/>
<Loc EndOffset="5022" SrcFileId="4" StartOffset="4979"/>
<Loc EndOffset="5067" SrcFileId="4" StartOffset="5028"/>
<Loc EndOffset="5131" SrcFileId="4" StartOffset="5072"/>
<Loc EndOffset="5169" SrcFileId="4" StartOffset="5134"/>
<Loc EndOffset="5229" SrcFileId="4" StartOffset="5172"/>
</LocList>
<BasicStmnt CovItemId="S76" CovItemPrefix="cabra.tests.Controller_Tests.java" Intrnl_Id="534">
<LocList>
<Loc EndOffset="4973" SrcFileId="4" StartOffset="4936"/>
</LocList>
</BasicStmnt>
<BasicStmnt CovItemId="S77" CovItemPrefix="cabra.tests.Controller_Tests.java" Intrnl_Id="535">
<LocList>
<Loc EndOffset="5022" SrcFileId="4" StartOffset="4979"/>
</LocList>
</BasicStmnt>
<BasicStmnt CovItemId="S78" CovItemPrefix="cabra.tests.Controller_Tests.java" Intrnl_Id="536">
<LocList>
<Loc EndOffset="5067" SrcFileId="4" StartOffset="5028"/>
</LocList>
</BasicStmnt>
<BasicStmnt CovItemId="S79" CovItemPrefix="cabra.tests.Controller_Tests.java" Intrnl_Id="537">
<LocList>
<Loc EndOffset="5131" SrcFileId="4" StartOffset="5072"/>
</LocList>
</BasicStmnt>
<BasicStmnt CovItemId="S80" CovItemPrefix="cabra.tests.Controller_Tests.java" Intrnl_Id="538">
<LocList>
<Loc EndOffset="5169" SrcFileId="4" StartOffset="5134"/>
</LocList>
</BasicStmnt>
<BasicStmnt CovItemId="S81" CovItemPrefix="cabra.tests.Controller_Tests.java" Intrnl_Id="539">
<LocList>
<Loc EndOffset="5229" SrcFileId="4" StartOffset="5172"/>
</LocList>
</BasicStmnt>
</StmntSeq>
</HierarchyLvl>
<HierarchyLvl HierarchyLvlId="1010" HierarchyLvlTypeId="67" Intrnl_Id="540" Name="renameProject_emptyString_test">
<Header>
<Loc EndOffset="5331" SrcFileId="4" StartOffset="5238"/>
</Header>
<LocList>
<Loc EndOffset="5616" SrcFileId="4" StartOffset="5238"/>
</LocList>
<StmntSeq Intrnl_Id="541">
<LocList>
<Loc EndOffset="5373" SrcFileId="4" StartOffset="5336"/>
<Loc EndOffset="5422" SrcFileId="4" StartOffset="5379"/>
<Loc EndOffset="5457" SrcFileId="4" StartOffset="5428"/>
<Loc EndOffset="5521" SrcFileId="4" StartOffset="5462"/>
<Loc EndOffset="5551" SrcFileId="4" StartOffset="5524"/>
<Loc EndOffset="5611" SrcFileId="4" StartOffset="5554"/>
</LocList>
<BasicStmnt CovItemId="S82" CovItemPrefix="cabra.tests.Controller_Tests.java" Intrnl_Id="542">
<LocList>
<Loc EndOffset="5373" SrcFileId="4" StartOffset="5336"/>
</LocList>
</BasicStmnt>
<BasicStmnt CovItemId="S83" CovItemPrefix="cabra.tests.Controller_Tests.java" Intrnl_Id="543">
<LocList>
<Loc EndOffset="5422" SrcFileId="4" StartOffset="5379"/>
</LocList>
</BasicStmnt>
<BasicStmnt CovItemId="S84" CovItemPrefix="cabra.tests.Controller_Tests.java" Intrnl_Id="544">
<LocList>
<Loc EndOffset="5457" SrcFileId="4" StartOffset="5428"/>
</LocList>
</BasicStmnt>
<BasicStmnt CovItemId="S85" CovItemPrefix="cabra.tests.Controller_Tests.java" Intrnl_Id="545">
<LocList>
<Loc EndOffset="5521" SrcFileId="4" StartOffset="5462"/>
</LocList>
</BasicStmnt>
<BasicStmnt CovItemId="S86" CovItemPrefix="cabra.tests.Controller_Tests.java" Intrnl_Id="546">
<LocList>
<Loc EndOffset="5551" SrcFileId="4" StartOffset="5524"/>
</LocList>
</BasicStmnt>
<BasicStmnt CovItemId="S87" CovItemPrefix="cabra.tests.Controller_Tests.java" Intrnl_Id="547">
<LocList>
<Loc EndOffset="5611" SrcFileId="4" StartOffset="5554"/>
</LocList>
</BasicStmnt>
</StmntSeq>
</HierarchyLvl>
<HierarchyLvl HierarchyLvlId="1011" HierarchyLvlTypeId="67" Intrnl_Id="548" Name="renameProject_nullString_test">
<Header>
<Loc EndOffset="5710" SrcFileId="4" StartOffset="5620"/>
</Header>
<LocList>
<Loc EndOffset="5997" SrcFileId="4" StartOffset="5620"/>
</LocList>
<StmntSeq Intrnl_Id="549">
<LocList>
<Loc EndOffset="5752" SrcFileId="4" StartOffset="5715"/>
<Loc EndOffset="5801" SrcFileId="4" StartOffset="5758"/>
<Loc EndOffset="5838" SrcFileId="4" StartOffset="5807"/>
<Loc EndOffset="5902" SrcFileId="4" StartOffset="5843"/>
<Loc EndOffset="5932" SrcFileId="4" StartOffset="5905"/>
<Loc EndOffset="5992" SrcFileId="4" StartOffset="5935"/>
</LocList>
<BasicStmnt CovItemId="S88" CovItemPrefix="cabra.tests.Controller_Tests.java" Intrnl_Id="550">
<LocList>
<Loc EndOffset="5752" SrcFileId="4" StartOffset="5715"/>
</LocList>
</BasicStmnt>
<BasicStmnt CovItemId="S89" CovItemPrefix="cabra.tests.Controller_Tests.java" Intrnl_Id="551">
<LocList>
<Loc EndOffset="5801" SrcFileId="4" StartOffset="5758"/>
</LocList>
</BasicStmnt>
<BasicStmnt CovItemId="S90" CovItemPrefix="cabra.tests.Controller_Tests.java" Intrnl_Id="552">
<LocList>
<Loc EndOffset="5838" SrcFileId="4" StartOffset="5807"/>
</LocList>
</BasicStmnt>
<BasicStmnt CovItemId="S91" CovItemPrefix="cabra.tests.Controller_Tests.java" Intrnl_Id="553">
<LocList>
<Loc EndOffset="5902" SrcFileId="4" StartOffset="5843"/>
</LocList>
</BasicStmnt>
<BasicStmnt CovItemId="S92" CovItemPrefix="cabra.tests.Controller_Tests.java" Intrnl_Id="554">
<LocList>
<Loc EndOffset="5932" SrcFileId="4" StartOffset="5905"/>
</LocList>
</BasicStmnt>
<BasicStmnt CovItemId="S93" CovItemPrefix="cabra.tests.Controller_Tests.java" Intrnl_Id="555">
<LocList>
<Loc EndOffset="5992" SrcFileId="4" StartOffset="5935"/>
</LocList>
</BasicStmnt>
</StmntSeq>
</HierarchyLvl>
<HierarchyLvl HierarchyLvlId="1012" HierarchyLvlTypeId="67" Intrnl_Id="556" Name="setActiveProject_positiveTest">
<Header>
<Loc EndOffset="6081" SrcFileId="4" StartOffset="6001"/>
</Header>
<LocList>
<Loc EndOffset="6398" SrcFileId="4" StartOffset="6001"/>
</LocList>
<StmntSeq Intrnl_Id="557">
<LocList>
<Loc EndOffset="6123" SrcFileId="4" StartOffset="6086"/>
<Loc EndOffset="6157" SrcFileId="4" StartOffset="6129"/>
<Loc EndOffset="6203" SrcFileId="4" StartOffset="6160"/>
<Loc EndOffset="6243" SrcFileId="4" StartOffset="6209"/>
<Loc EndOffset="6303" SrcFileId="4" StartOffset="6249"/>
<Loc EndOffset="6333" SrcFileId="4" StartOffset="6306"/>
<Loc EndOffset="6393" SrcFileId="4" StartOffset="6336"/>
</LocList>
<BasicStmnt CovItemId="S94" CovItemPrefix="cabra.tests.Controller_Tests.java" Intrnl_Id="558">
<LocList>
<Loc EndOffset="6123" SrcFileId="4" StartOffset="6086"/>
</LocList>
</BasicStmnt>
<BasicStmnt CovItemId="S95" CovItemPrefix="cabra.tests.Controller_Tests.java" Intrnl_Id="559">
<LocList>
<Loc EndOffset="6157" SrcFileId="4" StartOffset="6129"/>
</LocList>
</BasicStmnt>
<BasicStmnt CovItemId="S96" CovItemPrefix="cabra.tests.Controller_Tests.java" Intrnl_Id="560">
<LocList>
<Loc EndOffset="6203" SrcFileId="4" StartOffset="6160"/>
</LocList>
</BasicStmnt>
<BasicStmnt CovItemId="S97" CovItemPrefix="cabra.tests.Controller_Tests.java" Intrnl_Id="561">
<LocList>
<Loc EndOffset="6243" SrcFileId="4" StartOffset="6209"/>
</LocList>
</BasicStmnt>
<BasicStmnt CovItemId="S98" CovItemPrefix="cabra.tests.Controller_Tests.java" Intrnl_Id="562">
<LocList>
<Loc EndOffset="6303" SrcFileId="4" StartOffset="6249"/>
</LocList>
</BasicStmnt>
<BasicStmnt CovItemId="S99" CovItemPrefix="cabra.tests.Controller_Tests.java" Intrnl_Id="563">
<LocList>
<Loc EndOffset="6333" SrcFileId="4" StartOffset="6306"/>
</LocList>
</BasicStmnt>
<BasicStmnt CovItemId="S100" CovItemPrefix="cabra.tests.Controller_Tests.java" Intrnl_Id="564">
<LocList>
<Loc EndOffset="6393" SrcFileId="4" StartOffset="6336"/>
</LocList>
</BasicStmnt>
</StmntSeq>
</HierarchyLvl>
<HierarchyLvl HierarchyLvlId="1013" HierarchyLvlTypeId="67" Intrnl_Id="565" Name="setActiveProject_withProjectName">
<Header>
<Loc EndOffset="6508" SrcFileId="4" StartOffset="6402"/>
</Header>
<LocList>
<Loc EndOffset="6825" SrcFileId="4" StartOffset="6402"/>
</LocList>
<StmntSeq Intrnl_Id="566">
<LocList>
<Loc EndOffset="6550" SrcFileId="4" StartOffset="6513"/>
<Loc EndOffset="6584" SrcFileId="4" StartOffset="6556"/>
<Loc EndOffset="6630" SrcFileId="4" StartOffset="6587"/>
<Loc EndOffset="6670" SrcFileId="4" StartOffset="6636"/>
<Loc EndOffset="6730" SrcFileId="4" StartOffset="6676"/>
<Loc EndOffset="6760" SrcFileId="4" StartOffset="6733"/>
<Loc EndOffset="6820" SrcFileId="4" StartOffset="6763"/>
</LocList>
<BasicStmnt CovItemId="S101" CovItemPrefix="cabra.tests.Controller_Tests.java" Intrnl_Id="567">
<LocList>
<Loc EndOffset="6550" SrcFileId="4" StartOffset="6513"/>
</LocList>
</BasicStmnt>
<BasicStmnt CovItemId="S102" CovItemPrefix="cabra.tests.Controller_Tests.java" Intrnl_Id="568">
<LocList>
<Loc EndOffset="6584" SrcFileId="4" StartOffset="6556"/>
</LocList>
</BasicStmnt>
<BasicStmnt CovItemId="S103" CovItemPrefix="cabra.tests.Controller_Tests.java" Intrnl_Id="569">
<LocList>
<Loc EndOffset="6630" SrcFileId="4" StartOffset="6587"/>
</LocList>
</BasicStmnt>
<BasicStmnt CovItemId="S104" CovItemPrefix="cabra.tests.Controller_Tests.java" Intrnl_Id="570">
<LocList>
<Loc EndOffset="6670" SrcFileId="4" StartOffset="6636"/>
</LocList>
</BasicStmnt>
<BasicStmnt CovItemId="S105" CovItemPrefix="cabra.tests.Controller_Tests.java" Intrnl_Id="571">
<LocList>
<Loc EndOffset="6730" SrcFileId="4" StartOffset="6676"/>
</LocList>
</BasicStmnt>
<BasicStmnt CovItemId="S106" CovItemPrefix="cabra.tests.Controller_Tests.java" Intrnl_Id="572">
<LocList>
<Loc EndOffset="6760" SrcFileId="4" StartOffset="6733"/>
</LocList>
</BasicStmnt>
<BasicStmnt CovItemId="S107" CovItemPrefix="cabra.tests.Controller_Tests.java" Intrnl_Id="573">
<LocList>
<Loc EndOffset="6820" SrcFileId="4" StartOffset="6763"/>
</LocList>
</BasicStmnt>
</StmntSeq>
</HierarchyLvl>
<HierarchyLvl HierarchyLvlId="1014" HierarchyLvlTypeId="67" Intrnl_Id="574" Name="setNoActiveProject_positiveTest">
<Header>
<Loc EndOffset="6911" SrcFileId="4" StartOffset="6829"/>
</Header>
<LocList>
<Loc EndOffset="7220" SrcFileId="4" StartOffset="6829"/>
</LocList>
<StmntSeq Intrnl_Id="575">
<LocList>
<Loc EndOffset="6953" SrcFileId="4" StartOffset="6916"/>
<Loc EndOffset="6987" SrcFileId="4" StartOffset="6959"/>
<Loc EndOffset="7033" SrcFileId="4" StartOffset="6990"/>
<Loc EndOffset="7062" SrcFileId="4" StartOffset="7036"/>
<Loc EndOffset="7117" SrcFileId="4" StartOffset="7069"/>
<Loc EndOffset="7151" SrcFileId="4" StartOffset="7120"/>
<Loc EndOffset="7215" SrcFileId="4" StartOffset="7154"/>
</LocList>
<BasicStmnt CovItemId="S108" CovItemPrefix="cabra.tests.Controller_Tests.java" Intrnl_Id="576">
<LocList>
<Loc EndOffset="6953" SrcFileId="4" StartOffset="6916"/>
</LocList>
</BasicStmnt>
<BasicStmnt CovItemId="S109" CovItemPrefix="cabra.tests.Controller_Tests.java" Intrnl_Id="577">
<LocList>
<Loc EndOffset="6987" SrcFileId="4" StartOffset="6959"/>
</LocList>
</BasicStmnt>
<BasicStmnt CovItemId="S110" CovItemPrefix="cabra.tests.Controller_Tests.java" Intrnl_Id="578">
<LocList>
<Loc EndOffset="7033" SrcFileId="4" StartOffset="6990"/>
</LocList>
</BasicStmnt>
<BasicStmnt CovItemId="S111" CovItemPrefix="cabra.tests.Controller_Tests.java" Intrnl_Id="579">
<LocList>
<Loc EndOffset="7062" SrcFileId="4" StartOffset="7036"/>
</LocList>
</BasicStmnt>
<BasicStmnt CovItemId="S112" CovItemPrefix="cabra.tests.Controller_Tests.java" Intrnl_Id="580">
<LocList>
<Loc EndOffset="7117" SrcFileId="4" StartOffset="7069"/>
</LocList>
</BasicStmnt>
<BasicStmnt CovItemId="S113" CovItemPrefix="cabra.tests.Controller_Tests.java" Intrnl_Id="581">
<LocList>
<Loc EndOffset="7151" SrcFileId="4" StartOffset="7120"/>
</LocList>
</BasicStmnt>
<BasicStmnt CovItemId="S114" CovItemPrefix="cabra.tests.Controller_Tests.java" Intrnl_Id="582">
<LocList>
<Loc EndOffset="7215" SrcFileId="4" StartOffset="7154"/>
</LocList>
</BasicStmnt>
</StmntSeq>
</HierarchyLvl>
<HierarchyLvl HierarchyLvlId="1015" HierarchyLvlTypeId="67" Intrnl_Id="583" Name="setActiveProject_withNonExistantProjectName_test">
<Header>
<Loc EndOffset="7349" SrcFileId="4" StartOffset="7224"/>
</Header>
<LocList>
<Loc EndOffset="7686" SrcFileId="4" StartOffset="7224"/>
</LocList>
<StmntSeq Intrnl_Id="584">
<LocList>
<Loc EndOffset="7391" SrcFileId="4" StartOffset="7354"/>
<Loc EndOffset="7425" SrcFileId="4" StartOffset="7397"/>
<Loc EndOffset="7456" SrcFileId="4" StartOffset="7428"/>
<Loc EndOffset="7493" SrcFileId="4" StartOffset="7459"/>
<Loc EndOffset="7530" SrcFileId="4" StartOffset="7496"/>
<Loc EndOffset="7591" SrcFileId="4" StartOffset="7537"/>
<Loc EndOffset="7621" SrcFileId="4" StartOffset="7594"/>
<Loc EndOffset="7681" SrcFileId="4" StartOffset="7624"/>
</LocList>
<BasicStmnt CovItemId="S115" CovItemPrefix="cabra.tests.Controller_Tests.java" Intrnl_Id="585">
<LocList>
<Loc EndOffset="7391" SrcFileId="4" StartOffset="7354"/>
</LocList>
</BasicStmnt>
<BasicStmnt CovItemId="S116" CovItemPrefix="cabra.tests.Controller_Tests.java" Intrnl_Id="586">
<LocList>
<Loc EndOffset="7425" SrcFileId="4" StartOffset="7397"/>
</LocList>
</BasicStmnt>
<BasicStmnt CovItemId="S117" CovItemPrefix="cabra.tests.Controller_Tests.java" Intrnl_Id="587">
<LocList>
<Loc EndOffset="7456" SrcFileId="4" StartOffset="7428"/>
</LocList>
</BasicStmnt>
<BasicStmnt CovItemId="S118" CovItemPrefix="cabra.tests.Controller_Tests.java" Intrnl_Id="588">
<LocList>
<Loc EndOffset="7493" SrcFileId="4" StartOffset="7459"/>
</LocList>
</BasicStmnt>
<BasicStmnt CovItemId="S119" CovItemPrefix="cabra.tests.Controller_Tests.java" Intrnl_Id="589">
<LocList>
<Loc EndOffset="7530" SrcFileId="4" StartOffset="7496"/>
</LocList>
</BasicStmnt>
<BasicStmnt CovItemId="S120" CovItemPrefix="cabra.tests.Controller_Tests.java" Intrnl_Id="590">
<LocList>
<Loc EndOffset="7591" SrcFileId="4" StartOffset="7537"/>
</LocList>
</BasicStmnt>
<BasicStmnt CovItemId="S121" CovItemPrefix="cabra.tests.Controller_Tests.java" Intrnl_Id="591">
<LocList>
<Loc EndOffset="7621" SrcFileId="4" StartOffset="7594"/>
</LocList>
</BasicStmnt>
<BasicStmnt CovItemId="S122" CovItemPrefix="cabra.tests.Controller_Tests.java" Intrnl_Id="592">
<LocList>
<Loc EndOffset="7681" SrcFileId="4" StartOffset="7624"/>
</LocList>
</BasicStmnt>
</StmntSeq>
</HierarchyLvl>
<HierarchyLvl HierarchyLvlId="1016" HierarchyLvlTypeId="67" Intrnl_Id="593" Name="setActiveProject_withNullProject_test">
<Header>
<Loc EndOffset="7795" SrcFileId="4" StartOffset="7690"/>
</Header>
<LocList>
<Loc EndOffset="8158" SrcFileId="4" StartOffset="7690"/>
</LocList>
<StmntSeq Intrnl_Id="594">
<LocList>
<Loc EndOffset="7837" SrcFileId="4" StartOffset="7800"/>
<Loc EndOffset="7871" SrcFileId="4" StartOffset="7843"/>
<Loc EndOffset="7902" SrcFileId="4" StartOffset="7874"/>
<Loc EndOffset="7939" SrcFileId="4" StartOffset="7905"/>
<Loc EndOffset="7965" SrcFileId="4" StartOffset="7945"/>
<Loc EndOffset="8002" SrcFileId="4" StartOffset="7968"/>
<Loc EndOffset="8063" SrcFileId="4" StartOffset="8009"/>
<Loc EndOffset="8093" SrcFileId="4" StartOffset="8066"/>
<Loc EndOffset="8153" SrcFileId="4" StartOffset="8096"/>
</LocList>
<BasicStmnt CovItemId="S123" CovItemPrefix="cabra.tests.Controller_Tests.java" Intrnl_Id="595">
<LocList>
<Loc EndOffset="7837" SrcFileId="4" StartOffset="7800"/>
</LocList>
</BasicStmnt>
<BasicStmnt CovItemId="S124" CovItemPrefix="cabra.tests.Controller_Tests.java" Intrnl_Id="596">
<LocList>
<Loc EndOffset="7871" SrcFileId="4" StartOffset="7843"/>
</LocList>
</BasicStmnt>
<BasicStmnt CovItemId="S125" CovItemPrefix="cabra.tests.Controller_Tests.java" Intrnl_Id="597">
<LocList>
<Loc EndOffset="7902" SrcFileId="4" StartOffset="7874"/>
</LocList>
</BasicStmnt>
<BasicStmnt CovItemId="S126" CovItemPrefix="cabra.tests.Controller_Tests.java" Intrnl_Id="598">
<LocList>
<Loc EndOffset="7939" SrcFileId="4" StartOffset="7905"/>
</LocList>
</BasicStmnt>
<BasicStmnt CovItemId="S127" CovItemPrefix="cabra.tests.Controller_Tests.java" Intrnl_Id="599">
<LocList>
<Loc EndOffset="7965" SrcFileId="4" StartOffset="7945"/>
</LocList>
</BasicStmnt>
<BasicStmnt CovItemId="S128" CovItemPrefix="cabra.tests.Controller_Tests.java" Intrnl_Id="600">
<LocList>
<Loc EndOffset="8002" SrcFileId="4" StartOffset="7968"/>
</LocList>
</BasicStmnt>
<BasicStmnt CovItemId="S129" CovItemPrefix="cabra.tests.Controller_Tests.java" Intrnl_Id="601">
<LocList>
<Loc EndOffset="8063" SrcFileId="4" StartOffset="8009"/>
</LocList>
</BasicStmnt>
<BasicStmnt CovItemId="S130" CovItemPrefix="cabra.tests.Controller_Tests.java" Intrnl_Id="602">
<LocList>
<Loc EndOffset="8093" SrcFileId="4" StartOffset="8066"/>
</LocList>
</BasicStmnt>
<BasicStmnt CovItemId="S131" CovItemPrefix="cabra.tests.Controller_Tests.java" Intrnl_Id="603">
<LocList>
<Loc EndOffset="8153" SrcFileId="4" StartOffset="8096"/>
</LocList>
</BasicStmnt>
</StmntSeq>
</HierarchyLvl>
<HierarchyLvl HierarchyLvlId="1017" HierarchyLvlTypeId="67" Intrnl_Id="604" Name="getPoints_noPoints_test">
<Header>
<Loc EndOffset="8256" SrcFileId="4" StartOffset="8162"/>
</Header>
<LocList>
<Loc EndOffset="8449" SrcFileId="4" StartOffset="8162"/>
</LocList>
<StmntSeq Intrnl_Id="605">
<LocList>
<Loc EndOffset="8298" SrcFileId="4" StartOffset="8261"/>
<Loc EndOffset="8342" SrcFileId="4" StartOffset="8303"/>
<Loc EndOffset="8373" SrcFileId="4" StartOffset="8345"/>
<Loc EndOffset="8444" SrcFileId="4" StartOffset="8376"/>
</LocList>
<BasicStmnt CovItemId="S132" CovItemPrefix="cabra.tests.Controller_Tests.java" Intrnl_Id="606">
<LocList>
<Loc EndOffset="8298" SrcFileId="4" StartOffset="8261"/>
</LocList>
</BasicStmnt>
<BasicStmnt CovItemId="S133" CovItemPrefix="cabra.tests.Controller_Tests.java" Intrnl_Id="607">
<LocList>
<Loc EndOffset="8342" SrcFileId="4" StartOffset="8303"/>
</LocList>
</BasicStmnt>
<BasicStmnt CovItemId="S134" CovItemPrefix="cabra.tests.Controller_Tests.java" Intrnl_Id="608">
<LocList>
<Loc EndOffset="8373" SrcFileId="4" StartOffset="8345"/>
</LocList>
</BasicStmnt>
<BasicStmnt CovItemId="S135" CovItemPrefix="cabra.tests.Controller_Tests.java" Intrnl_Id="609">
<LocList>
<Loc EndOffset="8444" SrcFileId="4" StartOffset="8376"/>
</LocList>
</BasicStmnt>
</StmntSeq>
</HierarchyLvl>
<HierarchyLvl HierarchyLvlId="1018" HierarchyLvlTypeId="67" Intrnl_Id="610" Name="gainPoints_noPoints_test">
<Header>
<Loc EndOffset="8548" SrcFileId="4" StartOffset="8453"/>
</Header>
<LocList>
<Loc EndOffset="8892" SrcFileId="4" StartOffset="8453"/>
</LocList>
<StmntSeq Intrnl_Id="611">
<LocList>
<Loc EndOffset="8590" SrcFileId="4" StartOffset="8553"/>
<Loc EndOffset="8629" SrcFileId="4" StartOffset="8593"/>
<Loc EndOffset="8672" SrcFileId="4" StartOffset="8632"/>
<Loc EndOffset="8715" SrcFileId="4" StartOffset="8676"/>
<Loc EndOffset="8816" SrcFileId="4" StartOffset="8718"/>
<Loc EndOffset="8887" SrcFileId="4" StartOffset="8819"/>
</LocList>
<BasicStmnt CovItemId="S136" CovItemPrefix="cabra.tests.Controller_Tests.java" Intrnl_Id="612">
<LocList>
<Loc EndOffset="8590" SrcFileId="4" StartOffset="8553"/>
</LocList>
</BasicStmnt>
<BasicStmnt CovItemId="S137" CovItemPrefix="cabra.tests.Controller_Tests.java" Intrnl_Id="613">
<LocList>
<Loc EndOffset="8629" SrcFileId="4" StartOffset="8593"/>
</LocList>
</BasicStmnt>
<BasicStmnt CovItemId="S138" CovItemPrefix="cabra.tests.Controller_Tests.java" Intrnl_Id="614">
<LocList>
<Loc EndOffset="8672" SrcFileId="4" StartOffset="8632"/>
</LocList>
</BasicStmnt>
<BasicStmnt CovItemId="S139" CovItemPrefix="cabra.tests.Controller_Tests.java" Intrnl_Id="615">
<LocList>
<Loc EndOffset="8715" SrcFileId="4" StartOffset="8676"/>
</LocList>
</BasicStmnt>
<BasicStmnt CovItemId="S140" CovItemPrefix="cabra.tests.Controller_Tests.java" Intrnl_Id="616">
<LocList>
<Loc EndOffset="8816" SrcFileId="4" StartOffset="8718"/>
</LocList>
</BasicStmnt>
<BasicStmnt CovItemId="S141" CovItemPrefix="cabra.tests.Controller_Tests.java" Intrnl_Id="617">
<LocList>
<Loc EndOffset="8887" SrcFileId="4" StartOffset="8819"/>
</LocList>
</BasicStmnt>
</StmntSeq>
</HierarchyLvl>
</HierarchyLvl>
</HierarchyLvl>
<HierarchyLvl HierarchyLvlId="1869" HierarchyLvlTypeId="64" Intrnl_Id="618" Name="dinero">
<Header/>
<LocList/>
<HierarchyLvl HierarchyLvlId="1023" HierarchyLvlTypeId="66" Intrnl_Id="619" Name="VaultTabPane">
<Header>
<Loc EndOffset="107" SrcFileId="5" StartOffset="62"/>
</Header>
<LocList>
<Loc EndOffset="851" SrcFileId="5" StartOffset="62"/>
</LocList>
<StmntSeq Intrnl_Id="620">
<LocList>
<Loc EndOffset="269" SrcFileId="5" StartOffset="229"/>
<Loc EndOffset="314" SrcFileId="5" StartOffset="274"/>
</LocList>
<BasicStmnt CovItemId="S1" CovItemPrefix="cabra.dinero.VaultTabPane.java" Intrnl_Id="621">
<LocList>
<Loc EndOffset="269" SrcFileId="5" StartOffset="229"/>
</LocList>
</BasicStmnt>
<BasicStmnt CovItemId="S2" CovItemPrefix="cabra.dinero.VaultTabPane.java" Intrnl_Id="622">
<LocList>
<Loc EndOffset="314" SrcFileId="5" StartOffset="274"/>
</LocList>
</BasicStmnt>
</StmntSeq>
<HierarchyLvl HierarchyLvlId="1020" HierarchyLvlTypeId="67" Intrnl_Id="623" Name="VaultTabPane">
<Header>
<Loc EndOffset="366" SrcFileId="5" StartOffset="320"/>
</Header>
<LocList>
<Loc EndOffset="724" SrcFileId="5" StartOffset="320"/>
</LocList>
<StmntSeq Intrnl_Id="624">
<LocList>
<Loc EndOffset="410" SrcFileId="5" StartOffset="377"/>
<Loc EndOffset="467" SrcFileId="5" StartOffset="420"/>
<Loc EndOffset="523" SrcFileId="5" StartOffset="476"/>
<Loc EndOffset="605" SrcFileId="5" StartOffset="533"/>
<Loc EndOffset="718" SrcFileId="5" StartOffset="646"/>
</LocList>
<BasicStmnt CovItemId="S3" CovItemPrefix="cabra.dinero.VaultTabPane.java" Intrnl_Id="625">
<LocList>
<Loc EndOffset="410" SrcFileId="5" StartOffset="377"/>
</LocList>
</BasicStmnt>
<BasicStmnt CovItemId="S4" CovItemPrefix="cabra.dinero.VaultTabPane.java" Intrnl_Id="626">
<LocList>
<Loc EndOffset="467" SrcFileId="5" StartOffset="420"/>
</LocList>
</BasicStmnt>
<BasicStmnt CovItemId="S5" CovItemPrefix="cabra.dinero.VaultTabPane.java" Intrnl_Id="627">
<LocList>
<Loc EndOffset="523" SrcFileId="5" StartOffset="476"/>
</LocList>
</BasicStmnt>
<BasicStmnt CovItemId="S6" CovItemPrefix="cabra.dinero.VaultTabPane.java" Intrnl_Id="628">
<LocList>
<Loc EndOffset="605" SrcFileId="5" StartOffset="533"/>
</LocList>
</BasicStmnt>
<BasicStmnt CovItemId="S7" CovItemPrefix="cabra.dinero.VaultTabPane.java" Intrnl_Id="629">
<LocList>
<Loc EndOffset="718" SrcFileId="5" StartOffset="646"/>
</LocList>
</BasicStmnt>
</StmntSeq>
</HierarchyLvl>
<HierarchyLvl HierarchyLvlId="1021" HierarchyLvlTypeId="67" Intrnl_Id="630" Name="getVaultPanel">
<Header>
<Loc EndOffset="767" SrcFileId="5" StartOffset="734"/>
</Header>
<LocList>
<Loc EndOffset="789" SrcFileId="5" StartOffset="734"/>
</LocList>
<StmntSeq Intrnl_Id="631">
<LocList>
<Loc EndOffset="787" SrcFileId="5" StartOffset="769"/>
</LocList>
<BasicStmnt CovItemId="S8" CovItemPrefix="cabra.dinero.VaultTabPane.java" Intrnl_Id="632">
<LocList>
<Loc EndOffset="787" SrcFileId="5" StartOffset="769"/>
</LocList>
</BasicStmnt>
</StmntSeq>
</HierarchyLvl>
<HierarchyLvl HierarchyLvlId="1022" HierarchyLvlTypeId="67" Intrnl_Id="633" Name="getStorePanel">
<Header>
<Loc EndOffset="827" SrcFileId="5" StartOffset="794"/>
</Header>
<LocList>
<Loc EndOffset="849" SrcFileId="5" StartOffset="794"/>
</LocList>
<StmntSeq Intrnl_Id="634">
<LocList>
<Loc EndOffset="847" SrcFileId="5" StartOffset="829"/>
</LocList>
<BasicStmnt CovItemId="S9" CovItemPrefix="cabra.dinero.VaultTabPane.java" Intrnl_Id="635">
<LocList>
<Loc EndOffset="847" SrcFileId="5" StartOffset="829"/>
</LocList>
</BasicStmnt>
</StmntSeq>
</HierarchyLvl>
</HierarchyLvl>
<HierarchyLvl HierarchyLvlId="1030" HierarchyLvlTypeId="66" Intrnl_Id="636" Name="VaultPanel">
<Header>
<Loc EndOffset="264" SrcFileId="6" StartOffset="226"/>
</Header>
<LocList>
<Loc EndOffset="5114" SrcFileId="6" StartOffset="226"/>
</LocList>
<HierarchyLvl HierarchyLvlId="1024" HierarchyLvlTypeId="67" Intrnl_Id="637" Name="VaultPanel">
<Header>
<Loc EndOffset="440" SrcFileId="6" StartOffset="396"/>
</Header>
<LocList>
<Loc EndOffset="839" SrcFileId="6" StartOffset="396"/>
</LocList>
<StmntSeq Intrnl_Id="638">
<LocList>
<Loc EndOffset="481" SrcFileId="6" StartOffset="448"/>
<Loc EndOffset="565" SrcFileId="6" StartOffset="513"/>
<Loc EndOffset="641" SrcFileId="6" StartOffset="605"/>
<Loc EndOffset="739" SrcFileId="6" StartOffset="694"/>
<Loc EndOffset="765" SrcFileId="6" StartOffset="746"/>
<Loc EndOffset="834" SrcFileId="6" StartOffset="779"/>
</LocList>
<BasicStmnt CovItemId="S1" CovItemPrefix="cabra.dinero.VaultPanel.java" Intrnl_Id="639">
<LocList>
<Loc EndOffset="481" SrcFileId="6" StartOffset="448"/>
</LocList>
</BasicStmnt>
<BasicStmnt CovItemId="S2" CovItemPrefix="cabra.dinero.VaultPanel.java" Intrnl_Id="640">
<LocList>
<Loc EndOffset="565" SrcFileId="6" StartOffset="513"/>
</LocList>
</BasicStmnt>
<BasicStmnt CovItemId="S3" CovItemPrefix="cabra.dinero.VaultPanel.java" Intrnl_Id="641">
<LocList>
<Loc EndOffset="641" SrcFileId="6" StartOffset="605"/>
</LocList>
</BasicStmnt>
<BasicStmnt CovItemId="S4" CovItemPrefix="cabra.dinero.VaultPanel.java" Intrnl_Id="642">
<LocList>
<Loc EndOffset="739" SrcFileId="6" StartOffset="694"/>
</LocList>
</BasicStmnt>
<BasicStmnt CovItemId="S5" CovItemPrefix="cabra.dinero.VaultPanel.java" Intrnl_Id="643">
<LocList>
<Loc EndOffset="765" SrcFileId="6" StartOffset="746"/>
</LocList>
</BasicStmnt>
<BasicStmnt CovItemId="S6" CovItemPrefix="cabra.dinero.VaultPanel.java" Intrnl_Id="644">
<LocList>
<Loc EndOffset="834" SrcFileId="6" StartOffset="779"/>
</LocList>
</BasicStmnt>
</StmntSeq>
</HierarchyLvl>
<HierarchyLvl HierarchyLvlId="1025" HierarchyLvlTypeId="67" Intrnl_Id="645" Name="prizePurchased">
<Header>
<Loc EndOffset="965" SrcFileId="6" StartOffset="937"/>
</Header>
<LocList>
<Loc EndOffset="1192" SrcFileId="6" StartOffset="937"/>
</LocList>
<StmntSeq Intrnl_Id="646">
<LocList>
<Loc EndOffset="1066" SrcFileId="6" StartOffset="1044"/>
<Loc EndOffset="1109" SrcFileId="6" StartOffset="1073"/>
<Loc EndOffset="1161" SrcFileId="6" StartOffset="1116"/>
<Loc EndOffset="1187" SrcFileId="6" StartOffset="1168"/>
</LocList>
<BasicStmnt CovItemId="S7" CovItemPrefix="cabra.dinero.VaultPanel.java" Intrnl_Id="647">
<LocList>
<Loc EndOffset="1066" SrcFileId="6" StartOffset="1044"/>
</LocList>
</BasicStmnt>
<BasicStmnt CovItemId="S8" CovItemPrefix="cabra.dinero.VaultPanel.java" Intrnl_Id="648">
<LocList>
<Loc EndOffset="1109" SrcFileId="6" StartOffset="1073"/>
</LocList>
</BasicStmnt>
<BasicStmnt CovItemId="S9" CovItemPrefix="cabra.dinero.VaultPanel.java" Intrnl_Id="649">
<LocList>
<Loc EndOffset="1161" SrcFileId="6" StartOffset="1116"/>
</LocList>
</BasicStmnt>
<BasicStmnt CovItemId="S10" CovItemPrefix="cabra.dinero.VaultPanel.java" Intrnl_Id="650">
<LocList>
<Loc EndOffset="1187" SrcFileId="6" StartOffset="1168"/>
</LocList>
</BasicStmnt>
</StmntSeq>
</HierarchyLvl>
<HierarchyLvl HierarchyLvlId="1026" HierarchyLvlTypeId="67" Intrnl_Id="651" Name="wrapInScrollPane">
<Header>
<Loc EndOffset="1250" SrcFileId="6" StartOffset="1200"/>
</Header>
<LocList>
<Loc EndOffset="1614" SrcFileId="6" StartOffset="1200"/>
</LocList>
<StmntSeq Intrnl_Id="652">
<LocList>
<Loc EndOffset="1304" SrcFileId="6" StartOffset="1258"/>
<Loc EndOffset="1399" SrcFileId="6" StartOffset="1311"/>
<Loc EndOffset="1489" SrcFileId="6" StartOffset="1406"/>
<Loc EndOffset="1586" SrcFileId="6" StartOffset="1496"/>
<Loc EndOffset="1609" SrcFileId="6" StartOffset="1593"/>
</LocList>
<BasicStmnt CovItemId="S11" CovItemPrefix="cabra.dinero.VaultPanel.java" Intrnl_Id="653">
<LocList>
<Loc EndOffset="1304" SrcFileId="6" StartOffset="1258"/>
</LocList>
</BasicStmnt>
<BasicStmnt CovItemId="S12" CovItemPrefix="cabra.dinero.VaultPanel.java" Intrnl_Id="654">
<LocList>
<Loc EndOffset="1399" SrcFileId="6" StartOffset="1311"/>
</LocList>
</BasicStmnt>
<BasicStmnt CovItemId="S13" CovItemPrefix="cabra.dinero.VaultPanel.java" Intrnl_Id="655">
<LocList>
<Loc EndOffset="1489" SrcFileId="6" StartOffset="1406"/>
</LocList>
</BasicStmnt>
<BasicStmnt CovItemId="S14" CovItemPrefix="cabra.dinero.VaultPanel.java" Intrnl_Id="656">
<LocList>
<Loc EndOffset="1586" SrcFileId="6" StartOffset="1496"/>
</LocList>
</BasicStmnt>
<BasicStmnt CovItemId="S15" CovItemPrefix="cabra.dinero.VaultPanel.java" Intrnl_Id="657">
<LocList>
<Loc EndOffset="1609" SrcFileId="6" StartOffset="1593"/>
</LocList>
</BasicStmnt>
</StmntSeq>
</HierarchyLvl>
<HierarchyLvl HierarchyLvlId="1029" HierarchyLvlTypeId="67" Intrnl_Id="658" Name="createPrizeGridPanel">
<Header>
<Loc EndOffset="1752" SrcFileId="6" StartOffset="1715"/>
</Header>
<LocList>
<Loc EndOffset="3894" SrcFileId="6" StartOffset="1715"/>
</LocList>
<StmntSeq Intrnl_Id="659">
<LocList>
<Loc EndOffset="1789" SrcFileId="6" StartOffset="1760"/>
<Loc EndOffset="1860" SrcFileId="6" StartOffset="1833"/>
<Loc EndOffset="1924" SrcFileId="6" StartOffset="1902"/>
<Loc EndOffset="1971" SrcFileId="6" StartOffset="1943"/>
<Loc EndOffset="2050" SrcFileId="6" StartOffset="1978"/>
<Loc EndOffset="2081" SrcFileId="6" StartOffset="2057"/>
<Loc EndOffset="2782" SrcFileId="6" StartOffset="2713"/>
<Loc EndOffset="2913" SrcFileId="6" StartOffset="2879"/>
<Loc EndOffset="3089" SrcFileId="6" StartOffset="3087"/>
<Loc EndOffset="3288" SrcFileId="6" StartOffset="3209"/>
<Loc EndOffset="3529" SrcFileId="6" StartOffset="3443"/>
<Loc EndOffset="3659" SrcFileId="6" StartOffset="3618"/>
<Loc EndOffset="3723" SrcFileId="6" StartOffset="3666"/>
<Loc EndOffset="3862" SrcFileId="6" StartOffset="3778"/>
<Loc EndOffset="3889" SrcFileId="6" StartOffset="3876"/>
</LocList>
<BasicStmnt CovItemId="S16" CovItemPrefix="cabra.dinero.VaultPanel.java" Intrnl_Id="660">
<LocList>
<Loc EndOffset="1789" SrcFileId="6" StartOffset="1760"/>
</LocList>
</BasicStmnt>
<BasicStmnt CovItemId="S17" CovItemPrefix="cabra.dinero.VaultPanel.java" Intrnl_Id="661">
<LocList>
<Loc EndOffset="1860" SrcFileId="6" StartOffset="1833"/>
</LocList>
</BasicStmnt>
<BasicStmnt CovItemId="S18" CovItemPrefix="cabra.dinero.VaultPanel.java" Intrnl_Id="662">
<LocList>
<Loc EndOffset="1924" SrcFileId="6" StartOffset="1902"/>
</LocList>
</BasicStmnt>
<BasicStmnt CovItemId="S19" CovItemPrefix="cabra.dinero.VaultPanel.java" Intrnl_Id="663">
<LocList>
<Loc EndOffset="1971" SrcFileId="6" StartOffset="1943"/>
</LocList>
</BasicStmnt>
<BasicStmnt CovItemId="S20" CovItemPrefix="cabra.dinero.VaultPanel.java" Intrnl_Id="664">
<LocList>
<Loc EndOffset="2050" SrcFileId="6" StartOffset="1978"/>
</LocList>
</BasicStmnt>
<BasicStmnt CovItemId="S21" CovItemPrefix="cabra.dinero.VaultPanel.java" Intrnl_Id="665">
<LocList>
<Loc EndOffset="2081" SrcFileId="6" StartOffset="2057"/>
</LocList>
</BasicStmnt>
<BasicStmnt CovItemId="S22" CovItemPrefix="cabra.dinero.VaultPanel.java" Intrnl_Id="666">
<LocList>
<Loc EndOffset="2782" SrcFileId="6" StartOffset="2713"/>
</LocList>
</BasicStmnt>
<BasicStmnt CovItemId="S23" CovItemPrefix="cabra.dinero.VaultPanel.java" Intrnl_Id="667">
<LocList>
<Loc EndOffset="2913" SrcFileId="6" StartOffset="2879"/>
<Loc EndOffset="3089" SrcFileId="6" StartOffset="3087"/>
</LocList>
</BasicStmnt>
<BasicStmnt CovItemId="S25" CovItemPrefix="cabra.dinero.VaultPanel.java" Intrnl_Id="668">
<LocList>
<Loc EndOffset="3288" SrcFileId="6" StartOffset="3209"/>
</LocList>
</BasicStmnt>
<LoopStmnt CovItemId="S26" CovItemPrefix="cabra.dinero.VaultPanel.java" Intrnl_Id="669" MltplExecId="L1-2" MltplExecPrefix="cabra.dinero.VaultPanel.java" NvrExecId="L1-0" NvrExecPrefix="cabra.dinero.VaultPanel.java" OnceExecutedId="L1-1" OnceExecutedPrefix="cabra.dinero.VaultPanel.java" OptBodyExec="true">
<StmntSeq Intrnl_Id="670">
<LocList>
<Loc EndOffset="3521" SrcFileId="6" StartOffset="3488"/>
</LocList>
<BasicStmnt CovItemId="S27" CovItemPrefix="cabra.dinero.VaultPanel.java" Intrnl_Id="671">
<LocList>
<Loc EndOffset="3521" SrcFileId="6" StartOffset="3488"/>
</LocList>
</BasicStmnt>
</StmntSeq>
<Keyword EndOffset="3446" SrcFileId="6" StartOffset="3443"/>
<LocList>
<Loc EndOffset="3529" SrcFileId="6" StartOffset="3443"/>
</LocList>
</LoopStmnt>
<BasicStmnt CovItemId="S28" CovItemPrefix="cabra.dinero.VaultPanel.java" Intrnl_Id="672">
<LocList>
<Loc EndOffset="3659" SrcFileId="6" StartOffset="3618"/>
</LocList>
</BasicStmnt>
<BasicStmnt CovItemId="S29" CovItemPrefix="cabra.dinero.VaultPanel.java" Intrnl_Id="673">
<LocList>
<Loc EndOffset="3723" SrcFileId="6" StartOffset="3666"/>
</LocList>
</BasicStmnt>
<LoopStmnt CovItemId="S30" CovItemPrefix="cabra.dinero.VaultPanel.java" Intrnl_Id="674" MltplExecId="L2-2" MltplExecPrefix="cabra.dinero.VaultPanel.java" NvrExecId="L2-0" NvrExecPrefix="cabra.dinero.VaultPanel.java" OnceExecutedId="L2-1" OnceExecutedPrefix="cabra.dinero.VaultPanel.java" OptBodyExec="true">
<StmntSeq Intrnl_Id="675">
<LocList>
<Loc EndOffset="3854" SrcFileId="6" StartOffset="3822"/>
</LocList>
<BasicStmnt CovItemId="S31" CovItemPrefix="cabra.dinero.VaultPanel.java" Intrnl_Id="676">
<LocList>
<Loc EndOffset="3854" SrcFileId="6" StartOffset="3822"/>
</LocList>
</BasicStmnt>
</StmntSeq>
<Keyword EndOffset="3781" SrcFileId="6" StartOffset="3778"/>
<LocList>
<Loc EndOffset="3862" SrcFileId="6" StartOffset="3778"/>
</LocList>
<RootTerm CovItemId="C1" CovItemPrefix="cabra.dinero.VaultPanel.java" Intrnl_Id="677">
<BasicBoolTerm Intrnl_Id="678">
<LocList>
<Loc EndOffset="3805" SrcFileId="6" StartOffset="3791"/>
</LocList>
</BasicBoolTerm>
</RootTerm>
</LoopStmnt>
<BasicStmnt CovItemId="S32" CovItemPrefix="cabra.dinero.VaultPanel.java" Intrnl_Id="679">
<LocList>
<Loc EndOffset="3889" SrcFileId="6" StartOffset="3876"/>
</LocList>
</BasicStmnt>
</StmntSeq>
<HierarchyLvl HierarchyLvlId="1028" HierarchyLvlTypeId="69" Intrnl_Id="680" Name="Comparator&lt;Prize&gt;">
<Header>
<Loc EndOffset="2936" SrcFileId="6" StartOffset="2917"/>
</Header>
<LocList>
<Loc EndOffset="3087" SrcFileId="6" StartOffset="2913"/>
</LocList>
<HierarchyLvl HierarchyLvlId="1027" HierarchyLvlTypeId="67" Intrnl_Id="681" Name="compare">
<Header>
<Loc EndOffset="2983" SrcFileId="6" StartOffset="2947"/>
</Header>
<LocList>
<Loc EndOffset="3079" SrcFileId="6" StartOffset="2947"/>
</LocList>
<StmntSeq Intrnl_Id="682">
<LocList>
<Loc EndOffset="3068" SrcFileId="6" StartOffset="3041"/>
</LocList>
<BasicStmnt CovItemId="S24" CovItemPrefix="cabra.dinero.VaultPanel.java" Intrnl_Id="683">
<LocList>
<Loc EndOffset="3068" SrcFileId="6" StartOffset="3041"/>
</LocList>
</BasicStmnt>
</StmntSeq>
</HierarchyLvl>
</HierarchyLvl>
</HierarchyLvl>
</HierarchyLvl>
<HierarchyLvl HierarchyLvlId="1042" HierarchyLvlTypeId="66" Intrnl_Id="684" Name="VaultManager">
<Header>
<Loc EndOffset="448" SrcFileId="7" StartOffset="423"/>
</Header>
<LocList>
<Loc EndOffset="6565" SrcFileId="7" StartOffset="423"/>
</LocList>
<StmntSeq Intrnl_Id="685">
<LocList>
<Loc EndOffset="561" SrcFileId="7" StartOffset="495"/>
<Loc EndOffset="709" SrcFileId="7" StartOffset="662"/>
</LocList>
<BasicStmnt CovItemId="S1" CovItemPrefix="cabra.dinero.VaultManager.java" Intrnl_Id="686">
<LocList>
<Loc EndOffset="561" SrcFileId="7" StartOffset="495"/>
</LocList>
</BasicStmnt>
<BasicStmnt CovItemId="S2" CovItemPrefix="cabra.dinero.VaultManager.java" Intrnl_Id="687">
<LocList>
<Loc EndOffset="709" SrcFileId="7" StartOffset="662"/>
</LocList>
</BasicStmnt>
</StmntSeq>
<HierarchyLvl HierarchyLvlId="1031" HierarchyLvlTypeId="67" Intrnl_Id="688" Name="VaultManager">
<Header>
<Loc EndOffset="964" SrcFileId="7" StartOffset="884"/>
</Header>
<LocList>
<Loc EndOffset="2162" SrcFileId="7" StartOffset="884"/>
</LocList>
<StmntSeq Intrnl_Id="689">
<LocList>
<Loc EndOffset="990" SrcFileId="7" StartOffset="975"/>
<Loc EndOffset="1032" SrcFileId="7" StartOffset="999"/>
<Loc EndOffset="1077" SrcFileId="7" StartOffset="1041"/>
<Loc EndOffset="1115" SrcFileId="7" StartOffset="1086"/>
<Loc EndOffset="1264" SrcFileId="7" StartOffset="1184"/>
<Loc EndOffset="1508" SrcFileId="7" StartOffset="1273"/>
<Loc EndOffset="1574" SrcFileId="7" StartOffset="1541"/>
</LocList>
<BasicStmnt CovItemId="S3" CovItemPrefix="cabra.dinero.VaultManager.java" Intrnl_Id="690">
<LocList>
<Loc EndOffset="990" SrcFileId="7" StartOffset="975"/>
</LocList>
</BasicStmnt>
<BasicStmnt CovItemId="S4" CovItemPrefix="cabra.dinero.VaultManager.java" Intrnl_Id="691">
<LocList>
<Loc EndOffset="1032" SrcFileId="7" StartOffset="999"/>
</LocList>
</BasicStmnt>
<BasicStmnt CovItemId="S5" CovItemPrefix="cabra.dinero.VaultManager.java" Intrnl_Id="692">
<LocList>
<Loc EndOffset="1077" SrcFileId="7" StartOffset="1041"/>
</LocList>
</BasicStmnt>
<BasicStmnt CovItemId="S6" CovItemPrefix="cabra.dinero.VaultManager.java" Intrnl_Id="693">
<LocList>
<Loc EndOffset="1115" SrcFileId="7" StartOffset="1086"/>
</LocList>
</BasicStmnt>
<BasicStmnt CovItemId="S7" CovItemPrefix="cabra.dinero.VaultManager.java" Intrnl_Id="694">
<LocList>
<Loc EndOffset="1264" SrcFileId="7" StartOffset="1184"/>
</LocList>
</BasicStmnt>
<LoopStmnt CovItemId="S8" CovItemPrefix="cabra.dinero.VaultManager.java" Intrnl_Id="695" MltplExecId="L1-2" MltplExecPrefix="cabra.dinero.VaultManager.java" NvrExecId="L1-0" NvrExecPrefix="cabra.dinero.VaultManager.java" OnceExecutedId="L1-1" OnceExecutedPrefix="cabra.dinero.VaultManager.java" OptBodyExec="true">
<StmntSeq Intrnl_Id="696">
<LocList>
<Loc EndOffset="1371" SrcFileId="7" StartOffset="1325"/>
<Loc EndOffset="1498" SrcFileId="7" StartOffset="1420"/>
</LocList>
<BasicStmnt CovItemId="S9" CovItemPrefix="cabra.dinero.VaultManager.java" Intrnl_Id="697">
<LocList>
<Loc EndOffset="1371" SrcFileId="7" StartOffset="1325"/>
</LocList>
</BasicStmnt>
<CondStmnt CovItemId="S10" CovItemPrefix="cabra.dinero.VaultManager.java" Intrnl_Id="698">
<Branch CovItemId="B1" CovItemPrefix="cabra.dinero.VaultManager.java" Implct="false" Intrnl_Id="699">
<Cond/>
<LocList>
<Loc EndOffset="1498" SrcFileId="7" StartOffset="1439"/>
</LocList>
<StmntSeq Intrnl_Id="700">
<LocList>
<Loc EndOffset="1484" SrcFileId="7" StartOffset="1457"/>
</LocList>
<BasicStmnt CovItemId="S11" CovItemPrefix="cabra.dinero.VaultManager.java" Intrnl_Id="701">
<LocList>
<Loc EndOffset="1484" SrcFileId="7" StartOffset="1457"/>
</LocList>
</BasicStmnt>
</StmntSeq>
</Branch>
<Branch CovItemId="B2" CovItemPrefix="cabra.dinero.VaultManager.java" Implct="true" Intrnl_Id="702">
<Cond/>
<LocList/>
<StmntSeq Intrnl_Id="703">
<LocList/>
</StmntSeq>
</Branch>
<Keyword EndOffset="1422" SrcFileId="7" StartOffset="1420"/>
<LocList>
<Loc EndOffset="1498" SrcFileId="7" StartOffset="1420"/>
</LocList>
<RootTerm CovItemId="C1" CovItemPrefix="cabra.dinero.VaultManager.java" Intrnl_Id="704">
<BasicBoolTerm Intrnl_Id="705">
<LocList>
<Loc EndOffset="1437" SrcFileId="7" StartOffset="1424"/>
</LocList>
</BasicBoolTerm>
</RootTerm>
</CondStmnt>
</StmntSeq>
<Keyword EndOffset="1276" SrcFileId="7" StartOffset="1273"/>
<LocList>
<Loc EndOffset="1508" SrcFileId="7" StartOffset="1273"/>
</LocList>
</LoopStmnt>
<BasicStmnt CovItemId="S12" CovItemPrefix="cabra.dinero.VaultManager.java" Intrnl_Id="706">
<LocList>
<Loc EndOffset="1574" SrcFileId="7" StartOffset="1541"/>
</LocList>
</BasicStmnt>
</StmntSeq>
</HierarchyLvl>
<HierarchyLvl HierarchyLvlId="1032" HierarchyLvlTypeId="67" Intrnl_Id="707" Name="getPanel">
<Header>
<Loc EndOffset="2314" SrcFileId="7" StartOffset="2290"/>
</Header>
<LocList>
<Loc EndOffset="2411" SrcFileId="7" StartOffset="2290"/>
</LocList>
<StmntSeq Intrnl_Id="708">
<LocList>
<Loc EndOffset="2353" SrcFileId="7" StartOffset="2324"/>
<Loc EndOffset="2382" SrcFileId="7" StartOffset="2362"/>
<Loc EndOffset="2405" SrcFileId="7" StartOffset="2391"/>
</LocList>
<BasicStmnt CovItemId="S13" CovItemPrefix="cabra.dinero.VaultManager.java" Intrnl_Id="709">
<LocList>
<Loc EndOffset="2353" SrcFileId="7" StartOffset="2324"/>
</LocList>
</BasicStmnt>
<BasicStmnt CovItemId="S14" CovItemPrefix="cabra.dinero.VaultManager.java" Intrnl_Id="710">
<LocList>
<Loc EndOffset="2382" SrcFileId="7" StartOffset="2362"/>
</LocList>
</BasicStmnt>
<BasicStmnt CovItemId="S15" CovItemPrefix="cabra.dinero.VaultManager.java" Intrnl_Id="711">
<LocList>
<Loc EndOffset="2405" SrcFileId="7" StartOffset="2391"/>
</LocList>
</BasicStmnt>
</StmntSeq>
</HierarchyLvl>
<HierarchyLvl HierarchyLvlId="1033" HierarchyLvlTypeId="67" Intrnl_Id="712" Name="getFrame">
<Header>
<Loc EndOffset="2565" SrcFileId="7" StartOffset="2541"/>
</Header>
<LocList>
<Loc EndOffset="2591" SrcFileId="7" StartOffset="2541"/>
</LocList>
<StmntSeq Intrnl_Id="713">
<LocList>
<Loc EndOffset="2589" SrcFileId="7" StartOffset="2567"/>
</LocList>
<BasicStmnt CovItemId="S16" CovItemPrefix="cabra.dinero.VaultManager.java" Intrnl_Id="714">
<LocList>
<Loc EndOffset="2589" SrcFileId="7" StartOffset="2567"/>
</LocList>
</BasicStmnt>
</StmntSeq>
</HierarchyLvl>
<HierarchyLvl HierarchyLvlId="1034" HierarchyLvlTypeId="67" Intrnl_Id="715" Name="getPoints">
<Header>
<Loc EndOffset="2619" SrcFileId="7" StartOffset="2597"/>
</Header>
<LocList>
<Loc EndOffset="2668" SrcFileId="7" StartOffset="2597"/>
</LocList>
<StmntSeq Intrnl_Id="716">
<LocList>
<Loc EndOffset="2662" SrcFileId="7" StartOffset="2630"/>
</LocList>
<BasicStmnt CovItemId="S17" CovItemPrefix="cabra.dinero.VaultManager.java" Intrnl_Id="717">
<LocList>
<Loc EndOffset="2662" SrcFileId="7" StartOffset="2630"/>
</LocList>
</BasicStmnt>
</StmntSeq>
</HierarchyLvl>
<HierarchyLvl HierarchyLvlId="1035" HierarchyLvlTypeId="67" Intrnl_Id="718" Name="decreasePoints">
<Header>
<Loc EndOffset="2844" SrcFileId="7" StartOffset="2799"/>
</Header>
<LocList>
<Loc EndOffset="2921" SrcFileId="7" StartOffset="2799"/>
</LocList>
<StmntSeq Intrnl_Id="719">
<LocList>
<Loc EndOffset="2897" SrcFileId="7" StartOffset="2855"/>
<Loc EndOffset="2915" SrcFileId="7" StartOffset="2906"/>
</LocList>
<BasicStmnt CovItemId="S18" CovItemPrefix="cabra.dinero.VaultManager.java" Intrnl_Id="720">
<LocList>
<Loc EndOffset="2897" SrcFileId="7" StartOffset="2855"/>
</LocList>
</BasicStmnt>
<BasicStmnt CovItemId="S19" CovItemPrefix="cabra.dinero.VaultManager.java" Intrnl_Id="721">
<LocList>
<Loc EndOffset="2915" SrcFileId="7" StartOffset="2906"/>
</LocList>
</BasicStmnt>
</StmntSeq>
</HierarchyLvl>
<HierarchyLvl HierarchyLvlId="1036" HierarchyLvlTypeId="67" Intrnl_Id="722" Name="update">
<Header>
<Loc EndOffset="3018" SrcFileId="7" StartOffset="2998"/>
</Header>
<LocList>
<Loc EndOffset="3200" SrcFileId="7" StartOffset="2998"/>
</LocList>
<StmntSeq Intrnl_Id="723">
<LocList>
<Loc EndOffset="3071" SrcFileId="7" StartOffset="3028"/>
<Loc EndOffset="3121" SrcFileId="7" StartOffset="3080"/>
<Loc EndOffset="3194" SrcFileId="7" StartOffset="3130"/>
</LocList>
<BasicStmnt CovItemId="S20" CovItemPrefix="cabra.dinero.VaultManager.java" Intrnl_Id="724">
<LocList>
<Loc EndOffset="3071" SrcFileId="7" StartOffset="3028"/>
</LocList>
</BasicStmnt>
<BasicStmnt CovItemId="S21" CovItemPrefix="cabra.dinero.VaultManager.java" Intrnl_Id="725">
<LocList>
<Loc EndOffset="3121" SrcFileId="7" StartOffset="3080"/>
</LocList>
</BasicStmnt>
<BasicStmnt CovItemId="S22" CovItemPrefix="cabra.dinero.VaultManager.java" Intrnl_Id="726">
<LocList>
<Loc EndOffset="3194" SrcFileId="7" StartOffset="3130"/>
</LocList>
</BasicStmnt>
</StmntSeq>
</HierarchyLvl>
<HierarchyLvl HierarchyLvlId="1037" HierarchyLvlTypeId="67" Intrnl_Id="727" Name="updatePointLabel">
<Header>
<Loc EndOffset="3406" SrcFileId="7" StartOffset="3366"/>
</Header>
<LocList>
<Loc EndOffset="3904" SrcFileId="7" StartOffset="3366"/>
</LocList>
<StmntSeq Intrnl_Id="728">
<LocList>
<Loc EndOffset="3623" SrcFileId="7" StartOffset="3592"/>
<Loc EndOffset="3760" SrcFileId="7" StartOffset="3705"/>
<Loc EndOffset="3794" SrcFileId="7" StartOffset="3769"/>
<Loc EndOffset="3895" SrcFileId="7" StartOffset="3803"/>
</LocList>
<BasicStmnt CovItemId="S23" CovItemPrefix="cabra.dinero.VaultManager.java" Intrnl_Id="729">
<LocList>
<Loc EndOffset="3623" SrcFileId="7" StartOffset="3592"/>
</LocList>
</BasicStmnt>
<BasicStmnt CovItemId="S24" CovItemPrefix="cabra.dinero.VaultManager.java" Intrnl_Id="730">
<LocList>
<Loc EndOffset="3760" SrcFileId="7" StartOffset="3705"/>
</LocList>
</BasicStmnt>
<BasicStmnt CovItemId="S25" CovItemPrefix="cabra.dinero.VaultManager.java" Intrnl_Id="731">
<LocList>
<Loc EndOffset="3794" SrcFileId="7" StartOffset="3769"/>
</LocList>
</BasicStmnt>
<BasicStmnt CovItemId="S26" CovItemPrefix="cabra.dinero.VaultManager.java" Intrnl_Id="732">
<LocList>
<Loc EndOffset="3895" SrcFileId="7" StartOffset="3803"/>
</LocList>
</BasicStmnt>
</StmntSeq>
</HierarchyLvl>
<HierarchyLvl HierarchyLvlId="1038" HierarchyLvlTypeId="67" Intrnl_Id="733" Name="purchasePrizePack">
<Header>
<Loc EndOffset="4310" SrcFileId="7" StartOffset="4262"/>
</Header>
<LocList>
<Loc EndOffset="5537" SrcFileId="7" StartOffset="4262"/>
</LocList>
<StmntSeq Intrnl_Id="734">
<LocList>
<Loc EndOffset="4412" SrcFileId="7" StartOffset="4321"/>
<Loc EndOffset="4469" SrcFileId="7" StartOffset="4438"/>
<Loc EndOffset="4699" SrcFileId="7" StartOffset="4478"/>
<Loc EndOffset="5140" SrcFileId="7" StartOffset="5101"/>
<Loc EndOffset="5186" SrcFileId="7" StartOffset="5149"/>
<Loc EndOffset="5295" SrcFileId="7" StartOffset="5195"/>
<Loc EndOffset="5355" SrcFileId="7" StartOffset="5304"/>
<Loc EndOffset="5415" SrcFileId="7" StartOffset="5364"/>
<Loc EndOffset="5482" SrcFileId="7" StartOffset="5424"/>
<Loc EndOffset="5501" SrcFileId="7" StartOffset="5492"/>
<Loc EndOffset="5531" SrcFileId="7" StartOffset="5519"/>
</LocList>
<CondStmnt CovItemId="S27" CovItemPrefix="cabra.dinero.VaultManager.java" Intrnl_Id="735">
<Branch CovItemId="B3" CovItemPrefix="cabra.dinero.VaultManager.java" Implct="false" Intrnl_Id="736">
<Cond/>
<LocList>
<Loc EndOffset="4412" SrcFileId="7" StartOffset="4355"/>
</LocList>
<StmntSeq Intrnl_Id="737">
<LocList>
<Loc EndOffset="4382" SrcFileId="7" StartOffset="4369"/>
</LocList>
<BasicStmnt CovItemId="S28" CovItemPrefix="cabra.dinero.VaultManager.java" Intrnl_Id="738">
<LocList>
<Loc EndOffset="4382" SrcFileId="7" StartOffset="4369"/>
</LocList>
</BasicStmnt>
</StmntSeq>
</Branch>
<Branch CovItemId="B4" CovItemPrefix="cabra.dinero.VaultManager.java" Implct="true" Intrnl_Id="739">
<Cond/>
<LocList/>
<StmntSeq Intrnl_Id="740">
<LocList/>
</StmntSeq>
</Branch>
<Keyword EndOffset="4323" SrcFileId="7" StartOffset="4321"/>
<LocList>
<Loc EndOffset="4412" SrcFileId="7" StartOffset="4321"/>
</LocList>
<RootTerm CovItemId="C2" CovItemPrefix="cabra.dinero.VaultManager.java" Intrnl_Id="741">
<BasicBoolTerm Intrnl_Id="742">
<LocList>
<Loc EndOffset="4353" SrcFileId="7" StartOffset="4325"/>
</LocList>
</BasicBoolTerm>
</RootTerm>
</CondStmnt>
<BasicStmnt CovItemId="S29" CovItemPrefix="cabra.dinero.VaultManager.java" Intrnl_Id="743">
<LocList>
<Loc EndOffset="4469" SrcFileId="7" StartOffset="4438"/>
</LocList>
</BasicStmnt>
<LoopStmnt CovItemId="S30" CovItemPrefix="cabra.dinero.VaultManager.java" Intrnl_Id="744" MltplExecId="L2-2" MltplExecPrefix="cabra.dinero.VaultManager.java" NvrExecId="L2-0" NvrExecPrefix="cabra.dinero.VaultManager.java" OnceExecutedId="L2-1" OnceExecutedPrefix="cabra.dinero.VaultManager.java" OptBodyExec="true">
<StmntSeq Intrnl_Id="745">
<LocList>
<Loc EndOffset="4566" SrcFileId="7" StartOffset="4534"/>
<Loc EndOffset="4689" SrcFileId="7" StartOffset="4625"/>
</LocList>
<BasicStmnt CovItemId="S31" CovItemPrefix="cabra.dinero.VaultManager.java" Intrnl_Id="746">
<LocList>
<Loc EndOffset="4566" SrcFileId="7" StartOffset="4534"/>
</LocList>
</BasicStmnt>
<BasicStmnt CovItemId="S32" CovItemPrefix="cabra.dinero.VaultManager.java" Intrnl_Id="747">
<LocList>
<Loc EndOffset="4689" SrcFileId="7" StartOffset="4625"/>
</LocList>
</BasicStmnt>
</StmntSeq>
<Keyword EndOffset="4481" SrcFileId="7" StartOffset="4478"/>
<LocList>
<Loc EndOffset="4699" SrcFileId="7" StartOffset="4478"/>
</LocList>
</LoopStmnt>
<BasicStmnt CovItemId="S33" CovItemPrefix="cabra.dinero.VaultManager.java" Intrnl_Id="748">
<LocList>
<Loc EndOffset="5140" SrcFileId="7" StartOffset="5101"/>
</LocList>
</BasicStmnt>
<BasicStmnt CovItemId="S34" CovItemPrefix="cabra.dinero.VaultManager.java" Intrnl_Id="749">
<LocList>
<Loc EndOffset="5186" SrcFileId="7" StartOffset="5149"/>
</LocList>
</BasicStmnt>
<LoopStmnt CovItemId="S35" CovItemPrefix="cabra.dinero.VaultManager.java" Intrnl_Id="750" MltplExecId="L3-2" MltplExecPrefix="cabra.dinero.VaultManager.java" NvrExecId="L3-0" NvrExecPrefix="cabra.dinero.VaultManager.java" OnceExecutedId="L3-1" OnceExecutedPrefix="cabra.dinero.VaultManager.java" OptBodyExec="true">
<StmntSeq Intrnl_Id="751">
<LocList>
<Loc EndOffset="5285" SrcFileId="7" StartOffset="5245"/>
</LocList>
<BasicStmnt CovItemId="S36" CovItemPrefix="cabra.dinero.VaultManager.java" Intrnl_Id="752">
<LocList>
<Loc EndOffset="5285" SrcFileId="7" StartOffset="5245"/>
</LocList>
</BasicStmnt>
</StmntSeq>
<Keyword EndOffset="5198" SrcFileId="7" StartOffset="5195"/>
<LocList>
<Loc EndOffset="5295" SrcFileId="7" StartOffset="5195"/>
</LocList>
<RootTerm CovItemId="C3" CovItemPrefix="cabra.dinero.VaultManager.java" Intrnl_Id="753">
<BasicBoolTerm Intrnl_Id="754">
<LocList>
<Loc EndOffset="5224" SrcFileId="7" StartOffset="5211"/>
</LocList>
</BasicBoolTerm>
</RootTerm>
</LoopStmnt>
<BasicStmnt CovItemId="S37" CovItemPrefix="cabra.dinero.VaultManager.java" Intrnl_Id="755">
<LocList>
<Loc EndOffset="5355" SrcFileId="7" StartOffset="5304"/>
</LocList>
</BasicStmnt>
<BasicStmnt CovItemId="S38" CovItemPrefix="cabra.dinero.VaultManager.java" Intrnl_Id="756">
<LocList>
<Loc EndOffset="5415" SrcFileId="7" StartOffset="5364"/>
</LocList>
</BasicStmnt>
<BasicStmnt CovItemId="S39" CovItemPrefix="cabra.dinero.VaultManager.java" Intrnl_Id="757">
<LocList>
<Loc EndOffset="5482" SrcFileId="7" StartOffset="5424"/>
</LocList>
</BasicStmnt>
<BasicStmnt CovItemId="S40" CovItemPrefix="cabra.dinero.VaultManager.java" Intrnl_Id="758">
<LocList>
<Loc EndOffset="5501" SrcFileId="7" StartOffset="5492"/>
</LocList>
</BasicStmnt>
<BasicStmnt CovItemId="S41" CovItemPrefix="cabra.dinero.VaultManager.java" Intrnl_Id="759">
<LocList>
<Loc EndOffset="5531" SrcFileId="7" StartOffset="5519"/>
</LocList>
</BasicStmnt>
</StmntSeq>
</HierarchyLvl>
<HierarchyLvl HierarchyLvlId="1039" HierarchyLvlTypeId="67" Intrnl_Id="760" Name="canUserAfford">
<Header>
<Loc EndOffset="5725" SrcFileId="7" StartOffset="5681"/>
</Header>
<LocList>
<Loc EndOffset="5781" SrcFileId="7" StartOffset="5681"/>
</LocList>
<StmntSeq Intrnl_Id="761">
<LocList>
<Loc EndOffset="5775" SrcFileId="7" StartOffset="5736"/>
</LocList>
<BasicStmnt CovItemId="S42" CovItemPrefix="cabra.dinero.VaultManager.java" Intrnl_Id="762">
<LocList>
<Loc EndOffset="5775" SrcFileId="7" StartOffset="5736"/>
</LocList>
</BasicStmnt>
</StmntSeq>
</HierarchyLvl>
<HierarchyLvl HierarchyLvlId="1040" HierarchyLvlTypeId="67" Intrnl_Id="763" Name="getPurchaseablePrizes">
<Header>
<Loc EndOffset="5958" SrcFileId="7" StartOffset="5911"/>
</Header>
<LocList>
<Loc EndOffset="6345" SrcFileId="7" StartOffset="5911"/>
</LocList>
<StmntSeq Intrnl_Id="764">
<LocList>
<Loc EndOffset="6024" SrcFileId="7" StartOffset="5969"/>
<Loc EndOffset="6309" SrcFileId="7" StartOffset="6110"/>
<Loc EndOffset="6339" SrcFileId="7" StartOffset="6319"/>
</LocList>
<BasicStmnt CovItemId="S43" CovItemPrefix="cabra.dinero.VaultManager.java" Intrnl_Id="765">
<LocList>
<Loc EndOffset="6024" SrcFileId="7" StartOffset="5969"/>
</LocList>
</BasicStmnt>
<LoopStmnt CovItemId="S44" CovItemPrefix="cabra.dinero.VaultManager.java" Intrnl_Id="766" MltplExecId="L4-2" MltplExecPrefix="cabra.dinero.VaultManager.java" NvrExecId="L4-0" NvrExecPrefix="cabra.dinero.VaultManager.java" OnceExecutedId="L4-1" OnceExecutedPrefix="cabra.dinero.VaultManager.java" OptBodyExec="true">
<StmntSeq Intrnl_Id="767">
<LocList>
<Loc EndOffset="6299" SrcFileId="7" StartOffset="6165"/>
</LocList>
<CondStmnt CovItemId="S45" CovItemPrefix="cabra.dinero.VaultManager.java" Intrnl_Id="768">
<Branch CovItemId="B5" CovItemPrefix="cabra.dinero.VaultManager.java" Implct="false" Intrnl_Id="769">
<Cond/>
<LocList>
<Loc EndOffset="6299" SrcFileId="7" StartOffset="6211"/>
</LocList>
<StmntSeq Intrnl_Id="770">
<LocList>
<Loc EndOffset="6285" SrcFileId="7" StartOffset="6261"/>
</LocList>
<BasicStmnt CovItemId="S46" CovItemPrefix="cabra.dinero.VaultManager.java" Intrnl_Id="771">
<LocList>
<Loc EndOffset="6285" SrcFileId="7" StartOffset="6261"/>
</LocList>
</BasicStmnt>
</StmntSeq>
</Branch>
<Branch CovItemId="B6" CovItemPrefix="cabra.dinero.VaultManager.java" Implct="true" Intrnl_Id="772">
<Cond/>
<LocList/>
<StmntSeq Intrnl_Id="773">
<LocList/>
</StmntSeq>
</Branch>
<Keyword EndOffset="6167" SrcFileId="7" StartOffset="6165"/>
<LocList>
<Loc EndOffset="6299" SrcFileId="7" StartOffset="6165"/>
</LocList>
<RootTerm CovItemId="C4" CovItemPrefix="cabra.dinero.VaultManager.java" Intrnl_Id="774">
<BasicBoolTerm Intrnl_Id="775">
<LocList>
<Loc EndOffset="6209" SrcFileId="7" StartOffset="6169"/>
</LocList>
</BasicBoolTerm>
</RootTerm>
</CondStmnt>
</StmntSeq>
<Keyword EndOffset="6113" SrcFileId="7" StartOffset="6110"/>
<LocList>
<Loc EndOffset="6309" SrcFileId="7" StartOffset="6110"/>
</LocList>
</LoopStmnt>
<BasicStmnt CovItemId="S47" CovItemPrefix="cabra.dinero.VaultManager.java" Intrnl_Id="776">
<LocList>
<Loc EndOffset="6339" SrcFileId="7" StartOffset="6319"/>
</LocList>
</BasicStmnt>
</StmntSeq>
</HierarchyLvl>
<HierarchyLvl HierarchyLvlId="1041" HierarchyLvlTypeId="67" Intrnl_Id="777" Name="getPurchasedPrizes">
<Header>
<Loc EndOffset="6523" SrcFileId="7" StartOffset="6479"/>
</Header>
<LocList>
<Loc EndOffset="6563" SrcFileId="7" StartOffset="6479"/>
</LocList>
<StmntSeq Intrnl_Id="778">
<LocList>
<Loc EndOffset="6557" SrcFileId="7" StartOffset="6534"/>
</LocList>
<BasicStmnt CovItemId="S48" CovItemPrefix="cabra.dinero.VaultManager.java" Intrnl_Id="779">
<LocList>
<Loc EndOffset="6557" SrcFileId="7" StartOffset="6534"/>
</LocList>
</BasicStmnt>
</StmntSeq>
</HierarchyLvl>
</HierarchyLvl>
<HierarchyLvl HierarchyLvlId="1054" HierarchyLvlTypeId="66" Intrnl_Id="780" Name="StorePanel">
<Header>
<Loc EndOffset="237" SrcFileId="8" StartOffset="199"/>
</Header>
<LocList>
<Loc EndOffset="2406" SrcFileId="8" StartOffset="199"/>
<Loc EndOffset="6684" SrcFileId="8" StartOffset="5541"/>
<Loc EndOffset="8166" SrcFileId="8" StartOffset="6812"/>
<Loc EndOffset="8174" SrcFileId="8" StartOffset="8172"/>
</LocList>
<StmntSeq Intrnl_Id="781">
<LocList>
<Loc EndOffset="385" SrcFileId="8" StartOffset="301"/>
</LocList>
<BasicStmnt CovItemId="S1" CovItemPrefix="cabra.dinero.StorePanel.java" Intrnl_Id="782">
<LocList>
<Loc EndOffset="385" SrcFileId="8" StartOffset="301"/>
</LocList>
</BasicStmnt>
</StmntSeq>
<HierarchyLvl HierarchyLvlId="1043" HierarchyLvlTypeId="67" Intrnl_Id="783" Name="StorePanel">
<Header>
<Loc EndOffset="435" SrcFileId="8" StartOffset="391"/>
</Header>
<LocList>
<Loc EndOffset="1039" SrcFileId="8" StartOffset="391"/>
</LocList>
<StmntSeq Intrnl_Id="784">
<LocList>
<Loc EndOffset="479" SrcFileId="8" StartOffset="446"/>
<Loc EndOffset="561" SrcFileId="8" StartOffset="509"/>
<Loc EndOffset="618" SrcFileId="8" StartOffset="571"/>
<Loc EndOffset="714" SrcFileId="8" StartOffset="657"/>
<Loc EndOffset="813" SrcFileId="8" StartOffset="723"/>
<Loc EndOffset="907" SrcFileId="8" StartOffset="822"/>
<Loc EndOffset="1008" SrcFileId="8" StartOffset="916"/>
<Loc EndOffset="1033" SrcFileId="8" StartOffset="1017"/>
</LocList>
<BasicStmnt CovItemId="S2" CovItemPrefix="cabra.dinero.StorePanel.java" Intrnl_Id="785">
<LocList>
<Loc EndOffset="479" SrcFileId="8" StartOffset="446"/>
</LocList>
</BasicStmnt>
<BasicStmnt CovItemId="S3" CovItemPrefix="cabra.dinero.StorePanel.java" Intrnl_Id="786">
<LocList>
<Loc EndOffset="561" SrcFileId="8" StartOffset="509"/>
</LocList>
</BasicStmnt>
<BasicStmnt CovItemId="S4" CovItemPrefix="cabra.dinero.StorePanel.java" Intrnl_Id="787">
<LocList>
<Loc EndOffset="618" SrcFileId="8" StartOffset="571"/>
</LocList>
</BasicStmnt>
<BasicStmnt CovItemId="S5" CovItemPrefix="cabra.dinero.StorePanel.java" Intrnl_Id="788">
<LocList>
<Loc EndOffset="714" SrcFileId="8" StartOffset="657"/>
</LocList>
</BasicStmnt>
<BasicStmnt CovItemId="S6" CovItemPrefix="cabra.dinero.StorePanel.java" Intrnl_Id="789">
<LocList>
<Loc EndOffset="813" SrcFileId="8" StartOffset="723"/>
</LocList>
</BasicStmnt>
<BasicStmnt CovItemId="S7" CovItemPrefix="cabra.dinero.StorePanel.java" Intrnl_Id="790">
<LocList>
<Loc EndOffset="907" SrcFileId="8" StartOffset="822"/>
</LocList>
</BasicStmnt>
<BasicStmnt CovItemId="S8" CovItemPrefix="cabra.dinero.StorePanel.java" Intrnl_Id="791">
<LocList>
<Loc EndOffset="1008" SrcFileId="8" StartOffset="916"/>
</LocList>
</BasicStmnt>
<BasicStmnt CovItemId="S9" CovItemPrefix="cabra.dinero.StorePanel.java" Intrnl_Id="792">
<LocList>
<Loc EndOffset="1033" SrcFileId="8" StartOffset="1017"/>
</LocList>
</BasicStmnt>
</StmntSeq>
</HierarchyLvl>
<HierarchyLvl HierarchyLvlId="1044" HierarchyLvlTypeId="67" Intrnl_Id="793" Name="pointsChanged">
<Header>
<Loc EndOffset="1304" SrcFileId="8" StartOffset="1264"/>
</Header>
<LocList>
<Loc EndOffset="1575" SrcFileId="8" StartOffset="1264"/>
</LocList>
<StmntSeq Intrnl_Id="794">
<LocList>
<Loc EndOffset="1385" SrcFileId="8" StartOffset="1344"/>
<Loc EndOffset="1569" SrcFileId="8" StartOffset="1476"/>
</LocList>
<BasicStmnt CovItemId="S10" CovItemPrefix="cabra.dinero.StorePanel.java" Intrnl_Id="795">
<LocList>
<Loc EndOffset="1385" SrcFileId="8" StartOffset="1344"/>
</LocList>
</BasicStmnt>
<LoopStmnt CovItemId="S11" CovItemPrefix="cabra.dinero.StorePanel.java" Intrnl_Id="796" MltplExecId="L1-2" MltplExecPrefix="cabra.dinero.StorePanel.java" NvrExecId="L1-0" NvrExecPrefix="cabra.dinero.StorePanel.java" OnceExecutedId="L1-1" OnceExecutedPrefix="cabra.dinero.StorePanel.java" OptBodyExec="true">
<StmntSeq Intrnl_Id="797">
<LocList>
<Loc EndOffset="1559" SrcFileId="8" StartOffset="1535"/>
</LocList>
<BasicStmnt CovItemId="S12" CovItemPrefix="cabra.dinero.StorePanel.java" Intrnl_Id="798">
<LocList>
<Loc EndOffset="1559" SrcFileId="8" StartOffset="1535"/>
</LocList>
</BasicStmnt>
</StmntSeq>
<Keyword EndOffset="1479" SrcFileId="8" StartOffset="1476"/>
<LocList>
<Loc EndOffset="1569" SrcFileId="8" StartOffset="1476"/>
</LocList>
</LoopStmnt>
</StmntSeq>
</HierarchyLvl>
<HierarchyLvl HierarchyLvlId="1045" HierarchyLvlTypeId="67" Intrnl_Id="799" Name="createPrizePackPanel">
<Header>
<Loc EndOffset="1741" SrcFileId="8" StartOffset="1704"/>
</Header>
<LocList>
<Loc EndOffset="2265" SrcFileId="8" StartOffset="1704"/>
</LocList>
<StmntSeq Intrnl_Id="800">
<LocList>
<Loc EndOffset="1774" SrcFileId="8" StartOffset="1752"/>
<Loc EndOffset="1811" SrcFileId="8" StartOffset="1783"/>
<Loc EndOffset="1915" SrcFileId="8" StartOffset="1837"/>
<Loc EndOffset="2236" SrcFileId="8" StartOffset="2007"/>
<Loc EndOffset="2259" SrcFileId="8" StartOffset="2246"/>
</LocList>
<BasicStmnt CovItemId="S13" CovItemPrefix="cabra.dinero.StorePanel.java" Intrnl_Id="801">
<LocList>
<Loc EndOffset="1774" SrcFileId="8" StartOffset="1752"/>
</LocList>
</BasicStmnt>
<BasicStmnt CovItemId="S14" CovItemPrefix="cabra.dinero.StorePanel.java" Intrnl_Id="802">
<LocList>
<Loc EndOffset="1811" SrcFileId="8" StartOffset="1783"/>
</LocList>
</BasicStmnt>
<BasicStmnt CovItemId="S15" CovItemPrefix="cabra.dinero.StorePanel.java" Intrnl_Id="803">
<LocList>
<Loc EndOffset="1915" SrcFileId="8" StartOffset="1837"/>
</LocList>
</BasicStmnt>
<LoopStmnt CovItemId="S16" CovItemPrefix="cabra.dinero.StorePanel.java" Intrnl_Id="804" MltplExecId="L2-2" MltplExecPrefix="cabra.dinero.StorePanel.java" NvrExecId="L2-0" NvrExecPrefix="cabra.dinero.StorePanel.java" OnceExecutedId="L2-1" OnceExecutedPrefix="cabra.dinero.StorePanel.java" OptBodyExec="true">
<StmntSeq Intrnl_Id="805">
<LocList>
<Loc EndOffset="2125" SrcFileId="8" StartOffset="2073"/>
<Loc EndOffset="2169" SrcFileId="8" StartOffset="2138"/>
<Loc EndOffset="2226" SrcFileId="8" StartOffset="2205"/>
</LocList>
<BasicStmnt CovItemId="S17" CovItemPrefix="cabra.dinero.StorePanel.java" Intrnl_Id="806">
<LocList>
<Loc EndOffset="2125" SrcFileId="8" StartOffset="2073"/>
</LocList>
</BasicStmnt>
<BasicStmnt CovItemId="S18" CovItemPrefix="cabra.dinero.StorePanel.java" Intrnl_Id="807">
<LocList>
<Loc EndOffset="2169" SrcFileId="8" StartOffset="2138"/>
</LocList>
</BasicStmnt>
<BasicStmnt CovItemId="S19" CovItemPrefix="cabra.dinero.StorePanel.java" Intrnl_Id="808">
<LocList>
<Loc EndOffset="2226" SrcFileId="8" StartOffset="2205"/>
</LocList>
</BasicStmnt>
</StmntSeq>
<Keyword EndOffset="2010" SrcFileId="8" StartOffset="2007"/>
<LocList>
<Loc EndOffset="2236" SrcFileId="8" StartOffset="2007"/>
</LocList>
</LoopStmnt>
<BasicStmnt CovItemId="S20" CovItemPrefix="cabra.dinero.StorePanel.java" Intrnl_Id="809">
<LocList>
<Loc EndOffset="2259" SrcFileId="8" StartOffset="2246"/>
</LocList>
</BasicStmnt>
</StmntSeq>
</HierarchyLvl>
<HierarchyLvl HierarchyLvlId="1053" HierarchyLvlTypeId="66" Intrnl_Id="810" Name="PrizePackPanel">
<Header>
<Loc EndOffset="2449" SrcFileId="8" StartOffset="2406"/>
</Header>
<LocList>
<Loc EndOffset="5541" SrcFileId="8" StartOffset="2406"/>
<Loc EndOffset="6812" SrcFileId="8" StartOffset="6684"/>
<Loc EndOffset="8172" SrcFileId="8" StartOffset="8166"/>
</LocList>
<HierarchyLvl HierarchyLvlId="1046" HierarchyLvlTypeId="67" Intrnl_Id="811" Name="PrizePackPanel">
<Header>
<Loc EndOffset="2728" SrcFileId="8" StartOffset="2686"/>
</Header>
<LocList>
<Loc EndOffset="4682" SrcFileId="8" StartOffset="2686"/>
</LocList>
<StmntSeq Intrnl_Id="812">
<LocList>
<Loc EndOffset="2770" SrcFileId="8" StartOffset="2743"/>
<Loc EndOffset="2834" SrcFileId="8" StartOffset="2803"/>
<Loc EndOffset="2895" SrcFileId="8" StartOffset="2847"/>
<Loc EndOffset="2945" SrcFileId="8" StartOffset="2908"/>
<Loc EndOffset="3016" SrcFileId="8" StartOffset="2958"/>
<Loc EndOffset="3041" SrcFileId="8" StartOffset="3029"/>
<Loc EndOffset="3066" SrcFileId="8" StartOffset="3054"/>
<Loc EndOffset="3095" SrcFileId="8" StartOffset="3079"/>
<Loc EndOffset="3125" SrcFileId="8" StartOffset="3108"/>
<Loc EndOffset="3300" SrcFileId="8" StartOffset="3223"/>
<Loc EndOffset="3395" SrcFileId="8" StartOffset="3377"/>
<Loc EndOffset="3492" SrcFileId="8" StartOffset="3482"/>
<Loc EndOffset="3557" SrcFileId="8" StartOffset="3505"/>
<Loc EndOffset="3655" SrcFileId="8" StartOffset="3610"/>
<Loc EndOffset="3748" SrcFileId="8" StartOffset="3668"/>
<Loc EndOffset="4014" SrcFileId="8" StartOffset="3808"/>
<Loc EndOffset="4045" SrcFileId="8" StartOffset="4027"/>
<Loc EndOffset="4115" SrcFileId="8" StartOffset="4103"/>
<Loc EndOffset="4138" SrcFileId="8" StartOffset="4128"/>
<Loc EndOffset="4225" SrcFileId="8" StartOffset="4151"/>
<Loc EndOffset="4283" SrcFileId="8" StartOffset="4238"/>
<Loc EndOffset="4377" SrcFileId="8" StartOffset="4296"/>
<Loc EndOffset="4447" SrcFileId="8" StartOffset="4428"/>
<Loc EndOffset="4502" SrcFileId="8" StartOffset="4492"/>
<Loc EndOffset="4541" SrcFileId="8" StartOffset="4515"/>
<Loc EndOffset="4610" SrcFileId="8" StartOffset="4554"/>
<Loc EndOffset="4641" SrcFileId="8" StartOffset="4623"/>
<Loc EndOffset="4672" SrcFileId="8" StartOffset="4654"/>
</LocList>
<BasicStmnt CovItemId="S21" CovItemPrefix="cabra.dinero.StorePanel.java" Intrnl_Id="813">
<LocList>
<Loc EndOffset="2770" SrcFileId="8" StartOffset="2743"/>
</LocList>
</BasicStmnt>
<BasicStmnt CovItemId="S22" CovItemPrefix="cabra.dinero.StorePanel.java" Intrnl_Id="814">
<LocList>
<Loc EndOffset="2834" SrcFileId="8" StartOffset="2803"/>
</LocList>
</BasicStmnt>
<BasicStmnt CovItemId="S23" CovItemPrefix="cabra.dinero.StorePanel.java" Intrnl_Id="815">
<LocList>
<Loc EndOffset="2895" SrcFileId="8" StartOffset="2847"/>
</LocList>
</BasicStmnt>
<BasicStmnt CovItemId="S24" CovItemPrefix="cabra.dinero.StorePanel.java" Intrnl_Id="816">
<LocList>
<Loc EndOffset="2945" SrcFileId="8" StartOffset="2908"/>
</LocList>
</BasicStmnt>
<BasicStmnt CovItemId="S25" CovItemPrefix="cabra.dinero.StorePanel.java" Intrnl_Id="817">
<LocList>
<Loc EndOffset="3016" SrcFileId="8" StartOffset="2958"/>
</LocList>
</BasicStmnt>
<BasicStmnt CovItemId="S26" CovItemPrefix="cabra.dinero.StorePanel.java" Intrnl_Id="818">
<LocList>
<Loc EndOffset="3041" SrcFileId="8" StartOffset="3029"/>
</LocList>
</BasicStmnt>
<BasicStmnt CovItemId="S27" CovItemPrefix="cabra.dinero.StorePanel.java" Intrnl_Id="819">
<LocList>
<Loc EndOffset="3066" SrcFileId="8" StartOffset="3054"/>
</LocList>
</BasicStmnt>
<BasicStmnt CovItemId="S28" CovItemPrefix="cabra.dinero.StorePanel.java" Intrnl_Id="820">
<LocList>
<Loc EndOffset="3095" SrcFileId="8" StartOffset="3079"/>
</LocList>
</BasicStmnt>
<BasicStmnt CovItemId="S29" CovItemPrefix="cabra.dinero.StorePanel.java" Intrnl_Id="821">
<LocList>
<Loc EndOffset="3125" SrcFileId="8" StartOffset="3108"/>
</LocList>
</BasicStmnt>
<BasicStmnt CovItemId="S30" CovItemPrefix="cabra.dinero.StorePanel.java" Intrnl_Id="822">
<LocList>
<Loc EndOffset="3300" SrcFileId="8" StartOffset="3223"/>
</LocList>
</BasicStmnt>
<BasicStmnt CovItemId="S31" CovItemPrefix="cabra.dinero.StorePanel.java" Intrnl_Id="823">
<LocList>
<Loc EndOffset="3395" SrcFileId="8" StartOffset="3377"/>
</LocList>
</BasicStmnt>
<BasicStmnt CovItemId="S32" CovItemPrefix="cabra.dinero.StorePanel.java" Intrnl_Id="824">
<LocList>
<Loc EndOffset="3492" SrcFileId="8" StartOffset="3482"/>
</LocList>
</BasicStmnt>
<BasicStmnt CovItemId="S33" CovItemPrefix="cabra.dinero.StorePanel.java" Intrnl_Id="825">
<LocList>
<Loc EndOffset="3557" SrcFileId="8" StartOffset="3505"/>
</LocList>
</BasicStmnt>
<BasicStmnt CovItemId="S34" CovItemPrefix="cabra.dinero.StorePanel.java" Intrnl_Id="826">
<LocList>
<Loc EndOffset="3655" SrcFileId="8" StartOffset="3610"/>
</LocList>
</BasicStmnt>
<BasicStmnt CovItemId="S35" CovItemPrefix="cabra.dinero.StorePanel.java" Intrnl_Id="827">
<LocList>
<Loc EndOffset="3748" SrcFileId="8" StartOffset="3668"/>
</LocList>
</BasicStmnt>
<LoopStmnt CovItemId="S36" CovItemPrefix="cabra.dinero.StorePanel.java" Intrnl_Id="828" MltplExecId="L3-2" MltplExecPrefix="cabra.dinero.StorePanel.java" NvrExecId="L3-0" NvrExecPrefix="cabra.dinero.StorePanel.java" OnceExecutedId="L3-1" OnceExecutedPrefix="cabra.dinero.StorePanel.java" OptBodyExec="true">
<StmntSeq Intrnl_Id="829">
<LocList>
<Loc EndOffset="3962" SrcFileId="8" StartOffset="3894"/>
<Loc EndOffset="4000" SrcFileId="8" StartOffset="3979"/>
</LocList>
<BasicStmnt CovItemId="S37" CovItemPrefix="cabra.dinero.StorePanel.java" Intrnl_Id="830">
<LocList>
<Loc EndOffset="3962" SrcFileId="8" StartOffset="3894"/>
</LocList>
</BasicStmnt>
<BasicStmnt CovItemId="S38" CovItemPrefix="cabra.dinero.StorePanel.java" Intrnl_Id="831">
<LocList>
<Loc EndOffset="4000" SrcFileId="8" StartOffset="3979"/>
</LocList>
</BasicStmnt>
</StmntSeq>
<Keyword EndOffset="3811" SrcFileId="8" StartOffset="3808"/>
<LocList>
<Loc EndOffset="4014" SrcFileId="8" StartOffset="3808"/>
</LocList>
<RootTerm CovItemId="C1" CovItemPrefix="cabra.dinero.StorePanel.java" Intrnl_Id="832">
<BasicBoolTerm Intrnl_Id="833">
<LocList>
<Loc EndOffset="3836" SrcFileId="8" StartOffset="3824"/>
</LocList>
</BasicBoolTerm>
</RootTerm>
</LoopStmnt>
<BasicStmnt CovItemId="S39" CovItemPrefix="cabra.dinero.StorePanel.java" Intrnl_Id="834">
<LocList>
<Loc EndOffset="4045" SrcFileId="8" StartOffset="4027"/>
</LocList>
</BasicStmnt>
<BasicStmnt CovItemId="S40" CovItemPrefix="cabra.dinero.StorePanel.java" Intrnl_Id="835">
<LocList>
<Loc EndOffset="4115" SrcFileId="8" StartOffset="4103"/>
</LocList>
</BasicStmnt>
<BasicStmnt CovItemId="S41" CovItemPrefix="cabra.dinero.StorePanel.java" Intrnl_Id="836">
<LocList>
<Loc EndOffset="4138" SrcFileId="8" StartOffset="4128"/>
</LocList>
</BasicStmnt>
<BasicStmnt CovItemId="S42" CovItemPrefix="cabra.dinero.StorePanel.java" Intrnl_Id="837">
<LocList>
<Loc EndOffset="4225" SrcFileId="8" StartOffset="4151"/>
</LocList>
</BasicStmnt>
<BasicStmnt CovItemId="S43" CovItemPrefix="cabra.dinero.StorePanel.java" Intrnl_Id="838">
<LocList>
<Loc EndOffset="4283" SrcFileId="8" StartOffset="4238"/>
</LocList>
</BasicStmnt>
<BasicStmnt CovItemId="S44" CovItemPrefix="cabra.dinero.StorePanel.java" Intrnl_Id="839">
<LocList>
<Loc EndOffset="4377" SrcFileId="8" StartOffset="4296"/>
</LocList>
</BasicStmnt>
<BasicStmnt CovItemId="S45" CovItemPrefix="cabra.dinero.StorePanel.java" Intrnl_Id="840">
<LocList>
<Loc EndOffset="4447" SrcFileId="8" StartOffset="4428"/>
</LocList>
</BasicStmnt>
<BasicStmnt CovItemId="S46" CovItemPrefix="cabra.dinero.StorePanel.java" Intrnl_Id="841">
<LocList>
<Loc EndOffset="4502" SrcFileId="8" StartOffset="4492"/>
</LocList>
</BasicStmnt>
<BasicStmnt CovItemId="S47" CovItemPrefix="cabra.dinero.StorePanel.java" Intrnl_Id="842">
<LocList>
<Loc EndOffset="4541" SrcFileId="8" StartOffset="4515"/>
</LocList>
</BasicStmnt>
<BasicStmnt CovItemId="S48" CovItemPrefix="cabra.dinero.StorePanel.java" Intrnl_Id="843">
<LocList>
<Loc EndOffset="4610" SrcFileId="8" StartOffset="4554"/>
</LocList>
</BasicStmnt>
<BasicStmnt CovItemId="S49" CovItemPrefix="cabra.dinero.StorePanel.java" Intrnl_Id="844">
<LocList>
<Loc EndOffset="4641" SrcFileId="8" StartOffset="4623"/>
</LocList>
</BasicStmnt>
<BasicStmnt CovItemId="S50" CovItemPrefix="cabra.dinero.StorePanel.java" Intrnl_Id="845">
<LocList>
<Loc EndOffset="4672" SrcFileId="8" StartOffset="4654"/>
</LocList>
</BasicStmnt>
</StmntSeq>
</HierarchyLvl>
<HierarchyLvl HierarchyLvlId="1047" HierarchyLvlTypeId="67" Intrnl_Id="846" Name="updateBuyButton">
<Header>
<Loc EndOffset="4862" SrcFileId="8" StartOffset="4833"/>
</Header>
<LocList>
<Loc EndOffset="5531" SrcFileId="8" StartOffset="4833"/>
</LocList>
<StmntSeq Intrnl_Id="847">
<LocList>
<Loc EndOffset="5521" SrcFileId="8" StartOffset="4877"/>
</LocList>
<CondStmnt CovItemId="S51" CovItemPrefix="cabra.dinero.StorePanel.java" Intrnl_Id="848">
<Branch CovItemId="B1" CovItemPrefix="cabra.dinero.StorePanel.java" Implct="false" Intrnl_Id="849">
<Cond/>
<LocList>
<Loc EndOffset="5192" SrcFileId="8" StartOffset="4920"/>
</LocList>
<StmntSeq Intrnl_Id="850">
<LocList>
<Loc EndOffset="5033" SrcFileId="8" StartOffset="5003"/>
<Loc EndOffset="5115" SrcFileId="8" StartOffset="5050"/>
<Loc EndOffset="5178" SrcFileId="8" StartOffset="5132"/>
</LocList>
<BasicStmnt CovItemId="S52" CovItemPrefix="cabra.dinero.StorePanel.java" Intrnl_Id="851">
<LocList>
<Loc EndOffset="5033" SrcFileId="8" StartOffset="5003"/>
</LocList>
</BasicStmnt>
<BasicStmnt CovItemId="S53" CovItemPrefix="cabra.dinero.StorePanel.java" Intrnl_Id="852">
<LocList>
<Loc EndOffset="5115" SrcFileId="8" StartOffset="5050"/>
</LocList>
</BasicStmnt>
<BasicStmnt CovItemId="S54" CovItemPrefix="cabra.dinero.StorePanel.java" Intrnl_Id="853">
<LocList>
<Loc EndOffset="5178" SrcFileId="8" StartOffset="5132"/>
</LocList>
</BasicStmnt>
</StmntSeq>
</Branch>
<Branch CovItemId="B2" CovItemPrefix="cabra.dinero.StorePanel.java" Implct="false" Intrnl_Id="854">
<Cond>
<Loc EndOffset="5197" SrcFileId="8" StartOffset="5193"/>
</Cond>
<LocList>
<Loc EndOffset="5521" SrcFileId="8" StartOffset="5198"/>
</LocList>
<StmntSeq Intrnl_Id="855">
<LocList>
<Loc EndOffset="5297" SrcFileId="8" StartOffset="5263"/>
<Loc EndOffset="5414" SrcFileId="8" StartOffset="5390"/>
<Loc EndOffset="5462" SrcFileId="8" StartOffset="5431"/>
<Loc EndOffset="5507" SrcFileId="8" StartOffset="5479"/>
</LocList>
<BasicStmnt CovItemId="S55" CovItemPrefix="cabra.dinero.StorePanel.java" Intrnl_Id="856">
<LocList>
<Loc EndOffset="5297" SrcFileId="8" StartOffset="5263"/>
</LocList>
</BasicStmnt>
<BasicStmnt CovItemId="S56" CovItemPrefix="cabra.dinero.StorePanel.java" Intrnl_Id="857">
<LocList>
<Loc EndOffset="5414" SrcFileId="8" StartOffset="5390"/>
</LocList>
</BasicStmnt>
<BasicStmnt CovItemId="S57" CovItemPrefix="cabra.dinero.StorePanel.java" Intrnl_Id="858">
<LocList>
<Loc EndOffset="5462" SrcFileId="8" StartOffset="5431"/>
</LocList>
</BasicStmnt>
<BasicStmnt CovItemId="S58" CovItemPrefix="cabra.dinero.StorePanel.java" Intrnl_Id="859">
<LocList>
<Loc EndOffset="5507" SrcFileId="8" StartOffset="5479"/>
</LocList>
</BasicStmnt>
</StmntSeq>
</Branch>
<Keyword EndOffset="4879" SrcFileId="8" StartOffset="4877"/>
<LocList>
<Loc EndOffset="5521" SrcFileId="8" StartOffset="4877"/>
</LocList>
<RootTerm CovItemId="C2" CovItemPrefix="cabra.dinero.StorePanel.java" Intrnl_Id="860">
<BasicBoolTerm Intrnl_Id="861">
<LocList>
<Loc EndOffset="4918" SrcFileId="8" StartOffset="4881"/>
</LocList>
</BasicBoolTerm>
</RootTerm>
</CondStmnt>
</StmntSeq>
</HierarchyLvl>
<HierarchyLvl HierarchyLvlId="1050" HierarchyLvlTypeId="66" Intrnl_Id="862" Name="BuyListener">
<Header>
<Loc EndOffset="5592" SrcFileId="8" StartOffset="5541"/>
</Header>
<LocList>
<Loc EndOffset="6684" SrcFileId="8" StartOffset="5541"/>
</LocList>
<HierarchyLvl HierarchyLvlId="1048" HierarchyLvlTypeId="67" Intrnl_Id="863" Name="BuyListener">
<Header>
<Loc EndOffset="5689" SrcFileId="8" StartOffset="5650"/>
</Header>
<LocList>
<Loc EndOffset="5749" SrcFileId="8" StartOffset="5650"/>
</LocList>
<StmntSeq Intrnl_Id="864">
<LocList>
<Loc EndOffset="5735" SrcFileId="8" StartOffset="5708"/>
</LocList>
<BasicStmnt CovItemId="S59" CovItemPrefix="cabra.dinero.StorePanel.java" Intrnl_Id="865">
<LocList>
<Loc EndOffset="5735" SrcFileId="8" StartOffset="5708"/>
</LocList>
</BasicStmnt>
</StmntSeq>
</HierarchyLvl>
<HierarchyLvl HierarchyLvlId="1049" HierarchyLvlTypeId="67" Intrnl_Id="866" Name="actionPerformed">
<Header>
<Loc EndOffset="5805" SrcFileId="8" StartOffset="5763"/>
</Header>
<LocList>
<Loc EndOffset="6674" SrcFileId="8" StartOffset="5763"/>
</LocList>
<StmntSeq Intrnl_Id="867">
<LocList>
<Loc EndOffset="5970" SrcFileId="8" StartOffset="5857"/>
<Loc EndOffset="6660" SrcFileId="8" StartOffset="5987"/>
</LocList>
<BasicStmnt CovItemId="S60" CovItemPrefix="cabra.dinero.StorePanel.java" Intrnl_Id="868">
<LocList>
<Loc EndOffset="5970" SrcFileId="8" StartOffset="5857"/>
</LocList>
</BasicStmnt>
<CondStmnt CovItemId="S61" CovItemPrefix="cabra.dinero.StorePanel.java" Intrnl_Id="869">
<Branch CovItemId="B3" CovItemPrefix="cabra.dinero.StorePanel.java" Implct="false" Intrnl_Id="870">
<Cond/>
<LocList>
<Loc EndOffset="6660" SrcFileId="8" StartOffset="6032"/>
</LocList>
<StmntSeq Intrnl_Id="871">
<LocList>
<Loc EndOffset="6195" SrcFileId="8" StartOffset="6151"/>
<Loc EndOffset="6480" SrcFileId="8" StartOffset="6253"/>
<Loc EndOffset="6525" SrcFileId="8" StartOffset="6501"/>
<Loc EndOffset="6642" SrcFileId="8" StartOffset="6600"/>
</LocList>
<BasicStmnt CovItemId="S62" CovItemPrefix="cabra.dinero.StorePanel.java" Intrnl_Id="872">
<LocList>
<Loc EndOffset="6195" SrcFileId="8" StartOffset="6151"/>
</LocList>
</BasicStmnt>
<BasicStmnt CovItemId="S63" CovItemPrefix="cabra.dinero.StorePanel.java" Intrnl_Id="873">
<LocList>
<Loc EndOffset="6480" SrcFileId="8" StartOffset="6253"/>
</LocList>
</BasicStmnt>
<BasicStmnt CovItemId="S64" CovItemPrefix="cabra.dinero.StorePanel.java" Intrnl_Id="874">
<LocList>
<Loc EndOffset="6525" SrcFileId="8" StartOffset="6501"/>
</LocList>
</BasicStmnt>
<BasicStmnt CovItemId="S65" CovItemPrefix="cabra.dinero.StorePanel.java" Intrnl_Id="875">
<LocList>
<Loc EndOffset="6642" SrcFileId="8" StartOffset="6600"/>
</LocList>
</BasicStmnt>
</StmntSeq>
</Branch>
<Branch CovItemId="B4" CovItemPrefix="cabra.dinero.StorePanel.java" Implct="true" Intrnl_Id="876">
<Cond/>
<LocList/>
<StmntSeq Intrnl_Id="877">
<LocList/>
</StmntSeq>
</Branch>
<Keyword EndOffset="5989" SrcFileId="8" StartOffset="5987"/>
<LocList>
<Loc EndOffset="6660" SrcFileId="8" StartOffset="5987"/>
</LocList>
<RootTerm CovItemId="C3" CovItemPrefix="cabra.dinero.StorePanel.java" Intrnl_Id="878">
<BasicBoolTerm Intrnl_Id="879">
<LocList>
<Loc EndOffset="6030" SrcFileId="8" StartOffset="5991"/>
</LocList>
</BasicBoolTerm>
</RootTerm>
</CondStmnt>
</StmntSeq>
</HierarchyLvl>
</HierarchyLvl>
<HierarchyLvl HierarchyLvlId="1052" HierarchyLvlTypeId="66" Intrnl_Id="880" Name="PackOpenPanel">
<Header>
<Loc EndOffset="6854" SrcFileId="8" StartOffset="6812"/>
</Header>
<LocList>
<Loc EndOffset="8166" SrcFileId="8" StartOffset="6812"/>
</LocList>
<HierarchyLvl HierarchyLvlId="1051" HierarchyLvlTypeId="67" Intrnl_Id="881" Name="PackOpenPanel">
<Header>
<Loc EndOffset="7223" SrcFileId="8" StartOffset="7182"/>
</Header>
<LocList>
<Loc EndOffset="8156" SrcFileId="8" StartOffset="7182"/>
</LocList>
<StmntSeq Intrnl_Id="882">
<LocList>
<Loc EndOffset="7269" SrcFileId="8" StartOffset="7242"/>
<Loc EndOffset="7395" SrcFileId="8" StartOffset="7364"/>
<Loc EndOffset="7460" SrcFileId="8" StartOffset="7412"/>
<Loc EndOffset="7535" SrcFileId="8" StartOffset="7477"/>
<Loc EndOffset="7571" SrcFileId="8" StartOffset="7552"/>
<Loc EndOffset="7607" SrcFileId="8" StartOffset="7588"/>
<Loc EndOffset="8142" SrcFileId="8" StartOffset="7979"/>
</LocList>
<BasicStmnt CovItemId="S66" CovItemPrefix="cabra.dinero.StorePanel.java" Intrnl_Id="883">
<LocList>
<Loc EndOffset="7269" SrcFileId="8" StartOffset="7242"/>
</LocList>
</BasicStmnt>
<BasicStmnt CovItemId="S67" CovItemPrefix="cabra.dinero.StorePanel.java" Intrnl_Id="884">
<LocList>
<Loc EndOffset="7395" SrcFileId="8" StartOffset="7364"/>
</LocList>
</BasicStmnt>
<BasicStmnt CovItemId="S68" CovItemPrefix="cabra.dinero.StorePanel.java" Intrnl_Id="885">
<LocList>
<Loc EndOffset="7460" SrcFileId="8" StartOffset="7412"/>
</LocList>
</BasicStmnt>
<BasicStmnt CovItemId="S69" CovItemPrefix="cabra.dinero.StorePanel.java" Intrnl_Id="886">
<LocList>
<Loc EndOffset="7535" SrcFileId="8" StartOffset="7477"/>
</LocList>
</BasicStmnt>
<BasicStmnt CovItemId="S70" CovItemPrefix="cabra.dinero.StorePanel.java" Intrnl_Id="887">
<LocList>
<Loc EndOffset="7571" SrcFileId="8" StartOffset="7552"/>
</LocList>
</BasicStmnt>
<BasicStmnt CovItemId="S71" CovItemPrefix="cabra.dinero.StorePanel.java" Intrnl_Id="888">
<LocList>
<Loc EndOffset="7607" SrcFileId="8" StartOffset="7588"/>
</LocList>
</BasicStmnt>
<LoopStmnt CovItemId="S72" CovItemPrefix="cabra.dinero.StorePanel.java" Intrnl_Id="889" MltplExecId="L4-2" MltplExecPrefix="cabra.dinero.StorePanel.java" NvrExecId="L4-0" NvrExecPrefix="cabra.dinero.StorePanel.java" OnceExecutedId="L4-1" OnceExecutedPrefix="cabra.dinero.StorePanel.java" OptBodyExec="true">
<StmntSeq Intrnl_Id="890">
<LocList>
<Loc EndOffset="8089" SrcFileId="8" StartOffset="8048"/>
<Loc EndOffset="8124" SrcFileId="8" StartOffset="8110"/>
</LocList>
<BasicStmnt CovItemId="S73" CovItemPrefix="cabra.dinero.StorePanel.java" Intrnl_Id="891">
<LocList>
<Loc EndOffset="8089" SrcFileId="8" StartOffset="8048"/>
</LocList>
</BasicStmnt>
<BasicStmnt CovItemId="S74" CovItemPrefix="cabra.dinero.StorePanel.java" Intrnl_Id="892">
<LocList>
<Loc EndOffset="8124" SrcFileId="8" StartOffset="8110"/>
</LocList>
</BasicStmnt>
</StmntSeq>
<Keyword EndOffset="7982" SrcFileId="8" StartOffset="7979"/>
<LocList>
<Loc EndOffset="8142" SrcFileId="8" StartOffset="7979"/>
</LocList>
</LoopStmnt>
</StmntSeq>
</HierarchyLvl>
</HierarchyLvl>
</HierarchyLvl>
</HierarchyLvl>
<HierarchyLvl HierarchyLvlId="1057" HierarchyLvlTypeId="66" Intrnl_Id="893" Name="PrizePanel">
<Header>
<Loc EndOffset="187" SrcFileId="9" StartOffset="149"/>
</Header>
<LocList>
<Loc EndOffset="1738" SrcFileId="9" StartOffset="149"/>
</LocList>
<StmntSeq Intrnl_Id="894">
<LocList>
<Loc EndOffset="344" SrcFileId="9" StartOffset="251"/>
<Loc EndOffset="393" SrcFileId="9" StartOffset="349"/>
</LocList>
<BasicStmnt CovItemId="S1" CovItemPrefix="cabra.dinero.PrizePanel.java" Intrnl_Id="895">
<LocList>
<Loc EndOffset="344" SrcFileId="9" StartOffset="251"/>
</LocList>
</BasicStmnt>
<BasicStmnt CovItemId="S2" CovItemPrefix="cabra.dinero.PrizePanel.java" Intrnl_Id="896">
<LocList>
<Loc EndOffset="393" SrcFileId="9" StartOffset="349"/>
</LocList>
</BasicStmnt>
</StmntSeq>
<HierarchyLvl HierarchyLvlId="1055" HierarchyLvlTypeId="67" Intrnl_Id="897" Name="PrizePanel">
<Header>
<Loc EndOffset="608" SrcFileId="9" StartOffset="578"/>
</Header>
<LocList>
<Loc EndOffset="1438" SrcFileId="9" StartOffset="578"/>
</LocList>
<StmntSeq Intrnl_Id="898">
<LocList>
<Loc EndOffset="651" SrcFileId="9" StartOffset="619"/>
<Loc EndOffset="1432" SrcFileId="9" StartOffset="725"/>
</LocList>
<BasicStmnt CovItemId="S3" CovItemPrefix="cabra.dinero.PrizePanel.java" Intrnl_Id="899">
<LocList>
<Loc EndOffset="651" SrcFileId="9" StartOffset="619"/>
</LocList>
</BasicStmnt>
<CondStmnt CovItemId="S4" CovItemPrefix="cabra.dinero.PrizePanel.java" Intrnl_Id="900">
<Branch CovItemId="B1" CovItemPrefix="cabra.dinero.PrizePanel.java" Implct="false" Intrnl_Id="901">
<Cond/>
<LocList>
<Loc EndOffset="1028" SrcFileId="9" StartOffset="744"/>
</LocList>
<StmntSeq Intrnl_Id="902">
<LocList>
<Loc EndOffset="881" SrcFileId="9" StartOffset="816"/>
<Loc EndOffset="932" SrcFileId="9" StartOffset="894"/>
<Loc EndOffset="989" SrcFileId="9" StartOffset="945"/>
<Loc EndOffset="1018" SrcFileId="9" StartOffset="1002"/>
</LocList>
<BasicStmnt CovItemId="S5" CovItemPrefix="cabra.dinero.PrizePanel.java" Intrnl_Id="903">
<LocList>
<Loc EndOffset="881" SrcFileId="9" StartOffset="816"/>
</LocList>
</BasicStmnt>
<BasicStmnt CovItemId="S6" CovItemPrefix="cabra.dinero.PrizePanel.java" Intrnl_Id="904">
<LocList>
<Loc EndOffset="932" SrcFileId="9" StartOffset="894"/>
</LocList>
</BasicStmnt>
<BasicStmnt CovItemId="S7" CovItemPrefix="cabra.dinero.PrizePanel.java" Intrnl_Id="905">
<LocList>
<Loc EndOffset="989" SrcFileId="9" StartOffset="945"/>
</LocList>
</BasicStmnt>
<BasicStmnt CovItemId="S8" CovItemPrefix="cabra.dinero.PrizePanel.java" Intrnl_Id="906">
<LocList>
<Loc EndOffset="1018" SrcFileId="9" StartOffset="1002"/>
</LocList>
</BasicStmnt>
</StmntSeq>
</Branch>
<Branch CovItemId="B2" CovItemPrefix="cabra.dinero.PrizePanel.java" Implct="false" Intrnl_Id="907">
<Cond>
<Loc EndOffset="1033" SrcFileId="9" StartOffset="1029"/>
</Cond>
<LocList>
<Loc EndOffset="1432" SrcFileId="9" StartOffset="1034"/>
</LocList>
<StmntSeq Intrnl_Id="908">
<LocList>
<Loc EndOffset="1123" SrcFileId="9" StartOffset="1093"/>
<Loc EndOffset="1174" SrcFileId="9" StartOffset="1136"/>
<Loc EndOffset="1277" SrcFileId="9" StartOffset="1187"/>
<Loc EndOffset="1306" SrcFileId="9" StartOffset="1290"/>
<Loc EndOffset="1422" SrcFileId="9" StartOffset="1375"/>
</LocList>
<BasicStmnt CovItemId="S9" CovItemPrefix="cabra.dinero.PrizePanel.java" Intrnl_Id="909">
<LocList>
<Loc EndOffset="1123" SrcFileId="9" StartOffset="1093"/>
</LocList>
</BasicStmnt>
<BasicStmnt CovItemId="S10" CovItemPrefix="cabra.dinero.PrizePanel.java" Intrnl_Id="910">
<LocList>
<Loc EndOffset="1174" SrcFileId="9" StartOffset="1136"/>
</LocList>
</BasicStmnt>
<BasicStmnt CovItemId="S11" CovItemPrefix="cabra.dinero.PrizePanel.java" Intrnl_Id="911">
<LocList>
<Loc EndOffset="1277" SrcFileId="9" StartOffset="1187"/>
</LocList>
</BasicStmnt>
<BasicStmnt CovItemId="S12" CovItemPrefix="cabra.dinero.PrizePanel.java" Intrnl_Id="912">
<LocList>
<Loc EndOffset="1306" SrcFileId="9" StartOffset="1290"/>
</LocList>
</BasicStmnt>
<BasicStmnt CovItemId="S13" CovItemPrefix="cabra.dinero.PrizePanel.java" Intrnl_Id="913">
<LocList>
<Loc EndOffset="1422" SrcFileId="9" StartOffset="1375"/>
</LocList>
</BasicStmnt>
</StmntSeq>
</Branch>
<Keyword EndOffset="727" SrcFileId="9" StartOffset="725"/>
<LocList>
<Loc EndOffset="1432" SrcFileId="9" StartOffset="725"/>
</LocList>
<RootTerm CovItemId="C1" CovItemPrefix="cabra.dinero.PrizePanel.java" Intrnl_Id="914">
<BasicBoolTerm Intrnl_Id="915">
<LocList>
<Loc EndOffset="742" SrcFileId="9" StartOffset="729"/>
</LocList>
</BasicBoolTerm>
</RootTerm>
</CondStmnt>
</StmntSeq>
</HierarchyLvl>
<HierarchyLvl HierarchyLvlId="1056" HierarchyLvlTypeId="67" Intrnl_Id="916" Name="paintComponent">
<Header>
<Loc EndOffset="1482" SrcFileId="9" StartOffset="1444"/>
</Header>
<LocList>
<Loc EndOffset="1736" SrcFileId="9" StartOffset="1444"/>
</LocList>
<StmntSeq Intrnl_Id="917">
<LocList>
<Loc EndOffset="1730" SrcFileId="9" StartOffset="1493"/>
</LocList>
<CondStmnt CovItemId="S14" CovItemPrefix="cabra.dinero.PrizePanel.java" Intrnl_Id="918">
<Branch CovItemId="B3" CovItemPrefix="cabra.dinero.PrizePanel.java" Implct="false" Intrnl_Id="919">
<Cond/>
<LocList>
<Loc EndOffset="1730" SrcFileId="9" StartOffset="1514"/>
</LocList>
<StmntSeq Intrnl_Id="920">
<LocList>
<Loc EndOffset="1630" SrcFileId="9" StartOffset="1610"/>
<Loc EndOffset="1720" SrcFileId="9" StartOffset="1643"/>
</LocList>
<BasicStmnt CovItemId="S15" CovItemPrefix="cabra.dinero.PrizePanel.java" Intrnl_Id="921">
<LocList>
<Loc EndOffset="1630" SrcFileId="9" StartOffset="1610"/>
</LocList>
</BasicStmnt>
<BasicStmnt CovItemId="S16" CovItemPrefix="cabra.dinero.PrizePanel.java" Intrnl_Id="922">
<LocList>
<Loc EndOffset="1720" SrcFileId="9" StartOffset="1643"/>
</LocList>
</BasicStmnt>
</StmntSeq>
</Branch>
<Branch CovItemId="B4" CovItemPrefix="cabra.dinero.PrizePanel.java" Implct="true" Intrnl_Id="923">
<Cond/>
<LocList/>
<StmntSeq Intrnl_Id="924">
<LocList/>
</StmntSeq>
</Branch>
<Keyword EndOffset="1495" SrcFileId="9" StartOffset="1493"/>
<LocList>
<Loc EndOffset="1730" SrcFileId="9" StartOffset="1493"/>
</LocList>
<RootTerm CovItemId="C2" CovItemPrefix="cabra.dinero.PrizePanel.java" Intrnl_Id="925">
<BasicBoolTerm Intrnl_Id="926">
<LocList>
<Loc EndOffset="1512" SrcFileId="9" StartOffset="1497"/>
</LocList>
</BasicBoolTerm>
</RootTerm>
</CondStmnt>
</StmntSeq>
</HierarchyLvl>
</HierarchyLvl>
<HierarchyLvl HierarchyLvlId="1066" HierarchyLvlTypeId="66" Intrnl_Id="927" Name="PrizePack">
<Header>
<Loc EndOffset="293" SrcFileId="10" StartOffset="271"/>
</Header>
<LocList>
<Loc EndOffset="3367" SrcFileId="10" StartOffset="271"/>
</LocList>
<StmntSeq Intrnl_Id="928">
<LocList>
<Loc EndOffset="343" SrcFileId="10" StartOffset="298"/>
<Loc EndOffset="393" SrcFileId="10" StartOffset="347"/>
<Loc EndOffset="984" SrcFileId="10" StartOffset="542"/>
</LocList>
<BasicStmnt CovItemId="S1" CovItemPrefix="cabra.dinero.PrizePack.java" Intrnl_Id="929">
<LocList>
<Loc EndOffset="343" SrcFileId="10" StartOffset="298"/>
</LocList>
</BasicStmnt>
<BasicStmnt CovItemId="S2" CovItemPrefix="cabra.dinero.PrizePack.java" Intrnl_Id="930">
<LocList>
<Loc EndOffset="393" SrcFileId="10" StartOffset="347"/>
</LocList>
</BasicStmnt>
<BasicStmnt CovItemId="S3" CovItemPrefix="cabra.dinero.PrizePack.java" Intrnl_Id="931">
<LocList>
<Loc EndOffset="984" SrcFileId="10" StartOffset="542"/>
</LocList>
</BasicStmnt>
</StmntSeq>
<HierarchyLvl HierarchyLvlId="1058" HierarchyLvlTypeId="67" Intrnl_Id="932" Name="PrizePack">
<Header>
<Loc EndOffset="1297" SrcFileId="10" StartOffset="1258"/>
</Header>
<LocList>
<Loc EndOffset="1353" SrcFileId="10" StartOffset="1258"/>
</LocList>
<StmntSeq Intrnl_Id="933">
<LocList>
<Loc EndOffset="1325" SrcFileId="10" StartOffset="1304"/>
<Loc EndOffset="1348" SrcFileId="10" StartOffset="1331"/>
</LocList>
<BasicStmnt CovItemId="S4" CovItemPrefix="cabra.dinero.PrizePack.java" Intrnl_Id="934">
<LocList>
<Loc EndOffset="1325" SrcFileId="10" StartOffset="1304"/>
</LocList>
</BasicStmnt>
<BasicStmnt CovItemId="S5" CovItemPrefix="cabra.dinero.PrizePack.java" Intrnl_Id="935">
<LocList>
<Loc EndOffset="1348" SrcFileId="10" StartOffset="1331"/>
</LocList>
</BasicStmnt>
</StmntSeq>
</HierarchyLvl>
<HierarchyLvl HierarchyLvlId="1059" HierarchyLvlTypeId="67" Intrnl_Id="936" Name="getRarity">
<Header>
<Loc EndOffset="1383" SrcFileId="10" StartOffset="1361"/>
</Header>
<LocList>
<Loc EndOffset="1401" SrcFileId="10" StartOffset="1361"/>
</LocList>
<StmntSeq Intrnl_Id="937">
<LocList>
<Loc EndOffset="1399" SrcFileId="10" StartOffset="1385"/>
</LocList>
<BasicStmnt CovItemId="S6" CovItemPrefix="cabra.dinero.PrizePack.java" Intrnl_Id="938">
<LocList>
<Loc EndOffset="1399" SrcFileId="10" StartOffset="1385"/>
</LocList>
</BasicStmnt>
</StmntSeq>
</HierarchyLvl>
<HierarchyLvl HierarchyLvlId="1060" HierarchyLvlTypeId="67" Intrnl_Id="939" Name="getCost">
<Header>
<Loc EndOffset="1425" SrcFileId="10" StartOffset="1405"/>
</Header>
<LocList>
<Loc EndOffset="1441" SrcFileId="10" StartOffset="1405"/>
</LocList>
<StmntSeq Intrnl_Id="940">
<LocList>
<Loc EndOffset="1439" SrcFileId="10" StartOffset="1427"/>
</LocList>
<BasicStmnt CovItemId="S7" CovItemPrefix="cabra.dinero.PrizePack.java" Intrnl_Id="941">
<LocList>
<Loc EndOffset="1439" SrcFileId="10" StartOffset="1427"/>
</LocList>
</BasicStmnt>
</StmntSeq>
</HierarchyLvl>
<HierarchyLvl HierarchyLvlId="1061" HierarchyLvlTypeId="67" Intrnl_Id="942" Name="retrievePrizes">
<Header>
<Loc EndOffset="1575" SrcFileId="10" StartOffset="1544"/>
</Header>
<LocList>
<Loc EndOffset="1815" SrcFileId="10" StartOffset="1544"/>
</LocList>
<StmntSeq Intrnl_Id="943">
<LocList>
<Loc EndOffset="1626" SrcFileId="10" StartOffset="1582"/>
<Loc EndOffset="1784" SrcFileId="10" StartOffset="1666"/>
<Loc EndOffset="1810" SrcFileId="10" StartOffset="1796"/>
</LocList>
<BasicStmnt CovItemId="S8" CovItemPrefix="cabra.dinero.PrizePack.java" Intrnl_Id="944">
<LocList>
<Loc EndOffset="1626" SrcFileId="10" StartOffset="1582"/>
</LocList>
</BasicStmnt>
<LoopStmnt CovItemId="S9" CovItemPrefix="cabra.dinero.PrizePack.java" Intrnl_Id="945" MltplExecId="L1-2" MltplExecPrefix="cabra.dinero.PrizePack.java" NvrExecId="L1-0" NvrExecPrefix="cabra.dinero.PrizePack.java" OnceExecutedId="L1-1" OnceExecutedPrefix="cabra.dinero.PrizePack.java" OptBodyExec="true">
<StmntSeq Intrnl_Id="946">
<LocList>
<Loc EndOffset="1777" SrcFileId="10" StartOffset="1711"/>
</LocList>
<BasicStmnt CovItemId="S10" CovItemPrefix="cabra.dinero.PrizePack.java" Intrnl_Id="947">
<LocList>
<Loc EndOffset="1777" SrcFileId="10" StartOffset="1711"/>
</LocList>
</BasicStmnt>
</StmntSeq>
<Keyword EndOffset="1669" SrcFileId="10" StartOffset="1666"/>
<LocList>
<Loc EndOffset="1784" SrcFileId="10" StartOffset="1666"/>
</LocList>
<RootTerm CovItemId="C1" CovItemPrefix="cabra.dinero.PrizePack.java" Intrnl_Id="948">
<BasicBoolTerm Intrnl_Id="949">
<LocList>
<Loc EndOffset="1696" SrcFileId="10" StartOffset="1679"/>
</LocList>
</BasicBoolTerm>
</RootTerm>
</LoopStmnt>
<BasicStmnt CovItemId="S11" CovItemPrefix="cabra.dinero.PrizePack.java" Intrnl_Id="950">
<LocList>
<Loc EndOffset="1810" SrcFileId="10" StartOffset="1796"/>
</LocList>
</BasicStmnt>
</StmntSeq>
</HierarchyLvl>
<HierarchyLvl HierarchyLvlId="1062" HierarchyLvlTypeId="67" Intrnl_Id="951" Name="getStars">
<Header>
<Loc EndOffset="2205" SrcFileId="10" StartOffset="2172"/>
</Header>
<LocList>
<Loc EndOffset="2663" SrcFileId="10" StartOffset="2172"/>
</LocList>
<StmntSeq Intrnl_Id="952">
<LocList>
<Loc EndOffset="2318" SrcFileId="10" StartOffset="2274"/>
<Loc EndOffset="2512" SrcFileId="10" StartOffset="2453"/>
<Loc EndOffset="2609" SrcFileId="10" StartOffset="2571"/>
<Loc EndOffset="2639" SrcFileId="10" StartOffset="2615"/>
<Loc EndOffset="2658" SrcFileId="10" StartOffset="2645"/>
</LocList>
<BasicStmnt CovItemId="S12" CovItemPrefix="cabra.dinero.PrizePack.java" Intrnl_Id="953">
<LocList>
<Loc EndOffset="2318" SrcFileId="10" StartOffset="2274"/>
</LocList>
</BasicStmnt>
<BasicStmnt CovItemId="S13" CovItemPrefix="cabra.dinero.PrizePack.java" Intrnl_Id="954">
<LocList>
<Loc EndOffset="2512" SrcFileId="10" StartOffset="2453"/>
</LocList>
</BasicStmnt>
<BasicStmnt CovItemId="S14" CovItemPrefix="cabra.dinero.PrizePack.java" Intrnl_Id="955">
<LocList>
<Loc EndOffset="2609" SrcFileId="10" StartOffset="2571"/>
</LocList>
</BasicStmnt>
<CondStmnt CovItemId="S15" CovItemPrefix="cabra.dinero.PrizePack.java" Intrnl_Id="956">
<Branch CovItemId="B1" CovItemPrefix="cabra.dinero.PrizePack.java" Implct="false" Intrnl_Id="957">
<Cond/>
<LocList>
<Loc EndOffset="2639" SrcFileId="10" StartOffset="2629"/>
</LocList>
<StmntSeq Intrnl_Id="958">
<LocList>
<Loc EndOffset="2639" SrcFileId="10" StartOffset="2629"/>
</LocList>
<BasicStmnt CovItemId="S16" CovItemPrefix="cabra.dinero.PrizePack.java" Intrnl_Id="959">
<LocList>
<Loc EndOffset="2639" SrcFileId="10" StartOffset="2629"/>
</LocList>
</BasicStmnt>
</StmntSeq>
</Branch>
<Branch CovItemId="B2" CovItemPrefix="cabra.dinero.PrizePack.java" Implct="true" Intrnl_Id="960">
<Cond/>
<LocList/>
<StmntSeq Intrnl_Id="961">
<LocList/>
</StmntSeq>
</Branch>
<Keyword EndOffset="2617" SrcFileId="10" StartOffset="2615"/>
<LocList>
<Loc EndOffset="2639" SrcFileId="10" StartOffset="2615"/>
</LocList>
<RootTerm CovItemId="C2" CovItemPrefix="cabra.dinero.PrizePack.java" Intrnl_Id="962">
<BasicBoolTerm Intrnl_Id="963">
<LocList>
<Loc EndOffset="2627" SrcFileId="10" StartOffset="2618"/>
</LocList>
</BasicBoolTerm>
</RootTerm>
</CondStmnt>
<BasicStmnt CovItemId="S17" CovItemPrefix="cabra.dinero.PrizePack.java" Intrnl_Id="964">
<LocList>
<Loc EndOffset="2658" SrcFileId="10" StartOffset="2645"/>
</LocList>
</BasicStmnt>
</StmntSeq>
</HierarchyLvl>
<HierarchyLvl HierarchyLvlId="1063" HierarchyLvlTypeId="67" Intrnl_Id="965" Name="canUserAfford">
<Header>
<Loc EndOffset="2895" SrcFileId="10" StartOffset="2855"/>
</Header>
<LocList>
<Loc EndOffset="2929" SrcFileId="10" StartOffset="2855"/>
</LocList>
<StmntSeq Intrnl_Id="966">
<LocList>
<Loc EndOffset="2924" SrcFileId="10" StartOffset="2902"/>
</LocList>
<BasicStmnt CovItemId="S18" CovItemPrefix="cabra.dinero.PrizePack.java" Intrnl_Id="967">
<LocList>
<Loc EndOffset="2924" SrcFileId="10" StartOffset="2902"/>
</LocList>
</BasicStmnt>
</StmntSeq>
</HierarchyLvl>
<HierarchyLvl HierarchyLvlId="1064" HierarchyLvlTypeId="67" Intrnl_Id="968" Name="getAllPrizePacks">
<Header>
<Loc EndOffset="3057" SrcFileId="10" StartOffset="3004"/>
</Header>
<LocList>
<Loc EndOffset="3190" SrcFileId="10" StartOffset="3004"/>
</LocList>
<StmntSeq Intrnl_Id="969">
<LocList>
<Loc EndOffset="3120" SrcFileId="10" StartOffset="3064"/>
<Loc EndOffset="3166" SrcFileId="10" StartOffset="3126"/>
<Loc EndOffset="3185" SrcFileId="10" StartOffset="3172"/>
</LocList>
<BasicStmnt CovItemId="S19" CovItemPrefix="cabra.dinero.PrizePack.java" Intrnl_Id="970">
<LocList>
<Loc EndOffset="3120" SrcFileId="10" StartOffset="3064"/>
</LocList>
</BasicStmnt>
<BasicStmnt CovItemId="S20" CovItemPrefix="cabra.dinero.PrizePack.java" Intrnl_Id="971">
<LocList>
<Loc EndOffset="3166" SrcFileId="10" StartOffset="3126"/>
</LocList>
</BasicStmnt>
<BasicStmnt CovItemId="S21" CovItemPrefix="cabra.dinero.PrizePack.java" Intrnl_Id="972">
<LocList>
<Loc EndOffset="3185" SrcFileId="10" StartOffset="3172"/>
</LocList>
</BasicStmnt>
</StmntSeq>
</HierarchyLvl>
<HierarchyLvl HierarchyLvlId="1065" HierarchyLvlTypeId="67" Intrnl_Id="973" Name="getRarestPack">
<Header>
<Loc EndOffset="3238" SrcFileId="10" StartOffset="3198"/>
</Header>
<LocList>
<Loc EndOffset="3364" SrcFileId="10" StartOffset="3198"/>
</LocList>
<StmntSeq Intrnl_Id="974">
<LocList>
<Loc EndOffset="3359" SrcFileId="10" StartOffset="3318"/>
</LocList>
<BasicStmnt CovItemId="S22" CovItemPrefix="cabra.dinero.PrizePack.java" Intrnl_Id="975">
<LocList>
<Loc EndOffset="3359" SrcFileId="10" StartOffset="3318"/>
</LocList>
</BasicStmnt>
</StmntSeq>
</HierarchyLvl>
</HierarchyLvl>
<HierarchyLvl HierarchyLvlId="1085" HierarchyLvlTypeId="63" Intrnl_Id="976" Name="Prize">
<Header>
<Loc EndOffset="245" SrcFileId="11" StartOffset="228"/>
</Header>
<LocList>
<Loc EndOffset="4038" SrcFileId="11" StartOffset="228"/>
<Loc EndOffset="5837" SrcFileId="11" StartOffset="5835"/>
</LocList>
<HierarchyLvl HierarchyLvlId="1067" HierarchyLvlTypeId="67" Intrnl_Id="977" Name="Prize">
<Header>
<Loc EndOffset="1131" SrcFileId="11" StartOffset="1084"/>
</Header>
<LocList>
<Loc EndOffset="1223" SrcFileId="11" StartOffset="1084"/>
</LocList>
<StmntSeq Intrnl_Id="978">
<LocList>
<Loc EndOffset="1159" SrcFileId="11" StartOffset="1142"/>
<Loc EndOffset="1189" SrcFileId="11" StartOffset="1168"/>
<Loc EndOffset="1217" SrcFileId="11" StartOffset="1198"/>
</LocList>
<BasicStmnt CovItemId="S1" CovItemPrefix="cabra.dinero.Prize.java" Intrnl_Id="979">
<LocList>
<Loc EndOffset="1159" SrcFileId="11" StartOffset="1142"/>
</LocList>
</BasicStmnt>
<BasicStmnt CovItemId="S2" CovItemPrefix="cabra.dinero.Prize.java" Intrnl_Id="980">
<LocList>
<Loc EndOffset="1189" SrcFileId="11" StartOffset="1168"/>
</LocList>
</BasicStmnt>
<BasicStmnt CovItemId="S3" CovItemPrefix="cabra.dinero.Prize.java" Intrnl_Id="981">
<LocList>
<Loc EndOffset="1217" SrcFileId="11" StartOffset="1198"/>
</LocList>
</BasicStmnt>
</StmntSeq>
</HierarchyLvl>
<HierarchyLvl HierarchyLvlId="1068" HierarchyLvlTypeId="67" Intrnl_Id="982" Name="Prize">
<Header>
<Loc EndOffset="1485" SrcFileId="11" StartOffset="1438"/>
</Header>
<LocList>
<Loc EndOffset="1561" SrcFileId="11" StartOffset="1438"/>
</LocList>
<StmntSeq Intrnl_Id="983">
<LocList>
<Loc EndOffset="1555" SrcFileId="11" StartOffset="1496"/>
</LocList>
<BasicStmnt CovItemId="S4" CovItemPrefix="cabra.dinero.Prize.java" Intrnl_Id="984">
<LocList>
<Loc EndOffset="1555" SrcFileId="11" StartOffset="1496"/>
</LocList>
</BasicStmnt>
</StmntSeq>
</HierarchyLvl>
<HierarchyLvl HierarchyLvlId="1069" HierarchyLvlTypeId="67" Intrnl_Id="985" Name="Prize">
<Header>
<Loc EndOffset="1736" SrcFileId="11" StartOffset="1706"/>
</Header>
<LocList>
<Loc EndOffset="1831" SrcFileId="11" StartOffset="1706"/>
</LocList>
<StmntSeq Intrnl_Id="986">
<LocList>
<Loc EndOffset="1825" SrcFileId="11" StartOffset="1747"/>
</LocList>
<BasicStmnt CovItemId="S5" CovItemPrefix="cabra.dinero.Prize.java" Intrnl_Id="987">
<LocList>
<Loc EndOffset="1825" SrcFileId="11" StartOffset="1747"/>
</LocList>
</BasicStmnt>
</StmntSeq>
</HierarchyLvl>
<HierarchyLvl HierarchyLvlId="1070" HierarchyLvlTypeId="67" Intrnl_Id="988" Name="getImage">
<Header>
<Loc EndOffset="1864" SrcFileId="11" StartOffset="1837"/>
</Header>
<LocList>
<Loc EndOffset="1894" SrcFileId="11" StartOffset="1837"/>
</LocList>
<StmntSeq Intrnl_Id="989">
<LocList>
<Loc EndOffset="1888" SrcFileId="11" StartOffset="1875"/>
</LocList>
<BasicStmnt CovItemId="S6" CovItemPrefix="cabra.dinero.Prize.java" Intrnl_Id="990">
<LocList>
<Loc EndOffset="1888" SrcFileId="11" StartOffset="1875"/>
</LocList>
</BasicStmnt>
</StmntSeq>
</HierarchyLvl>
<HierarchyLvl HierarchyLvlId="1071" HierarchyLvlTypeId="67" Intrnl_Id="991" Name="getName">
<Header>
<Loc EndOffset="1923" SrcFileId="11" StartOffset="1900"/>
</Header>
<LocList>
<Loc EndOffset="1952" SrcFileId="11" StartOffset="1900"/>
</LocList>
<StmntSeq Intrnl_Id="992">
<LocList>
<Loc EndOffset="1946" SrcFileId="11" StartOffset="1934"/>
</LocList>
<BasicStmnt CovItemId="S7" CovItemPrefix="cabra.dinero.Prize.java" Intrnl_Id="993">
<LocList>
<Loc EndOffset="1946" SrcFileId="11" StartOffset="1934"/>
</LocList>
</BasicStmnt>
</StmntSeq>
</HierarchyLvl>
<HierarchyLvl HierarchyLvlId="1072" HierarchyLvlTypeId="67" Intrnl_Id="994" Name="getID">
<Header>
<Loc EndOffset="2057" SrcFileId="11" StartOffset="2036"/>
</Header>
<LocList>
<Loc EndOffset="2088" SrcFileId="11" StartOffset="2036"/>
</LocList>
<StmntSeq Intrnl_Id="995">
<LocList>
<Loc EndOffset="2082" SrcFileId="11" StartOffset="2068"/>
</LocList>
<BasicStmnt CovItemId="S8" CovItemPrefix="cabra.dinero.Prize.java" Intrnl_Id="996">
<LocList>
<Loc EndOffset="2082" SrcFileId="11" StartOffset="2068"/>
</LocList>
</BasicStmnt>
</StmntSeq>
</HierarchyLvl>
<HierarchyLvl HierarchyLvlId="1073" HierarchyLvlTypeId="67" Intrnl_Id="997" Name="getRarity">
<Header>
<Loc EndOffset="2116" SrcFileId="11" StartOffset="2094"/>
</Header>
<LocList>
<Loc EndOffset="2147" SrcFileId="11" StartOffset="2094"/>
</LocList>
<StmntSeq Intrnl_Id="998">
<LocList>
<Loc EndOffset="2141" SrcFileId="11" StartOffset="2127"/>
</LocList>
<BasicStmnt CovItemId="S9" CovItemPrefix="cabra.dinero.Prize.java" Intrnl_Id="999">
<LocList>
<Loc EndOffset="2141" SrcFileId="11" StartOffset="2127"/>
</LocList>
</BasicStmnt>
</StmntSeq>
</HierarchyLvl>
<HierarchyLvl HierarchyLvlId="1074" HierarchyLvlTypeId="67" Intrnl_Id="1000" Name="getPrizeType">
<Header>
<Loc EndOffset="2252" SrcFileId="11" StartOffset="2221"/>
</Header>
<LocList>
<Loc EndOffset="2305" SrcFileId="11" StartOffset="2221"/>
</LocList>
<StmntSeq Intrnl_Id="1001">
<LocList>
<Loc EndOffset="2299" SrcFileId="11" StartOffset="2263"/>
</LocList>
<BasicStmnt CovItemId="S10" CovItemPrefix="cabra.dinero.Prize.java" Intrnl_Id="1002">
<LocList>
<Loc EndOffset="2299" SrcFileId="11" StartOffset="2263"/>
</LocList>
</BasicStmnt>
</StmntSeq>
</HierarchyLvl>
<HierarchyLvl HierarchyLvlId="1075" HierarchyLvlTypeId="67" Intrnl_Id="1003" Name="getAllPrizes">
<Header>
<Loc EndOffset="2356" SrcFileId="11" StartOffset="2311"/>
</Header>
<LocList>
<Loc EndOffset="2499" SrcFileId="11" StartOffset="2311"/>
</LocList>
<StmntSeq Intrnl_Id="1004">
<LocList>
<Loc EndOffset="2416" SrcFileId="11" StartOffset="2367"/>
<Loc EndOffset="2470" SrcFileId="11" StartOffset="2425"/>
<Loc EndOffset="2493" SrcFileId="11" StartOffset="2479"/>
</LocList>
<BasicStmnt CovItemId="S11" CovItemPrefix="cabra.dinero.Prize.java" Intrnl_Id="1005">
<LocList>
<Loc EndOffset="2416" SrcFileId="11" StartOffset="2367"/>
</LocList>
</BasicStmnt>
<BasicStmnt CovItemId="S12" CovItemPrefix="cabra.dinero.Prize.java" Intrnl_Id="1006">
<LocList>
<Loc EndOffset="2470" SrcFileId="11" StartOffset="2425"/>
</LocList>
</BasicStmnt>
<BasicStmnt CovItemId="S13" CovItemPrefix="cabra.dinero.Prize.java" Intrnl_Id="1007">
<LocList>
<Loc EndOffset="2493" SrcFileId="11" StartOffset="2479"/>
</LocList>
</BasicStmnt>
</StmntSeq>
</HierarchyLvl>
<HierarchyLvl HierarchyLvlId="1076" HierarchyLvlTypeId="67" Intrnl_Id="1008" Name="getPrizeByID">
<Header>
<Loc EndOffset="2728" SrcFileId="11" StartOffset="2680"/>
</Header>
<LocList>
<Loc EndOffset="2908" SrcFileId="11" StartOffset="2680"/>
</LocList>
<StmntSeq Intrnl_Id="1009">
<LocList>
<Loc EndOffset="2794" SrcFileId="11" StartOffset="2757"/>
<Loc EndOffset="2820" SrcFileId="11" StartOffset="2807"/>
<Loc EndOffset="2902" SrcFileId="11" StartOffset="2739"/>
</LocList>
<BasicStmnt CovItemId="S15" CovItemPrefix="cabra.dinero.Prize.java" Intrnl_Id="1010">
<LocList>
<Loc EndOffset="2794" SrcFileId="11" StartOffset="2757"/>
</LocList>
</BasicStmnt>
<BasicStmnt CovItemId="S16" CovItemPrefix="cabra.dinero.Prize.java" Intrnl_Id="1011">
<LocList>
<Loc EndOffset="2820" SrcFileId="11" StartOffset="2807"/>
</LocList>
</BasicStmnt>
<CondStmnt CovItemId="S14" CovItemPrefix="cabra.dinero.Prize.java" Intrnl_Id="1012">
<Branch CovItemId="B1" CovItemPrefix="cabra.dinero.Prize.java" Implct="true" Intrnl_Id="1013">
<Cond/>
<LocList/>
<StmntSeq Intrnl_Id="1014">
<LocList/>
</StmntSeq>
</Branch>
<Branch CovItemId="B2" CovItemPrefix="cabra.dinero.Prize.java" Implct="false" Intrnl_Id="1015">
<Cond>
<Loc EndOffset="2865" SrcFileId="11" StartOffset="2831"/>
</Cond>
<LocList>
<Loc EndOffset="2902" SrcFileId="11" StartOffset="2866"/>
</LocList>
<StmntSeq Intrnl_Id="1016">
<LocList>
<Loc EndOffset="2892" SrcFileId="11" StartOffset="2880"/>
</LocList>
<BasicStmnt CovItemId="S17" CovItemPrefix="cabra.dinero.Prize.java" Intrnl_Id="1017">
<LocList>
<Loc EndOffset="2892" SrcFileId="11" StartOffset="2880"/>
</LocList>
</BasicStmnt>
</StmntSeq>
</Branch>
<Keyword EndOffset="2742" SrcFileId="11" StartOffset="2739"/>
<LocList>
<Loc EndOffset="2902" SrcFileId="11" StartOffset="2739"/>
</LocList>
</CondStmnt>
</StmntSeq>
</HierarchyLvl>
<HierarchyLvl HierarchyLvlId="1077" HierarchyLvlTypeId="67" Intrnl_Id="1018" Name="getSuitablePrize">
<Header>
<Loc EndOffset="3167" SrcFileId="11" StartOffset="3104"/>
</Header>
<LocList>
<Loc EndOffset="3640" SrcFileId="11" StartOffset="3104"/>
</LocList>
<StmntSeq Intrnl_Id="1019">
<LocList>
<Loc EndOffset="3276" SrcFileId="11" StartOffset="3219"/>
<Loc EndOffset="3480" SrcFileId="11" StartOffset="3285"/>
<Loc EndOffset="3591" SrcFileId="11" StartOffset="3532"/>
<Loc EndOffset="3634" SrcFileId="11" StartOffset="3600"/>
</LocList>
<BasicStmnt CovItemId="S18" CovItemPrefix="cabra.dinero.Prize.java" Intrnl_Id="1020">
<LocList>
<Loc EndOffset="3276" SrcFileId="11" StartOffset="3219"/>
</LocList>
</BasicStmnt>
<LoopStmnt CovItemId="S19" CovItemPrefix="cabra.dinero.Prize.java" Intrnl_Id="1021" MltplExecId="L1-2" MltplExecPrefix="cabra.dinero.Prize.java" NvrExecId="L1-0" NvrExecPrefix="cabra.dinero.Prize.java" OnceExecutedId="L1-1" OnceExecutedPrefix="cabra.dinero.Prize.java" OptBodyExec="true">
<StmntSeq Intrnl_Id="1022">
<LocList>
<Loc EndOffset="3470" SrcFileId="11" StartOffset="3334"/>
</LocList>
<CondStmnt CovItemId="S20" CovItemPrefix="cabra.dinero.Prize.java" Intrnl_Id="1023">
<Branch CovItemId="B3" CovItemPrefix="cabra.dinero.Prize.java" Implct="false" Intrnl_Id="1024">
<Cond/>
<LocList>
<Loc EndOffset="3470" SrcFileId="11" StartOffset="3412"/>
</LocList>
<StmntSeq Intrnl_Id="1025">
<LocList>
<Loc EndOffset="3456" SrcFileId="11" StartOffset="3430"/>
</LocList>
<BasicStmnt CovItemId="S21" CovItemPrefix="cabra.dinero.Prize.java" Intrnl_Id="1026">
<LocList>
<Loc EndOffset="3456" SrcFileId="11" StartOffset="3430"/>
</LocList>
</BasicStmnt>
</StmntSeq>
</Branch>
<Branch CovItemId="B4" CovItemPrefix="cabra.dinero.Prize.java" Implct="true" Intrnl_Id="1027">
<Cond/>
<LocList/>
<StmntSeq Intrnl_Id="1028">
<LocList/>
</StmntSeq>
</Branch>
<Keyword EndOffset="3336" SrcFileId="11" StartOffset="3334"/>
<LocList>
<Loc EndOffset="3470" SrcFileId="11" StartOffset="3334"/>
</LocList>
<RootTerm CovItemId="C1" CovItemPrefix="cabra.dinero.Prize.java" Intrnl_Id="1029">
<OpTerm BooleanOpId="61" Intrnl_Id="1030">
<BasicBoolTerm Intrnl_Id="1031">
<LocList>
<Loc EndOffset="3372" SrcFileId="11" StartOffset="3338"/>
</LocList>
</BasicBoolTerm>
<BasicBoolTerm Intrnl_Id="1032">
<LocList>
<Loc EndOffset="3410" SrcFileId="11" StartOffset="3376"/>
</LocList>
</BasicBoolTerm>
<LocList>
<Loc EndOffset="3375" SrcFileId="11" StartOffset="3373"/>
</LocList>
</OpTerm>
</RootTerm>
</CondStmnt>
</StmntSeq>
<Keyword EndOffset="3288" SrcFileId="11" StartOffset="3285"/>
<LocList>
<Loc EndOffset="3480" SrcFileId="11" StartOffset="3285"/>
</LocList>
</LoopStmnt>
<BasicStmnt CovItemId="S22" CovItemPrefix="cabra.dinero.Prize.java" Intrnl_Id="1033">
<LocList>
<Loc EndOffset="3591" SrcFileId="11" StartOffset="3532"/>
</LocList>
</BasicStmnt>
<BasicStmnt CovItemId="S23" CovItemPrefix="cabra.dinero.Prize.java" Intrnl_Id="1034">
<LocList>
<Loc EndOffset="3634" SrcFileId="11" StartOffset="3600"/>
</LocList>
</BasicStmnt>
</StmntSeq>
</HierarchyLvl>
<HierarchyLvl HierarchyLvlId="1078" HierarchyLvlTypeId="67" Intrnl_Id="1035" Name="compare">
<Header>
<Loc EndOffset="3781" SrcFileId="11" StartOffset="3738"/>
</Header>
<LocList>
<Loc EndOffset="3835" SrcFileId="11" StartOffset="3738"/>
</LocList>
<StmntSeq Intrnl_Id="1036">
<LocList>
<Loc EndOffset="3829" SrcFileId="11" StartOffset="3792"/>
</LocList>
<BasicStmnt CovItemId="S24" CovItemPrefix="cabra.dinero.Prize.java" Intrnl_Id="1037">
<LocList>
<Loc EndOffset="3829" SrcFileId="11" StartOffset="3792"/>
</LocList>
</BasicStmnt>
</StmntSeq>
</HierarchyLvl>
<HierarchyLvl HierarchyLvlId="1084" HierarchyLvlTypeId="63" Intrnl_Id="1038" Name="PrizeType">
<Header>
<Loc EndOffset="4059" SrcFileId="11" StartOffset="4038"/>
</Header>
<LocList>
<Loc EndOffset="5835" SrcFileId="11" StartOffset="4038"/>
</LocList>
<HierarchyLvl HierarchyLvlId="1079" HierarchyLvlTypeId="67" Intrnl_Id="1039" Name="PrizeType">
<Header>
<Loc EndOffset="4795" SrcFileId="11" StartOffset="4734"/>
</Header>
<LocList>
<Loc EndOffset="4951" SrcFileId="11" StartOffset="4734"/>
</LocList>
<StmntSeq Intrnl_Id="1040">
<LocList>
<Loc EndOffset="4837" SrcFileId="11" StartOffset="4810"/>
<Loc EndOffset="4899" SrcFileId="11" StartOffset="4850"/>
<Loc EndOffset="4941" SrcFileId="11" StartOffset="4912"/>
</LocList>
<BasicStmnt CovItemId="S25" CovItemPrefix="cabra.dinero.Prize.java" Intrnl_Id="1041">
<LocList>
<Loc EndOffset="4837" SrcFileId="11" StartOffset="4810"/>
</LocList>
</BasicStmnt>
<BasicStmnt CovItemId="S26" CovItemPrefix="cabra.dinero.Prize.java" Intrnl_Id="1042">
<LocList>
<Loc EndOffset="4899" SrcFileId="11" StartOffset="4850"/>
</LocList>
</BasicStmnt>
<BasicStmnt CovItemId="S27" CovItemPrefix="cabra.dinero.Prize.java" Intrnl_Id="1043">
<LocList>
<Loc EndOffset="4941" SrcFileId="11" StartOffset="4912"/>
</LocList>
</BasicStmnt>
</StmntSeq>
</HierarchyLvl>
<HierarchyLvl HierarchyLvlId="1080" HierarchyLvlTypeId="67" Intrnl_Id="1044" Name="getMaxRarity">
<Header>
<Loc EndOffset="4986" SrcFileId="11" StartOffset="4961"/>
</Header>
<LocList>
<Loc EndOffset="5028" SrcFileId="11" StartOffset="4961"/>
</LocList>
<StmntSeq Intrnl_Id="1045">
<LocList>
<Loc EndOffset="5018" SrcFileId="11" StartOffset="5001"/>
</LocList>
<BasicStmnt CovItemId="S28" CovItemPrefix="cabra.dinero.Prize.java" Intrnl_Id="1046">
<LocList>
<Loc EndOffset="5018" SrcFileId="11" StartOffset="5001"/>
</LocList>
</BasicStmnt>
</StmntSeq>
</HierarchyLvl>
<HierarchyLvl HierarchyLvlId="1081" HierarchyLvlTypeId="67" Intrnl_Id="1047" Name="getColor">
<Header>
<Loc EndOffset="5061" SrcFileId="11" StartOffset="5038"/>
</Header>
<LocList>
<Loc EndOffset="5099" SrcFileId="11" StartOffset="5038"/>
</LocList>
<StmntSeq Intrnl_Id="1048">
<LocList>
<Loc EndOffset="5089" SrcFileId="11" StartOffset="5076"/>
</LocList>
<BasicStmnt CovItemId="S29" CovItemPrefix="cabra.dinero.Prize.java" Intrnl_Id="1049">
<LocList>
<Loc EndOffset="5089" SrcFileId="11" StartOffset="5076"/>
</LocList>
</BasicStmnt>
</StmntSeq>
</HierarchyLvl>
<HierarchyLvl HierarchyLvlId="1082" HierarchyLvlTypeId="67" Intrnl_Id="1050" Name="getRarityName">
<Header>
<Loc EndOffset="5138" SrcFileId="11" StartOffset="5109"/>
</Header>
<LocList>
<Loc EndOffset="5181" SrcFileId="11" StartOffset="5109"/>
</LocList>
<StmntSeq Intrnl_Id="1051">
<LocList>
<Loc EndOffset="5171" SrcFileId="11" StartOffset="5153"/>
</LocList>
<BasicStmnt CovItemId="S30" CovItemPrefix="cabra.dinero.Prize.java" Intrnl_Id="1052">
<LocList>
<Loc EndOffset="5171" SrcFileId="11" StartOffset="5153"/>
</LocList>
</BasicStmnt>
</StmntSeq>
</HierarchyLvl>
<HierarchyLvl HierarchyLvlId="1083" HierarchyLvlTypeId="67" Intrnl_Id="1053" Name="getPrizeType">
<Header>
<Loc EndOffset="5418" SrcFileId="11" StartOffset="5369"/>
</Header>
<LocList>
<Loc EndOffset="5829" SrcFileId="11" StartOffset="5369"/>
</LocList>
<StmntSeq Intrnl_Id="1054">
<LocList>
<Loc EndOffset="5477" SrcFileId="11" StartOffset="5433"/>
<Loc EndOffset="5682" SrcFileId="11" StartOffset="5490"/>
<Loc EndOffset="5819" SrcFileId="11" StartOffset="5778"/>
</LocList>
<BasicStmnt CovItemId="S31" CovItemPrefix="cabra.dinero.Prize.java" Intrnl_Id="1055">
<LocList>
<Loc EndOffset="5477" SrcFileId="11" StartOffset="5433"/>
</LocList>
</BasicStmnt>
<LoopStmnt CovItemId="S32" CovItemPrefix="cabra.dinero.Prize.java" Intrnl_Id="1056" MltplExecId="L2-2" MltplExecPrefix="cabra.dinero.Prize.java" NvrExecId="L2-0" NvrExecPrefix="cabra.dinero.Prize.java" OnceExecutedId="L2-1" OnceExecutedPrefix="cabra.dinero.Prize.java" OptBodyExec="true">
<StmntSeq Intrnl_Id="1057">
<LocList>
<Loc EndOffset="5668" SrcFileId="11" StartOffset="5552"/>
</LocList>
<CondStmnt CovItemId="S33" CovItemPrefix="cabra.dinero.Prize.java" Intrnl_Id="1058">
<Branch CovItemId="B5" CovItemPrefix="cabra.dinero.Prize.java" Implct="false" Intrnl_Id="1059">
<Cond/>
<LocList>
<Loc EndOffset="5668" SrcFileId="11" StartOffset="5607"/>
</LocList>
<StmntSeq Intrnl_Id="1060">
<LocList>
<Loc EndOffset="5650" SrcFileId="11" StartOffset="5629"/>
</LocList>
<BasicStmnt CovItemId="S34" CovItemPrefix="cabra.dinero.Prize.java" Intrnl_Id="1061">
<LocList>
<Loc EndOffset="5650" SrcFileId="11" StartOffset="5629"/>
</LocList>
</BasicStmnt>
</StmntSeq>
</Branch>
<Branch CovItemId="B6" CovItemPrefix="cabra.dinero.Prize.java" Implct="true" Intrnl_Id="1062">
<Cond/>
<LocList/>
<StmntSeq Intrnl_Id="1063">
<LocList/>
</StmntSeq>
</Branch>
<Keyword EndOffset="5554" SrcFileId="11" StartOffset="5552"/>
<LocList>
<Loc EndOffset="5668" SrcFileId="11" StartOffset="5552"/>
</LocList>
<RootTerm CovItemId="C3" CovItemPrefix="cabra.dinero.Prize.java" Intrnl_Id="1064">
<BasicBoolTerm Intrnl_Id="1065">
<LocList>
<Loc EndOffset="5605" SrcFileId="11" StartOffset="5556"/>
</LocList>
</BasicBoolTerm>
</RootTerm>
</CondStmnt>
</StmntSeq>
<Keyword EndOffset="5493" SrcFileId="11" StartOffset="5490"/>
<LocList>
<Loc EndOffset="5682" SrcFileId="11" StartOffset="5490"/>
</LocList>
<RootTerm CovItemId="C2" CovItemPrefix="cabra.dinero.Prize.java" Intrnl_Id="1066">
<BasicBoolTerm Intrnl_Id="1067">
<LocList>
<Loc EndOffset="5527" SrcFileId="11" StartOffset="5506"/>
</LocList>
</BasicBoolTerm>
</RootTerm>
</LoopStmnt>
<BasicStmnt CovItemId="S35" CovItemPrefix="cabra.dinero.Prize.java" Intrnl_Id="1068">
<LocList>
<Loc EndOffset="5819" SrcFileId="11" StartOffset="5778"/>
</LocList>
</BasicStmnt>
</StmntSeq>
</HierarchyLvl>
</HierarchyLvl>
</HierarchyLvl>
</HierarchyLvl>
<HierarchyLvl HierarchyLvlId="1870" HierarchyLvlTypeId="64" Intrnl_Id="1069" Name="abstracts">
<Header/>
<LocList/>
<HierarchyLvl HierarchyLvlId="1088" HierarchyLvlTypeId="66" Intrnl_Id="1070" Name="StudyTextPanel">
<Header>
<Loc EndOffset="464" SrcFileId="12" StartOffset="413"/>
</Header>
<LocList>
<Loc EndOffset="3755" SrcFileId="12" StartOffset="413"/>
</LocList>
<StmntSeq Intrnl_Id="1071">
<LocList>
<Loc EndOffset="907" SrcFileId="12" StartOffset="861"/>
<Loc EndOffset="963" SrcFileId="12" StartOffset="912"/>
<Loc EndOffset="1044" SrcFileId="12" StartOffset="968"/>
<Loc EndOffset="1092" SrcFileId="12" StartOffset="1053"/>
<Loc EndOffset="1137" SrcFileId="12" StartOffset="1097"/>
</LocList>
<BasicStmnt CovItemId="S1" CovItemPrefix="cabra.abstracts.StudyTextPanel.java" Intrnl_Id="1072">
<LocList>
<Loc EndOffset="907" SrcFileId="12" StartOffset="861"/>
</LocList>
</BasicStmnt>
<BasicStmnt CovItemId="S2" CovItemPrefix="cabra.abstracts.StudyTextPanel.java" Intrnl_Id="1073">
<LocList>
<Loc EndOffset="963" SrcFileId="12" StartOffset="912"/>
</LocList>
</BasicStmnt>
<BasicStmnt CovItemId="S3" CovItemPrefix="cabra.abstracts.StudyTextPanel.java" Intrnl_Id="1074">
<LocList>
<Loc EndOffset="1044" SrcFileId="12" StartOffset="968"/>
</LocList>
</BasicStmnt>
<BasicStmnt CovItemId="S4" CovItemPrefix="cabra.abstracts.StudyTextPanel.java" Intrnl_Id="1075">
<LocList>
<Loc EndOffset="1092" SrcFileId="12" StartOffset="1053"/>
</LocList>
</BasicStmnt>
<BasicStmnt CovItemId="S5" CovItemPrefix="cabra.abstracts.StudyTextPanel.java" Intrnl_Id="1076">
<LocList>
<Loc EndOffset="1137" SrcFileId="12" StartOffset="1097"/>
</LocList>
</BasicStmnt>
</StmntSeq>
<HierarchyLvl HierarchyLvlId="1086" HierarchyLvlTypeId="67" Intrnl_Id="1077" Name="StudyTextPanel">
<Header>
<Loc EndOffset="1399" SrcFileId="12" StartOffset="1325"/>
</Header>
<LocList>
<Loc EndOffset="2316" SrcFileId="12" StartOffset="1325"/>
</LocList>
<StmntSeq Intrnl_Id="1078">
<LocList>
<Loc EndOffset="1438" SrcFileId="12" StartOffset="1409"/>
<Loc EndOffset="1462" SrcFileId="12" StartOffset="1447"/>
<Loc EndOffset="1500" SrcFileId="12" StartOffset="1471"/>
<Loc EndOffset="1548" SrcFileId="12" StartOffset="1518"/>
<Loc EndOffset="1609" SrcFileId="12" StartOffset="1557"/>
<Loc EndOffset="1725" SrcFileId="12" StartOffset="1659"/>
<Loc EndOffset="1781" SrcFileId="12" StartOffset="1734"/>
<Loc EndOffset="1819" SrcFileId="12" StartOffset="1791"/>
<Loc EndOffset="1855" SrcFileId="12" StartOffset="1828"/>
<Loc EndOffset="1896" SrcFileId="12" StartOffset="1864"/>
<Loc EndOffset="1950" SrcFileId="12" StartOffset="1905"/>
<Loc EndOffset="1999" SrcFileId="12" StartOffset="1959"/>
<Loc EndOffset="2054" SrcFileId="12" StartOffset="2017"/>
<Loc EndOffset="2141" SrcFileId="12" StartOffset="2063"/>
<Loc EndOffset="2228" SrcFileId="12" StartOffset="2150"/>
<Loc EndOffset="2301" SrcFileId="12" StartOffset="2267"/>
</LocList>
<BasicStmnt CovItemId="S6" CovItemPrefix="cabra.abstracts.StudyTextPanel.java" Intrnl_Id="1079">
<LocList>
<Loc EndOffset="1438" SrcFileId="12" StartOffset="1409"/>
</LocList>
</BasicStmnt>
<BasicStmnt CovItemId="S7" CovItemPrefix="cabra.abstracts.StudyTextPanel.java" Intrnl_Id="1080">
<LocList>
<Loc EndOffset="1462" SrcFileId="12" StartOffset="1447"/>
</LocList>
</BasicStmnt>
<BasicStmnt CovItemId="S8" CovItemPrefix="cabra.abstracts.StudyTextPanel.java" Intrnl_Id="1081">
<LocList>
<Loc EndOffset="1500" SrcFileId="12" StartOffset="1471"/>
</LocList>
</BasicStmnt>
<BasicStmnt CovItemId="S9" CovItemPrefix="cabra.abstracts.StudyTextPanel.java" Intrnl_Id="1082">
<LocList>
<Loc EndOffset="1548" SrcFileId="12" StartOffset="1518"/>
</LocList>
</BasicStmnt>
<BasicStmnt CovItemId="S10" CovItemPrefix="cabra.abstracts.StudyTextPanel.java" Intrnl_Id="1083">
<LocList>
<Loc EndOffset="1609" SrcFileId="12" StartOffset="1557"/>
</LocList>
</BasicStmnt>
<BasicStmnt CovItemId="S11" CovItemPrefix="cabra.abstracts.StudyTextPanel.java" Intrnl_Id="1084">
<LocList>
<Loc EndOffset="1725" SrcFileId="12" StartOffset="1659"/>
</LocList>
</BasicStmnt>
<BasicStmnt CovItemId="S12" CovItemPrefix="cabra.abstracts.StudyTextPanel.java" Intrnl_Id="1085">
<LocList>
<Loc EndOffset="1781" SrcFileId="12" StartOffset="1734"/>
</LocList>
</BasicStmnt>
<BasicStmnt CovItemId="S13" CovItemPrefix="cabra.abstracts.StudyTextPanel.java" Intrnl_Id="1086">
<LocList>
<Loc EndOffset="1819" SrcFileId="12" StartOffset="1791"/>
</LocList>
</BasicStmnt>
<BasicStmnt CovItemId="S14" CovItemPrefix="cabra.abstracts.StudyTextPanel.java" Intrnl_Id="1087">
<LocList>
<Loc EndOffset="1855" SrcFileId="12" StartOffset="1828"/>
</LocList>
</BasicStmnt>
<BasicStmnt CovItemId="S15" CovItemPrefix="cabra.abstracts.StudyTextPanel.java" Intrnl_Id="1088">
<LocList>
<Loc EndOffset="1896" SrcFileId="12" StartOffset="1864"/>
</LocList>
</BasicStmnt>
<BasicStmnt CovItemId="S16" CovItemPrefix="cabra.abstracts.StudyTextPanel.java" Intrnl_Id="1089">
<LocList>
<Loc EndOffset="1950" SrcFileId="12" StartOffset="1905"/>
</LocList>
</BasicStmnt>
<BasicStmnt CovItemId="S17" CovItemPrefix="cabra.abstracts.StudyTextPanel.java" Intrnl_Id="1090">
<LocList>
<Loc EndOffset="1999" SrcFileId="12" StartOffset="1959"/>
</LocList>
</BasicStmnt>
<BasicStmnt CovItemId="S18" CovItemPrefix="cabra.abstracts.StudyTextPanel.java" Intrnl_Id="1091">
<LocList>
<Loc EndOffset="2054" SrcFileId="12" StartOffset="2017"/>
</LocList>
</BasicStmnt>
<BasicStmnt CovItemId="S19" CovItemPrefix="cabra.abstracts.StudyTextPanel.java" Intrnl_Id="1092">
<LocList>
<Loc EndOffset="2141" SrcFileId="12" StartOffset="2063"/>
</LocList>
</BasicStmnt>
<BasicStmnt CovItemId="S20" CovItemPrefix="cabra.abstracts.StudyTextPanel.java" Intrnl_Id="1093">
<LocList>
<Loc EndOffset="2228" SrcFileId="12" StartOffset="2150"/>
</LocList>
</BasicStmnt>
<BasicStmnt CovItemId="S21" CovItemPrefix="cabra.abstracts.StudyTextPanel.java" Intrnl_Id="1094">
<LocList>
<Loc EndOffset="2301" SrcFileId="12" StartOffset="2267"/>
</LocList>
</BasicStmnt>
</StmntSeq>
</HierarchyLvl>
<HierarchyLvl HierarchyLvlId="1087" HierarchyLvlTypeId="67" Intrnl_Id="1095" Name="update">
<Header>
<Loc EndOffset="2532" SrcFileId="12" StartOffset="2494"/>
</Header>
<LocList>
<Loc EndOffset="2533" SrcFileId="12" StartOffset="2494"/>
</LocList>
</HierarchyLvl>
</HierarchyLvl>
</HierarchyLvl>
<HierarchyLvl HierarchyLvlId="1092" HierarchyLvlTypeId="66" Intrnl_Id="1096" Name="Zipper">
<Header>
<Loc EndOffset="314" SrcFileId="13" StartOffset="274"/>
</Header>
<LocList>
<Loc EndOffset="4491" SrcFileId="13" StartOffset="274"/>
</LocList>
<StmntSeq Intrnl_Id="1097">
<LocList>
<Loc EndOffset="419" SrcFileId="13" StartOffset="376"/>
<Loc EndOffset="497" SrcFileId="13" StartOffset="450"/>
</LocList>
<BasicStmnt CovItemId="S1" CovItemPrefix="cabra.Zipper.java" Intrnl_Id="1098">
<LocList>
<Loc EndOffset="419" SrcFileId="13" StartOffset="376"/>
</LocList>
</BasicStmnt>
<BasicStmnt CovItemId="S2" CovItemPrefix="cabra.Zipper.java" Intrnl_Id="1099">
<LocList>
<Loc EndOffset="497" SrcFileId="13" StartOffset="450"/>
</LocList>
</BasicStmnt>
</StmntSeq>
<HierarchyLvl HierarchyLvlId="1089" HierarchyLvlTypeId="67" Intrnl_Id="1100" Name="Zipper">
<Header>
<Loc EndOffset="341" SrcFileId="13" StartOffset="325"/>
</Header>
<LocList>
<Loc EndOffset="343" SrcFileId="13" StartOffset="325"/>
</LocList>
</HierarchyLvl>
<HierarchyLvl HierarchyLvlId="1090" HierarchyLvlTypeId="67" Intrnl_Id="1101" Name="unzip">
<Header>
<Loc EndOffset="809" SrcFileId="13" StartOffset="746"/>
</Header>
<LocList>
<Loc EndOffset="2154" SrcFileId="13" StartOffset="746"/>
</LocList>
<StmntSeq Intrnl_Id="1102">
<LocList>
<Loc EndOffset="1038" SrcFileId="13" StartOffset="925"/>
<Loc EndOffset="1129" SrcFileId="13" StartOffset="1046"/>
<Loc EndOffset="1184" SrcFileId="13" StartOffset="1151"/>
<Loc EndOffset="1293" SrcFileId="13" StartOffset="1194"/>
<Loc EndOffset="1325" SrcFileId="13" StartOffset="1303"/>
<Loc EndOffset="2028" SrcFileId="13" StartOffset="1335"/>
<Loc EndOffset="2050" SrcFileId="13" StartOffset="2038"/>
<Loc EndOffset="2117" SrcFileId="13" StartOffset="1136"/>
</LocList>
<CondStmnt CovItemId="S3" CovItemPrefix="cabra.Zipper.java" Intrnl_Id="1103">
<Branch CovItemId="B1" CovItemPrefix="cabra.Zipper.java" Implct="false" Intrnl_Id="1104">
<Cond/>
<LocList>
<Loc EndOffset="1038" SrcFileId="13" StartOffset="953"/>
</LocList>
<StmntSeq Intrnl_Id="1105">
<LocList>
<Loc EndOffset="1029" SrcFileId="13" StartOffset="966"/>
</LocList>
<BasicStmnt CovItemId="S4" CovItemPrefix="cabra.Zipper.java" Intrnl_Id="1106">
<LocList>
<Loc EndOffset="1029" SrcFileId="13" StartOffset="966"/>
</LocList>
</BasicStmnt>
</StmntSeq>
</Branch>
<Branch CovItemId="B2" CovItemPrefix="cabra.Zipper.java" Implct="true" Intrnl_Id="1107">
<Cond/>
<LocList/>
<StmntSeq Intrnl_Id="1108">
<LocList/>
</StmntSeq>
</Branch>
<Keyword EndOffset="927" SrcFileId="13" StartOffset="925"/>
<LocList>
<Loc EndOffset="1038" SrcFileId="13" StartOffset="925"/>
</LocList>
<RootTerm CovItemId="C1" CovItemPrefix="cabra.Zipper.java" Intrnl_Id="1109">
<BasicBoolTerm Intrnl_Id="1110">
<LocList>
<Loc EndOffset="952" SrcFileId="13" StartOffset="928"/>
</LocList>
</BasicBoolTerm>
</RootTerm>
</CondStmnt>
<CondStmnt CovItemId="S5" CovItemPrefix="cabra.Zipper.java" Intrnl_Id="1111">
<Branch CovItemId="B3" CovItemPrefix="cabra.Zipper.java" Implct="false" Intrnl_Id="1112">
<Cond/>
<LocList>
<Loc EndOffset="1129" SrcFileId="13" StartOffset="1083"/>
</LocList>
<StmntSeq Intrnl_Id="1113">
<LocList>
<Loc EndOffset="1120" SrcFileId="13" StartOffset="1096"/>
</LocList>
<BasicStmnt CovItemId="S6" CovItemPrefix="cabra.Zipper.java" Intrnl_Id="1114">
<LocList>
<Loc EndOffset="1120" SrcFileId="13" StartOffset="1096"/>
</LocList>
</BasicStmnt>
</StmntSeq>
</Branch>
<Branch CovItemId="B4" CovItemPrefix="cabra.Zipper.java" Implct="true" Intrnl_Id="1115">
<Cond/>
<LocList/>
<StmntSeq Intrnl_Id="1116">
<LocList/>
</StmntSeq>
</Branch>
<Keyword EndOffset="1048" SrcFileId="13" StartOffset="1046"/>
<LocList>
<Loc EndOffset="1129" SrcFileId="13" StartOffset="1046"/>
</LocList>
<RootTerm CovItemId="C2" CovItemPrefix="cabra.Zipper.java" Intrnl_Id="1117">
<BasicBoolTerm Intrnl_Id="1118">
<LocList>
<Loc EndOffset="1082" SrcFileId="13" StartOffset="1049"/>
</LocList>
</BasicBoolTerm>
</RootTerm>
</CondStmnt>
<BasicStmnt CovItemId="S8" CovItemPrefix="cabra.Zipper.java" Intrnl_Id="1119">
<LocList>
<Loc EndOffset="1184" SrcFileId="13" StartOffset="1151"/>
</LocList>
</BasicStmnt>
<BasicStmnt CovItemId="S9" CovItemPrefix="cabra.Zipper.java" Intrnl_Id="1120">
<LocList>
<Loc EndOffset="1293" SrcFileId="13" StartOffset="1194"/>
</LocList>
</BasicStmnt>
<BasicStmnt CovItemId="S10" CovItemPrefix="cabra.Zipper.java" Intrnl_Id="1121">
<LocList>
<Loc EndOffset="1325" SrcFileId="13" StartOffset="1303"/>
</LocList>
</BasicStmnt>
<LoopStmnt CovItemId="S11" CovItemPrefix="cabra.Zipper.java" Intrnl_Id="1122" MltplExecId="L1-2" MltplExecPrefix="cabra.Zipper.java" NvrExecId="L1-0" NvrExecPrefix="cabra.Zipper.java" OnceExecutedId="L1-1" OnceExecutedPrefix="cabra.Zipper.java" OptBodyExec="true">
<StmntSeq Intrnl_Id="1123">
<LocList>
<Loc EndOffset="1509" SrcFileId="13" StartOffset="1473"/>
<Loc EndOffset="1640" SrcFileId="13" StartOffset="1557"/>
<Loc EndOffset="1729" SrcFileId="13" StartOffset="1653"/>
<Loc EndOffset="1902" SrcFileId="13" StartOffset="1742"/>
<Loc EndOffset="1991" SrcFileId="13" StartOffset="1978"/>
<Loc EndOffset="2017" SrcFileId="13" StartOffset="2004"/>
</LocList>
<BasicStmnt CovItemId="S12" CovItemPrefix="cabra.Zipper.java" Intrnl_Id="1124">
<LocList>
<Loc EndOffset="1509" SrcFileId="13" StartOffset="1473"/>
</LocList>
</BasicStmnt>
<BasicStmnt CovItemId="S13" CovItemPrefix="cabra.Zipper.java" Intrnl_Id="1125">
<LocList>
<Loc EndOffset="1640" SrcFileId="13" StartOffset="1557"/>
</LocList>
</BasicStmnt>
<BasicStmnt CovItemId="S14" CovItemPrefix="cabra.Zipper.java" Intrnl_Id="1126">
<LocList>
<Loc EndOffset="1729" SrcFileId="13" StartOffset="1653"/>
</LocList>
</BasicStmnt>
<LoopStmnt CovItemId="S15" CovItemPrefix="cabra.Zipper.java" Intrnl_Id="1127" MltplExecId="L2-2" MltplExecPrefix="cabra.Zipper.java" NvrExecId="L2-0" NvrExecPrefix="cabra.Zipper.java" OnceExecutedId="L2-1" OnceExecutedPrefix="cabra.Zipper.java" OptBodyExec="true">
<StmntSeq Intrnl_Id="1128">
<LocList>
<Loc EndOffset="1888" SrcFileId="13" StartOffset="1861"/>
</LocList>
<BasicStmnt CovItemId="S16" CovItemPrefix="cabra.Zipper.java" Intrnl_Id="1129">
<LocList>
<Loc EndOffset="1888" SrcFileId="13" StartOffset="1861"/>
</LocList>
</BasicStmnt>
</StmntSeq>
<Keyword EndOffset="1747" SrcFileId="13" StartOffset="1742"/>
<LocList>
<Loc EndOffset="1902" SrcFileId="13" StartOffset="1742"/>
</LocList>
</LoopStmnt>
<BasicStmnt CovItemId="S17" CovItemPrefix="cabra.Zipper.java" Intrnl_Id="1130">
<LocList>
<Loc EndOffset="1991" SrcFileId="13" StartOffset="1978"/>
</LocList>
</BasicStmnt>
<BasicStmnt CovItemId="S18" CovItemPrefix="cabra.Zipper.java" Intrnl_Id="1131">
<LocList>
<Loc EndOffset="2017" SrcFileId="13" StartOffset="2004"/>
</LocList>
</BasicStmnt>
</StmntSeq>
<Keyword EndOffset="1340" SrcFileId="13" StartOffset="1335"/>
<LocList>
<Loc EndOffset="2028" SrcFileId="13" StartOffset="1335"/>
</LocList>
</LoopStmnt>
<BasicStmnt CovItemId="S19" CovItemPrefix="cabra.Zipper.java" Intrnl_Id="1132">
<LocList>
<Loc EndOffset="2050" SrcFileId="13" StartOffset="2038"/>
</LocList>
</BasicStmnt>
<CondStmnt CovItemId="S7" CovItemPrefix="cabra.Zipper.java" Intrnl_Id="1133">
<Branch CovItemId="B5" CovItemPrefix="cabra.Zipper.java" Implct="true" Intrnl_Id="1134">
<Cond/>
<LocList/>
<StmntSeq Intrnl_Id="1135">
<LocList/>
</StmntSeq>
</Branch>
<Branch CovItemId="B6" CovItemPrefix="cabra.Zipper.java" Implct="false" Intrnl_Id="1136">
<Cond>
<Loc EndOffset="2077" SrcFileId="13" StartOffset="2059"/>
</Cond>
<LocList>
<Loc EndOffset="2117" SrcFileId="13" StartOffset="2078"/>
</LocList>
<StmntSeq Intrnl_Id="1137">
<LocList>
<Loc EndOffset="2109" SrcFileId="13" StartOffset="2089"/>
</LocList>
<BasicStmnt CovItemId="S20" CovItemPrefix="cabra.Zipper.java" Intrnl_Id="1138">
<LocList>
<Loc EndOffset="2109" SrcFileId="13" StartOffset="2089"/>
</LocList>
</BasicStmnt>
</StmntSeq>
</Branch>
<Keyword EndOffset="1139" SrcFileId="13" StartOffset="1136"/>
<LocList>
<Loc EndOffset="2117" SrcFileId="13" StartOffset="1136"/>
</LocList>
</CondStmnt>
</StmntSeq>
</HierarchyLvl>
<HierarchyLvl HierarchyLvlId="1091" HierarchyLvlTypeId="67" Intrnl_Id="1139" Name="zip">
<Header>
<Loc EndOffset="2565" SrcFileId="13" StartOffset="2505"/>
</Header>
<LocList>
<Loc EndOffset="4489" SrcFileId="13" StartOffset="2505"/>
</LocList>
<StmntSeq Intrnl_Id="1140">
<LocList>
<Loc EndOffset="2680" SrcFileId="13" StartOffset="2574"/>
<Loc EndOffset="2743" SrcFileId="13" StartOffset="2709"/>
<Loc EndOffset="2860" SrcFileId="13" StartOffset="2817"/>
<Loc EndOffset="2953" SrcFileId="13" StartOffset="2870"/>
<Loc EndOffset="3278" SrcFileId="13" StartOffset="3051"/>
<Loc EndOffset="3453" SrcFileId="13" StartOffset="3358"/>
<Loc EndOffset="3551" SrcFileId="13" StartOffset="3515"/>
<Loc EndOffset="3657" SrcFileId="13" StartOffset="3621"/>
<Loc EndOffset="4281" SrcFileId="13" StartOffset="3668"/>
<Loc EndOffset="4303" SrcFileId="13" StartOffset="4291"/>
<Loc EndOffset="4324" SrcFileId="13" StartOffset="4313"/>
<Loc EndOffset="4478" SrcFileId="13" StartOffset="2694"/>
</LocList>
<CondStmnt CovItemId="S21" CovItemPrefix="cabra.Zipper.java" Intrnl_Id="1141">
<Branch CovItemId="B7" CovItemPrefix="cabra.Zipper.java" Implct="false" Intrnl_Id="1142">
<Cond/>
<LocList>
<Loc EndOffset="2680" SrcFileId="13" StartOffset="2598"/>
</LocList>
<StmntSeq Intrnl_Id="1143">
<LocList>
<Loc EndOffset="2671" SrcFileId="13" StartOffset="2611"/>
</LocList>
<BasicStmnt CovItemId="S22" CovItemPrefix="cabra.Zipper.java" Intrnl_Id="1144">
<LocList>
<Loc EndOffset="2671" SrcFileId="13" StartOffset="2611"/>
</LocList>
</BasicStmnt>
</StmntSeq>
</Branch>
<Branch CovItemId="B8" CovItemPrefix="cabra.Zipper.java" Implct="true" Intrnl_Id="1145">
<Cond/>
<LocList/>
<StmntSeq Intrnl_Id="1146">
<LocList/>
</StmntSeq>
</Branch>
<Keyword EndOffset="2576" SrcFileId="13" StartOffset="2574"/>
<LocList>
<Loc EndOffset="2680" SrcFileId="13" StartOffset="2574"/>
</LocList>
<RootTerm CovItemId="C5" CovItemPrefix="cabra.Zipper.java" Intrnl_Id="1147">
<BasicBoolTerm Intrnl_Id="1148">
<LocList>
<Loc EndOffset="2597" SrcFileId="13" StartOffset="2577"/>
</LocList>
</BasicBoolTerm>
</RootTerm>
</CondStmnt>
<BasicStmnt CovItemId="S24" CovItemPrefix="cabra.Zipper.java" Intrnl_Id="1149">
<LocList>
<Loc EndOffset="2743" SrcFileId="13" StartOffset="2709"/>
</LocList>
</BasicStmnt>
<BasicStmnt CovItemId="S25" CovItemPrefix="cabra.Zipper.java" Intrnl_Id="1150">
<LocList>
<Loc EndOffset="2860" SrcFileId="13" StartOffset="2817"/>
</LocList>
</BasicStmnt>
<BasicStmnt CovItemId="S26" CovItemPrefix="cabra.Zipper.java" Intrnl_Id="1151">
<LocList>
<Loc EndOffset="2953" SrcFileId="13" StartOffset="2870"/>
</LocList>
</BasicStmnt>
<CondStmnt CovItemId="S27" CovItemPrefix="cabra.Zipper.java" Intrnl_Id="1152">
<Branch CovItemId="B10" CovItemPrefix="cabra.Zipper.java" Implct="false" Intrnl_Id="1153">
<Cond/>
<LocList>
<Loc EndOffset="3278" SrcFileId="13" StartOffset="3067"/>
</LocList>
<StmntSeq Intrnl_Id="1154">
<LocList>
<Loc EndOffset="3267" SrcFileId="13" StartOffset="3082"/>
</LocList>
<CondStmnt CovItemId="S28" CovItemPrefix="cabra.Zipper.java" Intrnl_Id="1155">
<Branch CovItemId="B12" CovItemPrefix="cabra.Zipper.java" Implct="false" Intrnl_Id="1156">
<Cond/>
<LocList>
<Loc EndOffset="3267" SrcFileId="13" StartOffset="3255"/>
</LocList>
<StmntSeq Intrnl_Id="1157">
<LocList>
<Loc EndOffset="3267" SrcFileId="13" StartOffset="3255"/>
</LocList>
<BasicStmnt CovItemId="S29" CovItemPrefix="cabra.Zipper.java" Intrnl_Id="1158">
<LocList>
<Loc EndOffset="3267" SrcFileId="13" StartOffset="3255"/>
</LocList>
</BasicStmnt>
</StmntSeq>
</Branch>
<Branch CovItemId="B13" CovItemPrefix="cabra.Zipper.java" Implct="true" Intrnl_Id="1159">
<Cond/>
<LocList/>
<StmntSeq Intrnl_Id="1160">
<LocList/>
</StmntSeq>
</Branch>
<Keyword EndOffset="3084" SrcFileId="13" StartOffset="3082"/>
<LocList>
<Loc EndOffset="3267" SrcFileId="13" StartOffset="3082"/>
</LocList>
<RootTerm CovItemId="C7" CovItemPrefix="cabra.Zipper.java" Intrnl_Id="1161">
<OpTerm BooleanOpId="60" Intrnl_Id="1162">
<BasicBoolTerm Intrnl_Id="1163">
<LocList>
<Loc EndOffset="3236" SrcFileId="13" StartOffset="3086"/>
</LocList>
</BasicBoolTerm>
<LocList>
<Loc EndOffset="3086" SrcFileId="13" StartOffset="3085"/>
</LocList>
</OpTerm>
</RootTerm>
</CondStmnt>
</StmntSeq>
</Branch>
<Branch CovItemId="B11" CovItemPrefix="cabra.Zipper.java" Implct="true" Intrnl_Id="1164">
<Cond/>
<LocList/>
<StmntSeq Intrnl_Id="1165">
<LocList/>
</StmntSeq>
</Branch>
<Keyword EndOffset="3053" SrcFileId="13" StartOffset="3051"/>
<LocList>
<Loc EndOffset="3278" SrcFileId="13" StartOffset="3051"/>
</LocList>
<RootTerm CovItemId="C6" CovItemPrefix="cabra.Zipper.java" Intrnl_Id="1166">
<BasicBoolTerm Intrnl_Id="1167">
<LocList>
<Loc EndOffset="3066" SrcFileId="13" StartOffset="3054"/>
</LocList>
</BasicBoolTerm>
</RootTerm>
</CondStmnt>
<BasicStmnt CovItemId="S30" CovItemPrefix="cabra.Zipper.java" Intrnl_Id="1168">
<LocList>
<Loc EndOffset="3453" SrcFileId="13" StartOffset="3358"/>
</LocList>
</BasicStmnt>
<BasicStmnt CovItemId="S31" CovItemPrefix="cabra.Zipper.java" Intrnl_Id="1169">
<LocList>
<Loc EndOffset="3551" SrcFileId="13" StartOffset="3515"/>
</LocList>
</BasicStmnt>
<BasicStmnt CovItemId="S32" CovItemPrefix="cabra.Zipper.java" Intrnl_Id="1170">
<LocList>
<Loc EndOffset="3657" SrcFileId="13" StartOffset="3621"/>
</LocList>
</BasicStmnt>
<LoopStmnt CovItemId="S33" CovItemPrefix="cabra.Zipper.java" Intrnl_Id="1171" MltplExecId="L3-2" MltplExecPrefix="cabra.Zipper.java" NvrExecId="L3-0" NvrExecPrefix="cabra.Zipper.java" OnceExecutedId="L3-1" OnceExecutedPrefix="cabra.Zipper.java" OptBodyExec="true">
<StmntSeq Intrnl_Id="1172">
<LocList>
<Loc EndOffset="3749" SrcFileId="13" StartOffset="3718"/>
<Loc EndOffset="3838" SrcFileId="13" StartOffset="3763"/>
<Loc EndOffset="3894" SrcFileId="13" StartOffset="3852"/>
<Loc EndOffset="3987" SrcFileId="13" StartOffset="3907"/>
<Loc EndOffset="4040" SrcFileId="13" StartOffset="4000"/>
<Loc EndOffset="4077" SrcFileId="13" StartOffset="4053"/>
<Loc EndOffset="4242" SrcFileId="13" StartOffset="4113"/>
<Loc EndOffset="4270" SrcFileId="13" StartOffset="4255"/>
</LocList>
<BasicStmnt CovItemId="S34" CovItemPrefix="cabra.Zipper.java" Intrnl_Id="1173">
<LocList>
<Loc EndOffset="3749" SrcFileId="13" StartOffset="3718"/>
</LocList>
</BasicStmnt>
<BasicStmnt CovItemId="S35" CovItemPrefix="cabra.Zipper.java" Intrnl_Id="1174">
<LocList>
<Loc EndOffset="3838" SrcFileId="13" StartOffset="3763"/>
</LocList>
</BasicStmnt>
<BasicStmnt CovItemId="S36" CovItemPrefix="cabra.Zipper.java" Intrnl_Id="1175">
<LocList>
<Loc EndOffset="3894" SrcFileId="13" StartOffset="3852"/>
</LocList>
</BasicStmnt>
<BasicStmnt CovItemId="S37" CovItemPrefix="cabra.Zipper.java" Intrnl_Id="1176">
<LocList>
<Loc EndOffset="3987" SrcFileId="13" StartOffset="3907"/>
</LocList>
</BasicStmnt>
<BasicStmnt CovItemId="S38" CovItemPrefix="cabra.Zipper.java" Intrnl_Id="1177">
<LocList>
<Loc EndOffset="4040" SrcFileId="13" StartOffset="4000"/>
</LocList>
</BasicStmnt>
<BasicStmnt CovItemId="S39" CovItemPrefix="cabra.Zipper.java" Intrnl_Id="1178">
<LocList>
<Loc EndOffset="4077" SrcFileId="13" StartOffset="4053"/>
</LocList>
</BasicStmnt>
<LoopStmnt CovItemId="S40" CovItemPrefix="cabra.Zipper.java" Intrnl_Id="1179" MltplExecId="L4-2" MltplExecPrefix="cabra.Zipper.java" NvrExecId="L4-0" NvrExecPrefix="cabra.Zipper.java" OnceExecutedId="L4-1" OnceExecutedPrefix="cabra.Zipper.java" OptBodyExec="true">
<StmntSeq Intrnl_Id="1180">
<LocList>
<Loc EndOffset="4228" SrcFileId="13" StartOffset="4202"/>
</LocList>
<BasicStmnt CovItemId="S41" CovItemPrefix="cabra.Zipper.java" Intrnl_Id="1181">
<LocList>
<Loc EndOffset="4228" SrcFileId="13" StartOffset="4202"/>
</LocList>
</BasicStmnt>
</StmntSeq>
<Keyword EndOffset="4118" SrcFileId="13" StartOffset="4113"/>
<LocList>
<Loc EndOffset="4242" SrcFileId="13" StartOffset="4113"/>
</LocList>
</LoopStmnt>
<BasicStmnt CovItemId="S42" CovItemPrefix="cabra.Zipper.java" Intrnl_Id="1182">
<LocList>
<Loc EndOffset="4270" SrcFileId="13" StartOffset="4255"/>
</LocList>
</BasicStmnt>
</StmntSeq>
<Keyword EndOffset="3671" SrcFileId="13" StartOffset="3668"/>
<LocList>
<Loc EndOffset="4281" SrcFileId="13" StartOffset="3668"/>
</LocList>
<RootTerm CovItemId="C8" CovItemPrefix="cabra.Zipper.java" Intrnl_Id="1183">
<BasicBoolTerm Intrnl_Id="1184">
<LocList>
<Loc EndOffset="3696" SrcFileId="13" StartOffset="3682"/>
</LocList>
</BasicBoolTerm>
</RootTerm>
</LoopStmnt>
<BasicStmnt CovItemId="S43" CovItemPrefix="cabra.Zipper.java" Intrnl_Id="1185">
<LocList>
<Loc EndOffset="4303" SrcFileId="13" StartOffset="4291"/>
</LocList>
</BasicStmnt>
<BasicStmnt CovItemId="S44" CovItemPrefix="cabra.Zipper.java" Intrnl_Id="1186">
<LocList>
<Loc EndOffset="4324" SrcFileId="13" StartOffset="4313"/>
</LocList>
</BasicStmnt>
<CondStmnt CovItemId="S23" CovItemPrefix="cabra.Zipper.java" Intrnl_Id="1187">
<Branch CovItemId="B9" CovItemPrefix="cabra.Zipper.java" Implct="true" Intrnl_Id="1188">
<Cond/>
<LocList/>
<StmntSeq Intrnl_Id="1189">
<LocList/>
</StmntSeq>
</Branch>
<Branch CovItemId="B14" CovItemPrefix="cabra.Zipper.java" Implct="false" Intrnl_Id="1190">
<Cond>
<Loc EndOffset="4351" SrcFileId="13" StartOffset="4333"/>
</Cond>
<LocList>
<Loc EndOffset="4478" SrcFileId="13" StartOffset="4352"/>
</LocList>
<StmntSeq Intrnl_Id="1191">
<LocList>
<Loc EndOffset="4418" SrcFileId="13" StartOffset="4363"/>
<Loc EndOffset="4448" SrcFileId="13" StartOffset="4428"/>
<Loc EndOffset="4470" SrcFileId="13" StartOffset="4458"/>
</LocList>
<BasicStmnt CovItemId="S45" CovItemPrefix="cabra.Zipper.java" Intrnl_Id="1192">
<LocList>
<Loc EndOffset="4418" SrcFileId="13" StartOffset="4363"/>
</LocList>
</BasicStmnt>
<BasicStmnt CovItemId="S46" CovItemPrefix="cabra.Zipper.java" Intrnl_Id="1193">
<LocList>
<Loc EndOffset="4448" SrcFileId="13" StartOffset="4428"/>
</LocList>
</BasicStmnt>
<BasicStmnt CovItemId="S47" CovItemPrefix="cabra.Zipper.java" Intrnl_Id="1194">
<LocList>
<Loc EndOffset="4470" SrcFileId="13" StartOffset="4458"/>
</LocList>
</BasicStmnt>
</StmntSeq>
</Branch>
<Keyword EndOffset="2697" SrcFileId="13" StartOffset="2694"/>
<LocList>
<Loc EndOffset="4478" SrcFileId="13" StartOffset="2694"/>
</LocList>
</CondStmnt>
</StmntSeq>
</HierarchyLvl>
</HierarchyLvl>
<HierarchyLvl HierarchyLvlId="1128" HierarchyLvlTypeId="66" Intrnl_Id="1195" Name="Utils">
<Header>
<Loc EndOffset="363" SrcFileId="14" StartOffset="339"/>
</Header>
<LocList>
<Loc EndOffset="20092" SrcFileId="14" StartOffset="339"/>
</LocList>
<HierarchyLvl HierarchyLvlId="1093" HierarchyLvlTypeId="67" Intrnl_Id="1196" Name="Utils">
<Header>
<Loc EndOffset="390" SrcFileId="14" StartOffset="375"/>
</Header>
<LocList>
<Loc EndOffset="392" SrcFileId="14" StartOffset="375"/>
</LocList>
</HierarchyLvl>
<HierarchyLvl HierarchyLvlId="1094" HierarchyLvlTypeId="67" Intrnl_Id="1197" Name="getExtension">
<Header>
<Loc EndOffset="644" SrcFileId="14" StartOffset="600"/>
</Header>
<LocList>
<Loc EndOffset="991" SrcFileId="14" StartOffset="600"/>
</LocList>
<StmntSeq Intrnl_Id="1198">
<LocList>
<Loc EndOffset="678" SrcFileId="14" StartOffset="654"/>
<Loc EndOffset="716" SrcFileId="14" StartOffset="687"/>
<Loc EndOffset="772" SrcFileId="14" StartOffset="740"/>
<Loc EndOffset="955" SrcFileId="14" StartOffset="782"/>
<Loc EndOffset="981" SrcFileId="14" StartOffset="964"/>
</LocList>
<BasicStmnt CovItemId="S1" CovItemPrefix="cabra.Utils.java" Intrnl_Id="1199">
<LocList>
<Loc EndOffset="678" SrcFileId="14" StartOffset="654"/>
</LocList>
</BasicStmnt>
<BasicStmnt CovItemId="S2" CovItemPrefix="cabra.Utils.java" Intrnl_Id="1200">
<LocList>
<Loc EndOffset="716" SrcFileId="14" StartOffset="687"/>
</LocList>
</BasicStmnt>
<BasicStmnt CovItemId="S3" CovItemPrefix="cabra.Utils.java" Intrnl_Id="1201">
<LocList>
<Loc EndOffset="772" SrcFileId="14" StartOffset="740"/>
</LocList>
</BasicStmnt>
<CondStmnt CovItemId="S4" CovItemPrefix="cabra.Utils.java" Intrnl_Id="1202">
<Branch CovItemId="B1" CovItemPrefix="cabra.Utils.java" Implct="false" Intrnl_Id="1203">
<Cond/>
<LocList>
<Loc EndOffset="955" SrcFileId="14" StartOffset="823"/>
</LocList>
<StmntSeq Intrnl_Id="1204">
<LocList>
<Loc EndOffset="945" SrcFileId="14" StartOffset="897"/>
</LocList>
<BasicStmnt CovItemId="S5" CovItemPrefix="cabra.Utils.java" Intrnl_Id="1205">
<LocList>
<Loc EndOffset="945" SrcFileId="14" StartOffset="897"/>
</LocList>
</BasicStmnt>
</StmntSeq>
</Branch>
<Branch CovItemId="B2" CovItemPrefix="cabra.Utils.java" Implct="true" Intrnl_Id="1206">
<Cond/>
<LocList/>
<StmntSeq Intrnl_Id="1207">
<LocList/>
</StmntSeq>
</Branch>
<Keyword EndOffset="784" SrcFileId="14" StartOffset="782"/>
<LocList>
<Loc EndOffset="955" SrcFileId="14" StartOffset="782"/>
</LocList>
<RootTerm CovItemId="C1" CovItemPrefix="cabra.Utils.java" Intrnl_Id="1208">
<OpTerm BooleanOpId="61" Intrnl_Id="1209">
<BasicBoolTerm Intrnl_Id="1210">
<LocList>
<Loc EndOffset="793" SrcFileId="14" StartOffset="786"/>
</LocList>
</BasicBoolTerm>
<BasicBoolTerm Intrnl_Id="1211">
<LocList>
<Loc EndOffset="821" SrcFileId="14" StartOffset="798"/>
</LocList>
</BasicBoolTerm>
<LocList>
<Loc EndOffset="796" SrcFileId="14" StartOffset="794"/>
</LocList>
</OpTerm>
</RootTerm>
</CondStmnt>
<BasicStmnt CovItemId="S6" CovItemPrefix="cabra.Utils.java" Intrnl_Id="1212">
<LocList>
<Loc EndOffset="981" SrcFileId="14" StartOffset="964"/>
</LocList>
</BasicStmnt>
</StmntSeq>
</HierarchyLvl>
<HierarchyLvl HierarchyLvlId="1095" HierarchyLvlTypeId="67" Intrnl_Id="1213" Name="endsWith">
<Header>
<Loc EndOffset="1383" SrcFileId="14" StartOffset="1324"/>
</Header>
<LocList>
<Loc EndOffset="1502" SrcFileId="14" StartOffset="1324"/>
</LocList>
<StmntSeq Intrnl_Id="1214">
<LocList>
<Loc EndOffset="1474" SrcFileId="14" StartOffset="1393"/>
<Loc EndOffset="1496" SrcFileId="14" StartOffset="1483"/>
</LocList>
<LoopStmnt CovItemId="S7" CovItemPrefix="cabra.Utils.java" Intrnl_Id="1215" MltplExecId="L1-2" MltplExecPrefix="cabra.Utils.java" NvrExecId="L1-0" NvrExecPrefix="cabra.Utils.java" OnceExecutedId="L1-1" OnceExecutedPrefix="cabra.Utils.java" OptBodyExec="true">
<StmntSeq Intrnl_Id="1216">
<LocList>
<Loc EndOffset="1464" SrcFileId="14" StartOffset="1429"/>
</LocList>
<CondStmnt CovItemId="S8" CovItemPrefix="cabra.Utils.java" Intrnl_Id="1217">
<Branch CovItemId="B3" CovItemPrefix="cabra.Utils.java" Implct="false" Intrnl_Id="1218">
<Cond/>
<LocList>
<Loc EndOffset="1464" SrcFileId="14" StartOffset="1452"/>
</LocList>
<StmntSeq Intrnl_Id="1219">
<LocList>
<Loc EndOffset="1464" SrcFileId="14" StartOffset="1452"/>
</LocList>
<BasicStmnt CovItemId="S9" CovItemPrefix="cabra.Utils.java" Intrnl_Id="1220">
<LocList>
<Loc EndOffset="1464" SrcFileId="14" StartOffset="1452"/>
</LocList>
</BasicStmnt>
</StmntSeq>
</Branch>
<Branch CovItemId="B4" CovItemPrefix="cabra.Utils.java" Implct="true" Intrnl_Id="1221">
<Cond/>
<LocList/>
<StmntSeq Intrnl_Id="1222">
<LocList/>
</StmntSeq>
</Branch>
<Keyword EndOffset="1431" SrcFileId="14" StartOffset="1429"/>
<LocList>
<Loc EndOffset="1464" SrcFileId="14" StartOffset="1429"/>
</LocList>
<RootTerm CovItemId="C2" CovItemPrefix="cabra.Utils.java" Intrnl_Id="1223">
<BasicBoolTerm Intrnl_Id="1224">
<LocList>
<Loc EndOffset="1450" SrcFileId="14" StartOffset="1432"/>
</LocList>
</BasicBoolTerm>
</RootTerm>
</CondStmnt>
</StmntSeq>
<Keyword EndOffset="1396" SrcFileId="14" StartOffset="1393"/>
<LocList>
<Loc EndOffset="1474" SrcFileId="14" StartOffset="1393"/>
</LocList>
</LoopStmnt>
<BasicStmnt CovItemId="S10" CovItemPrefix="cabra.Utils.java" Intrnl_Id="1225">
<LocList>
<Loc EndOffset="1496" SrcFileId="14" StartOffset="1483"/>
</LocList>
</BasicStmnt>
</StmntSeq>
</HierarchyLvl>
<HierarchyLvl HierarchyLvlId="1096" HierarchyLvlTypeId="67" Intrnl_Id="1226" Name="sanitizeURL">
<Header>
<Loc EndOffset="1746" SrcFileId="14" StartOffset="1702"/>
</Header>
<LocList>
<Loc EndOffset="1795" SrcFileId="14" StartOffset="1702"/>
</LocList>
<StmntSeq Intrnl_Id="1227">
<LocList>
<Loc EndOffset="1789" SrcFileId="14" StartOffset="1756"/>
</LocList>
<BasicStmnt CovItemId="S11" CovItemPrefix="cabra.Utils.java" Intrnl_Id="1228">
<LocList>
<Loc EndOffset="1789" SrcFileId="14" StartOffset="1756"/>
</LocList>
</BasicStmnt>
</StmntSeq>
</HierarchyLvl>
<HierarchyLvl HierarchyLvlId="1097" HierarchyLvlTypeId="67" Intrnl_Id="1229" Name="pushLuck">
<Header>
<Loc EndOffset="2088" SrcFileId="14" StartOffset="2043"/>
</Header>
<LocList>
<Loc EndOffset="2135" SrcFileId="14" StartOffset="2043"/>
</LocList>
<StmntSeq Intrnl_Id="1230">
<LocList>
<Loc EndOffset="2129" SrcFileId="14" StartOffset="2099"/>
</LocList>
<BasicStmnt CovItemId="S12" CovItemPrefix="cabra.Utils.java" Intrnl_Id="1231">
<LocList>
<Loc EndOffset="2129" SrcFileId="14" StartOffset="2099"/>
</LocList>
</BasicStmnt>
</StmntSeq>
</HierarchyLvl>
<HierarchyLvl HierarchyLvlId="1098" HierarchyLvlTypeId="67" Intrnl_Id="1232" Name="arraySum">
<Header>
<Loc EndOffset="2300" SrcFileId="14" StartOffset="2262"/>
</Header>
<LocList>
<Loc EndOffset="2396" SrcFileId="14" StartOffset="2262"/>
</LocList>
<StmntSeq Intrnl_Id="1233">
<LocList>
<Loc EndOffset="2322" SrcFileId="14" StartOffset="2310"/>
<Loc EndOffset="2370" SrcFileId="14" StartOffset="2331"/>
<Loc EndOffset="2390" SrcFileId="14" StartOffset="2379"/>
</LocList>
<BasicStmnt CovItemId="S13" CovItemPrefix="cabra.Utils.java" Intrnl_Id="1234">
<LocList>
<Loc EndOffset="2322" SrcFileId="14" StartOffset="2310"/>
</LocList>
</BasicStmnt>
<LoopStmnt CovItemId="S14" CovItemPrefix="cabra.Utils.java" Intrnl_Id="1235" MltplExecId="L2-2" MltplExecPrefix="cabra.Utils.java" NvrExecId="L2-0" NvrExecPrefix="cabra.Utils.java" OnceExecutedId="L2-1" OnceExecutedPrefix="cabra.Utils.java" OptBodyExec="true">
<StmntSeq Intrnl_Id="1236">
<LocList>
<Loc EndOffset="2370" SrcFileId="14" StartOffset="2361"/>
</LocList>
<BasicStmnt CovItemId="S15" CovItemPrefix="cabra.Utils.java" Intrnl_Id="1237">
<LocList>
<Loc EndOffset="2370" SrcFileId="14" StartOffset="2361"/>
</LocList>
</BasicStmnt>
</StmntSeq>
<Keyword EndOffset="2334" SrcFileId="14" StartOffset="2331"/>
<LocList>
<Loc EndOffset="2370" SrcFileId="14" StartOffset="2331"/>
</LocList>
</LoopStmnt>
<BasicStmnt CovItemId="S16" CovItemPrefix="cabra.Utils.java" Intrnl_Id="1238">
<LocList>
<Loc EndOffset="2390" SrcFileId="14" StartOffset="2379"/>
</LocList>
</BasicStmnt>
</StmntSeq>
</HierarchyLvl>
<HierarchyLvl HierarchyLvlId="1099" HierarchyLvlTypeId="67" Intrnl_Id="1239" Name="average">
<Header>
<Loc EndOffset="2589" SrcFileId="14" StartOffset="2551"/>
</Header>
<LocList>
<Loc EndOffset="2758" SrcFileId="14" StartOffset="2551"/>
</LocList>
<StmntSeq Intrnl_Id="1240">
<LocList>
<Loc EndOffset="2613" SrcFileId="14" StartOffset="2599"/>
<Loc EndOffset="2636" SrcFileId="14" StartOffset="2622"/>
<Loc EndOffset="2722" SrcFileId="14" StartOffset="2645"/>
<Loc EndOffset="2752" SrcFileId="14" StartOffset="2731"/>
</LocList>
<BasicStmnt CovItemId="S17" CovItemPrefix="cabra.Utils.java" Intrnl_Id="1241">
<LocList>
<Loc EndOffset="2613" SrcFileId="14" StartOffset="2599"/>
</LocList>
</BasicStmnt>
<BasicStmnt CovItemId="S18" CovItemPrefix="cabra.Utils.java" Intrnl_Id="1242">
<LocList>
<Loc EndOffset="2636" SrcFileId="14" StartOffset="2622"/>
</LocList>
</BasicStmnt>
<LoopStmnt CovItemId="S19" CovItemPrefix="cabra.Utils.java" Intrnl_Id="1243" MltplExecId="L3-2" MltplExecPrefix="cabra.Utils.java" NvrExecId="L3-0" NvrExecPrefix="cabra.Utils.java" OnceExecutedId="L3-1" OnceExecutedPrefix="cabra.Utils.java" OptBodyExec="true">
<StmntSeq Intrnl_Id="1244">
<LocList>
<Loc EndOffset="2691" SrcFileId="14" StartOffset="2678"/>
<Loc EndOffset="2712" SrcFileId="14" StartOffset="2704"/>
</LocList>
<BasicStmnt CovItemId="S20" CovItemPrefix="cabra.Utils.java" Intrnl_Id="1245">
<LocList>
<Loc EndOffset="2691" SrcFileId="14" StartOffset="2678"/>
</LocList>
</BasicStmnt>
<BasicStmnt CovItemId="S21" CovItemPrefix="cabra.Utils.java" Intrnl_Id="1246">
<LocList>
<Loc EndOffset="2712" SrcFileId="14" StartOffset="2704"/>
</LocList>
</BasicStmnt>
</StmntSeq>
<Keyword EndOffset="2648" SrcFileId="14" StartOffset="2645"/>
<LocList>
<Loc EndOffset="2722" SrcFileId="14" StartOffset="2645"/>
</LocList>
</LoopStmnt>
<BasicStmnt CovItemId="S22" CovItemPrefix="cabra.Utils.java" Intrnl_Id="1247">
<LocList>
<Loc EndOffset="2752" SrcFileId="14" StartOffset="2731"/>
</LocList>
</BasicStmnt>
</StmntSeq>
</HierarchyLvl>
<HierarchyLvl HierarchyLvlId="1100" HierarchyLvlTypeId="67" Intrnl_Id="1248" Name="toPercent">
<Header>
<Loc EndOffset="3077" SrcFileId="14" StartOffset="3024"/>
</Header>
<LocList>
<Loc EndOffset="3265" SrcFileId="14" StartOffset="3024"/>
</LocList>
<StmntSeq Intrnl_Id="1249">
<LocList>
<Loc EndOffset="3174" SrcFileId="14" StartOffset="3138"/>
<Loc EndOffset="3220" SrcFileId="14" StartOffset="3183"/>
<Loc EndOffset="3259" SrcFileId="14" StartOffset="3238"/>
</LocList>
<BasicStmnt CovItemId="S23" CovItemPrefix="cabra.Utils.java" Intrnl_Id="1250">
<LocList>
<Loc EndOffset="3174" SrcFileId="14" StartOffset="3138"/>
</LocList>
</BasicStmnt>
<BasicStmnt CovItemId="S24" CovItemPrefix="cabra.Utils.java" Intrnl_Id="1251">
<LocList>
<Loc EndOffset="3220" SrcFileId="14" StartOffset="3183"/>
</LocList>
</BasicStmnt>
<BasicStmnt CovItemId="S25" CovItemPrefix="cabra.Utils.java" Intrnl_Id="1252">
<LocList>
<Loc EndOffset="3259" SrcFileId="14" StartOffset="3238"/>
</LocList>
</BasicStmnt>
</StmntSeq>
</HierarchyLvl>
<HierarchyLvl HierarchyLvlId="1101" HierarchyLvlTypeId="67" Intrnl_Id="1253" Name="percent">
<Header>
<Loc EndOffset="3476" SrcFileId="14" StartOffset="3428"/>
</Header>
<LocList>
<Loc EndOffset="3815" SrcFileId="14" StartOffset="3428"/>
</LocList>
<StmntSeq Intrnl_Id="1254">
<LocList>
<Loc EndOffset="3584" SrcFileId="14" StartOffset="3486"/>
<Loc EndOffset="3671" SrcFileId="14" StartOffset="3631"/>
<Loc EndOffset="3745" SrcFileId="14" StartOffset="3698"/>
<Loc EndOffset="3809" SrcFileId="14" StartOffset="3794"/>
</LocList>
<CondStmnt CovItemId="S26" CovItemPrefix="cabra.Utils.java" Intrnl_Id="1255">
<Branch CovItemId="B5" CovItemPrefix="cabra.Utils.java" Implct="false" Intrnl_Id="1256">
<Cond/>
<LocList>
<Loc EndOffset="3584" SrcFileId="14" StartOffset="3500"/>
</LocList>
<StmntSeq Intrnl_Id="1257">
<LocList>
<Loc EndOffset="3574" SrcFileId="14" StartOffset="3565"/>
</LocList>
<BasicStmnt CovItemId="S27" CovItemPrefix="cabra.Utils.java" Intrnl_Id="1258">
<LocList>
<Loc EndOffset="3574" SrcFileId="14" StartOffset="3565"/>
</LocList>
</BasicStmnt>
</StmntSeq>
</Branch>
<Branch CovItemId="B6" CovItemPrefix="cabra.Utils.java" Implct="true" Intrnl_Id="1259">
<Cond/>
<LocList/>
<StmntSeq Intrnl_Id="1260">
<LocList/>
</StmntSeq>
</Branch>
<Keyword EndOffset="3488" SrcFileId="14" StartOffset="3486"/>
<LocList>
<Loc EndOffset="3584" SrcFileId="14" StartOffset="3486"/>
</LocList>
<RootTerm CovItemId="C3" CovItemPrefix="cabra.Utils.java" Intrnl_Id="1261">
<BasicBoolTerm Intrnl_Id="1262">
<LocList>
<Loc EndOffset="3499" SrcFileId="14" StartOffset="3489"/>
</LocList>
</BasicBoolTerm>
</RootTerm>
</CondStmnt>
<BasicStmnt CovItemId="S28" CovItemPrefix="cabra.Utils.java" Intrnl_Id="1263">
<LocList>
<Loc EndOffset="3671" SrcFileId="14" StartOffset="3631"/>
</LocList>
</BasicStmnt>
<BasicStmnt CovItemId="S29" CovItemPrefix="cabra.Utils.java" Intrnl_Id="1264">
<LocList>
<Loc EndOffset="3745" SrcFileId="14" StartOffset="3698"/>
</LocList>
</BasicStmnt>
<BasicStmnt CovItemId="S30" CovItemPrefix="cabra.Utils.java" Intrnl_Id="1265">
<LocList>
<Loc EndOffset="3809" SrcFileId="14" StartOffset="3794"/>
</LocList>
</BasicStmnt>
</StmntSeq>
</HierarchyLvl>
<HierarchyLvl HierarchyLvlId="1102" HierarchyLvlTypeId="67" Intrnl_Id="1266" Name="daysToMillis">
<Header>
<Loc EndOffset="4054" SrcFileId="14" StartOffset="4013"/>
</Header>
<LocList>
<Loc EndOffset="4141" SrcFileId="14" StartOffset="4013"/>
</LocList>
<StmntSeq Intrnl_Id="1267">
<LocList>
<Loc EndOffset="4098" SrcFileId="14" StartOffset="4064"/>
</LocList>
<BasicStmnt CovItemId="S31" CovItemPrefix="cabra.Utils.java" Intrnl_Id="1268">
<LocList>
<Loc EndOffset="4098" SrcFileId="14" StartOffset="4064"/>
</LocList>
</BasicStmnt>
</StmntSeq>
</HierarchyLvl>
<HierarchyLvl HierarchyLvlId="1103" HierarchyLvlTypeId="67" Intrnl_Id="1269" Name="toIntegerArray">
<Header>
<Loc EndOffset="4366" SrcFileId="14" StartOffset="4319"/>
</Header>
<LocList>
<Loc EndOffset="4541" SrcFileId="14" StartOffset="4319"/>
</LocList>
<StmntSeq Intrnl_Id="1270">
<LocList>
<Loc EndOffset="4415" SrcFileId="14" StartOffset="4376"/>
<Loc EndOffset="4505" SrcFileId="14" StartOffset="4424"/>
<Loc EndOffset="4535" SrcFileId="14" StartOffset="4523"/>
</LocList>
<BasicStmnt CovItemId="S32" CovItemPrefix="cabra.Utils.java" Intrnl_Id="1271">
<LocList>
<Loc EndOffset="4415" SrcFileId="14" StartOffset="4376"/>
</LocList>
</BasicStmnt>
<LoopStmnt CovItemId="S33" CovItemPrefix="cabra.Utils.java" Intrnl_Id="1272" MltplExecId="L4-2" MltplExecPrefix="cabra.Utils.java" NvrExecId="L4-0" NvrExecPrefix="cabra.Utils.java" OnceExecutedId="L4-1" OnceExecutedPrefix="cabra.Utils.java" OptBodyExec="true">
<StmntSeq Intrnl_Id="1273">
<LocList>
<Loc EndOffset="4495" SrcFileId="14" StartOffset="4467"/>
</LocList>
<BasicStmnt CovItemId="S34" CovItemPrefix="cabra.Utils.java" Intrnl_Id="1274">
<LocList>
<Loc EndOffset="4495" SrcFileId="14" StartOffset="4467"/>
</LocList>
</BasicStmnt>
</StmntSeq>
<Keyword EndOffset="4427" SrcFileId="14" StartOffset="4424"/>
<LocList>
<Loc EndOffset="4505" SrcFileId="14" StartOffset="4424"/>
</LocList>
<RootTerm CovItemId="C4" CovItemPrefix="cabra.Utils.java" Intrnl_Id="1275">
<BasicBoolTerm Intrnl_Id="1276">
<LocList>
<Loc EndOffset="4447" SrcFileId="14" StartOffset="4437"/>
</LocList>
</BasicBoolTerm>
</RootTerm>
</LoopStmnt>
<BasicStmnt CovItemId="S35" CovItemPrefix="cabra.Utils.java" Intrnl_Id="1277">
<LocList>
<Loc EndOffset="4535" SrcFileId="14" StartOffset="4523"/>
</LocList>
</BasicStmnt>
</StmntSeq>
</HierarchyLvl>
<HierarchyLvl HierarchyLvlId="1104" HierarchyLvlTypeId="67" Intrnl_Id="1278" Name="stringWithPlural">
<Header>
<Loc EndOffset="5103" SrcFileId="14" StartOffset="5037"/>
</Header>
<LocList>
<Loc EndOffset="5209" SrcFileId="14" StartOffset="5037"/>
</LocList>
<StmntSeq Intrnl_Id="1279">
<LocList>
<Loc EndOffset="5203" SrcFileId="14" StartOffset="5113"/>
</LocList>
<CondStmnt CovItemId="S36" CovItemPrefix="cabra.Utils.java" Intrnl_Id="1280">
<Branch CovItemId="B7" CovItemPrefix="cabra.Utils.java" Implct="false" Intrnl_Id="1281">
<Cond/>
<LocList>
<Loc EndOffset="5163" SrcFileId="14" StartOffset="5143"/>
</LocList>
<StmntSeq Intrnl_Id="1282">
<LocList>
<Loc EndOffset="5163" SrcFileId="14" StartOffset="5143"/>
</LocList>
<BasicStmnt CovItemId="S37" CovItemPrefix="cabra.Utils.java" Intrnl_Id="1283">
<LocList>
<Loc EndOffset="5163" SrcFileId="14" StartOffset="5143"/>
</LocList>
</BasicStmnt>
</StmntSeq>
</Branch>
<Branch CovItemId="B8" CovItemPrefix="cabra.Utils.java" Implct="false" Intrnl_Id="1284">
<Cond>
<Loc EndOffset="5176" SrcFileId="14" StartOffset="5172"/>
</Cond>
<LocList>
<Loc EndOffset="5203" SrcFileId="14" StartOffset="5189"/>
</LocList>
<StmntSeq Intrnl_Id="1285">
<LocList>
<Loc EndOffset="5203" SrcFileId="14" StartOffset="5189"/>
</LocList>
<BasicStmnt CovItemId="S38" CovItemPrefix="cabra.Utils.java" Intrnl_Id="1286">
<LocList>
<Loc EndOffset="5203" SrcFileId="14" StartOffset="5189"/>
</LocList>
</BasicStmnt>
</StmntSeq>
</Branch>
<Keyword EndOffset="5115" SrcFileId="14" StartOffset="5113"/>
<LocList>
<Loc EndOffset="5203" SrcFileId="14" StartOffset="5113"/>
</LocList>
<RootTerm CovItemId="C5" CovItemPrefix="cabra.Utils.java" Intrnl_Id="1287">
<BasicBoolTerm Intrnl_Id="1288">
<LocList>
<Loc EndOffset="5129" SrcFileId="14" StartOffset="5116"/>
</LocList>
</BasicBoolTerm>
</RootTerm>
</CondStmnt>
</StmntSeq>
</HierarchyLvl>
<HierarchyLvl HierarchyLvlId="1105" HierarchyLvlTypeId="67" Intrnl_Id="1289" Name="numDigits">
<Header>
<Loc EndOffset="5403" SrcFileId="14" StartOffset="5369"/>
</Header>
<LocList>
<Loc EndOffset="5522" SrcFileId="14" StartOffset="5369"/>
</LocList>
<StmntSeq Intrnl_Id="1290">
<LocList>
<Loc EndOffset="5433" SrcFileId="14" StartOffset="5413"/>
<Loc EndOffset="5474" SrcFileId="14" StartOffset="5442"/>
</LocList>
<CondStmnt CovItemId="S39" CovItemPrefix="cabra.Utils.java" Intrnl_Id="1291">
<Branch CovItemId="B9" CovItemPrefix="cabra.Utils.java" Implct="false" Intrnl_Id="1292">
<Cond/>
<LocList>
<Loc EndOffset="5433" SrcFileId="14" StartOffset="5424"/>
</LocList>
<StmntSeq Intrnl_Id="1293">
<LocList>
<Loc EndOffset="5433" SrcFileId="14" StartOffset="5424"/>
</LocList>
<BasicStmnt CovItemId="S40" CovItemPrefix="cabra.Utils.java" Intrnl_Id="1294">
<LocList>
<Loc EndOffset="5433" SrcFileId="14" StartOffset="5424"/>
</LocList>
</BasicStmnt>
</StmntSeq>
</Branch>
<Branch CovItemId="B10" CovItemPrefix="cabra.Utils.java" Implct="true" Intrnl_Id="1295">
<Cond/>
<LocList/>
<StmntSeq Intrnl_Id="1296">
<LocList/>
</StmntSeq>
</Branch>
<Keyword EndOffset="5415" SrcFileId="14" StartOffset="5413"/>
<LocList>
<Loc EndOffset="5433" SrcFileId="14" StartOffset="5413"/>
</LocList>
<RootTerm CovItemId="C6" CovItemPrefix="cabra.Utils.java" Intrnl_Id="1297">
<BasicBoolTerm Intrnl_Id="1298">
<LocList>
<Loc EndOffset="5422" SrcFileId="14" StartOffset="5416"/>
</LocList>
</BasicBoolTerm>
</RootTerm>
</CondStmnt>
<BasicStmnt CovItemId="S41" CovItemPrefix="cabra.Utils.java" Intrnl_Id="1299">
<LocList>
<Loc EndOffset="5474" SrcFileId="14" StartOffset="5442"/>
</LocList>
</BasicStmnt>
</StmntSeq>
</HierarchyLvl>
<HierarchyLvl HierarchyLvlId="1106" HierarchyLvlTypeId="67" Intrnl_Id="1300" Name="padWithLeadingZeroes">
<Header>
<Loc EndOffset="6016" SrcFileId="14" StartOffset="5956"/>
</Header>
<LocList>
<Loc EndOffset="6379" SrcFileId="14" StartOffset="5956"/>
</LocList>
<StmntSeq Intrnl_Id="1301">
<LocList>
<Loc EndOffset="6049" SrcFileId="14" StartOffset="6026"/>
<Loc EndOffset="6132" SrcFileId="14" StartOffset="6090"/>
<Loc EndOffset="6341" SrcFileId="14" StartOffset="6261"/>
<Loc EndOffset="6373" SrcFileId="14" StartOffset="6359"/>
</LocList>
<BasicStmnt CovItemId="S42" CovItemPrefix="cabra.Utils.java" Intrnl_Id="1302">
<LocList>
<Loc EndOffset="6049" SrcFileId="14" StartOffset="6026"/>
</LocList>
</BasicStmnt>
<BasicStmnt CovItemId="S43" CovItemPrefix="cabra.Utils.java" Intrnl_Id="1303">
<LocList>
<Loc EndOffset="6132" SrcFileId="14" StartOffset="6090"/>
</LocList>
</BasicStmnt>
<LoopStmnt CovItemId="S44" CovItemPrefix="cabra.Utils.java" Intrnl_Id="1304" MltplExecId="L5-2" MltplExecPrefix="cabra.Utils.java" NvrExecId="L5-0" NvrExecPrefix="cabra.Utils.java" OnceExecutedId="L5-1" OnceExecutedPrefix="cabra.Utils.java" OptBodyExec="true">
<StmntSeq Intrnl_Id="1305">
<LocList>
<Loc EndOffset="6331" SrcFileId="14" StartOffset="6309"/>
</LocList>
<BasicStmnt CovItemId="S45" CovItemPrefix="cabra.Utils.java" Intrnl_Id="1306">
<LocList>
<Loc EndOffset="6331" SrcFileId="14" StartOffset="6309"/>
</LocList>
</BasicStmnt>
</StmntSeq>
<Keyword EndOffset="6264" SrcFileId="14" StartOffset="6261"/>
<LocList>
<Loc EndOffset="6341" SrcFileId="14" StartOffset="6261"/>
</LocList>
<RootTerm CovItemId="C7" CovItemPrefix="cabra.Utils.java" Intrnl_Id="1307">
<BasicBoolTerm Intrnl_Id="1308">
<LocList>
<Loc EndOffset="6289" SrcFileId="14" StartOffset="6274"/>
</LocList>
</BasicBoolTerm>
</RootTerm>
</LoopStmnt>
<BasicStmnt CovItemId="S46" CovItemPrefix="cabra.Utils.java" Intrnl_Id="1309">
<LocList>
<Loc EndOffset="6373" SrcFileId="14" StartOffset="6359"/>
</LocList>
</BasicStmnt>
</StmntSeq>
</HierarchyLvl>
<HierarchyLvl HierarchyLvlId="1107" HierarchyLvlTypeId="67" Intrnl_Id="1310" Name="stringFromArray">
<Header>
<Loc EndOffset="6680" SrcFileId="14" StartOffset="6628"/>
</Header>
<LocList>
<Loc EndOffset="7018" SrcFileId="14" StartOffset="6628"/>
</LocList>
<StmntSeq Intrnl_Id="1311">
<LocList>
<Loc EndOffset="6710" SrcFileId="14" StartOffset="6690"/>
<Loc EndOffset="6866" SrcFileId="14" StartOffset="6783"/>
<Loc EndOffset="6957" SrcFileId="14" StartOffset="6907"/>
<Loc EndOffset="6980" SrcFileId="14" StartOffset="6966"/>
<Loc EndOffset="7012" SrcFileId="14" StartOffset="6998"/>
</LocList>
<BasicStmnt CovItemId="S47" CovItemPrefix="cabra.Utils.java" Intrnl_Id="1312">
<LocList>
<Loc EndOffset="6710" SrcFileId="14" StartOffset="6690"/>
</LocList>
</BasicStmnt>
<LoopStmnt CovItemId="S48" CovItemPrefix="cabra.Utils.java" Intrnl_Id="1313" MltplExecId="L6-2" MltplExecPrefix="cabra.Utils.java" NvrExecId="L6-0" NvrExecPrefix="cabra.Utils.java" OnceExecutedId="L6-1" OnceExecutedPrefix="cabra.Utils.java" OptBodyExec="true">
<StmntSeq Intrnl_Id="1314">
<LocList>
<Loc EndOffset="6856" SrcFileId="14" StartOffset="6828"/>
</LocList>
<BasicStmnt CovItemId="S49" CovItemPrefix="cabra.Utils.java" Intrnl_Id="1315">
<LocList>
<Loc EndOffset="6856" SrcFileId="14" StartOffset="6828"/>
</LocList>
</BasicStmnt>
</StmntSeq>
<Keyword EndOffset="6786" SrcFileId="14" StartOffset="6783"/>
<LocList>
<Loc EndOffset="6866" SrcFileId="14" StartOffset="6783"/>
</LocList>
</LoopStmnt>
<BasicStmnt CovItemId="S50" CovItemPrefix="cabra.Utils.java" Intrnl_Id="1316">
<LocList>
<Loc EndOffset="6957" SrcFileId="14" StartOffset="6907"/>
</LocList>
</BasicStmnt>
<BasicStmnt CovItemId="S51" CovItemPrefix="cabra.Utils.java" Intrnl_Id="1317">
<LocList>
<Loc EndOffset="6980" SrcFileId="14" StartOffset="6966"/>
</LocList>
</BasicStmnt>
<BasicStmnt CovItemId="S52" CovItemPrefix="cabra.Utils.java" Intrnl_Id="1318">
<LocList>
<Loc EndOffset="7012" SrcFileId="14" StartOffset="6998"/>
</LocList>
</BasicStmnt>
</StmntSeq>
</HierarchyLvl>
<HierarchyLvl HierarchyLvlId="1108" HierarchyLvlTypeId="67" Intrnl_Id="1319" Name="arrayFromString">
<Header>
<Loc EndOffset="7335" SrcFileId="14" StartOffset="7277"/>
</Header>
<LocList>
<Loc EndOffset="7603" SrcFileId="14" StartOffset="7277"/>
</LocList>
<StmntSeq Intrnl_Id="1320">
<LocList>
<Loc EndOffset="7458" SrcFileId="14" StartOffset="7393"/>
<Loc EndOffset="7573" SrcFileId="14" StartOffset="7531"/>
<Loc EndOffset="7597" SrcFileId="14" StartOffset="7582"/>
</LocList>
<BasicStmnt CovItemId="S53" CovItemPrefix="cabra.Utils.java" Intrnl_Id="1321">
<LocList>
<Loc EndOffset="7458" SrcFileId="14" StartOffset="7393"/>
</LocList>
</BasicStmnt>
<BasicStmnt CovItemId="S54" CovItemPrefix="cabra.Utils.java" Intrnl_Id="1322">
<LocList>
<Loc EndOffset="7573" SrcFileId="14" StartOffset="7531"/>
</LocList>
</BasicStmnt>
<BasicStmnt CovItemId="S55" CovItemPrefix="cabra.Utils.java" Intrnl_Id="1323">
<LocList>
<Loc EndOffset="7597" SrcFileId="14" StartOffset="7582"/>
</LocList>
</BasicStmnt>
</StmntSeq>
</HierarchyLvl>
<HierarchyLvl HierarchyLvlId="1109" HierarchyLvlTypeId="67" Intrnl_Id="1324" Name="purgeFolder">
<Header>
<Loc EndOffset="7801" SrcFileId="14" StartOffset="7758"/>
</Header>
<LocList>
<Loc EndOffset="7933" SrcFileId="14" StartOffset="7758"/>
</LocList>
<StmntSeq Intrnl_Id="1325">
<LocList>
<Loc EndOffset="7927" SrcFileId="14" StartOffset="7851"/>
</LocList>
<LoopStmnt CovItemId="S56" CovItemPrefix="cabra.Utils.java" Intrnl_Id="1326" MltplExecId="L7-2" MltplExecPrefix="cabra.Utils.java" NvrExecId="L7-0" NvrExecPrefix="cabra.Utils.java" OnceExecutedId="L7-1" OnceExecutedPrefix="cabra.Utils.java" OptBodyExec="true">
<StmntSeq Intrnl_Id="1327">
<LocList>
<Loc EndOffset="7917" SrcFileId="14" StartOffset="7900"/>
</LocList>
<BasicStmnt CovItemId="S57" CovItemPrefix="cabra.Utils.java" Intrnl_Id="1328">
<LocList>
<Loc EndOffset="7917" SrcFileId="14" StartOffset="7900"/>
</LocList>
</BasicStmnt>
</StmntSeq>
<Keyword EndOffset="7854" SrcFileId="14" StartOffset="7851"/>
<LocList>
<Loc EndOffset="7927" SrcFileId="14" StartOffset="7851"/>
</LocList>
</LoopStmnt>
</StmntSeq>
</HierarchyLvl>
<HierarchyLvl HierarchyLvlId="1110" HierarchyLvlTypeId="67" Intrnl_Id="1329" Name="obliterate">
<Header>
<Loc EndOffset="8089" SrcFileId="14" StartOffset="8049"/>
</Header>
<LocList>
<Loc EndOffset="8462" SrcFileId="14" StartOffset="8049"/>
</LocList>
<StmntSeq Intrnl_Id="1330">
<LocList>
<Loc EndOffset="8456" SrcFileId="14" StartOffset="8099"/>
</LocList>
<CondStmnt CovItemId="S58" CovItemPrefix="cabra.Utils.java" Intrnl_Id="1331">
<Branch CovItemId="B11" CovItemPrefix="cabra.Utils.java" Implct="false" Intrnl_Id="1332">
<Cond/>
<LocList>
<Loc EndOffset="8187" SrcFileId="14" StartOffset="8116"/>
</LocList>
<StmntSeq Intrnl_Id="1333">
<LocList>
<Loc EndOffset="8144" SrcFileId="14" StartOffset="8130"/>
<Loc EndOffset="8177" SrcFileId="14" StartOffset="8157"/>
</LocList>
<BasicStmnt CovItemId="S59" CovItemPrefix="cabra.Utils.java" Intrnl_Id="1334">
<LocList>
<Loc EndOffset="8144" SrcFileId="14" StartOffset="8130"/>
</LocList>
</BasicStmnt>
<BasicStmnt CovItemId="S60" CovItemPrefix="cabra.Utils.java" Intrnl_Id="1335">
<LocList>
<Loc EndOffset="8177" SrcFileId="14" StartOffset="8157"/>
</LocList>
</BasicStmnt>
</StmntSeq>
</Branch>
<Branch CovItemId="B12" CovItemPrefix="cabra.Utils.java" Implct="false" Intrnl_Id="1336">
<Cond>
<Loc EndOffset="8200" SrcFileId="14" StartOffset="8196"/>
</Cond>
<LocList>
<Loc EndOffset="8456" SrcFileId="14" StartOffset="8201"/>
</LocList>
<StmntSeq Intrnl_Id="1337">
<LocList>
<Loc EndOffset="8456" SrcFileId="14" StartOffset="8201"/>
</LocList>
<CondStmnt CovItemId="S61" CovItemPrefix="cabra.Utils.java" Intrnl_Id="1338">
<Branch CovItemId="B13" CovItemPrefix="cabra.Utils.java" Implct="false" Intrnl_Id="1339">
<Cond/>
<LocList>
<Loc EndOffset="8456" SrcFileId="14" StartOffset="8223"/>
</LocList>
<StmntSeq Intrnl_Id="1340">
<LocList>
<Loc EndOffset="8386" SrcFileId="14" StartOffset="8302"/>
<Loc EndOffset="8413" SrcFileId="14" StartOffset="8399"/>
<Loc EndOffset="8446" SrcFileId="14" StartOffset="8426"/>
</LocList>
<LoopStmnt CovItemId="S62" CovItemPrefix="cabra.Utils.java" Intrnl_Id="1341" MltplExecId="L8-2" MltplExecPrefix="cabra.Utils.java" NvrExecId="L8-0" NvrExecPrefix="cabra.Utils.java" OnceExecutedId="L8-1" OnceExecutedPrefix="cabra.Utils.java" OptBodyExec="true">
<StmntSeq Intrnl_Id="1342">
<LocList>
<Loc EndOffset="8372" SrcFileId="14" StartOffset="8354"/>
</LocList>
<BasicStmnt CovItemId="S63" CovItemPrefix="cabra.Utils.java" Intrnl_Id="1343">
<LocList>
<Loc EndOffset="8372" SrcFileId="14" StartOffset="8354"/>
</LocList>
</BasicStmnt>
</StmntSeq>
<Keyword EndOffset="8305" SrcFileId="14" StartOffset="8302"/>
<LocList>
<Loc EndOffset="8386" SrcFileId="14" StartOffset="8302"/>
</LocList>
</LoopStmnt>
<BasicStmnt CovItemId="S64" CovItemPrefix="cabra.Utils.java" Intrnl_Id="1344">
<LocList>
<Loc EndOffset="8413" SrcFileId="14" StartOffset="8399"/>
</LocList>
</BasicStmnt>
<BasicStmnt CovItemId="S65" CovItemPrefix="cabra.Utils.java" Intrnl_Id="1345">
<LocList>
<Loc EndOffset="8446" SrcFileId="14" StartOffset="8426"/>
</LocList>
</BasicStmnt>
</StmntSeq>
</Branch>
<Branch CovItemId="B14" CovItemPrefix="cabra.Utils.java" Implct="true" Intrnl_Id="1346">
<Cond/>
<LocList/>
<StmntSeq Intrnl_Id="1347">
<LocList/>
</StmntSeq>
</Branch>
<Keyword EndOffset="8203" SrcFileId="14" StartOffset="8201"/>
<LocList>
<Loc EndOffset="8456" SrcFileId="14" StartOffset="8201"/>
</LocList>
<RootTerm CovItemId="C9" CovItemPrefix="cabra.Utils.java" Intrnl_Id="1348">
<BasicBoolTerm Intrnl_Id="1349">
<LocList>
<Loc EndOffset="8222" SrcFileId="14" StartOffset="8204"/>
</LocList>
</BasicBoolTerm>
</RootTerm>
</CondStmnt>
</StmntSeq>
</Branch>
<Keyword EndOffset="8101" SrcFileId="14" StartOffset="8099"/>
<LocList>
<Loc EndOffset="8456" SrcFileId="14" StartOffset="8099"/>
</LocList>
<RootTerm CovItemId="C8" CovItemPrefix="cabra.Utils.java" Intrnl_Id="1350">
<BasicBoolTerm Intrnl_Id="1351">
<LocList>
<Loc EndOffset="8115" SrcFileId="14" StartOffset="8102"/>
</LocList>
</BasicBoolTerm>
</RootTerm>
</CondStmnt>
</StmntSeq>
</HierarchyLvl>
<HierarchyLvl HierarchyLvlId="1113" HierarchyLvlTypeId="67" Intrnl_Id="1352" Name="createAdvicePanel">
<Header>
<Loc EndOffset="8703" SrcFileId="14" StartOffset="8652"/>
</Header>
<LocList>
<Loc EndOffset="9254" SrcFileId="14" StartOffset="8652"/>
</LocList>
<StmntSeq Intrnl_Id="1353">
<LocList>
<Loc EndOffset="8732" SrcFileId="14" StartOffset="8717"/>
<Loc EndOffset="8969" SrcFileId="14" StartOffset="8968"/>
<Loc EndOffset="9015" SrcFileId="14" StartOffset="8982"/>
<Loc EndOffset="9073" SrcFileId="14" StartOffset="9028"/>
<Loc EndOffset="9191" SrcFileId="14" StartOffset="9144"/>
<Loc EndOffset="9222" SrcFileId="14" StartOffset="9204"/>
<Loc EndOffset="9248" SrcFileId="14" StartOffset="9235"/>
</LocList>
<BasicStmnt CovItemId="S66" CovItemPrefix="cabra.Utils.java" Intrnl_Id="1354">
<LocList>
<Loc EndOffset="8732" SrcFileId="14" StartOffset="8717"/>
<Loc EndOffset="8969" SrcFileId="14" StartOffset="8968"/>
</LocList>
</BasicStmnt>
<BasicStmnt CovItemId="S69" CovItemPrefix="cabra.Utils.java" Intrnl_Id="1355">
<LocList>
<Loc EndOffset="9015" SrcFileId="14" StartOffset="8982"/>
</LocList>
</BasicStmnt>
<BasicStmnt CovItemId="S70" CovItemPrefix="cabra.Utils.java" Intrnl_Id="1356">
<LocList>
<Loc EndOffset="9073" SrcFileId="14" StartOffset="9028"/>
</LocList>
</BasicStmnt>
<BasicStmnt CovItemId="S71" CovItemPrefix="cabra.Utils.java" Intrnl_Id="1357">
<LocList>
<Loc EndOffset="9191" SrcFileId="14" StartOffset="9144"/>
</LocList>
</BasicStmnt>
<BasicStmnt CovItemId="S72" CovItemPrefix="cabra.Utils.java" Intrnl_Id="1358">
<LocList>
<Loc EndOffset="9222" SrcFileId="14" StartOffset="9204"/>
</LocList>
</BasicStmnt>
<BasicStmnt CovItemId="S73" CovItemPrefix="cabra.Utils.java" Intrnl_Id="1359">
<LocList>
<Loc EndOffset="9248" SrcFileId="14" StartOffset="9235"/>
</LocList>
</BasicStmnt>
</StmntSeq>
<HierarchyLvl HierarchyLvlId="1112" HierarchyLvlTypeId="69" Intrnl_Id="1360" Name="JPanel">
<Header>
<Loc EndOffset="8749" SrcFileId="14" StartOffset="8736"/>
</Header>
<LocList>
<Loc EndOffset="8968" SrcFileId="14" StartOffset="8732"/>
</LocList>
<HierarchyLvl HierarchyLvlId="1111" HierarchyLvlTypeId="67" Intrnl_Id="1361" Name="paintComponent">
<Header>
<Loc EndOffset="8831" SrcFileId="14" StartOffset="8763"/>
</Header>
<LocList>
<Loc EndOffset="8954" SrcFileId="14" StartOffset="8763"/>
</LocList>
<StmntSeq Intrnl_Id="1362">
<LocList>
<Loc EndOffset="8881" SrcFileId="14" StartOffset="8857"/>
<Loc EndOffset="8932" SrcFileId="14" StartOffset="8906"/>
</LocList>
<BasicStmnt CovItemId="S67" CovItemPrefix="cabra.Utils.java" Intrnl_Id="1363">
<LocList>
<Loc EndOffset="8881" SrcFileId="14" StartOffset="8857"/>
</LocList>
</BasicStmnt>
<BasicStmnt CovItemId="S68" CovItemPrefix="cabra.Utils.java" Intrnl_Id="1364">
<LocList>
<Loc EndOffset="8932" SrcFileId="14" StartOffset="8906"/>
</LocList>
</BasicStmnt>
</StmntSeq>
</HierarchyLvl>
</HierarchyLvl>
</HierarchyLvl>
<HierarchyLvl HierarchyLvlId="1114" HierarchyLvlTypeId="67" Intrnl_Id="1365" Name="browse">
<Header>
<Loc EndOffset="9412" SrcFileId="14" StartOffset="9375"/>
</Header>
<LocList>
<Loc EndOffset="9962" SrcFileId="14" StartOffset="9375"/>
</LocList>
<StmntSeq Intrnl_Id="1366">
<LocList>
<Loc EndOffset="9444" SrcFileId="14" StartOffset="9421"/>
<Loc EndOffset="9476" SrcFileId="14" StartOffset="9452"/>
<Loc EndOffset="9541" SrcFileId="14" StartOffset="9484"/>
<Loc EndOffset="9593" SrcFileId="14" StartOffset="9565"/>
<Loc EndOffset="9625" SrcFileId="14" StartOffset="9605"/>
<Loc EndOffset="9942" SrcFileId="14" StartOffset="9549"/>
</LocList>
<BasicStmnt CovItemId="S74" CovItemPrefix="cabra.Utils.java" Intrnl_Id="1367">
<LocList>
<Loc EndOffset="9444" SrcFileId="14" StartOffset="9421"/>
</LocList>
</BasicStmnt>
<BasicStmnt CovItemId="S75" CovItemPrefix="cabra.Utils.java" Intrnl_Id="1368">
<LocList>
<Loc EndOffset="9476" SrcFileId="14" StartOffset="9452"/>
</LocList>
</BasicStmnt>
<BasicStmnt CovItemId="S76" CovItemPrefix="cabra.Utils.java" Intrnl_Id="1369">
<LocList>
<Loc EndOffset="9541" SrcFileId="14" StartOffset="9484"/>
</LocList>
</BasicStmnt>
<BasicStmnt CovItemId="S78" CovItemPrefix="cabra.Utils.java" Intrnl_Id="1370">
<LocList>
<Loc EndOffset="9593" SrcFileId="14" StartOffset="9565"/>
</LocList>
</BasicStmnt>
<BasicStmnt CovItemId="S79" CovItemPrefix="cabra.Utils.java" Intrnl_Id="1371">
<LocList>
<Loc EndOffset="9625" SrcFileId="14" StartOffset="9605"/>
</LocList>
</BasicStmnt>
<CondStmnt CovItemId="S77" CovItemPrefix="cabra.Utils.java" Intrnl_Id="1372">
<Branch CovItemId="B15" CovItemPrefix="cabra.Utils.java" Implct="true" Intrnl_Id="1373">
<Cond/>
<LocList/>
<StmntSeq Intrnl_Id="1374">
<LocList/>
</StmntSeq>
</Branch>
<Branch CovItemId="B16" CovItemPrefix="cabra.Utils.java" Implct="false" Intrnl_Id="1375">
<Cond>
<Loc EndOffset="9671" SrcFileId="14" StartOffset="9642"/>
</Cond>
<LocList>
<Loc EndOffset="9777" SrcFileId="14" StartOffset="9671"/>
</LocList>
<StmntSeq Intrnl_Id="1376">
<LocList>
<Loc EndOffset="9768" SrcFileId="14" StartOffset="9706"/>
</LocList>
<BasicStmnt CovItemId="S80" CovItemPrefix="cabra.Utils.java" Intrnl_Id="1377">
<LocList>
<Loc EndOffset="9768" SrcFileId="14" StartOffset="9706"/>
</LocList>
</BasicStmnt>
</StmntSeq>
</Branch>
<Branch CovItemId="B17" CovItemPrefix="cabra.Utils.java" Implct="false" Intrnl_Id="1378">
<Cond>
<Loc EndOffset="9822" SrcFileId="14" StartOffset="9785"/>
</Cond>
<LocList>
<Loc EndOffset="9942" SrcFileId="14" StartOffset="9822"/>
</LocList>
<StmntSeq Intrnl_Id="1379">
<LocList>
<Loc EndOffset="9933" SrcFileId="14" StartOffset="9873"/>
</LocList>
<BasicStmnt CovItemId="S81" CovItemPrefix="cabra.Utils.java" Intrnl_Id="1380">
<LocList>
<Loc EndOffset="9933" SrcFileId="14" StartOffset="9873"/>
</LocList>
</BasicStmnt>
</StmntSeq>
</Branch>
<Keyword EndOffset="9552" SrcFileId="14" StartOffset="9549"/>
<LocList>
<Loc EndOffset="9942" SrcFileId="14" StartOffset="9549"/>
</LocList>
</CondStmnt>
</StmntSeq>
</HierarchyLvl>
<HierarchyLvl HierarchyLvlId="1117" HierarchyLvlTypeId="67" Intrnl_Id="1381" Name="createEditorPane">
<Header>
<Loc EndOffset="10250" SrcFileId="14" StartOffset="10174"/>
</Header>
<LocList>
<Loc EndOffset="11854" SrcFileId="14" StartOffset="10174"/>
</LocList>
<StmntSeq Intrnl_Id="1382">
<LocList>
<Loc EndOffset="10331" SrcFileId="14" StartOffset="10288"/>
<Loc EndOffset="10370" SrcFileId="14" StartOffset="10340"/>
<Loc EndOffset="10426" SrcFileId="14" StartOffset="10379"/>
<Loc EndOffset="10490" SrcFileId="14" StartOffset="10466"/>
<Loc EndOffset="10549" SrcFileId="14" StartOffset="10517"/>
<Loc EndOffset="10689" SrcFileId="14" StartOffset="10500"/>
<Loc EndOffset="10962" SrcFileId="14" StartOffset="10698"/>
<Loc EndOffset="11032" SrcFileId="14" StartOffset="11000"/>
<Loc EndOffset="11300" SrcFileId="14" StartOffset="11298"/>
<Loc EndOffset="11398" SrcFileId="14" StartOffset="11345"/>
<Loc EndOffset="11484" SrcFileId="14" StartOffset="11407"/>
<Loc EndOffset="11577" SrcFileId="14" StartOffset="11493"/>
<Loc EndOffset="11725" SrcFileId="14" StartOffset="11670"/>
<Loc EndOffset="11756" SrcFileId="14" StartOffset="11734"/>
<Loc EndOffset="11826" SrcFileId="14" StartOffset="11765"/>
<Loc EndOffset="11848" SrcFileId="14" StartOffset="11835"/>
</LocList>
<BasicStmnt CovItemId="S82" CovItemPrefix="cabra.Utils.java" Intrnl_Id="1383">
<LocList>
<Loc EndOffset="10331" SrcFileId="14" StartOffset="10288"/>
</LocList>
</BasicStmnt>
<BasicStmnt CovItemId="S83" CovItemPrefix="cabra.Utils.java" Intrnl_Id="1384">
<LocList>
<Loc EndOffset="10370" SrcFileId="14" StartOffset="10340"/>
</LocList>
</BasicStmnt>
<BasicStmnt CovItemId="S84" CovItemPrefix="cabra.Utils.java" Intrnl_Id="1385">
<LocList>
<Loc EndOffset="10426" SrcFileId="14" StartOffset="10379"/>
</LocList>
</BasicStmnt>
<BasicStmnt CovItemId="S85" CovItemPrefix="cabra.Utils.java" Intrnl_Id="1386">
<LocList>
<Loc EndOffset="10490" SrcFileId="14" StartOffset="10466"/>
</LocList>
</BasicStmnt>
<BasicStmnt CovItemId="S87" CovItemPrefix="cabra.Utils.java" Intrnl_Id="1387">
<LocList>
<Loc EndOffset="10549" SrcFileId="14" StartOffset="10517"/>
</LocList>
</BasicStmnt>
<CondStmnt CovItemId="S86" CovItemPrefix="cabra.Utils.java" Intrnl_Id="1388">
<Branch CovItemId="B18" CovItemPrefix="cabra.Utils.java" Implct="true" Intrnl_Id="1389">
<Cond/>
<LocList/>
<StmntSeq Intrnl_Id="1390">
<LocList/>
</StmntSeq>
</Branch>
<Branch CovItemId="B19" CovItemPrefix="cabra.Utils.java" Implct="false" Intrnl_Id="1391">
<Cond>
<Loc EndOffset="10607" SrcFileId="14" StartOffset="10568"/>
</Cond>
<LocList>
<Loc EndOffset="10689" SrcFileId="14" StartOffset="10607"/>
</LocList>
<StmntSeq Intrnl_Id="1392">
<LocList>
<Loc EndOffset="10679" SrcFileId="14" StartOffset="10643"/>
</LocList>
<BasicStmnt CovItemId="S88" CovItemPrefix="cabra.Utils.java" Intrnl_Id="1393">
<LocList>
<Loc EndOffset="10679" SrcFileId="14" StartOffset="10643"/>
</LocList>
</BasicStmnt>
</StmntSeq>
</Branch>
<Keyword EndOffset="10503" SrcFileId="14" StartOffset="10500"/>
<LocList>
<Loc EndOffset="10689" SrcFileId="14" StartOffset="10500"/>
</LocList>
</CondStmnt>
<CondStmnt CovItemId="S89" CovItemPrefix="cabra.Utils.java" Intrnl_Id="1394">
<Branch CovItemId="B20" CovItemPrefix="cabra.Utils.java" Implct="false" Intrnl_Id="1395">
<Cond/>
<LocList>
<Loc EndOffset="10962" SrcFileId="14" StartOffset="10713"/>
</LocList>
<StmntSeq Intrnl_Id="1396">
<LocList>
<Loc EndOffset="10772" SrcFileId="14" StartOffset="10748"/>
<Loc EndOffset="10952" SrcFileId="14" StartOffset="10727"/>
</LocList>
<BasicStmnt CovItemId="S91" CovItemPrefix="cabra.Utils.java" Intrnl_Id="1397">
<LocList>
<Loc EndOffset="10772" SrcFileId="14" StartOffset="10748"/>
</LocList>
</BasicStmnt>
<CondStmnt CovItemId="S90" CovItemPrefix="cabra.Utils.java" Intrnl_Id="1398">
<Branch CovItemId="B22" CovItemPrefix="cabra.Utils.java" Implct="true" Intrnl_Id="1399">
<Cond/>
<LocList/>
<StmntSeq Intrnl_Id="1400">
<LocList/>
</StmntSeq>
</Branch>
<Branch CovItemId="B23" CovItemPrefix="cabra.Utils.java" Implct="false" Intrnl_Id="1401">
<Cond>
<Loc EndOffset="10828" SrcFileId="14" StartOffset="10799"/>
</Cond>
<LocList>
<Loc EndOffset="10952" SrcFileId="14" StartOffset="10828"/>
</LocList>
<StmntSeq Intrnl_Id="1402">
<LocList/>
</StmntSeq>
</Branch>
<Keyword EndOffset="10730" SrcFileId="14" StartOffset="10727"/>
<LocList>
<Loc EndOffset="10952" SrcFileId="14" StartOffset="10727"/>
</LocList>
</CondStmnt>
</StmntSeq>
</Branch>
<Branch CovItemId="B21" CovItemPrefix="cabra.Utils.java" Implct="true" Intrnl_Id="1403">
<Cond/>
<LocList/>
<StmntSeq Intrnl_Id="1404">
<LocList/>
</StmntSeq>
</Branch>
<Keyword EndOffset="10700" SrcFileId="14" StartOffset="10698"/>
<LocList>
<Loc EndOffset="10962" SrcFileId="14" StartOffset="10698"/>
</LocList>
<RootTerm CovItemId="C10" CovItemPrefix="cabra.Utils.java" Intrnl_Id="1405">
<BasicBoolTerm Intrnl_Id="1406">
<LocList>
<Loc EndOffset="10712" SrcFileId="14" StartOffset="10701"/>
</LocList>
</BasicBoolTerm>
</RootTerm>
</CondStmnt>
<BasicStmnt CovItemId="S92" CovItemPrefix="cabra.Utils.java" Intrnl_Id="1407">
<LocList>
<Loc EndOffset="11032" SrcFileId="14" StartOffset="11000"/>
<Loc EndOffset="11300" SrcFileId="14" StartOffset="11298"/>
</LocList>
</BasicStmnt>
<BasicStmnt CovItemId="S95" CovItemPrefix="cabra.Utils.java" Intrnl_Id="1408">
<LocList>
<Loc EndOffset="11398" SrcFileId="14" StartOffset="11345"/>
</LocList>
</BasicStmnt>
<BasicStmnt CovItemId="S96" CovItemPrefix="cabra.Utils.java" Intrnl_Id="1409">
<LocList>
<Loc EndOffset="11484" SrcFileId="14" StartOffset="11407"/>
</LocList>
</BasicStmnt>
<BasicStmnt CovItemId="S97" CovItemPrefix="cabra.Utils.java" Intrnl_Id="1410">
<LocList>
<Loc EndOffset="11577" SrcFileId="14" StartOffset="11493"/>
</LocList>
</BasicStmnt>
<BasicStmnt CovItemId="S98" CovItemPrefix="cabra.Utils.java" Intrnl_Id="1411">
<LocList>
<Loc EndOffset="11725" SrcFileId="14" StartOffset="11670"/>
</LocList>
</BasicStmnt>
<BasicStmnt CovItemId="S99" CovItemPrefix="cabra.Utils.java" Intrnl_Id="1412">
<LocList>
<Loc EndOffset="11756" SrcFileId="14" StartOffset="11734"/>
</LocList>
</BasicStmnt>
<BasicStmnt CovItemId="S100" CovItemPrefix="cabra.Utils.java" Intrnl_Id="1413">
<LocList>
<Loc EndOffset="11826" SrcFileId="14" StartOffset="11765"/>
</LocList>
</BasicStmnt>
<BasicStmnt CovItemId="S101" CovItemPrefix="cabra.Utils.java" Intrnl_Id="1414">
<LocList>
<Loc EndOffset="11848" SrcFileId="14" StartOffset="11835"/>
</LocList>
</BasicStmnt>
</StmntSeq>
<HierarchyLvl HierarchyLvlId="1116" HierarchyLvlTypeId="69" Intrnl_Id="1415" Name="HyperlinkListener">
<Header>
<Loc EndOffset="11055" SrcFileId="14" StartOffset="11036"/>
</Header>
<LocList>
<Loc EndOffset="11298" SrcFileId="14" StartOffset="11032"/>
</LocList>
<HierarchyLvl HierarchyLvlId="1115" HierarchyLvlTypeId="67" Intrnl_Id="1416" Name="hyperlinkUpdate">
<Header>
<Loc EndOffset="11117" SrcFileId="14" StartOffset="11070"/>
</Header>
<LocList>
<Loc EndOffset="11288" SrcFileId="14" StartOffset="11070"/>
</LocList>
<StmntSeq Intrnl_Id="1417">
<LocList>
<Loc EndOffset="11274" SrcFileId="14" StartOffset="11136"/>
</LocList>
<CondStmnt CovItemId="S93" CovItemPrefix="cabra.Utils.java" Intrnl_Id="1418">
<Branch CovItemId="B24" CovItemPrefix="cabra.Utils.java" Implct="false" Intrnl_Id="1419">
<Cond/>
<LocList>
<Loc EndOffset="11274" SrcFileId="14" StartOffset="11196"/>
</LocList>
<StmntSeq Intrnl_Id="1420">
<LocList>
<Loc EndOffset="11256" SrcFileId="14" StartOffset="11218"/>
</LocList>
<BasicStmnt CovItemId="S94" CovItemPrefix="cabra.Utils.java" Intrnl_Id="1421">
<LocList>
<Loc EndOffset="11256" SrcFileId="14" StartOffset="11218"/>
</LocList>
</BasicStmnt>
</StmntSeq>
</Branch>
<Branch CovItemId="B25" CovItemPrefix="cabra.Utils.java" Implct="true" Intrnl_Id="1422">
<Cond/>
<LocList/>
<StmntSeq Intrnl_Id="1423">
<LocList/>
</StmntSeq>
</Branch>
<Keyword EndOffset="11138" SrcFileId="14" StartOffset="11136"/>
<LocList>
<Loc EndOffset="11274" SrcFileId="14" StartOffset="11136"/>
</LocList>
<RootTerm CovItemId="C11" CovItemPrefix="cabra.Utils.java" Intrnl_Id="1424">
<BasicBoolTerm Intrnl_Id="1425">
<LocList>
<Loc EndOffset="11195" SrcFileId="14" StartOffset="11139"/>
</LocList>
</BasicBoolTerm>
</RootTerm>
</CondStmnt>
</StmntSeq>
</HierarchyLvl>
</HierarchyLvl>
</HierarchyLvl>
<HierarchyLvl HierarchyLvlId="1118" HierarchyLvlTypeId="67" Intrnl_Id="1426" Name="openURLinDialog">
<Header>
<Loc EndOffset="12259" SrcFileId="14" StartOffset="12168"/>
</Header>
<LocList>
<Loc EndOffset="12333" SrcFileId="14" StartOffset="12168"/>
</LocList>
<StmntSeq Intrnl_Id="1427">
<LocList>
<Loc EndOffset="12327" SrcFileId="14" StartOffset="12269"/>
</LocList>
<BasicStmnt CovItemId="S102" CovItemPrefix="cabra.Utils.java" Intrnl_Id="1428">
<LocList>
<Loc EndOffset="12327" SrcFileId="14" StartOffset="12269"/>
</LocList>
</BasicStmnt>
</StmntSeq>
</HierarchyLvl>
<HierarchyLvl HierarchyLvlId="1119" HierarchyLvlTypeId="67" Intrnl_Id="1429" Name="openURLinDialog">
<Header>
<Loc EndOffset="12819" SrcFileId="14" StartOffset="12710"/>
</Header>
<LocList>
<Loc EndOffset="13426" SrcFileId="14" StartOffset="12710"/>
</LocList>
<StmntSeq Intrnl_Id="1430">
<LocList>
<Loc EndOffset="12890" SrcFileId="14" StartOffset="12868"/>
<Loc EndOffset="12930" SrcFileId="14" StartOffset="12907"/>
<Loc EndOffset="12993" SrcFileId="14" StartOffset="12939"/>
<Loc EndOffset="13076" SrcFileId="14" StartOffset="13040"/>
<Loc EndOffset="13108" SrcFileId="14" StartOffset="13085"/>
<Loc EndOffset="13179" SrcFileId="14" StartOffset="13117"/>
<Loc EndOffset="13219" SrcFileId="14" StartOffset="13188"/>
<Loc EndOffset="13242" SrcFileId="14" StartOffset="13228"/>
<Loc EndOffset="13278" SrcFileId="14" StartOffset="13251"/>
<Loc EndOffset="13309" SrcFileId="14" StartOffset="13287"/>
<Loc EndOffset="13354" SrcFileId="14" StartOffset="13318"/>
<Loc EndOffset="13420" SrcFileId="14" StartOffset="13393"/>
</LocList>
<BasicStmnt CovItemId="S103" CovItemPrefix="cabra.Utils.java" Intrnl_Id="1431">
<LocList>
<Loc EndOffset="12890" SrcFileId="14" StartOffset="12868"/>
</LocList>
</BasicStmnt>
<BasicStmnt CovItemId="S104" CovItemPrefix="cabra.Utils.java" Intrnl_Id="1432">
<LocList>
<Loc EndOffset="12930" SrcFileId="14" StartOffset="12907"/>
</LocList>
</BasicStmnt>
<BasicStmnt CovItemId="S105" CovItemPrefix="cabra.Utils.java" Intrnl_Id="1433">
<LocList>
<Loc EndOffset="12993" SrcFileId="14" StartOffset="12939"/>
</LocList>
</BasicStmnt>
<BasicStmnt CovItemId="S106" CovItemPrefix="cabra.Utils.java" Intrnl_Id="1434">
<LocList>
<Loc EndOffset="13076" SrcFileId="14" StartOffset="13040"/>
</LocList>
</BasicStmnt>
<BasicStmnt CovItemId="S107" CovItemPrefix="cabra.Utils.java" Intrnl_Id="1435">
<LocList>
<Loc EndOffset="13108" SrcFileId="14" StartOffset="13085"/>
</LocList>
</BasicStmnt>
<BasicStmnt CovItemId="S108" CovItemPrefix="cabra.Utils.java" Intrnl_Id="1436">
<LocList>
<Loc EndOffset="13179" SrcFileId="14" StartOffset="13117"/>
</LocList>
</BasicStmnt>
<BasicStmnt CovItemId="S109" CovItemPrefix="cabra.Utils.java" Intrnl_Id="1437">
<LocList>
<Loc EndOffset="13219" SrcFileId="14" StartOffset="13188"/>
</LocList>
</BasicStmnt>
<BasicStmnt CovItemId="S110" CovItemPrefix="cabra.Utils.java" Intrnl_Id="1438">
<LocList>
<Loc EndOffset="13242" SrcFileId="14" StartOffset="13228"/>
</LocList>
</BasicStmnt>
<BasicStmnt CovItemId="S111" CovItemPrefix="cabra.Utils.java" Intrnl_Id="1439">
<LocList>
<Loc EndOffset="13278" SrcFileId="14" StartOffset="13251"/>
</LocList>
</BasicStmnt>
<BasicStmnt CovItemId="S112" CovItemPrefix="cabra.Utils.java" Intrnl_Id="1440">
<LocList>
<Loc EndOffset="13309" SrcFileId="14" StartOffset="13287"/>
</LocList>
</BasicStmnt>
<BasicStmnt CovItemId="S113" CovItemPrefix="cabra.Utils.java" Intrnl_Id="1441">
<LocList>
<Loc EndOffset="13354" SrcFileId="14" StartOffset="13318"/>
</LocList>
</BasicStmnt>
<BasicStmnt CovItemId="S114" CovItemPrefix="cabra.Utils.java" Intrnl_Id="1442">
<LocList>
<Loc EndOffset="13420" SrcFileId="14" StartOffset="13393"/>
</LocList>
</BasicStmnt>
</StmntSeq>
</HierarchyLvl>
<HierarchyLvl HierarchyLvlId="1120" HierarchyLvlTypeId="67" Intrnl_Id="1443" Name="changeFrameLocation">
<Header>
<Loc EndOffset="13725" SrcFileId="14" StartOffset="13656"/>
</Header>
<LocList>
<Loc EndOffset="13975" SrcFileId="14" StartOffset="13656"/>
</LocList>
<StmntSeq Intrnl_Id="1444">
<LocList>
<Loc EndOffset="13772" SrcFileId="14" StartOffset="13735"/>
<Loc EndOffset="13905" SrcFileId="14" StartOffset="13880"/>
<Loc EndOffset="13969" SrcFileId="14" StartOffset="13941"/>
</LocList>
<BasicStmnt CovItemId="S115" CovItemPrefix="cabra.Utils.java" Intrnl_Id="1445">
<LocList>
<Loc EndOffset="13772" SrcFileId="14" StartOffset="13735"/>
</LocList>
</BasicStmnt>
<BasicStmnt CovItemId="S116" CovItemPrefix="cabra.Utils.java" Intrnl_Id="1446">
<LocList>
<Loc EndOffset="13905" SrcFileId="14" StartOffset="13880"/>
</LocList>
</BasicStmnt>
<BasicStmnt CovItemId="S117" CovItemPrefix="cabra.Utils.java" Intrnl_Id="1447">
<LocList>
<Loc EndOffset="13969" SrcFileId="14" StartOffset="13941"/>
</LocList>
</BasicStmnt>
</StmntSeq>
</HierarchyLvl>
<HierarchyLvl HierarchyLvlId="1121" HierarchyLvlTypeId="67" Intrnl_Id="1448" Name="centerComponent">
<Header>
<Loc EndOffset="14219" SrcFileId="14" StartOffset="14148"/>
</Header>
<LocList>
<Loc EndOffset="14904" SrcFileId="14" StartOffset="14148"/>
</LocList>
<StmntSeq Intrnl_Id="1449">
<LocList>
<Loc EndOffset="14349" SrcFileId="14" StartOffset="14287"/>
<Loc EndOffset="14423" SrcFileId="14" StartOffset="14358"/>
<Loc EndOffset="14649" SrcFileId="14" StartOffset="14612"/>
<Loc EndOffset="14695" SrcFileId="14" StartOffset="14658"/>
<Loc EndOffset="14788" SrcFileId="14" StartOffset="14751"/>
<Loc EndOffset="14832" SrcFileId="14" StartOffset="14797"/>
<Loc EndOffset="14898" SrcFileId="14" StartOffset="14850"/>
</LocList>
<BasicStmnt CovItemId="S118" CovItemPrefix="cabra.Utils.java" Intrnl_Id="1450">
<LocList>
<Loc EndOffset="14349" SrcFileId="14" StartOffset="14287"/>
</LocList>
</BasicStmnt>
<BasicStmnt CovItemId="S119" CovItemPrefix="cabra.Utils.java" Intrnl_Id="1451">
<LocList>
<Loc EndOffset="14423" SrcFileId="14" StartOffset="14358"/>
</LocList>
</BasicStmnt>
<BasicStmnt CovItemId="S120" CovItemPrefix="cabra.Utils.java" Intrnl_Id="1452">
<LocList>
<Loc EndOffset="14649" SrcFileId="14" StartOffset="14612"/>
</LocList>
</BasicStmnt>
<BasicStmnt CovItemId="S121" CovItemPrefix="cabra.Utils.java" Intrnl_Id="1453">
<LocList>
<Loc EndOffset="14695" SrcFileId="14" StartOffset="14658"/>
</LocList>
</BasicStmnt>
<BasicStmnt CovItemId="S122" CovItemPrefix="cabra.Utils.java" Intrnl_Id="1454">
<LocList>
<Loc EndOffset="14788" SrcFileId="14" StartOffset="14751"/>
</LocList>
</BasicStmnt>
<BasicStmnt CovItemId="S123" CovItemPrefix="cabra.Utils.java" Intrnl_Id="1455">
<LocList>
<Loc EndOffset="14832" SrcFileId="14" StartOffset="14797"/>
</LocList>
</BasicStmnt>
<BasicStmnt CovItemId="S124" CovItemPrefix="cabra.Utils.java" Intrnl_Id="1456">
<LocList>
<Loc EndOffset="14898" SrcFileId="14" StartOffset="14850"/>
</LocList>
</BasicStmnt>
</StmntSeq>
</HierarchyLvl>
<HierarchyLvl HierarchyLvlId="1122" HierarchyLvlTypeId="67" Intrnl_Id="1457" Name="centerOnScreen">
<Header>
<Loc EndOffset="15106" SrcFileId="14" StartOffset="15052"/>
</Header>
<LocList>
<Loc EndOffset="15656" SrcFileId="14" StartOffset="15052"/>
</LocList>
<StmntSeq Intrnl_Id="1458">
<LocList>
<Loc EndOffset="15175" SrcFileId="14" StartOffset="15120"/>
<Loc EndOffset="15235" SrcFileId="14" StartOffset="15188"/>
<Loc EndOffset="15293" SrcFileId="14" StartOffset="15248"/>
<Loc EndOffset="15353" SrcFileId="14" StartOffset="15306"/>
<Loc EndOffset="15409" SrcFileId="14" StartOffset="15367"/>
<Loc EndOffset="15466" SrcFileId="14" StartOffset="15422"/>
<Loc EndOffset="15527" SrcFileId="14" StartOffset="15480"/>
<Loc EndOffset="15586" SrcFileId="14" StartOffset="15540"/>
<Loc EndOffset="15648" SrcFileId="14" StartOffset="15600"/>
</LocList>
<BasicStmnt CovItemId="S125" CovItemPrefix="cabra.Utils.java" Intrnl_Id="1459">
<LocList>
<Loc EndOffset="15175" SrcFileId="14" StartOffset="15120"/>
</LocList>
</BasicStmnt>
<BasicStmnt CovItemId="S126" CovItemPrefix="cabra.Utils.java" Intrnl_Id="1460">
<LocList>
<Loc EndOffset="15235" SrcFileId="14" StartOffset="15188"/>
</LocList>
</BasicStmnt>
<BasicStmnt CovItemId="S127" CovItemPrefix="cabra.Utils.java" Intrnl_Id="1461">
<LocList>
<Loc EndOffset="15293" SrcFileId="14" StartOffset="15248"/>
</LocList>
</BasicStmnt>
<BasicStmnt CovItemId="S128" CovItemPrefix="cabra.Utils.java" Intrnl_Id="1462">
<LocList>
<Loc EndOffset="15353" SrcFileId="14" StartOffset="15306"/>
</LocList>
</BasicStmnt>
<BasicStmnt CovItemId="S129" CovItemPrefix="cabra.Utils.java" Intrnl_Id="1463">
<LocList>
<Loc EndOffset="15409" SrcFileId="14" StartOffset="15367"/>
</LocList>
</BasicStmnt>
<BasicStmnt CovItemId="S130" CovItemPrefix="cabra.Utils.java" Intrnl_Id="1464">
<LocList>
<Loc EndOffset="15466" SrcFileId="14" StartOffset="15422"/>
</LocList>
</BasicStmnt>
<BasicStmnt CovItemId="S131" CovItemPrefix="cabra.Utils.java" Intrnl_Id="1465">
<LocList>
<Loc EndOffset="15527" SrcFileId="14" StartOffset="15480"/>
</LocList>
</BasicStmnt>
<BasicStmnt CovItemId="S132" CovItemPrefix="cabra.Utils.java" Intrnl_Id="1466">
<LocList>
<Loc EndOffset="15586" SrcFileId="14" StartOffset="15540"/>
</LocList>
</BasicStmnt>
<BasicStmnt CovItemId="S133" CovItemPrefix="cabra.Utils.java" Intrnl_Id="1467">
<LocList>
<Loc EndOffset="15648" SrcFileId="14" StartOffset="15600"/>
</LocList>
</BasicStmnt>
</StmntSeq>
</HierarchyLvl>
<HierarchyLvl HierarchyLvlId="1123" HierarchyLvlTypeId="67" Intrnl_Id="1468" Name="drawEmblem">
<Header>
<Loc EndOffset="16000" SrcFileId="14" StartOffset="15937"/>
</Header>
<LocList>
<Loc EndOffset="16921" SrcFileId="14" StartOffset="15937"/>
</LocList>
<StmntSeq Intrnl_Id="1469">
<LocList>
<Loc EndOffset="16061" SrcFileId="14" StartOffset="16014"/>
<Loc EndOffset="16162" SrcFileId="14" StartOffset="16074"/>
<Loc EndOffset="16383" SrcFileId="14" StartOffset="16345"/>
<Loc EndOffset="16436" SrcFileId="14" StartOffset="16396"/>
<Loc EndOffset="16554" SrcFileId="14" StartOffset="16505"/>
<Loc EndOffset="16646" SrcFileId="14" StartOffset="16595"/>
<Loc EndOffset="16826" SrcFileId="14" StartOffset="16740"/>
</LocList>
<BasicStmnt CovItemId="S134" CovItemPrefix="cabra.Utils.java" Intrnl_Id="1470">
<LocList>
<Loc EndOffset="16061" SrcFileId="14" StartOffset="16014"/>
</LocList>
</BasicStmnt>
<BasicStmnt CovItemId="S135" CovItemPrefix="cabra.Utils.java" Intrnl_Id="1471">
<LocList>
<Loc EndOffset="16162" SrcFileId="14" StartOffset="16074"/>
</LocList>
</BasicStmnt>
<BasicStmnt CovItemId="S136" CovItemPrefix="cabra.Utils.java" Intrnl_Id="1472">
<LocList>
<Loc EndOffset="16383" SrcFileId="14" StartOffset="16345"/>
</LocList>
</BasicStmnt>
<BasicStmnt CovItemId="S137" CovItemPrefix="cabra.Utils.java" Intrnl_Id="1473">
<LocList>
<Loc EndOffset="16436" SrcFileId="14" StartOffset="16396"/>
</LocList>
</BasicStmnt>
<BasicStmnt CovItemId="S138" CovItemPrefix="cabra.Utils.java" Intrnl_Id="1474">
<LocList>
<Loc EndOffset="16554" SrcFileId="14" StartOffset="16505"/>
</LocList>
</BasicStmnt>
<BasicStmnt CovItemId="S139" CovItemPrefix="cabra.Utils.java" Intrnl_Id="1475">
<LocList>
<Loc EndOffset="16646" SrcFileId="14" StartOffset="16595"/>
</LocList>
</BasicStmnt>
<BasicStmnt CovItemId="S140" CovItemPrefix="cabra.Utils.java" Intrnl_Id="1476">
<LocList>
<Loc EndOffset="16826" SrcFileId="14" StartOffset="16740"/>
</LocList>
</BasicStmnt>
</StmntSeq>
</HierarchyLvl>
<HierarchyLvl HierarchyLvlId="1124" HierarchyLvlTypeId="67" Intrnl_Id="1477" Name="putPanelInDialog">
<Header>
<Loc EndOffset="17585" SrcFileId="14" StartOffset="17447"/>
</Header>
<LocList>
<Loc EndOffset="18121" SrcFileId="14" StartOffset="17447"/>
</LocList>
<StmntSeq Intrnl_Id="1478">
<LocList>
<Loc EndOffset="17650" SrcFileId="14" StartOffset="17595"/>
<Loc EndOffset="17711" SrcFileId="14" StartOffset="17693"/>
<Loc EndOffset="17791" SrcFileId="14" StartOffset="17720"/>
<Loc EndOffset="17910" SrcFileId="14" StartOffset="17800"/>
<Loc EndOffset="17946" SrcFileId="14" StartOffset="17919"/>
<Loc EndOffset="18083" SrcFileId="14" StartOffset="17955"/>
<Loc EndOffset="18115" SrcFileId="14" StartOffset="18101"/>
</LocList>
<BasicStmnt CovItemId="S141" CovItemPrefix="cabra.Utils.java" Intrnl_Id="1479">
<LocList>
<Loc EndOffset="17650" SrcFileId="14" StartOffset="17595"/>
</LocList>
</BasicStmnt>
<BasicStmnt CovItemId="S142" CovItemPrefix="cabra.Utils.java" Intrnl_Id="1480">
<LocList>
<Loc EndOffset="17711" SrcFileId="14" StartOffset="17693"/>
</LocList>
</BasicStmnt>
<BasicStmnt CovItemId="S143" CovItemPrefix="cabra.Utils.java" Intrnl_Id="1481">
<LocList>
<Loc EndOffset="17791" SrcFileId="14" StartOffset="17720"/>
</LocList>
</BasicStmnt>
<CondStmnt CovItemId="S144" CovItemPrefix="cabra.Utils.java" Intrnl_Id="1482">
<Branch CovItemId="B26" CovItemPrefix="cabra.Utils.java" Implct="false" Intrnl_Id="1483">
<Cond/>
<LocList>
<Loc EndOffset="17854" SrcFileId="14" StartOffset="17840"/>
</LocList>
<StmntSeq Intrnl_Id="1484">
<LocList>
<Loc EndOffset="17854" SrcFileId="14" StartOffset="17840"/>
</LocList>
<BasicStmnt CovItemId="S145" CovItemPrefix="cabra.Utils.java" Intrnl_Id="1485">
<LocList>
<Loc EndOffset="17854" SrcFileId="14" StartOffset="17840"/>
</LocList>
</BasicStmnt>
</StmntSeq>
</Branch>
<Branch CovItemId="B27" CovItemPrefix="cabra.Utils.java" Implct="false" Intrnl_Id="1486">
<Cond>
<Loc EndOffset="17867" SrcFileId="14" StartOffset="17863"/>
</Cond>
<LocList>
<Loc EndOffset="17910" SrcFileId="14" StartOffset="17880"/>
</LocList>
<StmntSeq Intrnl_Id="1487">
<LocList>
<Loc EndOffset="17910" SrcFileId="14" StartOffset="17880"/>
</LocList>
<BasicStmnt CovItemId="S146" CovItemPrefix="cabra.Utils.java" Intrnl_Id="1488">
<LocList>
<Loc EndOffset="17910" SrcFileId="14" StartOffset="17880"/>
</LocList>
</BasicStmnt>
</StmntSeq>
</Branch>
<Keyword EndOffset="17802" SrcFileId="14" StartOffset="17800"/>
<LocList>
<Loc EndOffset="17910" SrcFileId="14" StartOffset="17800"/>
</LocList>
<RootTerm CovItemId="C12" CovItemPrefix="cabra.Utils.java" Intrnl_Id="1489">
<OpTerm BooleanOpId="61" Intrnl_Id="1490">
<BasicBoolTerm Intrnl_Id="1491">
<LocList>
<Loc EndOffset="17812" SrcFileId="14" StartOffset="17803"/>
</LocList>
</BasicBoolTerm>
<BasicBoolTerm Intrnl_Id="1492">
<LocList>
<Loc EndOffset="17826" SrcFileId="14" StartOffset="17816"/>
</LocList>
</BasicBoolTerm>
<LocList>
<Loc EndOffset="17815" SrcFileId="14" StartOffset="17813"/>
</LocList>
</OpTerm>
</RootTerm>
</CondStmnt>
<BasicStmnt CovItemId="S147" CovItemPrefix="cabra.Utils.java" Intrnl_Id="1493">
<LocList>
<Loc EndOffset="17946" SrcFileId="14" StartOffset="17919"/>
</LocList>
</BasicStmnt>
<CondStmnt CovItemId="S148" CovItemPrefix="cabra.Utils.java" Intrnl_Id="1494">
<Branch CovItemId="B28" CovItemPrefix="cabra.Utils.java" Implct="false" Intrnl_Id="1495">
<Cond/>
<LocList>
<Loc EndOffset="18022" SrcFileId="14" StartOffset="17985"/>
</LocList>
<StmntSeq Intrnl_Id="1496">
<LocList>
<Loc EndOffset="18022" SrcFileId="14" StartOffset="17985"/>
</LocList>
<BasicStmnt CovItemId="S149" CovItemPrefix="cabra.Utils.java" Intrnl_Id="1497">
<LocList>
<Loc EndOffset="18022" SrcFileId="14" StartOffset="17985"/>
</LocList>
</BasicStmnt>
</StmntSeq>
</Branch>
<Branch CovItemId="B29" CovItemPrefix="cabra.Utils.java" Implct="false" Intrnl_Id="1498">
<Cond>
<Loc EndOffset="18035" SrcFileId="14" StartOffset="18031"/>
</Cond>
<LocList>
<Loc EndOffset="18083" SrcFileId="14" StartOffset="18048"/>
</LocList>
<StmntSeq Intrnl_Id="1499">
<LocList>
<Loc EndOffset="18083" SrcFileId="14" StartOffset="18048"/>
</LocList>
<BasicStmnt CovItemId="S150" CovItemPrefix="cabra.Utils.java" Intrnl_Id="1500">
<LocList>
<Loc EndOffset="18083" SrcFileId="14" StartOffset="18048"/>
</LocList>
</BasicStmnt>
</StmntSeq>
</Branch>
<Keyword EndOffset="17957" SrcFileId="14" StartOffset="17955"/>
<LocList>
<Loc EndOffset="18083" SrcFileId="14" StartOffset="17955"/>
</LocList>
<RootTerm CovItemId="C13" CovItemPrefix="cabra.Utils.java" Intrnl_Id="1501">
<BasicBoolTerm Intrnl_Id="1502">
<LocList>
<Loc EndOffset="17971" SrcFileId="14" StartOffset="17958"/>
</LocList>
</BasicBoolTerm>
</RootTerm>
</CondStmnt>
<BasicStmnt CovItemId="S151" CovItemPrefix="cabra.Utils.java" Intrnl_Id="1503">
<LocList>
<Loc EndOffset="18115" SrcFileId="14" StartOffset="18101"/>
</LocList>
</BasicStmnt>
</StmntSeq>
</HierarchyLvl>
<HierarchyLvl HierarchyLvlId="1125" HierarchyLvlTypeId="67" Intrnl_Id="1504" Name="showDialog">
<Header>
<Loc EndOffset="18446" SrcFileId="14" StartOffset="18373"/>
</Header>
<LocList>
<Loc EndOffset="18512" SrcFileId="14" StartOffset="18373"/>
</LocList>
<StmntSeq Intrnl_Id="1505">
<LocList>
<Loc EndOffset="18506" SrcFileId="14" StartOffset="18456"/>
</LocList>
<BasicStmnt CovItemId="S152" CovItemPrefix="cabra.Utils.java" Intrnl_Id="1506">
<LocList>
<Loc EndOffset="18506" SrcFileId="14" StartOffset="18456"/>
</LocList>
</BasicStmnt>
</StmntSeq>
</HierarchyLvl>
<HierarchyLvl HierarchyLvlId="1126" HierarchyLvlTypeId="67" Intrnl_Id="1507" Name="showDialog">
<Header>
<Loc EndOffset="18861" SrcFileId="14" StartOffset="18771"/>
</Header>
<LocList>
<Loc EndOffset="19213" SrcFileId="14" StartOffset="18771"/>
</LocList>
<StmntSeq Intrnl_Id="1508">
<LocList>
<Loc EndOffset="19201" SrcFileId="14" StartOffset="18871"/>
</LocList>
<BasicStmnt CovItemId="S153" CovItemPrefix="cabra.Utils.java" Intrnl_Id="1509">
<LocList>
<Loc EndOffset="19201" SrcFileId="14" StartOffset="18871"/>
</LocList>
</BasicStmnt>
</StmntSeq>
</HierarchyLvl>
<HierarchyLvl HierarchyLvlId="1127" HierarchyLvlTypeId="67" Intrnl_Id="1510" Name="debug">
<Header>
<Loc EndOffset="19652" SrcFileId="14" StartOffset="19601"/>
</Header>
<LocList>
<Loc EndOffset="20090" SrcFileId="14" StartOffset="19601"/>
</LocList>
<StmntSeq Intrnl_Id="1511">
<LocList>
<Loc EndOffset="19682" SrcFileId="14" StartOffset="19662"/>
<Loc EndOffset="19739" SrcFileId="14" StartOffset="19691"/>
<Loc EndOffset="19876" SrcFileId="14" StartOffset="19774"/>
<Loc EndOffset="19971" SrcFileId="14" StartOffset="19885"/>
<Loc EndOffset="20084" SrcFileId="14" StartOffset="19989"/>
</LocList>
<BasicStmnt CovItemId="S154" CovItemPrefix="cabra.Utils.java" Intrnl_Id="1512">
<LocList>
<Loc EndOffset="19682" SrcFileId="14" StartOffset="19662"/>
</LocList>
</BasicStmnt>
<BasicStmnt CovItemId="S155" CovItemPrefix="cabra.Utils.java" Intrnl_Id="1513">
<LocList>
<Loc EndOffset="19739" SrcFileId="14" StartOffset="19691"/>
</LocList>
</BasicStmnt>
<LoopStmnt CovItemId="S156" CovItemPrefix="cabra.Utils.java" Intrnl_Id="1514" MltplExecId="L9-2" MltplExecPrefix="cabra.Utils.java" NvrExecId="L9-0" NvrExecPrefix="cabra.Utils.java" OnceExecutedId="L9-1" OnceExecutedPrefix="cabra.Utils.java" OptBodyExec="true">
<StmntSeq Intrnl_Id="1515">
<LocList>
<Loc EndOffset="19866" SrcFileId="14" StartOffset="19834"/>
</LocList>
<BasicStmnt CovItemId="S157" CovItemPrefix="cabra.Utils.java" Intrnl_Id="1516">
<LocList>
<Loc EndOffset="19866" SrcFileId="14" StartOffset="19834"/>
</LocList>
</BasicStmnt>
</StmntSeq>
<Keyword EndOffset="19777" SrcFileId="14" StartOffset="19774"/>
<LocList>
<Loc EndOffset="19876" SrcFileId="14" StartOffset="19774"/>
</LocList>
</LoopStmnt>
<BasicStmnt CovItemId="S158" CovItemPrefix="cabra.Utils.java" Intrnl_Id="1517">
<LocList>
<Loc EndOffset="19971" SrcFileId="14" StartOffset="19885"/>
</LocList>
</BasicStmnt>
<BasicStmnt CovItemId="S159" CovItemPrefix="cabra.Utils.java" Intrnl_Id="1518">
<LocList>
<Loc EndOffset="20084" SrcFileId="14" StartOffset="19989"/>
</LocList>
</BasicStmnt>
</StmntSeq>
</HierarchyLvl>
</HierarchyLvl>
<HierarchyLvl HierarchyLvlId="1155" HierarchyLvlTypeId="66" Intrnl_Id="1519" Name="UserData">
<Header>
<Loc EndOffset="366" SrcFileId="15" StartOffset="339"/>
</Header>
<LocList>
<Loc EndOffset="9637" SrcFileId="15" StartOffset="339"/>
<Loc EndOffset="11191" SrcFileId="15" StartOffset="11082"/>
<Loc EndOffset="11563" SrcFileId="15" StartOffset="11552"/>
</LocList>
<StmntSeq Intrnl_Id="1520">
<LocList>
<Loc EndOffset="534" SrcFileId="15" StartOffset="432"/>
<Loc EndOffset="737" SrcFileId="15" StartOffset="609"/>
<Loc EndOffset="902" SrcFileId="15" StartOffset="771"/>
<Loc EndOffset="1052" SrcFileId="15" StartOffset="928"/>
<Loc EndOffset="1246" SrcFileId="15" StartOffset="1109"/>
<Loc EndOffset="1410" SrcFileId="15" StartOffset="1280"/>
<Loc EndOffset="1583" SrcFileId="15" StartOffset="1447"/>
<Loc EndOffset="1822" SrcFileId="15" StartOffset="1638"/>
<Loc EndOffset="1914" SrcFileId="15" StartOffset="1860"/>
<Loc EndOffset="2011" SrcFileId="15" StartOffset="1955"/>
<Loc EndOffset="2096" SrcFileId="15" StartOffset="2038"/>
<Loc EndOffset="2145" SrcFileId="15" StartOffset="2117"/>
<Loc EndOffset="2210" SrcFileId="15" StartOffset="2179"/>
<Loc EndOffset="3156" SrcFileId="15" StartOffset="2972"/>
<Loc EndOffset="3205" SrcFileId="15" StartOffset="3161"/>
</LocList>
<BasicStmnt CovItemId="S1" CovItemPrefix="cabra.UserData.java" Intrnl_Id="1521">
<LocList>
<Loc EndOffset="534" SrcFileId="15" StartOffset="432"/>
</LocList>
</BasicStmnt>
<BasicStmnt CovItemId="S2" CovItemPrefix="cabra.UserData.java" Intrnl_Id="1522">
<LocList>
<Loc EndOffset="737" SrcFileId="15" StartOffset="609"/>
</LocList>
</BasicStmnt>
<BasicStmnt CovItemId="S3" CovItemPrefix="cabra.UserData.java" Intrnl_Id="1523">
<LocList>
<Loc EndOffset="902" SrcFileId="15" StartOffset="771"/>
</LocList>
</BasicStmnt>
<BasicStmnt CovItemId="S4" CovItemPrefix="cabra.UserData.java" Intrnl_Id="1524">
<LocList>
<Loc EndOffset="1052" SrcFileId="15" StartOffset="928"/>
</LocList>
</BasicStmnt>
<BasicStmnt CovItemId="S5" CovItemPrefix="cabra.UserData.java" Intrnl_Id="1525">
<LocList>
<Loc EndOffset="1246" SrcFileId="15" StartOffset="1109"/>
</LocList>
</BasicStmnt>
<BasicStmnt CovItemId="S6" CovItemPrefix="cabra.UserData.java" Intrnl_Id="1526">
<LocList>
<Loc EndOffset="1410" SrcFileId="15" StartOffset="1280"/>
</LocList>
</BasicStmnt>
<BasicStmnt CovItemId="S7" CovItemPrefix="cabra.UserData.java" Intrnl_Id="1527">
<LocList>
<Loc EndOffset="1583" SrcFileId="15" StartOffset="1447"/>
</LocList>
</BasicStmnt>
<BasicStmnt CovItemId="S8" CovItemPrefix="cabra.UserData.java" Intrnl_Id="1528">
<LocList>
<Loc EndOffset="1822" SrcFileId="15" StartOffset="1638"/>
</LocList>
</BasicStmnt>
<BasicStmnt CovItemId="S9" CovItemPrefix="cabra.UserData.java" Intrnl_Id="1529">
<LocList>
<Loc EndOffset="1914" SrcFileId="15" StartOffset="1860"/>
</LocList>
</BasicStmnt>
<BasicStmnt CovItemId="S10" CovItemPrefix="cabra.UserData.java" Intrnl_Id="1530">
<LocList>
<Loc EndOffset="2011" SrcFileId="15" StartOffset="1955"/>
</LocList>
</BasicStmnt>
<BasicStmnt CovItemId="S11" CovItemPrefix="cabra.UserData.java" Intrnl_Id="1531">
<LocList>
<Loc EndOffset="2096" SrcFileId="15" StartOffset="2038"/>
</LocList>
</BasicStmnt>
<BasicStmnt CovItemId="S12" CovItemPrefix="cabra.UserData.java" Intrnl_Id="1532">
<LocList>
<Loc EndOffset="2145" SrcFileId="15" StartOffset="2117"/>
</LocList>
</BasicStmnt>
<BasicStmnt CovItemId="S13" CovItemPrefix="cabra.UserData.java" Intrnl_Id="1533">
<LocList>
<Loc EndOffset="2210" SrcFileId="15" StartOffset="2179"/>
</LocList>
</BasicStmnt>
<BasicStmnt CovItemId="S15" CovItemPrefix="cabra.UserData.java" Intrnl_Id="1534">
<LocList>
<Loc EndOffset="3156" SrcFileId="15" StartOffset="2972"/>
</LocList>
</BasicStmnt>
<BasicStmnt CovItemId="S16" CovItemPrefix="cabra.UserData.java" Intrnl_Id="1535">
<LocList>
<Loc EndOffset="3205" SrcFileId="15" StartOffset="3161"/>
</LocList>
</BasicStmnt>
</StmntSeq>
<HierarchyLvl HierarchyLvlId="1129" HierarchyLvlTypeId="67" Intrnl_Id="1536" Name="UserData">
<Header>
<Loc EndOffset="396" SrcFileId="15" StartOffset="378"/>
</Header>
<LocList>
<Loc EndOffset="398" SrcFileId="15" StartOffset="378"/>
</LocList>
</HierarchyLvl>
<HierarchyLvl HierarchyLvlId="1130" HierarchyLvlTypeId="67" Intrnl_Id="1537" Name="putPref">
<Header>
<Loc EndOffset="2661" SrcFileId="15" StartOffset="2609"/>
</Header>
<LocList>
<Loc EndOffset="2816" SrcFileId="15" StartOffset="2609"/>
</LocList>
<StmntSeq Intrnl_Id="1538">
<LocList>
<Loc EndOffset="2810" SrcFileId="15" StartOffset="2671"/>
</LocList>
<BasicStmnt CovItemId="S14" CovItemPrefix="cabra.UserData.java" Intrnl_Id="1539">
<LocList>
<Loc EndOffset="2810" SrcFileId="15" StartOffset="2671"/>
</LocList>
</BasicStmnt>
</StmntSeq>
</HierarchyLvl>
<HierarchyLvl HierarchyLvlId="1131" HierarchyLvlTypeId="67" Intrnl_Id="1540" Name="getString">
<Header>
<Loc EndOffset="3445" SrcFileId="15" StartOffset="3403"/>
</Header>
<LocList>
<Loc EndOffset="3492" SrcFileId="15" StartOffset="3403"/>
</LocList>
<StmntSeq Intrnl_Id="1541">
<LocList>
<Loc EndOffset="3486" SrcFileId="15" StartOffset="3455"/>
</LocList>
<BasicStmnt CovItemId="S17" CovItemPrefix="cabra.UserData.java" Intrnl_Id="1542">
<LocList>
<Loc EndOffset="3486" SrcFileId="15" StartOffset="3455"/>
</LocList>
</BasicStmnt>
</StmntSeq>
</HierarchyLvl>
<HierarchyLvl HierarchyLvlId="1132" HierarchyLvlTypeId="67" Intrnl_Id="1543" Name="getInt">
<Header>
<Loc EndOffset="3742" SrcFileId="15" StartOffset="3706"/>
</Header>
<LocList>
<Loc EndOffset="3798" SrcFileId="15" StartOffset="3706"/>
</LocList>
<StmntSeq Intrnl_Id="1544">
<LocList>
<Loc EndOffset="3792" SrcFileId="15" StartOffset="3752"/>
</LocList>
<BasicStmnt CovItemId="S18" CovItemPrefix="cabra.UserData.java" Intrnl_Id="1545">
<LocList>
<Loc EndOffset="3792" SrcFileId="15" StartOffset="3752"/>
</LocList>
</BasicStmnt>
</StmntSeq>
</HierarchyLvl>
<HierarchyLvl HierarchyLvlId="1133" HierarchyLvlTypeId="67" Intrnl_Id="1546" Name="setString">
<Header>
<Loc EndOffset="4115" SrcFileId="15" StartOffset="4061"/>
</Header>
<LocList>
<Loc EndOffset="4288" SrcFileId="15" StartOffset="4061"/>
</LocList>
<StmntSeq Intrnl_Id="1547">
<LocList>
<Loc EndOffset="4282" SrcFileId="15" StartOffset="4125"/>
</LocList>
<CondStmnt CovItemId="S19" CovItemPrefix="cabra.UserData.java" Intrnl_Id="1548">
<Branch CovItemId="B1" CovItemPrefix="cabra.UserData.java" Implct="false" Intrnl_Id="1549">
<Cond/>
<LocList>
<Loc EndOffset="4208" SrcFileId="15" StartOffset="4150"/>
</LocList>
<StmntSeq Intrnl_Id="1550">
<LocList>
<Loc EndOffset="4198" SrcFileId="15" StartOffset="4164"/>
</LocList>
<BasicStmnt CovItemId="S20" CovItemPrefix="cabra.UserData.java" Intrnl_Id="1551">
<LocList>
<Loc EndOffset="4198" SrcFileId="15" StartOffset="4164"/>
</LocList>
</BasicStmnt>
</StmntSeq>
</Branch>
<Branch CovItemId="B2" CovItemPrefix="cabra.UserData.java" Implct="false" Intrnl_Id="1552">
<Cond>
<Loc EndOffset="4221" SrcFileId="15" StartOffset="4217"/>
</Cond>
<LocList>
<Loc EndOffset="4282" SrcFileId="15" StartOffset="4221"/>
</LocList>
<StmntSeq Intrnl_Id="1553">
<LocList>
<Loc EndOffset="4272" SrcFileId="15" StartOffset="4235"/>
</LocList>
<BasicStmnt CovItemId="S21" CovItemPrefix="cabra.UserData.java" Intrnl_Id="1554">
<LocList>
<Loc EndOffset="4272" SrcFileId="15" StartOffset="4235"/>
</LocList>
</BasicStmnt>
</StmntSeq>
</Branch>
<Keyword EndOffset="4127" SrcFileId="15" StartOffset="4125"/>
<LocList>
<Loc EndOffset="4282" SrcFileId="15" StartOffset="4125"/>
</LocList>
<RootTerm CovItemId="C1" CovItemPrefix="cabra.UserData.java" Intrnl_Id="1555">
<BasicBoolTerm Intrnl_Id="1556">
<LocList>
<Loc EndOffset="4149" SrcFileId="15" StartOffset="4128"/>
</LocList>
</BasicBoolTerm>
</RootTerm>
</CondStmnt>
</StmntSeq>
</HierarchyLvl>
<HierarchyLvl HierarchyLvlId="1134" HierarchyLvlTypeId="67" Intrnl_Id="1557" Name="makeDefault">
<Header>
<Loc EndOffset="4507" SrcFileId="15" StartOffset="4465"/>
</Header>
<LocList>
<Loc EndOffset="4551" SrcFileId="15" StartOffset="4465"/>
</LocList>
<StmntSeq Intrnl_Id="1558">
<LocList>
<Loc EndOffset="4545" SrcFileId="15" StartOffset="4517"/>
</LocList>
<BasicStmnt CovItemId="S22" CovItemPrefix="cabra.UserData.java" Intrnl_Id="1559">
<LocList>
<Loc EndOffset="4545" SrcFileId="15" StartOffset="4517"/>
</LocList>
</BasicStmnt>
</StmntSeq>
</HierarchyLvl>
<HierarchyLvl HierarchyLvlId="1135" HierarchyLvlTypeId="67" Intrnl_Id="1560" Name="getPref">
<Header>
<Loc EndOffset="4840" SrcFileId="15" StartOffset="4799"/>
</Header>
<LocList>
<Loc EndOffset="4890" SrcFileId="15" StartOffset="4799"/>
</LocList>
<StmntSeq Intrnl_Id="1561">
<LocList>
<Loc EndOffset="4884" SrcFileId="15" StartOffset="4850"/>
</LocList>
<BasicStmnt CovItemId="S23" CovItemPrefix="cabra.UserData.java" Intrnl_Id="1562">
<LocList>
<Loc EndOffset="4884" SrcFileId="15" StartOffset="4850"/>
</LocList>
</BasicStmnt>
</StmntSeq>
</HierarchyLvl>
<HierarchyLvl HierarchyLvlId="1136" HierarchyLvlTypeId="67" Intrnl_Id="1563" Name="getIntPref">
<Header>
<Loc EndOffset="5120" SrcFileId="15" StartOffset="5079"/>
</Header>
<LocList>
<Loc EndOffset="5175" SrcFileId="15" StartOffset="5079"/>
</LocList>
<StmntSeq Intrnl_Id="1564">
<LocList>
<Loc EndOffset="5169" SrcFileId="15" StartOffset="5130"/>
</LocList>
<BasicStmnt CovItemId="S24" CovItemPrefix="cabra.UserData.java" Intrnl_Id="1565">
<LocList>
<Loc EndOffset="5169" SrcFileId="15" StartOffset="5130"/>
</LocList>
</BasicStmnt>
</StmntSeq>
</HierarchyLvl>
<HierarchyLvl HierarchyLvlId="1137" HierarchyLvlTypeId="67" Intrnl_Id="1566" Name="setPref">
<Header>
<Loc EndOffset="5429" SrcFileId="15" StartOffset="5376"/>
</Header>
<LocList>
<Loc EndOffset="5479" SrcFileId="15" StartOffset="5376"/>
</LocList>
<StmntSeq Intrnl_Id="1567">
<LocList>
<Loc EndOffset="5473" SrcFileId="15" StartOffset="5439"/>
</LocList>
<BasicStmnt CovItemId="S25" CovItemPrefix="cabra.UserData.java" Intrnl_Id="1568">
<LocList>
<Loc EndOffset="5473" SrcFileId="15" StartOffset="5439"/>
</LocList>
</BasicStmnt>
</StmntSeq>
</HierarchyLvl>
<HierarchyLvl HierarchyLvlId="1138" HierarchyLvlTypeId="67" Intrnl_Id="1569" Name="makeAllDefault">
<Header>
<Loc EndOffset="5633" SrcFileId="15" StartOffset="5598"/>
</Header>
<LocList>
<Loc EndOffset="5748" SrcFileId="15" StartOffset="5598"/>
</LocList>
<StmntSeq Intrnl_Id="1570">
<LocList>
<Loc EndOffset="5742" SrcFileId="15" StartOffset="5643"/>
</LocList>
<LoopStmnt CovItemId="S26" CovItemPrefix="cabra.UserData.java" Intrnl_Id="1571" MltplExecId="L1-2" MltplExecPrefix="cabra.UserData.java" NvrExecId="L1-0" NvrExecPrefix="cabra.UserData.java" OnceExecutedId="L1-1" OnceExecutedPrefix="cabra.UserData.java" OptBodyExec="true">
<StmntSeq Intrnl_Id="1572">
<LocList>
<Loc EndOffset="5732" SrcFileId="15" StartOffset="5712"/>
</LocList>
<BasicStmnt CovItemId="S27" CovItemPrefix="cabra.UserData.java" Intrnl_Id="1573">
<LocList>
<Loc EndOffset="5732" SrcFileId="15" StartOffset="5712"/>
</LocList>
</BasicStmnt>
</StmntSeq>
<Keyword EndOffset="5646" SrcFileId="15" StartOffset="5643"/>
<LocList>
<Loc EndOffset="5742" SrcFileId="15" StartOffset="5643"/>
</LocList>
</LoopStmnt>
</StmntSeq>
</HierarchyLvl>
<HierarchyLvl HierarchyLvlId="1139" HierarchyLvlTypeId="67" Intrnl_Id="1574" Name="load">
<Header>
<Loc EndOffset="5824" SrcFileId="15" StartOffset="5799"/>
</Header>
<LocList>
<Loc EndOffset="7588" SrcFileId="15" StartOffset="5799"/>
</LocList>
<StmntSeq Intrnl_Id="1575">
<LocList>
<Loc EndOffset="5863" SrcFileId="15" StartOffset="5834"/>
<Loc EndOffset="6146" SrcFileId="15" StartOffset="5889"/>
<Loc EndOffset="6219" SrcFileId="15" StartOffset="6159"/>
<Loc EndOffset="6336" SrcFileId="15" StartOffset="6272"/>
<Loc EndOffset="6376" SrcFileId="15" StartOffset="6349"/>
<Loc EndOffset="6491" SrcFileId="15" StartOffset="6389"/>
<Loc EndOffset="6906" SrcFileId="15" StartOffset="6561"/>
<Loc EndOffset="7275" SrcFileId="15" StartOffset="5872"/>
<Loc EndOffset="7552" SrcFileId="15" StartOffset="7305"/>
<Loc EndOffset="7572" SrcFileId="15" StartOffset="7565"/>
</LocList>
<BasicStmnt CovItemId="S28" CovItemPrefix="cabra.UserData.java" Intrnl_Id="1576">
<LocList>
<Loc EndOffset="5863" SrcFileId="15" StartOffset="5834"/>
</LocList>
</BasicStmnt>
<CondStmnt CovItemId="S30" CovItemPrefix="cabra.UserData.java" Intrnl_Id="1577">
<Branch CovItemId="B4" CovItemPrefix="cabra.UserData.java" Implct="false" Intrnl_Id="1578">
<Cond/>
<LocList>
<Loc EndOffset="6146" SrcFileId="15" StartOffset="5925"/>
</LocList>
<StmntSeq Intrnl_Id="1579">
<LocList>
<Loc EndOffset="6040" SrcFileId="15" StartOffset="6009"/>
<Loc EndOffset="6091" SrcFileId="15" StartOffset="6074"/>
<Loc EndOffset="6132" SrcFileId="15" StartOffset="6125"/>
</LocList>
<BasicStmnt CovItemId="S31" CovItemPrefix="cabra.UserData.java" Intrnl_Id="1580">
<LocList>
<Loc EndOffset="6040" SrcFileId="15" StartOffset="6009"/>
</LocList>
</BasicStmnt>
<BasicStmnt CovItemId="S32" CovItemPrefix="cabra.UserData.java" Intrnl_Id="1581">
<LocList>
<Loc EndOffset="6091" SrcFileId="15" StartOffset="6074"/>
</LocList>
</BasicStmnt>
<BasicStmnt CovItemId="S33" CovItemPrefix="cabra.UserData.java" Intrnl_Id="1582">
<LocList>
<Loc EndOffset="6132" SrcFileId="15" StartOffset="6125"/>
</LocList>
</BasicStmnt>
</StmntSeq>
</Branch>
<Branch CovItemId="B5" CovItemPrefix="cabra.UserData.java" Implct="true" Intrnl_Id="1583">
<Cond/>
<LocList/>
<StmntSeq Intrnl_Id="1584">
<LocList/>
</StmntSeq>
</Branch>
<Keyword EndOffset="5891" SrcFileId="15" StartOffset="5889"/>
<LocList>
<Loc EndOffset="6146" SrcFileId="15" StartOffset="5889"/>
</LocList>
<RootTerm CovItemId="C2" CovItemPrefix="cabra.UserData.java" Intrnl_Id="1585">
<BasicBoolTerm Intrnl_Id="1586">
<LocList>
<Loc EndOffset="5924" SrcFileId="15" StartOffset="5892"/>
</LocList>
</BasicBoolTerm>
</RootTerm>
</CondStmnt>
<BasicStmnt CovItemId="S34" CovItemPrefix="cabra.UserData.java" Intrnl_Id="1587">
<LocList>
<Loc EndOffset="6219" SrcFileId="15" StartOffset="6159"/>
</LocList>
</BasicStmnt>
<BasicStmnt CovItemId="S35" CovItemPrefix="cabra.UserData.java" Intrnl_Id="1588">
<LocList>
<Loc EndOffset="6336" SrcFileId="15" StartOffset="6272"/>
</LocList>
</BasicStmnt>
<BasicStmnt CovItemId="S36" CovItemPrefix="cabra.UserData.java" Intrnl_Id="1589">
<LocList>
<Loc EndOffset="6376" SrcFileId="15" StartOffset="6349"/>
</LocList>
</BasicStmnt>
<LoopStmnt CovItemId="S37" CovItemPrefix="cabra.UserData.java" Intrnl_Id="1590" MltplExecId="L2-2" MltplExecPrefix="cabra.UserData.java" NvrExecId="L2-0" NvrExecPrefix="cabra.UserData.java" OnceExecutedId="L2-1" OnceExecutedPrefix="cabra.UserData.java" OptBodyExec="true">
<StmntSeq Intrnl_Id="1591">
<LocList>
<Loc EndOffset="6477" SrcFileId="15" StartOffset="6451"/>
</LocList>
<BasicStmnt CovItemId="S38" CovItemPrefix="cabra.UserData.java" Intrnl_Id="1592">
<LocList>
<Loc EndOffset="6477" SrcFileId="15" StartOffset="6451"/>
</LocList>
</BasicStmnt>
</StmntSeq>
<Keyword EndOffset="6394" SrcFileId="15" StartOffset="6389"/>
<LocList>
<Loc EndOffset="6491" SrcFileId="15" StartOffset="6389"/>
</LocList>
</LoopStmnt>
<LoopStmnt CovItemId="S39" CovItemPrefix="cabra.UserData.java" Intrnl_Id="1593" MltplExecId="L3-2" MltplExecPrefix="cabra.UserData.java" NvrExecId="L3-0" NvrExecPrefix="cabra.UserData.java" OnceExecutedId="L3-1" OnceExecutedPrefix="cabra.UserData.java" OptBodyExec="true">
<StmntSeq Intrnl_Id="1594">
<LocList>
<Loc EndOffset="6892" SrcFileId="15" StartOffset="6613"/>
</LocList>
<LoopStmnt CovItemId="S40" CovItemPrefix="cabra.UserData.java" Intrnl_Id="1595" MltplExecId="L4-2" MltplExecPrefix="cabra.UserData.java" NvrExecId="L4-0" NvrExecPrefix="cabra.UserData.java" OnceExecutedId="L4-1" OnceExecutedPrefix="cabra.UserData.java" OptBodyExec="true">
<StmntSeq Intrnl_Id="1596">
<LocList>
<Loc EndOffset="6874" SrcFileId="15" StartOffset="6675"/>
</LocList>
<CondStmnt CovItemId="S41" CovItemPrefix="cabra.UserData.java" Intrnl_Id="1597">
<Branch CovItemId="B6" CovItemPrefix="cabra.UserData.java" Implct="false" Intrnl_Id="1598">
<Cond/>
<LocList>
<Loc EndOffset="6874" SrcFileId="15" StartOffset="6721"/>
</LocList>
<StmntSeq Intrnl_Id="1599">
<LocList>
<Loc EndOffset="6852" SrcFileId="15" StartOffset="6820"/>
</LocList>
<BasicStmnt CovItemId="S42" CovItemPrefix="cabra.UserData.java" Intrnl_Id="1600">
<LocList>
<Loc EndOffset="6852" SrcFileId="15" StartOffset="6820"/>
</LocList>
</BasicStmnt>
</StmntSeq>
</Branch>
<Branch CovItemId="B7" CovItemPrefix="cabra.UserData.java" Implct="true" Intrnl_Id="1601">
<Cond/>
<LocList/>
<StmntSeq Intrnl_Id="1602">
<LocList/>
</StmntSeq>
</Branch>
<Keyword EndOffset="6677" SrcFileId="15" StartOffset="6675"/>
<LocList>
<Loc EndOffset="6874" SrcFileId="15" StartOffset="6675"/>
</LocList>
<RootTerm CovItemId="C4" CovItemPrefix="cabra.UserData.java" Intrnl_Id="1603">
<BasicBoolTerm Intrnl_Id="1604">
<LocList>
<Loc EndOffset="6720" SrcFileId="15" StartOffset="6678"/>
</LocList>
</BasicBoolTerm>
</RootTerm>
</CondStmnt>
</StmntSeq>
<Keyword EndOffset="6616" SrcFileId="15" StartOffset="6613"/>
<LocList>
<Loc EndOffset="6892" SrcFileId="15" StartOffset="6613"/>
</LocList>
</LoopStmnt>
</StmntSeq>
<Keyword EndOffset="6564" SrcFileId="15" StartOffset="6561"/>
<LocList>
<Loc EndOffset="6906" SrcFileId="15" StartOffset="6561"/>
</LocList>
</LoopStmnt>
<CondStmnt CovItemId="S29" CovItemPrefix="cabra.UserData.java" Intrnl_Id="1605">
<Branch CovItemId="B3" CovItemPrefix="cabra.UserData.java" Implct="true" Intrnl_Id="1606">
<Cond/>
<LocList/>
<StmntSeq Intrnl_Id="1607">
<LocList/>
</StmntSeq>
</Branch>
<Branch CovItemId="B8" CovItemPrefix="cabra.UserData.java" Implct="false" Intrnl_Id="1608">
<Cond>
<Loc EndOffset="7137" SrcFileId="15" StartOffset="7116"/>
</Cond>
<LocList>
<Loc EndOffset="7275" SrcFileId="15" StartOffset="7137"/>
</LocList>
<StmntSeq Intrnl_Id="1609">
<LocList>
<Loc EndOffset="7194" SrcFileId="15" StartOffset="7151"/>
<Loc EndOffset="7265" SrcFileId="15" StartOffset="7248"/>
</LocList>
<BasicStmnt CovItemId="S43" CovItemPrefix="cabra.UserData.java" Intrnl_Id="1610">
<LocList>
<Loc EndOffset="7194" SrcFileId="15" StartOffset="7151"/>
</LocList>
</BasicStmnt>
<BasicStmnt CovItemId="S44" CovItemPrefix="cabra.UserData.java" Intrnl_Id="1611">
<LocList>
<Loc EndOffset="7265" SrcFileId="15" StartOffset="7248"/>
</LocList>
</BasicStmnt>
</StmntSeq>
</Branch>
<Keyword EndOffset="5875" SrcFileId="15" StartOffset="5872"/>
<LocList>
<Loc EndOffset="7275" SrcFileId="15" StartOffset="5872"/>
</LocList>
</CondStmnt>
<CondStmnt CovItemId="S45" CovItemPrefix="cabra.UserData.java" Intrnl_Id="1612">
<Branch CovItemId="B9" CovItemPrefix="cabra.UserData.java" Implct="false" Intrnl_Id="1613">
<Cond/>
<LocList>
<Loc EndOffset="7552" SrcFileId="15" StartOffset="7323"/>
</LocList>
<StmntSeq Intrnl_Id="1614">
<LocList>
<Loc EndOffset="7381" SrcFileId="15" StartOffset="7366"/>
<Loc EndOffset="7538" SrcFileId="15" StartOffset="7341"/>
</LocList>
<BasicStmnt CovItemId="S47" CovItemPrefix="cabra.UserData.java" Intrnl_Id="1615">
<LocList>
<Loc EndOffset="7381" SrcFileId="15" StartOffset="7366"/>
</LocList>
</BasicStmnt>
<CondStmnt CovItemId="S46" CovItemPrefix="cabra.UserData.java" Intrnl_Id="1616">
<Branch CovItemId="B11" CovItemPrefix="cabra.UserData.java" Implct="true" Intrnl_Id="1617">
<Cond/>
<LocList/>
<StmntSeq Intrnl_Id="1618">
<LocList/>
</StmntSeq>
</Branch>
<Branch CovItemId="B12" CovItemPrefix="cabra.UserData.java" Implct="false" Intrnl_Id="1619">
<Cond>
<Loc EndOffset="7437" SrcFileId="15" StartOffset="7416"/>
</Cond>
<LocList>
<Loc EndOffset="7538" SrcFileId="15" StartOffset="7437"/>
</LocList>
<StmntSeq Intrnl_Id="1620">
<LocList>
<Loc EndOffset="7520" SrcFileId="15" StartOffset="7459"/>
</LocList>
<BasicStmnt CovItemId="S48" CovItemPrefix="cabra.UserData.java" Intrnl_Id="1621">
<LocList>
<Loc EndOffset="7520" SrcFileId="15" StartOffset="7459"/>
</LocList>
</BasicStmnt>
</StmntSeq>
</Branch>
<Keyword EndOffset="7344" SrcFileId="15" StartOffset="7341"/>
<LocList>
<Loc EndOffset="7538" SrcFileId="15" StartOffset="7341"/>
</LocList>
</CondStmnt>
</StmntSeq>
</Branch>
<Branch CovItemId="B10" CovItemPrefix="cabra.UserData.java" Implct="true" Intrnl_Id="1622">
<Cond/>
<LocList/>
<StmntSeq Intrnl_Id="1623">
<LocList/>
</StmntSeq>
</Branch>
<Keyword EndOffset="7307" SrcFileId="15" StartOffset="7305"/>
<LocList>
<Loc EndOffset="7552" SrcFileId="15" StartOffset="7305"/>
</LocList>
<RootTerm CovItemId="C5" CovItemPrefix="cabra.UserData.java" Intrnl_Id="1624">
<BasicBoolTerm Intrnl_Id="1625">
<LocList>
<Loc EndOffset="7322" SrcFileId="15" StartOffset="7308"/>
</LocList>
</BasicBoolTerm>
</RootTerm>
</CondStmnt>
<BasicStmnt CovItemId="S49" CovItemPrefix="cabra.UserData.java" Intrnl_Id="1626">
<LocList>
<Loc EndOffset="7572" SrcFileId="15" StartOffset="7565"/>
</LocList>
</BasicStmnt>
</StmntSeq>
</HierarchyLvl>
<HierarchyLvl HierarchyLvlId="1142" HierarchyLvlTypeId="67" Intrnl_Id="1627" Name="save">
<Header>
<Loc EndOffset="7687" SrcFileId="15" StartOffset="7661"/>
</Header>
<LocList>
<Loc EndOffset="8569" SrcFileId="15" StartOffset="7661"/>
</LocList>
<StmntSeq Intrnl_Id="1628">
<LocList>
<Loc EndOffset="7811" SrcFileId="15" StartOffset="7800"/>
<Loc EndOffset="8563" SrcFileId="15" StartOffset="8553"/>
</LocList>
<BasicStmnt CovItemId="S50" CovItemPrefix="cabra.UserData.java" Intrnl_Id="1629">
<LocList>
<Loc EndOffset="7811" SrcFileId="15" StartOffset="7800"/>
<Loc EndOffset="8563" SrcFileId="15" StartOffset="8553"/>
</LocList>
</BasicStmnt>
</StmntSeq>
<HierarchyLvl HierarchyLvlId="1141" HierarchyLvlTypeId="69" Intrnl_Id="1630" Name="Runnable">
<Header>
<Loc EndOffset="7825" SrcFileId="15" StartOffset="7815"/>
</Header>
<LocList>
<Loc EndOffset="8553" SrcFileId="15" StartOffset="7811"/>
</LocList>
<HierarchyLvl HierarchyLvlId="1140" HierarchyLvlTypeId="67" Intrnl_Id="1631" Name="run">
<Header>
<Loc EndOffset="7856" SrcFileId="15" StartOffset="7839"/>
</Header>
<LocList>
<Loc EndOffset="8543" SrcFileId="15" StartOffset="7839"/>
</LocList>
<StmntSeq Intrnl_Id="1632">
<LocList>
<Loc EndOffset="8054" SrcFileId="15" StartOffset="7899"/>
<Loc EndOffset="8150" SrcFileId="15" StartOffset="8075"/>
<Loc EndOffset="8323" SrcFileId="15" StartOffset="8211"/>
<Loc EndOffset="8391" SrcFileId="15" StartOffset="8376"/>
<Loc EndOffset="8529" SrcFileId="15" StartOffset="7874"/>
</LocList>
<CondStmnt CovItemId="S52" CovItemPrefix="cabra.UserData.java" Intrnl_Id="1633">
<Branch CovItemId="B14" CovItemPrefix="cabra.UserData.java" Implct="false" Intrnl_Id="1634">
<Cond/>
<LocList>
<Loc EndOffset="8054" SrcFileId="15" StartOffset="7935"/>
</LocList>
<StmntSeq Intrnl_Id="1635">
<LocList>
<Loc EndOffset="8032" SrcFileId="15" StartOffset="8001"/>
</LocList>
<BasicStmnt CovItemId="S53" CovItemPrefix="cabra.UserData.java" Intrnl_Id="1636">
<LocList>
<Loc EndOffset="8032" SrcFileId="15" StartOffset="8001"/>
</LocList>
</BasicStmnt>
</StmntSeq>
</Branch>
<Branch CovItemId="B15" CovItemPrefix="cabra.UserData.java" Implct="true" Intrnl_Id="1637">
<Cond/>
<LocList/>
<StmntSeq Intrnl_Id="1638">
<LocList/>
</StmntSeq>
</Branch>
<Keyword EndOffset="7901" SrcFileId="15" StartOffset="7899"/>
<LocList>
<Loc EndOffset="8054" SrcFileId="15" StartOffset="7899"/>
</LocList>
<RootTerm CovItemId="C6" CovItemPrefix="cabra.UserData.java" Intrnl_Id="1639">
<BasicBoolTerm Intrnl_Id="1640">
<LocList>
<Loc EndOffset="7934" SrcFileId="15" StartOffset="7902"/>
</LocList>
</BasicBoolTerm>
</RootTerm>
</CondStmnt>
<BasicStmnt CovItemId="S54" CovItemPrefix="cabra.UserData.java" Intrnl_Id="1641">
<LocList>
<Loc EndOffset="8150" SrcFileId="15" StartOffset="8075"/>
</LocList>
</BasicStmnt>
<LoopStmnt CovItemId="S55" CovItemPrefix="cabra.UserData.java" Intrnl_Id="1642" MltplExecId="L5-2" MltplExecPrefix="cabra.UserData.java" NvrExecId="L5-0" NvrExecPrefix="cabra.UserData.java" OnceExecutedId="L5-1" OnceExecutedPrefix="cabra.UserData.java" OptBodyExec="true">
<StmntSeq Intrnl_Id="1643">
<LocList>
<Loc EndOffset="8301" SrcFileId="15" StartOffset="8277"/>
</LocList>
<BasicStmnt CovItemId="S56" CovItemPrefix="cabra.UserData.java" Intrnl_Id="1644">
<LocList>
<Loc EndOffset="8301" SrcFileId="15" StartOffset="8277"/>
</LocList>
</BasicStmnt>
</StmntSeq>
<Keyword EndOffset="8214" SrcFileId="15" StartOffset="8211"/>
<LocList>
<Loc EndOffset="8323" SrcFileId="15" StartOffset="8211"/>
</LocList>
</LoopStmnt>
<BasicStmnt CovItemId="S57" CovItemPrefix="cabra.UserData.java" Intrnl_Id="1645">
<LocList>
<Loc EndOffset="8391" SrcFileId="15" StartOffset="8376"/>
</LocList>
</BasicStmnt>
<CondStmnt CovItemId="S51" CovItemPrefix="cabra.UserData.java" Intrnl_Id="1646">
<Branch CovItemId="B13" CovItemPrefix="cabra.UserData.java" Implct="true" Intrnl_Id="1647">
<Cond/>
<LocList/>
<StmntSeq Intrnl_Id="1648">
<LocList/>
</StmntSeq>
</Branch>
<Branch CovItemId="B16" CovItemPrefix="cabra.UserData.java" Implct="false" Intrnl_Id="1649">
<Cond>
<Loc EndOffset="8447" SrcFileId="15" StartOffset="8426"/>
</Cond>
<LocList>
<Loc EndOffset="8529" SrcFileId="15" StartOffset="8447"/>
</LocList>
<StmntSeq Intrnl_Id="1650">
<LocList>
<Loc EndOffset="8511" SrcFileId="15" StartOffset="8469"/>
</LocList>
<BasicStmnt CovItemId="S58" CovItemPrefix="cabra.UserData.java" Intrnl_Id="1651">
<LocList>
<Loc EndOffset="8511" SrcFileId="15" StartOffset="8469"/>
</LocList>
</BasicStmnt>
</StmntSeq>
</Branch>
<Keyword EndOffset="7877" SrcFileId="15" StartOffset="7874"/>
<LocList>
<Loc EndOffset="8529" SrcFileId="15" StartOffset="7874"/>
</LocList>
</CondStmnt>
</StmntSeq>
</HierarchyLvl>
</HierarchyLvl>
</HierarchyLvl>
<HierarchyLvl HierarchyLvlId="1143" HierarchyLvlTypeId="67" Intrnl_Id="1652" Name="readLine">
<Header>
<Loc EndOffset="8861" SrcFileId="15" StartOffset="8804"/>
</Header>
<LocList>
<Loc EndOffset="9174" SrcFileId="15" StartOffset="8804"/>
</LocList>
<StmntSeq Intrnl_Id="1653">
<LocList>
<Loc EndOffset="8888" SrcFileId="15" StartOffset="8871"/>
<Loc EndOffset="8939" SrcFileId="15" StartOffset="8914"/>
<Loc EndOffset="8991" SrcFileId="15" StartOffset="8897"/>
<Loc EndOffset="9168" SrcFileId="15" StartOffset="9000"/>
</LocList>
<BasicStmnt CovItemId="S59" CovItemPrefix="cabra.UserData.java" Intrnl_Id="1654">
<LocList>
<Loc EndOffset="8888" SrcFileId="15" StartOffset="8871"/>
</LocList>
</BasicStmnt>
<BasicStmnt CovItemId="S61" CovItemPrefix="cabra.UserData.java" Intrnl_Id="1655">
<LocList>
<Loc EndOffset="8939" SrcFileId="15" StartOffset="8914"/>
</LocList>
</BasicStmnt>
<CondStmnt CovItemId="S60" CovItemPrefix="cabra.UserData.java" Intrnl_Id="1656">
<Branch CovItemId="B17" CovItemPrefix="cabra.UserData.java" Implct="true" Intrnl_Id="1657">
<Cond/>
<LocList/>
<StmntSeq Intrnl_Id="1658">
<LocList/>
</StmntSeq>
</Branch>
<Branch CovItemId="B18" CovItemPrefix="cabra.UserData.java" Implct="false" Intrnl_Id="1659">
<Cond>
<Loc EndOffset="8979" SrcFileId="15" StartOffset="8958"/>
</Cond>
<LocList>
<Loc EndOffset="8991" SrcFileId="15" StartOffset="8979"/>
</LocList>
<StmntSeq Intrnl_Id="1660">
<LocList/>
</StmntSeq>
</Branch>
<Keyword EndOffset="8900" SrcFileId="15" StartOffset="8897"/>
<LocList>
<Loc EndOffset="8991" SrcFileId="15" StartOffset="8897"/>
</LocList>
</CondStmnt>
<CondStmnt CovItemId="S62" CovItemPrefix="cabra.UserData.java" Intrnl_Id="1661">
<Branch CovItemId="B19" CovItemPrefix="cabra.UserData.java" Implct="false" Intrnl_Id="1662">
<Cond/>
<LocList>
<Loc EndOffset="9052" SrcFileId="15" StartOffset="9016"/>
</LocList>
<StmntSeq Intrnl_Id="1663">
<LocList>
<Loc EndOffset="9042" SrcFileId="15" StartOffset="9030"/>
</LocList>
<BasicStmnt CovItemId="S63" CovItemPrefix="cabra.UserData.java" Intrnl_Id="1664">
<LocList>
<Loc EndOffset="9042" SrcFileId="15" StartOffset="9030"/>
</LocList>
</BasicStmnt>
</StmntSeq>
</Branch>
<Branch CovItemId="B20" CovItemPrefix="cabra.UserData.java" Implct="false" Intrnl_Id="1665">
<Cond>
<Loc EndOffset="9065" SrcFileId="15" StartOffset="9061"/>
</Cond>
<LocList>
<Loc EndOffset="9168" SrcFileId="15" StartOffset="9065"/>
</LocList>
<StmntSeq Intrnl_Id="1666">
<LocList>
<Loc EndOffset="9127" SrcFileId="15" StartOffset="9079"/>
</LocList>
<BasicStmnt CovItemId="S64" CovItemPrefix="cabra.UserData.java" Intrnl_Id="1667">
<LocList>
<Loc EndOffset="9127" SrcFileId="15" StartOffset="9079"/>
</LocList>
</BasicStmnt>
</StmntSeq>
</Branch>
<Keyword EndOffset="9002" SrcFileId="15" StartOffset="9000"/>
<LocList>
<Loc EndOffset="9168" SrcFileId="15" StartOffset="9000"/>
</LocList>
<RootTerm CovItemId="C7" CovItemPrefix="cabra.UserData.java" Intrnl_Id="1668">
<BasicBoolTerm Intrnl_Id="1669">
<LocList>
<Loc EndOffset="9015" SrcFileId="15" StartOffset="9003"/>
</LocList>
</BasicBoolTerm>
</RootTerm>
</CondStmnt>
</StmntSeq>
</HierarchyLvl>
<HierarchyLvl HierarchyLvlId="1144" HierarchyLvlTypeId="67" Intrnl_Id="1670" Name="writeLine">
<Header>
<Loc EndOffset="9405" SrcFileId="15" StartOffset="9334"/>
</Header>
<LocList>
<Loc EndOffset="9551" SrcFileId="15" StartOffset="9334"/>
</LocList>
<StmntSeq Intrnl_Id="1671">
<LocList>
<Loc EndOffset="9463" SrcFileId="15" StartOffset="9432"/>
<Loc EndOffset="9493" SrcFileId="15" StartOffset="9476"/>
<Loc EndOffset="9545" SrcFileId="15" StartOffset="9415"/>
</LocList>
<BasicStmnt CovItemId="S66" CovItemPrefix="cabra.UserData.java" Intrnl_Id="1672">
<LocList>
<Loc EndOffset="9463" SrcFileId="15" StartOffset="9432"/>
</LocList>
</BasicStmnt>
<BasicStmnt CovItemId="S67" CovItemPrefix="cabra.UserData.java" Intrnl_Id="1673">
<LocList>
<Loc EndOffset="9493" SrcFileId="15" StartOffset="9476"/>
</LocList>
</BasicStmnt>
<CondStmnt CovItemId="S65" CovItemPrefix="cabra.UserData.java" Intrnl_Id="1674">
<Branch CovItemId="B21" CovItemPrefix="cabra.UserData.java" Implct="true" Intrnl_Id="1675">
<Cond/>
<LocList/>
<StmntSeq Intrnl_Id="1676">
<LocList/>
</StmntSeq>
</Branch>
<Branch CovItemId="B22" CovItemPrefix="cabra.UserData.java" Implct="false" Intrnl_Id="1677">
<Cond>
<Loc EndOffset="9533" SrcFileId="15" StartOffset="9512"/>
</Cond>
<LocList>
<Loc EndOffset="9545" SrcFileId="15" StartOffset="9533"/>
</LocList>
<StmntSeq Intrnl_Id="1678">
<LocList/>
</StmntSeq>
</Branch>
<Keyword EndOffset="9418" SrcFileId="15" StartOffset="9415"/>
<LocList>
<Loc EndOffset="9545" SrcFileId="15" StartOffset="9415"/>
</LocList>
</CondStmnt>
</StmntSeq>
</HierarchyLvl>
<HierarchyLvl HierarchyLvlId="1151" HierarchyLvlTypeId="66" Intrnl_Id="1679" Name="Datum">
<Header>
<Loc EndOffset="9664" SrcFileId="15" StartOffset="9637"/>
</Header>
<LocList>
<Loc EndOffset="11082" SrcFileId="15" StartOffset="9637"/>
</LocList>
<HierarchyLvl HierarchyLvlId="1145" HierarchyLvlTypeId="67" Intrnl_Id="1680" Name="Datum">
<Header>
<Loc EndOffset="10107" SrcFileId="15" StartOffset="10052"/>
</Header>
<LocList>
<Loc EndOffset="10277" SrcFileId="15" StartOffset="10052"/>
</LocList>
<StmntSeq Intrnl_Id="1681">
<LocList>
<Loc EndOffset="10152" SrcFileId="15" StartOffset="10121"/>
<Loc EndOffset="10196" SrcFileId="15" StartOffset="10165"/>
<Loc EndOffset="10235" SrcFileId="15" StartOffset="10209"/>
</LocList>
<BasicStmnt CovItemId="S68" CovItemPrefix="cabra.UserData.java" Intrnl_Id="1682">
<LocList>
<Loc EndOffset="10152" SrcFileId="15" StartOffset="10121"/>
</LocList>
</BasicStmnt>
<BasicStmnt CovItemId="S69" CovItemPrefix="cabra.UserData.java" Intrnl_Id="1683">
<LocList>
<Loc EndOffset="10196" SrcFileId="15" StartOffset="10165"/>
</LocList>
</BasicStmnt>
<BasicStmnt CovItemId="S70" CovItemPrefix="cabra.UserData.java" Intrnl_Id="1684">
<LocList>
<Loc EndOffset="10235" SrcFileId="15" StartOffset="10209"/>
</LocList>
</BasicStmnt>
</StmntSeq>
</HierarchyLvl>
<HierarchyLvl HierarchyLvlId="1146" HierarchyLvlTypeId="67" Intrnl_Id="1685" Name="setData">
<Header>
<Loc EndOffset="10339" SrcFileId="15" StartOffset="10295"/>
</Header>
<LocList>
<Loc EndOffset="10607" SrcFileId="15" StartOffset="10295"/>
</LocList>
<StmntSeq Intrnl_Id="1686">
<LocList>
<Loc EndOffset="10524" SrcFileId="15" StartOffset="10353"/>
<Loc EndOffset="10597" SrcFileId="15" StartOffset="10550"/>
</LocList>
<CondStmnt CovItemId="S71" CovItemPrefix="cabra.UserData.java" Intrnl_Id="1687">
<Branch CovItemId="B23" CovItemPrefix="cabra.UserData.java" Implct="false" Intrnl_Id="1688">
<Cond/>
<LocList>
<Loc EndOffset="10461" SrcFileId="15" StartOffset="10366"/>
</LocList>
<StmntSeq Intrnl_Id="1689">
<LocList>
<Loc EndOffset="10447" SrcFileId="15" StartOffset="10423"/>
</LocList>
<BasicStmnt CovItemId="S72" CovItemPrefix="cabra.UserData.java" Intrnl_Id="1690">
<LocList>
<Loc EndOffset="10447" SrcFileId="15" StartOffset="10423"/>
</LocList>
</BasicStmnt>
</StmntSeq>
</Branch>
<Branch CovItemId="B24" CovItemPrefix="cabra.UserData.java" Implct="false" Intrnl_Id="1691">
<Cond>
<Loc EndOffset="10478" SrcFileId="15" StartOffset="10474"/>
</Cond>
<LocList>
<Loc EndOffset="10524" SrcFileId="15" StartOffset="10478"/>
</LocList>
<StmntSeq Intrnl_Id="1692">
<LocList>
<Loc EndOffset="10510" SrcFileId="15" StartOffset="10496"/>
</LocList>
<BasicStmnt CovItemId="S73" CovItemPrefix="cabra.UserData.java" Intrnl_Id="1693">
<LocList>
<Loc EndOffset="10510" SrcFileId="15" StartOffset="10496"/>
</LocList>
</BasicStmnt>
</StmntSeq>
</Branch>
<Keyword EndOffset="10355" SrcFileId="15" StartOffset="10353"/>
<LocList>
<Loc EndOffset="10524" SrcFileId="15" StartOffset="10353"/>
</LocList>
<RootTerm CovItemId="C8" CovItemPrefix="cabra.UserData.java" Intrnl_Id="1694">
<BasicBoolTerm Intrnl_Id="1695">
<LocList>
<Loc EndOffset="10365" SrcFileId="15" StartOffset="10356"/>
</LocList>
</BasicBoolTerm>
</RootTerm>
</CondStmnt>
<CondStmnt CovItemId="S74" CovItemPrefix="cabra.UserData.java" Intrnl_Id="1696">
<Branch CovItemId="B25" CovItemPrefix="cabra.UserData.java" Implct="false" Intrnl_Id="1697">
<Cond/>
<LocList>
<Loc EndOffset="10597" SrcFileId="15" StartOffset="10581"/>
</LocList>
<StmntSeq Intrnl_Id="1698">
<LocList>
<Loc EndOffset="10597" SrcFileId="15" StartOffset="10581"/>
</LocList>
<BasicStmnt CovItemId="S75" CovItemPrefix="cabra.UserData.java" Intrnl_Id="1699">
<LocList>
<Loc EndOffset="10597" SrcFileId="15" StartOffset="10581"/>
</LocList>
</BasicStmnt>
</StmntSeq>
</Branch>
<Branch CovItemId="B26" CovItemPrefix="cabra.UserData.java" Implct="true" Intrnl_Id="1700">
<Cond/>
<LocList/>
<StmntSeq Intrnl_Id="1701">
<LocList/>
</StmntSeq>
</Branch>
<Keyword EndOffset="10552" SrcFileId="15" StartOffset="10550"/>
<LocList>
<Loc EndOffset="10597" SrcFileId="15" StartOffset="10550"/>
</LocList>
<RootTerm CovItemId="C9" CovItemPrefix="cabra.UserData.java" Intrnl_Id="1702">
<BasicBoolTerm Intrnl_Id="1703">
<LocList>
<Loc EndOffset="10563" SrcFileId="15" StartOffset="10553"/>
</LocList>
</BasicBoolTerm>
</RootTerm>
</CondStmnt>
</StmntSeq>
</HierarchyLvl>
<HierarchyLvl HierarchyLvlId="1147" HierarchyLvlTypeId="67" Intrnl_Id="1704" Name="makeDefault">
<Header>
<Loc EndOffset="10720" SrcFileId="15" StartOffset="10695"/>
</Header>
<LocList>
<Loc EndOffset="10764" SrcFileId="15" StartOffset="10695"/>
</LocList>
<StmntSeq Intrnl_Id="1705">
<LocList>
<Loc EndOffset="10754" SrcFileId="15" StartOffset="10734"/>
</LocList>
<BasicStmnt CovItemId="S76" CovItemPrefix="cabra.UserData.java" Intrnl_Id="1706">
<LocList>
<Loc EndOffset="10754" SrcFileId="15" StartOffset="10734"/>
</LocList>
</BasicStmnt>
</StmntSeq>
</HierarchyLvl>
<HierarchyLvl HierarchyLvlId="1148" HierarchyLvlTypeId="67" Intrnl_Id="1707" Name="getData">
<Header>
<Loc EndOffset="10816" SrcFileId="15" StartOffset="10798"/>
</Header>
<LocList>
<Loc EndOffset="10852" SrcFileId="15" StartOffset="10798"/>
</LocList>
<StmntSeq Intrnl_Id="1708">
<LocList>
<Loc EndOffset="10842" SrcFileId="15" StartOffset="10830"/>
</LocList>
<BasicStmnt CovItemId="S77" CovItemPrefix="cabra.UserData.java" Intrnl_Id="1709">
<LocList>
<Loc EndOffset="10842" SrcFileId="15" StartOffset="10830"/>
</LocList>
</BasicStmnt>
</StmntSeq>
</HierarchyLvl>
<HierarchyLvl HierarchyLvlId="1149" HierarchyLvlTypeId="67" Intrnl_Id="1710" Name="getDescription">
<Header>
<Loc EndOffset="10900" SrcFileId="15" StartOffset="10870"/>
</Header>
<LocList>
<Loc EndOffset="10943" SrcFileId="15" StartOffset="10870"/>
</LocList>
<StmntSeq Intrnl_Id="1711">
<LocList>
<Loc EndOffset="10933" SrcFileId="15" StartOffset="10914"/>
</LocList>
<BasicStmnt CovItemId="S78" CovItemPrefix="cabra.UserData.java" Intrnl_Id="1712">
<LocList>
<Loc EndOffset="10933" SrcFileId="15" StartOffset="10914"/>
</LocList>
</BasicStmnt>
</StmntSeq>
</HierarchyLvl>
<HierarchyLvl HierarchyLvlId="1150" HierarchyLvlTypeId="67" Intrnl_Id="1713" Name="toString">
<Header>
<Loc EndOffset="11003" SrcFileId="15" StartOffset="10961"/>
</Header>
<LocList>
<Loc EndOffset="11076" SrcFileId="15" StartOffset="10961"/>
</LocList>
<StmntSeq Intrnl_Id="1714">
<LocList>
<Loc EndOffset="11066" SrcFileId="15" StartOffset="11017"/>
</LocList>
<BasicStmnt CovItemId="S79" CovItemPrefix="cabra.UserData.java" Intrnl_Id="1715">
<LocList>
<Loc EndOffset="11066" SrcFileId="15" StartOffset="11017"/>
</LocList>
</BasicStmnt>
</StmntSeq>
</HierarchyLvl>
</HierarchyLvl>
<HierarchyLvl HierarchyLvlId="1154" HierarchyLvlTypeId="66" Intrnl_Id="1716" Name="StringPair">
<Header>
<Loc EndOffset="11220" SrcFileId="15" StartOffset="11191"/>
</Header>
<LocList>
<Loc EndOffset="11552" SrcFileId="15" StartOffset="11191"/>
</LocList>
<HierarchyLvl HierarchyLvlId="1152" HierarchyLvlTypeId="67" Intrnl_Id="1717" Name="StringPair">
<Header>
<Loc EndOffset="11361" SrcFileId="15" StartOffset="11311"/>
</Header>
<LocList>
<Loc EndOffset="11446" SrcFileId="15" StartOffset="11311"/>
</LocList>
<StmntSeq Intrnl_Id="1718">
<LocList>
<Loc EndOffset="11406" SrcFileId="15" StartOffset="11375"/>
<Loc EndOffset="11436" SrcFileId="15" StartOffset="11419"/>
</LocList>
<BasicStmnt CovItemId="S80" CovItemPrefix="cabra.UserData.java" Intrnl_Id="1719">
<LocList>
<Loc EndOffset="11406" SrcFileId="15" StartOffset="11375"/>
</LocList>
</BasicStmnt>
<BasicStmnt CovItemId="S81" CovItemPrefix="cabra.UserData.java" Intrnl_Id="1720">
<LocList>
<Loc EndOffset="11436" SrcFileId="15" StartOffset="11419"/>
</LocList>
</BasicStmnt>
</StmntSeq>
</HierarchyLvl>
<HierarchyLvl HierarchyLvlId="1153" HierarchyLvlTypeId="67" Intrnl_Id="1721" Name="StringPair">
<Header>
<Loc EndOffset="11497" SrcFileId="15" StartOffset="11464"/>
</Header>
<LocList>
<Loc EndOffset="11546" SrcFileId="15" StartOffset="11464"/>
</LocList>
<StmntSeq Intrnl_Id="1722">
<LocList>
<Loc EndOffset="11536" SrcFileId="15" StartOffset="11511"/>
</LocList>
<BasicStmnt CovItemId="S82" CovItemPrefix="cabra.UserData.java" Intrnl_Id="1723">
<LocList>
<Loc EndOffset="11536" SrcFileId="15" StartOffset="11511"/>
</LocList>
</BasicStmnt>
</StmntSeq>
</HierarchyLvl>
</HierarchyLvl>
</HierarchyLvl>
<HierarchyLvl HierarchyLvlId="1158" HierarchyLvlTypeId="66" Intrnl_Id="1724" Name="Updates">
<Header>
<Loc EndOffset="256" SrcFileId="16" StartOffset="227"/>
</Header>
<LocList>
<Loc EndOffset="911" SrcFileId="16" StartOffset="227"/>
</LocList>
<HierarchyLvl HierarchyLvlId="1156" HierarchyLvlTypeId="67" Intrnl_Id="1725" Name="Updates">
<Header>
<Loc EndOffset="280" SrcFileId="16" StartOffset="263"/>
</Header>
<LocList>
<Loc EndOffset="282" SrcFileId="16" StartOffset="263"/>
</LocList>
</HierarchyLvl>
<HierarchyLvl HierarchyLvlId="1157" HierarchyLvlTypeId="67" Intrnl_Id="1726" Name="checkForUpdates">
<Header>
<Loc EndOffset="443" SrcFileId="16" StartOffset="400"/>
</Header>
<LocList>
<Loc EndOffset="909" SrcFileId="16" StartOffset="400"/>
</LocList>
<StmntSeq Intrnl_Id="1727">
<LocList>
<Loc EndOffset="592" SrcFileId="16" StartOffset="507"/>
<Loc EndOffset="694" SrcFileId="16" StartOffset="637"/>
<Loc EndOffset="757" SrcFileId="16" StartOffset="703"/>
<Loc EndOffset="807" SrcFileId="16" StartOffset="766"/>
<Loc EndOffset="903" SrcFileId="16" StartOffset="816"/>
</LocList>
<BasicStmnt CovItemId="S1" CovItemPrefix="cabra.Updates.java" Intrnl_Id="1728">
<LocList>
<Loc EndOffset="592" SrcFileId="16" StartOffset="507"/>
</LocList>
</BasicStmnt>
<BasicStmnt CovItemId="S2" CovItemPrefix="cabra.Updates.java" Intrnl_Id="1729">
<LocList>
<Loc EndOffset="694" SrcFileId="16" StartOffset="637"/>
</LocList>
</BasicStmnt>
<BasicStmnt CovItemId="S3" CovItemPrefix="cabra.Updates.java" Intrnl_Id="1730">
<LocList>
<Loc EndOffset="757" SrcFileId="16" StartOffset="703"/>
</LocList>
</BasicStmnt>
<BasicStmnt CovItemId="S4" CovItemPrefix="cabra.Updates.java" Intrnl_Id="1731">
<LocList>
<Loc EndOffset="807" SrcFileId="16" StartOffset="766"/>
</LocList>
</BasicStmnt>
<BasicStmnt CovItemId="S5" CovItemPrefix="cabra.Updates.java" Intrnl_Id="1732">
<LocList>
<Loc EndOffset="903" SrcFileId="16" StartOffset="816"/>
</LocList>
</BasicStmnt>
</StmntSeq>
</HierarchyLvl>
</HierarchyLvl>
<HierarchyLvl HierarchyLvlId="1194" HierarchyLvlTypeId="66" Intrnl_Id="1733" Name="TopMenuBar">
<Header>
<Loc EndOffset="302" SrcFileId="17" StartOffset="262"/>
</Header>
<LocList>
<Loc EndOffset="12170" SrcFileId="17" StartOffset="262"/>
<Loc EndOffset="14546" SrcFileId="17" StartOffset="14293"/>
<Loc EndOffset="14860" SrcFileId="17" StartOffset="14850"/>
<Loc EndOffset="15077" SrcFileId="17" StartOffset="15067"/>
<Loc EndOffset="15294" SrcFileId="17" StartOffset="15284"/>
</LocList>
<StmntSeq Intrnl_Id="1734">
<LocList>
<Loc EndOffset="569" SrcFileId="17" StartOffset="501"/>
<Loc EndOffset="703" SrcFileId="17" StartOffset="655"/>
</LocList>
<BasicStmnt CovItemId="S1" CovItemPrefix="cabra.TopMenuBar.java" Intrnl_Id="1735">
<LocList>
<Loc EndOffset="569" SrcFileId="17" StartOffset="501"/>
</LocList>
</BasicStmnt>
<BasicStmnt CovItemId="S2" CovItemPrefix="cabra.TopMenuBar.java" Intrnl_Id="1736">
<LocList>
<Loc EndOffset="703" SrcFileId="17" StartOffset="655"/>
</LocList>
</BasicStmnt>
</StmntSeq>
<HierarchyLvl HierarchyLvlId="1177" HierarchyLvlTypeId="67" Intrnl_Id="1737" Name="TopMenuBar">
<Header>
<Loc EndOffset="773" SrcFileId="17" StartOffset="713"/>
</Header>
<LocList>
<Loc EndOffset="10318" SrcFileId="17" StartOffset="713"/>
</LocList>
<StmntSeq Intrnl_Id="1738">
<LocList>
<Loc EndOffset="812" SrcFileId="17" StartOffset="783"/>
<Loc EndOffset="836" SrcFileId="17" StartOffset="821"/>
<Loc EndOffset="931" SrcFileId="17" StartOffset="895"/>
<Loc EndOffset="980" SrcFileId="17" StartOffset="944"/>
<Loc EndOffset="1084" SrcFileId="17" StartOffset="993"/>
<Loc EndOffset="1136" SrcFileId="17" StartOffset="1101"/>
<Loc EndOffset="1743" SrcFileId="17" StartOffset="1741"/>
<Loc EndOffset="1791" SrcFileId="17" StartOffset="1760"/>
<Loc EndOffset="1900" SrcFileId="17" StartOffset="1808"/>
<Loc EndOffset="1953" SrcFileId="17" StartOffset="1917"/>
<Loc EndOffset="2962" SrcFileId="17" StartOffset="2960"/>
<Loc EndOffset="3011" SrcFileId="17" StartOffset="2979"/>
<Loc EndOffset="3078" SrcFileId="17" StartOffset="3045"/>
<Loc EndOffset="3124" SrcFileId="17" StartOffset="3091"/>
<Loc EndOffset="3229" SrcFileId="17" StartOffset="3137"/>
<Loc EndOffset="3275" SrcFileId="17" StartOffset="3246"/>
<Loc EndOffset="3737" SrcFileId="17" StartOffset="3735"/>
<Loc EndOffset="3776" SrcFileId="17" StartOffset="3754"/>
<Loc EndOffset="3870" SrcFileId="17" StartOffset="3822"/>
<Loc EndOffset="3923" SrcFileId="17" StartOffset="3883"/>
<Loc EndOffset="4023" SrcFileId="17" StartOffset="3936"/>
<Loc EndOffset="4087" SrcFileId="17" StartOffset="4040"/>
<Loc EndOffset="4129" SrcFileId="17" StartOffset="4104"/>
<Loc EndOffset="4229" SrcFileId="17" StartOffset="4142"/>
<Loc EndOffset="4293" SrcFileId="17" StartOffset="4246"/>
<Loc EndOffset="4335" SrcFileId="17" StartOffset="4310"/>
<Loc EndOffset="5648" SrcFileId="17" StartOffset="4804"/>
<Loc EndOffset="5731" SrcFileId="17" StartOffset="5699"/>
<Loc EndOffset="5776" SrcFileId="17" StartOffset="5744"/>
<Loc EndOffset="5876" SrcFileId="17" StartOffset="5789"/>
<Loc EndOffset="5921" SrcFileId="17" StartOffset="5893"/>
<Loc EndOffset="6305" SrcFileId="17" StartOffset="6303"/>
<Loc EndOffset="6342" SrcFileId="17" StartOffset="6322"/>
<Loc EndOffset="6446" SrcFileId="17" StartOffset="6355"/>
<Loc EndOffset="6495" SrcFileId="17" StartOffset="6463"/>
<Loc EndOffset="7418" SrcFileId="17" StartOffset="7416"/>
<Loc EndOffset="7459" SrcFileId="17" StartOffset="7435"/>
<Loc EndOffset="7552" SrcFileId="17" StartOffset="7519"/>
<Loc EndOffset="7598" SrcFileId="17" StartOffset="7565"/>
<Loc EndOffset="9087" SrcFileId="17" StartOffset="7724"/>
<Loc EndOffset="9210" SrcFileId="17" StartOffset="9113"/>
<Loc EndOffset="9251" SrcFileId="17" StartOffset="9227"/>
<Loc EndOffset="9437" SrcFileId="17" StartOffset="9435"/>
<Loc EndOffset="9471" SrcFileId="17" StartOffset="9454"/>
<Loc EndOffset="9604" SrcFileId="17" StartOffset="9505"/>
<Loc EndOffset="9647" SrcFileId="17" StartOffset="9621"/>
<Loc EndOffset="9808" SrcFileId="17" StartOffset="9806"/>
<Loc EndOffset="9844" SrcFileId="17" StartOffset="9825"/>
<Loc EndOffset="9950" SrcFileId="17" StartOffset="9871"/>
<Loc EndOffset="10017" SrcFileId="17" StartOffset="9960"/>
<Loc EndOffset="10063" SrcFileId="17" StartOffset="10027"/>
<Loc EndOffset="10099" SrcFileId="17" StartOffset="10085"/>
<Loc EndOffset="10120" SrcFileId="17" StartOffset="10109"/>
<Loc EndOffset="10148" SrcFileId="17" StartOffset="10130"/>
<Loc EndOffset="10177" SrcFileId="17" StartOffset="10158"/>
<Loc EndOffset="10206" SrcFileId="17" StartOffset="10196"/>
<Loc EndOffset="10227" SrcFileId="17" StartOffset="10216"/>
<Loc EndOffset="10259" SrcFileId="17" StartOffset="10237"/>
<Loc EndOffset="10292" SrcFileId="17" StartOffset="10269"/>
<Loc EndOffset="10312" SrcFileId="17" StartOffset="10302"/>
</LocList>
<BasicStmnt CovItemId="S3" CovItemPrefix="cabra.TopMenuBar.java" Intrnl_Id="1739">
<LocList>
<Loc EndOffset="812" SrcFileId="17" StartOffset="783"/>
</LocList>
</BasicStmnt>
<BasicStmnt CovItemId="S4" CovItemPrefix="cabra.TopMenuBar.java" Intrnl_Id="1740">
<LocList>
<Loc EndOffset="836" SrcFileId="17" StartOffset="821"/>
</LocList>
</BasicStmnt>
<BasicStmnt CovItemId="S5" CovItemPrefix="cabra.TopMenuBar.java" Intrnl_Id="1741">
<LocList>
<Loc EndOffset="931" SrcFileId="17" StartOffset="895"/>
</LocList>
</BasicStmnt>
<BasicStmnt CovItemId="S6" CovItemPrefix="cabra.TopMenuBar.java" Intrnl_Id="1742">
<LocList>
<Loc EndOffset="980" SrcFileId="17" StartOffset="944"/>
</LocList>
</BasicStmnt>
<BasicStmnt CovItemId="S7" CovItemPrefix="cabra.TopMenuBar.java" Intrnl_Id="1743">
<LocList>
<Loc EndOffset="1084" SrcFileId="17" StartOffset="993"/>
</LocList>
</BasicStmnt>
<BasicStmnt CovItemId="S8" CovItemPrefix="cabra.TopMenuBar.java" Intrnl_Id="1744">
<LocList>
<Loc EndOffset="1136" SrcFileId="17" StartOffset="1101"/>
<Loc EndOffset="1743" SrcFileId="17" StartOffset="1741"/>
</LocList>
</BasicStmnt>
<BasicStmnt CovItemId="S11" CovItemPrefix="cabra.TopMenuBar.java" Intrnl_Id="1745">
<LocList>
<Loc EndOffset="1791" SrcFileId="17" StartOffset="1760"/>
</LocList>
</BasicStmnt>
<BasicStmnt CovItemId="S12" CovItemPrefix="cabra.TopMenuBar.java" Intrnl_Id="1746">
<LocList>
<Loc EndOffset="1900" SrcFileId="17" StartOffset="1808"/>
</LocList>
</BasicStmnt>
<BasicStmnt CovItemId="S13" CovItemPrefix="cabra.TopMenuBar.java" Intrnl_Id="1747">
<LocList>
<Loc EndOffset="1953" SrcFileId="17" StartOffset="1917"/>
<Loc EndOffset="2962" SrcFileId="17" StartOffset="2960"/>
</LocList>
</BasicStmnt>
<BasicStmnt CovItemId="S19" CovItemPrefix="cabra.TopMenuBar.java" Intrnl_Id="1748">
<LocList>
<Loc EndOffset="3011" SrcFileId="17" StartOffset="2979"/>
</LocList>
</BasicStmnt>
<BasicStmnt CovItemId="S20" CovItemPrefix="cabra.TopMenuBar.java" Intrnl_Id="1749">
<LocList>
<Loc EndOffset="3078" SrcFileId="17" StartOffset="3045"/>
</LocList>
</BasicStmnt>
<BasicStmnt CovItemId="S21" CovItemPrefix="cabra.TopMenuBar.java" Intrnl_Id="1750">
<LocList>
<Loc EndOffset="3124" SrcFileId="17" StartOffset="3091"/>
</LocList>
</BasicStmnt>
<BasicStmnt CovItemId="S22" CovItemPrefix="cabra.TopMenuBar.java" Intrnl_Id="1751">
<LocList>
<Loc EndOffset="3229" SrcFileId="17" StartOffset="3137"/>
</LocList>
</BasicStmnt>
<BasicStmnt CovItemId="S23" CovItemPrefix="cabra.TopMenuBar.java" Intrnl_Id="1752">
<LocList>
<Loc EndOffset="3275" SrcFileId="17" StartOffset="3246"/>
<Loc EndOffset="3737" SrcFileId="17" StartOffset="3735"/>
</LocList>
</BasicStmnt>
<BasicStmnt CovItemId="S27" CovItemPrefix="cabra.TopMenuBar.java" Intrnl_Id="1753">
<LocList>
<Loc EndOffset="3776" SrcFileId="17" StartOffset="3754"/>
</LocList>
</BasicStmnt>
<BasicStmnt CovItemId="S28" CovItemPrefix="cabra.TopMenuBar.java" Intrnl_Id="1754">
<LocList>
<Loc EndOffset="3870" SrcFileId="17" StartOffset="3822"/>
</LocList>
</BasicStmnt>
<BasicStmnt CovItemId="S29" CovItemPrefix="cabra.TopMenuBar.java" Intrnl_Id="1755">
<LocList>
<Loc EndOffset="3923" SrcFileId="17" StartOffset="3883"/>
</LocList>
</BasicStmnt>
<BasicStmnt CovItemId="S30" CovItemPrefix="cabra.TopMenuBar.java" Intrnl_Id="1756">
<LocList>
<Loc EndOffset="4023" SrcFileId="17" StartOffset="3936"/>
</LocList>
</BasicStmnt>
<BasicStmnt CovItemId="S31" CovItemPrefix="cabra.TopMenuBar.java" Intrnl_Id="1757">
<LocList>
<Loc EndOffset="4087" SrcFileId="17" StartOffset="4040"/>
</LocList>
</BasicStmnt>
<BasicStmnt CovItemId="S32" CovItemPrefix="cabra.TopMenuBar.java" Intrnl_Id="1758">
<LocList>
<Loc EndOffset="4129" SrcFileId="17" StartOffset="4104"/>
</LocList>
</BasicStmnt>
<BasicStmnt CovItemId="S33" CovItemPrefix="cabra.TopMenuBar.java" Intrnl_Id="1759">
<LocList>
<Loc EndOffset="4229" SrcFileId="17" StartOffset="4142"/>
</LocList>
</BasicStmnt>
<BasicStmnt CovItemId="S34" CovItemPrefix="cabra.TopMenuBar.java" Intrnl_Id="1760">
<LocList>
<Loc EndOffset="4293" SrcFileId="17" StartOffset="4246"/>
</LocList>
</BasicStmnt>
<BasicStmnt CovItemId="S35" CovItemPrefix="cabra.TopMenuBar.java" Intrnl_Id="1761">
<LocList>
<Loc EndOffset="4335" SrcFileId="17" StartOffset="4310"/>
</LocList>
</BasicStmnt>
<CondStmnt CovItemId="S36" CovItemPrefix="cabra.TopMenuBar.java" Intrnl_Id="1762">
<Branch CovItemId="B5" CovItemPrefix="cabra.TopMenuBar.java" Implct="false" Intrnl_Id="1763">
<Cond/>
<LocList>
<Loc EndOffset="5648" SrcFileId="17" StartOffset="4836"/>
</LocList>
<StmntSeq Intrnl_Id="1764">
<LocList>
<Loc EndOffset="4893" SrcFileId="17" StartOffset="4854"/>
<Loc EndOffset="5634" SrcFileId="17" StartOffset="4955"/>
</LocList>
<BasicStmnt CovItemId="S37" CovItemPrefix="cabra.TopMenuBar.java" Intrnl_Id="1765">
<LocList>
<Loc EndOffset="4893" SrcFileId="17" StartOffset="4854"/>
</LocList>
</BasicStmnt>
<CondStmnt CovItemId="S38" CovItemPrefix="cabra.TopMenuBar.java" Intrnl_Id="1766">
<Branch CovItemId="B7" CovItemPrefix="cabra.TopMenuBar.java" Implct="false" Intrnl_Id="1767">
<Cond/>
<LocList>
<Loc EndOffset="5634" SrcFileId="17" StartOffset="5001"/>
</LocList>
<StmntSeq Intrnl_Id="1768">
<LocList>
<Loc EndOffset="5116" SrcFileId="17" StartOffset="5023"/>
<Loc EndOffset="5165" SrcFileId="17" StartOffset="5141"/>
<Loc EndOffset="5422" SrcFileId="17" StartOffset="5420"/>
<Loc EndOffset="5494" SrcFileId="17" StartOffset="5447"/>
<Loc EndOffset="5547" SrcFileId="17" StartOffset="5519"/>
<Loc EndOffset="5598" SrcFileId="17" StartOffset="5574"/>
</LocList>
<BasicStmnt CovItemId="S39" CovItemPrefix="cabra.TopMenuBar.java" Intrnl_Id="1769">
<LocList>
<Loc EndOffset="5116" SrcFileId="17" StartOffset="5023"/>
</LocList>
</BasicStmnt>
<BasicStmnt CovItemId="S40" CovItemPrefix="cabra.TopMenuBar.java" Intrnl_Id="1770">
<LocList>
<Loc EndOffset="5165" SrcFileId="17" StartOffset="5141"/>
<Loc EndOffset="5422" SrcFileId="17" StartOffset="5420"/>
</LocList>
</BasicStmnt>
<BasicStmnt CovItemId="S42" CovItemPrefix="cabra.TopMenuBar.java" Intrnl_Id="1771">
<LocList>
<Loc EndOffset="5494" SrcFileId="17" StartOffset="5447"/>
</LocList>
</BasicStmnt>
<BasicStmnt CovItemId="S43" CovItemPrefix="cabra.TopMenuBar.java" Intrnl_Id="1772">
<LocList>
<Loc EndOffset="5547" SrcFileId="17" StartOffset="5519"/>
</LocList>
</BasicStmnt>
<BasicStmnt CovItemId="S44" CovItemPrefix="cabra.TopMenuBar.java" Intrnl_Id="1773">
<LocList>
<Loc EndOffset="5598" SrcFileId="17" StartOffset="5574"/>
</LocList>
</BasicStmnt>
</StmntSeq>
</Branch>
<Branch CovItemId="B8" CovItemPrefix="cabra.TopMenuBar.java" Implct="true" Intrnl_Id="1774">
<Cond/>
<LocList/>
<StmntSeq Intrnl_Id="1775">
<LocList/>
</StmntSeq>
</Branch>
<Keyword EndOffset="4957" SrcFileId="17" StartOffset="4955"/>
<LocList>
<Loc EndOffset="5634" SrcFileId="17" StartOffset="4955"/>
</LocList>
<RootTerm CovItemId="C4" CovItemPrefix="cabra.TopMenuBar.java" Intrnl_Id="1776">
<BasicBoolTerm Intrnl_Id="1777">
<LocList>
<Loc EndOffset="5000" SrcFileId="17" StartOffset="4958"/>
</LocList>
</BasicBoolTerm>
</RootTerm>
</CondStmnt>
</StmntSeq>
</Branch>
<Branch CovItemId="B6" CovItemPrefix="cabra.TopMenuBar.java" Implct="true" Intrnl_Id="1778">
<Cond/>
<LocList/>
<StmntSeq Intrnl_Id="1779">
<LocList/>
</StmntSeq>
</Branch>
<Keyword EndOffset="4806" SrcFileId="17" StartOffset="4804"/>
<LocList>
<Loc EndOffset="5648" SrcFileId="17" StartOffset="4804"/>
</LocList>
<RootTerm CovItemId="C3" CovItemPrefix="cabra.TopMenuBar.java" Intrnl_Id="1780">
<BasicBoolTerm Intrnl_Id="1781">
<LocList>
<Loc EndOffset="4835" SrcFileId="17" StartOffset="4807"/>
</LocList>
</BasicBoolTerm>
</RootTerm>
</CondStmnt>
<BasicStmnt CovItemId="S45" CovItemPrefix="cabra.TopMenuBar.java" Intrnl_Id="1782">
<LocList>
<Loc EndOffset="5731" SrcFileId="17" StartOffset="5699"/>
</LocList>
</BasicStmnt>
<BasicStmnt CovItemId="S46" CovItemPrefix="cabra.TopMenuBar.java" Intrnl_Id="1783">
<LocList>
<Loc EndOffset="5776" SrcFileId="17" StartOffset="5744"/>
</LocList>
</BasicStmnt>
<BasicStmnt CovItemId="S47" CovItemPrefix="cabra.TopMenuBar.java" Intrnl_Id="1784">
<LocList>
<Loc EndOffset="5876" SrcFileId="17" StartOffset="5789"/>
</LocList>
</BasicStmnt>
<BasicStmnt CovItemId="S48" CovItemPrefix="cabra.TopMenuBar.java" Intrnl_Id="1785">
<LocList>
<Loc EndOffset="5921" SrcFileId="17" StartOffset="5893"/>
<Loc EndOffset="6305" SrcFileId="17" StartOffset="6303"/>
</LocList>
</BasicStmnt>
<BasicStmnt CovItemId="S52" CovItemPrefix="cabra.TopMenuBar.java" Intrnl_Id="1786">
<LocList>
<Loc EndOffset="6342" SrcFileId="17" StartOffset="6322"/>
</LocList>
</BasicStmnt>
<BasicStmnt CovItemId="S53" CovItemPrefix="cabra.TopMenuBar.java" Intrnl_Id="1787">
<LocList>
<Loc EndOffset="6446" SrcFileId="17" StartOffset="6355"/>
</LocList>
</BasicStmnt>
<BasicStmnt CovItemId="S54" CovItemPrefix="cabra.TopMenuBar.java" Intrnl_Id="1788">
<LocList>
<Loc EndOffset="6495" SrcFileId="17" StartOffset="6463"/>
<Loc EndOffset="7418" SrcFileId="17" StartOffset="7416"/>
</LocList>
</BasicStmnt>
<BasicStmnt CovItemId="S60" CovItemPrefix="cabra.TopMenuBar.java" Intrnl_Id="1789">
<LocList>
<Loc EndOffset="7459" SrcFileId="17" StartOffset="7435"/>
</LocList>
</BasicStmnt>
<BasicStmnt CovItemId="S61" CovItemPrefix="cabra.TopMenuBar.java" Intrnl_Id="1790">
<LocList>
<Loc EndOffset="7552" SrcFileId="17" StartOffset="7519"/>
</LocList>
</BasicStmnt>
<BasicStmnt CovItemId="S62" CovItemPrefix="cabra.TopMenuBar.java" Intrnl_Id="1791">
<LocList>
<Loc EndOffset="7598" SrcFileId="17" StartOffset="7565"/>
</LocList>
</BasicStmnt>
<CondStmnt CovItemId="S63" CovItemPrefix="cabra.TopMenuBar.java" Intrnl_Id="1792">
<Branch CovItemId="B13" CovItemPrefix="cabra.TopMenuBar.java" Implct="false" Intrnl_Id="1793">
<Cond/>
<LocList>
<Loc EndOffset="9087" SrcFileId="17" StartOffset="7756"/>
</LocList>
<StmntSeq Intrnl_Id="1794">
<LocList>
<Loc EndOffset="7813" SrcFileId="17" StartOffset="7774"/>
<Loc EndOffset="9073" SrcFileId="17" StartOffset="7875"/>
</LocList>
<BasicStmnt CovItemId="S64" CovItemPrefix="cabra.TopMenuBar.java" Intrnl_Id="1795">
<LocList>
<Loc EndOffset="7813" SrcFileId="17" StartOffset="7774"/>
</LocList>
</BasicStmnt>
<CondStmnt CovItemId="S65" CovItemPrefix="cabra.TopMenuBar.java" Intrnl_Id="1796">
<Branch CovItemId="B15" CovItemPrefix="cabra.TopMenuBar.java" Implct="false" Intrnl_Id="1797">
<Cond/>
<LocList>
<Loc EndOffset="9073" SrcFileId="17" StartOffset="7921"/>
</LocList>
<StmntSeq Intrnl_Id="1798">
<LocList>
<Loc EndOffset="8033" SrcFileId="17" StartOffset="7943"/>
<Loc EndOffset="8082" SrcFileId="17" StartOffset="8058"/>
<Loc EndOffset="8330" SrcFileId="17" StartOffset="8328"/>
<Loc EndOffset="8392" SrcFileId="17" StartOffset="8355"/>
<Loc EndOffset="8434" SrcFileId="17" StartOffset="8417"/>
</LocList>
<BasicStmnt CovItemId="S66" CovItemPrefix="cabra.TopMenuBar.java" Intrnl_Id="1799">
<LocList>
<Loc EndOffset="8033" SrcFileId="17" StartOffset="7943"/>
</LocList>
</BasicStmnt>
<BasicStmnt CovItemId="S67" CovItemPrefix="cabra.TopMenuBar.java" Intrnl_Id="1800">
<LocList>
<Loc EndOffset="8082" SrcFileId="17" StartOffset="8058"/>
<Loc EndOffset="8330" SrcFileId="17" StartOffset="8328"/>
</LocList>
</BasicStmnt>
<BasicStmnt CovItemId="S69" CovItemPrefix="cabra.TopMenuBar.java" Intrnl_Id="1801">
<LocList>
<Loc EndOffset="8392" SrcFileId="17" StartOffset="8355"/>
</LocList>
</BasicStmnt>
<BasicStmnt CovItemId="S70" CovItemPrefix="cabra.TopMenuBar.java" Intrnl_Id="1802">
<LocList>
<Loc EndOffset="8434" SrcFileId="17" StartOffset="8417"/>
</LocList>
</BasicStmnt>
</StmntSeq>
</Branch>
<Branch CovItemId="B16" CovItemPrefix="cabra.TopMenuBar.java" Implct="true" Intrnl_Id="1803">
<Cond/>
<LocList/>
<StmntSeq Intrnl_Id="1804">
<LocList/>
</StmntSeq>
</Branch>
<Keyword EndOffset="7877" SrcFileId="17" StartOffset="7875"/>
<LocList>
<Loc EndOffset="9073" SrcFileId="17" StartOffset="7875"/>
</LocList>
<RootTerm CovItemId="C8" CovItemPrefix="cabra.TopMenuBar.java" Intrnl_Id="1805">
<BasicBoolTerm Intrnl_Id="1806">
<LocList>
<Loc EndOffset="7920" SrcFileId="17" StartOffset="7878"/>
</LocList>
</BasicBoolTerm>
</RootTerm>
</CondStmnt>
</StmntSeq>
</Branch>
<Branch CovItemId="B14" CovItemPrefix="cabra.TopMenuBar.java" Implct="true" Intrnl_Id="1807">
<Cond/>
<LocList/>
<StmntSeq Intrnl_Id="1808">
<LocList/>
</StmntSeq>
</Branch>
<Keyword EndOffset="7726" SrcFileId="17" StartOffset="7724"/>
<LocList>
<Loc EndOffset="9087" SrcFileId="17" StartOffset="7724"/>
</LocList>
<RootTerm CovItemId="C7" CovItemPrefix="cabra.TopMenuBar.java" Intrnl_Id="1809">
<BasicBoolTerm Intrnl_Id="1810">
<LocList>
<Loc EndOffset="7755" SrcFileId="17" StartOffset="7727"/>
</LocList>
</BasicBoolTerm>
</RootTerm>
</CondStmnt>
<BasicStmnt CovItemId="S71" CovItemPrefix="cabra.TopMenuBar.java" Intrnl_Id="1811">
<LocList>
<Loc EndOffset="9210" SrcFileId="17" StartOffset="9113"/>
</LocList>
</BasicStmnt>
<BasicStmnt CovItemId="S72" CovItemPrefix="cabra.TopMenuBar.java" Intrnl_Id="1812">
<LocList>
<Loc EndOffset="9251" SrcFileId="17" StartOffset="9227"/>
<Loc EndOffset="9437" SrcFileId="17" StartOffset="9435"/>
</LocList>
</BasicStmnt>
<BasicStmnt CovItemId="S74" CovItemPrefix="cabra.TopMenuBar.java" Intrnl_Id="1813">
<LocList>
<Loc EndOffset="9471" SrcFileId="17" StartOffset="9454"/>
</LocList>
</BasicStmnt>
<BasicStmnt CovItemId="S75" CovItemPrefix="cabra.TopMenuBar.java" Intrnl_Id="1814">
<LocList>
<Loc EndOffset="9604" SrcFileId="17" StartOffset="9505"/>
</LocList>
</BasicStmnt>
<BasicStmnt CovItemId="S76" CovItemPrefix="cabra.TopMenuBar.java" Intrnl_Id="1815">
<LocList>
<Loc EndOffset="9647" SrcFileId="17" StartOffset="9621"/>
<Loc EndOffset="9808" SrcFileId="17" StartOffset="9806"/>
</LocList>
</BasicStmnt>
<BasicStmnt CovItemId="S78" CovItemPrefix="cabra.TopMenuBar.java" Intrnl_Id="1816">
<LocList>
<Loc EndOffset="9844" SrcFileId="17" StartOffset="9825"/>
</LocList>
</BasicStmnt>
<BasicStmnt CovItemId="S79" CovItemPrefix="cabra.TopMenuBar.java" Intrnl_Id="1817">
<LocList>
<Loc EndOffset="9950" SrcFileId="17" StartOffset="9871"/>
</LocList>
</BasicStmnt>
<BasicStmnt CovItemId="S80" CovItemPrefix="cabra.TopMenuBar.java" Intrnl_Id="1818">
<LocList>
<Loc EndOffset="10017" SrcFileId="17" StartOffset="9960"/>
</LocList>
</BasicStmnt>
<BasicStmnt CovItemId="S81" CovItemPrefix="cabra.TopMenuBar.java" Intrnl_Id="1819">
<LocList>
<Loc EndOffset="10063" SrcFileId="17" StartOffset="10027"/>
</LocList>
</BasicStmnt>
<BasicStmnt CovItemId="S82" CovItemPrefix="cabra.TopMenuBar.java" Intrnl_Id="1820">
<LocList>
<Loc EndOffset="10099" SrcFileId="17" StartOffset="10085"/>
</LocList>
</BasicStmnt>
<BasicStmnt CovItemId="S83" CovItemPrefix="cabra.TopMenuBar.java" Intrnl_Id="1821">
<LocList>
<Loc EndOffset="10120" SrcFileId="17" StartOffset="10109"/>
</LocList>
</BasicStmnt>
<BasicStmnt CovItemId="S84" CovItemPrefix="cabra.TopMenuBar.java" Intrnl_Id="1822">
<LocList>
<Loc EndOffset="10148" SrcFileId="17" StartOffset="10130"/>
</LocList>
</BasicStmnt>
<BasicStmnt CovItemId="S85" CovItemPrefix="cabra.TopMenuBar.java" Intrnl_Id="1823">
<LocList>
<Loc EndOffset="10177" SrcFileId="17" StartOffset="10158"/>
</LocList>
</BasicStmnt>
<BasicStmnt CovItemId="S86" CovItemPrefix="cabra.TopMenuBar.java" Intrnl_Id="1824">
<LocList>
<Loc EndOffset="10206" SrcFileId="17" StartOffset="10196"/>
</LocList>
</BasicStmnt>
<BasicStmnt CovItemId="S87" CovItemPrefix="cabra.TopMenuBar.java" Intrnl_Id="1825">
<LocList>
<Loc EndOffset="10227" SrcFileId="17" StartOffset="10216"/>
</LocList>
</BasicStmnt>
<BasicStmnt CovItemId="S88" CovItemPrefix="cabra.TopMenuBar.java" Intrnl_Id="1826">
<LocList>
<Loc EndOffset="10259" SrcFileId="17" StartOffset="10237"/>
</LocList>
</BasicStmnt>
<BasicStmnt CovItemId="S89" CovItemPrefix="cabra.TopMenuBar.java" Intrnl_Id="1827">
<LocList>
<Loc EndOffset="10292" SrcFileId="17" StartOffset="10269"/>
</LocList>
</BasicStmnt>
<BasicStmnt CovItemId="S90" CovItemPrefix="cabra.TopMenuBar.java" Intrnl_Id="1828">
<LocList>
<Loc EndOffset="10312" SrcFileId="17" StartOffset="10302"/>
</LocList>
</BasicStmnt>
</StmntSeq>
<HierarchyLvl HierarchyLvlId="1160" HierarchyLvlTypeId="69" Intrnl_Id="1829" Name="ActionListener">
<Header>
<Loc EndOffset="1156" SrcFileId="17" StartOffset="1140"/>
</Header>
<LocList>
<Loc EndOffset="1741" SrcFileId="17" StartOffset="1136"/>
</LocList>
<HierarchyLvl HierarchyLvlId="1159" HierarchyLvlTypeId="67" Intrnl_Id="1830" Name="actionPerformed">
<Header>
<Loc EndOffset="1219" SrcFileId="17" StartOffset="1177"/>
</Header>
<LocList>
<Loc EndOffset="1723" SrcFileId="17" StartOffset="1177"/>
</LocList>
<StmntSeq Intrnl_Id="1831">
<LocList>
<Loc EndOffset="1646" SrcFileId="17" StartOffset="1244"/>
<Loc EndOffset="1702" SrcFileId="17" StartOffset="1670"/>
</LocList>
<BasicStmnt CovItemId="S9" CovItemPrefix="cabra.TopMenuBar.java" Intrnl_Id="1832">
<LocList>
<Loc EndOffset="1646" SrcFileId="17" StartOffset="1244"/>
</LocList>
</BasicStmnt>
<BasicStmnt CovItemId="S10" CovItemPrefix="cabra.TopMenuBar.java" Intrnl_Id="1833">
<LocList>
<Loc EndOffset="1702" SrcFileId="17" StartOffset="1670"/>
</LocList>
</BasicStmnt>
</StmntSeq>
</HierarchyLvl>
</HierarchyLvl>
<HierarchyLvl HierarchyLvlId="1162" HierarchyLvlTypeId="69" Intrnl_Id="1834" Name="ActionListener">
<Header>
<Loc EndOffset="1973" SrcFileId="17" StartOffset="1957"/>
</Header>
<LocList>
<Loc EndOffset="2960" SrcFileId="17" StartOffset="1953"/>
</LocList>
<HierarchyLvl HierarchyLvlId="1161" HierarchyLvlTypeId="67" Intrnl_Id="1835" Name="actionPerformed">
<Header>
<Loc EndOffset="2037" SrcFileId="17" StartOffset="1995"/>
</Header>
<LocList>
<Loc EndOffset="2942" SrcFileId="17" StartOffset="1995"/>
</LocList>
<StmntSeq Intrnl_Id="1836">
<LocList>
<Loc EndOffset="2224" SrcFileId="17" StartOffset="2118"/>
<Loc EndOffset="2920" SrcFileId="17" StartOffset="2249"/>
</LocList>
<BasicStmnt CovItemId="S14" CovItemPrefix="cabra.TopMenuBar.java" Intrnl_Id="1837">
<LocList>
<Loc EndOffset="2224" SrcFileId="17" StartOffset="2118"/>
</LocList>
</BasicStmnt>
<CondStmnt CovItemId="S15" CovItemPrefix="cabra.TopMenuBar.java" Intrnl_Id="1838">
<Branch CovItemId="B1" CovItemPrefix="cabra.TopMenuBar.java" Implct="false" Intrnl_Id="1839">
<Cond/>
<LocList>
<Loc EndOffset="2920" SrcFileId="17" StartOffset="2294"/>
</LocList>
<StmntSeq Intrnl_Id="1840">
<LocList>
<Loc EndOffset="2536" SrcFileId="17" StartOffset="2489"/>
<Loc EndOffset="2591" SrcFileId="17" StartOffset="2565"/>
<Loc EndOffset="2894" SrcFileId="17" StartOffset="2649"/>
</LocList>
<BasicStmnt CovItemId="S16" CovItemPrefix="cabra.TopMenuBar.java" Intrnl_Id="1841">
<LocList>
<Loc EndOffset="2536" SrcFileId="17" StartOffset="2489"/>
</LocList>
</BasicStmnt>
<BasicStmnt CovItemId="S17" CovItemPrefix="cabra.TopMenuBar.java" Intrnl_Id="1842">
<LocList>
<Loc EndOffset="2591" SrcFileId="17" StartOffset="2565"/>
</LocList>
</BasicStmnt>
<BasicStmnt CovItemId="S18" CovItemPrefix="cabra.TopMenuBar.java" Intrnl_Id="1843">
<LocList>
<Loc EndOffset="2894" SrcFileId="17" StartOffset="2649"/>
</LocList>
</BasicStmnt>
</StmntSeq>
</Branch>
<Branch CovItemId="B2" CovItemPrefix="cabra.TopMenuBar.java" Implct="true" Intrnl_Id="1844">
<Cond/>
<LocList/>
<StmntSeq Intrnl_Id="1845">
<LocList/>
</StmntSeq>
</Branch>
<Keyword EndOffset="2251" SrcFileId="17" StartOffset="2249"/>
<LocList>
<Loc EndOffset="2920" SrcFileId="17" StartOffset="2249"/>
</LocList>
<RootTerm CovItemId="C1" CovItemPrefix="cabra.TopMenuBar.java" Intrnl_Id="1846">
<BasicBoolTerm Intrnl_Id="1847">
<LocList>
<Loc EndOffset="2293" SrcFileId="17" StartOffset="2252"/>
</LocList>
</BasicBoolTerm>
</RootTerm>
</CondStmnt>
</StmntSeq>
</HierarchyLvl>
</HierarchyLvl>
<HierarchyLvl HierarchyLvlId="1164" HierarchyLvlTypeId="69" Intrnl_Id="1848" Name="ActionListener">
<Header>
<Loc EndOffset="3295" SrcFileId="17" StartOffset="3279"/>
</Header>
<LocList>
<Loc EndOffset="3735" SrcFileId="17" StartOffset="3275"/>
</LocList>
<HierarchyLvl HierarchyLvlId="1163" HierarchyLvlTypeId="67" Intrnl_Id="1849" Name="actionPerformed">
<Header>
<Loc EndOffset="3358" SrcFileId="17" StartOffset="3316"/>
</Header>
<LocList>
<Loc EndOffset="3717" SrcFileId="17" StartOffset="3316"/>
</LocList>
<StmntSeq Intrnl_Id="1850">
<LocList>
<Loc EndOffset="3573" SrcFileId="17" StartOffset="3384"/>
<Loc EndOffset="3696" SrcFileId="17" StartOffset="3597"/>
</LocList>
<BasicStmnt CovItemId="S24" CovItemPrefix="cabra.TopMenuBar.java" Intrnl_Id="1851">
<LocList>
<Loc EndOffset="3573" SrcFileId="17" StartOffset="3384"/>
</LocList>
</BasicStmnt>
<CondStmnt CovItemId="S25" CovItemPrefix="cabra.TopMenuBar.java" Intrnl_Id="1852">
<Branch CovItemId="B3" CovItemPrefix="cabra.TopMenuBar.java" Implct="false" Intrnl_Id="1853">
<Cond/>
<LocList>
<Loc EndOffset="3696" SrcFileId="17" StartOffset="3616"/>
</LocList>
<StmntSeq Intrnl_Id="1854">
<LocList>
<Loc EndOffset="3671" SrcFileId="17" StartOffset="3645"/>
</LocList>
<BasicStmnt CovItemId="S26" CovItemPrefix="cabra.TopMenuBar.java" Intrnl_Id="1855">
<LocList>
<Loc EndOffset="3671" SrcFileId="17" StartOffset="3645"/>
</LocList>
</BasicStmnt>
</StmntSeq>
</Branch>
<Branch CovItemId="B4" CovItemPrefix="cabra.TopMenuBar.java" Implct="true" Intrnl_Id="1856">
<Cond/>
<LocList/>
<StmntSeq Intrnl_Id="1857">
<LocList/>
</StmntSeq>
</Branch>
<Keyword EndOffset="3599" SrcFileId="17" StartOffset="3597"/>
<LocList>
<Loc EndOffset="3696" SrcFileId="17" StartOffset="3597"/>
</LocList>
<RootTerm CovItemId="C2" CovItemPrefix="cabra.TopMenuBar.java" Intrnl_Id="1858">
<BasicBoolTerm Intrnl_Id="1859">
<LocList>
<Loc EndOffset="3615" SrcFileId="17" StartOffset="3600"/>
</LocList>
</BasicBoolTerm>
</RootTerm>
</CondStmnt>
</StmntSeq>
</HierarchyLvl>
</HierarchyLvl>
<HierarchyLvl HierarchyLvlId="1166" HierarchyLvlTypeId="69" Intrnl_Id="1860" Name="ActionListener">
<Header>
<Loc EndOffset="5185" SrcFileId="17" StartOffset="5169"/>
</Header>
<LocList>
<Loc EndOffset="5420" SrcFileId="17" StartOffset="5165"/>
</LocList>
<HierarchyLvl HierarchyLvlId="1165" HierarchyLvlTypeId="67" Intrnl_Id="1861" Name="actionPerformed">
<Header>
<Loc EndOffset="5256" SrcFileId="17" StartOffset="5214"/>
</Header>
<LocList>
<Loc EndOffset="5394" SrcFileId="17" StartOffset="5214"/>
</LocList>
<StmntSeq Intrnl_Id="1862">
<LocList>
<Loc EndOffset="5365" SrcFileId="17" StartOffset="5290"/>
</LocList>
<BasicStmnt CovItemId="S41" CovItemPrefix="cabra.TopMenuBar.java" Intrnl_Id="1863">
<LocList>
<Loc EndOffset="5365" SrcFileId="17" StartOffset="5290"/>
</LocList>
</BasicStmnt>
</StmntSeq>
</HierarchyLvl>
</HierarchyLvl>
<HierarchyLvl HierarchyLvlId="1168" HierarchyLvlTypeId="69" Intrnl_Id="1864" Name="ActionListener">
<Header>
<Loc EndOffset="5941" SrcFileId="17" StartOffset="5925"/>
</Header>
<LocList>
<Loc EndOffset="6303" SrcFileId="17" StartOffset="5921"/>
</LocList>
<HierarchyLvl HierarchyLvlId="1167" HierarchyLvlTypeId="67" Intrnl_Id="1865" Name="actionPerformed">
<Header>
<Loc EndOffset="6005" SrcFileId="17" StartOffset="5963"/>
</Header>
<LocList>
<Loc EndOffset="6285" SrcFileId="17" StartOffset="5963"/>
</LocList>
<StmntSeq Intrnl_Id="1866">
<LocList>
<Loc EndOffset="6129" SrcFileId="17" StartOffset="6032"/>
<Loc EndOffset="6263" SrcFileId="17" StartOffset="6154"/>
</LocList>
<BasicStmnt CovItemId="S49" CovItemPrefix="cabra.TopMenuBar.java" Intrnl_Id="1867">
<LocList>
<Loc EndOffset="6129" SrcFileId="17" StartOffset="6032"/>
</LocList>
</BasicStmnt>
<CondStmnt CovItemId="S50" CovItemPrefix="cabra.TopMenuBar.java" Intrnl_Id="1868">
<Branch CovItemId="B9" CovItemPrefix="cabra.TopMenuBar.java" Implct="false" Intrnl_Id="1869">
<Cond/>
<LocList>
<Loc EndOffset="6263" SrcFileId="17" StartOffset="6171"/>
</LocList>
<StmntSeq Intrnl_Id="1870">
<LocList>
<Loc EndOffset="6237" SrcFileId="17" StartOffset="6201"/>
</LocList>
<BasicStmnt CovItemId="S51" CovItemPrefix="cabra.TopMenuBar.java" Intrnl_Id="1871">
<LocList>
<Loc EndOffset="6237" SrcFileId="17" StartOffset="6201"/>
</LocList>
</BasicStmnt>
</StmntSeq>
</Branch>
<Branch CovItemId="B10" CovItemPrefix="cabra.TopMenuBar.java" Implct="true" Intrnl_Id="1872">
<Cond/>
<LocList/>
<StmntSeq Intrnl_Id="1873">
<LocList/>
</StmntSeq>
</Branch>
<Keyword EndOffset="6156" SrcFileId="17" StartOffset="6154"/>
<LocList>
<Loc EndOffset="6263" SrcFileId="17" StartOffset="6154"/>
</LocList>
<RootTerm CovItemId="C5" CovItemPrefix="cabra.TopMenuBar.java" Intrnl_Id="1874">
<BasicBoolTerm Intrnl_Id="1875">
<LocList>
<Loc EndOffset="6170" SrcFileId="17" StartOffset="6157"/>
</LocList>
</BasicBoolTerm>
</RootTerm>
</CondStmnt>
</StmntSeq>
</HierarchyLvl>
</HierarchyLvl>
<HierarchyLvl HierarchyLvlId="1170" HierarchyLvlTypeId="69" Intrnl_Id="1876" Name="ActionListener">
<Header>
<Loc EndOffset="6515" SrcFileId="17" StartOffset="6499"/>
</Header>
<LocList>
<Loc EndOffset="7416" SrcFileId="17" StartOffset="6495"/>
</LocList>
<HierarchyLvl HierarchyLvlId="1169" HierarchyLvlTypeId="67" Intrnl_Id="1877" Name="actionPerformed">
<Header>
<Loc EndOffset="6579" SrcFileId="17" StartOffset="6537"/>
</Header>
<LocList>
<Loc EndOffset="7398" SrcFileId="17" StartOffset="6537"/>
</LocList>
<StmntSeq Intrnl_Id="1878">
<LocList>
<Loc EndOffset="6657" SrcFileId="17" StartOffset="6606"/>
<Loc EndOffset="7178" SrcFileId="17" StartOffset="6746"/>
<Loc EndOffset="7376" SrcFileId="17" StartOffset="7228"/>
</LocList>
<BasicStmnt CovItemId="S55" CovItemPrefix="cabra.TopMenuBar.java" Intrnl_Id="1879">
<LocList>
<Loc EndOffset="6657" SrcFileId="17" StartOffset="6606"/>
</LocList>
</BasicStmnt>
<CondStmnt CovItemId="S56" CovItemPrefix="cabra.TopMenuBar.java" Intrnl_Id="1880">
<Branch CovItemId="B11" CovItemPrefix="cabra.TopMenuBar.java" Implct="false" Intrnl_Id="1881">
<Cond/>
<LocList>
<Loc EndOffset="6935" SrcFileId="17" StartOffset="6784"/>
</LocList>
<StmntSeq Intrnl_Id="1882">
<LocList>
<Loc EndOffset="6909" SrcFileId="17" StartOffset="6862"/>
</LocList>
<BasicStmnt CovItemId="S57" CovItemPrefix="cabra.TopMenuBar.java" Intrnl_Id="1883">
<LocList>
<Loc EndOffset="6909" SrcFileId="17" StartOffset="6862"/>
</LocList>
</BasicStmnt>
</StmntSeq>
</Branch>
<Branch CovItemId="B12" CovItemPrefix="cabra.TopMenuBar.java" Implct="false" Intrnl_Id="1884">
<Cond>
<Loc EndOffset="6964" SrcFileId="17" StartOffset="6960"/>
</Cond>
<LocList>
<Loc EndOffset="7178" SrcFileId="17" StartOffset="6964"/>
</LocList>
<StmntSeq Intrnl_Id="1885">
<LocList>
<Loc EndOffset="7124" SrcFileId="17" StartOffset="6994"/>
</LocList>
<BasicStmnt CovItemId="S58" CovItemPrefix="cabra.TopMenuBar.java" Intrnl_Id="1886">
<LocList>
<Loc EndOffset="7124" SrcFileId="17" StartOffset="6994"/>
</LocList>
</BasicStmnt>
</StmntSeq>
</Branch>
<Keyword EndOffset="6748" SrcFileId="17" StartOffset="6746"/>
<LocList>
<Loc EndOffset="7178" SrcFileId="17" StartOffset="6746"/>
</LocList>
<RootTerm CovItemId="C6" CovItemPrefix="cabra.TopMenuBar.java" Intrnl_Id="1887">
<BasicBoolTerm Intrnl_Id="1888">
<LocList>
<Loc EndOffset="6783" SrcFileId="17" StartOffset="6749"/>
</LocList>
</BasicBoolTerm>
</RootTerm>
</CondStmnt>
<BasicStmnt CovItemId="S59" CovItemPrefix="cabra.TopMenuBar.java" Intrnl_Id="1889">
<LocList>
<Loc EndOffset="7376" SrcFileId="17" StartOffset="7228"/>
</LocList>
</BasicStmnt>
</StmntSeq>
</HierarchyLvl>
</HierarchyLvl>
<HierarchyLvl HierarchyLvlId="1172" HierarchyLvlTypeId="69" Intrnl_Id="1890" Name="ActionListener">
<Header>
<Loc EndOffset="8102" SrcFileId="17" StartOffset="8086"/>
</Header>
<LocList>
<Loc EndOffset="8328" SrcFileId="17" StartOffset="8082"/>
</LocList>
<HierarchyLvl HierarchyLvlId="1171" HierarchyLvlTypeId="67" Intrnl_Id="1891" Name="actionPerformed">
<Header>
<Loc EndOffset="8173" SrcFileId="17" StartOffset="8131"/>
</Header>
<LocList>
<Loc EndOffset="8302" SrcFileId="17" StartOffset="8131"/>
</LocList>
<StmntSeq Intrnl_Id="1892">
<LocList>
<Loc EndOffset="8273" SrcFileId="17" StartOffset="8207"/>
</LocList>
<BasicStmnt CovItemId="S68" CovItemPrefix="cabra.TopMenuBar.java" Intrnl_Id="1893">
<LocList>
<Loc EndOffset="8273" SrcFileId="17" StartOffset="8207"/>
</LocList>
</BasicStmnt>
</StmntSeq>
</HierarchyLvl>
</HierarchyLvl>
<HierarchyLvl HierarchyLvlId="1174" HierarchyLvlTypeId="69" Intrnl_Id="1894" Name="ActionListener">
<Header>
<Loc EndOffset="9271" SrcFileId="17" StartOffset="9255"/>
</Header>
<LocList>
<Loc EndOffset="9435" SrcFileId="17" StartOffset="9251"/>
</LocList>
<HierarchyLvl HierarchyLvlId="1173" HierarchyLvlTypeId="67" Intrnl_Id="1895" Name="actionPerformed">
<Header>
<Loc EndOffset="9335" SrcFileId="17" StartOffset="9293"/>
</Header>
<LocList>
<Loc EndOffset="9417" SrcFileId="17" StartOffset="9293"/>
</LocList>
<StmntSeq Intrnl_Id="1896">
<LocList>
<Loc EndOffset="9395" SrcFileId="17" StartOffset="9362"/>
</LocList>
<BasicStmnt CovItemId="S73" CovItemPrefix="cabra.TopMenuBar.java" Intrnl_Id="1897">
<LocList>
<Loc EndOffset="9395" SrcFileId="17" StartOffset="9362"/>
</LocList>
</BasicStmnt>
</StmntSeq>
</HierarchyLvl>
</HierarchyLvl>
<HierarchyLvl HierarchyLvlId="1176" HierarchyLvlTypeId="69" Intrnl_Id="1898" Name="ActionListener">
<Header>
<Loc EndOffset="9667" SrcFileId="17" StartOffset="9651"/>
</Header>
<LocList>
<Loc EndOffset="9806" SrcFileId="17" StartOffset="9647"/>
</LocList>
<HierarchyLvl HierarchyLvlId="1175" HierarchyLvlTypeId="67" Intrnl_Id="1899" Name="actionPerformed">
<Header>
<Loc EndOffset="9731" SrcFileId="17" StartOffset="9689"/>
</Header>
<LocList>
<Loc EndOffset="9805" SrcFileId="17" StartOffset="9689"/>
</LocList>
<StmntSeq Intrnl_Id="1900">
<LocList>
<Loc EndOffset="9787" SrcFileId="17" StartOffset="9758"/>
</LocList>
<BasicStmnt CovItemId="S77" CovItemPrefix="cabra.TopMenuBar.java" Intrnl_Id="1901">
<LocList>
<Loc EndOffset="9787" SrcFileId="17" StartOffset="9758"/>
</LocList>
</BasicStmnt>
</StmntSeq>
</HierarchyLvl>
</HierarchyLvl>
</HierarchyLvl>
<HierarchyLvl HierarchyLvlId="1178" HierarchyLvlTypeId="67" Intrnl_Id="1902" Name="refresh">
<Header>
<Loc EndOffset="10345" SrcFileId="17" StartOffset="10324"/>
</Header>
<LocList>
<Loc EndOffset="11210" SrcFileId="17" StartOffset="10324"/>
</LocList>
<StmntSeq Intrnl_Id="1903">
<LocList>
<Loc EndOffset="10381" SrcFileId="17" StartOffset="10355"/>
<Loc EndOffset="10805" SrcFileId="17" StartOffset="10390"/>
<Loc EndOffset="10847" SrcFileId="17" StartOffset="10818"/>
<Loc EndOffset="10946" SrcFileId="17" StartOffset="10856"/>
<Loc EndOffset="11033" SrcFileId="17" StartOffset="10955"/>
<Loc EndOffset="11141" SrcFileId="17" StartOffset="11050"/>
</LocList>
<BasicStmnt CovItemId="S91" CovItemPrefix="cabra.TopMenuBar.java" Intrnl_Id="1904">
<LocList>
<Loc EndOffset="10381" SrcFileId="17" StartOffset="10355"/>
</LocList>
</BasicStmnt>
<LoopStmnt CovItemId="S92" CovItemPrefix="cabra.TopMenuBar.java" Intrnl_Id="1905" MltplExecId="L1-2" MltplExecPrefix="cabra.TopMenuBar.java" NvrExecId="L1-0" NvrExecPrefix="cabra.TopMenuBar.java" OnceExecutedId="L1-1" OnceExecutedPrefix="cabra.TopMenuBar.java" OptBodyExec="true">
<StmntSeq Intrnl_Id="1906">
<LocList>
<Loc EndOffset="10795" SrcFileId="17" StartOffset="10445"/>
</LocList>
<CondStmnt CovItemId="S93" CovItemPrefix="cabra.TopMenuBar.java" Intrnl_Id="1907">
<Branch CovItemId="B17" CovItemPrefix="cabra.TopMenuBar.java" Implct="false" Intrnl_Id="1908">
<Cond/>
<LocList>
<Loc EndOffset="10795" SrcFileId="17" StartOffset="10531"/>
</LocList>
<StmntSeq Intrnl_Id="1909">
<LocList>
<Loc EndOffset="10781" SrcFileId="17" StartOffset="10602"/>
</LocList>
<CondStmnt CovItemId="S94" CovItemPrefix="cabra.TopMenuBar.java" Intrnl_Id="1910">
<Branch CovItemId="B19" CovItemPrefix="cabra.TopMenuBar.java" Implct="false" Intrnl_Id="1911">
<Cond/>
<LocList>
<Loc EndOffset="10689" SrcFileId="17" StartOffset="10624"/>
</LocList>
<StmntSeq Intrnl_Id="1912">
<LocList>
<Loc EndOffset="10671" SrcFileId="17" StartOffset="10646"/>
</LocList>
<BasicStmnt CovItemId="S95" CovItemPrefix="cabra.TopMenuBar.java" Intrnl_Id="1913">
<LocList>
<Loc EndOffset="10671" SrcFileId="17" StartOffset="10646"/>
</LocList>
</BasicStmnt>
</StmntSeq>
</Branch>
<Branch CovItemId="B20" CovItemPrefix="cabra.TopMenuBar.java" Implct="false" Intrnl_Id="1914">
<Cond>
<Loc EndOffset="10710" SrcFileId="17" StartOffset="10706"/>
</Cond>
<LocList>
<Loc EndOffset="10781" SrcFileId="17" StartOffset="10710"/>
</LocList>
<StmntSeq Intrnl_Id="1915">
<LocList>
<Loc EndOffset="10763" SrcFileId="17" StartOffset="10732"/>
</LocList>
<BasicStmnt CovItemId="S96" CovItemPrefix="cabra.TopMenuBar.java" Intrnl_Id="1916">
<LocList>
<Loc EndOffset="10763" SrcFileId="17" StartOffset="10732"/>
</LocList>
</BasicStmnt>
</StmntSeq>
</Branch>
<Keyword EndOffset="10604" SrcFileId="17" StartOffset="10602"/>
<LocList>
<Loc EndOffset="10781" SrcFileId="17" StartOffset="10602"/>
</LocList>
<RootTerm CovItemId="C10" CovItemPrefix="cabra.TopMenuBar.java" Intrnl_Id="1917">
<BasicBoolTerm Intrnl_Id="1918">
<LocList>
<Loc EndOffset="10623" SrcFileId="17" StartOffset="10605"/>
</LocList>
</BasicBoolTerm>
</RootTerm>
</CondStmnt>
</StmntSeq>
</Branch>
<Branch CovItemId="B18" CovItemPrefix="cabra.TopMenuBar.java" Implct="true" Intrnl_Id="1919">
<Cond/>
<LocList/>
<StmntSeq Intrnl_Id="1920">
<LocList/>
</StmntSeq>
</Branch>
<Keyword EndOffset="10447" SrcFileId="17" StartOffset="10445"/>
<LocList>
<Loc EndOffset="10795" SrcFileId="17" StartOffset="10445"/>
</LocList>
<RootTerm CovItemId="C9" CovItemPrefix="cabra.TopMenuBar.java" Intrnl_Id="1921">
<OpTerm BooleanOpId="61" Intrnl_Id="1922">
<OpTerm BooleanOpId="61" Intrnl_Id="1923">
<BasicBoolTerm Intrnl_Id="1924">
<LocList>
<Loc EndOffset="10470" SrcFileId="17" StartOffset="10448"/>
</LocList>
</BasicBoolTerm>
<BasicBoolTerm Intrnl_Id="1925">
<LocList>
<Loc EndOffset="10503" SrcFileId="17" StartOffset="10474"/>
</LocList>
</BasicBoolTerm>
<LocList>
<Loc EndOffset="10473" SrcFileId="17" StartOffset="10471"/>
</LocList>
</OpTerm>
<BasicBoolTerm Intrnl_Id="1926">
<LocList>
<Loc EndOffset="10530" SrcFileId="17" StartOffset="10507"/>
</LocList>
</BasicBoolTerm>
<LocList>
<Loc EndOffset="10506" SrcFileId="17" StartOffset="10504"/>
</LocList>
</OpTerm>
</RootTerm>
</CondStmnt>
</StmntSeq>
<Keyword EndOffset="10393" SrcFileId="17" StartOffset="10390"/>
<LocList>
<Loc EndOffset="10805" SrcFileId="17" StartOffset="10390"/>
</LocList>
</LoopStmnt>
<BasicStmnt CovItemId="S97" CovItemPrefix="cabra.TopMenuBar.java" Intrnl_Id="1927">
<LocList>
<Loc EndOffset="10847" SrcFileId="17" StartOffset="10818"/>
</LocList>
</BasicStmnt>
<CondStmnt CovItemId="S98" CovItemPrefix="cabra.TopMenuBar.java" Intrnl_Id="1928">
<Branch CovItemId="B21" CovItemPrefix="cabra.TopMenuBar.java" Implct="false" Intrnl_Id="1929">
<Cond/>
<LocList>
<Loc EndOffset="10946" SrcFileId="17" StartOffset="10906"/>
</LocList>
<StmntSeq Intrnl_Id="1930">
<LocList>
<Loc EndOffset="10946" SrcFileId="17" StartOffset="10906"/>
</LocList>
<BasicStmnt CovItemId="S99" CovItemPrefix="cabra.TopMenuBar.java" Intrnl_Id="1931">
<LocList>
<Loc EndOffset="10946" SrcFileId="17" StartOffset="10906"/>
</LocList>
</BasicStmnt>
</StmntSeq>
</Branch>
<Branch CovItemId="B22" CovItemPrefix="cabra.TopMenuBar.java" Implct="true" Intrnl_Id="1932">
<Cond/>
<LocList/>
<StmntSeq Intrnl_Id="1933">
<LocList/>
</StmntSeq>
</Branch>
<Keyword EndOffset="10858" SrcFileId="17" StartOffset="10856"/>
<LocList>
<Loc EndOffset="10946" SrcFileId="17" StartOffset="10856"/>
</LocList>
<RootTerm CovItemId="C11" CovItemPrefix="cabra.TopMenuBar.java" Intrnl_Id="1934">
<BasicBoolTerm Intrnl_Id="1935">
<LocList>
<Loc EndOffset="10892" SrcFileId="17" StartOffset="10859"/>
</LocList>
</BasicBoolTerm>
</RootTerm>
</CondStmnt>
<CondStmnt CovItemId="S100" CovItemPrefix="cabra.TopMenuBar.java" Intrnl_Id="1936">
<Branch CovItemId="B23" CovItemPrefix="cabra.TopMenuBar.java" Implct="false" Intrnl_Id="1937">
<Cond/>
<LocList>
<Loc EndOffset="11033" SrcFileId="17" StartOffset="10999"/>
</LocList>
<StmntSeq Intrnl_Id="1938">
<LocList>
<Loc EndOffset="11033" SrcFileId="17" StartOffset="10999"/>
</LocList>
<BasicStmnt CovItemId="S101" CovItemPrefix="cabra.TopMenuBar.java" Intrnl_Id="1939">
<LocList>
<Loc EndOffset="11033" SrcFileId="17" StartOffset="10999"/>
</LocList>
</BasicStmnt>
</StmntSeq>
</Branch>
<Branch CovItemId="B24" CovItemPrefix="cabra.TopMenuBar.java" Implct="true" Intrnl_Id="1940">
<Cond/>
<LocList/>
<StmntSeq Intrnl_Id="1941">
<LocList/>
</StmntSeq>
</Branch>
<Keyword EndOffset="10957" SrcFileId="17" StartOffset="10955"/>
<LocList>
<Loc EndOffset="11033" SrcFileId="17" StartOffset="10955"/>
</LocList>
<RootTerm CovItemId="C12" CovItemPrefix="cabra.TopMenuBar.java" Intrnl_Id="1942">
<BasicBoolTerm Intrnl_Id="1943">
<LocList>
<Loc EndOffset="10985" SrcFileId="17" StartOffset="10958"/>
</LocList>
</BasicBoolTerm>
</RootTerm>
</CondStmnt>
<CondStmnt CovItemId="S102" CovItemPrefix="cabra.TopMenuBar.java" Intrnl_Id="1944">
<Branch CovItemId="B25" CovItemPrefix="cabra.TopMenuBar.java" Implct="false" Intrnl_Id="1945">
<Cond/>
<LocList>
<Loc EndOffset="11141" SrcFileId="17" StartOffset="11093"/>
</LocList>
<StmntSeq Intrnl_Id="1946">
<LocList>
<Loc EndOffset="11141" SrcFileId="17" StartOffset="11093"/>
</LocList>
<BasicStmnt CovItemId="S103" CovItemPrefix="cabra.TopMenuBar.java" Intrnl_Id="1947">
<LocList>
<Loc EndOffset="11141" SrcFileId="17" StartOffset="11093"/>
</LocList>
</BasicStmnt>
</StmntSeq>
</Branch>
<Branch CovItemId="B26" CovItemPrefix="cabra.TopMenuBar.java" Implct="true" Intrnl_Id="1948">
<Cond/>
<LocList/>
<StmntSeq Intrnl_Id="1949">
<LocList/>
</StmntSeq>
</Branch>
<Keyword EndOffset="11052" SrcFileId="17" StartOffset="11050"/>
<LocList>
<Loc EndOffset="11141" SrcFileId="17" StartOffset="11050"/>
</LocList>
<RootTerm CovItemId="C13" CovItemPrefix="cabra.TopMenuBar.java" Intrnl_Id="1950">
<BasicBoolTerm Intrnl_Id="1951">
<LocList>
<Loc EndOffset="11079" SrcFileId="17" StartOffset="11053"/>
</LocList>
</BasicBoolTerm>
</RootTerm>
</CondStmnt>
</StmntSeq>
</HierarchyLvl>
<HierarchyLvl HierarchyLvlId="1181" HierarchyLvlTypeId="67" Intrnl_Id="1952" Name="updatePointsEarnedBadge">
<Header>
<Loc EndOffset="11446" SrcFileId="17" StartOffset="11393"/>
</Header>
<LocList>
<Loc EndOffset="12046" SrcFileId="17" StartOffset="11393"/>
</LocList>
<StmntSeq Intrnl_Id="1953">
<LocList>
<Loc EndOffset="11501" SrcFileId="17" StartOffset="11456"/>
<Loc EndOffset="11591" SrcFileId="17" StartOffset="11510"/>
<Loc EndOffset="11635" SrcFileId="17" StartOffset="11600"/>
<Loc EndOffset="11664" SrcFileId="17" StartOffset="11653"/>
<Loc EndOffset="12040" SrcFileId="17" StartOffset="12030"/>
</LocList>
<BasicStmnt CovItemId="S104" CovItemPrefix="cabra.TopMenuBar.java" Intrnl_Id="1954">
<LocList>
<Loc EndOffset="11501" SrcFileId="17" StartOffset="11456"/>
</LocList>
</BasicStmnt>
<BasicStmnt CovItemId="S105" CovItemPrefix="cabra.TopMenuBar.java" Intrnl_Id="1955">
<LocList>
<Loc EndOffset="11591" SrcFileId="17" StartOffset="11510"/>
</LocList>
</BasicStmnt>
<BasicStmnt CovItemId="S106" CovItemPrefix="cabra.TopMenuBar.java" Intrnl_Id="1956">
<LocList>
<Loc EndOffset="11635" SrcFileId="17" StartOffset="11600"/>
</LocList>
</BasicStmnt>
<BasicStmnt CovItemId="S107" CovItemPrefix="cabra.TopMenuBar.java" Intrnl_Id="1957">
<LocList>
<Loc EndOffset="11664" SrcFileId="17" StartOffset="11653"/>
<Loc EndOffset="12040" SrcFileId="17" StartOffset="12030"/>
</LocList>
</BasicStmnt>
</StmntSeq>
<HierarchyLvl HierarchyLvlId="1180" HierarchyLvlTypeId="69" Intrnl_Id="1958" Name="Runnable">
<Header>
<Loc EndOffset="11678" SrcFileId="17" StartOffset="11668"/>
</Header>
<LocList>
<Loc EndOffset="12030" SrcFileId="17" StartOffset="11664"/>
</LocList>
<HierarchyLvl HierarchyLvlId="1179" HierarchyLvlTypeId="67" Intrnl_Id="1959" Name="run">
<Header>
<Loc EndOffset="11709" SrcFileId="17" StartOffset="11692"/>
</Header>
<LocList>
<Loc EndOffset="12020" SrcFileId="17" StartOffset="11692"/>
</LocList>
<StmntSeq Intrnl_Id="1960">
<LocList>
<Loc EndOffset="11783" SrcFileId="17" StartOffset="11752"/>
<Loc EndOffset="11906" SrcFileId="17" StartOffset="11727"/>
<Loc EndOffset="11988" SrcFileId="17" StartOffset="11952"/>
</LocList>
<BasicStmnt CovItemId="S109" CovItemPrefix="cabra.TopMenuBar.java" Intrnl_Id="1961">
<LocList>
<Loc EndOffset="11783" SrcFileId="17" StartOffset="11752"/>
</LocList>
</BasicStmnt>
<CondStmnt CovItemId="S108" CovItemPrefix="cabra.TopMenuBar.java" Intrnl_Id="1962">
<Branch CovItemId="B27" CovItemPrefix="cabra.TopMenuBar.java" Implct="true" Intrnl_Id="1963">
<Cond/>
<LocList/>
<StmntSeq Intrnl_Id="1964">
<LocList/>
</StmntSeq>
</Branch>
<Branch CovItemId="B28" CovItemPrefix="cabra.TopMenuBar.java" Implct="false" Intrnl_Id="1965">
<Cond>
<Loc EndOffset="11866" SrcFileId="17" StartOffset="11837"/>
</Cond>
<LocList>
<Loc EndOffset="11906" SrcFileId="17" StartOffset="11866"/>
</LocList>
<StmntSeq Intrnl_Id="1966">
<LocList/>
</StmntSeq>
</Branch>
<Keyword EndOffset="11730" SrcFileId="17" StartOffset="11727"/>
<LocList>
<Loc EndOffset="11906" SrcFileId="17" StartOffset="11727"/>
</LocList>
</CondStmnt>
<BasicStmnt CovItemId="S110" CovItemPrefix="cabra.TopMenuBar.java" Intrnl_Id="1967">
<LocList>
<Loc EndOffset="11988" SrcFileId="17" StartOffset="11952"/>
</LocList>
</BasicStmnt>
</StmntSeq>
</HierarchyLvl>
</HierarchyLvl>
</HierarchyLvl>
<HierarchyLvl HierarchyLvlId="1186" HierarchyLvlTypeId="66" Intrnl_Id="1968" Name="ThemeButtonCreator">
<Header>
<Loc EndOffset="12208" SrcFileId="17" StartOffset="12170"/>
</Header>
<LocList>
<Loc EndOffset="14293" SrcFileId="17" StartOffset="12170"/>
</LocList>
<HierarchyLvl HierarchyLvlId="1182" HierarchyLvlTypeId="67" Intrnl_Id="1969" Name="ThemeButtonCreator">
<Header>
<Loc EndOffset="12428" SrcFileId="17" StartOffset="12401"/>
</Header>
<LocList>
<Loc EndOffset="12691" SrcFileId="17" StartOffset="12401"/>
</LocList>
<StmntSeq Intrnl_Id="1970">
<LocList>
<Loc EndOffset="12458" SrcFileId="17" StartOffset="12442"/>
<Loc EndOffset="12561" SrcFileId="17" StartOffset="12534"/>
<Loc EndOffset="12619" SrcFileId="17" StartOffset="12587"/>
<Loc EndOffset="12681" SrcFileId="17" StartOffset="12632"/>
</LocList>
<BasicStmnt CovItemId="S111" CovItemPrefix="cabra.TopMenuBar.java" Intrnl_Id="1971">
<LocList>
<Loc EndOffset="12458" SrcFileId="17" StartOffset="12442"/>
</LocList>
</BasicStmnt>
<BasicStmnt CovItemId="S112" CovItemPrefix="cabra.TopMenuBar.java" Intrnl_Id="1972">
<LocList>
<Loc EndOffset="12561" SrcFileId="17" StartOffset="12534"/>
</LocList>
</BasicStmnt>
<BasicStmnt CovItemId="S113" CovItemPrefix="cabra.TopMenuBar.java" Intrnl_Id="1973">
<LocList>
<Loc EndOffset="12619" SrcFileId="17" StartOffset="12587"/>
</LocList>
</BasicStmnt>
<BasicStmnt CovItemId="S114" CovItemPrefix="cabra.TopMenuBar.java" Intrnl_Id="1974">
<LocList>
<Loc EndOffset="12681" SrcFileId="17" StartOffset="12632"/>
</LocList>
</BasicStmnt>
</StmntSeq>
</HierarchyLvl>
<HierarchyLvl HierarchyLvlId="1183" HierarchyLvlTypeId="67" Intrnl_Id="1975" Name="add">
<Header>
<Loc EndOffset="12981" SrcFileId="17" StartOffset="12931"/>
</Header>
<LocList>
<Loc EndOffset="13384" SrcFileId="17" StartOffset="12931"/>
</LocList>
<StmntSeq Intrnl_Id="1976">
<LocList>
<Loc EndOffset="13122" SrcFileId="17" StartOffset="13029"/>
<Loc EndOffset="13181" SrcFileId="17" StartOffset="13135"/>
<Loc EndOffset="13238" SrcFileId="17" StartOffset="13195"/>
<Loc EndOffset="13347" SrcFileId="17" StartOffset="13321"/>
<Loc EndOffset="13374" SrcFileId="17" StartOffset="13360"/>
</LocList>
<BasicStmnt CovItemId="S115" CovItemPrefix="cabra.TopMenuBar.java" Intrnl_Id="1977">
<LocList>
<Loc EndOffset="13122" SrcFileId="17" StartOffset="13029"/>
</LocList>
</BasicStmnt>
<BasicStmnt CovItemId="S116" CovItemPrefix="cabra.TopMenuBar.java" Intrnl_Id="1978">
<LocList>
<Loc EndOffset="13181" SrcFileId="17" StartOffset="13135"/>
</LocList>
</BasicStmnt>
<BasicStmnt CovItemId="S117" CovItemPrefix="cabra.TopMenuBar.java" Intrnl_Id="1979">
<LocList>
<Loc EndOffset="13238" SrcFileId="17" StartOffset="13195"/>
</LocList>
</BasicStmnt>
<BasicStmnt CovItemId="S118" CovItemPrefix="cabra.TopMenuBar.java" Intrnl_Id="1980">
<LocList>
<Loc EndOffset="13347" SrcFileId="17" StartOffset="13321"/>
</LocList>
</BasicStmnt>
<BasicStmnt CovItemId="S119" CovItemPrefix="cabra.TopMenuBar.java" Intrnl_Id="1981">
<LocList>
<Loc EndOffset="13374" SrcFileId="17" StartOffset="13360"/>
</LocList>
</BasicStmnt>
</StmntSeq>
</HierarchyLvl>
<HierarchyLvl HierarchyLvlId="1184" HierarchyLvlTypeId="67" Intrnl_Id="1982" Name="add">
<Header>
<Loc EndOffset="13627" SrcFileId="17" StartOffset="13598"/>
</Header>
<LocList>
<Loc EndOffset="13678" SrcFileId="17" StartOffset="13598"/>
</LocList>
<StmntSeq Intrnl_Id="1983">
<LocList>
<Loc EndOffset="13668" SrcFileId="17" StartOffset="13641"/>
</LocList>
<BasicStmnt CovItemId="S120" CovItemPrefix="cabra.TopMenuBar.java" Intrnl_Id="1984">
<LocList>
<Loc EndOffset="13668" SrcFileId="17" StartOffset="13641"/>
</LocList>
</BasicStmnt>
</StmntSeq>
</HierarchyLvl>
<HierarchyLvl HierarchyLvlId="1185" HierarchyLvlTypeId="67" Intrnl_Id="1985" Name="addLocked">
<Header>
<Loc EndOffset="13939" SrcFileId="17" StartOffset="13904"/>
</Header>
<LocList>
<Loc EndOffset="14287" SrcFileId="17" StartOffset="13904"/>
</LocList>
<StmntSeq Intrnl_Id="1986">
<LocList>
<Loc EndOffset="14042" SrcFileId="17" StartOffset="13953"/>
<Loc EndOffset="14082" SrcFileId="17" StartOffset="14055"/>
<Loc EndOffset="14199" SrcFileId="17" StartOffset="14095"/>
<Loc EndOffset="14238" SrcFileId="17" StartOffset="14212"/>
<Loc EndOffset="14265" SrcFileId="17" StartOffset="14251"/>
</LocList>
<BasicStmnt CovItemId="S121" CovItemPrefix="cabra.TopMenuBar.java" Intrnl_Id="1987">
<LocList>
<Loc EndOffset="14042" SrcFileId="17" StartOffset="13953"/>
</LocList>
</BasicStmnt>
<BasicStmnt CovItemId="S122" CovItemPrefix="cabra.TopMenuBar.java" Intrnl_Id="1988">
<LocList>
<Loc EndOffset="14082" SrcFileId="17" StartOffset="14055"/>
</LocList>
</BasicStmnt>
<BasicStmnt CovItemId="S123" CovItemPrefix="cabra.TopMenuBar.java" Intrnl_Id="1989">
<LocList>
<Loc EndOffset="14199" SrcFileId="17" StartOffset="14095"/>
</LocList>
</BasicStmnt>
<BasicStmnt CovItemId="S124" CovItemPrefix="cabra.TopMenuBar.java" Intrnl_Id="1990">
<LocList>
<Loc EndOffset="14238" SrcFileId="17" StartOffset="14212"/>
</LocList>
</BasicStmnt>
<BasicStmnt CovItemId="S125" CovItemPrefix="cabra.TopMenuBar.java" Intrnl_Id="1991">
<LocList>
<Loc EndOffset="14265" SrcFileId="17" StartOffset="14251"/>
</LocList>
</BasicStmnt>
</StmntSeq>
</HierarchyLvl>
</HierarchyLvl>
<HierarchyLvl HierarchyLvlId="1187" HierarchyLvlTypeId="67" Intrnl_Id="1992" Name="setTheme">
<Header>
<Loc EndOffset="14463" SrcFileId="17" StartOffset="14429"/>
</Header>
<LocList>
<Loc EndOffset="14506" SrcFileId="17" StartOffset="14429"/>
</LocList>
<StmntSeq Intrnl_Id="1993">
<LocList>
<Loc EndOffset="14500" SrcFileId="17" StartOffset="14473"/>
</LocList>
<BasicStmnt CovItemId="S126" CovItemPrefix="cabra.TopMenuBar.java" Intrnl_Id="1994">
<LocList>
<Loc EndOffset="14500" SrcFileId="17" StartOffset="14473"/>
</LocList>
</BasicStmnt>
</StmntSeq>
</HierarchyLvl>
<HierarchyLvl HierarchyLvlId="1189" HierarchyLvlTypeId="66" Intrnl_Id="1995" Name="themeSelectionListener">
<Header>
<Loc EndOffset="14600" SrcFileId="17" StartOffset="14546"/>
</Header>
<LocList>
<Loc EndOffset="14850" SrcFileId="17" StartOffset="14546"/>
</LocList>
<HierarchyLvl HierarchyLvlId="1188" HierarchyLvlTypeId="67" Intrnl_Id="1996" Name="actionPerformed">
<Header>
<Loc EndOffset="14652" SrcFileId="17" StartOffset="14610"/>
</Header>
<LocList>
<Loc EndOffset="14844" SrcFileId="17" StartOffset="14610"/>
</LocList>
<StmntSeq Intrnl_Id="1997">
<LocList>
<Loc EndOffset="14706" SrcFileId="17" StartOffset="14666"/>
<Loc EndOffset="14834" SrcFileId="17" StartOffset="14791"/>
</LocList>
<BasicStmnt CovItemId="S127" CovItemPrefix="cabra.TopMenuBar.java" Intrnl_Id="1998">
<LocList>
<Loc EndOffset="14706" SrcFileId="17" StartOffset="14666"/>
</LocList>
</BasicStmnt>
<BasicStmnt CovItemId="S128" CovItemPrefix="cabra.TopMenuBar.java" Intrnl_Id="1999">
<LocList>
<Loc EndOffset="14834" SrcFileId="17" StartOffset="14791"/>
</LocList>
</BasicStmnt>
</StmntSeq>
</HierarchyLvl>
</HierarchyLvl>
<HierarchyLvl HierarchyLvlId="1191" HierarchyLvlTypeId="66" Intrnl_Id="2000" Name="ImportListener">
<Header>
<Loc EndOffset="14906" SrcFileId="17" StartOffset="14860"/>
</Header>
<LocList>
<Loc EndOffset="15067" SrcFileId="17" StartOffset="14860"/>
</LocList>
<HierarchyLvl HierarchyLvlId="1190" HierarchyLvlTypeId="67" Intrnl_Id="2001" Name="actionPerformed">
<Header>
<Loc EndOffset="14984" SrcFileId="17" StartOffset="14916"/>
</Header>
<LocList>
<Loc EndOffset="15061" SrcFileId="17" StartOffset="14916"/>
</LocList>
<StmntSeq Intrnl_Id="2002">
<LocList>
<Loc EndOffset="15043" SrcFileId="17" StartOffset="15006"/>
</LocList>
<BasicStmnt CovItemId="S129" CovItemPrefix="cabra.TopMenuBar.java" Intrnl_Id="2003">
<LocList>
<Loc EndOffset="15043" SrcFileId="17" StartOffset="15006"/>
</LocList>
</BasicStmnt>
</StmntSeq>
</HierarchyLvl>
</HierarchyLvl>
<HierarchyLvl HierarchyLvlId="1193" HierarchyLvlTypeId="66" Intrnl_Id="2004" Name="ExportListener">
<Header>
<Loc EndOffset="15123" SrcFileId="17" StartOffset="15077"/>
</Header>
<LocList>
<Loc EndOffset="15284" SrcFileId="17" StartOffset="15077"/>
</LocList>
<HierarchyLvl HierarchyLvlId="1192" HierarchyLvlTypeId="67" Intrnl_Id="2005" Name="actionPerformed">
<Header>
<Loc EndOffset="15201" SrcFileId="17" StartOffset="15133"/>
</Header>
<LocList>
<Loc EndOffset="15278" SrcFileId="17" StartOffset="15133"/>
</LocList>
<StmntSeq Intrnl_Id="2006">
<LocList>
<Loc EndOffset="15260" SrcFileId="17" StartOffset="15223"/>
</LocList>
<BasicStmnt CovItemId="S130" CovItemPrefix="cabra.TopMenuBar.java" Intrnl_Id="2007">
<LocList>
<Loc EndOffset="15260" SrcFileId="17" StartOffset="15223"/>
</LocList>
</BasicStmnt>
</StmntSeq>
</HierarchyLvl>
</HierarchyLvl>
</HierarchyLvl>
<HierarchyLvl HierarchyLvlId="1241" HierarchyLvlTypeId="63" Intrnl_Id="2008" Name="Themes">
<Header>
<Loc EndOffset="183" SrcFileId="18" StartOffset="165"/>
</Header>
<LocList>
<Loc EndOffset="17039" SrcFileId="18" StartOffset="165"/>
</LocList>
<StmntSeq Intrnl_Id="2009">
<LocList>
<Loc EndOffset="12710" SrcFileId="18" StartOffset="12658"/>
<Loc EndOffset="13371" SrcFileId="18" StartOffset="13337"/>
</LocList>
<BasicStmnt CovItemId="S86" CovItemPrefix="cabra.Themes.java" Intrnl_Id="2010">
<LocList>
<Loc EndOffset="12710" SrcFileId="18" StartOffset="12658"/>
</LocList>
</BasicStmnt>
<BasicStmnt CovItemId="S92" CovItemPrefix="cabra.Themes.java" Intrnl_Id="2011">
<LocList>
<Loc EndOffset="13371" SrcFileId="18" StartOffset="13337"/>
</LocList>
</BasicStmnt>
</StmntSeq>
<HierarchyLvl HierarchyLvlId="1196" HierarchyLvlTypeId="65" Intrnl_Id="2012" Name="DEFAULT">
<Header>
<Loc EndOffset="588" SrcFileId="18" StartOffset="543"/>
</Header>
<LocList>
<Loc EndOffset="693" SrcFileId="18" StartOffset="543"/>
</LocList>
<HierarchyLvl HierarchyLvlId="1195" HierarchyLvlTypeId="67" Intrnl_Id="2013" Name="doColoring">
<Header>
<Loc EndOffset="641" SrcFileId="18" StartOffset="599"/>
</Header>
<LocList>
<Loc EndOffset="687" SrcFileId="18" StartOffset="599"/>
</LocList>
<StmntSeq Intrnl_Id="2014">
<LocList>
<Loc EndOffset="671" SrcFileId="18" StartOffset="655"/>
</LocList>
<BasicStmnt CovItemId="S1" CovItemPrefix="cabra.Themes.java" Intrnl_Id="2015">
<LocList>
<Loc EndOffset="671" SrcFileId="18" StartOffset="655"/>
</LocList>
</BasicStmnt>
</StmntSeq>
</HierarchyLvl>
</HierarchyLvl>
<HierarchyLvl HierarchyLvlId="1198" HierarchyLvlTypeId="65" Intrnl_Id="2016" Name="SNOW">
<Header>
<Loc EndOffset="1260" SrcFileId="18" StartOffset="1224"/>
</Header>
<LocList>
<Loc EndOffset="1547" SrcFileId="18" StartOffset="1224"/>
</LocList>
<HierarchyLvl HierarchyLvlId="1197" HierarchyLvlTypeId="67" Intrnl_Id="2017" Name="doColoring">
<Header>
<Loc EndOffset="1320" SrcFileId="18" StartOffset="1270"/>
</Header>
<LocList>
<Loc EndOffset="1541" SrcFileId="18" StartOffset="1270"/>
</LocList>
<StmntSeq Intrnl_Id="2018">
<LocList>
<Loc EndOffset="1358" SrcFileId="18" StartOffset="1342"/>
<Loc EndOffset="1439" SrcFileId="18" StartOffset="1379"/>
<Loc EndOffset="1523" SrcFileId="18" StartOffset="1460"/>
</LocList>
<BasicStmnt CovItemId="S2" CovItemPrefix="cabra.Themes.java" Intrnl_Id="2019">
<LocList>
<Loc EndOffset="1358" SrcFileId="18" StartOffset="1342"/>
</LocList>
</BasicStmnt>
<BasicStmnt CovItemId="S3" CovItemPrefix="cabra.Themes.java" Intrnl_Id="2020">
<LocList>
<Loc EndOffset="1439" SrcFileId="18" StartOffset="1379"/>
</LocList>
</BasicStmnt>
<BasicStmnt CovItemId="S4" CovItemPrefix="cabra.Themes.java" Intrnl_Id="2021">
<LocList>
<Loc EndOffset="1523" SrcFileId="18" StartOffset="1460"/>
</LocList>
</BasicStmnt>
</StmntSeq>
</HierarchyLvl>
</HierarchyLvl>
<HierarchyLvl HierarchyLvlId="1200" HierarchyLvlTypeId="65" Intrnl_Id="2022" Name="CHERRY">
<Header>
<Loc EndOffset="1668" SrcFileId="18" StartOffset="1626"/>
</Header>
<LocList>
<Loc EndOffset="2134" SrcFileId="18" StartOffset="1626"/>
</LocList>
<HierarchyLvl HierarchyLvlId="1199" HierarchyLvlTypeId="67" Intrnl_Id="2023" Name="doColoring">
<Header>
<Loc EndOffset="1728" SrcFileId="18" StartOffset="1678"/>
</Header>
<LocList>
<Loc EndOffset="2126" SrcFileId="18" StartOffset="1678"/>
</LocList>
<StmntSeq Intrnl_Id="2024">
<LocList>
<Loc EndOffset="1766" SrcFileId="18" StartOffset="1750"/>
<Loc EndOffset="1847" SrcFileId="18" StartOffset="1787"/>
<Loc EndOffset="1931" SrcFileId="18" StartOffset="1868"/>
<Loc EndOffset="2023" SrcFileId="18" StartOffset="1952"/>
<Loc EndOffset="2108" SrcFileId="18" StartOffset="2044"/>
</LocList>
<BasicStmnt CovItemId="S5" CovItemPrefix="cabra.Themes.java" Intrnl_Id="2025">
<LocList>
<Loc EndOffset="1766" SrcFileId="18" StartOffset="1750"/>
</LocList>
</BasicStmnt>
<BasicStmnt CovItemId="S6" CovItemPrefix="cabra.Themes.java" Intrnl_Id="2026">
<LocList>
<Loc EndOffset="1847" SrcFileId="18" StartOffset="1787"/>
</LocList>
</BasicStmnt>
<BasicStmnt CovItemId="S7" CovItemPrefix="cabra.Themes.java" Intrnl_Id="2027">
<LocList>
<Loc EndOffset="1931" SrcFileId="18" StartOffset="1868"/>
</LocList>
</BasicStmnt>
<BasicStmnt CovItemId="S8" CovItemPrefix="cabra.Themes.java" Intrnl_Id="2028">
<LocList>
<Loc EndOffset="2023" SrcFileId="18" StartOffset="1952"/>
</LocList>
</BasicStmnt>
<BasicStmnt CovItemId="S9" CovItemPrefix="cabra.Themes.java" Intrnl_Id="2029">
<LocList>
<Loc EndOffset="2108" SrcFileId="18" StartOffset="2044"/>
</LocList>
</BasicStmnt>
</StmntSeq>
</HierarchyLvl>
</HierarchyLvl>
<HierarchyLvl HierarchyLvlId="1202" HierarchyLvlTypeId="65" Intrnl_Id="2030" Name="DUSK">
<Header>
<Loc EndOffset="2253" SrcFileId="18" StartOffset="2226"/>
</Header>
<LocList>
<Loc EndOffset="2718" SrcFileId="18" StartOffset="2226"/>
</LocList>
<HierarchyLvl HierarchyLvlId="1201" HierarchyLvlTypeId="67" Intrnl_Id="2031" Name="doColoring">
<Header>
<Loc EndOffset="2313" SrcFileId="18" StartOffset="2263"/>
</Header>
<LocList>
<Loc EndOffset="2712" SrcFileId="18" StartOffset="2263"/>
</LocList>
<StmntSeq Intrnl_Id="2032">
<LocList>
<Loc EndOffset="2351" SrcFileId="18" StartOffset="2335"/>
<Loc EndOffset="2432" SrcFileId="18" StartOffset="2372"/>
<Loc EndOffset="2516" SrcFileId="18" StartOffset="2453"/>
<Loc EndOffset="2609" SrcFileId="18" StartOffset="2538"/>
<Loc EndOffset="2694" SrcFileId="18" StartOffset="2630"/>
</LocList>
<BasicStmnt CovItemId="S10" CovItemPrefix="cabra.Themes.java" Intrnl_Id="2033">
<LocList>
<Loc EndOffset="2351" SrcFileId="18" StartOffset="2335"/>
</LocList>
</BasicStmnt>
<BasicStmnt CovItemId="S11" CovItemPrefix="cabra.Themes.java" Intrnl_Id="2034">
<LocList>
<Loc EndOffset="2432" SrcFileId="18" StartOffset="2372"/>
</LocList>
</BasicStmnt>
<BasicStmnt CovItemId="S12" CovItemPrefix="cabra.Themes.java" Intrnl_Id="2035">
<LocList>
<Loc EndOffset="2516" SrcFileId="18" StartOffset="2453"/>
</LocList>
</BasicStmnt>
<BasicStmnt CovItemId="S13" CovItemPrefix="cabra.Themes.java" Intrnl_Id="2036">
<LocList>
<Loc EndOffset="2609" SrcFileId="18" StartOffset="2538"/>
</LocList>
</BasicStmnt>
<BasicStmnt CovItemId="S14" CovItemPrefix="cabra.Themes.java" Intrnl_Id="2037">
<LocList>
<Loc EndOffset="2694" SrcFileId="18" StartOffset="2630"/>
</LocList>
</BasicStmnt>
</StmntSeq>
</HierarchyLvl>
</HierarchyLvl>
<HierarchyLvl HierarchyLvlId="1204" HierarchyLvlTypeId="65" Intrnl_Id="2038" Name="BEACH">
<Header>
<Loc EndOffset="2842" SrcFileId="18" StartOffset="2812"/>
</Header>
<LocList>
<Loc EndOffset="3150" SrcFileId="18" StartOffset="2812"/>
</LocList>
<HierarchyLvl HierarchyLvlId="1203" HierarchyLvlTypeId="67" Intrnl_Id="2039" Name="doColoring">
<Header>
<Loc EndOffset="2902" SrcFileId="18" StartOffset="2852"/>
</Header>
<LocList>
<Loc EndOffset="3144" SrcFileId="18" StartOffset="2852"/>
</LocList>
<StmntSeq Intrnl_Id="2040">
<LocList>
<Loc EndOffset="2940" SrcFileId="18" StartOffset="2924"/>
<Loc EndOffset="3021" SrcFileId="18" StartOffset="2961"/>
<Loc EndOffset="3105" SrcFileId="18" StartOffset="3042"/>
</LocList>
<BasicStmnt CovItemId="S15" CovItemPrefix="cabra.Themes.java" Intrnl_Id="2041">
<LocList>
<Loc EndOffset="2940" SrcFileId="18" StartOffset="2924"/>
</LocList>
</BasicStmnt>
<BasicStmnt CovItemId="S16" CovItemPrefix="cabra.Themes.java" Intrnl_Id="2042">
<LocList>
<Loc EndOffset="3021" SrcFileId="18" StartOffset="2961"/>
</LocList>
</BasicStmnt>
<BasicStmnt CovItemId="S17" CovItemPrefix="cabra.Themes.java" Intrnl_Id="2043">
<LocList>
<Loc EndOffset="3105" SrcFileId="18" StartOffset="3042"/>
</LocList>
</BasicStmnt>
</StmntSeq>
</HierarchyLvl>
</HierarchyLvl>
<HierarchyLvl HierarchyLvlId="1206" HierarchyLvlTypeId="65" Intrnl_Id="2044" Name="RAIN">
<Header>
<Loc EndOffset="3245" SrcFileId="18" StartOffset="3218"/>
</Header>
<LocList>
<Loc EndOffset="3713" SrcFileId="18" StartOffset="3218"/>
</LocList>
<HierarchyLvl HierarchyLvlId="1205" HierarchyLvlTypeId="67" Intrnl_Id="2045" Name="doColoring">
<Header>
<Loc EndOffset="3305" SrcFileId="18" StartOffset="3255"/>
</Header>
<LocList>
<Loc EndOffset="3707" SrcFileId="18" StartOffset="3255"/>
</LocList>
<StmntSeq Intrnl_Id="2046">
<LocList>
<Loc EndOffset="3343" SrcFileId="18" StartOffset="3327"/>
<Loc EndOffset="3424" SrcFileId="18" StartOffset="3364"/>
<Loc EndOffset="3508" SrcFileId="18" StartOffset="3445"/>
<Loc EndOffset="3601" SrcFileId="18" StartOffset="3529"/>
<Loc EndOffset="3689" SrcFileId="18" StartOffset="3625"/>
</LocList>
<BasicStmnt CovItemId="S18" CovItemPrefix="cabra.Themes.java" Intrnl_Id="2047">
<LocList>
<Loc EndOffset="3343" SrcFileId="18" StartOffset="3327"/>
</LocList>
</BasicStmnt>
<BasicStmnt CovItemId="S19" CovItemPrefix="cabra.Themes.java" Intrnl_Id="2048">
<LocList>
<Loc EndOffset="3424" SrcFileId="18" StartOffset="3364"/>
</LocList>
</BasicStmnt>
<BasicStmnt CovItemId="S20" CovItemPrefix="cabra.Themes.java" Intrnl_Id="2049">
<LocList>
<Loc EndOffset="3508" SrcFileId="18" StartOffset="3445"/>
</LocList>
</BasicStmnt>
<BasicStmnt CovItemId="S21" CovItemPrefix="cabra.Themes.java" Intrnl_Id="2050">
<LocList>
<Loc EndOffset="3601" SrcFileId="18" StartOffset="3529"/>
</LocList>
</BasicStmnt>
<BasicStmnt CovItemId="S22" CovItemPrefix="cabra.Themes.java" Intrnl_Id="2051">
<LocList>
<Loc EndOffset="3689" SrcFileId="18" StartOffset="3625"/>
</LocList>
</BasicStmnt>
</StmntSeq>
</HierarchyLvl>
</HierarchyLvl>
<HierarchyLvl HierarchyLvlId="1208" HierarchyLvlTypeId="65" Intrnl_Id="2052" Name="SPRING">
<Header>
<Loc EndOffset="3820" SrcFileId="18" StartOffset="3786"/>
</Header>
<LocList>
<Loc EndOffset="4115" SrcFileId="18" StartOffset="3786"/>
</LocList>
<HierarchyLvl HierarchyLvlId="1207" HierarchyLvlTypeId="67" Intrnl_Id="2053" Name="doColoring">
<Header>
<Loc EndOffset="3880" SrcFileId="18" StartOffset="3830"/>
</Header>
<LocList>
<Loc EndOffset="4109" SrcFileId="18" StartOffset="3830"/>
</LocList>
<StmntSeq Intrnl_Id="2054">
<LocList>
<Loc EndOffset="3918" SrcFileId="18" StartOffset="3902"/>
<Loc EndOffset="3999" SrcFileId="18" StartOffset="3939"/>
<Loc EndOffset="4083" SrcFileId="18" StartOffset="4020"/>
</LocList>
<BasicStmnt CovItemId="S23" CovItemPrefix="cabra.Themes.java" Intrnl_Id="2055">
<LocList>
<Loc EndOffset="3918" SrcFileId="18" StartOffset="3902"/>
</LocList>
</BasicStmnt>
<BasicStmnt CovItemId="S24" CovItemPrefix="cabra.Themes.java" Intrnl_Id="2056">
<LocList>
<Loc EndOffset="3999" SrcFileId="18" StartOffset="3939"/>
</LocList>
</BasicStmnt>
<BasicStmnt CovItemId="S25" CovItemPrefix="cabra.Themes.java" Intrnl_Id="2057">
<LocList>
<Loc EndOffset="4083" SrcFileId="18" StartOffset="4020"/>
</LocList>
</BasicStmnt>
</StmntSeq>
</HierarchyLvl>
</HierarchyLvl>
<HierarchyLvl HierarchyLvlId="1210" HierarchyLvlTypeId="65" Intrnl_Id="2058" Name="MOCHA">
<Header>
<Loc EndOffset="4217" SrcFileId="18" StartOffset="4186"/>
</Header>
<LocList>
<Loc EndOffset="4683" SrcFileId="18" StartOffset="4186"/>
</LocList>
<HierarchyLvl HierarchyLvlId="1209" HierarchyLvlTypeId="67" Intrnl_Id="2059" Name="doColoring">
<Header>
<Loc EndOffset="4277" SrcFileId="18" StartOffset="4227"/>
</Header>
<LocList>
<Loc EndOffset="4675" SrcFileId="18" StartOffset="4227"/>
</LocList>
<StmntSeq Intrnl_Id="2060">
<LocList>
<Loc EndOffset="4315" SrcFileId="18" StartOffset="4299"/>
<Loc EndOffset="4396" SrcFileId="18" StartOffset="4336"/>
<Loc EndOffset="4480" SrcFileId="18" StartOffset="4417"/>
<Loc EndOffset="4572" SrcFileId="18" StartOffset="4501"/>
<Loc EndOffset="4657" SrcFileId="18" StartOffset="4593"/>
</LocList>
<BasicStmnt CovItemId="S26" CovItemPrefix="cabra.Themes.java" Intrnl_Id="2061">
<LocList>
<Loc EndOffset="4315" SrcFileId="18" StartOffset="4299"/>
</LocList>
</BasicStmnt>
<BasicStmnt CovItemId="S27" CovItemPrefix="cabra.Themes.java" Intrnl_Id="2062">
<LocList>
<Loc EndOffset="4396" SrcFileId="18" StartOffset="4336"/>
</LocList>
</BasicStmnt>
<BasicStmnt CovItemId="S28" CovItemPrefix="cabra.Themes.java" Intrnl_Id="2063">
<LocList>
<Loc EndOffset="4480" SrcFileId="18" StartOffset="4417"/>
</LocList>
</BasicStmnt>
<BasicStmnt CovItemId="S29" CovItemPrefix="cabra.Themes.java" Intrnl_Id="2064">
<LocList>
<Loc EndOffset="4572" SrcFileId="18" StartOffset="4501"/>
</LocList>
</BasicStmnt>
<BasicStmnt CovItemId="S30" CovItemPrefix="cabra.Themes.java" Intrnl_Id="2065">
<LocList>
<Loc EndOffset="4657" SrcFileId="18" StartOffset="4593"/>
</LocList>
</BasicStmnt>
</StmntSeq>
</HierarchyLvl>
</HierarchyLvl>
<HierarchyLvl HierarchyLvlId="1212" HierarchyLvlTypeId="65" Intrnl_Id="2066" Name="LILAC">
<Header>
<Loc EndOffset="4779" SrcFileId="18" StartOffset="4740"/>
</Header>
<LocList>
<Loc EndOffset="5243" SrcFileId="18" StartOffset="4740"/>
</LocList>
<HierarchyLvl HierarchyLvlId="1211" HierarchyLvlTypeId="67" Intrnl_Id="2067" Name="doColoring">
<Header>
<Loc EndOffset="4839" SrcFileId="18" StartOffset="4789"/>
</Header>
<LocList>
<Loc EndOffset="5237" SrcFileId="18" StartOffset="4789"/>
</LocList>
<StmntSeq Intrnl_Id="2068">
<LocList>
<Loc EndOffset="4877" SrcFileId="18" StartOffset="4861"/>
<Loc EndOffset="4958" SrcFileId="18" StartOffset="4898"/>
<Loc EndOffset="5042" SrcFileId="18" StartOffset="4979"/>
<Loc EndOffset="5134" SrcFileId="18" StartOffset="5063"/>
<Loc EndOffset="5219" SrcFileId="18" StartOffset="5155"/>
</LocList>
<BasicStmnt CovItemId="S31" CovItemPrefix="cabra.Themes.java" Intrnl_Id="2069">
<LocList>
<Loc EndOffset="4877" SrcFileId="18" StartOffset="4861"/>
</LocList>
</BasicStmnt>
<BasicStmnt CovItemId="S32" CovItemPrefix="cabra.Themes.java" Intrnl_Id="2070">
<LocList>
<Loc EndOffset="4958" SrcFileId="18" StartOffset="4898"/>
</LocList>
</BasicStmnt>
<BasicStmnt CovItemId="S33" CovItemPrefix="cabra.Themes.java" Intrnl_Id="2071">
<LocList>
<Loc EndOffset="5042" SrcFileId="18" StartOffset="4979"/>
</LocList>
</BasicStmnt>
<BasicStmnt CovItemId="S34" CovItemPrefix="cabra.Themes.java" Intrnl_Id="2072">
<LocList>
<Loc EndOffset="5134" SrcFileId="18" StartOffset="5063"/>
</LocList>
</BasicStmnt>
<BasicStmnt CovItemId="S35" CovItemPrefix="cabra.Themes.java" Intrnl_Id="2073">
<LocList>
<Loc EndOffset="5219" SrcFileId="18" StartOffset="5155"/>
</LocList>
</BasicStmnt>
</StmntSeq>
</HierarchyLvl>
</HierarchyLvl>
<HierarchyLvl HierarchyLvlId="1214" HierarchyLvlTypeId="65" Intrnl_Id="2074" Name="HALLOWEEN">
<Header>
<Loc EndOffset="5377" SrcFileId="18" StartOffset="5333"/>
</Header>
<LocList>
<Loc EndOffset="5841" SrcFileId="18" StartOffset="5333"/>
</LocList>
<HierarchyLvl HierarchyLvlId="1213" HierarchyLvlTypeId="67" Intrnl_Id="2075" Name="doColoring">
<Header>
<Loc EndOffset="5437" SrcFileId="18" StartOffset="5387"/>
</Header>
<LocList>
<Loc EndOffset="5835" SrcFileId="18" StartOffset="5387"/>
</LocList>
<StmntSeq Intrnl_Id="2076">
<LocList>
<Loc EndOffset="5475" SrcFileId="18" StartOffset="5459"/>
<Loc EndOffset="5556" SrcFileId="18" StartOffset="5496"/>
<Loc EndOffset="5640" SrcFileId="18" StartOffset="5577"/>
<Loc EndOffset="5732" SrcFileId="18" StartOffset="5661"/>
<Loc EndOffset="5817" SrcFileId="18" StartOffset="5753"/>
</LocList>
<BasicStmnt CovItemId="S36" CovItemPrefix="cabra.Themes.java" Intrnl_Id="2077">
<LocList>
<Loc EndOffset="5475" SrcFileId="18" StartOffset="5459"/>
</LocList>
</BasicStmnt>
<BasicStmnt CovItemId="S37" CovItemPrefix="cabra.Themes.java" Intrnl_Id="2078">
<LocList>
<Loc EndOffset="5556" SrcFileId="18" StartOffset="5496"/>
</LocList>
</BasicStmnt>
<BasicStmnt CovItemId="S38" CovItemPrefix="cabra.Themes.java" Intrnl_Id="2079">
<LocList>
<Loc EndOffset="5640" SrcFileId="18" StartOffset="5577"/>
</LocList>
</BasicStmnt>
<BasicStmnt CovItemId="S39" CovItemPrefix="cabra.Themes.java" Intrnl_Id="2080">
<LocList>
<Loc EndOffset="5732" SrcFileId="18" StartOffset="5661"/>
</LocList>
</BasicStmnt>
<BasicStmnt CovItemId="S40" CovItemPrefix="cabra.Themes.java" Intrnl_Id="2081">
<LocList>
<Loc EndOffset="5817" SrcFileId="18" StartOffset="5753"/>
</LocList>
</BasicStmnt>
</StmntSeq>
</HierarchyLvl>
</HierarchyLvl>
<HierarchyLvl HierarchyLvlId="1216" HierarchyLvlTypeId="65" Intrnl_Id="2082" Name="UNDER_THE_SEA">
<Header>
<Loc EndOffset="5942" SrcFileId="18" StartOffset="5895"/>
</Header>
<LocList>
<Loc EndOffset="6412" SrcFileId="18" StartOffset="5895"/>
</LocList>
<HierarchyLvl HierarchyLvlId="1215" HierarchyLvlTypeId="67" Intrnl_Id="2083" Name="doColoring">
<Header>
<Loc EndOffset="6002" SrcFileId="18" StartOffset="5952"/>
</Header>
<LocList>
<Loc EndOffset="6400" SrcFileId="18" StartOffset="5952"/>
</LocList>
<StmntSeq Intrnl_Id="2084">
<LocList>
<Loc EndOffset="6040" SrcFileId="18" StartOffset="6024"/>
<Loc EndOffset="6121" SrcFileId="18" StartOffset="6061"/>
<Loc EndOffset="6205" SrcFileId="18" StartOffset="6142"/>
<Loc EndOffset="6297" SrcFileId="18" StartOffset="6226"/>
<Loc EndOffset="6382" SrcFileId="18" StartOffset="6318"/>
</LocList>
<BasicStmnt CovItemId="S41" CovItemPrefix="cabra.Themes.java" Intrnl_Id="2085">
<LocList>
<Loc EndOffset="6040" SrcFileId="18" StartOffset="6024"/>
</LocList>
</BasicStmnt>
<BasicStmnt CovItemId="S42" CovItemPrefix="cabra.Themes.java" Intrnl_Id="2086">
<LocList>
<Loc EndOffset="6121" SrcFileId="18" StartOffset="6061"/>
</LocList>
</BasicStmnt>
<BasicStmnt CovItemId="S43" CovItemPrefix="cabra.Themes.java" Intrnl_Id="2087">
<LocList>
<Loc EndOffset="6205" SrcFileId="18" StartOffset="6142"/>
</LocList>
</BasicStmnt>
<BasicStmnt CovItemId="S44" CovItemPrefix="cabra.Themes.java" Intrnl_Id="2088">
<LocList>
<Loc EndOffset="6297" SrcFileId="18" StartOffset="6226"/>
</LocList>
</BasicStmnt>
<BasicStmnt CovItemId="S45" CovItemPrefix="cabra.Themes.java" Intrnl_Id="2089">
<LocList>
<Loc EndOffset="6382" SrcFileId="18" StartOffset="6318"/>
</LocList>
</BasicStmnt>
</StmntSeq>
</HierarchyLvl>
</HierarchyLvl>
<HierarchyLvl HierarchyLvlId="1218" HierarchyLvlTypeId="65" Intrnl_Id="2090" Name="EVIL_GOAT">
<Header>
<Loc EndOffset="6521" SrcFileId="18" StartOffset="6477"/>
</Header>
<LocList>
<Loc EndOffset="6991" SrcFileId="18" StartOffset="6477"/>
</LocList>
<HierarchyLvl HierarchyLvlId="1217" HierarchyLvlTypeId="67" Intrnl_Id="2091" Name="doColoring">
<Header>
<Loc EndOffset="6581" SrcFileId="18" StartOffset="6531"/>
</Header>
<LocList>
<Loc EndOffset="6979" SrcFileId="18" StartOffset="6531"/>
</LocList>
<StmntSeq Intrnl_Id="2092">
<LocList>
<Loc EndOffset="6619" SrcFileId="18" StartOffset="6603"/>
<Loc EndOffset="6700" SrcFileId="18" StartOffset="6640"/>
<Loc EndOffset="6784" SrcFileId="18" StartOffset="6721"/>
<Loc EndOffset="6876" SrcFileId="18" StartOffset="6805"/>
<Loc EndOffset="6961" SrcFileId="18" StartOffset="6897"/>
</LocList>
<BasicStmnt CovItemId="S46" CovItemPrefix="cabra.Themes.java" Intrnl_Id="2093">
<LocList>
<Loc EndOffset="6619" SrcFileId="18" StartOffset="6603"/>
</LocList>
</BasicStmnt>
<BasicStmnt CovItemId="S47" CovItemPrefix="cabra.Themes.java" Intrnl_Id="2094">
<LocList>
<Loc EndOffset="6700" SrcFileId="18" StartOffset="6640"/>
</LocList>
</BasicStmnt>
<BasicStmnt CovItemId="S48" CovItemPrefix="cabra.Themes.java" Intrnl_Id="2095">
<LocList>
<Loc EndOffset="6784" SrcFileId="18" StartOffset="6721"/>
</LocList>
</BasicStmnt>
<BasicStmnt CovItemId="S49" CovItemPrefix="cabra.Themes.java" Intrnl_Id="2096">
<LocList>
<Loc EndOffset="6876" SrcFileId="18" StartOffset="6805"/>
</LocList>
</BasicStmnt>
<BasicStmnt CovItemId="S50" CovItemPrefix="cabra.Themes.java" Intrnl_Id="2097">
<LocList>
<Loc EndOffset="6961" SrcFileId="18" StartOffset="6897"/>
</LocList>
</BasicStmnt>
</StmntSeq>
</HierarchyLvl>
</HierarchyLvl>
<HierarchyLvl HierarchyLvlId="1220" HierarchyLvlTypeId="65" Intrnl_Id="2098" Name="RANDOM_COLORS">
<Header>
<Loc EndOffset="8547" SrcFileId="18" StartOffset="8491"/>
</Header>
<LocList>
<Loc EndOffset="9308" SrcFileId="18" StartOffset="8491"/>
</LocList>
<HierarchyLvl HierarchyLvlId="1219" HierarchyLvlTypeId="67" Intrnl_Id="2099" Name="doColoring">
<Header>
<Loc EndOffset="8607" SrcFileId="18" StartOffset="8557"/>
</Header>
<LocList>
<Loc EndOffset="9302" SrcFileId="18" StartOffset="8557"/>
</LocList>
<StmntSeq Intrnl_Id="2100">
<LocList>
<Loc EndOffset="8700" SrcFileId="18" StartOffset="8672"/>
<Loc EndOffset="8752" SrcFileId="18" StartOffset="8721"/>
<Loc EndOffset="8908" SrcFileId="18" StartOffset="8794"/>
<Loc EndOffset="9035" SrcFileId="18" StartOffset="8995"/>
<Loc EndOffset="9147" SrcFileId="18" StartOffset="9114"/>
<Loc EndOffset="9207" SrcFileId="18" StartOffset="9168"/>
<Loc EndOffset="9284" SrcFileId="18" StartOffset="9228"/>
</LocList>
<BasicStmnt CovItemId="S51" CovItemPrefix="cabra.Themes.java" Intrnl_Id="2101">
<LocList>
<Loc EndOffset="8700" SrcFileId="18" StartOffset="8672"/>
</LocList>
</BasicStmnt>
<BasicStmnt CovItemId="S52" CovItemPrefix="cabra.Themes.java" Intrnl_Id="2102">
<LocList>
<Loc EndOffset="8752" SrcFileId="18" StartOffset="8721"/>
</LocList>
</BasicStmnt>
<LoopStmnt CovItemId="S53" CovItemPrefix="cabra.Themes.java" Intrnl_Id="2103" MltplExecId="L1-2" MltplExecPrefix="cabra.Themes.java" NvrExecId="L1-0" NvrExecPrefix="cabra.Themes.java" OnceExecutedId="L1-1" OnceExecutedPrefix="cabra.Themes.java" OptBodyExec="true">
<StmntSeq Intrnl_Id="2104">
<LocList>
<Loc EndOffset="8908" SrcFileId="18" StartOffset="8871"/>
</LocList>
<BasicStmnt CovItemId="S54" CovItemPrefix="cabra.Themes.java" Intrnl_Id="2105">
<LocList>
<Loc EndOffset="8908" SrcFileId="18" StartOffset="8871"/>
</LocList>
</BasicStmnt>
</StmntSeq>
<Keyword EndOffset="8799" SrcFileId="18" StartOffset="8794"/>
<LocList>
<Loc EndOffset="8908" SrcFileId="18" StartOffset="8794"/>
</LocList>
<RootTerm CovItemId="C1" CovItemPrefix="cabra.Themes.java" Intrnl_Id="2106">
<BasicBoolTerm Intrnl_Id="2107">
<LocList>
<Loc EndOffset="8845" SrcFileId="18" StartOffset="8800"/>
</LocList>
</BasicBoolTerm>
</RootTerm>
</LoopStmnt>
<BasicStmnt CovItemId="S55" CovItemPrefix="cabra.Themes.java" Intrnl_Id="2108">
<LocList>
<Loc EndOffset="9035" SrcFileId="18" StartOffset="8995"/>
</LocList>
</BasicStmnt>
<BasicStmnt CovItemId="S56" CovItemPrefix="cabra.Themes.java" Intrnl_Id="2109">
<LocList>
<Loc EndOffset="9147" SrcFileId="18" StartOffset="9114"/>
</LocList>
</BasicStmnt>
<BasicStmnt CovItemId="S57" CovItemPrefix="cabra.Themes.java" Intrnl_Id="2110">
<LocList>
<Loc EndOffset="9207" SrcFileId="18" StartOffset="9168"/>
</LocList>
</BasicStmnt>
<BasicStmnt CovItemId="S58" CovItemPrefix="cabra.Themes.java" Intrnl_Id="2111">
<LocList>
<Loc EndOffset="9284" SrcFileId="18" StartOffset="9228"/>
</LocList>
</BasicStmnt>
</StmntSeq>
</HierarchyLvl>
</HierarchyLvl>
<HierarchyLvl HierarchyLvlId="1222" HierarchyLvlTypeId="65" Intrnl_Id="2112" Name="RANDOM">
<Header>
<Loc EndOffset="9422" SrcFileId="18" StartOffset="9372"/>
</Header>
<LocList>
<Loc EndOffset="9638" SrcFileId="18" StartOffset="9372"/>
</LocList>
<HierarchyLvl HierarchyLvlId="1221" HierarchyLvlTypeId="67" Intrnl_Id="2113" Name="doColoring">
<Header>
<Loc EndOffset="9482" SrcFileId="18" StartOffset="9432"/>
</Header>
<LocList>
<Loc EndOffset="9632" SrcFileId="18" StartOffset="9432"/>
</LocList>
<StmntSeq Intrnl_Id="2114">
<LocList>
<Loc EndOffset="9520" SrcFileId="18" StartOffset="9504"/>
<Loc EndOffset="9570" SrcFileId="18" StartOffset="9541"/>
<Loc EndOffset="9614" SrcFileId="18" StartOffset="9591"/>
</LocList>
<BasicStmnt CovItemId="S59" CovItemPrefix="cabra.Themes.java" Intrnl_Id="2115">
<LocList>
<Loc EndOffset="9520" SrcFileId="18" StartOffset="9504"/>
</LocList>
</BasicStmnt>
<BasicStmnt CovItemId="S60" CovItemPrefix="cabra.Themes.java" Intrnl_Id="2116">
<LocList>
<Loc EndOffset="9570" SrcFileId="18" StartOffset="9541"/>
</LocList>
</BasicStmnt>
<BasicStmnt CovItemId="S61" CovItemPrefix="cabra.Themes.java" Intrnl_Id="2117">
<LocList>
<Loc EndOffset="9614" SrcFileId="18" StartOffset="9591"/>
</LocList>
</BasicStmnt>
</StmntSeq>
</HierarchyLvl>
</HierarchyLvl>
<HierarchyLvl HierarchyLvlId="1224" HierarchyLvlTypeId="65" Intrnl_Id="2118" Name="SEASONS">
<Header>
<Loc EndOffset="9704" SrcFileId="18" StartOffset="9659"/>
</Header>
<LocList>
<Loc EndOffset="12077" SrcFileId="18" StartOffset="9659"/>
</LocList>
<HierarchyLvl HierarchyLvlId="1223" HierarchyLvlTypeId="67" Intrnl_Id="2119" Name="doColoring">
<Header>
<Loc EndOffset="9764" SrcFileId="18" StartOffset="9714"/>
</Header>
<LocList>
<Loc EndOffset="12071" SrcFileId="18" StartOffset="9714"/>
</LocList>
<StmntSeq Intrnl_Id="2120">
<LocList>
<Loc EndOffset="9824" SrcFileId="18" StartOffset="9786"/>
<Loc EndOffset="9885" SrcFileId="18" StartOffset="9845"/>
<Loc EndOffset="10024" SrcFileId="18" StartOffset="9983"/>
<Loc EndOffset="10070" SrcFileId="18" StartOffset="10045"/>
<Loc EndOffset="10171" SrcFileId="18" StartOffset="10122"/>
<Loc EndOffset="10226" SrcFileId="18" StartOffset="10192"/>
<Loc EndOffset="10317" SrcFileId="18" StartOffset="10278"/>
<Loc EndOffset="10361" SrcFileId="18" StartOffset="10338"/>
<Loc EndOffset="10461" SrcFileId="18" StartOffset="10417"/>
<Loc EndOffset="10512" SrcFileId="18" StartOffset="10482"/>
<Loc EndOffset="11123" SrcFileId="18" StartOffset="11093"/>
<Loc EndOffset="11988" SrcFileId="18" StartOffset="11144"/>
<Loc EndOffset="12053" SrcFileId="18" StartOffset="12030"/>
</LocList>
<BasicStmnt CovItemId="S62" CovItemPrefix="cabra.Themes.java" Intrnl_Id="2121">
<LocList>
<Loc EndOffset="9824" SrcFileId="18" StartOffset="9786"/>
</LocList>
</BasicStmnt>
<BasicStmnt CovItemId="S63" CovItemPrefix="cabra.Themes.java" Intrnl_Id="2122">
<LocList>
<Loc EndOffset="9885" SrcFileId="18" StartOffset="9845"/>
</LocList>
</BasicStmnt>
<BasicStmnt CovItemId="S64" CovItemPrefix="cabra.Themes.java" Intrnl_Id="2123">
<LocList>
<Loc EndOffset="10024" SrcFileId="18" StartOffset="9983"/>
</LocList>
</BasicStmnt>
<BasicStmnt CovItemId="S65" CovItemPrefix="cabra.Themes.java" Intrnl_Id="2124">
<LocList>
<Loc EndOffset="10070" SrcFileId="18" StartOffset="10045"/>
</LocList>
</BasicStmnt>
<BasicStmnt CovItemId="S66" CovItemPrefix="cabra.Themes.java" Intrnl_Id="2125">
<LocList>
<Loc EndOffset="10171" SrcFileId="18" StartOffset="10122"/>
</LocList>
</BasicStmnt>
<BasicStmnt CovItemId="S67" CovItemPrefix="cabra.Themes.java" Intrnl_Id="2126">
<LocList>
<Loc EndOffset="10226" SrcFileId="18" StartOffset="10192"/>
</LocList>
</BasicStmnt>
<BasicStmnt CovItemId="S68" CovItemPrefix="cabra.Themes.java" Intrnl_Id="2127">
<LocList>
<Loc EndOffset="10317" SrcFileId="18" StartOffset="10278"/>
</LocList>
</BasicStmnt>
<BasicStmnt CovItemId="S69" CovItemPrefix="cabra.Themes.java" Intrnl_Id="2128">
<LocList>
<Loc EndOffset="10361" SrcFileId="18" StartOffset="10338"/>
</LocList>
</BasicStmnt>
<BasicStmnt CovItemId="S70" CovItemPrefix="cabra.Themes.java" Intrnl_Id="2129">
<LocList>
<Loc EndOffset="10461" SrcFileId="18" StartOffset="10417"/>
</LocList>
</BasicStmnt>
<BasicStmnt CovItemId="S71" CovItemPrefix="cabra.Themes.java" Intrnl_Id="2130">
<LocList>
<Loc EndOffset="10512" SrcFileId="18" StartOffset="10482"/>
</LocList>
</BasicStmnt>
<BasicStmnt CovItemId="S72" CovItemPrefix="cabra.Themes.java" Intrnl_Id="2131">
<LocList>
<Loc EndOffset="11123" SrcFileId="18" StartOffset="11093"/>
</LocList>
</BasicStmnt>
<CondStmnt CovItemId="S73" CovItemPrefix="cabra.Themes.java" Intrnl_Id="2132">
<Branch CovItemId="B1" CovItemPrefix="cabra.Themes.java" Implct="false" Intrnl_Id="2133">
<Cond/>
<LocList>
<Loc EndOffset="11340" SrcFileId="18" StartOffset="11206"/>
</LocList>
<StmntSeq Intrnl_Id="2134">
<LocList>
<Loc EndOffset="11318" SrcFileId="18" StartOffset="11298"/>
</LocList>
<BasicStmnt CovItemId="S74" CovItemPrefix="cabra.Themes.java" Intrnl_Id="2135">
<LocList>
<Loc EndOffset="11318" SrcFileId="18" StartOffset="11298"/>
</LocList>
</BasicStmnt>
</StmntSeq>
</Branch>
<Branch CovItemId="B2" CovItemPrefix="cabra.Themes.java" Implct="false" Intrnl_Id="2136">
<Cond>
<Loc EndOffset="11365" SrcFileId="18" StartOffset="11361"/>
</Cond>
<LocList>
<Loc EndOffset="11988" SrcFileId="18" StartOffset="11366"/>
</LocList>
<StmntSeq Intrnl_Id="2137">
<LocList>
<Loc EndOffset="11988" SrcFileId="18" StartOffset="11366"/>
</LocList>
<CondStmnt CovItemId="S75" CovItemPrefix="cabra.Themes.java" Intrnl_Id="2138">
<Branch CovItemId="B3" CovItemPrefix="cabra.Themes.java" Implct="false" Intrnl_Id="2139">
<Cond/>
<LocList>
<Loc EndOffset="11544" SrcFileId="18" StartOffset="11393"/>
</LocList>
<StmntSeq Intrnl_Id="2140">
<LocList>
<Loc EndOffset="11522" SrcFileId="18" StartOffset="11497"/>
</LocList>
<BasicStmnt CovItemId="S76" CovItemPrefix="cabra.Themes.java" Intrnl_Id="2141">
<LocList>
<Loc EndOffset="11522" SrcFileId="18" StartOffset="11497"/>
</LocList>
</BasicStmnt>
</StmntSeq>
</Branch>
<Branch CovItemId="B4" CovItemPrefix="cabra.Themes.java" Implct="false" Intrnl_Id="2142">
<Cond>
<Loc EndOffset="11569" SrcFileId="18" StartOffset="11565"/>
</Cond>
<LocList>
<Loc EndOffset="11988" SrcFileId="18" StartOffset="11570"/>
</LocList>
<StmntSeq Intrnl_Id="2143">
<LocList>
<Loc EndOffset="11988" SrcFileId="18" StartOffset="11570"/>
</LocList>
<CondStmnt CovItemId="S77" CovItemPrefix="cabra.Themes.java" Intrnl_Id="2144">
<Branch CovItemId="B5" CovItemPrefix="cabra.Themes.java" Implct="false" Intrnl_Id="2145">
<Cond/>
<LocList>
<Loc EndOffset="11765" SrcFileId="18" StartOffset="11607"/>
</LocList>
<StmntSeq Intrnl_Id="2146">
<LocList>
<Loc EndOffset="11743" SrcFileId="18" StartOffset="11722"/>
</LocList>
<BasicStmnt CovItemId="S78" CovItemPrefix="cabra.Themes.java" Intrnl_Id="2147">
<LocList>
<Loc EndOffset="11743" SrcFileId="18" StartOffset="11722"/>
</LocList>
</BasicStmnt>
</StmntSeq>
</Branch>
<Branch CovItemId="B6" CovItemPrefix="cabra.Themes.java" Implct="false" Intrnl_Id="2148">
<Cond>
<Loc EndOffset="11790" SrcFileId="18" StartOffset="11786"/>
</Cond>
<LocList>
<Loc EndOffset="11988" SrcFileId="18" StartOffset="11791"/>
</LocList>
<StmntSeq Intrnl_Id="2149">
<LocList>
<Loc EndOffset="11988" SrcFileId="18" StartOffset="11791"/>
</LocList>
<CondStmnt CovItemId="S79" CovItemPrefix="cabra.Themes.java" Intrnl_Id="2150">
<Branch CovItemId="B7" CovItemPrefix="cabra.Themes.java" Implct="false" Intrnl_Id="2151">
<Cond/>
<LocList>
<Loc EndOffset="11988" SrcFileId="18" StartOffset="11820"/>
</LocList>
<StmntSeq Intrnl_Id="2152">
<LocList>
<Loc EndOffset="11966" SrcFileId="18" StartOffset="11944"/>
</LocList>
<BasicStmnt CovItemId="S80" CovItemPrefix="cabra.Themes.java" Intrnl_Id="2153">
<LocList>
<Loc EndOffset="11966" SrcFileId="18" StartOffset="11944"/>
</LocList>
</BasicStmnt>
</StmntSeq>
</Branch>
<Branch CovItemId="B8" CovItemPrefix="cabra.Themes.java" Implct="true" Intrnl_Id="2154">
<Cond/>
<LocList/>
<StmntSeq Intrnl_Id="2155">
<LocList/>
</StmntSeq>
</Branch>
<Keyword EndOffset="11793" SrcFileId="18" StartOffset="11791"/>
<LocList>
<Loc EndOffset="11988" SrcFileId="18" StartOffset="11791"/>
</LocList>
<RootTerm CovItemId="C5" CovItemPrefix="cabra.Themes.java" Intrnl_Id="2156">
<BasicBoolTerm Intrnl_Id="2157">
<LocList>
<Loc EndOffset="11819" SrcFileId="18" StartOffset="11794"/>
</LocList>
</BasicBoolTerm>
</RootTerm>
</CondStmnt>
</StmntSeq>
</Branch>
<Keyword EndOffset="11572" SrcFileId="18" StartOffset="11570"/>
<LocList>
<Loc EndOffset="11988" SrcFileId="18" StartOffset="11570"/>
</LocList>
<RootTerm CovItemId="C4" CovItemPrefix="cabra.Themes.java" Intrnl_Id="2158">
<BasicBoolTerm Intrnl_Id="2159">
<LocList>
<Loc EndOffset="11606" SrcFileId="18" StartOffset="11573"/>
</LocList>
</BasicBoolTerm>
</RootTerm>
</CondStmnt>
</StmntSeq>
</Branch>
<Keyword EndOffset="11368" SrcFileId="18" StartOffset="11366"/>
<LocList>
<Loc EndOffset="11988" SrcFileId="18" StartOffset="11366"/>
</LocList>
<RootTerm CovItemId="C3" CovItemPrefix="cabra.Themes.java" Intrnl_Id="2160">
<BasicBoolTerm Intrnl_Id="2161">
<LocList>
<Loc EndOffset="11392" SrcFileId="18" StartOffset="11369"/>
</LocList>
</BasicBoolTerm>
</RootTerm>
</CondStmnt>
</StmntSeq>
</Branch>
<Keyword EndOffset="11146" SrcFileId="18" StartOffset="11144"/>
<LocList>
<Loc EndOffset="11988" SrcFileId="18" StartOffset="11144"/>
</LocList>
<RootTerm CovItemId="C2" CovItemPrefix="cabra.Themes.java" Intrnl_Id="2162">
<OpTerm BooleanOpId="62" Intrnl_Id="2163">
<BasicBoolTerm Intrnl_Id="2164">
<LocList>
<Loc EndOffset="11175" SrcFileId="18" StartOffset="11147"/>
</LocList>
</BasicBoolTerm>
<BasicBoolTerm Intrnl_Id="2165">
<LocList>
<Loc EndOffset="11205" SrcFileId="18" StartOffset="11179"/>
</LocList>
</BasicBoolTerm>
<LocList>
<Loc EndOffset="11178" SrcFileId="18" StartOffset="11176"/>
</LocList>
</OpTerm>
</RootTerm>
</CondStmnt>
<BasicStmnt CovItemId="S81" CovItemPrefix="cabra.Themes.java" Intrnl_Id="2166">
<LocList>
<Loc EndOffset="12053" SrcFileId="18" StartOffset="12030"/>
</LocList>
</BasicStmnt>
</StmntSeq>
</HierarchyLvl>
</HierarchyLvl>
<HierarchyLvl HierarchyLvlId="1225" HierarchyLvlTypeId="67" Intrnl_Id="2167" Name="resetDefaults">
<Header>
<Loc EndOffset="12139" SrcFileId="18" StartOffset="12104"/>
</Header>
<LocList>
<Loc EndOffset="12620" SrcFileId="18" StartOffset="12104"/>
</LocList>
<StmntSeq Intrnl_Id="2168">
<LocList>
<Loc EndOffset="12213" SrcFileId="18" StartOffset="12153"/>
<Loc EndOffset="12311" SrcFileId="18" StartOffset="12248"/>
<Loc EndOffset="12397" SrcFileId="18" StartOffset="12333"/>
<Loc EndOffset="12482" SrcFileId="18" StartOffset="12410"/>
</LocList>
<BasicStmnt CovItemId="S82" CovItemPrefix="cabra.Themes.java" Intrnl_Id="2169">
<LocList>
<Loc EndOffset="12213" SrcFileId="18" StartOffset="12153"/>
</LocList>
</BasicStmnt>
<BasicStmnt CovItemId="S83" CovItemPrefix="cabra.Themes.java" Intrnl_Id="2170">
<LocList>
<Loc EndOffset="12311" SrcFileId="18" StartOffset="12248"/>
</LocList>
</BasicStmnt>
<BasicStmnt CovItemId="S84" CovItemPrefix="cabra.Themes.java" Intrnl_Id="2171">
<LocList>
<Loc EndOffset="12397" SrcFileId="18" StartOffset="12333"/>
</LocList>
</BasicStmnt>
<BasicStmnt CovItemId="S85" CovItemPrefix="cabra.Themes.java" Intrnl_Id="2172">
<LocList>
<Loc EndOffset="12482" SrcFileId="18" StartOffset="12410"/>
</LocList>
</BasicStmnt>
</StmntSeq>
</HierarchyLvl>
<HierarchyLvl HierarchyLvlId="1226" HierarchyLvlTypeId="67" Intrnl_Id="2173" Name="getCurrentTheme">
<Header>
<Loc EndOffset="12827" SrcFileId="18" StartOffset="12789"/>
</Header>
<LocList>
<Loc EndOffset="12859" SrcFileId="18" StartOffset="12789"/>
</LocList>
<StmntSeq Intrnl_Id="2174">
<LocList>
<Loc EndOffset="12857" SrcFileId="18" StartOffset="12830"/>
</LocList>
<BasicStmnt CovItemId="S87" CovItemPrefix="cabra.Themes.java" Intrnl_Id="2175">
<LocList>
<Loc EndOffset="12857" SrcFileId="18" StartOffset="12830"/>
</LocList>
</BasicStmnt>
</StmntSeq>
</HierarchyLvl>
<HierarchyLvl HierarchyLvlId="1227" HierarchyLvlTypeId="67" Intrnl_Id="2176" Name="setTheme">
<Header>
<Loc EndOffset="12998" SrcFileId="18" StartOffset="12957"/>
</Header>
<LocList>
<Loc EndOffset="13212" SrcFileId="18" StartOffset="12957"/>
</LocList>
<StmntSeq Intrnl_Id="2177">
<LocList>
<Loc EndOffset="13029" SrcFileId="18" StartOffset="13008"/>
<Loc EndOffset="13094" SrcFileId="18" StartOffset="13071"/>
<Loc EndOffset="13146" SrcFileId="18" StartOffset="13127"/>
<Loc EndOffset="13182" SrcFileId="18" StartOffset="13155"/>
</LocList>
<BasicStmnt CovItemId="S88" CovItemPrefix="cabra.Themes.java" Intrnl_Id="2178">
<LocList>
<Loc EndOffset="13029" SrcFileId="18" StartOffset="13008"/>
</LocList>
</BasicStmnt>
<BasicStmnt CovItemId="S89" CovItemPrefix="cabra.Themes.java" Intrnl_Id="2179">
<LocList>
<Loc EndOffset="13094" SrcFileId="18" StartOffset="13071"/>
</LocList>
</BasicStmnt>
<BasicStmnt CovItemId="S90" CovItemPrefix="cabra.Themes.java" Intrnl_Id="2180">
<LocList>
<Loc EndOffset="13146" SrcFileId="18" StartOffset="13127"/>
</LocList>
</BasicStmnt>
<BasicStmnt CovItemId="S91" CovItemPrefix="cabra.Themes.java" Intrnl_Id="2181">
<LocList>
<Loc EndOffset="13182" SrcFileId="18" StartOffset="13155"/>
</LocList>
</BasicStmnt>
</StmntSeq>
</HierarchyLvl>
<HierarchyLvl HierarchyLvlId="1228" HierarchyLvlTypeId="67" Intrnl_Id="2182" Name="Themes">
<Header>
<Loc EndOffset="13714" SrcFileId="18" StartOffset="13663"/>
</Header>
<LocList>
<Loc EndOffset="13874" SrcFileId="18" StartOffset="13663"/>
</LocList>
<StmntSeq Intrnl_Id="2183">
<LocList>
<Loc EndOffset="13741" SrcFileId="18" StartOffset="13724"/>
<Loc EndOffset="13785" SrcFileId="18" StartOffset="13750"/>
<Loc EndOffset="13842" SrcFileId="18" StartOffset="13794"/>
<Loc EndOffset="13868" SrcFileId="18" StartOffset="13851"/>
</LocList>
<BasicStmnt CovItemId="S93" CovItemPrefix="cabra.Themes.java" Intrnl_Id="2184">
<LocList>
<Loc EndOffset="13741" SrcFileId="18" StartOffset="13724"/>
</LocList>
</BasicStmnt>
<BasicStmnt CovItemId="S94" CovItemPrefix="cabra.Themes.java" Intrnl_Id="2185">
<LocList>
<Loc EndOffset="13785" SrcFileId="18" StartOffset="13750"/>
</LocList>
</BasicStmnt>
<BasicStmnt CovItemId="S95" CovItemPrefix="cabra.Themes.java" Intrnl_Id="2186">
<LocList>
<Loc EndOffset="13842" SrcFileId="18" StartOffset="13794"/>
</LocList>
</BasicStmnt>
<BasicStmnt CovItemId="S96" CovItemPrefix="cabra.Themes.java" Intrnl_Id="2187">
<LocList>
<Loc EndOffset="13868" SrcFileId="18" StartOffset="13851"/>
</LocList>
</BasicStmnt>
</StmntSeq>
</HierarchyLvl>
<HierarchyLvl HierarchyLvlId="1229" HierarchyLvlTypeId="67" Intrnl_Id="2188" Name="doColoring">
<Header>
<Loc EndOffset="13977" SrcFileId="18" StartOffset="13953"/>
</Header>
<LocList>
<Loc EndOffset="14009" SrcFileId="18" StartOffset="13953"/>
</LocList>
<StmntSeq Intrnl_Id="2189">
<LocList>
<Loc EndOffset="14003" SrcFileId="18" StartOffset="13987"/>
</LocList>
<BasicStmnt CovItemId="S97" CovItemPrefix="cabra.Themes.java" Intrnl_Id="2190">
<LocList>
<Loc EndOffset="14003" SrcFileId="18" StartOffset="13987"/>
</LocList>
</BasicStmnt>
</StmntSeq>
</HierarchyLvl>
<HierarchyLvl HierarchyLvlId="1230" HierarchyLvlTypeId="67" Intrnl_Id="2191" Name="isUnlocked">
<Header>
<Loc EndOffset="14114" SrcFileId="18" StartOffset="14087"/>
</Header>
<LocList>
<Loc EndOffset="14147" SrcFileId="18" StartOffset="14087"/>
</LocList>
<StmntSeq Intrnl_Id="2192">
<LocList>
<Loc EndOffset="14141" SrcFileId="18" StartOffset="14129"/>
</LocList>
<BasicStmnt CovItemId="S98" CovItemPrefix="cabra.Themes.java" Intrnl_Id="2193">
<LocList>
<Loc EndOffset="14141" SrcFileId="18" StartOffset="14129"/>
</LocList>
</BasicStmnt>
</StmntSeq>
</HierarchyLvl>
<HierarchyLvl HierarchyLvlId="1231" HierarchyLvlTypeId="67" Intrnl_Id="2194" Name="toString">
<Header>
<Loc EndOffset="14281" SrcFileId="18" StartOffset="14239"/>
</Header>
<LocList>
<Loc EndOffset="14319" SrcFileId="18" StartOffset="14239"/>
</LocList>
<StmntSeq Intrnl_Id="2195">
<LocList>
<Loc EndOffset="14308" SrcFileId="18" StartOffset="14296"/>
</LocList>
<BasicStmnt CovItemId="S99" CovItemPrefix="cabra.Themes.java" Intrnl_Id="2196">
<LocList>
<Loc EndOffset="14308" SrcFileId="18" StartOffset="14296"/>
</LocList>
</BasicStmnt>
</StmntSeq>
</HierarchyLvl>
<HierarchyLvl HierarchyLvlId="1232" HierarchyLvlTypeId="67" Intrnl_Id="2197" Name="getName">
<Header>
<Loc EndOffset="14347" SrcFileId="18" StartOffset="14324"/>
</Header>
<LocList>
<Loc EndOffset="14377" SrcFileId="18" StartOffset="14324"/>
</LocList>
<StmntSeq Intrnl_Id="2198">
<LocList>
<Loc EndOffset="14370" SrcFileId="18" StartOffset="14358"/>
</LocList>
<BasicStmnt CovItemId="S100" CovItemPrefix="cabra.Themes.java" Intrnl_Id="2199">
<LocList>
<Loc EndOffset="14370" SrcFileId="18" StartOffset="14358"/>
</LocList>
</BasicStmnt>
</StmntSeq>
</HierarchyLvl>
<HierarchyLvl HierarchyLvlId="1233" HierarchyLvlTypeId="67" Intrnl_Id="2200" Name="getImageIcon">
<Header>
<Loc EndOffset="14418" SrcFileId="18" StartOffset="14387"/>
</Header>
<LocList>
<Loc EndOffset="14447" SrcFileId="18" StartOffset="14387"/>
</LocList>
<StmntSeq Intrnl_Id="2201">
<LocList>
<Loc EndOffset="14441" SrcFileId="18" StartOffset="14428"/>
</LocList>
<BasicStmnt CovItemId="S101" CovItemPrefix="cabra.Themes.java" Intrnl_Id="2202">
<LocList>
<Loc EndOffset="14441" SrcFileId="18" StartOffset="14428"/>
</LocList>
</BasicStmnt>
</StmntSeq>
</HierarchyLvl>
<HierarchyLvl HierarchyLvlId="1234" HierarchyLvlTypeId="67" Intrnl_Id="2203" Name="getImageIconPath">
<Header>
<Loc EndOffset="14489" SrcFileId="18" StartOffset="14457"/>
</Header>
<LocList>
<Loc EndOffset="14526" SrcFileId="18" StartOffset="14457"/>
</LocList>
<StmntSeq Intrnl_Id="2204">
<LocList>
<Loc EndOffset="14520" SrcFileId="18" StartOffset="14499"/>
</LocList>
<BasicStmnt CovItemId="S102" CovItemPrefix="cabra.Themes.java" Intrnl_Id="2205">
<LocList>
<Loc EndOffset="14520" SrcFileId="18" StartOffset="14499"/>
</LocList>
</BasicStmnt>
</StmntSeq>
</HierarchyLvl>
<HierarchyLvl HierarchyLvlId="1235" HierarchyLvlTypeId="67" Intrnl_Id="2206" Name="getCost">
<Header>
<Loc EndOffset="14556" SrcFileId="18" StartOffset="14536"/>
</Header>
<LocList>
<Loc EndOffset="14584" SrcFileId="18" StartOffset="14536"/>
</LocList>
<StmntSeq Intrnl_Id="2207">
<LocList>
<Loc EndOffset="14578" SrcFileId="18" StartOffset="14566"/>
</LocList>
<BasicStmnt CovItemId="S103" CovItemPrefix="cabra.Themes.java" Intrnl_Id="2208">
<LocList>
<Loc EndOffset="14578" SrcFileId="18" StartOffset="14566"/>
</LocList>
</BasicStmnt>
</StmntSeq>
</HierarchyLvl>
<HierarchyLvl HierarchyLvlId="1236" HierarchyLvlTypeId="67" Intrnl_Id="2209" Name="randomTheme">
<Header>
<Loc EndOffset="14715" SrcFileId="18" StartOffset="14681"/>
</Header>
<LocList>
<Loc EndOffset="15200" SrcFileId="18" StartOffset="14681"/>
</LocList>
<StmntSeq Intrnl_Id="2210">
<LocList>
<Loc EndOffset="14772" SrcFileId="18" StartOffset="14724"/>
<Loc EndOffset="15188" SrcFileId="18" StartOffset="14801"/>
</LocList>
<BasicStmnt CovItemId="S104" CovItemPrefix="cabra.Themes.java" Intrnl_Id="2211">
<LocList>
<Loc EndOffset="14772" SrcFileId="18" StartOffset="14724"/>
</LocList>
</BasicStmnt>
<LoopStmnt CovItemId="S105" CovItemPrefix="cabra.Themes.java" Intrnl_Id="2212" MltplExecId="L2-2" MltplExecPrefix="cabra.Themes.java" NvrExecId="L2-0" NvrExecPrefix="cabra.Themes.java" OnceExecutedId="L2-1" OnceExecutedPrefix="cabra.Themes.java" OptBodyExec="true">
<StmntSeq Intrnl_Id="2213">
<LocList>
<Loc EndOffset="14881" SrcFileId="18" StartOffset="14826"/>
<Loc EndOffset="14972" SrcFileId="18" StartOffset="14930"/>
<Loc EndOffset="15097" SrcFileId="18" StartOffset="15059"/>
<Loc EndOffset="15138" SrcFileId="18" StartOffset="15122"/>
</LocList>
<BasicStmnt CovItemId="S106" CovItemPrefix="cabra.Themes.java" Intrnl_Id="2214">
<LocList>
<Loc EndOffset="14881" SrcFileId="18" StartOffset="14826"/>
</LocList>
</BasicStmnt>
<BasicStmnt CovItemId="S107" CovItemPrefix="cabra.Themes.java" Intrnl_Id="2215">
<LocList>
<Loc EndOffset="14972" SrcFileId="18" StartOffset="14930"/>
</LocList>
</BasicStmnt>
<CondStmnt CovItemId="S108" CovItemPrefix="cabra.Themes.java" Intrnl_Id="2216">
<Branch CovItemId="B9" CovItemPrefix="cabra.Themes.java" Implct="false" Intrnl_Id="2217">
<Cond/>
<LocList>
<Loc EndOffset="15097" SrcFileId="18" StartOffset="15088"/>
</LocList>
<StmntSeq Intrnl_Id="2218">
<LocList>
<Loc EndOffset="15097" SrcFileId="18" StartOffset="15088"/>
</LocList>
<BasicStmnt CovItemId="S109" CovItemPrefix="cabra.Themes.java" Intrnl_Id="2219">
<LocList>
<Loc EndOffset="15097" SrcFileId="18" StartOffset="15088"/>
</LocList>
</BasicStmnt>
</StmntSeq>
</Branch>
<Branch CovItemId="B10" CovItemPrefix="cabra.Themes.java" Implct="true" Intrnl_Id="2220">
<Cond/>
<LocList/>
<StmntSeq Intrnl_Id="2221">
<LocList/>
</StmntSeq>
</Branch>
<Keyword EndOffset="15061" SrcFileId="18" StartOffset="15059"/>
<LocList>
<Loc EndOffset="15097" SrcFileId="18" StartOffset="15059"/>
</LocList>
<RootTerm CovItemId="C7" CovItemPrefix="cabra.Themes.java" Intrnl_Id="2222">
<BasicBoolTerm Intrnl_Id="2223">
<LocList>
<Loc EndOffset="15086" SrcFileId="18" StartOffset="15062"/>
</LocList>
</BasicBoolTerm>
</RootTerm>
</CondStmnt>
<BasicStmnt CovItemId="S110" CovItemPrefix="cabra.Themes.java" Intrnl_Id="2224">
<LocList>
<Loc EndOffset="15138" SrcFileId="18" StartOffset="15122"/>
</LocList>
</BasicStmnt>
</StmntSeq>
<Keyword EndOffset="14806" SrcFileId="18" StartOffset="14801"/>
<LocList>
<Loc EndOffset="15188" SrcFileId="18" StartOffset="14801"/>
</LocList>
</LoopStmnt>
</StmntSeq>
</HierarchyLvl>
<HierarchyLvl HierarchyLvlId="1237" HierarchyLvlTypeId="67" Intrnl_Id="2225" Name="getFreeThemes">
<Header>
<Loc EndOffset="15399" SrcFileId="18" StartOffset="15352"/>
</Header>
<LocList>
<Loc EndOffset="15652" SrcFileId="18" StartOffset="15352"/>
</LocList>
<StmntSeq Intrnl_Id="2226">
<LocList>
<Loc EndOffset="15460" SrcFileId="18" StartOffset="15409"/>
<Loc EndOffset="15614" SrcFileId="18" StartOffset="15478"/>
<Loc EndOffset="15646" SrcFileId="18" StartOffset="15632"/>
</LocList>
<BasicStmnt CovItemId="S111" CovItemPrefix="cabra.Themes.java" Intrnl_Id="2227">
<LocList>
<Loc EndOffset="15460" SrcFileId="18" StartOffset="15409"/>
</LocList>
</BasicStmnt>
<LoopStmnt CovItemId="S112" CovItemPrefix="cabra.Themes.java" Intrnl_Id="2228" MltplExecId="L3-2" MltplExecPrefix="cabra.Themes.java" NvrExecId="L3-0" NvrExecPrefix="cabra.Themes.java" OnceExecutedId="L3-1" OnceExecutedPrefix="cabra.Themes.java" OptBodyExec="true">
<StmntSeq Intrnl_Id="2229">
<LocList>
<Loc EndOffset="15604" SrcFileId="18" StartOffset="15527"/>
</LocList>
<CondStmnt CovItemId="S113" CovItemPrefix="cabra.Themes.java" Intrnl_Id="2230">
<Branch CovItemId="B11" CovItemPrefix="cabra.Themes.java" Implct="false" Intrnl_Id="2231">
<Cond/>
<LocList>
<Loc EndOffset="15604" SrcFileId="18" StartOffset="15554"/>
</LocList>
<StmntSeq Intrnl_Id="2232">
<LocList>
<Loc EndOffset="15590" SrcFileId="18" StartOffset="15572"/>
</LocList>
<BasicStmnt CovItemId="S114" CovItemPrefix="cabra.Themes.java" Intrnl_Id="2233">
<LocList>
<Loc EndOffset="15590" SrcFileId="18" StartOffset="15572"/>
</LocList>
</BasicStmnt>
</StmntSeq>
</Branch>
<Branch CovItemId="B12" CovItemPrefix="cabra.Themes.java" Implct="true" Intrnl_Id="2234">
<Cond/>
<LocList/>
<StmntSeq Intrnl_Id="2235">
<LocList/>
</StmntSeq>
</Branch>
<Keyword EndOffset="15529" SrcFileId="18" StartOffset="15527"/>
<LocList>
<Loc EndOffset="15604" SrcFileId="18" StartOffset="15527"/>
</LocList>
<RootTerm CovItemId="C8" CovItemPrefix="cabra.Themes.java" Intrnl_Id="2236">
<BasicBoolTerm Intrnl_Id="2237">
<LocList>
<Loc EndOffset="15553" SrcFileId="18" StartOffset="15530"/>
</LocList>
</BasicBoolTerm>
</RootTerm>
</CondStmnt>
</StmntSeq>
<Keyword EndOffset="15481" SrcFileId="18" StartOffset="15478"/>
<LocList>
<Loc EndOffset="15614" SrcFileId="18" StartOffset="15478"/>
</LocList>
</LoopStmnt>
<BasicStmnt CovItemId="S115" CovItemPrefix="cabra.Themes.java" Intrnl_Id="2238">
<LocList>
<Loc EndOffset="15646" SrcFileId="18" StartOffset="15632"/>
</LocList>
</BasicStmnt>
</StmntSeq>
</HierarchyLvl>
<HierarchyLvl HierarchyLvlId="1238" HierarchyLvlTypeId="67" Intrnl_Id="2239" Name="getAvailableThemes">
<Header>
<Loc EndOffset="15856" SrcFileId="18" StartOffset="15804"/>
</Header>
<LocList>
<Loc EndOffset="16089" SrcFileId="18" StartOffset="15804"/>
</LocList>
<StmntSeq Intrnl_Id="2240">
<LocList>
<Loc EndOffset="15917" SrcFileId="18" StartOffset="15866"/>
<Loc EndOffset="16051" SrcFileId="18" StartOffset="15935"/>
<Loc EndOffset="16083" SrcFileId="18" StartOffset="16069"/>
</LocList>
<BasicStmnt CovItemId="S116" CovItemPrefix="cabra.Themes.java" Intrnl_Id="2241">
<LocList>
<Loc EndOffset="15917" SrcFileId="18" StartOffset="15866"/>
</LocList>
</BasicStmnt>
<LoopStmnt CovItemId="S117" CovItemPrefix="cabra.Themes.java" Intrnl_Id="2242" MltplExecId="L4-2" MltplExecPrefix="cabra.Themes.java" NvrExecId="L4-0" NvrExecPrefix="cabra.Themes.java" OnceExecutedId="L4-1" OnceExecutedPrefix="cabra.Themes.java" OptBodyExec="true">
<StmntSeq Intrnl_Id="2243">
<LocList>
<Loc EndOffset="16041" SrcFileId="18" StartOffset="15984"/>
</LocList>
<CondStmnt CovItemId="S118" CovItemPrefix="cabra.Themes.java" Intrnl_Id="2244">
<Branch CovItemId="B13" CovItemPrefix="cabra.Themes.java" Implct="false" Intrnl_Id="2245">
<Cond/>
<LocList>
<Loc EndOffset="16041" SrcFileId="18" StartOffset="16023"/>
</LocList>
<StmntSeq Intrnl_Id="2246">
<LocList>
<Loc EndOffset="16041" SrcFileId="18" StartOffset="16023"/>
</LocList>
<BasicStmnt CovItemId="S119" CovItemPrefix="cabra.Themes.java" Intrnl_Id="2247">
<LocList>
<Loc EndOffset="16041" SrcFileId="18" StartOffset="16023"/>
</LocList>
</BasicStmnt>
</StmntSeq>
</Branch>
<Branch CovItemId="B14" CovItemPrefix="cabra.Themes.java" Implct="true" Intrnl_Id="2248">
<Cond/>
<LocList/>
<StmntSeq Intrnl_Id="2249">
<LocList/>
</StmntSeq>
</Branch>
<Keyword EndOffset="15986" SrcFileId="18" StartOffset="15984"/>
<LocList>
<Loc EndOffset="16041" SrcFileId="18" StartOffset="15984"/>
</LocList>
<RootTerm CovItemId="C9" CovItemPrefix="cabra.Themes.java" Intrnl_Id="2250">
<BasicBoolTerm Intrnl_Id="2251">
<LocList>
<Loc EndOffset="16005" SrcFileId="18" StartOffset="15987"/>
</LocList>
</BasicBoolTerm>
</RootTerm>
</CondStmnt>
</StmntSeq>
<Keyword EndOffset="15938" SrcFileId="18" StartOffset="15935"/>
<LocList>
<Loc EndOffset="16051" SrcFileId="18" StartOffset="15935"/>
</LocList>
</LoopStmnt>
<BasicStmnt CovItemId="S120" CovItemPrefix="cabra.Themes.java" Intrnl_Id="2252">
<LocList>
<Loc EndOffset="16083" SrcFileId="18" StartOffset="16069"/>
</LocList>
</BasicStmnt>
</StmntSeq>
</HierarchyLvl>
<HierarchyLvl HierarchyLvlId="1239" HierarchyLvlTypeId="67" Intrnl_Id="2253" Name="getAllThemes">
<Header>
<Loc EndOffset="16145" SrcFileId="18" StartOffset="16099"/>
</Header>
<LocList>
<Loc EndOffset="16290" SrcFileId="18" StartOffset="16099"/>
</LocList>
<StmntSeq Intrnl_Id="2254">
<LocList>
<Loc EndOffset="16206" SrcFileId="18" StartOffset="16155"/>
<Loc EndOffset="16261" SrcFileId="18" StartOffset="16215"/>
<Loc EndOffset="16284" SrcFileId="18" StartOffset="16270"/>
</LocList>
<BasicStmnt CovItemId="S121" CovItemPrefix="cabra.Themes.java" Intrnl_Id="2255">
<LocList>
<Loc EndOffset="16206" SrcFileId="18" StartOffset="16155"/>
</LocList>
</BasicStmnt>
<BasicStmnt CovItemId="S122" CovItemPrefix="cabra.Themes.java" Intrnl_Id="2256">
<LocList>
<Loc EndOffset="16261" SrcFileId="18" StartOffset="16215"/>
</LocList>
</BasicStmnt>
<BasicStmnt CovItemId="S123" CovItemPrefix="cabra.Themes.java" Intrnl_Id="2257">
<LocList>
<Loc EndOffset="16284" SrcFileId="18" StartOffset="16270"/>
</LocList>
</BasicStmnt>
</StmntSeq>
</HierarchyLvl>
<HierarchyLvl HierarchyLvlId="1240" HierarchyLvlTypeId="67" Intrnl_Id="2258" Name="getThemeByName">
<Header>
<Loc EndOffset="16537" SrcFileId="18" StartOffset="16486"/>
</Header>
<LocList>
<Loc EndOffset="17037" SrcFileId="18" StartOffset="16486"/>
</LocList>
<StmntSeq Intrnl_Id="2259">
<LocList>
<Loc EndOffset="16653" SrcFileId="18" StartOffset="16617"/>
<Loc EndOffset="16791" SrcFileId="18" StartOffset="16746"/>
<Loc EndOffset="17031" SrcFileId="18" StartOffset="16600"/>
</LocList>
<BasicStmnt CovItemId="S125" CovItemPrefix="cabra.Themes.java" Intrnl_Id="2260">
<LocList>
<Loc EndOffset="16653" SrcFileId="18" StartOffset="16617"/>
</LocList>
</BasicStmnt>
<BasicStmnt CovItemId="S126" CovItemPrefix="cabra.Themes.java" Intrnl_Id="2261">
<LocList>
<Loc EndOffset="16791" SrcFileId="18" StartOffset="16746"/>
</LocList>
</BasicStmnt>
<CondStmnt CovItemId="S124" CovItemPrefix="cabra.Themes.java" Intrnl_Id="2262">
<Branch CovItemId="B15" CovItemPrefix="cabra.Themes.java" Implct="true" Intrnl_Id="2263">
<Cond/>
<LocList/>
<StmntSeq Intrnl_Id="2264">
<LocList/>
</StmntSeq>
</Branch>
<Branch CovItemId="B16" CovItemPrefix="cabra.Themes.java" Implct="false" Intrnl_Id="2265">
<Cond>
<Loc EndOffset="16918" SrcFileId="18" StartOffset="16885"/>
</Cond>
<LocList>
<Loc EndOffset="17031" SrcFileId="18" StartOffset="16918"/>
</LocList>
<StmntSeq Intrnl_Id="2266">
<LocList>
<Loc EndOffset="17021" SrcFileId="18" StartOffset="16999"/>
</LocList>
<BasicStmnt CovItemId="S127" CovItemPrefix="cabra.Themes.java" Intrnl_Id="2267">
<LocList>
<Loc EndOffset="17021" SrcFileId="18" StartOffset="16999"/>
</LocList>
</BasicStmnt>
</StmntSeq>
</Branch>
<Keyword EndOffset="16603" SrcFileId="18" StartOffset="16600"/>
<LocList>
<Loc EndOffset="17031" SrcFileId="18" StartOffset="16600"/>
</LocList>
</CondStmnt>
</StmntSeq>
</HierarchyLvl>
</HierarchyLvl>
<HierarchyLvl HierarchyLvlId="1255" HierarchyLvlTypeId="66" Intrnl_Id="2268" Name="TabPane">
<Header>
<Loc EndOffset="280" SrcFileId="20" StartOffset="240"/>
</Header>
<LocList>
<Loc EndOffset="5219" SrcFileId="20" StartOffset="240"/>
</LocList>
<StmntSeq Intrnl_Id="2269">
<LocList>
<Loc EndOffset="832" SrcFileId="20" StartOffset="795"/>
<Loc EndOffset="885" SrcFileId="20" StartOffset="837"/>
</LocList>
<BasicStmnt CovItemId="S1" CovItemPrefix="cabra.TabPane.java" Intrnl_Id="2270">
<LocList>
<Loc EndOffset="832" SrcFileId="20" StartOffset="795"/>
</LocList>
</BasicStmnt>
<BasicStmnt CovItemId="S2" CovItemPrefix="cabra.TabPane.java" Intrnl_Id="2271">
<LocList>
<Loc EndOffset="885" SrcFileId="20" StartOffset="837"/>
</LocList>
</BasicStmnt>
</StmntSeq>
<HierarchyLvl HierarchyLvlId="1242" HierarchyLvlTypeId="67" Intrnl_Id="2272" Name="TabPane">
<Header>
<Loc EndOffset="968" SrcFileId="20" StartOffset="895"/>
</Header>
<LocList>
<Loc EndOffset="1440" SrcFileId="20" StartOffset="895"/>
</LocList>
<StmntSeq Intrnl_Id="2273">
<LocList>
<Loc EndOffset="1007" SrcFileId="20" StartOffset="978"/>
<Loc EndOffset="1041" SrcFileId="20" StartOffset="1016"/>
<Loc EndOffset="1163" SrcFileId="20" StartOffset="1114"/>
<Loc EndOffset="1230" SrcFileId="20" StartOffset="1172"/>
<Loc EndOffset="1308" SrcFileId="20" StartOffset="1243"/>
<Loc EndOffset="1376" SrcFileId="20" StartOffset="1325"/>
<Loc EndOffset="1434" SrcFileId="20" StartOffset="1385"/>
</LocList>
<BasicStmnt CovItemId="S3" CovItemPrefix="cabra.TabPane.java" Intrnl_Id="2274">
<LocList>
<Loc EndOffset="1007" SrcFileId="20" StartOffset="978"/>
</LocList>
</BasicStmnt>
<BasicStmnt CovItemId="S4" CovItemPrefix="cabra.TabPane.java" Intrnl_Id="2275">
<LocList>
<Loc EndOffset="1041" SrcFileId="20" StartOffset="1016"/>
</LocList>
</BasicStmnt>
<BasicStmnt CovItemId="S5" CovItemPrefix="cabra.TabPane.java" Intrnl_Id="2276">
<LocList>
<Loc EndOffset="1163" SrcFileId="20" StartOffset="1114"/>
</LocList>
</BasicStmnt>
<BasicStmnt CovItemId="S6" CovItemPrefix="cabra.TabPane.java" Intrnl_Id="2277">
<LocList>
<Loc EndOffset="1230" SrcFileId="20" StartOffset="1172"/>
</LocList>
</BasicStmnt>
<BasicStmnt CovItemId="S7" CovItemPrefix="cabra.TabPane.java" Intrnl_Id="2278">
<LocList>
<Loc EndOffset="1308" SrcFileId="20" StartOffset="1243"/>
</LocList>
</BasicStmnt>
<BasicStmnt CovItemId="S8" CovItemPrefix="cabra.TabPane.java" Intrnl_Id="2279">
<LocList>
<Loc EndOffset="1376" SrcFileId="20" StartOffset="1325"/>
</LocList>
</BasicStmnt>
<BasicStmnt CovItemId="S9" CovItemPrefix="cabra.TabPane.java" Intrnl_Id="2280">
<LocList>
<Loc EndOffset="1434" SrcFileId="20" StartOffset="1385"/>
</LocList>
</BasicStmnt>
</StmntSeq>
</HierarchyLvl>
<HierarchyLvl HierarchyLvlId="1243" HierarchyLvlTypeId="67" Intrnl_Id="2281" Name="createPanel">
<Header>
<Loc EndOffset="1475" SrcFileId="20" StartOffset="1450"/>
</Header>
<LocList>
<Loc EndOffset="1665" SrcFileId="20" StartOffset="1450"/>
</LocList>
<StmntSeq Intrnl_Id="2282">
<LocList>
<Loc EndOffset="1571" SrcFileId="20" StartOffset="1546"/>
<Loc EndOffset="1599" SrcFileId="20" StartOffset="1589"/>
<Loc EndOffset="1659" SrcFileId="20" StartOffset="1617"/>
</LocList>
<BasicStmnt CovItemId="S10" CovItemPrefix="cabra.TabPane.java" Intrnl_Id="2283">
<LocList>
<Loc EndOffset="1571" SrcFileId="20" StartOffset="1546"/>
</LocList>
</BasicStmnt>
<BasicStmnt CovItemId="S11" CovItemPrefix="cabra.TabPane.java" Intrnl_Id="2284">
<LocList>
<Loc EndOffset="1599" SrcFileId="20" StartOffset="1589"/>
</LocList>
</BasicStmnt>
<BasicStmnt CovItemId="S12" CovItemPrefix="cabra.TabPane.java" Intrnl_Id="2285">
<LocList>
<Loc EndOffset="1659" SrcFileId="20" StartOffset="1617"/>
</LocList>
</BasicStmnt>
</StmntSeq>
</HierarchyLvl>
<HierarchyLvl HierarchyLvlId="1244" HierarchyLvlTypeId="67" Intrnl_Id="2286" Name="addTabs">
<Header>
<Loc EndOffset="1697" SrcFileId="20" StartOffset="1675"/>
</Header>
<LocList>
<Loc EndOffset="2262" SrcFileId="20" StartOffset="1675"/>
</LocList>
<StmntSeq Intrnl_Id="2287">
<LocList>
<Loc EndOffset="1836" SrcFileId="20" StartOffset="1762"/>
<Loc EndOffset="2058" SrcFileId="20" StartOffset="1949"/>
<Loc EndOffset="2152" SrcFileId="20" StartOffset="2067"/>
<Loc EndOffset="2256" SrcFileId="20" StartOffset="2168"/>
</LocList>
<BasicStmnt CovItemId="S13" CovItemPrefix="cabra.TabPane.java" Intrnl_Id="2288">
<LocList>
<Loc EndOffset="1836" SrcFileId="20" StartOffset="1762"/>
</LocList>
</BasicStmnt>
<BasicStmnt CovItemId="S14" CovItemPrefix="cabra.TabPane.java" Intrnl_Id="2289">
<LocList>
<Loc EndOffset="2058" SrcFileId="20" StartOffset="1949"/>
</LocList>
</BasicStmnt>
<BasicStmnt CovItemId="S15" CovItemPrefix="cabra.TabPane.java" Intrnl_Id="2290">
<LocList>
<Loc EndOffset="2152" SrcFileId="20" StartOffset="2067"/>
</LocList>
</BasicStmnt>
<BasicStmnt CovItemId="S16" CovItemPrefix="cabra.TabPane.java" Intrnl_Id="2291">
<LocList>
<Loc EndOffset="2256" SrcFileId="20" StartOffset="2168"/>
</LocList>
</BasicStmnt>
</StmntSeq>
</HierarchyLvl>
<HierarchyLvl HierarchyLvlId="1245" HierarchyLvlTypeId="67" Intrnl_Id="2292" Name="setActiveTab">
<Header>
<Loc EndOffset="2310" SrcFileId="20" StartOffset="2277"/>
</Header>
<LocList>
<Loc EndOffset="2353" SrcFileId="20" StartOffset="2277"/>
</LocList>
<StmntSeq Intrnl_Id="2293">
<LocList>
<Loc EndOffset="2347" SrcFileId="20" StartOffset="2320"/>
</LocList>
<BasicStmnt CovItemId="S17" CovItemPrefix="cabra.TabPane.java" Intrnl_Id="2294">
<LocList>
<Loc EndOffset="2347" SrcFileId="20" StartOffset="2320"/>
</LocList>
</BasicStmnt>
</StmntSeq>
</HierarchyLvl>
<HierarchyLvl HierarchyLvlId="1246" HierarchyLvlTypeId="67" Intrnl_Id="2295" Name="refresh">
<Header>
<Loc EndOffset="2384" SrcFileId="20" StartOffset="2363"/>
</Header>
<LocList>
<Loc EndOffset="3606" SrcFileId="20" StartOffset="2363"/>
</LocList>
<StmntSeq Intrnl_Id="2296">
<LocList>
<Loc EndOffset="2424" SrcFileId="20" StartOffset="2394"/>
<Loc EndOffset="3443" SrcFileId="20" StartOffset="2433"/>
<Loc EndOffset="3504" SrcFileId="20" StartOffset="3484"/>
<Loc EndOffset="3539" SrcFileId="20" StartOffset="3513"/>
<Loc EndOffset="3570" SrcFileId="20" StartOffset="3548"/>
<Loc EndOffset="3600" SrcFileId="20" StartOffset="3579"/>
</LocList>
<BasicStmnt CovItemId="S18" CovItemPrefix="cabra.TabPane.java" Intrnl_Id="2297">
<LocList>
<Loc EndOffset="2424" SrcFileId="20" StartOffset="2394"/>
</LocList>
</BasicStmnt>
<CondStmnt CovItemId="S19" CovItemPrefix="cabra.TabPane.java" Intrnl_Id="2298">
<Branch CovItemId="B1" CovItemPrefix="cabra.TabPane.java" Implct="false" Intrnl_Id="2299">
<Cond/>
<LocList>
<Loc EndOffset="3154" SrcFileId="20" StartOffset="2474"/>
</LocList>
<StmntSeq Intrnl_Id="2300">
<LocList>
<Loc EndOffset="2559" SrcFileId="20" StartOffset="2547"/>
<Loc EndOffset="2908" SrcFileId="20" StartOffset="2640"/>
<Loc EndOffset="3050" SrcFileId="20" StartOffset="2958"/>
<Loc EndOffset="3124" SrcFileId="20" StartOffset="3103"/>
<Loc EndOffset="3144" SrcFileId="20" StartOffset="3137"/>
</LocList>
<BasicStmnt CovItemId="S20" CovItemPrefix="cabra.TabPane.java" Intrnl_Id="2301">
<LocList>
<Loc EndOffset="2559" SrcFileId="20" StartOffset="2547"/>
</LocList>
</BasicStmnt>
<BasicStmnt CovItemId="S21" CovItemPrefix="cabra.TabPane.java" Intrnl_Id="2302">
<LocList>
<Loc EndOffset="2908" SrcFileId="20" StartOffset="2640"/>
</LocList>
</BasicStmnt>
<BasicStmnt CovItemId="S22" CovItemPrefix="cabra.TabPane.java" Intrnl_Id="2303">
<LocList>
<Loc EndOffset="3050" SrcFileId="20" StartOffset="2958"/>
</LocList>
</BasicStmnt>
<BasicStmnt CovItemId="S23" CovItemPrefix="cabra.TabPane.java" Intrnl_Id="2304">
<LocList>
<Loc EndOffset="3124" SrcFileId="20" StartOffset="3103"/>
</LocList>
</BasicStmnt>
<BasicStmnt CovItemId="S24" CovItemPrefix="cabra.TabPane.java" Intrnl_Id="2305">
<LocList>
<Loc EndOffset="3144" SrcFileId="20" StartOffset="3137"/>
</LocList>
</BasicStmnt>
</StmntSeq>
</Branch>
<Branch CovItemId="B2" CovItemPrefix="cabra.TabPane.java" Implct="false" Intrnl_Id="2306">
<Cond>
<Loc EndOffset="3167" SrcFileId="20" StartOffset="3163"/>
</Cond>
<LocList>
<Loc EndOffset="3443" SrcFileId="20" StartOffset="3168"/>
</LocList>
<StmntSeq Intrnl_Id="2307">
<LocList>
<Loc EndOffset="3443" SrcFileId="20" StartOffset="3168"/>
</LocList>
<CondStmnt CovItemId="S25" CovItemPrefix="cabra.TabPane.java" Intrnl_Id="2308">
<Branch CovItemId="B3" CovItemPrefix="cabra.TabPane.java" Implct="false" Intrnl_Id="2309">
<Cond/>
<LocList>
<Loc EndOffset="3443" SrcFileId="20" StartOffset="3240"/>
</LocList>
<StmntSeq Intrnl_Id="2310">
<LocList>
<Loc EndOffset="3410" SrcFileId="20" StartOffset="3398"/>
<Loc EndOffset="3433" SrcFileId="20" StartOffset="3423"/>
</LocList>
<BasicStmnt CovItemId="S26" CovItemPrefix="cabra.TabPane.java" Intrnl_Id="2311">
<LocList>
<Loc EndOffset="3410" SrcFileId="20" StartOffset="3398"/>
</LocList>
</BasicStmnt>
<BasicStmnt CovItemId="S27" CovItemPrefix="cabra.TabPane.java" Intrnl_Id="2312">
<LocList>
<Loc EndOffset="3433" SrcFileId="20" StartOffset="3423"/>
</LocList>
</BasicStmnt>
</StmntSeq>
</Branch>
<Branch CovItemId="B4" CovItemPrefix="cabra.TabPane.java" Implct="true" Intrnl_Id="2313">
<Cond/>
<LocList/>
<StmntSeq Intrnl_Id="2314">
<LocList/>
</StmntSeq>
</Branch>
<Keyword EndOffset="3170" SrcFileId="20" StartOffset="3168"/>
<LocList>
<Loc EndOffset="3443" SrcFileId="20" StartOffset="3168"/>
</LocList>
<RootTerm CovItemId="C2" CovItemPrefix="cabra.TabPane.java" Intrnl_Id="2315">
<OpTerm BooleanOpId="61" Intrnl_Id="2316">
<BasicBoolTerm Intrnl_Id="2317">
<LocList>
<Loc EndOffset="3208" SrcFileId="20" StartOffset="3171"/>
</LocList>
</BasicBoolTerm>
<BasicBoolTerm Intrnl_Id="2318">
<LocList>
<Loc EndOffset="3239" SrcFileId="20" StartOffset="3212"/>
</LocList>
</BasicBoolTerm>
<LocList>
<Loc EndOffset="3211" SrcFileId="20" StartOffset="3209"/>
</LocList>
</OpTerm>
</RootTerm>
</CondStmnt>
</StmntSeq>
</Branch>
<Keyword EndOffset="2435" SrcFileId="20" StartOffset="2433"/>
<LocList>
<Loc EndOffset="3443" SrcFileId="20" StartOffset="2433"/>
</LocList>
<RootTerm CovItemId="C1" CovItemPrefix="cabra.TabPane.java" Intrnl_Id="2319">
<BasicBoolTerm Intrnl_Id="2320">
<LocList>
<Loc EndOffset="2473" SrcFileId="20" StartOffset="2436"/>
</LocList>
</BasicBoolTerm>
</RootTerm>
</CondStmnt>
<BasicStmnt CovItemId="S28" CovItemPrefix="cabra.TabPane.java" Intrnl_Id="2321">
<LocList>
<Loc EndOffset="3504" SrcFileId="20" StartOffset="3484"/>
</LocList>
</BasicStmnt>
<BasicStmnt CovItemId="S29" CovItemPrefix="cabra.TabPane.java" Intrnl_Id="2322">
<LocList>
<Loc EndOffset="3539" SrcFileId="20" StartOffset="3513"/>
</LocList>
</BasicStmnt>
<BasicStmnt CovItemId="S30" CovItemPrefix="cabra.TabPane.java" Intrnl_Id="2323">
<LocList>
<Loc EndOffset="3570" SrcFileId="20" StartOffset="3548"/>
</LocList>
</BasicStmnt>
<BasicStmnt CovItemId="S31" CovItemPrefix="cabra.TabPane.java" Intrnl_Id="2324">
<LocList>
<Loc EndOffset="3600" SrcFileId="20" StartOffset="3579"/>
</LocList>
</BasicStmnt>
</StmntSeq>
</HierarchyLvl>
<HierarchyLvl HierarchyLvlId="1247" HierarchyLvlTypeId="67" Intrnl_Id="2325" Name="refreshHomePage">
<Header>
<Loc EndOffset="3643" SrcFileId="20" StartOffset="3614"/>
</Header>
<LocList>
<Loc EndOffset="3679" SrcFileId="20" StartOffset="3614"/>
</LocList>
<StmntSeq Intrnl_Id="2326">
<LocList>
<Loc EndOffset="3673" SrcFileId="20" StartOffset="3653"/>
</LocList>
<BasicStmnt CovItemId="S32" CovItemPrefix="cabra.TabPane.java" Intrnl_Id="2327">
<LocList>
<Loc EndOffset="3673" SrcFileId="20" StartOffset="3653"/>
</LocList>
</BasicStmnt>
</StmntSeq>
</HierarchyLvl>
<HierarchyLvl HierarchyLvlId="1248" HierarchyLvlTypeId="67" Intrnl_Id="2328" Name="getActiveProject">
<Header>
<Loc EndOffset="3796" SrcFileId="20" StartOffset="3763"/>
</Header>
<LocList>
<Loc EndOffset="3849" SrcFileId="20" StartOffset="3763"/>
</LocList>
<StmntSeq Intrnl_Id="2329">
<LocList>
<Loc EndOffset="3843" SrcFileId="20" StartOffset="3806"/>
</LocList>
<BasicStmnt CovItemId="S33" CovItemPrefix="cabra.TabPane.java" Intrnl_Id="2330">
<LocList>
<Loc EndOffset="3843" SrcFileId="20" StartOffset="3806"/>
</LocList>
</BasicStmnt>
</StmntSeq>
</HierarchyLvl>
<HierarchyLvl HierarchyLvlId="1249" HierarchyLvlTypeId="67" Intrnl_Id="2331" Name="newActiveProject">
<Header>
<Loc EndOffset="4017" SrcFileId="20" StartOffset="3972"/>
</Header>
<LocList>
<Loc EndOffset="4081" SrcFileId="20" StartOffset="3972"/>
</LocList>
</HierarchyLvl>
<HierarchyLvl HierarchyLvlId="1250" HierarchyLvlTypeId="67" Intrnl_Id="2332" Name="addNote">
<Header>
<Loc EndOffset="4303" SrcFileId="20" StartOffset="4268"/>
</Header>
<LocList>
<Loc EndOffset="4379" SrcFileId="20" StartOffset="4268"/>
</LocList>
<StmntSeq Intrnl_Id="2333">
<LocList>
<Loc EndOffset="4373" SrcFileId="20" StartOffset="4313"/>
</LocList>
<BasicStmnt CovItemId="S34" CovItemPrefix="cabra.TabPane.java" Intrnl_Id="2334">
<LocList>
<Loc EndOffset="4373" SrcFileId="20" StartOffset="4313"/>
</LocList>
</BasicStmnt>
</StmntSeq>
</HierarchyLvl>
<HierarchyLvl HierarchyLvlId="1251" HierarchyLvlTypeId="67" Intrnl_Id="2335" Name="removeNote">
<Header>
<Loc EndOffset="4556" SrcFileId="20" StartOffset="4523"/>
</Header>
<LocList>
<Loc EndOffset="4619" SrcFileId="20" StartOffset="4523"/>
</LocList>
<StmntSeq Intrnl_Id="2336">
<LocList>
<Loc EndOffset="4613" SrcFileId="20" StartOffset="4566"/>
</LocList>
<BasicStmnt CovItemId="S35" CovItemPrefix="cabra.TabPane.java" Intrnl_Id="2337">
<LocList>
<Loc EndOffset="4613" SrcFileId="20" StartOffset="4566"/>
</LocList>
</BasicStmnt>
</StmntSeq>
</HierarchyLvl>
<HierarchyLvl HierarchyLvlId="1252" HierarchyLvlTypeId="67" Intrnl_Id="2338" Name="saveNotes">
<Header>
<Loc EndOffset="4740" SrcFileId="20" StartOffset="4717"/>
</Header>
<LocList>
<Loc EndOffset="4798" SrcFileId="20" StartOffset="4717"/>
</LocList>
<StmntSeq Intrnl_Id="2339">
<LocList>
<Loc EndOffset="4792" SrcFileId="20" StartOffset="4750"/>
</LocList>
<BasicStmnt CovItemId="S36" CovItemPrefix="cabra.TabPane.java" Intrnl_Id="2340">
<LocList>
<Loc EndOffset="4792" SrcFileId="20" StartOffset="4750"/>
</LocList>
</BasicStmnt>
</StmntSeq>
</HierarchyLvl>
<HierarchyLvl HierarchyLvlId="1253" HierarchyLvlTypeId="67" Intrnl_Id="2341" Name="updateNotes">
<Header>
<Loc EndOffset="4904" SrcFileId="20" StartOffset="4879"/>
</Header>
<LocList>
<Loc EndOffset="4999" SrcFileId="20" StartOffset="4879"/>
</LocList>
<StmntSeq Intrnl_Id="2342">
<LocList>
<Loc EndOffset="4993" SrcFileId="20" StartOffset="4967"/>
</LocList>
<BasicStmnt CovItemId="S37" CovItemPrefix="cabra.TabPane.java" Intrnl_Id="2343">
<LocList>
<Loc EndOffset="4993" SrcFileId="20" StartOffset="4967"/>
</LocList>
</BasicStmnt>
</StmntSeq>
</HierarchyLvl>
<HierarchyLvl HierarchyLvlId="1254" HierarchyLvlTypeId="67" Intrnl_Id="2344" Name="removeCard">
<Header>
<Loc EndOffset="5154" SrcFileId="20" StartOffset="5121"/>
</Header>
<LocList>
<Loc EndOffset="5217" SrcFileId="20" StartOffset="5121"/>
</LocList>
<StmntSeq Intrnl_Id="2345">
<LocList>
<Loc EndOffset="5211" SrcFileId="20" StartOffset="5164"/>
</LocList>
<BasicStmnt CovItemId="S38" CovItemPrefix="cabra.TabPane.java" Intrnl_Id="2346">
<LocList>
<Loc EndOffset="5211" SrcFileId="20" StartOffset="5164"/>
</LocList>
</BasicStmnt>
</StmntSeq>
</HierarchyLvl>
</HierarchyLvl>
<HierarchyLvl HierarchyLvlId="1292" HierarchyLvlTypeId="66" Intrnl_Id="2347" Name="StudyPanel">
<Header>
<Loc EndOffset="319" SrcFileId="21" StartOffset="281"/>
</Header>
<LocList>
<Loc EndOffset="13742" SrcFileId="21" StartOffset="281"/>
<Loc EndOffset="14769" SrcFileId="21" StartOffset="14191"/>
<Loc EndOffset="17872" SrcFileId="21" StartOffset="17866"/>
</LocList>
<StmntSeq Intrnl_Id="2348">
<LocList>
<Loc EndOffset="1409" SrcFileId="21" StartOffset="1370"/>
<Loc EndOffset="1454" SrcFileId="21" StartOffset="1414"/>
</LocList>
<BasicStmnt CovItemId="S1" CovItemPrefix="cabra.StudyPanel.java" Intrnl_Id="2349">
<LocList>
<Loc EndOffset="1409" SrcFileId="21" StartOffset="1370"/>
</LocList>
</BasicStmnt>
<BasicStmnt CovItemId="S2" CovItemPrefix="cabra.StudyPanel.java" Intrnl_Id="2350">
<LocList>
<Loc EndOffset="1454" SrcFileId="21" StartOffset="1414"/>
</LocList>
</BasicStmnt>
</StmntSeq>
<HierarchyLvl HierarchyLvlId="1256" HierarchyLvlTypeId="67" Intrnl_Id="2351" Name="StudyPanel">
<Header>
<Loc EndOffset="1528" SrcFileId="21" StartOffset="1464"/>
</Header>
<LocList>
<Loc EndOffset="1894" SrcFileId="21" StartOffset="1464"/>
</LocList>
<StmntSeq Intrnl_Id="2352">
<LocList>
<Loc EndOffset="1561" SrcFileId="21" StartOffset="1538"/>
<Loc EndOffset="1585" SrcFileId="21" StartOffset="1570"/>
<Loc EndOffset="1623" SrcFileId="21" StartOffset="1594"/>
<Loc EndOffset="1658" SrcFileId="21" StartOffset="1633"/>
<Loc EndOffset="1717" SrcFileId="21" StartOffset="1667"/>
<Loc EndOffset="1772" SrcFileId="21" StartOffset="1726"/>
<Loc EndOffset="1808" SrcFileId="21" StartOffset="1782"/>
<Loc EndOffset="1854" SrcFileId="21" StartOffset="1822"/>
</LocList>
<BasicStmnt CovItemId="S3" CovItemPrefix="cabra.StudyPanel.java" Intrnl_Id="2353">
<LocList>
<Loc EndOffset="1561" SrcFileId="21" StartOffset="1538"/>
</LocList>
</BasicStmnt>
<BasicStmnt CovItemId="S4" CovItemPrefix="cabra.StudyPanel.java" Intrnl_Id="2354">
<LocList>
<Loc EndOffset="1585" SrcFileId="21" StartOffset="1570"/>
</LocList>
</BasicStmnt>
<BasicStmnt CovItemId="S5" CovItemPrefix="cabra.StudyPanel.java" Intrnl_Id="2355">
<LocList>
<Loc EndOffset="1623" SrcFileId="21" StartOffset="1594"/>
</LocList>
</BasicStmnt>
<BasicStmnt CovItemId="S6" CovItemPrefix="cabra.StudyPanel.java" Intrnl_Id="2356">
<LocList>
<Loc EndOffset="1658" SrcFileId="21" StartOffset="1633"/>
</LocList>
</BasicStmnt>
<BasicStmnt CovItemId="S7" CovItemPrefix="cabra.StudyPanel.java" Intrnl_Id="2357">
<LocList>
<Loc EndOffset="1717" SrcFileId="21" StartOffset="1667"/>
</LocList>
</BasicStmnt>
<BasicStmnt CovItemId="S8" CovItemPrefix="cabra.StudyPanel.java" Intrnl_Id="2358">
<LocList>
<Loc EndOffset="1772" SrcFileId="21" StartOffset="1726"/>
</LocList>
</BasicStmnt>
<BasicStmnt CovItemId="S9" CovItemPrefix="cabra.StudyPanel.java" Intrnl_Id="2359">
<LocList>
<Loc EndOffset="1808" SrcFileId="21" StartOffset="1782"/>
</LocList>
</BasicStmnt>
<BasicStmnt CovItemId="S10" CovItemPrefix="cabra.StudyPanel.java" Intrnl_Id="2360">
<LocList>
<Loc EndOffset="1854" SrcFileId="21" StartOffset="1822"/>
</LocList>
</BasicStmnt>
</StmntSeq>
</HierarchyLvl>
<HierarchyLvl HierarchyLvlId="1257" HierarchyLvlTypeId="67" Intrnl_Id="2361" Name="start">
<Header>
<Loc EndOffset="2020" SrcFileId="21" StartOffset="2001"/>
</Header>
<LocList>
<Loc EndOffset="2049" SrcFileId="21" StartOffset="2001"/>
</LocList>
<StmntSeq Intrnl_Id="2362">
<LocList>
<Loc EndOffset="2043" SrcFileId="21" StartOffset="2030"/>
</LocList>
<BasicStmnt CovItemId="S11" CovItemPrefix="cabra.StudyPanel.java" Intrnl_Id="2363">
<LocList>
<Loc EndOffset="2043" SrcFileId="21" StartOffset="2030"/>
</LocList>
</BasicStmnt>
</StmntSeq>
</HierarchyLvl>
<HierarchyLvl HierarchyLvlId="1258" HierarchyLvlTypeId="67" Intrnl_Id="2364" Name="createPanel">
<Header>
<Loc EndOffset="2084" SrcFileId="21" StartOffset="2059"/>
</Header>
<LocList>
<Loc EndOffset="2286" SrcFileId="21" StartOffset="2059"/>
</LocList>
<StmntSeq Intrnl_Id="2365">
<LocList>
<Loc EndOffset="2111" SrcFileId="21" StartOffset="2095"/>
</LocList>
<BasicStmnt CovItemId="S12" CovItemPrefix="cabra.StudyPanel.java" Intrnl_Id="2366">
<LocList>
<Loc EndOffset="2111" SrcFileId="21" StartOffset="2095"/>
</LocList>
</BasicStmnt>
</StmntSeq>
</HierarchyLvl>
<HierarchyLvl HierarchyLvlId="1259" HierarchyLvlTypeId="67" Intrnl_Id="2367" Name="addComponents">
<Header>
<Loc EndOffset="2324" SrcFileId="21" StartOffset="2296"/>
</Header>
<LocList>
<Loc EndOffset="3044" SrcFileId="21" StartOffset="2296"/>
</LocList>
<StmntSeq Intrnl_Id="2368">
<LocList>
<Loc EndOffset="2364" SrcFileId="21" StartOffset="2334"/>
<Loc EndOffset="2398" SrcFileId="21" StartOffset="2373"/>
<Loc EndOffset="2433" SrcFileId="21" StartOffset="2408"/>
<Loc EndOffset="2599" SrcFileId="21" StartOffset="2547"/>
<Loc EndOffset="2638" SrcFileId="21" StartOffset="2611"/>
<Loc EndOffset="2679" SrcFileId="21" StartOffset="2650"/>
<Loc EndOffset="2713" SrcFileId="21" StartOffset="2689"/>
<Loc EndOffset="2744" SrcFileId="21" StartOffset="2722"/>
<Loc EndOffset="2800" SrcFileId="21" StartOffset="2764"/>
<Loc EndOffset="2934" SrcFileId="21" StartOffset="2897"/>
<Loc EndOffset="2990" SrcFileId="21" StartOffset="2953"/>
<Loc EndOffset="3018" SrcFileId="21" StartOffset="3008"/>
<Loc EndOffset="3038" SrcFileId="21" StartOffset="3027"/>
</LocList>
<BasicStmnt CovItemId="S13" CovItemPrefix="cabra.StudyPanel.java" Intrnl_Id="2369">
<LocList>
<Loc EndOffset="2364" SrcFileId="21" StartOffset="2334"/>
</LocList>
</BasicStmnt>
<BasicStmnt CovItemId="S14" CovItemPrefix="cabra.StudyPanel.java" Intrnl_Id="2370">
<LocList>
<Loc EndOffset="2398" SrcFileId="21" StartOffset="2373"/>
</LocList>
</BasicStmnt>
<BasicStmnt CovItemId="S15" CovItemPrefix="cabra.StudyPanel.java" Intrnl_Id="2371">
<LocList>
<Loc EndOffset="2433" SrcFileId="21" StartOffset="2408"/>
</LocList>
</BasicStmnt>
<BasicStmnt CovItemId="S16" CovItemPrefix="cabra.StudyPanel.java" Intrnl_Id="2372">
<LocList>
<Loc EndOffset="2599" SrcFileId="21" StartOffset="2547"/>
</LocList>
</BasicStmnt>
<BasicStmnt CovItemId="S17" CovItemPrefix="cabra.StudyPanel.java" Intrnl_Id="2373">
<LocList>
<Loc EndOffset="2638" SrcFileId="21" StartOffset="2611"/>
</LocList>
</BasicStmnt>
<BasicStmnt CovItemId="S18" CovItemPrefix="cabra.StudyPanel.java" Intrnl_Id="2374">
<LocList>
<Loc EndOffset="2679" SrcFileId="21" StartOffset="2650"/>
</LocList>
</BasicStmnt>
<BasicStmnt CovItemId="S19" CovItemPrefix="cabra.StudyPanel.java" Intrnl_Id="2375">
<LocList>
<Loc EndOffset="2713" SrcFileId="21" StartOffset="2689"/>
</LocList>
</BasicStmnt>
<BasicStmnt CovItemId="S20" CovItemPrefix="cabra.StudyPanel.java" Intrnl_Id="2376">
<LocList>
<Loc EndOffset="2744" SrcFileId="21" StartOffset="2722"/>
</LocList>
</BasicStmnt>
<BasicStmnt CovItemId="S21" CovItemPrefix="cabra.StudyPanel.java" Intrnl_Id="2377">
<LocList>
<Loc EndOffset="2800" SrcFileId="21" StartOffset="2764"/>
</LocList>
</BasicStmnt>
<BasicStmnt CovItemId="S22" CovItemPrefix="cabra.StudyPanel.java" Intrnl_Id="2378">
<LocList>
<Loc EndOffset="2934" SrcFileId="21" StartOffset="2897"/>
</LocList>
</BasicStmnt>
<BasicStmnt CovItemId="S23" CovItemPrefix="cabra.StudyPanel.java" Intrnl_Id="2379">
<LocList>
<Loc EndOffset="2990" SrcFileId="21" StartOffset="2953"/>
</LocList>
</BasicStmnt>
<BasicStmnt CovItemId="S24" CovItemPrefix="cabra.StudyPanel.java" Intrnl_Id="2380">
<LocList>
<Loc EndOffset="3018" SrcFileId="21" StartOffset="3008"/>
</LocList>
</BasicStmnt>
<BasicStmnt CovItemId="S25" CovItemPrefix="cabra.StudyPanel.java" Intrnl_Id="2381">
<LocList>
<Loc EndOffset="3038" SrcFileId="21" StartOffset="3027"/>
</LocList>
</BasicStmnt>
</StmntSeq>
</HierarchyLvl>
<HierarchyLvl HierarchyLvlId="1262" HierarchyLvlTypeId="67" Intrnl_Id="2382" Name="createToolbar">
<Header>
<Loc EndOffset="3189" SrcFileId="21" StartOffset="3157"/>
</Header>
<LocList>
<Loc EndOffset="4292" SrcFileId="21" StartOffset="3157"/>
</LocList>
<StmntSeq Intrnl_Id="2383">
<LocList>
<Loc EndOffset="3388" SrcFileId="21" StartOffset="3339"/>
<Loc EndOffset="3421" SrcFileId="21" StartOffset="3397"/>
<Loc EndOffset="3458" SrcFileId="21" StartOffset="3430"/>
<Loc EndOffset="3556" SrcFileId="21" StartOffset="3501"/>
<Loc EndOffset="3618" SrcFileId="21" StartOffset="3569"/>
<Loc EndOffset="3689" SrcFileId="21" StartOffset="3631"/>
<Loc EndOffset="3759" SrcFileId="21" StartOffset="3707"/>
<Loc EndOffset="3800" SrcFileId="21" StartOffset="3777"/>
<Loc EndOffset="4068" SrcFileId="21" StartOffset="4066"/>
<Loc EndOffset="4131" SrcFileId="21" StartOffset="4081"/>
<Loc EndOffset="4170" SrcFileId="21" StartOffset="4153"/>
<Loc EndOffset="4193" SrcFileId="21" StartOffset="4179"/>
<Loc EndOffset="4257" SrcFileId="21" StartOffset="4211"/>
<Loc EndOffset="4286" SrcFileId="21" StartOffset="4275"/>
</LocList>
<BasicStmnt CovItemId="S26" CovItemPrefix="cabra.StudyPanel.java" Intrnl_Id="2384">
<LocList>
<Loc EndOffset="3388" SrcFileId="21" StartOffset="3339"/>
</LocList>
</BasicStmnt>
<BasicStmnt CovItemId="S27" CovItemPrefix="cabra.StudyPanel.java" Intrnl_Id="2385">
<LocList>
<Loc EndOffset="3421" SrcFileId="21" StartOffset="3397"/>
</LocList>
</BasicStmnt>
<BasicStmnt CovItemId="S28" CovItemPrefix="cabra.StudyPanel.java" Intrnl_Id="2386">
<LocList>
<Loc EndOffset="3458" SrcFileId="21" StartOffset="3430"/>
</LocList>
</BasicStmnt>
<BasicStmnt CovItemId="S29" CovItemPrefix="cabra.StudyPanel.java" Intrnl_Id="2387">
<LocList>
<Loc EndOffset="3556" SrcFileId="21" StartOffset="3501"/>
</LocList>
</BasicStmnt>
<BasicStmnt CovItemId="S30" CovItemPrefix="cabra.StudyPanel.java" Intrnl_Id="2388">
<LocList>
<Loc EndOffset="3618" SrcFileId="21" StartOffset="3569"/>
</LocList>
</BasicStmnt>
<BasicStmnt CovItemId="S31" CovItemPrefix="cabra.StudyPanel.java" Intrnl_Id="2389">
<LocList>
<Loc EndOffset="3689" SrcFileId="21" StartOffset="3631"/>
</LocList>
</BasicStmnt>
<BasicStmnt CovItemId="S32" CovItemPrefix="cabra.StudyPanel.java" Intrnl_Id="2390">
<LocList>
<Loc EndOffset="3759" SrcFileId="21" StartOffset="3707"/>
</LocList>
</BasicStmnt>
<BasicStmnt CovItemId="S33" CovItemPrefix="cabra.StudyPanel.java" Intrnl_Id="2391">
<LocList>
<Loc EndOffset="3800" SrcFileId="21" StartOffset="3777"/>
<Loc EndOffset="4068" SrcFileId="21" StartOffset="4066"/>
</LocList>
</BasicStmnt>
<BasicStmnt CovItemId="S36" CovItemPrefix="cabra.StudyPanel.java" Intrnl_Id="2392">
<LocList>
<Loc EndOffset="4131" SrcFileId="21" StartOffset="4081"/>
</LocList>
</BasicStmnt>
<BasicStmnt CovItemId="S37" CovItemPrefix="cabra.StudyPanel.java" Intrnl_Id="2393">
<LocList>
<Loc EndOffset="4170" SrcFileId="21" StartOffset="4153"/>
</LocList>
</BasicStmnt>
<BasicStmnt CovItemId="S38" CovItemPrefix="cabra.StudyPanel.java" Intrnl_Id="2394">
<LocList>
<Loc EndOffset="4193" SrcFileId="21" StartOffset="4179"/>
</LocList>
</BasicStmnt>
<BasicStmnt CovItemId="S39" CovItemPrefix="cabra.StudyPanel.java" Intrnl_Id="2395">
<LocList>
<Loc EndOffset="4257" SrcFileId="21" StartOffset="4211"/>
</LocList>
</BasicStmnt>
<BasicStmnt CovItemId="S40" CovItemPrefix="cabra.StudyPanel.java" Intrnl_Id="2396">
<LocList>
<Loc EndOffset="4286" SrcFileId="21" StartOffset="4275"/>
</LocList>
</BasicStmnt>
</StmntSeq>
<HierarchyLvl HierarchyLvlId="1261" HierarchyLvlTypeId="69" Intrnl_Id="2397" Name="ActionListener">
<Header>
<Loc EndOffset="3820" SrcFileId="21" StartOffset="3804"/>
</Header>
<LocList>
<Loc EndOffset="4066" SrcFileId="21" StartOffset="3800"/>
</LocList>
<HierarchyLvl HierarchyLvlId="1260" HierarchyLvlTypeId="67" Intrnl_Id="2398" Name="actionPerformed">
<Header>
<Loc EndOffset="3880" SrcFileId="21" StartOffset="3838"/>
</Header>
<LocList>
<Loc EndOffset="4052" SrcFileId="21" StartOffset="3838"/>
</LocList>
<StmntSeq Intrnl_Id="2399">
<LocList>
<Loc EndOffset="4034" SrcFileId="21" StartOffset="3902"/>
</LocList>
<CondStmnt CovItemId="S34" CovItemPrefix="cabra.StudyPanel.java" Intrnl_Id="2400">
<Branch CovItemId="B1" CovItemPrefix="cabra.StudyPanel.java" Implct="false" Intrnl_Id="2401">
<Cond/>
<LocList>
<Loc EndOffset="4034" SrcFileId="21" StartOffset="3973"/>
</LocList>
<StmntSeq Intrnl_Id="2402">
<LocList>
<Loc EndOffset="4012" SrcFileId="21" StartOffset="3999"/>
</LocList>
<BasicStmnt CovItemId="S35" CovItemPrefix="cabra.StudyPanel.java" Intrnl_Id="2403">
<LocList>
<Loc EndOffset="4012" SrcFileId="21" StartOffset="3999"/>
</LocList>
</BasicStmnt>
</StmntSeq>
</Branch>
<Branch CovItemId="B2" CovItemPrefix="cabra.StudyPanel.java" Implct="true" Intrnl_Id="2404">
<Cond/>
<LocList/>
<StmntSeq Intrnl_Id="2405">
<LocList/>
</StmntSeq>
</Branch>
<Keyword EndOffset="3904" SrcFileId="21" StartOffset="3902"/>
<LocList>
<Loc EndOffset="4034" SrcFileId="21" StartOffset="3902"/>
</LocList>
<RootTerm CovItemId="C1" CovItemPrefix="cabra.StudyPanel.java" Intrnl_Id="2406">
<BasicBoolTerm Intrnl_Id="2407">
<LocList>
<Loc EndOffset="3972" SrcFileId="21" StartOffset="3905"/>
</LocList>
</BasicBoolTerm>
</RootTerm>
</CondStmnt>
</StmntSeq>
</HierarchyLvl>
</HierarchyLvl>
</HierarchyLvl>
<HierarchyLvl HierarchyLvlId="1263" HierarchyLvlTypeId="67" Intrnl_Id="2408" Name="nextCard">
<Header>
<Loc EndOffset="4870" SrcFileId="21" StartOffset="4847"/>
</Header>
<LocList>
<Loc EndOffset="5137" SrcFileId="21" StartOffset="4847"/>
</LocList>
<StmntSeq Intrnl_Id="2409">
<LocList>
<Loc EndOffset="4950" SrcFileId="21" StartOffset="4913"/>
<Loc EndOffset="5096" SrcFileId="21" StartOffset="4960"/>
<Loc EndOffset="5115" SrcFileId="21" StartOffset="5106"/>
</LocList>
<BasicStmnt CovItemId="S41" CovItemPrefix="cabra.StudyPanel.java" Intrnl_Id="2410">
<LocList>
<Loc EndOffset="4950" SrcFileId="21" StartOffset="4913"/>
</LocList>
</BasicStmnt>
<CondStmnt CovItemId="S42" CovItemPrefix="cabra.StudyPanel.java" Intrnl_Id="2411">
<Branch CovItemId="B3" CovItemPrefix="cabra.StudyPanel.java" Implct="false" Intrnl_Id="2412">
<Cond/>
<LocList>
<Loc EndOffset="5096" SrcFileId="21" StartOffset="4983"/>
</LocList>
<StmntSeq Intrnl_Id="2413">
<LocList>
<Loc EndOffset="5041" SrcFileId="21" StartOffset="5028"/>
<Loc EndOffset="5086" SrcFileId="21" StartOffset="5079"/>
</LocList>
<BasicStmnt CovItemId="S43" CovItemPrefix="cabra.StudyPanel.java" Intrnl_Id="2414">
<LocList>
<Loc EndOffset="5041" SrcFileId="21" StartOffset="5028"/>
</LocList>
</BasicStmnt>
<BasicStmnt CovItemId="S44" CovItemPrefix="cabra.StudyPanel.java" Intrnl_Id="2415">
<LocList>
<Loc EndOffset="5086" SrcFileId="21" StartOffset="5079"/>
</LocList>
</BasicStmnt>
</StmntSeq>
</Branch>
<Branch CovItemId="B4" CovItemPrefix="cabra.StudyPanel.java" Implct="true" Intrnl_Id="2416">
<Cond/>
<LocList/>
<StmntSeq Intrnl_Id="2417">
<LocList/>
</StmntSeq>
</Branch>
<Keyword EndOffset="4962" SrcFileId="21" StartOffset="4960"/>
<LocList>
<Loc EndOffset="5096" SrcFileId="21" StartOffset="4960"/>
</LocList>
<RootTerm CovItemId="C2" CovItemPrefix="cabra.StudyPanel.java" Intrnl_Id="2418">
<BasicBoolTerm Intrnl_Id="2419">
<LocList>
<Loc EndOffset="4982" SrcFileId="21" StartOffset="4963"/>
</LocList>
</BasicBoolTerm>
</RootTerm>
</CondStmnt>
<BasicStmnt CovItemId="S45" CovItemPrefix="cabra.StudyPanel.java" Intrnl_Id="2420">
<LocList>
<Loc EndOffset="5115" SrcFileId="21" StartOffset="5106"/>
</LocList>
</BasicStmnt>
</StmntSeq>
</HierarchyLvl>
<HierarchyLvl HierarchyLvlId="1264" HierarchyLvlTypeId="67" Intrnl_Id="2421" Name="reload">
<Header>
<Loc EndOffset="5234" SrcFileId="21" StartOffset="5213"/>
</Header>
<LocList>
<Loc EndOffset="6279" SrcFileId="21" StartOffset="5213"/>
</LocList>
<StmntSeq Intrnl_Id="2422">
<LocList>
<Loc EndOffset="6273" SrcFileId="21" StartOffset="5244"/>
</LocList>
<CondStmnt CovItemId="S46" CovItemPrefix="cabra.StudyPanel.java" Intrnl_Id="2423">
<Branch CovItemId="B5" CovItemPrefix="cabra.StudyPanel.java" Implct="false" Intrnl_Id="2424">
<Cond/>
<LocList>
<Loc EndOffset="5369" SrcFileId="21" StartOffset="5297"/>
</LocList>
<StmntSeq Intrnl_Id="2425">
<LocList>
<Loc EndOffset="5359" SrcFileId="21" StartOffset="5346"/>
</LocList>
<BasicStmnt CovItemId="S47" CovItemPrefix="cabra.StudyPanel.java" Intrnl_Id="2426">
<LocList>
<Loc EndOffset="5359" SrcFileId="21" StartOffset="5346"/>
</LocList>
</BasicStmnt>
</StmntSeq>
</Branch>
<Branch CovItemId="B6" CovItemPrefix="cabra.StudyPanel.java" Implct="false" Intrnl_Id="2427">
<Cond>
<Loc EndOffset="5382" SrcFileId="21" StartOffset="5378"/>
</Cond>
<LocList>
<Loc EndOffset="6273" SrcFileId="21" StartOffset="5383"/>
</LocList>
<StmntSeq Intrnl_Id="2428">
<LocList>
<Loc EndOffset="6273" SrcFileId="21" StartOffset="5383"/>
</LocList>
<CondStmnt CovItemId="S48" CovItemPrefix="cabra.StudyPanel.java" Intrnl_Id="2429">
<Branch CovItemId="B7" CovItemPrefix="cabra.StudyPanel.java" Implct="false" Intrnl_Id="2430">
<Cond/>
<LocList>
<Loc EndOffset="6123" SrcFileId="21" StartOffset="5406"/>
</LocList>
<StmntSeq Intrnl_Id="2431">
<LocList>
<Loc EndOffset="5555" SrcFileId="21" StartOffset="5515"/>
<Loc EndOffset="5651" SrcFileId="21" StartOffset="5622"/>
<Loc EndOffset="5691" SrcFileId="21" StartOffset="5664"/>
<Loc EndOffset="5751" SrcFileId="21" StartOffset="5729"/>
<Loc EndOffset="5790" SrcFileId="21" StartOffset="5765"/>
<Loc EndOffset="5825" SrcFileId="21" StartOffset="5805"/>
<Loc EndOffset="5995" SrcFileId="21" StartOffset="5918"/>
<Loc EndOffset="6031" SrcFileId="21" StartOffset="6021"/>
<Loc EndOffset="6066" SrcFileId="21" StartOffset="6055"/>
<Loc EndOffset="6113" SrcFileId="21" StartOffset="6093"/>
</LocList>
<BasicStmnt CovItemId="S49" CovItemPrefix="cabra.StudyPanel.java" Intrnl_Id="2432">
<LocList>
<Loc EndOffset="5555" SrcFileId="21" StartOffset="5515"/>
</LocList>
</BasicStmnt>
<BasicStmnt CovItemId="S50" CovItemPrefix="cabra.StudyPanel.java" Intrnl_Id="2433">
<LocList>
<Loc EndOffset="5651" SrcFileId="21" StartOffset="5622"/>
</LocList>
</BasicStmnt>
<BasicStmnt CovItemId="S51" CovItemPrefix="cabra.StudyPanel.java" Intrnl_Id="2434">
<LocList>
<Loc EndOffset="5691" SrcFileId="21" StartOffset="5664"/>
</LocList>
</BasicStmnt>
<BasicStmnt CovItemId="S52" CovItemPrefix="cabra.StudyPanel.java" Intrnl_Id="2435">
<LocList>
<Loc EndOffset="5751" SrcFileId="21" StartOffset="5729"/>
</LocList>
</BasicStmnt>
<BasicStmnt CovItemId="S53" CovItemPrefix="cabra.StudyPanel.java" Intrnl_Id="2436">
<LocList>
<Loc EndOffset="5790" SrcFileId="21" StartOffset="5765"/>
</LocList>
</BasicStmnt>
<BasicStmnt CovItemId="S54" CovItemPrefix="cabra.StudyPanel.java" Intrnl_Id="2437">
<LocList>
<Loc EndOffset="5825" SrcFileId="21" StartOffset="5805"/>
</LocList>
</BasicStmnt>
<CondStmnt CovItemId="S55" CovItemPrefix="cabra.StudyPanel.java" Intrnl_Id="2438">
<Branch CovItemId="B9" CovItemPrefix="cabra.StudyPanel.java" Implct="false" Intrnl_Id="2439">
<Cond/>
<LocList>
<Loc EndOffset="5995" SrcFileId="21" StartOffset="5967"/>
</LocList>
<StmntSeq Intrnl_Id="2440">
<LocList>
<Loc EndOffset="5995" SrcFileId="21" StartOffset="5967"/>
</LocList>
<BasicStmnt CovItemId="S56" CovItemPrefix="cabra.StudyPanel.java" Intrnl_Id="2441">
<LocList>
<Loc EndOffset="5995" SrcFileId="21" StartOffset="5967"/>
</LocList>
</BasicStmnt>
</StmntSeq>
</Branch>
<Branch CovItemId="B10" CovItemPrefix="cabra.StudyPanel.java" Implct="true" Intrnl_Id="2442">
<Cond/>
<LocList/>
<StmntSeq Intrnl_Id="2443">
<LocList/>
</StmntSeq>
</Branch>
<Keyword EndOffset="5920" SrcFileId="21" StartOffset="5918"/>
<LocList>
<Loc EndOffset="5995" SrcFileId="21" StartOffset="5918"/>
</LocList>
<RootTerm CovItemId="C5" CovItemPrefix="cabra.StudyPanel.java" Intrnl_Id="2444">
<BasicBoolTerm Intrnl_Id="2445">
<LocList>
<Loc EndOffset="5949" SrcFileId="21" StartOffset="5921"/>
</LocList>
</BasicBoolTerm>
</RootTerm>
</CondStmnt>
<BasicStmnt CovItemId="S57" CovItemPrefix="cabra.StudyPanel.java" Intrnl_Id="2446">
<LocList>
<Loc EndOffset="6031" SrcFileId="21" StartOffset="6021"/>
</LocList>
</BasicStmnt>
<BasicStmnt CovItemId="S58" CovItemPrefix="cabra.StudyPanel.java" Intrnl_Id="2447">
<LocList>
<Loc EndOffset="6066" SrcFileId="21" StartOffset="6055"/>
</LocList>
</BasicStmnt>
<BasicStmnt CovItemId="S59" CovItemPrefix="cabra.StudyPanel.java" Intrnl_Id="2448">
<LocList>
<Loc EndOffset="6113" SrcFileId="21" StartOffset="6093"/>
</LocList>
</BasicStmnt>
</StmntSeq>
</Branch>
<Branch CovItemId="B8" CovItemPrefix="cabra.StudyPanel.java" Implct="false" Intrnl_Id="2449">
<Cond>
<Loc EndOffset="6136" SrcFileId="21" StartOffset="6132"/>
</Cond>
<LocList>
<Loc EndOffset="6273" SrcFileId="21" StartOffset="6137"/>
</LocList>
<StmntSeq Intrnl_Id="2450">
<LocList>
<Loc EndOffset="6273" SrcFileId="21" StartOffset="6137"/>
</LocList>
<CondStmnt CovItemId="S60" CovItemPrefix="cabra.StudyPanel.java" Intrnl_Id="2451">
<Branch CovItemId="B11" CovItemPrefix="cabra.StudyPanel.java" Implct="false" Intrnl_Id="2452">
<Cond/>
<LocList>
<Loc EndOffset="6273" SrcFileId="21" StartOffset="6172"/>
</LocList>
<StmntSeq Intrnl_Id="2453">
<LocList>
<Loc EndOffset="6263" SrcFileId="21" StartOffset="6252"/>
</LocList>
<BasicStmnt CovItemId="S61" CovItemPrefix="cabra.StudyPanel.java" Intrnl_Id="2454">
<LocList>
<Loc EndOffset="6263" SrcFileId="21" StartOffset="6252"/>
</LocList>
</BasicStmnt>
</StmntSeq>
</Branch>
<Branch CovItemId="B12" CovItemPrefix="cabra.StudyPanel.java" Implct="true" Intrnl_Id="2455">
<Cond/>
<LocList/>
<StmntSeq Intrnl_Id="2456">
<LocList/>
</StmntSeq>
</Branch>
<Keyword EndOffset="6139" SrcFileId="21" StartOffset="6137"/>
<LocList>
<Loc EndOffset="6273" SrcFileId="21" StartOffset="6137"/>
</LocList>
<RootTerm CovItemId="C6" CovItemPrefix="cabra.StudyPanel.java" Intrnl_Id="2457">
<BasicBoolTerm Intrnl_Id="2458">
<LocList>
<Loc EndOffset="6171" SrcFileId="21" StartOffset="6140"/>
</LocList>
</BasicBoolTerm>
</RootTerm>
</CondStmnt>
</StmntSeq>
</Branch>
<Keyword EndOffset="5385" SrcFileId="21" StartOffset="5383"/>
<LocList>
<Loc EndOffset="6273" SrcFileId="21" StartOffset="5383"/>
</LocList>
<RootTerm CovItemId="C4" CovItemPrefix="cabra.StudyPanel.java" Intrnl_Id="2459">
<BasicBoolTerm Intrnl_Id="2460">
<LocList>
<Loc EndOffset="5405" SrcFileId="21" StartOffset="5386"/>
</LocList>
</BasicBoolTerm>
</RootTerm>
</CondStmnt>
</StmntSeq>
</Branch>
<Keyword EndOffset="5246" SrcFileId="21" StartOffset="5244"/>
<LocList>
<Loc EndOffset="6273" SrcFileId="21" StartOffset="5244"/>
</LocList>
<RootTerm CovItemId="C3" CovItemPrefix="cabra.StudyPanel.java" Intrnl_Id="2461">
<OpTerm BooleanOpId="61" Intrnl_Id="2462">
<BasicBoolTerm Intrnl_Id="2463">
<LocList>
<Loc EndOffset="5267" SrcFileId="21" StartOffset="5247"/>
</LocList>
</BasicBoolTerm>
<BasicBoolTerm Intrnl_Id="2464">
<LocList>
<Loc EndOffset="5296" SrcFileId="21" StartOffset="5271"/>
</LocList>
</BasicBoolTerm>
<LocList>
<Loc EndOffset="5270" SrcFileId="21" StartOffset="5268"/>
</LocList>
</OpTerm>
</RootTerm>
</CondStmnt>
</StmntSeq>
</HierarchyLvl>
<HierarchyLvl HierarchyLvlId="1265" HierarchyLvlTypeId="67" Intrnl_Id="2465" Name="validate">
<Header>
<Loc EndOffset="6325" SrcFileId="21" StartOffset="6289"/>
</Header>
<LocList>
<Loc EndOffset="6387" SrcFileId="21" StartOffset="6289"/>
</LocList>
<StmntSeq Intrnl_Id="2466">
<LocList>
<Loc EndOffset="6355" SrcFileId="21" StartOffset="6335"/>
<Loc EndOffset="6381" SrcFileId="21" StartOffset="6364"/>
</LocList>
<BasicStmnt CovItemId="S62" CovItemPrefix="cabra.StudyPanel.java" Intrnl_Id="2467">
<LocList>
<Loc EndOffset="6355" SrcFileId="21" StartOffset="6335"/>
</LocList>
</BasicStmnt>
<BasicStmnt CovItemId="S63" CovItemPrefix="cabra.StudyPanel.java" Intrnl_Id="2468">
<LocList>
<Loc EndOffset="6381" SrcFileId="21" StartOffset="6364"/>
</LocList>
</BasicStmnt>
</StmntSeq>
</HierarchyLvl>
<HierarchyLvl HierarchyLvlId="1266" HierarchyLvlTypeId="67" Intrnl_Id="2469" Name="answerShown">
<Header>
<Loc EndOffset="6523" SrcFileId="21" StartOffset="6498"/>
</Header>
<LocList>
<Loc EndOffset="6707" SrcFileId="21" StartOffset="6498"/>
</LocList>
<StmntSeq Intrnl_Id="2470">
<LocList>
<Loc EndOffset="6616" SrcFileId="21" StartOffset="6591"/>
<Loc EndOffset="6660" SrcFileId="21" StartOffset="6634"/>
<Loc EndOffset="6681" SrcFileId="21" StartOffset="6671"/>
<Loc EndOffset="6701" SrcFileId="21" StartOffset="6690"/>
</LocList>
<BasicStmnt CovItemId="S64" CovItemPrefix="cabra.StudyPanel.java" Intrnl_Id="2471">
<LocList>
<Loc EndOffset="6616" SrcFileId="21" StartOffset="6591"/>
</LocList>
</BasicStmnt>
<BasicStmnt CovItemId="S65" CovItemPrefix="cabra.StudyPanel.java" Intrnl_Id="2472">
<LocList>
<Loc EndOffset="6660" SrcFileId="21" StartOffset="6634"/>
</LocList>
</BasicStmnt>
<BasicStmnt CovItemId="S66" CovItemPrefix="cabra.StudyPanel.java" Intrnl_Id="2473">
<LocList>
<Loc EndOffset="6681" SrcFileId="21" StartOffset="6671"/>
</LocList>
</BasicStmnt>
<BasicStmnt CovItemId="S67" CovItemPrefix="cabra.StudyPanel.java" Intrnl_Id="2474">
<LocList>
<Loc EndOffset="6701" SrcFileId="21" StartOffset="6690"/>
</LocList>
</BasicStmnt>
</StmntSeq>
</HierarchyLvl>
<HierarchyLvl HierarchyLvlId="1267" HierarchyLvlTypeId="67" Intrnl_Id="2475" Name="decideOnLabelUpdate">
<Header>
<Loc EndOffset="6746" SrcFileId="21" StartOffset="6712"/>
</Header>
<LocList>
<Loc EndOffset="7608" SrcFileId="21" StartOffset="6712"/>
</LocList>
<StmntSeq Intrnl_Id="2476">
<LocList>
<Loc EndOffset="6892" SrcFileId="21" StartOffset="6861"/>
<Loc EndOffset="6957" SrcFileId="21" StartOffset="6929"/>
<Loc EndOffset="7029" SrcFileId="21" StartOffset="7005"/>
<Loc EndOffset="7199" SrcFileId="21" StartOffset="7150"/>
<Loc EndOffset="7247" SrcFileId="21" StartOffset="7208"/>
<Loc EndOffset="7305" SrcFileId="21" StartOffset="7256"/>
<Loc EndOffset="7367" SrcFileId="21" StartOffset="7314"/>
<Loc EndOffset="7409" SrcFileId="21" StartOffset="7385"/>
<Loc EndOffset="7593" SrcFileId="21" StartOffset="7418"/>
</LocList>
<BasicStmnt CovItemId="S68" CovItemPrefix="cabra.StudyPanel.java" Intrnl_Id="2477">
<LocList>
<Loc EndOffset="6892" SrcFileId="21" StartOffset="6861"/>
</LocList>
</BasicStmnt>
<BasicStmnt CovItemId="S69" CovItemPrefix="cabra.StudyPanel.java" Intrnl_Id="2478">
<LocList>
<Loc EndOffset="6957" SrcFileId="21" StartOffset="6929"/>
</LocList>
</BasicStmnt>
<BasicStmnt CovItemId="S70" CovItemPrefix="cabra.StudyPanel.java" Intrnl_Id="2479">
<LocList>
<Loc EndOffset="7029" SrcFileId="21" StartOffset="7005"/>
</LocList>
</BasicStmnt>
<BasicStmnt CovItemId="S71" CovItemPrefix="cabra.StudyPanel.java" Intrnl_Id="2480">
<LocList>
<Loc EndOffset="7199" SrcFileId="21" StartOffset="7150"/>
</LocList>
</BasicStmnt>
<BasicStmnt CovItemId="S72" CovItemPrefix="cabra.StudyPanel.java" Intrnl_Id="2481">
<LocList>
<Loc EndOffset="7247" SrcFileId="21" StartOffset="7208"/>
</LocList>
</BasicStmnt>
<BasicStmnt CovItemId="S73" CovItemPrefix="cabra.StudyPanel.java" Intrnl_Id="2482">
<LocList>
<Loc EndOffset="7305" SrcFileId="21" StartOffset="7256"/>
</LocList>
</BasicStmnt>
<BasicStmnt CovItemId="S74" CovItemPrefix="cabra.StudyPanel.java" Intrnl_Id="2483">
<LocList>
<Loc EndOffset="7367" SrcFileId="21" StartOffset="7314"/>
</LocList>
</BasicStmnt>
<BasicStmnt CovItemId="S75" CovItemPrefix="cabra.StudyPanel.java" Intrnl_Id="2484">
<LocList>
<Loc EndOffset="7409" SrcFileId="21" StartOffset="7385"/>
</LocList>
</BasicStmnt>
<CondStmnt CovItemId="S76" CovItemPrefix="cabra.StudyPanel.java" Intrnl_Id="2485">
<Branch CovItemId="B13" CovItemPrefix="cabra.StudyPanel.java" Implct="false" Intrnl_Id="2486">
<Cond/>
<LocList>
<Loc EndOffset="7510" SrcFileId="21" StartOffset="7456"/>
</LocList>
<StmntSeq Intrnl_Id="2487">
<LocList>
<Loc EndOffset="7510" SrcFileId="21" StartOffset="7456"/>
</LocList>
<BasicStmnt CovItemId="S77" CovItemPrefix="cabra.StudyPanel.java" Intrnl_Id="2488">
<LocList>
<Loc EndOffset="7510" SrcFileId="21" StartOffset="7456"/>
</LocList>
</BasicStmnt>
</StmntSeq>
</Branch>
<Branch CovItemId="B14" CovItemPrefix="cabra.StudyPanel.java" Implct="false" Intrnl_Id="2489">
<Cond>
<Loc EndOffset="7556" SrcFileId="21" StartOffset="7552"/>
</Cond>
<LocList>
<Loc EndOffset="7593" SrcFileId="21" StartOffset="7569"/>
</LocList>
<StmntSeq Intrnl_Id="2490">
<LocList>
<Loc EndOffset="7593" SrcFileId="21" StartOffset="7569"/>
</LocList>
<BasicStmnt CovItemId="S78" CovItemPrefix="cabra.StudyPanel.java" Intrnl_Id="2491">
<LocList>
<Loc EndOffset="7593" SrcFileId="21" StartOffset="7569"/>
</LocList>
</BasicStmnt>
</StmntSeq>
</Branch>
<Keyword EndOffset="7420" SrcFileId="21" StartOffset="7418"/>
<LocList>
<Loc EndOffset="7593" SrcFileId="21" StartOffset="7418"/>
</LocList>
<RootTerm CovItemId="C7" CovItemPrefix="cabra.StudyPanel.java" Intrnl_Id="2492">
<BasicBoolTerm Intrnl_Id="2493">
<LocList>
<Loc EndOffset="7442" SrcFileId="21" StartOffset="7421"/>
</LocList>
</BasicBoolTerm>
</RootTerm>
</CondStmnt>
</StmntSeq>
</HierarchyLvl>
<HierarchyLvl HierarchyLvlId="1270" HierarchyLvlTypeId="67" Intrnl_Id="2494" Name="endSession">
<Header>
<Loc EndOffset="8715" SrcFileId="21" StartOffset="8690"/>
</Header>
<LocList>
<Loc EndOffset="10537" SrcFileId="21" StartOffset="8690"/>
</LocList>
<StmntSeq Intrnl_Id="2495">
<LocList>
<Loc EndOffset="10531" SrcFileId="21" StartOffset="8725"/>
</LocList>
<CondStmnt CovItemId="S79" CovItemPrefix="cabra.StudyPanel.java" Intrnl_Id="2496">
<Branch CovItemId="B15" CovItemPrefix="cabra.StudyPanel.java" Implct="false" Intrnl_Id="2497">
<Cond/>
<LocList>
<Loc EndOffset="10531" SrcFileId="21" StartOffset="8749"/>
</LocList>
<StmntSeq Intrnl_Id="2498">
<LocList>
<Loc EndOffset="8851" SrcFileId="21" StartOffset="8829"/>
<Loc EndOffset="8958" SrcFileId="21" StartOffset="8943"/>
<Loc EndOffset="9040" SrcFileId="21" StartOffset="8971"/>
<Loc EndOffset="9138" SrcFileId="21" StartOffset="9088"/>
<Loc EndOffset="9984" SrcFileId="21" StartOffset="9965"/>
<Loc EndOffset="10166" SrcFileId="21" StartOffset="10067"/>
<Loc EndOffset="10205" SrcFileId="21" StartOffset="10179"/>
<Loc EndOffset="10425" SrcFileId="21" StartOffset="10423"/>
<Loc EndOffset="10461" SrcFileId="21" StartOffset="10438"/>
<Loc EndOffset="10498" SrcFileId="21" StartOffset="10487"/>
<Loc EndOffset="10521" SrcFileId="21" StartOffset="10511"/>
</LocList>
<BasicStmnt CovItemId="S80" CovItemPrefix="cabra.StudyPanel.java" Intrnl_Id="2499">
<LocList>
<Loc EndOffset="8851" SrcFileId="21" StartOffset="8829"/>
</LocList>
</BasicStmnt>
<BasicStmnt CovItemId="S81" CovItemPrefix="cabra.StudyPanel.java" Intrnl_Id="2500">
<LocList>
<Loc EndOffset="8958" SrcFileId="21" StartOffset="8943"/>
</LocList>
</BasicStmnt>
<BasicStmnt CovItemId="S82" CovItemPrefix="cabra.StudyPanel.java" Intrnl_Id="2501">
<LocList>
<Loc EndOffset="9040" SrcFileId="21" StartOffset="8971"/>
</LocList>
</BasicStmnt>
<BasicStmnt CovItemId="S83" CovItemPrefix="cabra.StudyPanel.java" Intrnl_Id="2502">
<LocList>
<Loc EndOffset="9138" SrcFileId="21" StartOffset="9088"/>
</LocList>
</BasicStmnt>
<BasicStmnt CovItemId="S84" CovItemPrefix="cabra.StudyPanel.java" Intrnl_Id="2503">
<LocList>
<Loc EndOffset="9984" SrcFileId="21" StartOffset="9965"/>
</LocList>
</BasicStmnt>
<BasicStmnt CovItemId="S85" CovItemPrefix="cabra.StudyPanel.java" Intrnl_Id="2504">
<LocList>
<Loc EndOffset="10166" SrcFileId="21" StartOffset="10067"/>
</LocList>
</BasicStmnt>
<BasicStmnt CovItemId="S86" CovItemPrefix="cabra.StudyPanel.java" Intrnl_Id="2505">
<LocList>
<Loc EndOffset="10205" SrcFileId="21" StartOffset="10179"/>
<Loc EndOffset="10425" SrcFileId="21" StartOffset="10423"/>
</LocList>
</BasicStmnt>
<BasicStmnt CovItemId="S90" CovItemPrefix="cabra.StudyPanel.java" Intrnl_Id="2506">
<LocList>
<Loc EndOffset="10461" SrcFileId="21" StartOffset="10438"/>
</LocList>
</BasicStmnt>
<BasicStmnt CovItemId="S91" CovItemPrefix="cabra.StudyPanel.java" Intrnl_Id="2507">
<LocList>
<Loc EndOffset="10498" SrcFileId="21" StartOffset="10487"/>
</LocList>
</BasicStmnt>
<BasicStmnt CovItemId="S92" CovItemPrefix="cabra.StudyPanel.java" Intrnl_Id="2508">
<LocList>
<Loc EndOffset="10521" SrcFileId="21" StartOffset="10511"/>
</LocList>
</BasicStmnt>
</StmntSeq>
</Branch>
<Branch CovItemId="B16" CovItemPrefix="cabra.StudyPanel.java" Implct="true" Intrnl_Id="2509">
<Cond/>
<LocList/>
<StmntSeq Intrnl_Id="2510">
<LocList/>
</StmntSeq>
</Branch>
<Keyword EndOffset="8727" SrcFileId="21" StartOffset="8725"/>
<LocList>
<Loc EndOffset="10531" SrcFileId="21" StartOffset="8725"/>
</LocList>
<RootTerm CovItemId="C8" CovItemPrefix="cabra.StudyPanel.java" Intrnl_Id="2511">
<BasicBoolTerm Intrnl_Id="2512">
<LocList>
<Loc EndOffset="8748" SrcFileId="21" StartOffset="8728"/>
</LocList>
</BasicBoolTerm>
</RootTerm>
</CondStmnt>
</StmntSeq>
<HierarchyLvl HierarchyLvlId="1269" HierarchyLvlTypeId="69" Intrnl_Id="2513" Name="ActionListener">
<Header>
<Loc EndOffset="10225" SrcFileId="21" StartOffset="10209"/>
</Header>
<LocList>
<Loc EndOffset="10423" SrcFileId="21" StartOffset="10205"/>
</LocList>
<HierarchyLvl HierarchyLvlId="1268" HierarchyLvlTypeId="67" Intrnl_Id="2514" Name="actionPerformed">
<Header>
<Loc EndOffset="10285" SrcFileId="21" StartOffset="10243"/>
</Header>
<LocList>
<Loc EndOffset="10409" SrcFileId="21" StartOffset="10243"/>
</LocList>
<StmntSeq Intrnl_Id="2515">
<LocList>
<Loc EndOffset="10320" SrcFileId="21" StartOffset="10308"/>
<Loc EndOffset="10357" SrcFileId="21" StartOffset="10341"/>
<Loc EndOffset="10391" SrcFileId="21" StartOffset="10378"/>
</LocList>
<BasicStmnt CovItemId="S87" CovItemPrefix="cabra.StudyPanel.java" Intrnl_Id="2516">
<LocList>
<Loc EndOffset="10320" SrcFileId="21" StartOffset="10308"/>
</LocList>
</BasicStmnt>
<BasicStmnt CovItemId="S88" CovItemPrefix="cabra.StudyPanel.java" Intrnl_Id="2517">
<LocList>
<Loc EndOffset="10357" SrcFileId="21" StartOffset="10341"/>
</LocList>
</BasicStmnt>
<BasicStmnt CovItemId="S89" CovItemPrefix="cabra.StudyPanel.java" Intrnl_Id="2518">
<LocList>
<Loc EndOffset="10391" SrcFileId="21" StartOffset="10378"/>
</LocList>
</BasicStmnt>
</StmntSeq>
</HierarchyLvl>
</HierarchyLvl>
</HierarchyLvl>
<HierarchyLvl HierarchyLvlId="1271" HierarchyLvlTypeId="67" Intrnl_Id="2519" Name="newSession">
<Header>
<Loc EndOffset="10631" SrcFileId="21" StartOffset="10606"/>
</Header>
<LocList>
<Loc EndOffset="10789" SrcFileId="21" StartOffset="10606"/>
</LocList>
<StmntSeq Intrnl_Id="2520">
<LocList>
<Loc EndOffset="10667" SrcFileId="21" StartOffset="10641"/>
<Loc EndOffset="10754" SrcFileId="21" StartOffset="10703"/>
<Loc EndOffset="10783" SrcFileId="21" StartOffset="10772"/>
</LocList>
<BasicStmnt CovItemId="S93" CovItemPrefix="cabra.StudyPanel.java" Intrnl_Id="2521">
<LocList>
<Loc EndOffset="10667" SrcFileId="21" StartOffset="10641"/>
</LocList>
</BasicStmnt>
<BasicStmnt CovItemId="S94" CovItemPrefix="cabra.StudyPanel.java" Intrnl_Id="2522">
<LocList>
<Loc EndOffset="10754" SrcFileId="21" StartOffset="10703"/>
</LocList>
</BasicStmnt>
<BasicStmnt CovItemId="S95" CovItemPrefix="cabra.StudyPanel.java" Intrnl_Id="2523">
<LocList>
<Loc EndOffset="10783" SrcFileId="21" StartOffset="10772"/>
</LocList>
</BasicStmnt>
</StmntSeq>
</HierarchyLvl>
<HierarchyLvl HierarchyLvlId="1272" HierarchyLvlTypeId="67" Intrnl_Id="2524" Name="focusQuestionArea">
<Header>
<Loc EndOffset="10886" SrcFileId="21" StartOffset="10855"/>
</Header>
<LocList>
<Loc EndOffset="10924" SrcFileId="21" StartOffset="10855"/>
</LocList>
<StmntSeq Intrnl_Id="2525">
<LocList>
<Loc EndOffset="10918" SrcFileId="21" StartOffset="10896"/>
</LocList>
<BasicStmnt CovItemId="S96" CovItemPrefix="cabra.StudyPanel.java" Intrnl_Id="2526">
<LocList>
<Loc EndOffset="10918" SrcFileId="21" StartOffset="10896"/>
</LocList>
</BasicStmnt>
</StmntSeq>
</HierarchyLvl>
<HierarchyLvl HierarchyLvlId="1273" HierarchyLvlTypeId="67" Intrnl_Id="2527" Name="windowClosing">
<Header>
<Loc EndOffset="11143" SrcFileId="21" StartOffset="11113"/>
</Header>
<LocList>
<Loc EndOffset="11814" SrcFileId="21" StartOffset="11113"/>
</LocList>
<StmntSeq Intrnl_Id="2528">
<LocList>
<Loc EndOffset="11306" SrcFileId="21" StartOffset="11201"/>
<Loc EndOffset="11578" SrcFileId="21" StartOffset="11368"/>
<Loc EndOffset="11808" SrcFileId="21" StartOffset="11587"/>
</LocList>
<CondStmnt CovItemId="S97" CovItemPrefix="cabra.StudyPanel.java" Intrnl_Id="2529">
<Branch CovItemId="B17" CovItemPrefix="cabra.StudyPanel.java" Implct="false" Intrnl_Id="2530">
<Cond/>
<LocList>
<Loc EndOffset="11306" SrcFileId="21" StartOffset="11225"/>
</LocList>
<StmntSeq Intrnl_Id="2531">
<LocList>
<Loc EndOffset="11296" SrcFileId="21" StartOffset="11284"/>
</LocList>
<BasicStmnt CovItemId="S98" CovItemPrefix="cabra.StudyPanel.java" Intrnl_Id="2532">
<LocList>
<Loc EndOffset="11296" SrcFileId="21" StartOffset="11284"/>
</LocList>
</BasicStmnt>
</StmntSeq>
</Branch>
<Branch CovItemId="B18" CovItemPrefix="cabra.StudyPanel.java" Implct="true" Intrnl_Id="2533">
<Cond/>
<LocList/>
<StmntSeq Intrnl_Id="2534">
<LocList/>
</StmntSeq>
</Branch>
<Keyword EndOffset="11203" SrcFileId="21" StartOffset="11201"/>
<LocList>
<Loc EndOffset="11306" SrcFileId="21" StartOffset="11201"/>
</LocList>
<RootTerm CovItemId="C9" CovItemPrefix="cabra.StudyPanel.java" Intrnl_Id="2535">
<BasicBoolTerm Intrnl_Id="2536">
<LocList>
<Loc EndOffset="11224" SrcFileId="21" StartOffset="11204"/>
</LocList>
</BasicBoolTerm>
</RootTerm>
</CondStmnt>
<BasicStmnt CovItemId="S99" CovItemPrefix="cabra.StudyPanel.java" Intrnl_Id="2537">
<LocList>
<Loc EndOffset="11578" SrcFileId="21" StartOffset="11368"/>
</LocList>
</BasicStmnt>
<CondStmnt CovItemId="S100" CovItemPrefix="cabra.StudyPanel.java" Intrnl_Id="2538">
<Branch CovItemId="B19" CovItemPrefix="cabra.StudyPanel.java" Implct="false" Intrnl_Id="2539">
<Cond/>
<LocList>
<Loc EndOffset="11694" SrcFileId="21" StartOffset="11602"/>
</LocList>
<StmntSeq Intrnl_Id="2540">
<LocList>
<Loc EndOffset="11684" SrcFileId="21" StartOffset="11671"/>
</LocList>
<BasicStmnt CovItemId="S101" CovItemPrefix="cabra.StudyPanel.java" Intrnl_Id="2541">
<LocList>
<Loc EndOffset="11684" SrcFileId="21" StartOffset="11671"/>
</LocList>
</BasicStmnt>
</StmntSeq>
</Branch>
<Branch CovItemId="B20" CovItemPrefix="cabra.StudyPanel.java" Implct="false" Intrnl_Id="2542">
<Cond>
<Loc EndOffset="11707" SrcFileId="21" StartOffset="11703"/>
</Cond>
<LocList>
<Loc EndOffset="11808" SrcFileId="21" StartOffset="11707"/>
</LocList>
<StmntSeq Intrnl_Id="2543">
<LocList>
<Loc EndOffset="11773" SrcFileId="21" StartOffset="11760"/>
<Loc EndOffset="11798" SrcFileId="21" StartOffset="11786"/>
</LocList>
<BasicStmnt CovItemId="S102" CovItemPrefix="cabra.StudyPanel.java" Intrnl_Id="2544">
<LocList>
<Loc EndOffset="11773" SrcFileId="21" StartOffset="11760"/>
</LocList>
</BasicStmnt>
<BasicStmnt CovItemId="S103" CovItemPrefix="cabra.StudyPanel.java" Intrnl_Id="2545">
<LocList>
<Loc EndOffset="11798" SrcFileId="21" StartOffset="11786"/>
</LocList>
</BasicStmnt>
</StmntSeq>
</Branch>
<Keyword EndOffset="11589" SrcFileId="21" StartOffset="11587"/>
<LocList>
<Loc EndOffset="11808" SrcFileId="21" StartOffset="11587"/>
</LocList>
<RootTerm CovItemId="C10" CovItemPrefix="cabra.StudyPanel.java" Intrnl_Id="2546">
<BasicBoolTerm Intrnl_Id="2547">
<LocList>
<Loc EndOffset="11601" SrcFileId="21" StartOffset="11590"/>
</LocList>
</BasicBoolTerm>
</RootTerm>
</CondStmnt>
</StmntSeq>
</HierarchyLvl>
<HierarchyLvl HierarchyLvlId="1274" HierarchyLvlTypeId="67" Intrnl_Id="2548" Name="createNoCardPanel">
<Header>
<Loc EndOffset="11858" SrcFileId="21" StartOffset="11824"/>
</Header>
<LocList>
<Loc EndOffset="12197" SrcFileId="21" StartOffset="11824"/>
</LocList>
<StmntSeq Intrnl_Id="2549">
<LocList>
<Loc EndOffset="11901" SrcFileId="21" StartOffset="11868"/>
<Loc EndOffset="12041" SrcFileId="21" StartOffset="11910"/>
<Loc EndOffset="12095" SrcFileId="21" StartOffset="12050"/>
<Loc EndOffset="12142" SrcFileId="21" StartOffset="12104"/>
<Loc EndOffset="12169" SrcFileId="21" StartOffset="12151"/>
<Loc EndOffset="12191" SrcFileId="21" StartOffset="12178"/>
</LocList>
<BasicStmnt CovItemId="S104" CovItemPrefix="cabra.StudyPanel.java" Intrnl_Id="2550">
<LocList>
<Loc EndOffset="11901" SrcFileId="21" StartOffset="11868"/>
</LocList>
</BasicStmnt>
<BasicStmnt CovItemId="S105" CovItemPrefix="cabra.StudyPanel.java" Intrnl_Id="2551">
<LocList>
<Loc EndOffset="12041" SrcFileId="21" StartOffset="11910"/>
</LocList>
</BasicStmnt>
<BasicStmnt CovItemId="S106" CovItemPrefix="cabra.StudyPanel.java" Intrnl_Id="2552">
<LocList>
<Loc EndOffset="12095" SrcFileId="21" StartOffset="12050"/>
</LocList>
</BasicStmnt>
<BasicStmnt CovItemId="S107" CovItemPrefix="cabra.StudyPanel.java" Intrnl_Id="2553">
<LocList>
<Loc EndOffset="12142" SrcFileId="21" StartOffset="12104"/>
</LocList>
</BasicStmnt>
<BasicStmnt CovItemId="S108" CovItemPrefix="cabra.StudyPanel.java" Intrnl_Id="2554">
<LocList>
<Loc EndOffset="12169" SrcFileId="21" StartOffset="12151"/>
</LocList>
</BasicStmnt>
<BasicStmnt CovItemId="S109" CovItemPrefix="cabra.StudyPanel.java" Intrnl_Id="2555">
<LocList>
<Loc EndOffset="12191" SrcFileId="21" StartOffset="12178"/>
</LocList>
</BasicStmnt>
</StmntSeq>
</HierarchyLvl>
<HierarchyLvl HierarchyLvlId="1279" HierarchyLvlTypeId="67" Intrnl_Id="2556" Name="userDecided">
<Header>
<Loc EndOffset="12419" SrcFileId="21" StartOffset="12374"/>
</Header>
<LocList>
<Loc EndOffset="13496" SrcFileId="21" StartOffset="12374"/>
</LocList>
<StmntSeq Intrnl_Id="2557">
<LocList>
<Loc EndOffset="12473" SrcFileId="21" StartOffset="12430"/>
<Loc EndOffset="12517" SrcFileId="21" StartOffset="12491"/>
<Loc EndOffset="12560" SrcFileId="21" StartOffset="12526"/>
<Loc EndOffset="13007" SrcFileId="21" StartOffset="12619"/>
<Loc EndOffset="13056" SrcFileId="21" StartOffset="13025"/>
<Loc EndOffset="13147" SrcFileId="21" StartOffset="13103"/>
<Loc EndOffset="13252" SrcFileId="21" StartOffset="13250"/>
<Loc EndOffset="13344" SrcFileId="21" StartOffset="13300"/>
<Loc EndOffset="13450" SrcFileId="21" StartOffset="13448"/>
<Loc EndOffset="13479" SrcFileId="21" StartOffset="13468"/>
</LocList>
<BasicStmnt CovItemId="S110" CovItemPrefix="cabra.StudyPanel.java" Intrnl_Id="2558">
<LocList>
<Loc EndOffset="12473" SrcFileId="21" StartOffset="12430"/>
</LocList>
</BasicStmnt>
<BasicStmnt CovItemId="S111" CovItemPrefix="cabra.StudyPanel.java" Intrnl_Id="2559">
<LocList>
<Loc EndOffset="12517" SrcFileId="21" StartOffset="12491"/>
</LocList>
</BasicStmnt>
<BasicStmnt CovItemId="S112" CovItemPrefix="cabra.StudyPanel.java" Intrnl_Id="2560">
<LocList>
<Loc EndOffset="12560" SrcFileId="21" StartOffset="12526"/>
</LocList>
</BasicStmnt>
<CondStmnt CovItemId="S113" CovItemPrefix="cabra.StudyPanel.java" Intrnl_Id="2561">
<Branch CovItemId="B21" CovItemPrefix="cabra.StudyPanel.java" Implct="false" Intrnl_Id="2562">
<Cond/>
<LocList>
<Loc EndOffset="13007" SrcFileId="21" StartOffset="12644"/>
</LocList>
<StmntSeq Intrnl_Id="2563">
<LocList>
<Loc EndOffset="12715" SrcFileId="21" StartOffset="12658"/>
<Loc EndOffset="12997" SrcFileId="21" StartOffset="12846"/>
</LocList>
<BasicStmnt CovItemId="S114" CovItemPrefix="cabra.StudyPanel.java" Intrnl_Id="2564">
<LocList>
<Loc EndOffset="12715" SrcFileId="21" StartOffset="12658"/>
</LocList>
</BasicStmnt>
<CondStmnt CovItemId="S115" CovItemPrefix="cabra.StudyPanel.java" Intrnl_Id="2565">
<Branch CovItemId="B23" CovItemPrefix="cabra.StudyPanel.java" Implct="false" Intrnl_Id="2566">
<Cond/>
<LocList>
<Loc EndOffset="12997" SrcFileId="21" StartOffset="12915"/>
</LocList>
<StmntSeq Intrnl_Id="2567">
<LocList>
<Loc EndOffset="12983" SrcFileId="21" StartOffset="12933"/>
</LocList>
<BasicStmnt CovItemId="S116" CovItemPrefix="cabra.StudyPanel.java" Intrnl_Id="2568">
<LocList>
<Loc EndOffset="12983" SrcFileId="21" StartOffset="12933"/>
</LocList>
</BasicStmnt>
</StmntSeq>
</Branch>
<Branch CovItemId="B24" CovItemPrefix="cabra.StudyPanel.java" Implct="true" Intrnl_Id="2569">
<Cond/>
<LocList/>
<StmntSeq Intrnl_Id="2570">
<LocList/>
</StmntSeq>
</Branch>
<Keyword EndOffset="12848" SrcFileId="21" StartOffset="12846"/>
<LocList>
<Loc EndOffset="12997" SrcFileId="21" StartOffset="12846"/>
</LocList>
<RootTerm CovItemId="C12" CovItemPrefix="cabra.StudyPanel.java" Intrnl_Id="2571">
<OpTerm BooleanOpId="61" Intrnl_Id="2572">
<BasicBoolTerm Intrnl_Id="2573">
<LocList>
<Loc EndOffset="12870" SrcFileId="21" StartOffset="12849"/>
</LocList>
</BasicBoolTerm>
<BasicBoolTerm Intrnl_Id="2574">
<LocList>
<Loc EndOffset="12914" SrcFileId="21" StartOffset="12874"/>
</LocList>
</BasicBoolTerm>
<LocList>
<Loc EndOffset="12873" SrcFileId="21" StartOffset="12871"/>
</LocList>
</OpTerm>
</RootTerm>
</CondStmnt>
</StmntSeq>
</Branch>
<Branch CovItemId="B22" CovItemPrefix="cabra.StudyPanel.java" Implct="true" Intrnl_Id="2575">
<Cond/>
<LocList/>
<StmntSeq Intrnl_Id="2576">
<LocList/>
</StmntSeq>
</Branch>
<Keyword EndOffset="12621" SrcFileId="21" StartOffset="12619"/>
<LocList>
<Loc EndOffset="13007" SrcFileId="21" StartOffset="12619"/>
</LocList>
<RootTerm CovItemId="C11" CovItemPrefix="cabra.StudyPanel.java" Intrnl_Id="2577">
<BasicBoolTerm Intrnl_Id="2578">
<LocList>
<Loc EndOffset="12643" SrcFileId="21" StartOffset="12622"/>
</LocList>
</BasicBoolTerm>
</RootTerm>
</CondStmnt>
<BasicStmnt CovItemId="S117" CovItemPrefix="cabra.StudyPanel.java" Intrnl_Id="2579">
<LocList>
<Loc EndOffset="13056" SrcFileId="21" StartOffset="13025"/>
</LocList>
</BasicStmnt>
<BasicStmnt CovItemId="S118" CovItemPrefix="cabra.StudyPanel.java" Intrnl_Id="2580">
<LocList>
<Loc EndOffset="13147" SrcFileId="21" StartOffset="13103"/>
<Loc EndOffset="13252" SrcFileId="21" StartOffset="13250"/>
</LocList>
</BasicStmnt>
<BasicStmnt CovItemId="S120" CovItemPrefix="cabra.StudyPanel.java" Intrnl_Id="2581">
<LocList>
<Loc EndOffset="13344" SrcFileId="21" StartOffset="13300"/>
<Loc EndOffset="13450" SrcFileId="21" StartOffset="13448"/>
</LocList>
</BasicStmnt>
<BasicStmnt CovItemId="S122" CovItemPrefix="cabra.StudyPanel.java" Intrnl_Id="2582">
<LocList>
<Loc EndOffset="13479" SrcFileId="21" StartOffset="13468"/>
</LocList>
</BasicStmnt>
</StmntSeq>
<HierarchyLvl HierarchyLvlId="1276" HierarchyLvlTypeId="69" Intrnl_Id="2583" Name="Runnable">
<Header>
<Loc EndOffset="13161" SrcFileId="21" StartOffset="13151"/>
</Header>
<LocList>
<Loc EndOffset="13250" SrcFileId="21" StartOffset="13147"/>
</LocList>
<HierarchyLvl HierarchyLvlId="1275" HierarchyLvlTypeId="67" Intrnl_Id="2584" Name="run">
<Header>
<Loc EndOffset="13180" SrcFileId="21" StartOffset="13163"/>
</Header>
<LocList>
<Loc EndOffset="13249" SrcFileId="21" StartOffset="13163"/>
</LocList>
<StmntSeq Intrnl_Id="2585">
<LocList>
<Loc EndOffset="13231" SrcFileId="21" StartOffset="13202"/>
</LocList>
<BasicStmnt CovItemId="S119" CovItemPrefix="cabra.StudyPanel.java" Intrnl_Id="2586">
<LocList>
<Loc EndOffset="13231" SrcFileId="21" StartOffset="13202"/>
</LocList>
</BasicStmnt>
</StmntSeq>
</HierarchyLvl>
</HierarchyLvl>
<HierarchyLvl HierarchyLvlId="1278" HierarchyLvlTypeId="69" Intrnl_Id="2587" Name="Runnable">
<Header>
<Loc EndOffset="13358" SrcFileId="21" StartOffset="13348"/>
</Header>
<LocList>
<Loc EndOffset="13448" SrcFileId="21" StartOffset="13344"/>
</LocList>
<HierarchyLvl HierarchyLvlId="1277" HierarchyLvlTypeId="67" Intrnl_Id="2588" Name="run">
<Header>
<Loc EndOffset="13377" SrcFileId="21" StartOffset="13360"/>
</Header>
<LocList>
<Loc EndOffset="13447" SrcFileId="21" StartOffset="13360"/>
</LocList>
<StmntSeq Intrnl_Id="2589">
<LocList>
<Loc EndOffset="13429" SrcFileId="21" StartOffset="13399"/>
</LocList>
<BasicStmnt CovItemId="S121" CovItemPrefix="cabra.StudyPanel.java" Intrnl_Id="2590">
<LocList>
<Loc EndOffset="13429" SrcFileId="21" StartOffset="13399"/>
</LocList>
</BasicStmnt>
</StmntSeq>
</HierarchyLvl>
</HierarchyLvl>
</HierarchyLvl>
<HierarchyLvl HierarchyLvlId="1280" HierarchyLvlTypeId="67" Intrnl_Id="2591" Name="getSession">
<Header>
<Loc EndOffset="13534" SrcFileId="21" StartOffset="13506"/>
</Header>
<LocList>
<Loc EndOffset="13641" SrcFileId="21" StartOffset="13506"/>
</LocList>
<StmntSeq Intrnl_Id="2592">
<LocList>
<Loc EndOffset="13593" SrcFileId="21" StartOffset="13544"/>
<Loc EndOffset="13635" SrcFileId="21" StartOffset="13602"/>
</LocList>
<CondStmnt CovItemId="S123" CovItemPrefix="cabra.StudyPanel.java" Intrnl_Id="2593">
<Branch CovItemId="B25" CovItemPrefix="cabra.StudyPanel.java" Implct="false" Intrnl_Id="2594">
<Cond/>
<LocList>
<Loc EndOffset="13593" SrcFileId="21" StartOffset="13581"/>
</LocList>
<StmntSeq Intrnl_Id="2595">
<LocList>
<Loc EndOffset="13593" SrcFileId="21" StartOffset="13581"/>
</LocList>
<BasicStmnt CovItemId="S124" CovItemPrefix="cabra.StudyPanel.java" Intrnl_Id="2596">
<LocList>
<Loc EndOffset="13593" SrcFileId="21" StartOffset="13581"/>
</LocList>
</BasicStmnt>
</StmntSeq>
</Branch>
<Branch CovItemId="B26" CovItemPrefix="cabra.StudyPanel.java" Implct="true" Intrnl_Id="2597">
<Cond/>
<LocList/>
<StmntSeq Intrnl_Id="2598">
<LocList/>
</StmntSeq>
</Branch>
<Keyword EndOffset="13546" SrcFileId="21" StartOffset="13544"/>
<LocList>
<Loc EndOffset="13593" SrcFileId="21" StartOffset="13544"/>
</LocList>
<RootTerm CovItemId="C13" CovItemPrefix="cabra.StudyPanel.java" Intrnl_Id="2599">
<BasicBoolTerm Intrnl_Id="2600">
<LocList>
<Loc EndOffset="13567" SrcFileId="21" StartOffset="13547"/>
</LocList>
</BasicBoolTerm>
</RootTerm>
</CondStmnt>
<BasicStmnt CovItemId="S125" CovItemPrefix="cabra.StudyPanel.java" Intrnl_Id="2601">
<LocList>
<Loc EndOffset="13635" SrcFileId="21" StartOffset="13602"/>
</LocList>
</BasicStmnt>
</StmntSeq>
</HierarchyLvl>
<HierarchyLvl HierarchyLvlId="1281" HierarchyLvlTypeId="67" Intrnl_Id="2602" Name="getProject">
<Header>
<Loc EndOffset="13679" SrcFileId="21" StartOffset="13651"/>
</Header>
<LocList>
<Loc EndOffset="13732" SrcFileId="21" StartOffset="13651"/>
</LocList>
<StmntSeq Intrnl_Id="2603">
<LocList>
<Loc EndOffset="13726" SrcFileId="21" StartOffset="13689"/>
</LocList>
<BasicStmnt CovItemId="S126" CovItemPrefix="cabra.StudyPanel.java" Intrnl_Id="2604">
<LocList>
<Loc EndOffset="13726" SrcFileId="21" StartOffset="13689"/>
</LocList>
</BasicStmnt>
</StmntSeq>
</HierarchyLvl>
<HierarchyLvl HierarchyLvlId="1285" HierarchyLvlTypeId="66" Intrnl_Id="2605" Name="ForwardListener">
<Header>
<Loc EndOffset="13797" SrcFileId="21" StartOffset="13742"/>
</Header>
<LocList>
<Loc EndOffset="14191" SrcFileId="21" StartOffset="13742"/>
</LocList>
<HierarchyLvl HierarchyLvlId="1284" HierarchyLvlTypeId="67" Intrnl_Id="2606" Name="actionPerformed">
<Header>
<Loc EndOffset="13849" SrcFileId="21" StartOffset="13807"/>
</Header>
<LocList>
<Loc EndOffset="14185" SrcFileId="21" StartOffset="13807"/>
</LocList>
<StmntSeq Intrnl_Id="2607">
<LocList>
<Loc EndOffset="13920" SrcFileId="21" StartOffset="13893"/>
<Loc EndOffset="14027" SrcFileId="21" StartOffset="13979"/>
<Loc EndOffset="14150" SrcFileId="21" StartOffset="14148"/>
<Loc EndOffset="14175" SrcFileId="21" StartOffset="14164"/>
</LocList>
<BasicStmnt CovItemId="S127" CovItemPrefix="cabra.StudyPanel.java" Intrnl_Id="2608">
<LocList>
<Loc EndOffset="13920" SrcFileId="21" StartOffset="13893"/>
</LocList>
</BasicStmnt>
<BasicStmnt CovItemId="S128" CovItemPrefix="cabra.StudyPanel.java" Intrnl_Id="2609">
<LocList>
<Loc EndOffset="14027" SrcFileId="21" StartOffset="13979"/>
<Loc EndOffset="14150" SrcFileId="21" StartOffset="14148"/>
</LocList>
</BasicStmnt>
<BasicStmnt CovItemId="S130" CovItemPrefix="cabra.StudyPanel.java" Intrnl_Id="2610">
<LocList>
<Loc EndOffset="14175" SrcFileId="21" StartOffset="14164"/>
</LocList>
</BasicStmnt>
</StmntSeq>
<HierarchyLvl HierarchyLvlId="1283" HierarchyLvlTypeId="69" Intrnl_Id="2611" Name="Runnable">
<Header>
<Loc EndOffset="14041" SrcFileId="21" StartOffset="14031"/>
</Header>
<LocList>
<Loc EndOffset="14148" SrcFileId="21" StartOffset="14027"/>
</LocList>
<HierarchyLvl HierarchyLvlId="1282" HierarchyLvlTypeId="67" Intrnl_Id="2612" Name="run">
<Header>
<Loc EndOffset="14060" SrcFileId="21" StartOffset="14043"/>
</Header>
<LocList>
<Loc EndOffset="14147" SrcFileId="21" StartOffset="14043"/>
</LocList>
<StmntSeq Intrnl_Id="2613">
<LocList>
<Loc EndOffset="14125" SrcFileId="21" StartOffset="14086"/>
</LocList>
<BasicStmnt CovItemId="S129" CovItemPrefix="cabra.StudyPanel.java" Intrnl_Id="2614">
<LocList>
<Loc EndOffset="14125" SrcFileId="21" StartOffset="14086"/>
</LocList>
</BasicStmnt>
</StmntSeq>
</HierarchyLvl>
</HierarchyLvl>
</HierarchyLvl>
</HierarchyLvl>
<HierarchyLvl HierarchyLvlId="1286" HierarchyLvlTypeId="67" Intrnl_Id="2615" Name="paintComponent">
<Header>
<Loc EndOffset="14258" SrcFileId="21" StartOffset="14202"/>
</Header>
<LocList>
<Loc EndOffset="14571" SrcFileId="21" StartOffset="14202"/>
</LocList>
<StmntSeq Intrnl_Id="2616">
<LocList>
<Loc EndOffset="14296" SrcFileId="21" StartOffset="14272"/>
</LocList>
<BasicStmnt CovItemId="S131" CovItemPrefix="cabra.StudyPanel.java" Intrnl_Id="2617">
<LocList>
<Loc EndOffset="14296" SrcFileId="21" StartOffset="14272"/>
</LocList>
</BasicStmnt>
</StmntSeq>
</HierarchyLvl>
<HierarchyLvl HierarchyLvlId="1291" HierarchyLvlTypeId="66" Intrnl_Id="2618" Name="StackedBarGraph">
<Header>
<Loc EndOffset="14819" SrcFileId="21" StartOffset="14769"/>
</Header>
<LocList>
<Loc EndOffset="17866" SrcFileId="21" StartOffset="14769"/>
</LocList>
<HierarchyLvl HierarchyLvlId="1287" HierarchyLvlTypeId="67" Intrnl_Id="2619" Name="StackedBarGraph">
<Header>
<Loc EndOffset="15453" SrcFileId="21" StartOffset="15411"/>
</Header>
<LocList>
<Loc EndOffset="15579" SrcFileId="21" StartOffset="15411"/>
</LocList>
<StmntSeq Intrnl_Id="2620">
<LocList>
<Loc EndOffset="15489" SrcFileId="21" StartOffset="15467"/>
<Loc EndOffset="15569" SrcFileId="21" StartOffset="15515"/>
</LocList>
<BasicStmnt CovItemId="S132" CovItemPrefix="cabra.StudyPanel.java" Intrnl_Id="2621">
<LocList>
<Loc EndOffset="15489" SrcFileId="21" StartOffset="15467"/>
</LocList>
</BasicStmnt>
<BasicStmnt CovItemId="S133" CovItemPrefix="cabra.StudyPanel.java" Intrnl_Id="2622">
<LocList>
<Loc EndOffset="15569" SrcFileId="21" StartOffset="15515"/>
</LocList>
</BasicStmnt>
</StmntSeq>
</HierarchyLvl>
<HierarchyLvl HierarchyLvlId="1288" HierarchyLvlTypeId="67" Intrnl_Id="2623" Name="addResult">
<Header>
<Loc EndOffset="15795" SrcFileId="21" StartOffset="15758"/>
</Header>
<LocList>
<Loc EndOffset="15910" SrcFileId="21" StartOffset="15758"/>
</LocList>
<StmntSeq Intrnl_Id="2624">
<LocList>
<Loc EndOffset="15838" SrcFileId="21" StartOffset="15809"/>
<Loc EndOffset="15864" SrcFileId="21" StartOffset="15851"/>
<Loc EndOffset="15900" SrcFileId="21" StartOffset="15890"/>
</LocList>
<BasicStmnt CovItemId="S134" CovItemPrefix="cabra.StudyPanel.java" Intrnl_Id="2625">
<LocList>
<Loc EndOffset="15838" SrcFileId="21" StartOffset="15809"/>
</LocList>
</BasicStmnt>
<BasicStmnt CovItemId="S135" CovItemPrefix="cabra.StudyPanel.java" Intrnl_Id="2626">
<LocList>
<Loc EndOffset="15864" SrcFileId="21" StartOffset="15851"/>
</LocList>
</BasicStmnt>
<BasicStmnt CovItemId="S136" CovItemPrefix="cabra.StudyPanel.java" Intrnl_Id="2627">
<LocList>
<Loc EndOffset="15900" SrcFileId="21" StartOffset="15890"/>
</LocList>
</BasicStmnt>
</StmntSeq>
</HierarchyLvl>
<HierarchyLvl HierarchyLvlId="1289" HierarchyLvlTypeId="67" Intrnl_Id="2628" Name="reset">
<Header>
<Loc EndOffset="16146" SrcFileId="21" StartOffset="16112"/>
</Header>
<LocList>
<Loc EndOffset="16245" SrcFileId="21" StartOffset="16112"/>
</LocList>
<StmntSeq Intrnl_Id="2629">
<LocList>
<Loc EndOffset="16195" SrcFileId="21" StartOffset="16160"/>
<Loc EndOffset="16223" SrcFileId="21" StartOffset="16208"/>
</LocList>
<BasicStmnt CovItemId="S137" CovItemPrefix="cabra.StudyPanel.java" Intrnl_Id="2630">
<LocList>
<Loc EndOffset="16195" SrcFileId="21" StartOffset="16160"/>
</LocList>
</BasicStmnt>
<BasicStmnt CovItemId="S138" CovItemPrefix="cabra.StudyPanel.java" Intrnl_Id="2631">
<LocList>
<Loc EndOffset="16223" SrcFileId="21" StartOffset="16208"/>
</LocList>
</BasicStmnt>
</StmntSeq>
</HierarchyLvl>
<HierarchyLvl HierarchyLvlId="1290" HierarchyLvlTypeId="67" Intrnl_Id="2632" Name="paintComponent">
<Header>
<Loc EndOffset="16311" SrcFileId="21" StartOffset="16255"/>
</Header>
<LocList>
<Loc EndOffset="17860" SrcFileId="21" StartOffset="16255"/>
</LocList>
<StmntSeq Intrnl_Id="2633">
<LocList>
<Loc EndOffset="16349" SrcFileId="21" StartOffset="16325"/>
<Loc EndOffset="16448" SrcFileId="21" StartOffset="16435"/>
<Loc EndOffset="16587" SrcFileId="21" StartOffset="16564"/>
<Loc EndOffset="16625" SrcFileId="21" StartOffset="16600"/>
<Loc EndOffset="17597" SrcFileId="21" StartOffset="16651"/>
</LocList>
<BasicStmnt CovItemId="S139" CovItemPrefix="cabra.StudyPanel.java" Intrnl_Id="2634">
<LocList>
<Loc EndOffset="16349" SrcFileId="21" StartOffset="16325"/>
</LocList>
</BasicStmnt>
<BasicStmnt CovItemId="S140" CovItemPrefix="cabra.StudyPanel.java" Intrnl_Id="2635">
<LocList>
<Loc EndOffset="16448" SrcFileId="21" StartOffset="16435"/>
</LocList>
</BasicStmnt>
<BasicStmnt CovItemId="S141" CovItemPrefix="cabra.StudyPanel.java" Intrnl_Id="2636">
<LocList>
<Loc EndOffset="16587" SrcFileId="21" StartOffset="16564"/>
</LocList>
</BasicStmnt>
<BasicStmnt CovItemId="S142" CovItemPrefix="cabra.StudyPanel.java" Intrnl_Id="2637">
<LocList>
<Loc EndOffset="16625" SrcFileId="21" StartOffset="16600"/>
</LocList>
</BasicStmnt>
<LoopStmnt CovItemId="S143" CovItemPrefix="cabra.StudyPanel.java" Intrnl_Id="2638" MltplExecId="L1-2" MltplExecPrefix="cabra.StudyPanel.java" NvrExecId="L1-0" NvrExecPrefix="cabra.StudyPanel.java" OnceExecutedId="L1-1" OnceExecutedPrefix="cabra.StudyPanel.java" OptBodyExec="true">
<StmntSeq Intrnl_Id="2639">
<LocList>
<Loc EndOffset="16732" SrcFileId="21" StartOffset="16704"/>
<Loc EndOffset="16942" SrcFileId="21" StartOffset="16749"/>
<Loc EndOffset="17084" SrcFileId="21" StartOffset="17060"/>
<Loc EndOffset="17166" SrcFileId="21" StartOffset="17101"/>
<Loc EndOffset="17337" SrcFileId="21" StartOffset="17308"/>
<Loc EndOffset="17391" SrcFileId="21" StartOffset="17354"/>
<Loc EndOffset="17460" SrcFileId="21" StartOffset="17408"/>
<Loc EndOffset="17532" SrcFileId="21" StartOffset="17494"/>
<Loc EndOffset="17583" SrcFileId="21" StartOffset="17566"/>
</LocList>
<BasicStmnt CovItemId="S144" CovItemPrefix="cabra.StudyPanel.java" Intrnl_Id="2640">
<LocList>
<Loc EndOffset="16732" SrcFileId="21" StartOffset="16704"/>
</LocList>
</BasicStmnt>
<CondStmnt CovItemId="S145" CovItemPrefix="cabra.StudyPanel.java" Intrnl_Id="2641">
<Branch CovItemId="B27" CovItemPrefix="cabra.StudyPanel.java" Implct="false" Intrnl_Id="2642">
<Cond/>
<LocList>
<Loc EndOffset="16942" SrcFileId="21" StartOffset="16767"/>
</LocList>
<StmntSeq Intrnl_Id="2643">
<LocList>
<Loc EndOffset="16924" SrcFileId="21" StartOffset="16918"/>
</LocList>
<BasicStmnt CovItemId="S146" CovItemPrefix="cabra.StudyPanel.java" Intrnl_Id="2644">
<LocList>
<Loc EndOffset="16924" SrcFileId="21" StartOffset="16918"/>
</LocList>
</BasicStmnt>
</StmntSeq>
</Branch>
<Branch CovItemId="B28" CovItemPrefix="cabra.StudyPanel.java" Implct="true" Intrnl_Id="2645">
<Cond/>
<LocList/>
<StmntSeq Intrnl_Id="2646">
<LocList/>
</StmntSeq>
</Branch>
<Keyword EndOffset="16751" SrcFileId="21" StartOffset="16749"/>
<LocList>
<Loc EndOffset="16942" SrcFileId="21" StartOffset="16749"/>
</LocList>
<RootTerm CovItemId="C15" CovItemPrefix="cabra.StudyPanel.java" Intrnl_Id="2647">
<BasicBoolTerm Intrnl_Id="2648">
<LocList>
<Loc EndOffset="16766" SrcFileId="21" StartOffset="16752"/>
</LocList>
</BasicBoolTerm>
</RootTerm>
</CondStmnt>
<BasicStmnt CovItemId="S147" CovItemPrefix="cabra.StudyPanel.java" Intrnl_Id="2649">
<LocList>
<Loc EndOffset="17084" SrcFileId="21" StartOffset="17060"/>
</LocList>
</BasicStmnt>
<BasicStmnt CovItemId="S148" CovItemPrefix="cabra.StudyPanel.java" Intrnl_Id="2650">
<LocList>
<Loc EndOffset="17166" SrcFileId="21" StartOffset="17101"/>
</LocList>
</BasicStmnt>
<BasicStmnt CovItemId="S149" CovItemPrefix="cabra.StudyPanel.java" Intrnl_Id="2651">
<LocList>
<Loc EndOffset="17337" SrcFileId="21" StartOffset="17308"/>
</LocList>
</BasicStmnt>
<BasicStmnt CovItemId="S150" CovItemPrefix="cabra.StudyPanel.java" Intrnl_Id="2652">
<LocList>
<Loc EndOffset="17391" SrcFileId="21" StartOffset="17354"/>
</LocList>
</BasicStmnt>
<BasicStmnt CovItemId="S151" CovItemPrefix="cabra.StudyPanel.java" Intrnl_Id="2653">
<LocList>
<Loc EndOffset="17460" SrcFileId="21" StartOffset="17408"/>
</LocList>
</BasicStmnt>
<BasicStmnt CovItemId="S152" CovItemPrefix="cabra.StudyPanel.java" Intrnl_Id="2654">
<LocList>
<Loc EndOffset="17532" SrcFileId="21" StartOffset="17494"/>
</LocList>
</BasicStmnt>
<BasicStmnt CovItemId="S153" CovItemPrefix="cabra.StudyPanel.java" Intrnl_Id="2655">
<LocList>
<Loc EndOffset="17583" SrcFileId="21" StartOffset="17566"/>
</LocList>
</BasicStmnt>
</StmntSeq>
<Keyword EndOffset="16654" SrcFileId="21" StartOffset="16651"/>
<LocList>
<Loc EndOffset="17597" SrcFileId="21" StartOffset="16651"/>
</LocList>
<RootTerm CovItemId="C14" CovItemPrefix="cabra.StudyPanel.java" Intrnl_Id="2656">
<BasicBoolTerm Intrnl_Id="2657">
<LocList>
<Loc EndOffset="16680" SrcFileId="21" StartOffset="16664"/>
</LocList>
</BasicBoolTerm>
</RootTerm>
</LoopStmnt>
</StmntSeq>
</HierarchyLvl>
</HierarchyLvl>
</HierarchyLvl>
<HierarchyLvl HierarchyLvlId="1304" HierarchyLvlTypeId="63" Intrnl_Id="2658" Name="Status">
<Header>
<Loc EndOffset="321" SrcFileId="22" StartOffset="303"/>
</Header>
<LocList>
<Loc EndOffset="5533" SrcFileId="22" StartOffset="303"/>
</LocList>
<StmntSeq Intrnl_Id="2659">
<LocList>
<Loc EndOffset="1027" SrcFileId="22" StartOffset="974"/>
</LocList>
<BasicStmnt CovItemId="S1" CovItemPrefix="cabra.Status.java" Intrnl_Id="2660">
<LocList>
<Loc EndOffset="1027" SrcFileId="22" StartOffset="974"/>
</LocList>
</BasicStmnt>
</StmntSeq>
<HierarchyLvl HierarchyLvlId="1293" HierarchyLvlTypeId="67" Intrnl_Id="2661" Name="getReps">
<Header>
<Loc EndOffset="1614" SrcFileId="22" StartOffset="1594"/>
</Header>
<LocList>
<Loc EndOffset="1650" SrcFileId="22" StartOffset="1594"/>
</LocList>
<StmntSeq Intrnl_Id="2662">
<LocList>
<Loc EndOffset="1644" SrcFileId="22" StartOffset="1624"/>
</LocList>
<BasicStmnt CovItemId="S2" CovItemPrefix="cabra.Status.java" Intrnl_Id="2663">
<LocList>
<Loc EndOffset="1644" SrcFileId="22" StartOffset="1624"/>
</LocList>
</BasicStmnt>
</StmntSeq>
</HierarchyLvl>
<HierarchyLvl HierarchyLvlId="1294" HierarchyLvlTypeId="67" Intrnl_Id="2664" Name="getColor">
<Header>
<Loc EndOffset="1683" SrcFileId="22" StartOffset="1660"/>
</Header>
<LocList>
<Loc EndOffset="1712" SrcFileId="22" StartOffset="1660"/>
</LocList>
<StmntSeq Intrnl_Id="2665">
<LocList>
<Loc EndOffset="1706" SrcFileId="22" StartOffset="1693"/>
</LocList>
<BasicStmnt CovItemId="S3" CovItemPrefix="cabra.Status.java" Intrnl_Id="2666">
<LocList>
<Loc EndOffset="1706" SrcFileId="22" StartOffset="1693"/>
</LocList>
</BasicStmnt>
</StmntSeq>
</HierarchyLvl>
<HierarchyLvl HierarchyLvlId="1295" HierarchyLvlTypeId="67" Intrnl_Id="2667" Name="getToolTipText">
<Header>
<Loc EndOffset="1752" SrcFileId="22" StartOffset="1722"/>
</Header>
<LocList>
<Loc EndOffset="1787" SrcFileId="22" StartOffset="1722"/>
</LocList>
<StmntSeq Intrnl_Id="2668">
<LocList>
<Loc EndOffset="1781" SrcFileId="22" StartOffset="1762"/>
</LocList>
<BasicStmnt CovItemId="S4" CovItemPrefix="cabra.Status.java" Intrnl_Id="2669">
<LocList>
<Loc EndOffset="1781" SrcFileId="22" StartOffset="1762"/>
</LocList>
</BasicStmnt>
</StmntSeq>
</HierarchyLvl>
<HierarchyLvl HierarchyLvlId="1296" HierarchyLvlTypeId="67" Intrnl_Id="2670" Name="getImageIcon">
<Header>
<Loc EndOffset="1828" SrcFileId="22" StartOffset="1797"/>
</Header>
<LocList>
<Loc EndOffset="1888" SrcFileId="22" StartOffset="1797"/>
</LocList>
<StmntSeq Intrnl_Id="2671">
<LocList>
<Loc EndOffset="1882" SrcFileId="22" StartOffset="1838"/>
</LocList>
<BasicStmnt CovItemId="S5" CovItemPrefix="cabra.Status.java" Intrnl_Id="2672">
<LocList>
<Loc EndOffset="1882" SrcFileId="22" StartOffset="1838"/>
</LocList>
</BasicStmnt>
</StmntSeq>
</HierarchyLvl>
<HierarchyLvl HierarchyLvlId="1297" HierarchyLvlTypeId="67" Intrnl_Id="2673" Name="toString">
<Header>
<Loc EndOffset="1936" SrcFileId="22" StartOffset="1898"/>
</Header>
<LocList>
<Loc EndOffset="2022" SrcFileId="22" StartOffset="1898"/>
</LocList>
<StmntSeq Intrnl_Id="2674">
<LocList>
<Loc EndOffset="1993" SrcFileId="22" StartOffset="1946"/>
<Loc EndOffset="2016" SrcFileId="22" StartOffset="2002"/>
</LocList>
<BasicStmnt CovItemId="S6" CovItemPrefix="cabra.Status.java" Intrnl_Id="2675">
<LocList>
<Loc EndOffset="1993" SrcFileId="22" StartOffset="1946"/>
</LocList>
</BasicStmnt>
<BasicStmnt CovItemId="S7" CovItemPrefix="cabra.Status.java" Intrnl_Id="2676">
<LocList>
<Loc EndOffset="2016" SrcFileId="22" StartOffset="2002"/>
</LocList>
</BasicStmnt>
</StmntSeq>
</HierarchyLvl>
<HierarchyLvl HierarchyLvlId="1298" HierarchyLvlTypeId="67" Intrnl_Id="2677" Name="nextRank">
<Header>
<Loc EndOffset="2185" SrcFileId="22" StartOffset="2161"/>
</Header>
<LocList>
<Loc EndOffset="2684" SrcFileId="22" StartOffset="2161"/>
</LocList>
<StmntSeq Intrnl_Id="2678">
<LocList>
<Loc EndOffset="2678" SrcFileId="22" StartOffset="2237"/>
</LocList>
<CondStmnt CovItemId="S8" CovItemPrefix="cabra.Status.java" Intrnl_Id="2679">
<Branch CovItemId="B1" CovItemPrefix="cabra.Status.java" Implct="false" Intrnl_Id="2680">
<Cond>
<Loc EndOffset="2271" SrcFileId="22" StartOffset="2263"/>
</Cond>
<LocList>
<Loc EndOffset="2305" SrcFileId="22" StartOffset="2289"/>
</LocList>
<StmntSeq Intrnl_Id="2681">
<LocList>
<Loc EndOffset="2305" SrcFileId="22" StartOffset="2289"/>
</LocList>
<BasicStmnt CovItemId="S9" CovItemPrefix="cabra.Status.java" Intrnl_Id="2682">
<LocList>
<Loc EndOffset="2305" SrcFileId="22" StartOffset="2289"/>
</LocList>
</BasicStmnt>
</StmntSeq>
</Branch>
<Branch CovItemId="B2" CovItemPrefix="cabra.Status.java" Implct="false" Intrnl_Id="2683">
<Cond>
<Loc EndOffset="2326" SrcFileId="22" StartOffset="2318"/>
</Cond>
<LocList>
<Loc EndOffset="2360" SrcFileId="22" StartOffset="2344"/>
</LocList>
<StmntSeq Intrnl_Id="2684">
<LocList>
<Loc EndOffset="2360" SrcFileId="22" StartOffset="2344"/>
</LocList>
<BasicStmnt CovItemId="S10" CovItemPrefix="cabra.Status.java" Intrnl_Id="2685">
<LocList>
<Loc EndOffset="2360" SrcFileId="22" StartOffset="2344"/>
</LocList>
</BasicStmnt>
</StmntSeq>
</Branch>
<Branch CovItemId="B3" CovItemPrefix="cabra.Status.java" Implct="false" Intrnl_Id="2686">
<Cond>
<Loc EndOffset="2381" SrcFileId="22" StartOffset="2373"/>
</Cond>
<LocList>
<Loc EndOffset="2415" SrcFileId="22" StartOffset="2399"/>
</LocList>
<StmntSeq Intrnl_Id="2687">
<LocList>
<Loc EndOffset="2415" SrcFileId="22" StartOffset="2399"/>
</LocList>
<BasicStmnt CovItemId="S11" CovItemPrefix="cabra.Status.java" Intrnl_Id="2688">
<LocList>
<Loc EndOffset="2415" SrcFileId="22" StartOffset="2399"/>
</LocList>
</BasicStmnt>
</StmntSeq>
</Branch>
<Branch CovItemId="B4" CovItemPrefix="cabra.Status.java" Implct="false" Intrnl_Id="2689">
<Cond>
<Loc EndOffset="2436" SrcFileId="22" StartOffset="2428"/>
</Cond>
<LocList>
<Loc EndOffset="2470" SrcFileId="22" StartOffset="2454"/>
</LocList>
<StmntSeq Intrnl_Id="2690">
<LocList>
<Loc EndOffset="2470" SrcFileId="22" StartOffset="2454"/>
</LocList>
<BasicStmnt CovItemId="S12" CovItemPrefix="cabra.Status.java" Intrnl_Id="2691">
<LocList>
<Loc EndOffset="2470" SrcFileId="22" StartOffset="2454"/>
</LocList>
</BasicStmnt>
</StmntSeq>
</Branch>
<Branch CovItemId="B5" CovItemPrefix="cabra.Status.java" Implct="false" Intrnl_Id="2692">
<Cond>
<Loc EndOffset="2491" SrcFileId="22" StartOffset="2483"/>
</Cond>
<LocList>
<Loc EndOffset="2525" SrcFileId="22" StartOffset="2509"/>
</LocList>
<StmntSeq Intrnl_Id="2693">
<LocList>
<Loc EndOffset="2525" SrcFileId="22" StartOffset="2509"/>
</LocList>
<BasicStmnt CovItemId="S13" CovItemPrefix="cabra.Status.java" Intrnl_Id="2694">
<LocList>
<Loc EndOffset="2525" SrcFileId="22" StartOffset="2509"/>
</LocList>
</BasicStmnt>
</StmntSeq>
</Branch>
<Branch CovItemId="B6" CovItemPrefix="cabra.Status.java" Implct="false" Intrnl_Id="2695">
<Cond>
<Loc EndOffset="2567" SrcFileId="22" StartOffset="2560"/>
</Cond>
<LocList>
<Loc EndOffset="2614" SrcFileId="22" StartOffset="2585"/>
</LocList>
<StmntSeq Intrnl_Id="2696">
<LocList>
<Loc EndOffset="2614" SrcFileId="22" StartOffset="2585"/>
</LocList>
<BasicStmnt CovItemId="S14" CovItemPrefix="cabra.Status.java" Intrnl_Id="2697">
<LocList>
<Loc EndOffset="2614" SrcFileId="22" StartOffset="2585"/>
</LocList>
</BasicStmnt>
</StmntSeq>
</Branch>
<Keyword EndOffset="2243" SrcFileId="22" StartOffset="2237"/>
<LocList>
<Loc EndOffset="2678" SrcFileId="22" StartOffset="2237"/>
</LocList>
</CondStmnt>
</StmntSeq>
</HierarchyLvl>
<HierarchyLvl HierarchyLvlId="1299" HierarchyLvlTypeId="67" Intrnl_Id="2698" Name="previousRank">
<Header>
<Loc EndOffset="2858" SrcFileId="22" StartOffset="2830"/>
</Header>
<LocList>
<Loc EndOffset="3322" SrcFileId="22" StartOffset="2830"/>
</LocList>
<StmntSeq Intrnl_Id="2699">
<LocList>
<Loc EndOffset="3308" SrcFileId="22" StartOffset="2868"/>
</LocList>
<CondStmnt CovItemId="S15" CovItemPrefix="cabra.Status.java" Intrnl_Id="2700">
<Branch CovItemId="B7" CovItemPrefix="cabra.Status.java" Implct="false" Intrnl_Id="2701">
<Cond>
<Loc EndOffset="2902" SrcFileId="22" StartOffset="2894"/>
</Cond>
<LocList>
<Loc EndOffset="2936" SrcFileId="22" StartOffset="2920"/>
</LocList>
<StmntSeq Intrnl_Id="2702">
<LocList>
<Loc EndOffset="2936" SrcFileId="22" StartOffset="2920"/>
</LocList>
<BasicStmnt CovItemId="S16" CovItemPrefix="cabra.Status.java" Intrnl_Id="2703">
<LocList>
<Loc EndOffset="2936" SrcFileId="22" StartOffset="2920"/>
</LocList>
</BasicStmnt>
</StmntSeq>
</Branch>
<Branch CovItemId="B8" CovItemPrefix="cabra.Status.java" Implct="false" Intrnl_Id="2704">
<Cond>
<Loc EndOffset="2978" SrcFileId="22" StartOffset="2970"/>
</Cond>
<LocList>
<Loc EndOffset="3012" SrcFileId="22" StartOffset="2996"/>
</LocList>
<StmntSeq Intrnl_Id="2705">
<LocList>
<Loc EndOffset="3012" SrcFileId="22" StartOffset="2996"/>
</LocList>
<BasicStmnt CovItemId="S17" CovItemPrefix="cabra.Status.java" Intrnl_Id="2706">
<LocList>
<Loc EndOffset="3012" SrcFileId="22" StartOffset="2996"/>
</LocList>
</BasicStmnt>
</StmntSeq>
</Branch>
<Branch CovItemId="B9" CovItemPrefix="cabra.Status.java" Implct="false" Intrnl_Id="2707">
<Cond>
<Loc EndOffset="3033" SrcFileId="22" StartOffset="3025"/>
</Cond>
<LocList>
<Loc EndOffset="3067" SrcFileId="22" StartOffset="3051"/>
</LocList>
<StmntSeq Intrnl_Id="2708">
<LocList>
<Loc EndOffset="3067" SrcFileId="22" StartOffset="3051"/>
</LocList>
<BasicStmnt CovItemId="S18" CovItemPrefix="cabra.Status.java" Intrnl_Id="2709">
<LocList>
<Loc EndOffset="3067" SrcFileId="22" StartOffset="3051"/>
</LocList>
</BasicStmnt>
</StmntSeq>
</Branch>
<Branch CovItemId="B10" CovItemPrefix="cabra.Status.java" Implct="false" Intrnl_Id="2710">
<Cond>
<Loc EndOffset="3088" SrcFileId="22" StartOffset="3080"/>
</Cond>
<LocList>
<Loc EndOffset="3122" SrcFileId="22" StartOffset="3106"/>
</LocList>
<StmntSeq Intrnl_Id="2711">
<LocList>
<Loc EndOffset="3122" SrcFileId="22" StartOffset="3106"/>
</LocList>
<BasicStmnt CovItemId="S19" CovItemPrefix="cabra.Status.java" Intrnl_Id="2712">
<LocList>
<Loc EndOffset="3122" SrcFileId="22" StartOffset="3106"/>
</LocList>
</BasicStmnt>
</StmntSeq>
</Branch>
<Branch CovItemId="B11" CovItemPrefix="cabra.Status.java" Implct="false" Intrnl_Id="2713">
<Cond>
<Loc EndOffset="3143" SrcFileId="22" StartOffset="3135"/>
</Cond>
<LocList>
<Loc EndOffset="3177" SrcFileId="22" StartOffset="3161"/>
</LocList>
<StmntSeq Intrnl_Id="2714">
<LocList>
<Loc EndOffset="3177" SrcFileId="22" StartOffset="3161"/>
</LocList>
<BasicStmnt CovItemId="S20" CovItemPrefix="cabra.Status.java" Intrnl_Id="2715">
<LocList>
<Loc EndOffset="3177" SrcFileId="22" StartOffset="3161"/>
</LocList>
</BasicStmnt>
</StmntSeq>
</Branch>
<Branch CovItemId="B12" CovItemPrefix="cabra.Status.java" Implct="false" Intrnl_Id="2716">
<Cond>
<Loc EndOffset="3197" SrcFileId="22" StartOffset="3190"/>
</Cond>
<LocList>
<Loc EndOffset="3244" SrcFileId="22" StartOffset="3215"/>
</LocList>
<StmntSeq Intrnl_Id="2717">
<LocList>
<Loc EndOffset="3244" SrcFileId="22" StartOffset="3215"/>
</LocList>
<BasicStmnt CovItemId="S21" CovItemPrefix="cabra.Status.java" Intrnl_Id="2718">
<LocList>
<Loc EndOffset="3244" SrcFileId="22" StartOffset="3215"/>
</LocList>
</BasicStmnt>
</StmntSeq>
</Branch>
<Keyword EndOffset="2874" SrcFileId="22" StartOffset="2868"/>
<LocList>
<Loc EndOffset="3308" SrcFileId="22" StartOffset="2868"/>
</LocList>
</CondStmnt>
</StmntSeq>
</HierarchyLvl>
<HierarchyLvl HierarchyLvlId="1300" HierarchyLvlTypeId="67" Intrnl_Id="2719" Name="Status">
<Header>
<Loc EndOffset="3786" SrcFileId="22" StartOffset="3716"/>
</Header>
<LocList>
<Loc EndOffset="3871" SrcFileId="22" StartOffset="3716"/>
</LocList>
<StmntSeq Intrnl_Id="2720">
<LocList>
<Loc EndOffset="3865" SrcFileId="22" StartOffset="3796"/>
</LocList>
<BasicStmnt CovItemId="S22" CovItemPrefix="cabra.Status.java" Intrnl_Id="2721">
<LocList>
<Loc EndOffset="3865" SrcFileId="22" StartOffset="3796"/>
</LocList>
</BasicStmnt>
</StmntSeq>
</HierarchyLvl>
<HierarchyLvl HierarchyLvlId="1301" HierarchyLvlTypeId="67" Intrnl_Id="2722" Name="Status">
<Header>
<Loc EndOffset="3948" SrcFileId="22" StartOffset="3881"/>
</Header>
<LocList>
<Loc EndOffset="4090" SrcFileId="22" StartOffset="3881"/>
</LocList>
<StmntSeq Intrnl_Id="2723">
<LocList>
<Loc EndOffset="3975" SrcFileId="22" StartOffset="3958"/>
<Loc EndOffset="4016" SrcFileId="22" StartOffset="3984"/>
<Loc EndOffset="4044" SrcFileId="22" StartOffset="4025"/>
<Loc EndOffset="4084" SrcFileId="22" StartOffset="4053"/>
</LocList>
<BasicStmnt CovItemId="S23" CovItemPrefix="cabra.Status.java" Intrnl_Id="2724">
<LocList>
<Loc EndOffset="3975" SrcFileId="22" StartOffset="3958"/>
</LocList>
</BasicStmnt>
<BasicStmnt CovItemId="S24" CovItemPrefix="cabra.Status.java" Intrnl_Id="2725">
<LocList>
<Loc EndOffset="4016" SrcFileId="22" StartOffset="3984"/>
</LocList>
</BasicStmnt>
<BasicStmnt CovItemId="S25" CovItemPrefix="cabra.Status.java" Intrnl_Id="2726">
<LocList>
<Loc EndOffset="4044" SrcFileId="22" StartOffset="4025"/>
</LocList>
</BasicStmnt>
<BasicStmnt CovItemId="S26" CovItemPrefix="cabra.Status.java" Intrnl_Id="2727">
<LocList>
<Loc EndOffset="4084" SrcFileId="22" StartOffset="4053"/>
</LocList>
</BasicStmnt>
</StmntSeq>
</HierarchyLvl>
<HierarchyLvl HierarchyLvlId="1302" HierarchyLvlTypeId="67" Intrnl_Id="2728" Name="getStatus">
<Header>
<Loc EndOffset="4359" SrcFileId="22" StartOffset="4310"/>
</Header>
<LocList>
<Loc EndOffset="4787" SrcFileId="22" StartOffset="4310"/>
</LocList>
<StmntSeq Intrnl_Id="2729">
<LocList>
<Loc EndOffset="4429" SrcFileId="22" StartOffset="4386"/>
<Loc EndOffset="4469" SrcFileId="22" StartOffset="4455"/>
<Loc EndOffset="4781" SrcFileId="22" StartOffset="4369"/>
</LocList>
<BasicStmnt CovItemId="S28" CovItemPrefix="cabra.Status.java" Intrnl_Id="2730">
<LocList>
<Loc EndOffset="4429" SrcFileId="22" StartOffset="4386"/>
</LocList>
</BasicStmnt>
<BasicStmnt CovItemId="S29" CovItemPrefix="cabra.Status.java" Intrnl_Id="2731">
<LocList>
<Loc EndOffset="4469" SrcFileId="22" StartOffset="4455"/>
</LocList>
</BasicStmnt>
<CondStmnt CovItemId="S27" CovItemPrefix="cabra.Status.java" Intrnl_Id="2732">
<Branch CovItemId="B13" CovItemPrefix="cabra.Status.java" Implct="true" Intrnl_Id="2733">
<Cond/>
<LocList/>
<StmntSeq Intrnl_Id="2734">
<LocList/>
</StmntSeq>
</Branch>
<Branch CovItemId="B14" CovItemPrefix="cabra.Status.java" Implct="false" Intrnl_Id="2735">
<Cond>
<Loc EndOffset="4521" SrcFileId="22" StartOffset="4488"/>
</Cond>
<LocList>
<Loc EndOffset="4781" SrcFileId="22" StartOffset="4521"/>
</LocList>
<StmntSeq Intrnl_Id="2736">
<LocList>
<Loc EndOffset="4771" SrcFileId="22" StartOffset="4656"/>
</LocList>
<CondStmnt CovItemId="S30" CovItemPrefix="cabra.Status.java" Intrnl_Id="2737">
<Branch CovItemId="B15" CovItemPrefix="cabra.Status.java" Implct="false" Intrnl_Id="2738">
<Cond/>
<LocList>
<Loc EndOffset="4721" SrcFileId="22" StartOffset="4705"/>
</LocList>
<StmntSeq Intrnl_Id="2739">
<LocList>
<Loc EndOffset="4721" SrcFileId="22" StartOffset="4705"/>
</LocList>
<BasicStmnt CovItemId="S31" CovItemPrefix="cabra.Status.java" Intrnl_Id="2740">
<LocList>
<Loc EndOffset="4721" SrcFileId="22" StartOffset="4705"/>
</LocList>
</BasicStmnt>
</StmntSeq>
</Branch>
<Branch CovItemId="B16" CovItemPrefix="cabra.Status.java" Implct="false" Intrnl_Id="2741">
<Cond>
<Loc EndOffset="4738" SrcFileId="22" StartOffset="4734"/>
</Cond>
<LocList>
<Loc EndOffset="4771" SrcFileId="22" StartOffset="4755"/>
</LocList>
<StmntSeq Intrnl_Id="2742">
<LocList>
<Loc EndOffset="4771" SrcFileId="22" StartOffset="4755"/>
</LocList>
<BasicStmnt CovItemId="S32" CovItemPrefix="cabra.Status.java" Intrnl_Id="2743">
<LocList>
<Loc EndOffset="4771" SrcFileId="22" StartOffset="4755"/>
</LocList>
</BasicStmnt>
</StmntSeq>
</Branch>
<Keyword EndOffset="4658" SrcFileId="22" StartOffset="4656"/>
<LocList>
<Loc EndOffset="4771" SrcFileId="22" StartOffset="4656"/>
</LocList>
<RootTerm CovItemId="C1" CovItemPrefix="cabra.Status.java" Intrnl_Id="2744">
<BasicBoolTerm Intrnl_Id="2745">
<LocList>
<Loc EndOffset="4687" SrcFileId="22" StartOffset="4659"/>
</LocList>
</BasicBoolTerm>
</RootTerm>
</CondStmnt>
</StmntSeq>
</Branch>
<Keyword EndOffset="4372" SrcFileId="22" StartOffset="4369"/>
<LocList>
<Loc EndOffset="4781" SrcFileId="22" StartOffset="4369"/>
</LocList>
</CondStmnt>
</StmntSeq>
</HierarchyLvl>
<HierarchyLvl HierarchyLvlId="1303" HierarchyLvlTypeId="67" Intrnl_Id="2746" Name="importFromPast">
<Header>
<Loc EndOffset="5059" SrcFileId="22" StartOffset="5011"/>
</Header>
<LocList>
<Loc EndOffset="5531" SrcFileId="22" StartOffset="5011"/>
</LocList>
<StmntSeq Intrnl_Id="2747">
<LocList>
<Loc EndOffset="5525" SrcFileId="22" StartOffset="5069"/>
</LocList>
<CondStmnt CovItemId="S33" CovItemPrefix="cabra.Status.java" Intrnl_Id="2748">
<Branch CovItemId="B17" CovItemPrefix="cabra.Status.java" Implct="false" Intrnl_Id="2749">
<Cond/>
<LocList>
<Loc EndOffset="5177" SrcFileId="22" StartOffset="5095"/>
</LocList>
<StmntSeq Intrnl_Id="2750">
<LocList>
<Loc EndOffset="5167" SrcFileId="22" StartOffset="5132"/>
</LocList>
<BasicStmnt CovItemId="S34" CovItemPrefix="cabra.Status.java" Intrnl_Id="2751">
<LocList>
<Loc EndOffset="5167" SrcFileId="22" StartOffset="5132"/>
</LocList>
</BasicStmnt>
</StmntSeq>
</Branch>
<Branch CovItemId="B18" CovItemPrefix="cabra.Status.java" Implct="false" Intrnl_Id="2752">
<Cond>
<Loc EndOffset="5190" SrcFileId="22" StartOffset="5186"/>
</Cond>
<LocList>
<Loc EndOffset="5525" SrcFileId="22" StartOffset="5191"/>
</LocList>
<StmntSeq Intrnl_Id="2753">
<LocList>
<Loc EndOffset="5525" SrcFileId="22" StartOffset="5191"/>
</LocList>
<CondStmnt CovItemId="S35" CovItemPrefix="cabra.Status.java" Intrnl_Id="2754">
<Branch CovItemId="B19" CovItemPrefix="cabra.Status.java" Implct="false" Intrnl_Id="2755">
<Cond/>
<LocList>
<Loc EndOffset="5303" SrcFileId="22" StartOffset="5221"/>
</LocList>
<StmntSeq Intrnl_Id="2756">
<LocList>
<Loc EndOffset="5293" SrcFileId="22" StartOffset="5258"/>
</LocList>
<BasicStmnt CovItemId="S36" CovItemPrefix="cabra.Status.java" Intrnl_Id="2757">
<LocList>
<Loc EndOffset="5293" SrcFileId="22" StartOffset="5258"/>
</LocList>
</BasicStmnt>
</StmntSeq>
</Branch>
<Branch CovItemId="B20" CovItemPrefix="cabra.Status.java" Implct="false" Intrnl_Id="2758">
<Cond>
<Loc EndOffset="5316" SrcFileId="22" StartOffset="5312"/>
</Cond>
<LocList>
<Loc EndOffset="5525" SrcFileId="22" StartOffset="5317"/>
</LocList>
<StmntSeq Intrnl_Id="2759">
<LocList>
<Loc EndOffset="5525" SrcFileId="22" StartOffset="5317"/>
</LocList>
<CondStmnt CovItemId="S37" CovItemPrefix="cabra.Status.java" Intrnl_Id="2760">
<Branch CovItemId="B21" CovItemPrefix="cabra.Status.java" Implct="false" Intrnl_Id="2761">
<Cond/>
<LocList>
<Loc EndOffset="5429" SrcFileId="22" StartOffset="5347"/>
</LocList>
<StmntSeq Intrnl_Id="2762">
<LocList>
<Loc EndOffset="5419" SrcFileId="22" StartOffset="5384"/>
</LocList>
<BasicStmnt CovItemId="S38" CovItemPrefix="cabra.Status.java" Intrnl_Id="2763">
<LocList>
<Loc EndOffset="5419" SrcFileId="22" StartOffset="5384"/>
</LocList>
</BasicStmnt>
</StmntSeq>
</Branch>
<Branch CovItemId="B22" CovItemPrefix="cabra.Status.java" Implct="false" Intrnl_Id="2764">
<Cond>
<Loc EndOffset="5442" SrcFileId="22" StartOffset="5438"/>
</Cond>
<LocList>
<Loc EndOffset="5525" SrcFileId="22" StartOffset="5442"/>
</LocList>
<StmntSeq Intrnl_Id="2765">
<LocList>
<Loc EndOffset="5515" SrcFileId="22" StartOffset="5503"/>
</LocList>
<BasicStmnt CovItemId="S39" CovItemPrefix="cabra.Status.java" Intrnl_Id="2766">
<LocList>
<Loc EndOffset="5515" SrcFileId="22" StartOffset="5503"/>
</LocList>
</BasicStmnt>
</StmntSeq>
</Branch>
<Keyword EndOffset="5319" SrcFileId="22" StartOffset="5317"/>
<LocList>
<Loc EndOffset="5525" SrcFileId="22" StartOffset="5317"/>
</LocList>
<RootTerm CovItemId="C4" CovItemPrefix="cabra.Status.java" Intrnl_Id="2767">
<BasicBoolTerm Intrnl_Id="2768">
<LocList>
<Loc EndOffset="5346" SrcFileId="22" StartOffset="5320"/>
</LocList>
</BasicBoolTerm>
</RootTerm>
</CondStmnt>
</StmntSeq>
</Branch>
<Keyword EndOffset="5193" SrcFileId="22" StartOffset="5191"/>
<LocList>
<Loc EndOffset="5525" SrcFileId="22" StartOffset="5191"/>
</LocList>
<RootTerm CovItemId="C3" CovItemPrefix="cabra.Status.java" Intrnl_Id="2769">
<BasicBoolTerm Intrnl_Id="2770">
<LocList>
<Loc EndOffset="5220" SrcFileId="22" StartOffset="5194"/>
</LocList>
</BasicBoolTerm>
</RootTerm>
</CondStmnt>
</StmntSeq>
</Branch>
<Keyword EndOffset="5071" SrcFileId="22" StartOffset="5069"/>
<LocList>
<Loc EndOffset="5525" SrcFileId="22" StartOffset="5069"/>
</LocList>
<RootTerm CovItemId="C2" CovItemPrefix="cabra.Status.java" Intrnl_Id="2771">
<BasicBoolTerm Intrnl_Id="2772">
<LocList>
<Loc EndOffset="5094" SrcFileId="22" StartOffset="5072"/>
</LocList>
</BasicBoolTerm>
</RootTerm>
</CondStmnt>
</StmntSeq>
</HierarchyLvl>
</HierarchyLvl>
<HierarchyLvl HierarchyLvlId="1329" HierarchyLvlTypeId="66" Intrnl_Id="2773" Name="SettingsPanel">
<Header>
<Loc EndOffset="338" SrcFileId="23" StartOffset="286"/>
</Header>
<LocList>
<Loc EndOffset="14675" SrcFileId="23" StartOffset="286"/>
</LocList>
<StmntSeq Intrnl_Id="2774">
<LocList>
<Loc EndOffset="449" SrcFileId="23" StartOffset="410"/>
<Loc EndOffset="494" SrcFileId="23" StartOffset="454"/>
</LocList>
<BasicStmnt CovItemId="S1" CovItemPrefix="cabra.SettingsPanel.java" Intrnl_Id="2775">
<LocList>
<Loc EndOffset="449" SrcFileId="23" StartOffset="410"/>
</LocList>
</BasicStmnt>
<BasicStmnt CovItemId="S2" CovItemPrefix="cabra.SettingsPanel.java" Intrnl_Id="2776">
<LocList>
<Loc EndOffset="494" SrcFileId="23" StartOffset="454"/>
</LocList>
</BasicStmnt>
</StmntSeq>
<HierarchyLvl HierarchyLvlId="1305" HierarchyLvlTypeId="67" Intrnl_Id="2777" Name="SettingsPanel">
<Header>
<Loc EndOffset="556" SrcFileId="23" StartOffset="504"/>
</Header>
<LocList>
<Loc EndOffset="859" SrcFileId="23" StartOffset="504"/>
</LocList>
<StmntSeq Intrnl_Id="2778">
<LocList>
<Loc EndOffset="595" SrcFileId="23" StartOffset="566"/>
<Loc EndOffset="619" SrcFileId="23" StartOffset="604"/>
<Loc EndOffset="692" SrcFileId="23" StartOffset="676"/>
<Loc EndOffset="723" SrcFileId="23" StartOffset="701"/>
<Loc EndOffset="745" SrcFileId="23" StartOffset="732"/>
<Loc EndOffset="771" SrcFileId="23" StartOffset="754"/>
<Loc EndOffset="853" SrcFileId="23" StartOffset="789"/>
</LocList>
<BasicStmnt CovItemId="S3" CovItemPrefix="cabra.SettingsPanel.java" Intrnl_Id="2779">
<LocList>
<Loc EndOffset="595" SrcFileId="23" StartOffset="566"/>
</LocList>
</BasicStmnt>
<BasicStmnt CovItemId="S4" CovItemPrefix="cabra.SettingsPanel.java" Intrnl_Id="2780">
<LocList>
<Loc EndOffset="619" SrcFileId="23" StartOffset="604"/>
</LocList>
</BasicStmnt>
<BasicStmnt CovItemId="S5" CovItemPrefix="cabra.SettingsPanel.java" Intrnl_Id="2781">
<LocList>
<Loc EndOffset="692" SrcFileId="23" StartOffset="676"/>
</LocList>
</BasicStmnt>
<BasicStmnt CovItemId="S6" CovItemPrefix="cabra.SettingsPanel.java" Intrnl_Id="2782">
<LocList>
<Loc EndOffset="723" SrcFileId="23" StartOffset="701"/>
</LocList>
</BasicStmnt>
<BasicStmnt CovItemId="S7" CovItemPrefix="cabra.SettingsPanel.java" Intrnl_Id="2783">
<LocList>
<Loc EndOffset="745" SrcFileId="23" StartOffset="732"/>
</LocList>
</BasicStmnt>
<BasicStmnt CovItemId="S8" CovItemPrefix="cabra.SettingsPanel.java" Intrnl_Id="2784">
<LocList>
<Loc EndOffset="771" SrcFileId="23" StartOffset="754"/>
</LocList>
</BasicStmnt>
<BasicStmnt CovItemId="S9" CovItemPrefix="cabra.SettingsPanel.java" Intrnl_Id="2785">
<LocList>
<Loc EndOffset="853" SrcFileId="23" StartOffset="789"/>
</LocList>
</BasicStmnt>
</StmntSeq>
</HierarchyLvl>
<HierarchyLvl HierarchyLvlId="1308" HierarchyLvlTypeId="67" Intrnl_Id="2786" Name="getPanel">
<Header>
<Loc EndOffset="1000" SrcFileId="23" StartOffset="976"/>
</Header>
<LocList>
<Loc EndOffset="1352" SrcFileId="23" StartOffset="976"/>
</LocList>
<StmntSeq Intrnl_Id="2787">
<LocList>
<Loc EndOffset="1026" SrcFileId="23" StartOffset="1010"/>
<Loc EndOffset="1239" SrcFileId="23" StartOffset="1238"/>
<Loc EndOffset="1314" SrcFileId="23" StartOffset="1297"/>
<Loc EndOffset="1346" SrcFileId="23" StartOffset="1332"/>
</LocList>
<BasicStmnt CovItemId="S10" CovItemPrefix="cabra.SettingsPanel.java" Intrnl_Id="2788">
<LocList>
<Loc EndOffset="1026" SrcFileId="23" StartOffset="1010"/>
<Loc EndOffset="1239" SrcFileId="23" StartOffset="1238"/>
</LocList>
</BasicStmnt>
<BasicStmnt CovItemId="S13" CovItemPrefix="cabra.SettingsPanel.java" Intrnl_Id="2789">
<LocList>
<Loc EndOffset="1314" SrcFileId="23" StartOffset="1297"/>
</LocList>
</BasicStmnt>
<BasicStmnt CovItemId="S14" CovItemPrefix="cabra.SettingsPanel.java" Intrnl_Id="2790">
<LocList>
<Loc EndOffset="1346" SrcFileId="23" StartOffset="1332"/>
</LocList>
</BasicStmnt>
</StmntSeq>
<HierarchyLvl HierarchyLvlId="1307" HierarchyLvlTypeId="69" Intrnl_Id="2791" Name="JPanel">
<Header>
<Loc EndOffset="1038" SrcFileId="23" StartOffset="1030"/>
</Header>
<LocList>
<Loc EndOffset="1238" SrcFileId="23" StartOffset="1026"/>
</LocList>
<HierarchyLvl HierarchyLvlId="1306" HierarchyLvlTypeId="67" Intrnl_Id="2792" Name="paintComponent">
<Header>
<Loc EndOffset="1112" SrcFileId="23" StartOffset="1052"/>
</Header>
<LocList>
<Loc EndOffset="1228" SrcFileId="23" StartOffset="1052"/>
</LocList>
<StmntSeq Intrnl_Id="2793">
<LocList>
<Loc EndOffset="1154" SrcFileId="23" StartOffset="1130"/>
<Loc EndOffset="1198" SrcFileId="23" StartOffset="1172"/>
</LocList>
<BasicStmnt CovItemId="S11" CovItemPrefix="cabra.SettingsPanel.java" Intrnl_Id="2794">
<LocList>
<Loc EndOffset="1154" SrcFileId="23" StartOffset="1130"/>
</LocList>
</BasicStmnt>
<BasicStmnt CovItemId="S12" CovItemPrefix="cabra.SettingsPanel.java" Intrnl_Id="2795">
<LocList>
<Loc EndOffset="1198" SrcFileId="23" StartOffset="1172"/>
</LocList>
</BasicStmnt>
</StmntSeq>
</HierarchyLvl>
</HierarchyLvl>
</HierarchyLvl>
<HierarchyLvl HierarchyLvlId="1311" HierarchyLvlTypeId="67" Intrnl_Id="2796" Name="addGeneralRow">
<Header>
<Loc EndOffset="1449" SrcFileId="23" StartOffset="1421"/>
</Header>
<LocList>
<Loc EndOffset="2399" SrcFileId="23" StartOffset="1421"/>
</LocList>
<StmntSeq Intrnl_Id="2797">
<LocList>
<Loc EndOffset="1590" SrcFileId="23" StartOffset="1531"/>
<Loc EndOffset="1676" SrcFileId="23" StartOffset="1599"/>
<Loc EndOffset="1764" SrcFileId="23" StartOffset="1712"/>
<Loc EndOffset="1799" SrcFileId="23" StartOffset="1773"/>
<Loc EndOffset="2174" SrcFileId="23" StartOffset="2172"/>
<Loc EndOffset="2221" SrcFileId="23" StartOffset="2192"/>
<Loc EndOffset="2293" SrcFileId="23" StartOffset="2230"/>
<Loc EndOffset="2320" SrcFileId="23" StartOffset="2302"/>
<Loc EndOffset="2349" SrcFileId="23" StartOffset="2329"/>
<Loc EndOffset="2393" SrcFileId="23" StartOffset="2367"/>
</LocList>
<BasicStmnt CovItemId="S15" CovItemPrefix="cabra.SettingsPanel.java" Intrnl_Id="2798">
<LocList>
<Loc EndOffset="1590" SrcFileId="23" StartOffset="1531"/>
</LocList>
</BasicStmnt>
<BasicStmnt CovItemId="S16" CovItemPrefix="cabra.SettingsPanel.java" Intrnl_Id="2799">
<LocList>
<Loc EndOffset="1676" SrcFileId="23" StartOffset="1599"/>
</LocList>
</BasicStmnt>
<BasicStmnt CovItemId="S17" CovItemPrefix="cabra.SettingsPanel.java" Intrnl_Id="2800">
<LocList>
<Loc EndOffset="1764" SrcFileId="23" StartOffset="1712"/>
</LocList>
</BasicStmnt>
<BasicStmnt CovItemId="S18" CovItemPrefix="cabra.SettingsPanel.java" Intrnl_Id="2801">
<LocList>
<Loc EndOffset="1799" SrcFileId="23" StartOffset="1773"/>
<Loc EndOffset="2174" SrcFileId="23" StartOffset="2172"/>
</LocList>
</BasicStmnt>
<BasicStmnt CovItemId="S22" CovItemPrefix="cabra.SettingsPanel.java" Intrnl_Id="2802">
<LocList>
<Loc EndOffset="2221" SrcFileId="23" StartOffset="2192"/>
</LocList>
</BasicStmnt>
<BasicStmnt CovItemId="S23" CovItemPrefix="cabra.SettingsPanel.java" Intrnl_Id="2803">
<LocList>
<Loc EndOffset="2293" SrcFileId="23" StartOffset="2230"/>
</LocList>
</BasicStmnt>
<BasicStmnt CovItemId="S24" CovItemPrefix="cabra.SettingsPanel.java" Intrnl_Id="2804">
<LocList>
<Loc EndOffset="2320" SrcFileId="23" StartOffset="2302"/>
</LocList>
</BasicStmnt>
<BasicStmnt CovItemId="S25" CovItemPrefix="cabra.SettingsPanel.java" Intrnl_Id="2805">
<LocList>
<Loc EndOffset="2349" SrcFileId="23" StartOffset="2329"/>
</LocList>
</BasicStmnt>
<BasicStmnt CovItemId="S26" CovItemPrefix="cabra.SettingsPanel.java" Intrnl_Id="2806">
<LocList>
<Loc EndOffset="2393" SrcFileId="23" StartOffset="2367"/>
</LocList>
</BasicStmnt>
</StmntSeq>
<HierarchyLvl HierarchyLvlId="1310" HierarchyLvlTypeId="69" Intrnl_Id="2807" Name="ChangeListener">
<Header>
<Loc EndOffset="1819" SrcFileId="23" StartOffset="1803"/>
</Header>
<LocList>
<Loc EndOffset="2172" SrcFileId="23" StartOffset="1799"/>
</LocList>
<HierarchyLvl HierarchyLvlId="1309" HierarchyLvlTypeId="67" Intrnl_Id="2808" Name="stateChanged">
<Header>
<Loc EndOffset="1872" SrcFileId="23" StartOffset="1833"/>
</Header>
<LocList>
<Loc EndOffset="2162" SrcFileId="23" StartOffset="1833"/>
</LocList>
<StmntSeq Intrnl_Id="2809">
<LocList>
<Loc EndOffset="1993" SrcFileId="23" StartOffset="1926"/>
<Loc EndOffset="2057" SrcFileId="23" StartOffset="2010"/>
<Loc EndOffset="2148" SrcFileId="23" StartOffset="2104"/>
</LocList>
<BasicStmnt CovItemId="S19" CovItemPrefix="cabra.SettingsPanel.java" Intrnl_Id="2810">
<LocList>
<Loc EndOffset="1993" SrcFileId="23" StartOffset="1926"/>
</LocList>
</BasicStmnt>
<BasicStmnt CovItemId="S20" CovItemPrefix="cabra.SettingsPanel.java" Intrnl_Id="2811">
<LocList>
<Loc EndOffset="2057" SrcFileId="23" StartOffset="2010"/>
</LocList>
</BasicStmnt>
<BasicStmnt CovItemId="S21" CovItemPrefix="cabra.SettingsPanel.java" Intrnl_Id="2812">
<LocList>
<Loc EndOffset="2148" SrcFileId="23" StartOffset="2104"/>
</LocList>
</BasicStmnt>
</StmntSeq>
</HierarchyLvl>
</HierarchyLvl>
</HierarchyLvl>
<HierarchyLvl HierarchyLvlId="1314" HierarchyLvlTypeId="67" Intrnl_Id="2813" Name="addStudyingRow">
<Header>
<Loc EndOffset="2548" SrcFileId="23" StartOffset="2519"/>
</Header>
<LocList>
<Loc EndOffset="3668" SrcFileId="23" StartOffset="2519"/>
</LocList>
<StmntSeq Intrnl_Id="2814">
<LocList>
<Loc EndOffset="2675" SrcFileId="23" StartOffset="2626"/>
<Loc EndOffset="2758" SrcFileId="23" StartOffset="2684"/>
<Loc EndOffset="2846" SrcFileId="23" StartOffset="2794"/>
<Loc EndOffset="2881" SrcFileId="23" StartOffset="2855"/>
<Loc EndOffset="3252" SrcFileId="23" StartOffset="3250"/>
<Loc EndOffset="3355" SrcFileId="23" StartOffset="3326"/>
<Loc EndOffset="3485" SrcFileId="23" StartOffset="3364"/>
<Loc EndOffset="3571" SrcFileId="23" StartOffset="3553"/>
<Loc EndOffset="3600" SrcFileId="23" StartOffset="3580"/>
<Loc EndOffset="3662" SrcFileId="23" StartOffset="3635"/>
</LocList>
<BasicStmnt CovItemId="S27" CovItemPrefix="cabra.SettingsPanel.java" Intrnl_Id="2815">
<LocList>
<Loc EndOffset="2675" SrcFileId="23" StartOffset="2626"/>
</LocList>
</BasicStmnt>
<BasicStmnt CovItemId="S28" CovItemPrefix="cabra.SettingsPanel.java" Intrnl_Id="2816">
<LocList>
<Loc EndOffset="2758" SrcFileId="23" StartOffset="2684"/>
</LocList>
</BasicStmnt>
<BasicStmnt CovItemId="S29" CovItemPrefix="cabra.SettingsPanel.java" Intrnl_Id="2817">
<LocList>
<Loc EndOffset="2846" SrcFileId="23" StartOffset="2794"/>
</LocList>
</BasicStmnt>
<BasicStmnt CovItemId="S30" CovItemPrefix="cabra.SettingsPanel.java" Intrnl_Id="2818">
<LocList>
<Loc EndOffset="2881" SrcFileId="23" StartOffset="2855"/>
<Loc EndOffset="3252" SrcFileId="23" StartOffset="3250"/>
</LocList>
</BasicStmnt>
<BasicStmnt CovItemId="S34" CovItemPrefix="cabra.SettingsPanel.java" Intrnl_Id="2819">
<LocList>
<Loc EndOffset="3355" SrcFileId="23" StartOffset="3326"/>
</LocList>
</BasicStmnt>
<BasicStmnt CovItemId="S35" CovItemPrefix="cabra.SettingsPanel.java" Intrnl_Id="2820">
<LocList>
<Loc EndOffset="3485" SrcFileId="23" StartOffset="3364"/>
</LocList>
</BasicStmnt>
<BasicStmnt CovItemId="S36" CovItemPrefix="cabra.SettingsPanel.java" Intrnl_Id="2821">
<LocList>
<Loc EndOffset="3571" SrcFileId="23" StartOffset="3553"/>
</LocList>
</BasicStmnt>
<BasicStmnt CovItemId="S37" CovItemPrefix="cabra.SettingsPanel.java" Intrnl_Id="2822">
<LocList>
<Loc EndOffset="3600" SrcFileId="23" StartOffset="3580"/>
</LocList>
</BasicStmnt>
<BasicStmnt CovItemId="S38" CovItemPrefix="cabra.SettingsPanel.java" Intrnl_Id="2823">
<LocList>
<Loc EndOffset="3662" SrcFileId="23" StartOffset="3635"/>
</LocList>
</BasicStmnt>
</StmntSeq>
<HierarchyLvl HierarchyLvlId="1313" HierarchyLvlTypeId="69" Intrnl_Id="2824" Name="ChangeListener">
<Header>
<Loc EndOffset="2901" SrcFileId="23" StartOffset="2885"/>
</Header>
<LocList>
<Loc EndOffset="3250" SrcFileId="23" StartOffset="2881"/>
</LocList>
<HierarchyLvl HierarchyLvlId="1312" HierarchyLvlTypeId="67" Intrnl_Id="2825" Name="stateChanged">
<Header>
<Loc EndOffset="2954" SrcFileId="23" StartOffset="2915"/>
</Header>
<LocList>
<Loc EndOffset="3240" SrcFileId="23" StartOffset="2915"/>
</LocList>
<StmntSeq Intrnl_Id="2826">
<LocList>
<Loc EndOffset="3075" SrcFileId="23" StartOffset="3008"/>
<Loc EndOffset="3139" SrcFileId="23" StartOffset="3092"/>
<Loc EndOffset="3226" SrcFileId="23" StartOffset="3186"/>
</LocList>
<BasicStmnt CovItemId="S31" CovItemPrefix="cabra.SettingsPanel.java" Intrnl_Id="2827">
<LocList>
<Loc EndOffset="3075" SrcFileId="23" StartOffset="3008"/>
</LocList>
</BasicStmnt>
<BasicStmnt CovItemId="S32" CovItemPrefix="cabra.SettingsPanel.java" Intrnl_Id="2828">
<LocList>
<Loc EndOffset="3139" SrcFileId="23" StartOffset="3092"/>
</LocList>
</BasicStmnt>
<BasicStmnt CovItemId="S33" CovItemPrefix="cabra.SettingsPanel.java" Intrnl_Id="2829">
<LocList>
<Loc EndOffset="3226" SrcFileId="23" StartOffset="3186"/>
</LocList>
</BasicStmnt>
</StmntSeq>
</HierarchyLvl>
</HierarchyLvl>
</HierarchyLvl>
<HierarchyLvl HierarchyLvlId="1319" HierarchyLvlTypeId="67" Intrnl_Id="2830" Name="addFontRow">
<Header>
<Loc EndOffset="3789" SrcFileId="23" StartOffset="3764"/>
</Header>
<LocList>
<Loc EndOffset="6919" SrcFileId="23" StartOffset="3764"/>
</LocList>
<StmntSeq Intrnl_Id="2831">
<LocList>
<Loc EndOffset="3847" SrcFileId="23" StartOffset="3799"/>
<Loc EndOffset="3981" SrcFileId="23" StartOffset="3865"/>
<Loc EndOffset="4033" SrcFileId="23" StartOffset="3990"/>
<Loc EndOffset="4092" SrcFileId="23" StartOffset="4042"/>
<Loc EndOffset="4136" SrcFileId="23" StartOffset="4101"/>
<Loc EndOffset="4245" SrcFileId="23" StartOffset="4197"/>
<Loc EndOffset="4414" SrcFileId="23" StartOffset="4372"/>
<Loc EndOffset="4493" SrcFileId="23" StartOffset="4423"/>
<Loc EndOffset="4659" SrcFileId="23" StartOffset="4615"/>
<Loc EndOffset="4800" SrcFileId="23" StartOffset="4668"/>
<Loc EndOffset="4861" SrcFileId="23" StartOffset="4834"/>
<Loc EndOffset="5492" SrcFileId="23" StartOffset="5490"/>
<Loc EndOffset="5562" SrcFileId="23" StartOffset="5526"/>
<Loc EndOffset="5592" SrcFileId="23" StartOffset="5571"/>
<Loc EndOffset="5804" SrcFileId="23" StartOffset="5748"/>
<Loc EndOffset="5861" SrcFileId="23" StartOffset="5813"/>
<Loc EndOffset="5962" SrcFileId="23" StartOffset="5915"/>
<Loc EndOffset="6108" SrcFileId="23" StartOffset="5971"/>
<Loc EndOffset="6177" SrcFileId="23" StartOffset="6150"/>
<Loc EndOffset="6751" SrcFileId="23" StartOffset="6749"/>
<Loc EndOffset="6829" SrcFileId="23" StartOffset="6793"/>
<Loc EndOffset="6859" SrcFileId="23" StartOffset="6838"/>
<Loc EndOffset="6913" SrcFileId="23" StartOffset="6877"/>
</LocList>
<BasicStmnt CovItemId="S39" CovItemPrefix="cabra.SettingsPanel.java" Intrnl_Id="2832">
<LocList>
<Loc EndOffset="3847" SrcFileId="23" StartOffset="3799"/>
</LocList>
</BasicStmnt>
<BasicStmnt CovItemId="S40" CovItemPrefix="cabra.SettingsPanel.java" Intrnl_Id="2833">
<LocList>
<Loc EndOffset="3981" SrcFileId="23" StartOffset="3865"/>
</LocList>
</BasicStmnt>
<BasicStmnt CovItemId="S41" CovItemPrefix="cabra.SettingsPanel.java" Intrnl_Id="2834">
<LocList>
<Loc EndOffset="4033" SrcFileId="23" StartOffset="3990"/>
</LocList>
</BasicStmnt>
<BasicStmnt CovItemId="S42" CovItemPrefix="cabra.SettingsPanel.java" Intrnl_Id="2835">
<LocList>
<Loc EndOffset="4092" SrcFileId="23" StartOffset="4042"/>
</LocList>
</BasicStmnt>
<BasicStmnt CovItemId="S43" CovItemPrefix="cabra.SettingsPanel.java" Intrnl_Id="2836">
<LocList>
<Loc EndOffset="4136" SrcFileId="23" StartOffset="4101"/>
</LocList>
</BasicStmnt>
<BasicStmnt CovItemId="S44" CovItemPrefix="cabra.SettingsPanel.java" Intrnl_Id="2837">
<LocList>
<Loc EndOffset="4245" SrcFileId="23" StartOffset="4197"/>
</LocList>
</BasicStmnt>
<BasicStmnt CovItemId="S45" CovItemPrefix="cabra.SettingsPanel.java" Intrnl_Id="2838">
<LocList>
<Loc EndOffset="4414" SrcFileId="23" StartOffset="4372"/>
</LocList>
</BasicStmnt>
<BasicStmnt CovItemId="S46" CovItemPrefix="cabra.SettingsPanel.java" Intrnl_Id="2839">
<LocList>
<Loc EndOffset="4493" SrcFileId="23" StartOffset="4423"/>
</LocList>
</BasicStmnt>
<BasicStmnt CovItemId="S47" CovItemPrefix="cabra.SettingsPanel.java" Intrnl_Id="2840">
<LocList>
<Loc EndOffset="4659" SrcFileId="23" StartOffset="4615"/>
</LocList>
</BasicStmnt>
<LoopStmnt CovItemId="S48" CovItemPrefix="cabra.SettingsPanel.java" Intrnl_Id="2841" MltplExecId="L1-2" MltplExecPrefix="cabra.SettingsPanel.java" NvrExecId="L1-0" NvrExecPrefix="cabra.SettingsPanel.java" OnceExecutedId="L1-1" OnceExecutedPrefix="cabra.SettingsPanel.java" OptBodyExec="true">
<StmntSeq Intrnl_Id="2842">
<LocList>
<Loc EndOffset="4790" SrcFileId="23" StartOffset="4715"/>
</LocList>
<CondStmnt CovItemId="S49" CovItemPrefix="cabra.SettingsPanel.java" Intrnl_Id="2843">
<Branch CovItemId="B1" CovItemPrefix="cabra.SettingsPanel.java" Implct="false" Intrnl_Id="2844">
<Cond/>
<LocList>
<Loc EndOffset="4790" SrcFileId="23" StartOffset="4761"/>
</LocList>
<StmntSeq Intrnl_Id="2845">
<LocList>
<Loc EndOffset="4790" SrcFileId="23" StartOffset="4761"/>
</LocList>
<BasicStmnt CovItemId="S50" CovItemPrefix="cabra.SettingsPanel.java" Intrnl_Id="2846">
<LocList>
<Loc EndOffset="4790" SrcFileId="23" StartOffset="4761"/>
</LocList>
</BasicStmnt>
</StmntSeq>
</Branch>
<Branch CovItemId="B2" CovItemPrefix="cabra.SettingsPanel.java" Implct="true" Intrnl_Id="2847">
<Cond/>
<LocList/>
<StmntSeq Intrnl_Id="2848">
<LocList/>
</StmntSeq>
</Branch>
<Keyword EndOffset="4717" SrcFileId="23" StartOffset="4715"/>
<LocList>
<Loc EndOffset="4790" SrcFileId="23" StartOffset="4715"/>
</LocList>
<RootTerm CovItemId="C2" CovItemPrefix="cabra.SettingsPanel.java" Intrnl_Id="2849">
<BasicBoolTerm Intrnl_Id="2850">
<LocList>
<Loc EndOffset="4743" SrcFileId="23" StartOffset="4718"/>
</LocList>
</BasicBoolTerm>
</RootTerm>
</CondStmnt>
</StmntSeq>
<Keyword EndOffset="4671" SrcFileId="23" StartOffset="4668"/>
<LocList>
<Loc EndOffset="4800" SrcFileId="23" StartOffset="4668"/>
</LocList>
<RootTerm CovItemId="C1" CovItemPrefix="cabra.SettingsPanel.java" Intrnl_Id="2851">
<BasicBoolTerm Intrnl_Id="2852">
<LocList>
<Loc EndOffset="4695" SrcFileId="23" StartOffset="4681"/>
</LocList>
</BasicBoolTerm>
</RootTerm>
</LoopStmnt>
<BasicStmnt CovItemId="S51" CovItemPrefix="cabra.SettingsPanel.java" Intrnl_Id="2853">
<LocList>
<Loc EndOffset="4861" SrcFileId="23" StartOffset="4834"/>
<Loc EndOffset="5492" SrcFileId="23" StartOffset="5490"/>
</LocList>
</BasicStmnt>
<BasicStmnt CovItemId="S57" CovItemPrefix="cabra.SettingsPanel.java" Intrnl_Id="2854">
<LocList>
<Loc EndOffset="5562" SrcFileId="23" StartOffset="5526"/>
</LocList>
</BasicStmnt>
<BasicStmnt CovItemId="S58" CovItemPrefix="cabra.SettingsPanel.java" Intrnl_Id="2855">
<LocList>
<Loc EndOffset="5592" SrcFileId="23" StartOffset="5571"/>
</LocList>
</BasicStmnt>
<BasicStmnt CovItemId="S59" CovItemPrefix="cabra.SettingsPanel.java" Intrnl_Id="2856">
<LocList>
<Loc EndOffset="5804" SrcFileId="23" StartOffset="5748"/>
</LocList>
</BasicStmnt>
<BasicStmnt CovItemId="S60" CovItemPrefix="cabra.SettingsPanel.java" Intrnl_Id="2857">
<LocList>
<Loc EndOffset="5861" SrcFileId="23" StartOffset="5813"/>
</LocList>
</BasicStmnt>
<BasicStmnt CovItemId="S61" CovItemPrefix="cabra.SettingsPanel.java" Intrnl_Id="2858">
<LocList>
<Loc EndOffset="5962" SrcFileId="23" StartOffset="5915"/>
</LocList>
</BasicStmnt>
<LoopStmnt CovItemId="S62" CovItemPrefix="cabra.SettingsPanel.java" Intrnl_Id="2859" MltplExecId="L2-2" MltplExecPrefix="cabra.SettingsPanel.java" NvrExecId="L2-0" NvrExecPrefix="cabra.SettingsPanel.java" OnceExecutedId="L2-1" OnceExecutedPrefix="cabra.SettingsPanel.java" OptBodyExec="true">
<StmntSeq Intrnl_Id="2860">
<LocList>
<Loc EndOffset="6098" SrcFileId="23" StartOffset="6018"/>
</LocList>
<CondStmnt CovItemId="S63" CovItemPrefix="cabra.SettingsPanel.java" Intrnl_Id="2861">
<Branch CovItemId="B3" CovItemPrefix="cabra.SettingsPanel.java" Implct="false" Intrnl_Id="2862">
<Cond/>
<LocList>
<Loc EndOffset="6098" SrcFileId="23" StartOffset="6069"/>
</LocList>
<StmntSeq Intrnl_Id="2863">
<LocList>
<Loc EndOffset="6098" SrcFileId="23" StartOffset="6069"/>
</LocList>
<BasicStmnt CovItemId="S64" CovItemPrefix="cabra.SettingsPanel.java" Intrnl_Id="2864">
<LocList>
<Loc EndOffset="6098" SrcFileId="23" StartOffset="6069"/>
</LocList>
</BasicStmnt>
</StmntSeq>
</Branch>
<Branch CovItemId="B4" CovItemPrefix="cabra.SettingsPanel.java" Implct="true" Intrnl_Id="2865">
<Cond/>
<LocList/>
<StmntSeq Intrnl_Id="2866">
<LocList/>
</StmntSeq>
</Branch>
<Keyword EndOffset="6020" SrcFileId="23" StartOffset="6018"/>
<LocList>
<Loc EndOffset="6098" SrcFileId="23" StartOffset="6018"/>
</LocList>
<RootTerm CovItemId="C4" CovItemPrefix="cabra.SettingsPanel.java" Intrnl_Id="2867">
<BasicBoolTerm Intrnl_Id="2868">
<LocList>
<Loc EndOffset="6051" SrcFileId="23" StartOffset="6021"/>
</LocList>
</BasicBoolTerm>
</RootTerm>
</CondStmnt>
</StmntSeq>
<Keyword EndOffset="5974" SrcFileId="23" StartOffset="5971"/>
<LocList>
<Loc EndOffset="6108" SrcFileId="23" StartOffset="5971"/>
</LocList>
<RootTerm CovItemId="C3" CovItemPrefix="cabra.SettingsPanel.java" Intrnl_Id="2869">
<BasicBoolTerm Intrnl_Id="2870">
<LocList>
<Loc EndOffset="5998" SrcFileId="23" StartOffset="5984"/>
</LocList>
</BasicBoolTerm>
</RootTerm>
</LoopStmnt>
<BasicStmnt CovItemId="S65" CovItemPrefix="cabra.SettingsPanel.java" Intrnl_Id="2871">
<LocList>
<Loc EndOffset="6177" SrcFileId="23" StartOffset="6150"/>
<Loc EndOffset="6751" SrcFileId="23" StartOffset="6749"/>
</LocList>
</BasicStmnt>
<BasicStmnt CovItemId="S70" CovItemPrefix="cabra.SettingsPanel.java" Intrnl_Id="2872">
<LocList>
<Loc EndOffset="6829" SrcFileId="23" StartOffset="6793"/>
</LocList>
</BasicStmnt>
<BasicStmnt CovItemId="S71" CovItemPrefix="cabra.SettingsPanel.java" Intrnl_Id="2873">
<LocList>
<Loc EndOffset="6859" SrcFileId="23" StartOffset="6838"/>
</LocList>
</BasicStmnt>
<BasicStmnt CovItemId="S72" CovItemPrefix="cabra.SettingsPanel.java" Intrnl_Id="2874">
<LocList>
<Loc EndOffset="6913" SrcFileId="23" StartOffset="6877"/>
</LocList>
</BasicStmnt>
</StmntSeq>
<HierarchyLvl HierarchyLvlId="1316" HierarchyLvlTypeId="69" Intrnl_Id="2875" Name="ActionListener">
<Header>
<Loc EndOffset="4881" SrcFileId="23" StartOffset="4865"/>
</Header>
<LocList>
<Loc EndOffset="5490" SrcFileId="23" StartOffset="4861"/>
</LocList>
<HierarchyLvl HierarchyLvlId="1315" HierarchyLvlTypeId="67" Intrnl_Id="2876" Name="actionPerformed">
<Header>
<Loc EndOffset="4936" SrcFileId="23" StartOffset="4894"/>
</Header>
<LocList>
<Loc EndOffset="5479" SrcFileId="23" StartOffset="4894"/>
</LocList>
<StmntSeq Intrnl_Id="2877">
<LocList>
<Loc EndOffset="5051" SrcFileId="23" StartOffset="5006"/>
<Loc EndOffset="5116" SrcFileId="23" StartOffset="5067"/>
<Loc EndOffset="5279" SrcFileId="23" StartOffset="5228"/>
<Loc EndOffset="5395" SrcFileId="23" StartOffset="5347"/>
<Loc EndOffset="5466" SrcFileId="23" StartOffset="5445"/>
</LocList>
<BasicStmnt CovItemId="S52" CovItemPrefix="cabra.SettingsPanel.java" Intrnl_Id="2878">
<LocList>
<Loc EndOffset="5051" SrcFileId="23" StartOffset="5006"/>
</LocList>
</BasicStmnt>
<BasicStmnt CovItemId="S53" CovItemPrefix="cabra.SettingsPanel.java" Intrnl_Id="2879">
<LocList>
<Loc EndOffset="5116" SrcFileId="23" StartOffset="5067"/>
</LocList>
</BasicStmnt>
<BasicStmnt CovItemId="S54" CovItemPrefix="cabra.SettingsPanel.java" Intrnl_Id="2880">
<LocList>
<Loc EndOffset="5279" SrcFileId="23" StartOffset="5228"/>
</LocList>
</BasicStmnt>
<BasicStmnt CovItemId="S55" CovItemPrefix="cabra.SettingsPanel.java" Intrnl_Id="2881">
<LocList>
<Loc EndOffset="5395" SrcFileId="23" StartOffset="5347"/>
</LocList>
</BasicStmnt>
<BasicStmnt CovItemId="S56" CovItemPrefix="cabra.SettingsPanel.java" Intrnl_Id="2882">
<LocList>
<Loc EndOffset="5466" SrcFileId="23" StartOffset="5445"/>
</LocList>
</BasicStmnt>
</StmntSeq>
</HierarchyLvl>
</HierarchyLvl>
<HierarchyLvl HierarchyLvlId="1318" HierarchyLvlTypeId="69" Intrnl_Id="2883" Name="ActionListener">
<Header>
<Loc EndOffset="6197" SrcFileId="23" StartOffset="6181"/>
</Header>
<LocList>
<Loc EndOffset="6749" SrcFileId="23" StartOffset="6177"/>
</LocList>
<HierarchyLvl HierarchyLvlId="1317" HierarchyLvlTypeId="67" Intrnl_Id="2884" Name="actionPerformed">
<Header>
<Loc EndOffset="6252" SrcFileId="23" StartOffset="6210"/>
</Header>
<LocList>
<Loc EndOffset="6738" SrcFileId="23" StartOffset="6210"/>
</LocList>
<StmntSeq Intrnl_Id="2885">
<LocList>
<Loc EndOffset="6378" SrcFileId="23" StartOffset="6322"/>
<Loc EndOffset="6538" SrcFileId="23" StartOffset="6490"/>
<Loc EndOffset="6654" SrcFileId="23" StartOffset="6606"/>
<Loc EndOffset="6725" SrcFileId="23" StartOffset="6704"/>
</LocList>
<BasicStmnt CovItemId="S66" CovItemPrefix="cabra.SettingsPanel.java" Intrnl_Id="2886">
<LocList>
<Loc EndOffset="6378" SrcFileId="23" StartOffset="6322"/>
</LocList>
</BasicStmnt>
<BasicStmnt CovItemId="S67" CovItemPrefix="cabra.SettingsPanel.java" Intrnl_Id="2887">
<LocList>
<Loc EndOffset="6538" SrcFileId="23" StartOffset="6490"/>
</LocList>
</BasicStmnt>
<BasicStmnt CovItemId="S68" CovItemPrefix="cabra.SettingsPanel.java" Intrnl_Id="2888">
<LocList>
<Loc EndOffset="6654" SrcFileId="23" StartOffset="6606"/>
</LocList>
</BasicStmnt>
<BasicStmnt CovItemId="S69" CovItemPrefix="cabra.SettingsPanel.java" Intrnl_Id="2889">
<LocList>
<Loc EndOffset="6725" SrcFileId="23" StartOffset="6704"/>
</LocList>
</BasicStmnt>
</StmntSeq>
</HierarchyLvl>
</HierarchyLvl>
</HierarchyLvl>
<HierarchyLvl HierarchyLvlId="1324" HierarchyLvlTypeId="67" Intrnl_Id="2890" Name="addProjectFolderRow">
<Header>
<Loc EndOffset="7034" SrcFileId="23" StartOffset="7000"/>
</Header>
<LocList>
<Loc EndOffset="12926" SrcFileId="23" StartOffset="7000"/>
</LocList>
<StmntSeq Intrnl_Id="2891">
<LocList>
<Loc EndOffset="7131" SrcFileId="23" StartOffset="7072"/>
<Loc EndOffset="7199" SrcFileId="23" StartOffset="7140"/>
<Loc EndOffset="7250" SrcFileId="23" StartOffset="7208"/>
<Loc EndOffset="7316" SrcFileId="23" StartOffset="7259"/>
<Loc EndOffset="7446" SrcFileId="23" StartOffset="7374"/>
<Loc EndOffset="7531" SrcFileId="23" StartOffset="7455"/>
<Loc EndOffset="7577" SrcFileId="23" StartOffset="7540"/>
<Loc EndOffset="10805" SrcFileId="23" StartOffset="10803"/>
<Loc EndOffset="10940" SrcFileId="23" StartOffset="10869"/>
<Loc EndOffset="11056" SrcFileId="23" StartOffset="10949"/>
<Loc EndOffset="11099" SrcFileId="23" StartOffset="11065"/>
<Loc EndOffset="12341" SrcFileId="23" StartOffset="12339"/>
<Loc EndOffset="12726" SrcFileId="23" StartOffset="12639"/>
<Loc EndOffset="12793" SrcFileId="23" StartOffset="12735"/>
<Loc EndOffset="12912" SrcFileId="23" StartOffset="12811"/>
</LocList>
<BasicStmnt CovItemId="S73" CovItemPrefix="cabra.SettingsPanel.java" Intrnl_Id="2892">
<LocList>
<Loc EndOffset="7131" SrcFileId="23" StartOffset="7072"/>
</LocList>
</BasicStmnt>
<BasicStmnt CovItemId="S74" CovItemPrefix="cabra.SettingsPanel.java" Intrnl_Id="2893">
<LocList>
<Loc EndOffset="7199" SrcFileId="23" StartOffset="7140"/>
</LocList>
</BasicStmnt>
<BasicStmnt CovItemId="S75" CovItemPrefix="cabra.SettingsPanel.java" Intrnl_Id="2894">
<LocList>
<Loc EndOffset="7250" SrcFileId="23" StartOffset="7208"/>
</LocList>
</BasicStmnt>
<BasicStmnt CovItemId="S76" CovItemPrefix="cabra.SettingsPanel.java" Intrnl_Id="2895">
<LocList>
<Loc EndOffset="7316" SrcFileId="23" StartOffset="7259"/>
</LocList>
</BasicStmnt>
<BasicStmnt CovItemId="S77" CovItemPrefix="cabra.SettingsPanel.java" Intrnl_Id="2896">
<LocList>
<Loc EndOffset="7446" SrcFileId="23" StartOffset="7374"/>
</LocList>
</BasicStmnt>
<BasicStmnt CovItemId="S78" CovItemPrefix="cabra.SettingsPanel.java" Intrnl_Id="2897">
<LocList>
<Loc EndOffset="7531" SrcFileId="23" StartOffset="7455"/>
</LocList>
</BasicStmnt>
<BasicStmnt CovItemId="S79" CovItemPrefix="cabra.SettingsPanel.java" Intrnl_Id="2898">
<LocList>
<Loc EndOffset="7577" SrcFileId="23" StartOffset="7540"/>
<Loc EndOffset="10805" SrcFileId="23" StartOffset="10803"/>
</LocList>
</BasicStmnt>
<BasicStmnt CovItemId="S95" CovItemPrefix="cabra.SettingsPanel.java" Intrnl_Id="2899">
<LocList>
<Loc EndOffset="10940" SrcFileId="23" StartOffset="10869"/>
</LocList>
</BasicStmnt>
<BasicStmnt CovItemId="S96" CovItemPrefix="cabra.SettingsPanel.java" Intrnl_Id="2900">
<LocList>
<Loc EndOffset="11056" SrcFileId="23" StartOffset="10949"/>
</LocList>
</BasicStmnt>
<BasicStmnt CovItemId="S97" CovItemPrefix="cabra.SettingsPanel.java" Intrnl_Id="2901">
<LocList>
<Loc EndOffset="11099" SrcFileId="23" StartOffset="11065"/>
<Loc EndOffset="12341" SrcFileId="23" StartOffset="12339"/>
</LocList>
</BasicStmnt>
<BasicStmnt CovItemId="S104" CovItemPrefix="cabra.SettingsPanel.java" Intrnl_Id="2902">
<LocList>
<Loc EndOffset="12726" SrcFileId="23" StartOffset="12639"/>
</LocList>
</BasicStmnt>
<BasicStmnt CovItemId="S105" CovItemPrefix="cabra.SettingsPanel.java" Intrnl_Id="2903">
<LocList>
<Loc EndOffset="12793" SrcFileId="23" StartOffset="12735"/>
</LocList>
</BasicStmnt>
<BasicStmnt CovItemId="S106" CovItemPrefix="cabra.SettingsPanel.java" Intrnl_Id="2904">
<LocList>
<Loc EndOffset="12912" SrcFileId="23" StartOffset="12811"/>
</LocList>
</BasicStmnt>
</StmntSeq>
<HierarchyLvl HierarchyLvlId="1321" HierarchyLvlTypeId="69" Intrnl_Id="2905" Name="ActionListener">
<Header>
<Loc EndOffset="7597" SrcFileId="23" StartOffset="7581"/>
</Header>
<LocList>
<Loc EndOffset="10803" SrcFileId="23" StartOffset="7577"/>
</LocList>
<HierarchyLvl HierarchyLvlId="1320" HierarchyLvlTypeId="67" Intrnl_Id="2906" Name="actionPerformed">
<Header>
<Loc EndOffset="7653" SrcFileId="23" StartOffset="7611"/>
</Header>
<LocList>
<Loc EndOffset="10793" SrcFileId="23" StartOffset="7611"/>
</LocList>
<StmntSeq Intrnl_Id="2907">
<LocList>
<Loc EndOffset="7843" SrcFileId="23" StartOffset="7704"/>
<Loc EndOffset="7889" SrcFileId="23" StartOffset="7860"/>
<Loc EndOffset="9905" SrcFileId="23" StartOffset="7923"/>
<Loc EndOffset="10048" SrcFileId="23" StartOffset="9999"/>
<Loc EndOffset="10526" SrcFileId="23" StartOffset="10065"/>
<Loc EndOffset="10649" SrcFileId="23" StartOffset="10595"/>
<Loc EndOffset="10779" SrcFileId="23" StartOffset="10719"/>
</LocList>
<BasicStmnt CovItemId="S80" CovItemPrefix="cabra.SettingsPanel.java" Intrnl_Id="2908">
<LocList>
<Loc EndOffset="7843" SrcFileId="23" StartOffset="7704"/>
</LocList>
</BasicStmnt>
<CondStmnt CovItemId="S81" CovItemPrefix="cabra.SettingsPanel.java" Intrnl_Id="2909">
<Branch CovItemId="B5" CovItemPrefix="cabra.SettingsPanel.java" Implct="false" Intrnl_Id="2910">
<Cond/>
<LocList>
<Loc EndOffset="7889" SrcFileId="23" StartOffset="7882"/>
</LocList>
<StmntSeq Intrnl_Id="2911">
<LocList>
<Loc EndOffset="7889" SrcFileId="23" StartOffset="7882"/>
</LocList>
<BasicStmnt CovItemId="S82" CovItemPrefix="cabra.SettingsPanel.java" Intrnl_Id="2912">
<LocList>
<Loc EndOffset="7889" SrcFileId="23" StartOffset="7882"/>
</LocList>
</BasicStmnt>
</StmntSeq>
</Branch>
<Branch CovItemId="B6" CovItemPrefix="cabra.SettingsPanel.java" Implct="true" Intrnl_Id="2913">
<Cond/>
<LocList/>
<StmntSeq Intrnl_Id="2914">
<LocList/>
</StmntSeq>
</Branch>
<Keyword EndOffset="7862" SrcFileId="23" StartOffset="7860"/>
<LocList>
<Loc EndOffset="7889" SrcFileId="23" StartOffset="7860"/>
</LocList>
<RootTerm CovItemId="C5" CovItemPrefix="cabra.SettingsPanel.java" Intrnl_Id="2915">
<BasicBoolTerm Intrnl_Id="2916">
<LocList>
<Loc EndOffset="7880" SrcFileId="23" StartOffset="7863"/>
</LocList>
</BasicBoolTerm>
</RootTerm>
</CondStmnt>
<CondStmnt CovItemId="S83" CovItemPrefix="cabra.SettingsPanel.java" Intrnl_Id="2917">
<Branch CovItemId="B7" CovItemPrefix="cabra.SettingsPanel.java" Implct="false" Intrnl_Id="2918">
<Cond/>
<LocList>
<Loc EndOffset="9905" SrcFileId="23" StartOffset="7960"/>
</LocList>
<StmntSeq Intrnl_Id="2919">
<LocList>
<Loc EndOffset="9728" SrcFileId="23" StartOffset="9654"/>
<Loc EndOffset="9775" SrcFileId="23" StartOffset="9757"/>
<Loc EndOffset="9826" SrcFileId="23" StartOffset="9804"/>
</LocList>
<BasicStmnt CovItemId="S84" CovItemPrefix="cabra.SettingsPanel.java" Intrnl_Id="2920">
<LocList>
<Loc EndOffset="9728" SrcFileId="23" StartOffset="9654"/>
</LocList>
</BasicStmnt>
<BasicStmnt CovItemId="S85" CovItemPrefix="cabra.SettingsPanel.java" Intrnl_Id="2921">
<LocList>
<Loc EndOffset="9775" SrcFileId="23" StartOffset="9757"/>
</LocList>
</BasicStmnt>
<BasicStmnt CovItemId="S86" CovItemPrefix="cabra.SettingsPanel.java" Intrnl_Id="2922">
<LocList>
<Loc EndOffset="9826" SrcFileId="23" StartOffset="9804"/>
</LocList>
</BasicStmnt>
</StmntSeq>
</Branch>
<Branch CovItemId="B8" CovItemPrefix="cabra.SettingsPanel.java" Implct="true" Intrnl_Id="2923">
<Cond/>
<LocList/>
<StmntSeq Intrnl_Id="2924">
<LocList/>
</StmntSeq>
</Branch>
<Keyword EndOffset="7925" SrcFileId="23" StartOffset="7923"/>
<LocList>
<Loc EndOffset="9905" SrcFileId="23" StartOffset="7923"/>
</LocList>
<RootTerm CovItemId="C6" CovItemPrefix="cabra.SettingsPanel.java" Intrnl_Id="2925">
<BasicBoolTerm Intrnl_Id="2926">
<LocList>
<Loc EndOffset="7959" SrcFileId="23" StartOffset="7926"/>
</LocList>
</BasicBoolTerm>
</RootTerm>
</CondStmnt>
<BasicStmnt CovItemId="S87" CovItemPrefix="cabra.SettingsPanel.java" Intrnl_Id="2927">
<LocList>
<Loc EndOffset="10048" SrcFileId="23" StartOffset="9999"/>
</LocList>
</BasicStmnt>
<LoopStmnt CovItemId="S88" CovItemPrefix="cabra.SettingsPanel.java" Intrnl_Id="2928" MltplExecId="L3-2" MltplExecPrefix="cabra.SettingsPanel.java" NvrExecId="L3-0" NvrExecPrefix="cabra.SettingsPanel.java" OnceExecutedId="L3-1" OnceExecutedPrefix="cabra.SettingsPanel.java" OptBodyExec="true">
<StmntSeq Intrnl_Id="2929">
<LocList>
<Loc EndOffset="10236" SrcFileId="23" StartOffset="10182"/>
<Loc EndOffset="10461" SrcFileId="23" StartOffset="10382"/>
<Loc EndOffset="10508" SrcFileId="23" StartOffset="10482"/>
</LocList>
<CondStmnt CovItemId="S89" CovItemPrefix="cabra.SettingsPanel.java" Intrnl_Id="2930">
<Branch CovItemId="B9" CovItemPrefix="cabra.SettingsPanel.java" Implct="false" Intrnl_Id="2931">
<Cond/>
<LocList>
<Loc EndOffset="10236" SrcFileId="23" StartOffset="10227"/>
</LocList>
<StmntSeq Intrnl_Id="2932">
<LocList>
<Loc EndOffset="10236" SrcFileId="23" StartOffset="10227"/>
</LocList>
<BasicStmnt CovItemId="S90" CovItemPrefix="cabra.SettingsPanel.java" Intrnl_Id="2933">
<LocList>
<Loc EndOffset="10236" SrcFileId="23" StartOffset="10227"/>
</LocList>
</BasicStmnt>
</StmntSeq>
</Branch>
<Branch CovItemId="B10" CovItemPrefix="cabra.SettingsPanel.java" Implct="true" Intrnl_Id="2934">
<Cond/>
<LocList/>
<StmntSeq Intrnl_Id="2935">
<LocList/>
</StmntSeq>
</Branch>
<Keyword EndOffset="10184" SrcFileId="23" StartOffset="10182"/>
<LocList>
<Loc EndOffset="10236" SrcFileId="23" StartOffset="10182"/>
</LocList>
<RootTerm CovItemId="C7" CovItemPrefix="cabra.SettingsPanel.java" Intrnl_Id="2936">
<BasicBoolTerm Intrnl_Id="2937">
<LocList>
<Loc EndOffset="10225" SrcFileId="23" StartOffset="10185"/>
</LocList>
</BasicBoolTerm>
</RootTerm>
</CondStmnt>
<BasicStmnt CovItemId="S91" CovItemPrefix="cabra.SettingsPanel.java" Intrnl_Id="2938">
<LocList>
<Loc EndOffset="10461" SrcFileId="23" StartOffset="10382"/>
</LocList>
</BasicStmnt>
<BasicStmnt CovItemId="S92" CovItemPrefix="cabra.SettingsPanel.java" Intrnl_Id="2939">
<LocList>
<Loc EndOffset="10508" SrcFileId="23" StartOffset="10482"/>
</LocList>
</BasicStmnt>
</StmntSeq>
<Keyword EndOffset="10068" SrcFileId="23" StartOffset="10065"/>
<LocList>
<Loc EndOffset="10526" SrcFileId="23" StartOffset="10065"/>
</LocList>
</LoopStmnt>
<BasicStmnt CovItemId="S93" CovItemPrefix="cabra.SettingsPanel.java" Intrnl_Id="2940">
<LocList>
<Loc EndOffset="10649" SrcFileId="23" StartOffset="10595"/>
</LocList>
</BasicStmnt>
<BasicStmnt CovItemId="S94" CovItemPrefix="cabra.SettingsPanel.java" Intrnl_Id="2941">
<LocList>
<Loc EndOffset="10779" SrcFileId="23" StartOffset="10719"/>
</LocList>
</BasicStmnt>
</StmntSeq>
</HierarchyLvl>
</HierarchyLvl>
<HierarchyLvl HierarchyLvlId="1323" HierarchyLvlTypeId="69" Intrnl_Id="2942" Name="ActionListener">
<Header>
<Loc EndOffset="11119" SrcFileId="23" StartOffset="11103"/>
</Header>
<LocList>
<Loc EndOffset="12339" SrcFileId="23" StartOffset="11099"/>
</LocList>
<HierarchyLvl HierarchyLvlId="1322" HierarchyLvlTypeId="67" Intrnl_Id="2943" Name="actionPerformed">
<Header>
<Loc EndOffset="11175" SrcFileId="23" StartOffset="11133"/>
</Header>
<LocList>
<Loc EndOffset="12329" SrcFileId="23" StartOffset="11133"/>
</LocList>
<StmntSeq Intrnl_Id="2944">
<LocList>
<Loc EndOffset="11360" SrcFileId="23" StartOffset="11226"/>
<Loc EndOffset="11406" SrcFileId="23" StartOffset="11377"/>
<Loc EndOffset="11734" SrcFileId="23" StartOffset="11680"/>
<Loc EndOffset="11864" SrcFileId="23" StartOffset="11804"/>
<Loc EndOffset="12315" SrcFileId="23" StartOffset="11967"/>
</LocList>
<BasicStmnt CovItemId="S98" CovItemPrefix="cabra.SettingsPanel.java" Intrnl_Id="2945">
<LocList>
<Loc EndOffset="11360" SrcFileId="23" StartOffset="11226"/>
</LocList>
</BasicStmnt>
<CondStmnt CovItemId="S99" CovItemPrefix="cabra.SettingsPanel.java" Intrnl_Id="2946">
<Branch CovItemId="B11" CovItemPrefix="cabra.SettingsPanel.java" Implct="false" Intrnl_Id="2947">
<Cond/>
<LocList>
<Loc EndOffset="11406" SrcFileId="23" StartOffset="11399"/>
</LocList>
<StmntSeq Intrnl_Id="2948">
<LocList>
<Loc EndOffset="11406" SrcFileId="23" StartOffset="11399"/>
</LocList>
<BasicStmnt CovItemId="S100" CovItemPrefix="cabra.SettingsPanel.java" Intrnl_Id="2949">
<LocList>
<Loc EndOffset="11406" SrcFileId="23" StartOffset="11399"/>
</LocList>
</BasicStmnt>
</StmntSeq>
</Branch>
<Branch CovItemId="B12" CovItemPrefix="cabra.SettingsPanel.java" Implct="true" Intrnl_Id="2950">
<Cond/>
<LocList/>
<StmntSeq Intrnl_Id="2951">
<LocList/>
</StmntSeq>
</Branch>
<Keyword EndOffset="11379" SrcFileId="23" StartOffset="11377"/>
<LocList>
<Loc EndOffset="11406" SrcFileId="23" StartOffset="11377"/>
</LocList>
<RootTerm CovItemId="C8" CovItemPrefix="cabra.SettingsPanel.java" Intrnl_Id="2952">
<BasicBoolTerm Intrnl_Id="2953">
<LocList>
<Loc EndOffset="11397" SrcFileId="23" StartOffset="11380"/>
</LocList>
</BasicBoolTerm>
</RootTerm>
</CondStmnt>
<BasicStmnt CovItemId="S101" CovItemPrefix="cabra.SettingsPanel.java" Intrnl_Id="2954">
<LocList>
<Loc EndOffset="11734" SrcFileId="23" StartOffset="11680"/>
</LocList>
</BasicStmnt>
<BasicStmnt CovItemId="S102" CovItemPrefix="cabra.SettingsPanel.java" Intrnl_Id="2955">
<LocList>
<Loc EndOffset="11864" SrcFileId="23" StartOffset="11804"/>
</LocList>
</BasicStmnt>
<BasicStmnt CovItemId="S103" CovItemPrefix="cabra.SettingsPanel.java" Intrnl_Id="2956">
<LocList>
<Loc EndOffset="12315" SrcFileId="23" StartOffset="11967"/>
</LocList>
</BasicStmnt>
</StmntSeq>
</HierarchyLvl>
</HierarchyLvl>
</HierarchyLvl>
<HierarchyLvl HierarchyLvlId="1325" HierarchyLvlTypeId="67" Intrnl_Id="2957" Name="addRow">
<Header>
<Loc EndOffset="13203" SrcFileId="23" StartOffset="13145"/>
</Header>
<LocList>
<Loc EndOffset="13340" SrcFileId="23" StartOffset="13145"/>
</LocList>
<StmntSeq Intrnl_Id="2958">
<LocList>
<Loc EndOffset="13294" SrcFileId="23" StartOffset="13255"/>
<Loc EndOffset="13334" SrcFileId="23" StartOffset="13312"/>
</LocList>
<BasicStmnt CovItemId="S107" CovItemPrefix="cabra.SettingsPanel.java" Intrnl_Id="2959">
<LocList>
<Loc EndOffset="13294" SrcFileId="23" StartOffset="13255"/>
</LocList>
</BasicStmnt>
<BasicStmnt CovItemId="S108" CovItemPrefix="cabra.SettingsPanel.java" Intrnl_Id="2960">
<LocList>
<Loc EndOffset="13334" SrcFileId="23" StartOffset="13312"/>
</LocList>
</BasicStmnt>
</StmntSeq>
</HierarchyLvl>
<HierarchyLvl HierarchyLvlId="1326" HierarchyLvlTypeId="67" Intrnl_Id="2961" Name="putInPanel">
<Header>
<Loc EndOffset="13637" SrcFileId="23" StartOffset="13586"/>
</Header>
<LocList>
<Loc EndOffset="14116" SrcFileId="23" StartOffset="13586"/>
</LocList>
<StmntSeq Intrnl_Id="2962">
<LocList>
<Loc EndOffset="13730" SrcFileId="23" StartOffset="13682"/>
<Loc EndOffset="13788" SrcFileId="23" StartOffset="13739"/>
<Loc EndOffset="13831" SrcFileId="23" StartOffset="13797"/>
<Loc EndOffset="13872" SrcFileId="23" StartOffset="13840"/>
<Loc EndOffset="13896" SrcFileId="23" StartOffset="13881"/>
<Loc EndOffset="13926" SrcFileId="23" StartOffset="13913"/>
<Loc EndOffset="13948" SrcFileId="23" StartOffset="13935"/>
<Loc EndOffset="14078" SrcFileId="23" StartOffset="13966"/>
<Loc EndOffset="14110" SrcFileId="23" StartOffset="14096"/>
</LocList>
<BasicStmnt CovItemId="S109" CovItemPrefix="cabra.SettingsPanel.java" Intrnl_Id="2963">
<LocList>
<Loc EndOffset="13730" SrcFileId="23" StartOffset="13682"/>
</LocList>
</BasicStmnt>
<BasicStmnt CovItemId="S110" CovItemPrefix="cabra.SettingsPanel.java" Intrnl_Id="2964">
<LocList>
<Loc EndOffset="13788" SrcFileId="23" StartOffset="13739"/>
</LocList>
</BasicStmnt>
<BasicStmnt CovItemId="S111" CovItemPrefix="cabra.SettingsPanel.java" Intrnl_Id="2965">
<LocList>
<Loc EndOffset="13831" SrcFileId="23" StartOffset="13797"/>
</LocList>
</BasicStmnt>
<BasicStmnt CovItemId="S112" CovItemPrefix="cabra.SettingsPanel.java" Intrnl_Id="2966">
<LocList>
<Loc EndOffset="13872" SrcFileId="23" StartOffset="13840"/>
</LocList>
</BasicStmnt>
<BasicStmnt CovItemId="S113" CovItemPrefix="cabra.SettingsPanel.java" Intrnl_Id="2967">
<LocList>
<Loc EndOffset="13896" SrcFileId="23" StartOffset="13881"/>
</LocList>
</BasicStmnt>
<BasicStmnt CovItemId="S114" CovItemPrefix="cabra.SettingsPanel.java" Intrnl_Id="2968">
<LocList>
<Loc EndOffset="13926" SrcFileId="23" StartOffset="13913"/>
</LocList>
</BasicStmnt>
<BasicStmnt CovItemId="S115" CovItemPrefix="cabra.SettingsPanel.java" Intrnl_Id="2969">
<LocList>
<Loc EndOffset="13948" SrcFileId="23" StartOffset="13935"/>
</LocList>
</BasicStmnt>
<LoopStmnt CovItemId="S116" CovItemPrefix="cabra.SettingsPanel.java" Intrnl_Id="2970" MltplExecId="L4-2" MltplExecPrefix="cabra.SettingsPanel.java" NvrExecId="L4-0" NvrExecPrefix="cabra.SettingsPanel.java" OnceExecutedId="L4-1" OnceExecutedPrefix="cabra.SettingsPanel.java" OptBodyExec="true">
<StmntSeq Intrnl_Id="2971">
<LocList>
<Loc EndOffset="14044" SrcFileId="23" StartOffset="14018"/>
<Loc EndOffset="14068" SrcFileId="23" StartOffset="14057"/>
</LocList>
<BasicStmnt CovItemId="S117" CovItemPrefix="cabra.SettingsPanel.java" Intrnl_Id="2972">
<LocList>
<Loc EndOffset="14044" SrcFileId="23" StartOffset="14018"/>
</LocList>
</BasicStmnt>
<BasicStmnt CovItemId="S118" CovItemPrefix="cabra.SettingsPanel.java" Intrnl_Id="2973">
<LocList>
<Loc EndOffset="14068" SrcFileId="23" StartOffset="14057"/>
</LocList>
</BasicStmnt>
</StmntSeq>
<Keyword EndOffset="13969" SrcFileId="23" StartOffset="13966"/>
<LocList>
<Loc EndOffset="14078" SrcFileId="23" StartOffset="13966"/>
</LocList>
</LoopStmnt>
<BasicStmnt CovItemId="S119" CovItemPrefix="cabra.SettingsPanel.java" Intrnl_Id="2974">
<LocList>
<Loc EndOffset="14110" SrcFileId="23" StartOffset="14096"/>
</LocList>
</BasicStmnt>
</StmntSeq>
</HierarchyLvl>
<HierarchyLvl HierarchyLvlId="1327" HierarchyLvlTypeId="67" Intrnl_Id="2975" Name="getPref">
<Header>
<Loc EndOffset="14336" SrcFileId="23" StartOffset="14294"/>
</Header>
<LocList>
<Loc EndOffset="14382" SrcFileId="23" StartOffset="14294"/>
</LocList>
<StmntSeq Intrnl_Id="2976">
<LocList>
<Loc EndOffset="14376" SrcFileId="23" StartOffset="14346"/>
</LocList>
<BasicStmnt CovItemId="S120" CovItemPrefix="cabra.SettingsPanel.java" Intrnl_Id="2977">
<LocList>
<Loc EndOffset="14376" SrcFileId="23" StartOffset="14346"/>
</LocList>
</BasicStmnt>
</StmntSeq>
</HierarchyLvl>
<HierarchyLvl HierarchyLvlId="1328" HierarchyLvlTypeId="67" Intrnl_Id="2978" Name="setPref">
<Header>
<Loc EndOffset="14623" SrcFileId="23" StartOffset="14569"/>
</Header>
<LocList>
<Loc EndOffset="14669" SrcFileId="23" StartOffset="14569"/>
</LocList>
<StmntSeq Intrnl_Id="2979">
<LocList>
<Loc EndOffset="14663" SrcFileId="23" StartOffset="14633"/>
</LocList>
<BasicStmnt CovItemId="S121" CovItemPrefix="cabra.SettingsPanel.java" Intrnl_Id="2980">
<LocList>
<Loc EndOffset="14663" SrcFileId="23" StartOffset="14633"/>
</LocList>
</BasicStmnt>
</StmntSeq>
</HierarchyLvl>
</HierarchyLvl>
<HierarchyLvl HierarchyLvlId="1344" HierarchyLvlTypeId="66" Intrnl_Id="2981" Name="Session">
<Header>
<Loc EndOffset="275" SrcFileId="24" StartOffset="240"/>
</Header>
<LocList>
<Loc EndOffset="6422" SrcFileId="24" StartOffset="240"/>
</LocList>
<StmntSeq Intrnl_Id="2982">
<LocList>
<Loc EndOffset="390" SrcFileId="24" StartOffset="361"/>
<Loc EndOffset="570" SrcFileId="24" StartOffset="543"/>
<Loc EndOffset="605" SrcFileId="24" StartOffset="575"/>
<Loc EndOffset="636" SrcFileId="24" StartOffset="610"/>
<Loc EndOffset="668" SrcFileId="24" StartOffset="641"/>
</LocList>
<BasicStmnt CovItemId="S1" CovItemPrefix="cabra.Session.java" Intrnl_Id="2983">
<LocList>
<Loc EndOffset="390" SrcFileId="24" StartOffset="361"/>
</LocList>
</BasicStmnt>
<BasicStmnt CovItemId="S2" CovItemPrefix="cabra.Session.java" Intrnl_Id="2984">
<LocList>
<Loc EndOffset="570" SrcFileId="24" StartOffset="543"/>
</LocList>
</BasicStmnt>
<BasicStmnt CovItemId="S3" CovItemPrefix="cabra.Session.java" Intrnl_Id="2985">
<LocList>
<Loc EndOffset="605" SrcFileId="24" StartOffset="575"/>
</LocList>
</BasicStmnt>
<BasicStmnt CovItemId="S4" CovItemPrefix="cabra.Session.java" Intrnl_Id="2986">
<LocList>
<Loc EndOffset="636" SrcFileId="24" StartOffset="610"/>
</LocList>
</BasicStmnt>
<BasicStmnt CovItemId="S5" CovItemPrefix="cabra.Session.java" Intrnl_Id="2987">
<LocList>
<Loc EndOffset="668" SrcFileId="24" StartOffset="641"/>
</LocList>
</BasicStmnt>
</StmntSeq>
<HierarchyLvl HierarchyLvlId="1330" HierarchyLvlTypeId="67" Intrnl_Id="2988" Name="Session">
<Header>
<Loc EndOffset="709" SrcFileId="24" StartOffset="678"/>
</Header>
<LocList>
<Loc EndOffset="918" SrcFileId="24" StartOffset="678"/>
</LocList>
<StmntSeq Intrnl_Id="2989">
<LocList>
<Loc EndOffset="787" SrcFileId="24" StartOffset="764"/>
<Loc EndOffset="830" SrcFileId="24" StartOffset="805"/>
<Loc EndOffset="870" SrcFileId="24" StartOffset="840"/>
<Loc EndOffset="912" SrcFileId="24" StartOffset="879"/>
</LocList>
<BasicStmnt CovItemId="S6" CovItemPrefix="cabra.Session.java" Intrnl_Id="2990">
<LocList>
<Loc EndOffset="787" SrcFileId="24" StartOffset="764"/>
</LocList>
</BasicStmnt>
<BasicStmnt CovItemId="S7" CovItemPrefix="cabra.Session.java" Intrnl_Id="2991">
<LocList>
<Loc EndOffset="830" SrcFileId="24" StartOffset="805"/>
</LocList>
</BasicStmnt>
<BasicStmnt CovItemId="S8" CovItemPrefix="cabra.Session.java" Intrnl_Id="2992">
<LocList>
<Loc EndOffset="870" SrcFileId="24" StartOffset="840"/>
</LocList>
</BasicStmnt>
<BasicStmnt CovItemId="S9" CovItemPrefix="cabra.Session.java" Intrnl_Id="2993">
<LocList>
<Loc EndOffset="912" SrcFileId="24" StartOffset="879"/>
</LocList>
</BasicStmnt>
</StmntSeq>
</HierarchyLvl>
<HierarchyLvl HierarchyLvlId="1331" HierarchyLvlTypeId="67" Intrnl_Id="2994" Name="setupSession">
<Header>
<Loc EndOffset="1096" SrcFileId="24" StartOffset="1045"/>
</Header>
<LocList>
<Loc EndOffset="1642" SrcFileId="24" StartOffset="1045"/>
</LocList>
<StmntSeq Intrnl_Id="2995">
<LocList>
<Loc EndOffset="1274" SrcFileId="24" StartOffset="1225"/>
<Loc EndOffset="1297" SrcFileId="24" StartOffset="1283"/>
<Loc EndOffset="1636" SrcFileId="24" StartOffset="1306"/>
</LocList>
<BasicStmnt CovItemId="S10" CovItemPrefix="cabra.Session.java" Intrnl_Id="2996">
<LocList>
<Loc EndOffset="1274" SrcFileId="24" StartOffset="1225"/>
</LocList>
</BasicStmnt>
<BasicStmnt CovItemId="S11" CovItemPrefix="cabra.Session.java" Intrnl_Id="2997">
<LocList>
<Loc EndOffset="1297" SrcFileId="24" StartOffset="1283"/>
</LocList>
</BasicStmnt>
<LoopStmnt CovItemId="S12" CovItemPrefix="cabra.Session.java" Intrnl_Id="2998" MltplExecId="L1-2" MltplExecPrefix="cabra.Session.java" NvrExecId="L1-0" NvrExecPrefix="cabra.Session.java" OnceExecutedId="L1-1" OnceExecutedPrefix="cabra.Session.java" OptBodyExec="true">
<StmntSeq Intrnl_Id="2999">
<LocList>
<Loc EndOffset="1404" SrcFileId="24" StartOffset="1376"/>
<Loc EndOffset="1614" SrcFileId="24" StartOffset="1417"/>
</LocList>
<BasicStmnt CovItemId="S13" CovItemPrefix="cabra.Session.java" Intrnl_Id="3000">
<LocList>
<Loc EndOffset="1404" SrcFileId="24" StartOffset="1376"/>
</LocList>
</BasicStmnt>
<CondStmnt CovItemId="S14" CovItemPrefix="cabra.Session.java" Intrnl_Id="3001">
<Branch CovItemId="B1" CovItemPrefix="cabra.Session.java" Implct="false" Intrnl_Id="3002">
<Cond/>
<LocList>
<Loc EndOffset="1517" SrcFileId="24" StartOffset="1444"/>
</LocList>
<StmntSeq Intrnl_Id="3003">
<LocList>
<Loc EndOffset="1478" SrcFileId="24" StartOffset="1462"/>
<Loc EndOffset="1503" SrcFileId="24" StartOffset="1495"/>
</LocList>
<BasicStmnt CovItemId="S15" CovItemPrefix="cabra.Session.java" Intrnl_Id="3004">
<LocList>
<Loc EndOffset="1478" SrcFileId="24" StartOffset="1462"/>
</LocList>
</BasicStmnt>
<BasicStmnt CovItemId="S16" CovItemPrefix="cabra.Session.java" Intrnl_Id="3005">
<LocList>
<Loc EndOffset="1503" SrcFileId="24" StartOffset="1495"/>
</LocList>
</BasicStmnt>
</StmntSeq>
</Branch>
<Branch CovItemId="B2" CovItemPrefix="cabra.Session.java" Implct="false" Intrnl_Id="3006">
<Cond>
<Loc EndOffset="1534" SrcFileId="24" StartOffset="1530"/>
</Cond>
<LocList>
<Loc EndOffset="1614" SrcFileId="24" StartOffset="1534"/>
</LocList>
<StmntSeq Intrnl_Id="3007">
<LocList>
<Loc EndOffset="1600" SrcFileId="24" StartOffset="1588"/>
</LocList>
<BasicStmnt CovItemId="S17" CovItemPrefix="cabra.Session.java" Intrnl_Id="3008">
<LocList>
<Loc EndOffset="1600" SrcFileId="24" StartOffset="1588"/>
</LocList>
</BasicStmnt>
</StmntSeq>
</Branch>
<Keyword EndOffset="1419" SrcFileId="24" StartOffset="1417"/>
<LocList>
<Loc EndOffset="1614" SrcFileId="24" StartOffset="1417"/>
</LocList>
<RootTerm CovItemId="C2" CovItemPrefix="cabra.Session.java" Intrnl_Id="3009">
<BasicBoolTerm Intrnl_Id="3010">
<LocList>
<Loc EndOffset="1443" SrcFileId="24" StartOffset="1420"/>
</LocList>
</BasicBoolTerm>
</RootTerm>
</CondStmnt>
</StmntSeq>
<Keyword EndOffset="1309" SrcFileId="24" StartOffset="1306"/>
<LocList>
<Loc EndOffset="1636" SrcFileId="24" StartOffset="1306"/>
</LocList>
<RootTerm CovItemId="C1" CovItemPrefix="cabra.Session.java" Intrnl_Id="3011">
<OpTerm BooleanOpId="61" Intrnl_Id="3012">
<BasicBoolTerm Intrnl_Id="3013">
<LocList>
<Loc EndOffset="1336" SrcFileId="24" StartOffset="1319"/>
</LocList>
</BasicBoolTerm>
<BasicBoolTerm Intrnl_Id="3014">
<LocList>
<Loc EndOffset="1356" SrcFileId="24" StartOffset="1340"/>
</LocList>
</BasicBoolTerm>
<LocList>
<Loc EndOffset="1339" SrcFileId="24" StartOffset="1337"/>
</LocList>
</OpTerm>
</RootTerm>
</LoopStmnt>
</StmntSeq>
</HierarchyLvl>
<HierarchyLvl HierarchyLvlId="1332" HierarchyLvlTypeId="67" Intrnl_Id="3015" Name="update">
<Header>
<Loc EndOffset="1882" SrcFileId="24" StartOffset="1859"/>
</Header>
<LocList>
<Loc EndOffset="1962" SrcFileId="24" StartOffset="1859"/>
</LocList>
<StmntSeq Intrnl_Id="3016">
<LocList>
<Loc EndOffset="1956" SrcFileId="24" StartOffset="1925"/>
</LocList>
<BasicStmnt CovItemId="S18" CovItemPrefix="cabra.Session.java" Intrnl_Id="3017">
<LocList>
<Loc EndOffset="1956" SrcFileId="24" StartOffset="1925"/>
</LocList>
</BasicStmnt>
</StmntSeq>
</HierarchyLvl>
<HierarchyLvl HierarchyLvlId="1333" HierarchyLvlTypeId="67" Intrnl_Id="3018" Name="end">
<Header>
<Loc EndOffset="2566" SrcFileId="24" StartOffset="2549"/>
</Header>
<LocList>
<Loc EndOffset="2976" SrcFileId="24" StartOffset="2549"/>
</LocList>
<StmntSeq Intrnl_Id="3019">
<LocList>
<Loc EndOffset="2970" SrcFileId="24" StartOffset="2945"/>
</LocList>
<BasicStmnt CovItemId="S19" CovItemPrefix="cabra.Session.java" Intrnl_Id="3020">
<LocList>
<Loc EndOffset="2970" SrcFileId="24" StartOffset="2945"/>
</LocList>
</BasicStmnt>
</StmntSeq>
</HierarchyLvl>
<HierarchyLvl HierarchyLvlId="1334" HierarchyLvlTypeId="67" Intrnl_Id="3021" Name="getCard">
<Header>
<Loc EndOffset="3152" SrcFileId="24" StartOffset="3131"/>
</Header>
<LocList>
<Loc EndOffset="3521" SrcFileId="24" StartOffset="3131"/>
</LocList>
<StmntSeq Intrnl_Id="3022">
<LocList>
<Loc EndOffset="3270" SrcFileId="24" StartOffset="3162"/>
<Loc EndOffset="3363" SrcFileId="24" StartOffset="3325"/>
<Loc EndOffset="3387" SrcFileId="24" StartOffset="3372"/>
<Loc EndOffset="3515" SrcFileId="24" StartOffset="3496"/>
</LocList>
<CondStmnt CovItemId="S20" CovItemPrefix="cabra.Session.java" Intrnl_Id="3023">
<Branch CovItemId="B3" CovItemPrefix="cabra.Session.java" Implct="false" Intrnl_Id="3024">
<Cond/>
<LocList>
<Loc EndOffset="3270" SrcFileId="24" StartOffset="3192"/>
</LocList>
<StmntSeq Intrnl_Id="3025">
<LocList>
<Loc EndOffset="3260" SrcFileId="24" StartOffset="3248"/>
</LocList>
<BasicStmnt CovItemId="S21" CovItemPrefix="cabra.Session.java" Intrnl_Id="3026">
<LocList>
<Loc EndOffset="3260" SrcFileId="24" StartOffset="3248"/>
</LocList>
</BasicStmnt>
</StmntSeq>
</Branch>
<Branch CovItemId="B4" CovItemPrefix="cabra.Session.java" Implct="true" Intrnl_Id="3027">
<Cond/>
<LocList/>
<StmntSeq Intrnl_Id="3028">
<LocList/>
</StmntSeq>
</Branch>
<Keyword EndOffset="3164" SrcFileId="24" StartOffset="3162"/>
<LocList>
<Loc EndOffset="3270" SrcFileId="24" StartOffset="3162"/>
</LocList>
<RootTerm CovItemId="C3" CovItemPrefix="cabra.Session.java" Intrnl_Id="3029">
<BasicBoolTerm Intrnl_Id="3030">
<LocList>
<Loc EndOffset="3191" SrcFileId="24" StartOffset="3165"/>
</LocList>
</BasicBoolTerm>
</RootTerm>
</CondStmnt>
<BasicStmnt CovItemId="S22" CovItemPrefix="cabra.Session.java" Intrnl_Id="3031">
<LocList>
<Loc EndOffset="3363" SrcFileId="24" StartOffset="3325"/>
</LocList>
</BasicStmnt>
<BasicStmnt CovItemId="S23" CovItemPrefix="cabra.Session.java" Intrnl_Id="3032">
<LocList>
<Loc EndOffset="3387" SrcFileId="24" StartOffset="3372"/>
</LocList>
</BasicStmnt>
<BasicStmnt CovItemId="S24" CovItemPrefix="cabra.Session.java" Intrnl_Id="3033">
<LocList>
<Loc EndOffset="3515" SrcFileId="24" StartOffset="3496"/>
</LocList>
</BasicStmnt>
</StmntSeq>
</HierarchyLvl>
<HierarchyLvl HierarchyLvlId="1335" HierarchyLvlTypeId="67" Intrnl_Id="3034" Name="putResult">
<Header>
<Loc EndOffset="4331" SrcFileId="24" StartOffset="4284"/>
</Header>
<LocList>
<Loc EndOffset="4694" SrcFileId="24" StartOffset="4284"/>
</LocList>
<StmntSeq Intrnl_Id="3035">
<LocList>
<Loc EndOffset="4688" SrcFileId="24" StartOffset="4341"/>
</LocList>
<CondStmnt CovItemId="S25" CovItemPrefix="cabra.Session.java" Intrnl_Id="3036">
<Branch CovItemId="B5" CovItemPrefix="cabra.Session.java" Implct="false" Intrnl_Id="3037">
<Cond>
<Loc EndOffset="4377" SrcFileId="24" StartOffset="4369"/>
</Cond>
<LocList>
<Loc EndOffset="4431" SrcFileId="24" StartOffset="4395"/>
</LocList>
<StmntSeq Intrnl_Id="3038">
<LocList>
<Loc EndOffset="4408" SrcFileId="24" StartOffset="4395"/>
<Loc EndOffset="4431" SrcFileId="24" StartOffset="4425"/>
</LocList>
<BasicStmnt CovItemId="S26" CovItemPrefix="cabra.Session.java" Intrnl_Id="3039">
<LocList>
<Loc EndOffset="4408" SrcFileId="24" StartOffset="4395"/>
</LocList>
</BasicStmnt>
<BasicStmnt CovItemId="S27" CovItemPrefix="cabra.Session.java" Intrnl_Id="3040">
<LocList>
<Loc EndOffset="4431" SrcFileId="24" StartOffset="4425"/>
</LocList>
</BasicStmnt>
</StmntSeq>
</Branch>
<Branch CovItemId="B6" CovItemPrefix="cabra.Session.java" Implct="false" Intrnl_Id="3041">
<Cond>
<Loc EndOffset="4451" SrcFileId="24" StartOffset="4444"/>
</Cond>
<LocList>
<Loc EndOffset="4508" SrcFileId="24" StartOffset="4469"/>
</LocList>
<StmntSeq Intrnl_Id="3042">
<LocList>
<Loc EndOffset="4485" SrcFileId="24" StartOffset="4469"/>
<Loc EndOffset="4508" SrcFileId="24" StartOffset="4502"/>
</LocList>
<BasicStmnt CovItemId="S28" CovItemPrefix="cabra.Session.java" Intrnl_Id="3043">
<LocList>
<Loc EndOffset="4485" SrcFileId="24" StartOffset="4469"/>
</LocList>
</BasicStmnt>
<BasicStmnt CovItemId="S29" CovItemPrefix="cabra.Session.java" Intrnl_Id="3044">
<LocList>
<Loc EndOffset="4508" SrcFileId="24" StartOffset="4502"/>
</LocList>
</BasicStmnt>
</StmntSeq>
</Branch>
<Branch CovItemId="B7" CovItemPrefix="cabra.Session.java" Implct="false" Intrnl_Id="3045">
<Cond>
<Loc EndOffset="4533" SrcFileId="24" StartOffset="4521"/>
</Cond>
<LocList>
<Loc EndOffset="4586" SrcFileId="24" StartOffset="4551"/>
</LocList>
<StmntSeq Intrnl_Id="3046">
<LocList>
<Loc EndOffset="4563" SrcFileId="24" StartOffset="4551"/>
<Loc EndOffset="4586" SrcFileId="24" StartOffset="4580"/>
</LocList>
<BasicStmnt CovItemId="S30" CovItemPrefix="cabra.Session.java" Intrnl_Id="3047">
<LocList>
<Loc EndOffset="4563" SrcFileId="24" StartOffset="4551"/>
</LocList>
</BasicStmnt>
<BasicStmnt CovItemId="S31" CovItemPrefix="cabra.Session.java" Intrnl_Id="3048">
<LocList>
<Loc EndOffset="4586" SrcFileId="24" StartOffset="4580"/>
</LocList>
</BasicStmnt>
</StmntSeq>
</Branch>
<Branch CovItemId="B8" CovItemPrefix="cabra.Session.java" Implct="false" Intrnl_Id="3049">
<Cond>
<Loc EndOffset="4611" SrcFileId="24" StartOffset="4599"/>
</Cond>
<LocList>
<Loc EndOffset="4678" SrcFileId="24" StartOffset="4672"/>
</LocList>
<StmntSeq Intrnl_Id="3050">
<LocList>
<Loc EndOffset="4678" SrcFileId="24" StartOffset="4672"/>
</LocList>
<BasicStmnt CovItemId="S32" CovItemPrefix="cabra.Session.java" Intrnl_Id="3051">
<LocList>
<Loc EndOffset="4678" SrcFileId="24" StartOffset="4672"/>
</LocList>
</BasicStmnt>
</StmntSeq>
</Branch>
<Branch CovItemId="B9" CovItemPrefix="cabra.Session.java" Implct="true" Intrnl_Id="3052">
<Cond/>
<LocList/>
<StmntSeq Intrnl_Id="3053">
<LocList/>
</StmntSeq>
</Branch>
<Keyword EndOffset="4347" SrcFileId="24" StartOffset="4341"/>
<LocList>
<Loc EndOffset="4688" SrcFileId="24" StartOffset="4341"/>
</LocList>
</CondStmnt>
</StmntSeq>
</HierarchyLvl>
<HierarchyLvl HierarchyLvlId="1336" HierarchyLvlTypeId="67" Intrnl_Id="3054" Name="reloadCard">
<Header>
<Loc EndOffset="4857" SrcFileId="24" StartOffset="4833"/>
</Header>
<LocList>
<Loc EndOffset="4892" SrcFileId="24" StartOffset="4833"/>
</LocList>
<StmntSeq Intrnl_Id="3055">
<LocList>
<Loc EndOffset="4886" SrcFileId="24" StartOffset="4867"/>
</LocList>
<BasicStmnt CovItemId="S33" CovItemPrefix="cabra.Session.java" Intrnl_Id="3056">
<LocList>
<Loc EndOffset="4886" SrcFileId="24" StartOffset="4867"/>
</LocList>
</BasicStmnt>
</StmntSeq>
</HierarchyLvl>
<HierarchyLvl HierarchyLvlId="1337" HierarchyLvlTypeId="67" Intrnl_Id="3057" Name="cardSkipped">
<Header>
<Loc EndOffset="5025" SrcFileId="24" StartOffset="5000"/>
</Header>
<LocList>
<Loc EndOffset="5097" SrcFileId="24" StartOffset="5000"/>
</LocList>
<StmntSeq Intrnl_Id="3058">
<LocList>
<Loc EndOffset="5048" SrcFileId="24" StartOffset="5035"/>
</LocList>
<BasicStmnt CovItemId="S34" CovItemPrefix="cabra.Session.java" Intrnl_Id="3059">
<LocList>
<Loc EndOffset="5048" SrcFileId="24" StartOffset="5035"/>
</LocList>
</BasicStmnt>
</StmntSeq>
</HierarchyLvl>
<HierarchyLvl HierarchyLvlId="1338" HierarchyLvlTypeId="67" Intrnl_Id="3060" Name="getCurrentIndex">
<Header>
<Loc EndOffset="5135" SrcFileId="24" StartOffset="5107"/>
</Header>
<LocList>
<Loc EndOffset="5171" SrcFileId="24" StartOffset="5107"/>
</LocList>
<StmntSeq Intrnl_Id="3061">
<LocList>
<Loc EndOffset="5165" SrcFileId="24" StartOffset="5145"/>
</LocList>
<BasicStmnt CovItemId="S35" CovItemPrefix="cabra.Session.java" Intrnl_Id="3062">
<LocList>
<Loc EndOffset="5165" SrcFileId="24" StartOffset="5145"/>
</LocList>
</BasicStmnt>
</StmntSeq>
</HierarchyLvl>
<HierarchyLvl HierarchyLvlId="1339" HierarchyLvlTypeId="67" Intrnl_Id="3063" Name="getNumCards">
<Header>
<Loc EndOffset="5307" SrcFileId="24" StartOffset="5283"/>
</Header>
<LocList>
<Loc EndOffset="5441" SrcFileId="24" StartOffset="5283"/>
</LocList>
<StmntSeq Intrnl_Id="3064">
<LocList>
<Loc EndOffset="5435" SrcFileId="24" StartOffset="5415"/>
</LocList>
<BasicStmnt CovItemId="S36" CovItemPrefix="cabra.Session.java" Intrnl_Id="3065">
<LocList>
<Loc EndOffset="5435" SrcFileId="24" StartOffset="5415"/>
</LocList>
</BasicStmnt>
</StmntSeq>
</HierarchyLvl>
<HierarchyLvl HierarchyLvlId="1340" HierarchyLvlTypeId="67" Intrnl_Id="3066" Name="numCards">
<Header>
<Loc EndOffset="5571" SrcFileId="24" StartOffset="5550"/>
</Header>
<LocList>
<Loc EndOffset="5608" SrcFileId="24" StartOffset="5550"/>
</LocList>
<StmntSeq Intrnl_Id="3067">
<LocList>
<Loc EndOffset="5602" SrcFileId="24" StartOffset="5581"/>
</LocList>
<BasicStmnt CovItemId="S37" CovItemPrefix="cabra.Session.java" Intrnl_Id="3068">
<LocList>
<Loc EndOffset="5602" SrcFileId="24" StartOffset="5581"/>
</LocList>
</BasicStmnt>
</StmntSeq>
</HierarchyLvl>
<HierarchyLvl HierarchyLvlId="1341" HierarchyLvlTypeId="67" Intrnl_Id="3069" Name="getCardStats">
<Header>
<Loc EndOffset="5782" SrcFileId="24" StartOffset="5755"/>
</Header>
<LocList>
<Loc EndOffset="5868" SrcFileId="24" StartOffset="5755"/>
</LocList>
<StmntSeq Intrnl_Id="3070">
<LocList>
<Loc EndOffset="5862" SrcFileId="24" StartOffset="5792"/>
</LocList>
<BasicStmnt CovItemId="S38" CovItemPrefix="cabra.Session.java" Intrnl_Id="3071">
<LocList>
<Loc EndOffset="5862" SrcFileId="24" StartOffset="5792"/>
</LocList>
</BasicStmnt>
</StmntSeq>
</HierarchyLvl>
<HierarchyLvl HierarchyLvlId="1342" HierarchyLvlTypeId="67" Intrnl_Id="3072" Name="isFinished">
<Header>
<Loc EndOffset="6016" SrcFileId="24" StartOffset="5989"/>
</Header>
<LocList>
<Loc EndOffset="6206" SrcFileId="24" StartOffset="5989"/>
</LocList>
<StmntSeq Intrnl_Id="3073">
<LocList>
<Loc EndOffset="6200" SrcFileId="24" StartOffset="6167"/>
</LocList>
<BasicStmnt CovItemId="S39" CovItemPrefix="cabra.Session.java" Intrnl_Id="3074">
<LocList>
<Loc EndOffset="6200" SrcFileId="24" StartOffset="6167"/>
</LocList>
</BasicStmnt>
</StmntSeq>
</HierarchyLvl>
<HierarchyLvl HierarchyLvlId="1343" HierarchyLvlTypeId="67" Intrnl_Id="3075" Name="isEmpty">
<Header>
<Loc EndOffset="6381" SrcFileId="24" StartOffset="6357"/>
</Header>
<LocList>
<Loc EndOffset="6420" SrcFileId="24" StartOffset="6357"/>
</LocList>
<StmntSeq Intrnl_Id="3076">
<LocList>
<Loc EndOffset="6414" SrcFileId="24" StartOffset="6391"/>
</LocList>
<BasicStmnt CovItemId="S40" CovItemPrefix="cabra.Session.java" Intrnl_Id="3077">
<LocList>
<Loc EndOffset="6414" SrcFileId="24" StartOffset="6391"/>
</LocList>
</BasicStmnt>
</StmntSeq>
</HierarchyLvl>
</HierarchyLvl>
<HierarchyLvl HierarchyLvlId="1352" HierarchyLvlTypeId="66" Intrnl_Id="3078" Name="SaveLoad">
<Header>
<Loc EndOffset="228" SrcFileId="25" StartOffset="192"/>
</Header>
<LocList>
<Loc EndOffset="7136" SrcFileId="25" StartOffset="192"/>
</LocList>
<StmntSeq Intrnl_Id="3079">
<LocList>
<Loc EndOffset="557" SrcFileId="25" StartOffset="501"/>
</LocList>
<BasicStmnt CovItemId="S1" CovItemPrefix="cabra.SaveLoad.java" Intrnl_Id="3080">
<LocList>
<Loc EndOffset="557" SrcFileId="25" StartOffset="501"/>
</LocList>
</BasicStmnt>
</StmntSeq>
<HierarchyLvl HierarchyLvlId="1345" HierarchyLvlTypeId="67" Intrnl_Id="3081" Name="SaveLoad">
<Header>
<Loc EndOffset="316" SrcFileId="25" StartOffset="298"/>
</Header>
<LocList>
<Loc EndOffset="318" SrcFileId="25" StartOffset="298"/>
</LocList>
</HierarchyLvl>
<HierarchyLvl HierarchyLvlId="1346" HierarchyLvlTypeId="67" Intrnl_Id="3082" Name="getProjectFolder">
<Header>
<Loc EndOffset="699" SrcFileId="25" StartOffset="662"/>
</Header>
<LocList>
<Loc EndOffset="766" SrcFileId="25" StartOffset="662"/>
</LocList>
<StmntSeq Intrnl_Id="3083">
<LocList>
<Loc EndOffset="760" SrcFileId="25" StartOffset="709"/>
</LocList>
<BasicStmnt CovItemId="S2" CovItemPrefix="cabra.SaveLoad.java" Intrnl_Id="3084">
<LocList>
<Loc EndOffset="760" SrcFileId="25" StartOffset="709"/>
</LocList>
</BasicStmnt>
</StmntSeq>
</HierarchyLvl>
<HierarchyLvl HierarchyLvlId="1347" HierarchyLvlTypeId="67" Intrnl_Id="3085" Name="loadCardsFromProject">
<Header>
<Loc EndOffset="999" SrcFileId="25" StartOffset="943"/>
</Header>
<LocList>
<Loc EndOffset="2078" SrcFileId="25" StartOffset="943"/>
</LocList>
<StmntSeq Intrnl_Id="3086">
<LocList>
<Loc EndOffset="1149" SrcFileId="25" StartOffset="1046"/>
<Loc EndOffset="1229" SrcFileId="25" StartOffset="1175"/>
<Loc EndOffset="1472" SrcFileId="25" StartOffset="1305"/>
<Loc EndOffset="2056" SrcFileId="25" StartOffset="1485"/>
</LocList>
<BasicStmnt CovItemId="S3" CovItemPrefix="cabra.SaveLoad.java" Intrnl_Id="3087">
<LocList>
<Loc EndOffset="1149" SrcFileId="25" StartOffset="1046"/>
</LocList>
</BasicStmnt>
<BasicStmnt CovItemId="S4" CovItemPrefix="cabra.SaveLoad.java" Intrnl_Id="3088">
<LocList>
<Loc EndOffset="1229" SrcFileId="25" StartOffset="1175"/>
</LocList>
</BasicStmnt>
<CondStmnt CovItemId="S5" CovItemPrefix="cabra.SaveLoad.java" Intrnl_Id="3089">
<Branch CovItemId="B1" CovItemPrefix="cabra.SaveLoad.java" Implct="false" Intrnl_Id="3090">
<Cond/>
<LocList>
<Loc EndOffset="1472" SrcFileId="25" StartOffset="1353"/>
</LocList>
<StmntSeq Intrnl_Id="3091">
<LocList>
<Loc EndOffset="1458" SrcFileId="25" StartOffset="1451"/>
</LocList>
<BasicStmnt CovItemId="S6" CovItemPrefix="cabra.SaveLoad.java" Intrnl_Id="3092">
<LocList>
<Loc EndOffset="1458" SrcFileId="25" StartOffset="1451"/>
</LocList>
</BasicStmnt>
</StmntSeq>
</Branch>
<Branch CovItemId="B2" CovItemPrefix="cabra.SaveLoad.java" Implct="true" Intrnl_Id="3093">
<Cond/>
<LocList/>
<StmntSeq Intrnl_Id="3094">
<LocList/>
</StmntSeq>
</Branch>
<Keyword EndOffset="1307" SrcFileId="25" StartOffset="1305"/>
<LocList>
<Loc EndOffset="1472" SrcFileId="25" StartOffset="1305"/>
</LocList>
<RootTerm CovItemId="C1" CovItemPrefix="cabra.SaveLoad.java" Intrnl_Id="3095">
<OpTerm BooleanOpId="62" Intrnl_Id="3096">
<BasicBoolTerm Intrnl_Id="3097">
<LocList>
<Loc EndOffset="1321" SrcFileId="25" StartOffset="1308"/>
</LocList>
</BasicBoolTerm>
<BasicBoolTerm Intrnl_Id="3098">
<LocList>
<Loc EndOffset="1352" SrcFileId="25" StartOffset="1325"/>
</LocList>
</BasicBoolTerm>
<LocList>
<Loc EndOffset="1324" SrcFileId="25" StartOffset="1322"/>
</LocList>
</OpTerm>
</RootTerm>
</CondStmnt>
<CondStmnt CovItemId="S7" CovItemPrefix="cabra.SaveLoad.java" Intrnl_Id="3099">
<Branch CovItemId="B3" CovItemPrefix="cabra.SaveLoad.java" Implct="false" Intrnl_Id="3100">
<Cond/>
<LocList>
<Loc EndOffset="2056" SrcFileId="25" StartOffset="1513"/>
</LocList>
<StmntSeq Intrnl_Id="3101">
<LocList>
<Loc EndOffset="1578" SrcFileId="25" StartOffset="1532"/>
<Loc EndOffset="1963" SrcFileId="25" StartOffset="1679"/>
<Loc EndOffset="2042" SrcFileId="25" StartOffset="2018"/>
</LocList>
<BasicStmnt CovItemId="S8" CovItemPrefix="cabra.SaveLoad.java" Intrnl_Id="3102">
<LocList>
<Loc EndOffset="1578" SrcFileId="25" StartOffset="1532"/>
</LocList>
</BasicStmnt>
<LoopStmnt CovItemId="S9" CovItemPrefix="cabra.SaveLoad.java" Intrnl_Id="3103" MltplExecId="L1-2" MltplExecPrefix="cabra.SaveLoad.java" NvrExecId="L1-0" NvrExecPrefix="cabra.SaveLoad.java" OnceExecutedId="L1-1" OnceExecutedPrefix="cabra.SaveLoad.java" OptBodyExec="true">
<StmntSeq Intrnl_Id="3104">
<LocList>
<Loc EndOffset="1806" SrcFileId="25" StartOffset="1761"/>
<Loc EndOffset="1853" SrcFileId="25" StartOffset="1827"/>
<Loc EndOffset="1945" SrcFileId="25" StartOffset="1929"/>
</LocList>
<BasicStmnt CovItemId="S10" CovItemPrefix="cabra.SaveLoad.java" Intrnl_Id="3105">
<LocList>
<Loc EndOffset="1806" SrcFileId="25" StartOffset="1761"/>
</LocList>
</BasicStmnt>
<CondStmnt CovItemId="S11" CovItemPrefix="cabra.SaveLoad.java" Intrnl_Id="3106">
<Branch CovItemId="B5" CovItemPrefix="cabra.SaveLoad.java" Implct="false" Intrnl_Id="3107">
<Cond/>
<LocList>
<Loc EndOffset="1853" SrcFileId="25" StartOffset="1844"/>
</LocList>
<StmntSeq Intrnl_Id="3108">
<LocList>
<Loc EndOffset="1853" SrcFileId="25" StartOffset="1844"/>
</LocList>
<BasicStmnt CovItemId="S12" CovItemPrefix="cabra.SaveLoad.java" Intrnl_Id="3109">
<LocList>
<Loc EndOffset="1853" SrcFileId="25" StartOffset="1844"/>
</LocList>
</BasicStmnt>
</StmntSeq>
</Branch>
<Branch CovItemId="B6" CovItemPrefix="cabra.SaveLoad.java" Implct="true" Intrnl_Id="3110">
<Cond/>
<LocList/>
<StmntSeq Intrnl_Id="3111">
<LocList/>
</StmntSeq>
</Branch>
<Keyword EndOffset="1829" SrcFileId="25" StartOffset="1827"/>
<LocList>
<Loc EndOffset="1853" SrcFileId="25" StartOffset="1827"/>
</LocList>
<RootTerm CovItemId="C3" CovItemPrefix="cabra.SaveLoad.java" Intrnl_Id="3112">
<BasicBoolTerm Intrnl_Id="3113">
<LocList>
<Loc EndOffset="1842" SrcFileId="25" StartOffset="1830"/>
</LocList>
</BasicBoolTerm>
</RootTerm>
</CondStmnt>
<BasicStmnt CovItemId="S13" CovItemPrefix="cabra.SaveLoad.java" Intrnl_Id="3114">
<LocList>
<Loc EndOffset="1945" SrcFileId="25" StartOffset="1929"/>
</LocList>
</BasicStmnt>
</StmntSeq>
<Keyword EndOffset="1682" SrcFileId="25" StartOffset="1679"/>
<LocList>
<Loc EndOffset="1963" SrcFileId="25" StartOffset="1679"/>
</LocList>
</LoopStmnt>
<BasicStmnt CovItemId="S14" CovItemPrefix="cabra.SaveLoad.java" Intrnl_Id="3115">
<LocList>
<Loc EndOffset="2042" SrcFileId="25" StartOffset="2018"/>
</LocList>
</BasicStmnt>
</StmntSeq>
</Branch>
<Branch CovItemId="B4" CovItemPrefix="cabra.SaveLoad.java" Implct="true" Intrnl_Id="3116">
<Cond/>
<LocList/>
<StmntSeq Intrnl_Id="3117">
<LocList/>
</StmntSeq>
</Branch>
<Keyword EndOffset="1487" SrcFileId="25" StartOffset="1485"/>
<LocList>
<Loc EndOffset="2056" SrcFileId="25" StartOffset="1485"/>
</LocList>
<RootTerm CovItemId="C2" CovItemPrefix="cabra.SaveLoad.java" Intrnl_Id="3118">
<BasicBoolTerm Intrnl_Id="3119">
<LocList>
<Loc EndOffset="1512" SrcFileId="25" StartOffset="1488"/>
</LocList>
</BasicBoolTerm>
</RootTerm>
</CondStmnt>
</StmntSeq>
</HierarchyLvl>
<HierarchyLvl HierarchyLvlId="1348" HierarchyLvlTypeId="67" Intrnl_Id="3120" Name="readFromCardFile">
<Header>
<Loc EndOffset="2380" SrcFileId="25" StartOffset="2317"/>
</Header>
<LocList>
<Loc EndOffset="2890" SrcFileId="25" StartOffset="2317"/>
</LocList>
<StmntSeq Intrnl_Id="3121">
<LocList>
<Loc EndOffset="2476" SrcFileId="25" StartOffset="2407"/>
<Loc EndOffset="2539" SrcFileId="25" StartOffset="2489"/>
<Loc EndOffset="2571" SrcFileId="25" StartOffset="2552"/>
<Loc EndOffset="2673" SrcFileId="25" StartOffset="2584"/>
<Loc EndOffset="2701" SrcFileId="25" StartOffset="2686"/>
<Loc EndOffset="2727" SrcFileId="25" StartOffset="2714"/>
<Loc EndOffset="2884" SrcFileId="25" StartOffset="2390"/>
</LocList>
<BasicStmnt CovItemId="S16" CovItemPrefix="cabra.SaveLoad.java" Intrnl_Id="3122">
<LocList>
<Loc EndOffset="2476" SrcFileId="25" StartOffset="2407"/>
</LocList>
</BasicStmnt>
<BasicStmnt CovItemId="S17" CovItemPrefix="cabra.SaveLoad.java" Intrnl_Id="3123">
<LocList>
<Loc EndOffset="2539" SrcFileId="25" StartOffset="2489"/>
</LocList>
</BasicStmnt>
<BasicStmnt CovItemId="S18" CovItemPrefix="cabra.SaveLoad.java" Intrnl_Id="3124">
<LocList>
<Loc EndOffset="2571" SrcFileId="25" StartOffset="2552"/>
</LocList>
</BasicStmnt>
<LoopStmnt CovItemId="S19" CovItemPrefix="cabra.SaveLoad.java" Intrnl_Id="3125" MltplExecId="L2-2" MltplExecPrefix="cabra.SaveLoad.java" NvrExecId="L2-0" NvrExecPrefix="cabra.SaveLoad.java" OnceExecutedId="L2-1" OnceExecutedPrefix="cabra.SaveLoad.java" OptBodyExec="true">
<StmntSeq Intrnl_Id="3126">
<LocList>
<Loc EndOffset="2659" SrcFileId="25" StartOffset="2643"/>
</LocList>
<BasicStmnt CovItemId="S20" CovItemPrefix="cabra.SaveLoad.java" Intrnl_Id="3127">
<LocList>
<Loc EndOffset="2659" SrcFileId="25" StartOffset="2643"/>
</LocList>
</BasicStmnt>
</StmntSeq>
<Keyword EndOffset="2589" SrcFileId="25" StartOffset="2584"/>
<LocList>
<Loc EndOffset="2673" SrcFileId="25" StartOffset="2584"/>
</LocList>
</LoopStmnt>
<BasicStmnt CovItemId="S21" CovItemPrefix="cabra.SaveLoad.java" Intrnl_Id="3128">
<LocList>
<Loc EndOffset="2701" SrcFileId="25" StartOffset="2686"/>
</LocList>
</BasicStmnt>
<BasicStmnt CovItemId="S22" CovItemPrefix="cabra.SaveLoad.java" Intrnl_Id="3129">
<LocList>
<Loc EndOffset="2727" SrcFileId="25" StartOffset="2714"/>
</LocList>
</BasicStmnt>
<CondStmnt CovItemId="S15" CovItemPrefix="cabra.SaveLoad.java" Intrnl_Id="3130">
<Branch CovItemId="B7" CovItemPrefix="cabra.SaveLoad.java" Implct="true" Intrnl_Id="3131">
<Cond/>
<LocList/>
<StmntSeq Intrnl_Id="3132">
<LocList/>
</StmntSeq>
</Branch>
<Branch CovItemId="B8" CovItemPrefix="cabra.SaveLoad.java" Implct="false" Intrnl_Id="3133">
<Cond>
<Loc EndOffset="2767" SrcFileId="25" StartOffset="2746"/>
</Cond>
<LocList>
<Loc EndOffset="2884" SrcFileId="25" StartOffset="2767"/>
</LocList>
<StmntSeq Intrnl_Id="3134">
<LocList>
<Loc EndOffset="2849" SrcFileId="25" StartOffset="2781"/>
<Loc EndOffset="2874" SrcFileId="25" StartOffset="2862"/>
</LocList>
<BasicStmnt CovItemId="S23" CovItemPrefix="cabra.SaveLoad.java" Intrnl_Id="3135">
<LocList>
<Loc EndOffset="2849" SrcFileId="25" StartOffset="2781"/>
</LocList>
</BasicStmnt>
<BasicStmnt CovItemId="S24" CovItemPrefix="cabra.SaveLoad.java" Intrnl_Id="3136">
<LocList>
<Loc EndOffset="2874" SrcFileId="25" StartOffset="2862"/>
</LocList>
</BasicStmnt>
</StmntSeq>
</Branch>
<Keyword EndOffset="2393" SrcFileId="25" StartOffset="2390"/>
<LocList>
<Loc EndOffset="2884" SrcFileId="25" StartOffset="2390"/>
</LocList>
</CondStmnt>
</StmntSeq>
</HierarchyLvl>
<HierarchyLvl HierarchyLvlId="1349" HierarchyLvlTypeId="67" Intrnl_Id="3137" Name="saveNotes">
<Header>
<Loc EndOffset="3084" SrcFileId="25" StartOffset="3039"/>
</Header>
<LocList>
<Loc EndOffset="4684" SrcFileId="25" StartOffset="3039"/>
</LocList>
<StmntSeq Intrnl_Id="3138">
<LocList>
<Loc EndOffset="3253" SrcFileId="25" StartOffset="3168"/>
<Loc EndOffset="4331" SrcFileId="25" StartOffset="3665"/>
<Loc EndOffset="4678" SrcFileId="25" StartOffset="3648"/>
</LocList>
<BasicStmnt CovItemId="S25" CovItemPrefix="cabra.SaveLoad.java" Intrnl_Id="3139">
<LocList>
<Loc EndOffset="3253" SrcFileId="25" StartOffset="3168"/>
</LocList>
</BasicStmnt>
<LoopStmnt CovItemId="S27" CovItemPrefix="cabra.SaveLoad.java" Intrnl_Id="3140" MltplExecId="L3-2" MltplExecPrefix="cabra.SaveLoad.java" NvrExecId="L3-0" NvrExecPrefix="cabra.SaveLoad.java" OnceExecutedId="L3-1" OnceExecutedPrefix="cabra.SaveLoad.java" OptBodyExec="true">
<StmntSeq Intrnl_Id="3141">
<LocList>
<Loc EndOffset="3929" SrcFileId="25" StartOffset="3887"/>
<Loc EndOffset="4070" SrcFileId="25" StartOffset="3983"/>
<Loc EndOffset="4235" SrcFileId="25" StartOffset="4150"/>
<Loc EndOffset="4281" SrcFileId="25" StartOffset="4252"/>
<Loc EndOffset="4317" SrcFileId="25" StartOffset="4298"/>
</LocList>
<BasicStmnt CovItemId="S28" CovItemPrefix="cabra.SaveLoad.java" Intrnl_Id="3142">
<LocList>
<Loc EndOffset="3929" SrcFileId="25" StartOffset="3887"/>
</LocList>
</BasicStmnt>
<BasicStmnt CovItemId="S29" CovItemPrefix="cabra.SaveLoad.java" Intrnl_Id="3143">
<LocList>
<Loc EndOffset="4070" SrcFileId="25" StartOffset="3983"/>
</LocList>
</BasicStmnt>
<BasicStmnt CovItemId="S30" CovItemPrefix="cabra.SaveLoad.java" Intrnl_Id="3144">
<LocList>
<Loc EndOffset="4235" SrcFileId="25" StartOffset="4150"/>
</LocList>
</BasicStmnt>
<BasicStmnt CovItemId="S31" CovItemPrefix="cabra.SaveLoad.java" Intrnl_Id="3145">
<LocList>
<Loc EndOffset="4281" SrcFileId="25" StartOffset="4252"/>
</LocList>
</BasicStmnt>
<BasicStmnt CovItemId="S32" CovItemPrefix="cabra.SaveLoad.java" Intrnl_Id="3146">
<LocList>
<Loc EndOffset="4317" SrcFileId="25" StartOffset="4298"/>
</LocList>
</BasicStmnt>
</StmntSeq>
<Keyword EndOffset="3668" SrcFileId="25" StartOffset="3665"/>
<LocList>
<Loc EndOffset="4331" SrcFileId="25" StartOffset="3665"/>
</LocList>
</LoopStmnt>
<CondStmnt CovItemId="S26" CovItemPrefix="cabra.SaveLoad.java" Intrnl_Id="3147">
<Branch CovItemId="B9" CovItemPrefix="cabra.SaveLoad.java" Implct="true" Intrnl_Id="3148">
<Cond/>
<LocList/>
<StmntSeq Intrnl_Id="3149">
<LocList/>
</StmntSeq>
</Branch>
<Branch CovItemId="B10" CovItemPrefix="cabra.SaveLoad.java" Implct="false" Intrnl_Id="3150">
<Cond>
<Loc EndOffset="4380" SrcFileId="25" StartOffset="4350"/>
</Cond>
<LocList>
<Loc EndOffset="4533" SrcFileId="25" StartOffset="4380"/>
</LocList>
<StmntSeq Intrnl_Id="3151">
<LocList/>
</StmntSeq>
</Branch>
<Branch CovItemId="B11" CovItemPrefix="cabra.SaveLoad.java" Implct="false" Intrnl_Id="3152">
<Cond>
<Loc EndOffset="4563" SrcFileId="25" StartOffset="4542"/>
</Cond>
<LocList>
<Loc EndOffset="4678" SrcFileId="25" StartOffset="4563"/>
</LocList>
<StmntSeq Intrnl_Id="3153">
<LocList>
<Loc EndOffset="4634" SrcFileId="25" StartOffset="4577"/>
<Loc EndOffset="4668" SrcFileId="25" StartOffset="4647"/>
</LocList>
<BasicStmnt CovItemId="S33" CovItemPrefix="cabra.SaveLoad.java" Intrnl_Id="3154">
<LocList>
<Loc EndOffset="4634" SrcFileId="25" StartOffset="4577"/>
</LocList>
</BasicStmnt>
<BasicStmnt CovItemId="S34" CovItemPrefix="cabra.SaveLoad.java" Intrnl_Id="3155">
<LocList>
<Loc EndOffset="4668" SrcFileId="25" StartOffset="4647"/>
</LocList>
</BasicStmnt>
</StmntSeq>
</Branch>
<Keyword EndOffset="3651" SrcFileId="25" StartOffset="3648"/>
<LocList>
<Loc EndOffset="4678" SrcFileId="25" StartOffset="3648"/>
</LocList>
</CondStmnt>
</StmntSeq>
</HierarchyLvl>
<HierarchyLvl HierarchyLvlId="1350" HierarchyLvlTypeId="67" Intrnl_Id="3156" Name="loadNotesFromProject">
<Header>
<Loc EndOffset="4922" SrcFileId="25" StartOffset="4866"/>
</Header>
<LocList>
<Loc EndOffset="5054" SrcFileId="25" StartOffset="4866"/>
</LocList>
<StmntSeq Intrnl_Id="3157">
<LocList>
<Loc EndOffset="5048" SrcFileId="25" StartOffset="4932"/>
</LocList>
<LoopStmnt CovItemId="S35" CovItemPrefix="cabra.SaveLoad.java" Intrnl_Id="3158" MltplExecId="L4-2" MltplExecPrefix="cabra.SaveLoad.java" NvrExecId="L4-0" NvrExecPrefix="cabra.SaveLoad.java" OnceExecutedId="L4-1" OnceExecutedPrefix="cabra.SaveLoad.java" OptBodyExec="true">
<StmntSeq Intrnl_Id="3159">
<LocList>
<Loc EndOffset="5030" SrcFileId="25" StartOffset="5008"/>
</LocList>
<BasicStmnt CovItemId="S36" CovItemPrefix="cabra.SaveLoad.java" Intrnl_Id="3160">
<LocList>
<Loc EndOffset="5030" SrcFileId="25" StartOffset="5008"/>
</LocList>
</BasicStmnt>
</StmntSeq>
<Keyword EndOffset="4935" SrcFileId="25" StartOffset="4932"/>
<LocList>
<Loc EndOffset="5048" SrcFileId="25" StartOffset="4932"/>
</LocList>
</LoopStmnt>
</StmntSeq>
</HierarchyLvl>
<HierarchyLvl HierarchyLvlId="1351" HierarchyLvlTypeId="67" Intrnl_Id="3161" Name="getNotesFromProject">
<Header>
<Loc EndOffset="5283" SrcFileId="25" StartOffset="5217"/>
</Header>
<LocList>
<Loc EndOffset="7134" SrcFileId="25" StartOffset="5217"/>
</LocList>
<StmntSeq Intrnl_Id="3162">
<LocList>
<Loc EndOffset="5380" SrcFileId="25" StartOffset="5334"/>
<Loc EndOffset="5526" SrcFileId="25" StartOffset="5443"/>
<Loc EndOffset="5586" SrcFileId="25" StartOffset="5539"/>
<Loc EndOffset="6915" SrcFileId="25" StartOffset="5599"/>
<Loc EndOffset="7095" SrcFileId="25" StartOffset="5398"/>
<Loc EndOffset="7128" SrcFileId="25" StartOffset="7115"/>
</LocList>
<BasicStmnt CovItemId="S37" CovItemPrefix="cabra.SaveLoad.java" Intrnl_Id="3163">
<LocList>
<Loc EndOffset="5380" SrcFileId="25" StartOffset="5334"/>
</LocList>
</BasicStmnt>
<BasicStmnt CovItemId="S39" CovItemPrefix="cabra.SaveLoad.java" Intrnl_Id="3164">
<LocList>
<Loc EndOffset="5526" SrcFileId="25" StartOffset="5443"/>
</LocList>
</BasicStmnt>
<BasicStmnt CovItemId="S40" CovItemPrefix="cabra.SaveLoad.java" Intrnl_Id="3165">
<LocList>
<Loc EndOffset="5586" SrcFileId="25" StartOffset="5539"/>
</LocList>
</BasicStmnt>
<LoopStmnt CovItemId="S41" CovItemPrefix="cabra.SaveLoad.java" Intrnl_Id="3166" MltplExecId="L5-2" MltplExecPrefix="cabra.SaveLoad.java" NvrExecId="L5-0" NvrExecPrefix="cabra.SaveLoad.java" OnceExecutedId="L5-1" OnceExecutedPrefix="cabra.SaveLoad.java" OptBodyExec="true">
<StmntSeq Intrnl_Id="3167">
<LocList>
<Loc EndOffset="5731" SrcFileId="25" StartOffset="5647"/>
<Loc EndOffset="5870" SrcFileId="25" StartOffset="5790"/>
<Loc EndOffset="6042" SrcFileId="25" StartOffset="6005"/>
<Loc EndOffset="6574" SrcFileId="25" StartOffset="5980"/>
<Loc EndOffset="6639" SrcFileId="25" StartOffset="6620"/>
<Loc EndOffset="6792" SrcFileId="25" StartOffset="6739"/>
</LocList>
<CondStmnt CovItemId="S42" CovItemPrefix="cabra.SaveLoad.java" Intrnl_Id="3168">
<Branch CovItemId="B13" CovItemPrefix="cabra.SaveLoad.java" Implct="false" Intrnl_Id="3169">
<Cond/>
<LocList>
<Loc EndOffset="5731" SrcFileId="25" StartOffset="5722"/>
</LocList>
<StmntSeq Intrnl_Id="3170">
<LocList>
<Loc EndOffset="5731" SrcFileId="25" StartOffset="5722"/>
</LocList>
<BasicStmnt CovItemId="S43" CovItemPrefix="cabra.SaveLoad.java" Intrnl_Id="3171">
<LocList>
<Loc EndOffset="5731" SrcFileId="25" StartOffset="5722"/>
</LocList>
</BasicStmnt>
</StmntSeq>
</Branch>
<Branch CovItemId="B14" CovItemPrefix="cabra.SaveLoad.java" Implct="true" Intrnl_Id="3172">
<Cond/>
<LocList/>
<StmntSeq Intrnl_Id="3173">
<LocList/>
</StmntSeq>
</Branch>
<Keyword EndOffset="5649" SrcFileId="25" StartOffset="5647"/>
<LocList>
<Loc EndOffset="5731" SrcFileId="25" StartOffset="5647"/>
</LocList>
<RootTerm CovItemId="C5" CovItemPrefix="cabra.SaveLoad.java" Intrnl_Id="3174">
<BasicBoolTerm Intrnl_Id="3175">
<LocList>
<Loc EndOffset="5700" SrcFileId="25" StartOffset="5650"/>
</LocList>
</BasicBoolTerm>
</RootTerm>
</CondStmnt>
<BasicStmnt CovItemId="S44" CovItemPrefix="cabra.SaveLoad.java" Intrnl_Id="3176">
<LocList>
<Loc EndOffset="5870" SrcFileId="25" StartOffset="5790"/>
</LocList>
</BasicStmnt>
<BasicStmnt CovItemId="S46" CovItemPrefix="cabra.SaveLoad.java" Intrnl_Id="3177">
<LocList>
<Loc EndOffset="6042" SrcFileId="25" StartOffset="6005"/>
</LocList>
</BasicStmnt>
<CondStmnt CovItemId="S45" CovItemPrefix="cabra.SaveLoad.java" Intrnl_Id="3178">
<Branch CovItemId="B15" CovItemPrefix="cabra.SaveLoad.java" Implct="true" Intrnl_Id="3179">
<Cond/>
<LocList/>
<StmntSeq Intrnl_Id="3180">
<LocList/>
</StmntSeq>
</Branch>
<Branch CovItemId="B16" CovItemPrefix="cabra.SaveLoad.java" Implct="false" Intrnl_Id="3181">
<Cond>
<Loc EndOffset="6095" SrcFileId="25" StartOffset="6077"/>
</Cond>
<LocList>
<Loc EndOffset="6574" SrcFileId="25" StartOffset="6095"/>
</LocList>
<StmntSeq Intrnl_Id="3182">
<LocList>
<Loc EndOffset="6239" SrcFileId="25" StartOffset="6196"/>
<Loc EndOffset="6280" SrcFileId="25" StartOffset="6260"/>
<Loc EndOffset="6313" SrcFileId="25" StartOffset="6301"/>
<Loc EndOffset="6354" SrcFileId="25" StartOffset="6334"/>
</LocList>
<BasicStmnt CovItemId="S47" CovItemPrefix="cabra.SaveLoad.java" Intrnl_Id="3183">
<LocList>
<Loc EndOffset="6239" SrcFileId="25" StartOffset="6196"/>
</LocList>
</BasicStmnt>
<BasicStmnt CovItemId="S48" CovItemPrefix="cabra.SaveLoad.java" Intrnl_Id="3184">
<LocList>
<Loc EndOffset="6280" SrcFileId="25" StartOffset="6260"/>
</LocList>
</BasicStmnt>
<BasicStmnt CovItemId="S49" CovItemPrefix="cabra.SaveLoad.java" Intrnl_Id="3185">
<LocList>
<Loc EndOffset="6313" SrcFileId="25" StartOffset="6301"/>
</LocList>
</BasicStmnt>
<BasicStmnt CovItemId="S50" CovItemPrefix="cabra.SaveLoad.java" Intrnl_Id="3186">
<LocList>
<Loc EndOffset="6354" SrcFileId="25" StartOffset="6334"/>
</LocList>
</BasicStmnt>
</StmntSeq>
</Branch>
<Keyword EndOffset="5983" SrcFileId="25" StartOffset="5980"/>
<LocList>
<Loc EndOffset="6574" SrcFileId="25" StartOffset="5980"/>
</LocList>
</CondStmnt>
<BasicStmnt CovItemId="S51" CovItemPrefix="cabra.SaveLoad.java" Intrnl_Id="3187">
<LocList>
<Loc EndOffset="6639" SrcFileId="25" StartOffset="6620"/>
</LocList>
</BasicStmnt>
<CondStmnt CovItemId="S52" CovItemPrefix="cabra.SaveLoad.java" Intrnl_Id="3188">
<Branch CovItemId="B17" CovItemPrefix="cabra.SaveLoad.java" Implct="false" Intrnl_Id="3189">
<Cond/>
<LocList>
<Loc EndOffset="6792" SrcFileId="25" StartOffset="6776"/>
</LocList>
<StmntSeq Intrnl_Id="3190">
<LocList>
<Loc EndOffset="6792" SrcFileId="25" StartOffset="6776"/>
</LocList>
<BasicStmnt CovItemId="S53" CovItemPrefix="cabra.SaveLoad.java" Intrnl_Id="3191">
<LocList>
<Loc EndOffset="6792" SrcFileId="25" StartOffset="6776"/>
</LocList>
</BasicStmnt>
</StmntSeq>
</Branch>
<Branch CovItemId="B18" CovItemPrefix="cabra.SaveLoad.java" Implct="true" Intrnl_Id="3192">
<Cond/>
<LocList/>
<StmntSeq Intrnl_Id="3193">
<LocList/>
</StmntSeq>
</Branch>
<Keyword EndOffset="6741" SrcFileId="25" StartOffset="6739"/>
<LocList>
<Loc EndOffset="6792" SrcFileId="25" StartOffset="6739"/>
</LocList>
<RootTerm CovItemId="C6" CovItemPrefix="cabra.SaveLoad.java" Intrnl_Id="3194">
<BasicBoolTerm Intrnl_Id="3195">
<LocList>
<Loc EndOffset="6754" SrcFileId="25" StartOffset="6742"/>
</LocList>
</BasicBoolTerm>
</RootTerm>
</CondStmnt>
</StmntSeq>
<Keyword EndOffset="5602" SrcFileId="25" StartOffset="5599"/>
<LocList>
<Loc EndOffset="6915" SrcFileId="25" StartOffset="5599"/>
</LocList>
</LoopStmnt>
<CondStmnt CovItemId="S38" CovItemPrefix="cabra.SaveLoad.java" Intrnl_Id="3196">
<Branch CovItemId="B12" CovItemPrefix="cabra.SaveLoad.java" Implct="true" Intrnl_Id="3197">
<Cond/>
<LocList/>
<StmntSeq Intrnl_Id="3198">
<LocList/>
</StmntSeq>
</Branch>
<Branch CovItemId="B19" CovItemPrefix="cabra.SaveLoad.java" Implct="false" Intrnl_Id="3199">
<Cond>
<Loc EndOffset="6969" SrcFileId="25" StartOffset="6948"/>
</Cond>
<LocList>
<Loc EndOffset="7095" SrcFileId="25" StartOffset="6969"/>
</LocList>
<StmntSeq Intrnl_Id="3200">
<LocList>
<Loc EndOffset="7026" SrcFileId="25" StartOffset="6983"/>
<Loc EndOffset="7060" SrcFileId="25" StartOffset="7039"/>
<Loc EndOffset="7085" SrcFileId="25" StartOffset="7073"/>
</LocList>
<BasicStmnt CovItemId="S54" CovItemPrefix="cabra.SaveLoad.java" Intrnl_Id="3201">
<LocList>
<Loc EndOffset="7026" SrcFileId="25" StartOffset="6983"/>
</LocList>
</BasicStmnt>
<BasicStmnt CovItemId="S55" CovItemPrefix="cabra.SaveLoad.java" Intrnl_Id="3202">
<LocList>
<Loc EndOffset="7060" SrcFileId="25" StartOffset="7039"/>
</LocList>
</BasicStmnt>
<BasicStmnt CovItemId="S56" CovItemPrefix="cabra.SaveLoad.java" Intrnl_Id="3203">
<LocList>
<Loc EndOffset="7085" SrcFileId="25" StartOffset="7073"/>
</LocList>
</BasicStmnt>
</StmntSeq>
</Branch>
<Keyword EndOffset="5401" SrcFileId="25" StartOffset="5398"/>
<LocList>
<Loc EndOffset="7095" SrcFileId="25" StartOffset="5398"/>
</LocList>
</CondStmnt>
<BasicStmnt CovItemId="S57" CovItemPrefix="cabra.SaveLoad.java" Intrnl_Id="3204">
<LocList>
<Loc EndOffset="7128" SrcFileId="25" StartOffset="7115"/>
</LocList>
</BasicStmnt>
</StmntSeq>
</HierarchyLvl>
</HierarchyLvl>
<HierarchyLvl HierarchyLvlId="1358" HierarchyLvlTypeId="66" Intrnl_Id="3205" Name="Sanitizer">
<Header>
<Loc EndOffset="246" SrcFileId="26" StartOffset="215"/>
</Header>
<LocList>
<Loc EndOffset="2373" SrcFileId="26" StartOffset="215"/>
</LocList>
<StmntSeq Intrnl_Id="3206">
<LocList>
<Loc EndOffset="428" SrcFileId="26" StartOffset="367"/>
</LocList>
<BasicStmnt CovItemId="S1" CovItemPrefix="cabra.Sanitizer.java" Intrnl_Id="3207">
<LocList>
<Loc EndOffset="428" SrcFileId="26" StartOffset="367"/>
</LocList>
</BasicStmnt>
</StmntSeq>
<HierarchyLvl HierarchyLvlId="1353" HierarchyLvlTypeId="67" Intrnl_Id="3208" Name="Sanitizer">
<Header>
<Loc EndOffset="277" SrcFileId="26" StartOffset="258"/>
</Header>
<LocList>
<Loc EndOffset="279" SrcFileId="26" StartOffset="258"/>
</LocList>
</HierarchyLvl>
<HierarchyLvl HierarchyLvlId="1354" HierarchyLvlTypeId="67" Intrnl_Id="3209" Name="hasDisallowedChar">
<Header>
<Loc EndOffset="686" SrcFileId="26" StartOffset="632"/>
</Header>
<LocList>
<Loc EndOffset="1023" SrcFileId="26" StartOffset="632"/>
</LocList>
<StmntSeq Intrnl_Id="3210">
<LocList>
<Loc EndOffset="986" SrcFileId="26" StartOffset="754"/>
<Loc EndOffset="1017" SrcFileId="26" StartOffset="1004"/>
</LocList>
<LoopStmnt CovItemId="S2" CovItemPrefix="cabra.Sanitizer.java" Intrnl_Id="3211" MltplExecId="L1-2" MltplExecPrefix="cabra.Sanitizer.java" NvrExecId="L1-0" NvrExecPrefix="cabra.Sanitizer.java" OnceExecutedId="L1-1" OnceExecutedPrefix="cabra.Sanitizer.java" OptBodyExec="true">
<StmntSeq Intrnl_Id="3212">
<LocList>
<Loc EndOffset="976" SrcFileId="26" StartOffset="807"/>
</LocList>
<CondStmnt CovItemId="S3" CovItemPrefix="cabra.Sanitizer.java" Intrnl_Id="3213">
<Branch CovItemId="B1" CovItemPrefix="cabra.Sanitizer.java" Implct="false" Intrnl_Id="3214">
<Cond/>
<LocList>
<Loc EndOffset="976" SrcFileId="26" StartOffset="854"/>
</LocList>
<StmntSeq Intrnl_Id="3215">
<LocList>
<Loc EndOffset="962" SrcFileId="26" StartOffset="950"/>
</LocList>
<BasicStmnt CovItemId="S4" CovItemPrefix="cabra.Sanitizer.java" Intrnl_Id="3216">
<LocList>
<Loc EndOffset="962" SrcFileId="26" StartOffset="950"/>
</LocList>
</BasicStmnt>
</StmntSeq>
</Branch>
<Branch CovItemId="B2" CovItemPrefix="cabra.Sanitizer.java" Implct="true" Intrnl_Id="3217">
<Cond/>
<LocList/>
<StmntSeq Intrnl_Id="3218">
<LocList/>
</StmntSeq>
</Branch>
<Keyword EndOffset="809" SrcFileId="26" StartOffset="807"/>
<LocList>
<Loc EndOffset="976" SrcFileId="26" StartOffset="807"/>
</LocList>
<RootTerm CovItemId="C1" CovItemPrefix="cabra.Sanitizer.java" Intrnl_Id="3219">
<BasicBoolTerm Intrnl_Id="3220">
<LocList>
<Loc EndOffset="853" SrcFileId="26" StartOffset="810"/>
</LocList>
</BasicBoolTerm>
</RootTerm>
</CondStmnt>
</StmntSeq>
<Keyword EndOffset="757" SrcFileId="26" StartOffset="754"/>
<LocList>
<Loc EndOffset="986" SrcFileId="26" StartOffset="754"/>
</LocList>
</LoopStmnt>
<BasicStmnt CovItemId="S5" CovItemPrefix="cabra.Sanitizer.java" Intrnl_Id="3221">
<LocList>
<Loc EndOffset="1017" SrcFileId="26" StartOffset="1004"/>
</LocList>
</BasicStmnt>
</StmntSeq>
</HierarchyLvl>
<HierarchyLvl HierarchyLvlId="1355" HierarchyLvlTypeId="67" Intrnl_Id="3222" Name="sanitize">
<Header>
<Loc EndOffset="1240" SrcFileId="26" StartOffset="1196"/>
</Header>
<LocList>
<Loc EndOffset="1733" SrcFileId="26" StartOffset="1196"/>
</LocList>
<StmntSeq Intrnl_Id="3223">
<LocList>
<Loc EndOffset="1315" SrcFileId="26" StartOffset="1250"/>
<Loc EndOffset="1394" SrcFileId="26" StartOffset="1344"/>
<Loc EndOffset="1683" SrcFileId="26" StartOffset="1403"/>
<Loc EndOffset="1727" SrcFileId="26" StartOffset="1701"/>
</LocList>
<CondStmnt CovItemId="S6" CovItemPrefix="cabra.Sanitizer.java" Intrnl_Id="3224">
<Branch CovItemId="B3" CovItemPrefix="cabra.Sanitizer.java" Implct="false" Intrnl_Id="3225">
<Cond/>
<LocList>
<Loc EndOffset="1315" SrcFileId="26" StartOffset="1301"/>
</LocList>
<StmntSeq Intrnl_Id="3226">
<LocList>
<Loc EndOffset="1315" SrcFileId="26" StartOffset="1301"/>
</LocList>
<BasicStmnt CovItemId="S7" CovItemPrefix="cabra.Sanitizer.java" Intrnl_Id="3227">
<LocList>
<Loc EndOffset="1315" SrcFileId="26" StartOffset="1301"/>
</LocList>
</BasicStmnt>
</StmntSeq>
</Branch>
<Branch CovItemId="B4" CovItemPrefix="cabra.Sanitizer.java" Implct="true" Intrnl_Id="3228">
<Cond/>
<LocList/>
<StmntSeq Intrnl_Id="3229">
<LocList/>
</StmntSeq>
</Branch>
<Keyword EndOffset="1252" SrcFileId="26" StartOffset="1250"/>
<LocList>
<Loc EndOffset="1315" SrcFileId="26" StartOffset="1250"/>
</LocList>
<RootTerm CovItemId="C2" CovItemPrefix="cabra.Sanitizer.java" Intrnl_Id="3230">
<BasicBoolTerm Intrnl_Id="3231">
<LocList>
<Loc EndOffset="1287" SrcFileId="26" StartOffset="1253"/>
</LocList>
</BasicBoolTerm>
</RootTerm>
</CondStmnt>
<BasicStmnt CovItemId="S8" CovItemPrefix="cabra.Sanitizer.java" Intrnl_Id="3232">
<LocList>
<Loc EndOffset="1394" SrcFileId="26" StartOffset="1344"/>
</LocList>
</BasicStmnt>
<LoopStmnt CovItemId="S9" CovItemPrefix="cabra.Sanitizer.java" Intrnl_Id="3233" MltplExecId="L2-2" MltplExecPrefix="cabra.Sanitizer.java" NvrExecId="L2-0" NvrExecPrefix="cabra.Sanitizer.java" OnceExecutedId="L2-1" OnceExecutedPrefix="cabra.Sanitizer.java" OptBodyExec="true">
<StmntSeq Intrnl_Id="3234">
<LocList>
<Loc EndOffset="1484" SrcFileId="26" StartOffset="1452"/>
<Loc EndOffset="1673" SrcFileId="26" StartOffset="1497"/>
</LocList>
<BasicStmnt CovItemId="S10" CovItemPrefix="cabra.Sanitizer.java" Intrnl_Id="3235">
<LocList>
<Loc EndOffset="1484" SrcFileId="26" StartOffset="1452"/>
</LocList>
</BasicStmnt>
<CondStmnt CovItemId="S11" CovItemPrefix="cabra.Sanitizer.java" Intrnl_Id="3236">
<Branch CovItemId="B5" CovItemPrefix="cabra.Sanitizer.java" Implct="false" Intrnl_Id="3237">
<Cond/>
<LocList>
<Loc EndOffset="1673" SrcFileId="26" StartOffset="1544"/>
</LocList>
<StmntSeq Intrnl_Id="3238">
<LocList>
<Loc EndOffset="1638" SrcFileId="26" StartOffset="1604"/>
<Loc EndOffset="1659" SrcFileId="26" StartOffset="1655"/>
</LocList>
<BasicStmnt CovItemId="S12" CovItemPrefix="cabra.Sanitizer.java" Intrnl_Id="3239">
<LocList>
<Loc EndOffset="1638" SrcFileId="26" StartOffset="1604"/>
</LocList>
</BasicStmnt>
<BasicStmnt CovItemId="S13" CovItemPrefix="cabra.Sanitizer.java" Intrnl_Id="3240">
<LocList>
<Loc EndOffset="1659" SrcFileId="26" StartOffset="1655"/>
</LocList>
</BasicStmnt>
</StmntSeq>
</Branch>
<Branch CovItemId="B6" CovItemPrefix="cabra.Sanitizer.java" Implct="true" Intrnl_Id="3241">
<Cond/>
<LocList/>
<StmntSeq Intrnl_Id="3242">
<LocList/>
</StmntSeq>
</Branch>
<Keyword EndOffset="1499" SrcFileId="26" StartOffset="1497"/>
<LocList>
<Loc EndOffset="1673" SrcFileId="26" StartOffset="1497"/>
</LocList>
<RootTerm CovItemId="C4" CovItemPrefix="cabra.Sanitizer.java" Intrnl_Id="3243">
<BasicBoolTerm Intrnl_Id="3244">
<LocList>
<Loc EndOffset="1543" SrcFileId="26" StartOffset="1500"/>
</LocList>
</BasicBoolTerm>
</RootTerm>
</CondStmnt>
</StmntSeq>
<Keyword EndOffset="1406" SrcFileId="26" StartOffset="1403"/>
<LocList>
<Loc EndOffset="1683" SrcFileId="26" StartOffset="1403"/>
</LocList>
<RootTerm CovItemId="C3" CovItemPrefix="cabra.Sanitizer.java" Intrnl_Id="3245">
<BasicBoolTerm Intrnl_Id="3246">
<LocList>
<Loc EndOffset="1433" SrcFileId="26" StartOffset="1415"/>
</LocList>
</BasicBoolTerm>
</RootTerm>
</LoopStmnt>
<BasicStmnt CovItemId="S14" CovItemPrefix="cabra.Sanitizer.java" Intrnl_Id="3247">
<LocList>
<Loc EndOffset="1727" SrcFileId="26" StartOffset="1701"/>
</LocList>
</BasicStmnt>
</StmntSeq>
</HierarchyLvl>
<HierarchyLvl HierarchyLvlId="1356" HierarchyLvlTypeId="67" Intrnl_Id="3248" Name="removeSpaces">
<Header>
<Loc EndOffset="2001" SrcFileId="26" StartOffset="1953"/>
</Header>
<LocList>
<Loc EndOffset="2051" SrcFileId="26" StartOffset="1953"/>
</LocList>
<StmntSeq Intrnl_Id="3249">
<LocList>
<Loc EndOffset="2045" SrcFileId="26" StartOffset="2011"/>
</LocList>
<BasicStmnt CovItemId="S15" CovItemPrefix="cabra.Sanitizer.java" Intrnl_Id="3250">
<LocList>
<Loc EndOffset="2045" SrcFileId="26" StartOffset="2011"/>
</LocList>
</BasicStmnt>
</StmntSeq>
</HierarchyLvl>
<HierarchyLvl HierarchyLvlId="1357" HierarchyLvlTypeId="67" Intrnl_Id="3251" Name="removeUnderscores">
<Header>
<Loc EndOffset="2321" SrcFileId="26" StartOffset="2268"/>
</Header>
<LocList>
<Loc EndOffset="2371" SrcFileId="26" StartOffset="2268"/>
</LocList>
<StmntSeq Intrnl_Id="3252">
<LocList>
<Loc EndOffset="2365" SrcFileId="26" StartOffset="2331"/>
</LocList>
<BasicStmnt CovItemId="S16" CovItemPrefix="cabra.Sanitizer.java" Intrnl_Id="3253">
<LocList>
<Loc EndOffset="2365" SrcFileId="26" StartOffset="2331"/>
</LocList>
</BasicStmnt>
</StmntSeq>
</HierarchyLvl>
</HierarchyLvl>
<HierarchyLvl HierarchyLvlId="1364" HierarchyLvlTypeId="66" Intrnl_Id="3254" Name="QuestionPanel">
<Header>
<Loc EndOffset="411" SrcFileId="27" StartOffset="346"/>
</Header>
<LocList>
<Loc EndOffset="2457" SrcFileId="27" StartOffset="346"/>
</LocList>
<HierarchyLvl HierarchyLvlId="1359" HierarchyLvlTypeId="67" Intrnl_Id="3255" Name="QuestionPanel">
<Header>
<Loc EndOffset="556" SrcFileId="27" StartOffset="483"/>
</Header>
<LocList>
<Loc EndOffset="605" SrcFileId="27" StartOffset="483"/>
</LocList>
<StmntSeq Intrnl_Id="3256">
<LocList>
<Loc EndOffset="599" SrcFileId="27" StartOffset="566"/>
</LocList>
<BasicStmnt CovItemId="S1" CovItemPrefix="cabra.QuestionPanel.java" Intrnl_Id="3257">
<LocList>
<Loc EndOffset="599" SrcFileId="27" StartOffset="566"/>
</LocList>
</BasicStmnt>
</StmntSeq>
</HierarchyLvl>
<HierarchyLvl HierarchyLvlId="1360" HierarchyLvlTypeId="67" Intrnl_Id="3258" Name="update">
<Header>
<Loc EndOffset="666" SrcFileId="27" StartOffset="615"/>
</Header>
<LocList>
<Loc EndOffset="989" SrcFileId="27" StartOffset="615"/>
</LocList>
<StmntSeq Intrnl_Id="3259">
<LocList>
<Loc EndOffset="959" SrcFileId="27" StartOffset="684"/>
</LocList>
<CondStmnt CovItemId="S2" CovItemPrefix="cabra.QuestionPanel.java" Intrnl_Id="3260">
<Branch CovItemId="B1" CovItemPrefix="cabra.QuestionPanel.java" Implct="false" Intrnl_Id="3261">
<Cond/>
<LocList>
<Loc EndOffset="765" SrcFileId="27" StartOffset="700"/>
</LocList>
<StmntSeq Intrnl_Id="3262">
<LocList/>
</StmntSeq>
</Branch>
<Branch CovItemId="B2" CovItemPrefix="cabra.QuestionPanel.java" Implct="false" Intrnl_Id="3263">
<Cond>
<Loc EndOffset="786" SrcFileId="27" StartOffset="782"/>
</Cond>
<LocList>
<Loc EndOffset="959" SrcFileId="27" StartOffset="786"/>
</LocList>
<StmntSeq Intrnl_Id="3264">
<LocList>
<Loc EndOffset="897" SrcFileId="27" StartOffset="859"/>
<Loc EndOffset="941" SrcFileId="27" StartOffset="919"/>
</LocList>
<BasicStmnt CovItemId="S3" CovItemPrefix="cabra.QuestionPanel.java" Intrnl_Id="3265">
<LocList>
<Loc EndOffset="897" SrcFileId="27" StartOffset="859"/>
</LocList>
</BasicStmnt>
<BasicStmnt CovItemId="S4" CovItemPrefix="cabra.QuestionPanel.java" Intrnl_Id="3266">
<LocList>
<Loc EndOffset="941" SrcFileId="27" StartOffset="919"/>
</LocList>
</BasicStmnt>
</StmntSeq>
</Branch>
<Keyword EndOffset="686" SrcFileId="27" StartOffset="684"/>
<LocList>
<Loc EndOffset="959" SrcFileId="27" StartOffset="684"/>
</LocList>
<RootTerm CovItemId="C1" CovItemPrefix="cabra.QuestionPanel.java" Intrnl_Id="3267">
<BasicBoolTerm Intrnl_Id="3268">
<LocList>
<Loc EndOffset="699" SrcFileId="27" StartOffset="687"/>
</LocList>
</BasicBoolTerm>
</RootTerm>
</CondStmnt>
</StmntSeq>
</HierarchyLvl>
<HierarchyLvl HierarchyLvlId="1363" HierarchyLvlTypeId="67" Intrnl_Id="3269" Name="decideOnPicture">
<Header>
<Loc EndOffset="1215" SrcFileId="27" StartOffset="1169"/>
</Header>
<LocList>
<Loc EndOffset="2451" SrcFileId="27" StartOffset="1169"/>
</LocList>
<StmntSeq Intrnl_Id="3270">
<LocList>
<Loc EndOffset="2445" SrcFileId="27" StartOffset="1225"/>
</LocList>
<CondStmnt CovItemId="S5" CovItemPrefix="cabra.QuestionPanel.java" Intrnl_Id="3271">
<Branch CovItemId="B3" CovItemPrefix="cabra.QuestionPanel.java" Implct="false" Intrnl_Id="3272">
<Cond/>
<LocList>
<Loc EndOffset="2187" SrcFileId="27" StartOffset="1253"/>
</LocList>
<StmntSeq Intrnl_Id="3273">
<LocList>
<Loc EndOffset="1344" SrcFileId="27" StartOffset="1267"/>
<Loc EndOffset="1506" SrcFileId="27" StartOffset="1462"/>
<Loc EndOffset="1661" SrcFileId="27" StartOffset="1562"/>
<Loc EndOffset="1728" SrcFileId="27" StartOffset="1687"/>
<Loc EndOffset="1777" SrcFileId="27" StartOffset="1741"/>
<Loc EndOffset="1896" SrcFileId="27" StartOffset="1841"/>
<Loc EndOffset="1939" SrcFileId="27" StartOffset="1909"/>
<Loc EndOffset="2139" SrcFileId="27" StartOffset="2137"/>
</LocList>
<CondStmnt CovItemId="S6" CovItemPrefix="cabra.QuestionPanel.java" Intrnl_Id="3274">
<Branch CovItemId="B5" CovItemPrefix="cabra.QuestionPanel.java" Implct="false" Intrnl_Id="3275">
<Cond/>
<LocList>
<Loc EndOffset="1344" SrcFileId="27" StartOffset="1291"/>
</LocList>
<StmntSeq Intrnl_Id="3276">
<LocList>
<Loc EndOffset="1330" SrcFileId="27" StartOffset="1309"/>
</LocList>
<BasicStmnt CovItemId="S7" CovItemPrefix="cabra.QuestionPanel.java" Intrnl_Id="3277">
<LocList>
<Loc EndOffset="1330" SrcFileId="27" StartOffset="1309"/>
</LocList>
</BasicStmnt>
</StmntSeq>
</Branch>
<Branch CovItemId="B6" CovItemPrefix="cabra.QuestionPanel.java" Implct="true" Intrnl_Id="3278">
<Cond/>
<LocList/>
<StmntSeq Intrnl_Id="3279">
<LocList/>
</StmntSeq>
</Branch>
<Keyword EndOffset="1269" SrcFileId="27" StartOffset="1267"/>
<LocList>
<Loc EndOffset="1344" SrcFileId="27" StartOffset="1267"/>
</LocList>
<RootTerm CovItemId="C3" CovItemPrefix="cabra.QuestionPanel.java" Intrnl_Id="3280">
<BasicBoolTerm Intrnl_Id="3281">
<LocList>
<Loc EndOffset="1290" SrcFileId="27" StartOffset="1270"/>
</LocList>
</BasicBoolTerm>
</RootTerm>
</CondStmnt>
<BasicStmnt CovItemId="S8" CovItemPrefix="cabra.QuestionPanel.java" Intrnl_Id="3282">
<LocList>
<Loc EndOffset="1506" SrcFileId="27" StartOffset="1462"/>
</LocList>
</BasicStmnt>
<BasicStmnt CovItemId="S9" CovItemPrefix="cabra.QuestionPanel.java" Intrnl_Id="3283">
<LocList>
<Loc EndOffset="1661" SrcFileId="27" StartOffset="1562"/>
</LocList>
</BasicStmnt>
<BasicStmnt CovItemId="S10" CovItemPrefix="cabra.QuestionPanel.java" Intrnl_Id="3284">
<LocList>
<Loc EndOffset="1728" SrcFileId="27" StartOffset="1687"/>
</LocList>
</BasicStmnt>
<BasicStmnt CovItemId="S11" CovItemPrefix="cabra.QuestionPanel.java" Intrnl_Id="3285">
<LocList>
<Loc EndOffset="1777" SrcFileId="27" StartOffset="1741"/>
</LocList>
</BasicStmnt>
<BasicStmnt CovItemId="S12" CovItemPrefix="cabra.QuestionPanel.java" Intrnl_Id="3286">
<LocList>
<Loc EndOffset="1896" SrcFileId="27" StartOffset="1841"/>
</LocList>
</BasicStmnt>
<BasicStmnt CovItemId="S13" CovItemPrefix="cabra.QuestionPanel.java" Intrnl_Id="3287">
<LocList>
<Loc EndOffset="1939" SrcFileId="27" StartOffset="1909"/>
<Loc EndOffset="2139" SrcFileId="27" StartOffset="2137"/>
</LocList>
</BasicStmnt>
</StmntSeq>
</Branch>
<Branch CovItemId="B4" CovItemPrefix="cabra.QuestionPanel.java" Implct="false" Intrnl_Id="3288">
<Cond>
<Loc EndOffset="2200" SrcFileId="27" StartOffset="2196"/>
</Cond>
<LocList>
<Loc EndOffset="2445" SrcFileId="27" StartOffset="2200"/>
</LocList>
<StmntSeq Intrnl_Id="3289">
<LocList>
<Loc EndOffset="2286" SrcFileId="27" StartOffset="2243"/>
<Loc EndOffset="2431" SrcFileId="27" StartOffset="2299"/>
</LocList>
<BasicStmnt CovItemId="S15" CovItemPrefix="cabra.QuestionPanel.java" Intrnl_Id="3290">
<LocList>
<Loc EndOffset="2286" SrcFileId="27" StartOffset="2243"/>
</LocList>
</BasicStmnt>
<CondStmnt CovItemId="S16" CovItemPrefix="cabra.QuestionPanel.java" Intrnl_Id="3291">
<Branch CovItemId="B7" CovItemPrefix="cabra.QuestionPanel.java" Implct="false" Intrnl_Id="3292">
<Cond/>
<LocList>
<Loc EndOffset="2431" SrcFileId="27" StartOffset="2323"/>
</LocList>
<StmntSeq Intrnl_Id="3293">
<LocList>
<Loc EndOffset="2390" SrcFileId="27" StartOffset="2369"/>
<Loc EndOffset="2417" SrcFileId="27" StartOffset="2407"/>
</LocList>
<BasicStmnt CovItemId="S17" CovItemPrefix="cabra.QuestionPanel.java" Intrnl_Id="3294">
<LocList>
<Loc EndOffset="2390" SrcFileId="27" StartOffset="2369"/>
</LocList>
</BasicStmnt>
<BasicStmnt CovItemId="S18" CovItemPrefix="cabra.QuestionPanel.java" Intrnl_Id="3295">
<LocList>
<Loc EndOffset="2417" SrcFileId="27" StartOffset="2407"/>
</LocList>
</BasicStmnt>
</StmntSeq>
</Branch>
<Branch CovItemId="B8" CovItemPrefix="cabra.QuestionPanel.java" Implct="true" Intrnl_Id="3296">
<Cond/>
<LocList/>
<StmntSeq Intrnl_Id="3297">
<LocList/>
</StmntSeq>
</Branch>
<Keyword EndOffset="2301" SrcFileId="27" StartOffset="2299"/>
<LocList>
<Loc EndOffset="2431" SrcFileId="27" StartOffset="2299"/>
</LocList>
<RootTerm CovItemId="C4" CovItemPrefix="cabra.QuestionPanel.java" Intrnl_Id="3298">
<BasicBoolTerm Intrnl_Id="3299">
<LocList>
<Loc EndOffset="2322" SrcFileId="27" StartOffset="2302"/>
</LocList>
</BasicBoolTerm>
</RootTerm>
</CondStmnt>
</StmntSeq>
</Branch>
<Keyword EndOffset="1227" SrcFileId="27" StartOffset="1225"/>
<LocList>
<Loc EndOffset="2445" SrcFileId="27" StartOffset="1225"/>
</LocList>
<RootTerm CovItemId="C2" CovItemPrefix="cabra.QuestionPanel.java" Intrnl_Id="3300">
<BasicBoolTerm Intrnl_Id="3301">
<LocList>
<Loc EndOffset="1252" SrcFileId="27" StartOffset="1228"/>
</LocList>
</BasicBoolTerm>
</RootTerm>
</CondStmnt>
</StmntSeq>
<HierarchyLvl HierarchyLvlId="1362" HierarchyLvlTypeId="69" Intrnl_Id="3302" Name="MouseAdapter">
<Header>
<Loc EndOffset="1957" SrcFileId="27" StartOffset="1943"/>
</Header>
<LocList>
<Loc EndOffset="2137" SrcFileId="27" StartOffset="1939"/>
</LocList>
<HierarchyLvl HierarchyLvlId="1361" HierarchyLvlTypeId="67" Intrnl_Id="3303" Name="mouseClicked">
<Header>
<Loc EndOffset="2037" SrcFileId="27" StartOffset="1974"/>
</Header>
<LocList>
<Loc EndOffset="2123" SrcFileId="27" StartOffset="1974"/>
</LocList>
<StmntSeq Intrnl_Id="3304">
<LocList>
<Loc EndOffset="2106" SrcFileId="27" StartOffset="2058"/>
</LocList>
<BasicStmnt CovItemId="S14" CovItemPrefix="cabra.QuestionPanel.java" Intrnl_Id="3305">
<LocList>
<Loc EndOffset="2106" SrcFileId="27" StartOffset="2058"/>
</LocList>
</BasicStmnt>
</StmntSeq>
</HierarchyLvl>
</HierarchyLvl>
</HierarchyLvl>
</HierarchyLvl>
<HierarchyLvl HierarchyLvlId="1387" HierarchyLvlTypeId="66" Intrnl_Id="3306" Name="ProjectPanel">
<Header>
<Loc EndOffset="388" SrcFileId="28" StartOffset="348"/>
</Header>
<LocList>
<Loc EndOffset="3888" SrcFileId="28" StartOffset="348"/>
<Loc EndOffset="6849" SrcFileId="28" StartOffset="5082"/>
<Loc EndOffset="7122" SrcFileId="28" StartOffset="6994"/>
<Loc EndOffset="7341" SrcFileId="28" StartOffset="7267"/>
<Loc EndOffset="7553" SrcFileId="28" StartOffset="7490"/>
<Loc EndOffset="7706" SrcFileId="28" StartOffset="7698"/>
</LocList>
<StmntSeq Intrnl_Id="3307">
<LocList>
<Loc EndOffset="595" SrcFileId="28" StartOffset="553"/>
</LocList>
<BasicStmnt CovItemId="S1" CovItemPrefix="cabra.ProjectPanel.java" Intrnl_Id="3308">
<LocList>
<Loc EndOffset="595" SrcFileId="28" StartOffset="553"/>
</LocList>
</BasicStmnt>
</StmntSeq>
<HierarchyLvl HierarchyLvlId="1365" HierarchyLvlTypeId="67" Intrnl_Id="3309" Name="ProjectPanel">
<Header>
<Loc EndOffset="669" SrcFileId="28" StartOffset="605"/>
</Header>
<LocList>
<Loc EndOffset="1351" SrcFileId="28" StartOffset="605"/>
</LocList>
<StmntSeq Intrnl_Id="3310">
<LocList>
<Loc EndOffset="702" SrcFileId="28" StartOffset="679"/>
<Loc EndOffset="738" SrcFileId="28" StartOffset="711"/>
<Loc EndOffset="842" SrcFileId="28" StartOffset="786"/>
<Loc EndOffset="873" SrcFileId="28" StartOffset="860"/>
<Loc EndOffset="986" SrcFileId="28" StartOffset="955"/>
<Loc EndOffset="1026" SrcFileId="28" StartOffset="995"/>
<Loc EndOffset="1158" SrcFileId="28" StartOffset="1102"/>
<Loc EndOffset="1223" SrcFileId="28" StartOffset="1167"/>
<Loc EndOffset="1308" SrcFileId="28" StartOffset="1232"/>
<Loc EndOffset="1345" SrcFileId="28" StartOffset="1317"/>
</LocList>
<BasicStmnt CovItemId="S2" CovItemPrefix="cabra.ProjectPanel.java" Intrnl_Id="3311">
<LocList>
<Loc EndOffset="702" SrcFileId="28" StartOffset="679"/>
</LocList>
</BasicStmnt>
<BasicStmnt CovItemId="S3" CovItemPrefix="cabra.ProjectPanel.java" Intrnl_Id="3312">
<LocList>
<Loc EndOffset="738" SrcFileId="28" StartOffset="711"/>
</LocList>
</BasicStmnt>
<BasicStmnt CovItemId="S4" CovItemPrefix="cabra.ProjectPanel.java" Intrnl_Id="3313">
<LocList>
<Loc EndOffset="842" SrcFileId="28" StartOffset="786"/>
</LocList>
</BasicStmnt>
<BasicStmnt CovItemId="S5" CovItemPrefix="cabra.ProjectPanel.java" Intrnl_Id="3314">
<LocList>
<Loc EndOffset="873" SrcFileId="28" StartOffset="860"/>
</LocList>
</BasicStmnt>
<BasicStmnt CovItemId="S6" CovItemPrefix="cabra.ProjectPanel.java" Intrnl_Id="3315">
<LocList>
<Loc EndOffset="986" SrcFileId="28" StartOffset="955"/>
</LocList>
</BasicStmnt>
<BasicStmnt CovItemId="S7" CovItemPrefix="cabra.ProjectPanel.java" Intrnl_Id="3316">
<LocList>
<Loc EndOffset="1026" SrcFileId="28" StartOffset="995"/>
</LocList>
</BasicStmnt>
<BasicStmnt CovItemId="S8" CovItemPrefix="cabra.ProjectPanel.java" Intrnl_Id="3317">
<LocList>
<Loc EndOffset="1158" SrcFileId="28" StartOffset="1102"/>
</LocList>
</BasicStmnt>
<BasicStmnt CovItemId="S9" CovItemPrefix="cabra.ProjectPanel.java" Intrnl_Id="3318">
<LocList>
<Loc EndOffset="1223" SrcFileId="28" StartOffset="1167"/>
</LocList>
</BasicStmnt>
<BasicStmnt CovItemId="S10" CovItemPrefix="cabra.ProjectPanel.java" Intrnl_Id="3319">
<LocList>
<Loc EndOffset="1308" SrcFileId="28" StartOffset="1232"/>
</LocList>
</BasicStmnt>
<BasicStmnt CovItemId="S11" CovItemPrefix="cabra.ProjectPanel.java" Intrnl_Id="3320">
<LocList>
<Loc EndOffset="1345" SrcFileId="28" StartOffset="1317"/>
</LocList>
</BasicStmnt>
</StmntSeq>
</HierarchyLvl>
<HierarchyLvl HierarchyLvlId="1366" HierarchyLvlTypeId="67" Intrnl_Id="3321" Name="projectEquals">
<Header>
<Loc EndOffset="1606" SrcFileId="28" StartOffset="1563"/>
</Header>
<LocList>
<Loc EndOffset="1656" SrcFileId="28" StartOffset="1563"/>
</LocList>
<StmntSeq Intrnl_Id="3322">
<LocList>
<Loc EndOffset="1650" SrcFileId="28" StartOffset="1616"/>
</LocList>
<BasicStmnt CovItemId="S12" CovItemPrefix="cabra.ProjectPanel.java" Intrnl_Id="3323">
<LocList>
<Loc EndOffset="1650" SrcFileId="28" StartOffset="1616"/>
</LocList>
</BasicStmnt>
</StmntSeq>
</HierarchyLvl>
<HierarchyLvl HierarchyLvlId="1367" HierarchyLvlTypeId="67" Intrnl_Id="3324" Name="refresh">
<Header>
<Loc EndOffset="1775" SrcFileId="28" StartOffset="1754"/>
</Header>
<LocList>
<Loc EndOffset="1830" SrcFileId="28" StartOffset="1754"/>
</LocList>
<StmntSeq Intrnl_Id="3325">
<LocList>
<Loc EndOffset="1824" SrcFileId="28" StartOffset="1785"/>
</LocList>
<BasicStmnt CovItemId="S13" CovItemPrefix="cabra.ProjectPanel.java" Intrnl_Id="3326">
<LocList>
<Loc EndOffset="1824" SrcFileId="28" StartOffset="1785"/>
</LocList>
</BasicStmnt>
</StmntSeq>
</HierarchyLvl>
<HierarchyLvl HierarchyLvlId="1368" HierarchyLvlTypeId="67" Intrnl_Id="3327" Name="buildPanel">
<Header>
<Loc EndOffset="1960" SrcFileId="28" StartOffset="1935"/>
</Header>
<LocList>
<Loc EndOffset="2308" SrcFileId="28" StartOffset="1935"/>
</LocList>
<StmntSeq Intrnl_Id="3328">
<LocList>
<Loc EndOffset="2021" SrcFileId="28" StartOffset="1970"/>
<Loc EndOffset="2113" SrcFileId="28" StartOffset="2069"/>
<Loc EndOffset="2170" SrcFileId="28" StartOffset="2122"/>
<Loc EndOffset="2196" SrcFileId="28" StartOffset="2179"/>
<Loc EndOffset="2302" SrcFileId="28" StartOffset="2260"/>
</LocList>
<BasicStmnt CovItemId="S14" CovItemPrefix="cabra.ProjectPanel.java" Intrnl_Id="3329">
<LocList>
<Loc EndOffset="2021" SrcFileId="28" StartOffset="1970"/>
</LocList>
</BasicStmnt>
<BasicStmnt CovItemId="S15" CovItemPrefix="cabra.ProjectPanel.java" Intrnl_Id="3330">
<LocList>
<Loc EndOffset="2113" SrcFileId="28" StartOffset="2069"/>
</LocList>
</BasicStmnt>
<BasicStmnt CovItemId="S16" CovItemPrefix="cabra.ProjectPanel.java" Intrnl_Id="3331">
<LocList>
<Loc EndOffset="2170" SrcFileId="28" StartOffset="2122"/>
</LocList>
</BasicStmnt>
<BasicStmnt CovItemId="S17" CovItemPrefix="cabra.ProjectPanel.java" Intrnl_Id="3332">
<LocList>
<Loc EndOffset="2196" SrcFileId="28" StartOffset="2179"/>
</LocList>
</BasicStmnt>
<BasicStmnt CovItemId="S18" CovItemPrefix="cabra.ProjectPanel.java" Intrnl_Id="3333">
<LocList>
<Loc EndOffset="2302" SrcFileId="28" StartOffset="2260"/>
</LocList>
</BasicStmnt>
</StmntSeq>
</HierarchyLvl>
<HierarchyLvl HierarchyLvlId="1369" HierarchyLvlTypeId="67" Intrnl_Id="3334" Name="showPopupMenu">
<Header>
<Loc EndOffset="2744" SrcFileId="28" StartOffset="2700"/>
</Header>
<LocList>
<Loc EndOffset="3756" SrcFileId="28" StartOffset="2700"/>
</LocList>
<StmntSeq Intrnl_Id="3335">
<LocList>
<Loc EndOffset="2832" SrcFileId="28" StartOffset="2775"/>
<Loc EndOffset="3061" SrcFileId="28" StartOffset="2991"/>
<Loc EndOffset="3117" SrcFileId="28" StartOffset="3070"/>
<Loc EndOffset="3141" SrcFileId="28" StartOffset="3126"/>
<Loc EndOffset="3237" SrcFileId="28" StartOffset="3167"/>
<Loc EndOffset="3291" SrcFileId="28" StartOffset="3246"/>
<Loc EndOffset="3315" SrcFileId="28" StartOffset="3300"/>
<Loc EndOffset="3411" SrcFileId="28" StartOffset="3341"/>
<Loc EndOffset="3465" SrcFileId="28" StartOffset="3420"/>
<Loc EndOffset="3489" SrcFileId="28" StartOffset="3474"/>
<Loc EndOffset="3592" SrcFileId="28" StartOffset="3523"/>
<Loc EndOffset="3646" SrcFileId="28" StartOffset="3601"/>
<Loc EndOffset="3670" SrcFileId="28" StartOffset="3655"/>
<Loc EndOffset="3750" SrcFileId="28" StartOffset="3706"/>
</LocList>
<BasicStmnt CovItemId="S19" CovItemPrefix="cabra.ProjectPanel.java" Intrnl_Id="3336">
<LocList>
<Loc EndOffset="2832" SrcFileId="28" StartOffset="2775"/>
</LocList>
</BasicStmnt>
<BasicStmnt CovItemId="S20" CovItemPrefix="cabra.ProjectPanel.java" Intrnl_Id="3337">
<LocList>
<Loc EndOffset="3061" SrcFileId="28" StartOffset="2991"/>
</LocList>
</BasicStmnt>
<BasicStmnt CovItemId="S21" CovItemPrefix="cabra.ProjectPanel.java" Intrnl_Id="3338">
<LocList>
<Loc EndOffset="3117" SrcFileId="28" StartOffset="3070"/>
</LocList>
</BasicStmnt>
<BasicStmnt CovItemId="S22" CovItemPrefix="cabra.ProjectPanel.java" Intrnl_Id="3339">
<LocList>
<Loc EndOffset="3141" SrcFileId="28" StartOffset="3126"/>
</LocList>
</BasicStmnt>
<BasicStmnt CovItemId="S23" CovItemPrefix="cabra.ProjectPanel.java" Intrnl_Id="3340">
<LocList>
<Loc EndOffset="3237" SrcFileId="28" StartOffset="3167"/>
</LocList>
</BasicStmnt>
<BasicStmnt CovItemId="S24" CovItemPrefix="cabra.ProjectPanel.java" Intrnl_Id="3341">
<LocList>
<Loc EndOffset="3291" SrcFileId="28" StartOffset="3246"/>
</LocList>
</BasicStmnt>
<BasicStmnt CovItemId="S25" CovItemPrefix="cabra.ProjectPanel.java" Intrnl_Id="3342">
<LocList>
<Loc EndOffset="3315" SrcFileId="28" StartOffset="3300"/>
</LocList>
</BasicStmnt>
<BasicStmnt CovItemId="S26" CovItemPrefix="cabra.ProjectPanel.java" Intrnl_Id="3343">
<LocList>
<Loc EndOffset="3411" SrcFileId="28" StartOffset="3341"/>
</LocList>
</BasicStmnt>
<BasicStmnt CovItemId="S27" CovItemPrefix="cabra.ProjectPanel.java" Intrnl_Id="3344">
<LocList>
<Loc EndOffset="3465" SrcFileId="28" StartOffset="3420"/>
</LocList>
</BasicStmnt>
<BasicStmnt CovItemId="S28" CovItemPrefix="cabra.ProjectPanel.java" Intrnl_Id="3345">
<LocList>
<Loc EndOffset="3489" SrcFileId="28" StartOffset="3474"/>
</LocList>
</BasicStmnt>
<BasicStmnt CovItemId="S29" CovItemPrefix="cabra.ProjectPanel.java" Intrnl_Id="3346">
<LocList>
<Loc EndOffset="3592" SrcFileId="28" StartOffset="3523"/>
</LocList>
</BasicStmnt>
<BasicStmnt CovItemId="S30" CovItemPrefix="cabra.ProjectPanel.java" Intrnl_Id="3347">
<LocList>
<Loc EndOffset="3646" SrcFileId="28" StartOffset="3601"/>
</LocList>
</BasicStmnt>
<BasicStmnt CovItemId="S31" CovItemPrefix="cabra.ProjectPanel.java" Intrnl_Id="3348">
<LocList>
<Loc EndOffset="3670" SrcFileId="28" StartOffset="3655"/>
</LocList>
</BasicStmnt>
<BasicStmnt CovItemId="S32" CovItemPrefix="cabra.ProjectPanel.java" Intrnl_Id="3349">
<LocList>
<Loc EndOffset="3750" SrcFileId="28" StartOffset="3706"/>
</LocList>
</BasicStmnt>
</StmntSeq>
</HierarchyLvl>
<HierarchyLvl HierarchyLvlId="1373" HierarchyLvlTypeId="66" Intrnl_Id="3350" Name="MenuListener">
<Header>
<Loc EndOffset="3935" SrcFileId="28" StartOffset="3888"/>
</Header>
<LocList>
<Loc EndOffset="5082" SrcFileId="28" StartOffset="3888"/>
</LocList>
<HierarchyLvl HierarchyLvlId="1370" HierarchyLvlTypeId="67" Intrnl_Id="3351" Name="mousePressed">
<Header>
<Loc EndOffset="3983" SrcFileId="28" StartOffset="3945"/>
</Header>
<LocList>
<Loc EndOffset="4407" SrcFileId="28" StartOffset="3945"/>
</LocList>
<StmntSeq Intrnl_Id="3352">
<LocList>
<Loc EndOffset="4149" SrcFileId="28" StartOffset="4106"/>
<Loc EndOffset="4397" SrcFileId="28" StartOffset="4162"/>
</LocList>
<BasicStmnt CovItemId="S33" CovItemPrefix="cabra.ProjectPanel.java" Intrnl_Id="3353">
<LocList>
<Loc EndOffset="4149" SrcFileId="28" StartOffset="4106"/>
</LocList>
</BasicStmnt>
<CondStmnt CovItemId="S34" CovItemPrefix="cabra.ProjectPanel.java" Intrnl_Id="3354">
<Branch CovItemId="B1" CovItemPrefix="cabra.ProjectPanel.java" Implct="false" Intrnl_Id="3355">
<Cond/>
<LocList>
<Loc EndOffset="4397" SrcFileId="28" StartOffset="4181"/>
</LocList>
<StmntSeq Intrnl_Id="3356">
<LocList>
<Loc EndOffset="4383" SrcFileId="28" StartOffset="4199"/>
</LocList>
<CondStmnt CovItemId="S35" CovItemPrefix="cabra.ProjectPanel.java" Intrnl_Id="3357">
<Branch CovItemId="B3" CovItemPrefix="cabra.ProjectPanel.java" Implct="false" Intrnl_Id="3358">
<Cond/>
<LocList>
<Loc EndOffset="4383" SrcFileId="28" StartOffset="4236"/>
</LocList>
<StmntSeq Intrnl_Id="3359">
<LocList>
<Loc EndOffset="4365" SrcFileId="28" StartOffset="4354"/>
</LocList>
<BasicStmnt CovItemId="S36" CovItemPrefix="cabra.ProjectPanel.java" Intrnl_Id="3360">
<LocList>
<Loc EndOffset="4365" SrcFileId="28" StartOffset="4354"/>
</LocList>
</BasicStmnt>
</StmntSeq>
</Branch>
<Branch CovItemId="B4" CovItemPrefix="cabra.ProjectPanel.java" Implct="true" Intrnl_Id="3361">
<Cond/>
<LocList/>
<StmntSeq Intrnl_Id="3362">
<LocList/>
</StmntSeq>
</Branch>
<Keyword EndOffset="4201" SrcFileId="28" StartOffset="4199"/>
<LocList>
<Loc EndOffset="4383" SrcFileId="28" StartOffset="4199"/>
</LocList>
<RootTerm CovItemId="C2" CovItemPrefix="cabra.ProjectPanel.java" Intrnl_Id="3363">
<BasicBoolTerm Intrnl_Id="3364">
<LocList>
<Loc EndOffset="4235" SrcFileId="28" StartOffset="4202"/>
</LocList>
</BasicBoolTerm>
</RootTerm>
</CondStmnt>
</StmntSeq>
</Branch>
<Branch CovItemId="B2" CovItemPrefix="cabra.ProjectPanel.java" Implct="true" Intrnl_Id="3365">
<Cond/>
<LocList/>
<StmntSeq Intrnl_Id="3366">
<LocList/>
</StmntSeq>
</Branch>
<Keyword EndOffset="4164" SrcFileId="28" StartOffset="4162"/>
<LocList>
<Loc EndOffset="4397" SrcFileId="28" StartOffset="4162"/>
</LocList>
<RootTerm CovItemId="C1" CovItemPrefix="cabra.ProjectPanel.java" Intrnl_Id="3367">
<OpTerm BooleanOpId="60" Intrnl_Id="3368">
<BasicBoolTerm Intrnl_Id="3369">
<LocList>
<Loc EndOffset="4180" SrcFileId="28" StartOffset="4166"/>
</LocList>
</BasicBoolTerm>
<LocList>
<Loc EndOffset="4166" SrcFileId="28" StartOffset="4165"/>
</LocList>
</OpTerm>
</RootTerm>
</CondStmnt>
</StmntSeq>
</HierarchyLvl>
<HierarchyLvl HierarchyLvlId="1371" HierarchyLvlTypeId="67" Intrnl_Id="3370" Name="mouseReleased">
<Header>
<Loc EndOffset="4456" SrcFileId="28" StartOffset="4417"/>
</Header>
<LocList>
<Loc EndOffset="4499" SrcFileId="28" StartOffset="4417"/>
</LocList>
<StmntSeq Intrnl_Id="3371">
<LocList>
<Loc EndOffset="4489" SrcFileId="28" StartOffset="4471"/>
</LocList>
<BasicStmnt CovItemId="S37" CovItemPrefix="cabra.ProjectPanel.java" Intrnl_Id="3372">
<LocList>
<Loc EndOffset="4489" SrcFileId="28" StartOffset="4471"/>
</LocList>
</BasicStmnt>
</StmntSeq>
</HierarchyLvl>
<HierarchyLvl HierarchyLvlId="1372" HierarchyLvlTypeId="67" Intrnl_Id="3373" Name="maybeShowPopup">
<Header>
<Loc EndOffset="4836" SrcFileId="28" StartOffset="4789"/>
</Header>
<LocList>
<Loc EndOffset="5076" SrcFileId="28" StartOffset="4789"/>
</LocList>
<StmntSeq Intrnl_Id="3374">
<LocList>
<Loc EndOffset="5040" SrcFileId="28" StartOffset="4850"/>
<Loc EndOffset="5066" SrcFileId="28" StartOffset="5053"/>
</LocList>
<CondStmnt CovItemId="S38" CovItemPrefix="cabra.ProjectPanel.java" Intrnl_Id="3375">
<Branch CovItemId="B5" CovItemPrefix="cabra.ProjectPanel.java" Implct="false" Intrnl_Id="3376">
<Cond/>
<LocList>
<Loc EndOffset="5040" SrcFileId="28" StartOffset="4876"/>
</LocList>
<StmntSeq Intrnl_Id="3377">
<LocList>
<Loc EndOffset="4997" SrcFileId="28" StartOffset="4976"/>
<Loc EndOffset="5026" SrcFileId="28" StartOffset="5014"/>
</LocList>
<BasicStmnt CovItemId="S39" CovItemPrefix="cabra.ProjectPanel.java" Intrnl_Id="3378">
<LocList>
<Loc EndOffset="4997" SrcFileId="28" StartOffset="4976"/>
</LocList>
</BasicStmnt>
<BasicStmnt CovItemId="S40" CovItemPrefix="cabra.ProjectPanel.java" Intrnl_Id="3379">
<LocList>
<Loc EndOffset="5026" SrcFileId="28" StartOffset="5014"/>
</LocList>
</BasicStmnt>
</StmntSeq>
</Branch>
<Branch CovItemId="B6" CovItemPrefix="cabra.ProjectPanel.java" Implct="true" Intrnl_Id="3380">
<Cond/>
<LocList/>
<StmntSeq Intrnl_Id="3381">
<LocList/>
</StmntSeq>
</Branch>
<Keyword EndOffset="4852" SrcFileId="28" StartOffset="4850"/>
<LocList>
<Loc EndOffset="5040" SrcFileId="28" StartOffset="4850"/>
</LocList>
<RootTerm CovItemId="C3" CovItemPrefix="cabra.ProjectPanel.java" Intrnl_Id="3382">
<BasicBoolTerm Intrnl_Id="3383">
<LocList>
<Loc EndOffset="4875" SrcFileId="28" StartOffset="4853"/>
</LocList>
</BasicBoolTerm>
</RootTerm>
</CondStmnt>
<BasicStmnt CovItemId="S41" CovItemPrefix="cabra.ProjectPanel.java" Intrnl_Id="3384">
<LocList>
<Loc EndOffset="5066" SrcFileId="28" StartOffset="5053"/>
</LocList>
</BasicStmnt>
</StmntSeq>
</HierarchyLvl>
</HierarchyLvl>
<HierarchyLvl HierarchyLvlId="1374" HierarchyLvlTypeId="67" Intrnl_Id="3385" Name="setActive">
<Header>
<Loc EndOffset="5356" SrcFileId="28" StartOffset="5317"/>
</Header>
<LocList>
<Loc EndOffset="5741" SrcFileId="28" StartOffset="5317"/>
</LocList>
<StmntSeq Intrnl_Id="3386">
<LocList>
<Loc EndOffset="5676" SrcFileId="28" StartOffset="5366"/>
<Loc EndOffset="5716" SrcFileId="28" StartOffset="5694"/>
<Loc EndOffset="5735" SrcFileId="28" StartOffset="5725"/>
</LocList>
<CondStmnt CovItemId="S42" CovItemPrefix="cabra.ProjectPanel.java" Intrnl_Id="3387">
<Branch CovItemId="B7" CovItemPrefix="cabra.ProjectPanel.java" Implct="false" Intrnl_Id="3388">
<Cond/>
<LocList>
<Loc EndOffset="5554" SrcFileId="28" StartOffset="5378"/>
</LocList>
<StmntSeq Intrnl_Id="3389">
<LocList>
<Loc EndOffset="5544" SrcFileId="28" StartOffset="5474"/>
</LocList>
<BasicStmnt CovItemId="S43" CovItemPrefix="cabra.ProjectPanel.java" Intrnl_Id="3390">
<LocList>
<Loc EndOffset="5544" SrcFileId="28" StartOffset="5474"/>
</LocList>
</BasicStmnt>
</StmntSeq>
</Branch>
<Branch CovItemId="B8" CovItemPrefix="cabra.ProjectPanel.java" Implct="false" Intrnl_Id="3391">
<Cond>
<Loc EndOffset="5567" SrcFileId="28" StartOffset="5563"/>
</Cond>
<LocList>
<Loc EndOffset="5676" SrcFileId="28" StartOffset="5567"/>
</LocList>
<StmntSeq Intrnl_Id="3392">
<LocList>
<Loc EndOffset="5666" SrcFileId="28" StartOffset="5618"/>
</LocList>
<BasicStmnt CovItemId="S44" CovItemPrefix="cabra.ProjectPanel.java" Intrnl_Id="3393">
<LocList>
<Loc EndOffset="5666" SrcFileId="28" StartOffset="5618"/>
</LocList>
</BasicStmnt>
</StmntSeq>
</Branch>
<Keyword EndOffset="5368" SrcFileId="28" StartOffset="5366"/>
<LocList>
<Loc EndOffset="5676" SrcFileId="28" StartOffset="5366"/>
</LocList>
<RootTerm CovItemId="C4" CovItemPrefix="cabra.ProjectPanel.java" Intrnl_Id="3394">
<BasicBoolTerm Intrnl_Id="3395">
<LocList>
<Loc EndOffset="5377" SrcFileId="28" StartOffset="5369"/>
</LocList>
</BasicBoolTerm>
</RootTerm>
</CondStmnt>
<BasicStmnt CovItemId="S45" CovItemPrefix="cabra.ProjectPanel.java" Intrnl_Id="3396">
<LocList>
<Loc EndOffset="5716" SrcFileId="28" StartOffset="5694"/>
</LocList>
</BasicStmnt>
<BasicStmnt CovItemId="S46" CovItemPrefix="cabra.ProjectPanel.java" Intrnl_Id="3397">
<LocList>
<Loc EndOffset="5735" SrcFileId="28" StartOffset="5725"/>
</LocList>
</BasicStmnt>
</StmntSeq>
</HierarchyLvl>
<HierarchyLvl HierarchyLvlId="1375" HierarchyLvlTypeId="67" Intrnl_Id="3398" Name="rename">
<Header>
<Loc EndOffset="5853" SrcFileId="28" StartOffset="5832"/>
</Header>
<LocList>
<Loc EndOffset="5972" SrcFileId="28" StartOffset="5832"/>
</LocList>
<StmntSeq Intrnl_Id="3399">
<LocList>
<Loc EndOffset="5966" SrcFileId="28" StartOffset="5901"/>
</LocList>
<CondStmnt CovItemId="S47" CovItemPrefix="cabra.ProjectPanel.java" Intrnl_Id="3400">
<Branch CovItemId="B9" CovItemPrefix="cabra.ProjectPanel.java" Implct="false" Intrnl_Id="3401">
<Cond/>
<LocList>
<Loc EndOffset="5966" SrcFileId="28" StartOffset="5933"/>
</LocList>
<StmntSeq Intrnl_Id="3402">
<LocList>
<Loc EndOffset="5966" SrcFileId="28" StartOffset="5933"/>
</LocList>
<BasicStmnt CovItemId="S48" CovItemPrefix="cabra.ProjectPanel.java" Intrnl_Id="3403">
<LocList>
<Loc EndOffset="5966" SrcFileId="28" StartOffset="5933"/>
</LocList>
</BasicStmnt>
</StmntSeq>
</Branch>
<Branch CovItemId="B10" CovItemPrefix="cabra.ProjectPanel.java" Implct="true" Intrnl_Id="3404">
<Cond/>
<LocList/>
<StmntSeq Intrnl_Id="3405">
<LocList/>
</StmntSeq>
</Branch>
<Keyword EndOffset="5903" SrcFileId="28" StartOffset="5901"/>
<LocList>
<Loc EndOffset="5966" SrcFileId="28" StartOffset="5901"/>
</LocList>
<RootTerm CovItemId="C5" CovItemPrefix="cabra.ProjectPanel.java" Intrnl_Id="3406">
<BasicBoolTerm Intrnl_Id="3407">
<LocList>
<Loc EndOffset="5919" SrcFileId="28" StartOffset="5904"/>
</LocList>
</BasicBoolTerm>
</RootTerm>
</CondStmnt>
</StmntSeq>
</HierarchyLvl>
<HierarchyLvl HierarchyLvlId="1376" HierarchyLvlTypeId="67" Intrnl_Id="3408" Name="export">
<Header>
<Loc EndOffset="6133" SrcFileId="28" StartOffset="6112"/>
</Header>
<LocList>
<Loc EndOffset="6260" SrcFileId="28" StartOffset="6112"/>
</LocList>
<StmntSeq Intrnl_Id="3409">
<LocList>
<Loc EndOffset="6246" SrcFileId="28" StartOffset="6181"/>
</LocList>
<CondStmnt CovItemId="S49" CovItemPrefix="cabra.ProjectPanel.java" Intrnl_Id="3410">
<Branch CovItemId="B11" CovItemPrefix="cabra.ProjectPanel.java" Implct="false" Intrnl_Id="3411">
<Cond/>
<LocList>
<Loc EndOffset="6246" SrcFileId="28" StartOffset="6213"/>
</LocList>
<StmntSeq Intrnl_Id="3412">
<LocList>
<Loc EndOffset="6246" SrcFileId="28" StartOffset="6213"/>
</LocList>
<BasicStmnt CovItemId="S50" CovItemPrefix="cabra.ProjectPanel.java" Intrnl_Id="3413">
<LocList>
<Loc EndOffset="6246" SrcFileId="28" StartOffset="6213"/>
</LocList>
</BasicStmnt>
</StmntSeq>
</Branch>
<Branch CovItemId="B12" CovItemPrefix="cabra.ProjectPanel.java" Implct="true" Intrnl_Id="3414">
<Cond/>
<LocList/>
<StmntSeq Intrnl_Id="3415">
<LocList/>
</StmntSeq>
</Branch>
<Keyword EndOffset="6183" SrcFileId="28" StartOffset="6181"/>
<LocList>
<Loc EndOffset="6246" SrcFileId="28" StartOffset="6181"/>
</LocList>
<RootTerm CovItemId="C6" CovItemPrefix="cabra.ProjectPanel.java" Intrnl_Id="3416">
<BasicBoolTerm Intrnl_Id="3417">
<LocList>
<Loc EndOffset="6199" SrcFileId="28" StartOffset="6184"/>
</LocList>
</BasicBoolTerm>
</RootTerm>
</CondStmnt>
</StmntSeq>
</HierarchyLvl>
<HierarchyLvl HierarchyLvlId="1377" HierarchyLvlTypeId="67" Intrnl_Id="3418" Name="activate">
<Header>
<Loc EndOffset="6357" SrcFileId="28" StartOffset="6334"/>
</Header>
<LocList>
<Loc EndOffset="6496" SrcFileId="28" StartOffset="6334"/>
</LocList>
<StmntSeq Intrnl_Id="3419">
<LocList>
<Loc EndOffset="6490" SrcFileId="28" StartOffset="6405"/>
</LocList>
<CondStmnt CovItemId="S51" CovItemPrefix="cabra.ProjectPanel.java" Intrnl_Id="3420">
<Branch CovItemId="B13" CovItemPrefix="cabra.ProjectPanel.java" Implct="false" Intrnl_Id="3421">
<Cond/>
<LocList>
<Loc EndOffset="6490" SrcFileId="28" StartOffset="6424"/>
</LocList>
<StmntSeq Intrnl_Id="3422">
<LocList>
<Loc EndOffset="6479" SrcFileId="28" StartOffset="6438"/>
</LocList>
<BasicStmnt CovItemId="S52" CovItemPrefix="cabra.ProjectPanel.java" Intrnl_Id="3423">
<LocList>
<Loc EndOffset="6479" SrcFileId="28" StartOffset="6438"/>
</LocList>
</BasicStmnt>
</StmntSeq>
</Branch>
<Branch CovItemId="B14" CovItemPrefix="cabra.ProjectPanel.java" Implct="true" Intrnl_Id="3424">
<Cond/>
<LocList/>
<StmntSeq Intrnl_Id="3425">
<LocList/>
</StmntSeq>
</Branch>
<Keyword EndOffset="6407" SrcFileId="28" StartOffset="6405"/>
<LocList>
<Loc EndOffset="6490" SrcFileId="28" StartOffset="6405"/>
</LocList>
<RootTerm CovItemId="C7" CovItemPrefix="cabra.ProjectPanel.java" Intrnl_Id="3426">
<BasicBoolTerm Intrnl_Id="3427">
<LocList>
<Loc EndOffset="6423" SrcFileId="28" StartOffset="6408"/>
</LocList>
</BasicBoolTerm>
</RootTerm>
</CondStmnt>
</StmntSeq>
</HierarchyLvl>
<HierarchyLvl HierarchyLvlId="1378" HierarchyLvlTypeId="67" Intrnl_Id="3428" Name="delete">
<Header>
<Loc EndOffset="6582" SrcFileId="28" StartOffset="6561"/>
</Header>
<LocList>
<Loc EndOffset="6709" SrcFileId="28" StartOffset="6561"/>
</LocList>
<StmntSeq Intrnl_Id="3429">
<LocList>
<Loc EndOffset="6695" SrcFileId="28" StartOffset="6630"/>
</LocList>
<CondStmnt CovItemId="S53" CovItemPrefix="cabra.ProjectPanel.java" Intrnl_Id="3430">
<Branch CovItemId="B15" CovItemPrefix="cabra.ProjectPanel.java" Implct="false" Intrnl_Id="3431">
<Cond/>
<LocList>
<Loc EndOffset="6695" SrcFileId="28" StartOffset="6662"/>
</LocList>
<StmntSeq Intrnl_Id="3432">
<LocList>
<Loc EndOffset="6695" SrcFileId="28" StartOffset="6662"/>
</LocList>
<BasicStmnt CovItemId="S54" CovItemPrefix="cabra.ProjectPanel.java" Intrnl_Id="3433">
<LocList>
<Loc EndOffset="6695" SrcFileId="28" StartOffset="6662"/>
</LocList>
</BasicStmnt>
</StmntSeq>
</Branch>
<Branch CovItemId="B16" CovItemPrefix="cabra.ProjectPanel.java" Implct="true" Intrnl_Id="3434">
<Cond/>
<LocList/>
<StmntSeq Intrnl_Id="3435">
<LocList/>
</StmntSeq>
</Branch>
<Keyword EndOffset="6632" SrcFileId="28" StartOffset="6630"/>
<LocList>
<Loc EndOffset="6695" SrcFileId="28" StartOffset="6630"/>
</LocList>
<RootTerm CovItemId="C8" CovItemPrefix="cabra.ProjectPanel.java" Intrnl_Id="3436">
<BasicBoolTerm Intrnl_Id="3437">
<LocList>
<Loc EndOffset="6648" SrcFileId="28" StartOffset="6633"/>
</LocList>
</BasicBoolTerm>
</RootTerm>
</CondStmnt>
</StmntSeq>
</HierarchyLvl>
<HierarchyLvl HierarchyLvlId="1380" HierarchyLvlTypeId="66" Intrnl_Id="3438" Name="RenameListener">
<Header>
<Loc EndOffset="6903" SrcFileId="28" StartOffset="6849"/>
</Header>
<LocList>
<Loc EndOffset="6994" SrcFileId="28" StartOffset="6849"/>
</LocList>
<HierarchyLvl HierarchyLvlId="1379" HierarchyLvlTypeId="67" Intrnl_Id="3439" Name="actionPerformed">
<Header>
<Loc EndOffset="6955" SrcFileId="28" StartOffset="6913"/>
</Header>
<LocList>
<Loc EndOffset="6988" SrcFileId="28" StartOffset="6913"/>
</LocList>
<StmntSeq Intrnl_Id="3440">
<LocList>
<Loc EndOffset="6978" SrcFileId="28" StartOffset="6969"/>
</LocList>
<BasicStmnt CovItemId="S55" CovItemPrefix="cabra.ProjectPanel.java" Intrnl_Id="3441">
<LocList>
<Loc EndOffset="6978" SrcFileId="28" StartOffset="6969"/>
</LocList>
</BasicStmnt>
</StmntSeq>
</HierarchyLvl>
</HierarchyLvl>
<HierarchyLvl HierarchyLvlId="1382" HierarchyLvlTypeId="66" Intrnl_Id="3442" Name="ExportListener">
<Header>
<Loc EndOffset="7176" SrcFileId="28" StartOffset="7122"/>
</Header>
<LocList>
<Loc EndOffset="7267" SrcFileId="28" StartOffset="7122"/>
</LocList>
<HierarchyLvl HierarchyLvlId="1381" HierarchyLvlTypeId="67" Intrnl_Id="3443" Name="actionPerformed">
<Header>
<Loc EndOffset="7228" SrcFileId="28" StartOffset="7186"/>
</Header>
<LocList>
<Loc EndOffset="7261" SrcFileId="28" StartOffset="7186"/>
</LocList>
<StmntSeq Intrnl_Id="3444">
<LocList>
<Loc EndOffset="7251" SrcFileId="28" StartOffset="7242"/>
</LocList>
<BasicStmnt CovItemId="S56" CovItemPrefix="cabra.ProjectPanel.java" Intrnl_Id="3445">
<LocList>
<Loc EndOffset="7251" SrcFileId="28" StartOffset="7242"/>
</LocList>
</BasicStmnt>
</StmntSeq>
</HierarchyLvl>
</HierarchyLvl>
<HierarchyLvl HierarchyLvlId="1384" HierarchyLvlTypeId="66" Intrnl_Id="3446" Name="ActivateListener">
<Header>
<Loc EndOffset="7397" SrcFileId="28" StartOffset="7341"/>
</Header>
<LocList>
<Loc EndOffset="7490" SrcFileId="28" StartOffset="7341"/>
</LocList>
<HierarchyLvl HierarchyLvlId="1383" HierarchyLvlTypeId="67" Intrnl_Id="3447" Name="actionPerformed">
<Header>
<Loc EndOffset="7449" SrcFileId="28" StartOffset="7407"/>
</Header>
<LocList>
<Loc EndOffset="7484" SrcFileId="28" StartOffset="7407"/>
</LocList>
<StmntSeq Intrnl_Id="3448">
<LocList>
<Loc EndOffset="7474" SrcFileId="28" StartOffset="7463"/>
</LocList>
<BasicStmnt CovItemId="S57" CovItemPrefix="cabra.ProjectPanel.java" Intrnl_Id="3449">
<LocList>
<Loc EndOffset="7474" SrcFileId="28" StartOffset="7463"/>
</LocList>
</BasicStmnt>
</StmntSeq>
</HierarchyLvl>
</HierarchyLvl>
<HierarchyLvl HierarchyLvlId="1386" HierarchyLvlTypeId="66" Intrnl_Id="3450" Name="DeleteListener">
<Header>
<Loc EndOffset="7607" SrcFileId="28" StartOffset="7553"/>
</Header>
<LocList>
<Loc EndOffset="7698" SrcFileId="28" StartOffset="7553"/>
</LocList>
<HierarchyLvl HierarchyLvlId="1385" HierarchyLvlTypeId="67" Intrnl_Id="3451" Name="actionPerformed">
<Header>
<Loc EndOffset="7659" SrcFileId="28" StartOffset="7617"/>
</Header>
<LocList>
<Loc EndOffset="7692" SrcFileId="28" StartOffset="7617"/>
</LocList>
<StmntSeq Intrnl_Id="3452">
<LocList>
<Loc EndOffset="7682" SrcFileId="28" StartOffset="7673"/>
</LocList>
<BasicStmnt CovItemId="S58" CovItemPrefix="cabra.ProjectPanel.java" Intrnl_Id="3453">
<LocList>
<Loc EndOffset="7682" SrcFileId="28" StartOffset="7673"/>
</LocList>
</BasicStmnt>
</StmntSeq>
</HierarchyLvl>
</HierarchyLvl>
</HierarchyLvl>
<HierarchyLvl HierarchyLvlId="1405" HierarchyLvlTypeId="66" Intrnl_Id="3454" Name="ProjectListPanel">
<Header>
<Loc EndOffset="183" SrcFileId="29" StartOffset="139"/>
</Header>
<LocList>
<Loc EndOffset="5983" SrcFileId="29" StartOffset="139"/>
<Loc EndOffset="7052" SrcFileId="29" StartOffset="7042"/>
<Loc EndOffset="10318" SrcFileId="29" StartOffset="7281"/>
</LocList>
<StmntSeq Intrnl_Id="3455">
<LocList>
<Loc EndOffset="539" SrcFileId="29" StartOffset="461"/>
<Loc EndOffset="591" SrcFileId="29" StartOffset="544"/>
<Loc EndOffset="640" SrcFileId="29" StartOffset="601"/>
<Loc EndOffset="685" SrcFileId="29" StartOffset="645"/>
</LocList>
<BasicStmnt CovItemId="S1" CovItemPrefix="cabra.ProjectListPanel.java" Intrnl_Id="3456">
<LocList>
<Loc EndOffset="539" SrcFileId="29" StartOffset="461"/>
</LocList>
</BasicStmnt>
<BasicStmnt CovItemId="S2" CovItemPrefix="cabra.ProjectListPanel.java" Intrnl_Id="3457">
<LocList>
<Loc EndOffset="591" SrcFileId="29" StartOffset="544"/>
</LocList>
</BasicStmnt>
<BasicStmnt CovItemId="S3" CovItemPrefix="cabra.ProjectListPanel.java" Intrnl_Id="3458">
<LocList>
<Loc EndOffset="640" SrcFileId="29" StartOffset="601"/>
</LocList>
</BasicStmnt>
<BasicStmnt CovItemId="S4" CovItemPrefix="cabra.ProjectListPanel.java" Intrnl_Id="3459">
<LocList>
<Loc EndOffset="685" SrcFileId="29" StartOffset="645"/>
</LocList>
</BasicStmnt>
</StmntSeq>
<HierarchyLvl HierarchyLvlId="1388" HierarchyLvlTypeId="67" Intrnl_Id="3460" Name="ProjectListPanel">
<Header>
<Loc EndOffset="778" SrcFileId="29" StartOffset="695"/>
</Header>
<LocList>
<Loc EndOffset="947" SrcFileId="29" StartOffset="695"/>
</LocList>
<StmntSeq Intrnl_Id="3461">
<LocList>
<Loc EndOffset="813" SrcFileId="29" StartOffset="788"/>
<Loc EndOffset="879" SrcFileId="29" StartOffset="822"/>
<Loc EndOffset="917" SrcFileId="29" StartOffset="888"/>
<Loc EndOffset="941" SrcFileId="29" StartOffset="926"/>
</LocList>
<BasicStmnt CovItemId="S5" CovItemPrefix="cabra.ProjectListPanel.java" Intrnl_Id="3462">
<LocList>
<Loc EndOffset="813" SrcFileId="29" StartOffset="788"/>
</LocList>
</BasicStmnt>
<BasicStmnt CovItemId="S6" CovItemPrefix="cabra.ProjectListPanel.java" Intrnl_Id="3463">
<LocList>
<Loc EndOffset="879" SrcFileId="29" StartOffset="822"/>
</LocList>
</BasicStmnt>
<BasicStmnt CovItemId="S7" CovItemPrefix="cabra.ProjectListPanel.java" Intrnl_Id="3464">
<LocList>
<Loc EndOffset="917" SrcFileId="29" StartOffset="888"/>
</LocList>
</BasicStmnt>
<BasicStmnt CovItemId="S8" CovItemPrefix="cabra.ProjectListPanel.java" Intrnl_Id="3465">
<LocList>
<Loc EndOffset="941" SrcFileId="29" StartOffset="926"/>
</LocList>
</BasicStmnt>
</StmntSeq>
</HierarchyLvl>
<HierarchyLvl HierarchyLvlId="1391" HierarchyLvlTypeId="67" Intrnl_Id="3466" Name="createPanel">
<Header>
<Loc EndOffset="982" SrcFileId="29" StartOffset="957"/>
</Header>
<LocList>
<Loc EndOffset="3576" SrcFileId="29" StartOffset="957"/>
</LocList>
<StmntSeq Intrnl_Id="3467">
<LocList>
<Loc EndOffset="1022" SrcFileId="29" StartOffset="992"/>
<Loc EndOffset="1144" SrcFileId="29" StartOffset="1090"/>
<Loc EndOffset="1327" SrcFileId="29" StartOffset="1232"/>
<Loc EndOffset="1395" SrcFileId="29" StartOffset="1340"/>
<Loc EndOffset="1437" SrcFileId="29" StartOffset="1408"/>
<Loc EndOffset="1581" SrcFileId="29" StartOffset="1481"/>
<Loc EndOffset="1655" SrcFileId="29" StartOffset="1594"/>
<Loc EndOffset="1700" SrcFileId="29" StartOffset="1668"/>
<Loc EndOffset="1747" SrcFileId="29" StartOffset="1709"/>
<Loc EndOffset="1835" SrcFileId="29" StartOffset="1796"/>
<Loc EndOffset="1894" SrcFileId="29" StartOffset="1844"/>
<Loc EndOffset="1980" SrcFileId="29" StartOffset="1903"/>
<Loc EndOffset="2101" SrcFileId="29" StartOffset="2062"/>
<Loc EndOffset="2132" SrcFileId="29" StartOffset="2110"/>
<Loc EndOffset="2163" SrcFileId="29" StartOffset="2141"/>
<Loc EndOffset="2198" SrcFileId="29" StartOffset="2172"/>
<Loc EndOffset="2234" SrcFileId="29" StartOffset="2207"/>
<Loc EndOffset="2284" SrcFileId="29" StartOffset="2243"/>
<Loc EndOffset="2408" SrcFileId="29" StartOffset="2333"/>
<Loc EndOffset="2518" SrcFileId="29" StartOffset="2457"/>
<Loc EndOffset="2619" SrcFileId="29" StartOffset="2527"/>
<Loc EndOffset="2716" SrcFileId="29" StartOffset="2628"/>
<Loc EndOffset="2852" SrcFileId="29" StartOffset="2822"/>
<Loc EndOffset="2998" SrcFileId="29" StartOffset="2997"/>
<Loc EndOffset="3073" SrcFileId="29" StartOffset="3007"/>
<Loc EndOffset="3150" SrcFileId="29" StartOffset="3082"/>
<Loc EndOffset="3234" SrcFileId="29" StartOffset="3197"/>
</LocList>
<BasicStmnt CovItemId="S9" CovItemPrefix="cabra.ProjectListPanel.java" Intrnl_Id="3468">
<LocList>
<Loc EndOffset="1022" SrcFileId="29" StartOffset="992"/>
</LocList>
</BasicStmnt>
<BasicStmnt CovItemId="S10" CovItemPrefix="cabra.ProjectListPanel.java" Intrnl_Id="3469">
<LocList>
<Loc EndOffset="1144" SrcFileId="29" StartOffset="1090"/>
</LocList>
</BasicStmnt>
<BasicStmnt CovItemId="S11" CovItemPrefix="cabra.ProjectListPanel.java" Intrnl_Id="3470">
<LocList>
<Loc EndOffset="1327" SrcFileId="29" StartOffset="1232"/>
</LocList>
</BasicStmnt>
<BasicStmnt CovItemId="S12" CovItemPrefix="cabra.ProjectListPanel.java" Intrnl_Id="3471">
<LocList>
<Loc EndOffset="1395" SrcFileId="29" StartOffset="1340"/>
</LocList>
</BasicStmnt>
<BasicStmnt CovItemId="S13" CovItemPrefix="cabra.ProjectListPanel.java" Intrnl_Id="3472">
<LocList>
<Loc EndOffset="1437" SrcFileId="29" StartOffset="1408"/>
</LocList>
</BasicStmnt>
<BasicStmnt CovItemId="S14" CovItemPrefix="cabra.ProjectListPanel.java" Intrnl_Id="3473">
<LocList>
<Loc EndOffset="1581" SrcFileId="29" StartOffset="1481"/>
</LocList>
</BasicStmnt>
<BasicStmnt CovItemId="S15" CovItemPrefix="cabra.ProjectListPanel.java" Intrnl_Id="3474">
<LocList>
<Loc EndOffset="1655" SrcFileId="29" StartOffset="1594"/>
</LocList>
</BasicStmnt>
<BasicStmnt CovItemId="S16" CovItemPrefix="cabra.ProjectListPanel.java" Intrnl_Id="3475">
<LocList>
<Loc EndOffset="1700" SrcFileId="29" StartOffset="1668"/>
</LocList>
</BasicStmnt>
<BasicStmnt CovItemId="S17" CovItemPrefix="cabra.ProjectListPanel.java" Intrnl_Id="3476">
<LocList>
<Loc EndOffset="1747" SrcFileId="29" StartOffset="1709"/>
</LocList>
</BasicStmnt>
<BasicStmnt CovItemId="S18" CovItemPrefix="cabra.ProjectListPanel.java" Intrnl_Id="3477">
<LocList>
<Loc EndOffset="1835" SrcFileId="29" StartOffset="1796"/>
</LocList>
</BasicStmnt>
<BasicStmnt CovItemId="S19" CovItemPrefix="cabra.ProjectListPanel.java" Intrnl_Id="3478">
<LocList>
<Loc EndOffset="1894" SrcFileId="29" StartOffset="1844"/>
</LocList>
</BasicStmnt>
<BasicStmnt CovItemId="S20" CovItemPrefix="cabra.ProjectListPanel.java" Intrnl_Id="3479">
<LocList>
<Loc EndOffset="1980" SrcFileId="29" StartOffset="1903"/>
</LocList>
</BasicStmnt>
<BasicStmnt CovItemId="S21" CovItemPrefix="cabra.ProjectListPanel.java" Intrnl_Id="3480">
<LocList>
<Loc EndOffset="2101" SrcFileId="29" StartOffset="2062"/>
</LocList>
</BasicStmnt>
<BasicStmnt CovItemId="S22" CovItemPrefix="cabra.ProjectListPanel.java" Intrnl_Id="3481">
<LocList>
<Loc EndOffset="2132" SrcFileId="29" StartOffset="2110"/>
</LocList>
</BasicStmnt>
<BasicStmnt CovItemId="S23" CovItemPrefix="cabra.ProjectListPanel.java" Intrnl_Id="3482">
<LocList>
<Loc EndOffset="2163" SrcFileId="29" StartOffset="2141"/>
</LocList>
</BasicStmnt>
<BasicStmnt CovItemId="S24" CovItemPrefix="cabra.ProjectListPanel.java" Intrnl_Id="3483">
<LocList>
<Loc EndOffset="2198" SrcFileId="29" StartOffset="2172"/>
</LocList>
</BasicStmnt>
<BasicStmnt CovItemId="S25" CovItemPrefix="cabra.ProjectListPanel.java" Intrnl_Id="3484">
<LocList>
<Loc EndOffset="2234" SrcFileId="29" StartOffset="2207"/>
</LocList>
</BasicStmnt>
<BasicStmnt CovItemId="S26" CovItemPrefix="cabra.ProjectListPanel.java" Intrnl_Id="3485">
<LocList>
<Loc EndOffset="2284" SrcFileId="29" StartOffset="2243"/>
</LocList>
</BasicStmnt>
<LoopStmnt CovItemId="S27" CovItemPrefix="cabra.ProjectListPanel.java" Intrnl_Id="3486" MltplExecId="L1-2" MltplExecPrefix="cabra.ProjectListPanel.java" NvrExecId="L1-0" NvrExecPrefix="cabra.ProjectListPanel.java" OnceExecutedId="L1-1" OnceExecutedPrefix="cabra.ProjectListPanel.java" OptBodyExec="true">
<StmntSeq Intrnl_Id="3487">
<LocList>
<Loc EndOffset="2398" SrcFileId="29" StartOffset="2378"/>
</LocList>
<BasicStmnt CovItemId="S28" CovItemPrefix="cabra.ProjectListPanel.java" Intrnl_Id="3488">
<LocList>
<Loc EndOffset="2398" SrcFileId="29" StartOffset="2378"/>
</LocList>
</BasicStmnt>
</StmntSeq>
<Keyword EndOffset="2336" SrcFileId="29" StartOffset="2333"/>
<LocList>
<Loc EndOffset="2408" SrcFileId="29" StartOffset="2333"/>
</LocList>
</LoopStmnt>
<BasicStmnt CovItemId="S29" CovItemPrefix="cabra.ProjectListPanel.java" Intrnl_Id="3489">
<LocList>
<Loc EndOffset="2518" SrcFileId="29" StartOffset="2457"/>
</LocList>
</BasicStmnt>
<BasicStmnt CovItemId="S30" CovItemPrefix="cabra.ProjectListPanel.java" Intrnl_Id="3490">
<LocList>
<Loc EndOffset="2619" SrcFileId="29" StartOffset="2527"/>
</LocList>
</BasicStmnt>
<BasicStmnt CovItemId="S31" CovItemPrefix="cabra.ProjectListPanel.java" Intrnl_Id="3491">
<LocList>
<Loc EndOffset="2716" SrcFileId="29" StartOffset="2628"/>
</LocList>
</BasicStmnt>
<BasicStmnt CovItemId="S32" CovItemPrefix="cabra.ProjectListPanel.java" Intrnl_Id="3492">
<LocList>
<Loc EndOffset="2852" SrcFileId="29" StartOffset="2822"/>
<Loc EndOffset="2998" SrcFileId="29" StartOffset="2997"/>
</LocList>
</BasicStmnt>
<BasicStmnt CovItemId="S34" CovItemPrefix="cabra.ProjectListPanel.java" Intrnl_Id="3493">
<LocList>
<Loc EndOffset="3073" SrcFileId="29" StartOffset="3007"/>
</LocList>
</BasicStmnt>
<BasicStmnt CovItemId="S35" CovItemPrefix="cabra.ProjectListPanel.java" Intrnl_Id="3494">
<LocList>
<Loc EndOffset="3150" SrcFileId="29" StartOffset="3082"/>
</LocList>
</BasicStmnt>
<BasicStmnt CovItemId="S36" CovItemPrefix="cabra.ProjectListPanel.java" Intrnl_Id="3495">
<LocList>
<Loc EndOffset="3234" SrcFileId="29" StartOffset="3197"/>
</LocList>
</BasicStmnt>
</StmntSeq>
<HierarchyLvl HierarchyLvlId="1390" HierarchyLvlTypeId="69" Intrnl_Id="3496" Name="AdjustmentListener">
<Header>
<Loc EndOffset="2876" SrcFileId="29" StartOffset="2856"/>
</Header>
<LocList>
<Loc EndOffset="2997" SrcFileId="29" StartOffset="2852"/>
</LocList>
<HierarchyLvl HierarchyLvlId="1389" HierarchyLvlTypeId="67" Intrnl_Id="3497" Name="adjustmentValueChanged">
<Header>
<Loc EndOffset="2943" SrcFileId="29" StartOffset="2890"/>
</Header>
<LocList>
<Loc EndOffset="2986" SrcFileId="29" StartOffset="2890"/>
</LocList>
<StmntSeq Intrnl_Id="3498">
<LocList>
<Loc EndOffset="2972" SrcFileId="29" StartOffset="2962"/>
</LocList>
<BasicStmnt CovItemId="S33" CovItemPrefix="cabra.ProjectListPanel.java" Intrnl_Id="3499">
<LocList>
<Loc EndOffset="2972" SrcFileId="29" StartOffset="2962"/>
</LocList>
</BasicStmnt>
</StmntSeq>
</HierarchyLvl>
</HierarchyLvl>
</HierarchyLvl>
<HierarchyLvl HierarchyLvlId="1392" HierarchyLvlTypeId="67" Intrnl_Id="3500" Name="refresh">
<Header>
<Loc EndOffset="3608" SrcFileId="29" StartOffset="3587"/>
</Header>
<LocList>
<Loc EndOffset="3711" SrcFileId="29" StartOffset="3587"/>
</LocList>
</HierarchyLvl>
<HierarchyLvl HierarchyLvlId="1393" HierarchyLvlTypeId="67" Intrnl_Id="3501" Name="reAdd">
<Header>
<Loc EndOffset="3740" SrcFileId="29" StartOffset="3721"/>
</Header>
<LocList>
<Loc EndOffset="4021" SrcFileId="29" StartOffset="3721"/>
</LocList>
<StmntSeq Intrnl_Id="3502">
<LocList>
<Loc EndOffset="3848" SrcFileId="29" StartOffset="3831"/>
<Loc EndOffset="3879" SrcFileId="29" StartOffset="3857"/>
<Loc EndOffset="3927" SrcFileId="29" StartOffset="3905"/>
<Loc EndOffset="3976" SrcFileId="29" StartOffset="3962"/>
<Loc EndOffset="3996" SrcFileId="29" StartOffset="3985"/>
<Loc EndOffset="4015" SrcFileId="29" StartOffset="4005"/>
</LocList>
<BasicStmnt CovItemId="S37" CovItemPrefix="cabra.ProjectListPanel.java" Intrnl_Id="3503">
<LocList>
<Loc EndOffset="3848" SrcFileId="29" StartOffset="3831"/>
</LocList>
</BasicStmnt>
<BasicStmnt CovItemId="S38" CovItemPrefix="cabra.ProjectListPanel.java" Intrnl_Id="3504">
<LocList>
<Loc EndOffset="3879" SrcFileId="29" StartOffset="3857"/>
</LocList>
</BasicStmnt>
<BasicStmnt CovItemId="S39" CovItemPrefix="cabra.ProjectListPanel.java" Intrnl_Id="3505">
<LocList>
<Loc EndOffset="3927" SrcFileId="29" StartOffset="3905"/>
</LocList>
</BasicStmnt>
<BasicStmnt CovItemId="S40" CovItemPrefix="cabra.ProjectListPanel.java" Intrnl_Id="3506">
<LocList>
<Loc EndOffset="3976" SrcFileId="29" StartOffset="3962"/>
</LocList>
</BasicStmnt>
<BasicStmnt CovItemId="S41" CovItemPrefix="cabra.ProjectListPanel.java" Intrnl_Id="3507">
<LocList>
<Loc EndOffset="3996" SrcFileId="29" StartOffset="3985"/>
</LocList>
</BasicStmnt>
<BasicStmnt CovItemId="S42" CovItemPrefix="cabra.ProjectListPanel.java" Intrnl_Id="3508">
<LocList>
<Loc EndOffset="4015" SrcFileId="29" StartOffset="4005"/>
</LocList>
</BasicStmnt>
</StmntSeq>
</HierarchyLvl>
<HierarchyLvl HierarchyLvlId="1394" HierarchyLvlTypeId="67" Intrnl_Id="3509" Name="addProject">
<Header>
<Loc EndOffset="4070" SrcFileId="29" StartOffset="4031"/>
</Header>
<LocList>
<Loc EndOffset="4491" SrcFileId="29" StartOffset="4031"/>
</LocList>
<StmntSeq Intrnl_Id="3510">
<LocList>
<Loc EndOffset="4167" SrcFileId="29" StartOffset="4114"/>
<Loc EndOffset="4201" SrcFileId="29" StartOffset="4176"/>
<Loc EndOffset="4275" SrcFileId="29" StartOffset="4232"/>
<Loc EndOffset="4304" SrcFileId="29" StartOffset="4284"/>
<Loc EndOffset="4437" SrcFileId="29" StartOffset="4361"/>
<Loc EndOffset="4466" SrcFileId="29" StartOffset="4455"/>
<Loc EndOffset="4485" SrcFileId="29" StartOffset="4475"/>
</LocList>
<BasicStmnt CovItemId="S43" CovItemPrefix="cabra.ProjectListPanel.java" Intrnl_Id="3511">
<LocList>
<Loc EndOffset="4167" SrcFileId="29" StartOffset="4114"/>
</LocList>
</BasicStmnt>
<BasicStmnt CovItemId="S44" CovItemPrefix="cabra.ProjectListPanel.java" Intrnl_Id="3512">
<LocList>
<Loc EndOffset="4201" SrcFileId="29" StartOffset="4176"/>
</LocList>
</BasicStmnt>
<BasicStmnt CovItemId="S45" CovItemPrefix="cabra.ProjectListPanel.java" Intrnl_Id="3513">
<LocList>
<Loc EndOffset="4275" SrcFileId="29" StartOffset="4232"/>
</LocList>
</BasicStmnt>
<BasicStmnt CovItemId="S46" CovItemPrefix="cabra.ProjectListPanel.java" Intrnl_Id="3514">
<LocList>
<Loc EndOffset="4304" SrcFileId="29" StartOffset="4284"/>
</LocList>
</BasicStmnt>
<CondStmnt CovItemId="S47" CovItemPrefix="cabra.ProjectListPanel.java" Intrnl_Id="3515">
<Branch CovItemId="B1" CovItemPrefix="cabra.ProjectListPanel.java" Implct="false" Intrnl_Id="3516">
<Cond/>
<LocList>
<Loc EndOffset="4437" SrcFileId="29" StartOffset="4405"/>
</LocList>
<StmntSeq Intrnl_Id="3517">
<LocList>
<Loc EndOffset="4437" SrcFileId="29" StartOffset="4405"/>
</LocList>
<BasicStmnt CovItemId="S48" CovItemPrefix="cabra.ProjectListPanel.java" Intrnl_Id="3518">
<LocList>
<Loc EndOffset="4437" SrcFileId="29" StartOffset="4405"/>
</LocList>
</BasicStmnt>
</StmntSeq>
</Branch>
<Branch CovItemId="B2" CovItemPrefix="cabra.ProjectListPanel.java" Implct="true" Intrnl_Id="3519">
<Cond/>
<LocList/>
<StmntSeq Intrnl_Id="3520">
<LocList/>
</StmntSeq>
</Branch>
<Keyword EndOffset="4363" SrcFileId="29" StartOffset="4361"/>
<LocList>
<Loc EndOffset="4437" SrcFileId="29" StartOffset="4361"/>
</LocList>
<RootTerm CovItemId="C1" CovItemPrefix="cabra.ProjectListPanel.java" Intrnl_Id="3521">
<BasicBoolTerm Intrnl_Id="3522">
<LocList>
<Loc EndOffset="4391" SrcFileId="29" StartOffset="4364"/>
</LocList>
</BasicBoolTerm>
</RootTerm>
</CondStmnt>
<BasicStmnt CovItemId="S49" CovItemPrefix="cabra.ProjectListPanel.java" Intrnl_Id="3523">
<LocList>
<Loc EndOffset="4466" SrcFileId="29" StartOffset="4455"/>
</LocList>
</BasicStmnt>
<BasicStmnt CovItemId="S50" CovItemPrefix="cabra.ProjectListPanel.java" Intrnl_Id="3524">
<LocList>
<Loc EndOffset="4485" SrcFileId="29" StartOffset="4475"/>
</LocList>
</BasicStmnt>
</StmntSeq>
</HierarchyLvl>
<HierarchyLvl HierarchyLvlId="1395" HierarchyLvlTypeId="67" Intrnl_Id="3525" Name="confirmProjectOverwrite">
<Header>
<Loc EndOffset="4926" SrcFileId="29" StartOffset="4856"/>
</Header>
<LocList>
<Loc EndOffset="5968" SrcFileId="29" StartOffset="4856"/>
</LocList>
<StmntSeq Intrnl_Id="3526">
<LocList>
<Loc EndOffset="5886" SrcFileId="29" StartOffset="5004"/>
<Loc EndOffset="5962" SrcFileId="29" StartOffset="5950"/>
</LocList>
<LoopStmnt CovItemId="S51" CovItemPrefix="cabra.ProjectListPanel.java" Intrnl_Id="3527" MltplExecId="L2-2" MltplExecPrefix="cabra.ProjectListPanel.java" NvrExecId="L2-0" NvrExecPrefix="cabra.ProjectListPanel.java" OnceExecutedId="L2-1" OnceExecutedPrefix="cabra.ProjectListPanel.java" OptBodyExec="true">
<StmntSeq Intrnl_Id="3528">
<LocList>
<Loc EndOffset="5876" SrcFileId="29" StartOffset="5074"/>
</LocList>
<CondStmnt CovItemId="S52" CovItemPrefix="cabra.ProjectListPanel.java" Intrnl_Id="3529">
<Branch CovItemId="B3" CovItemPrefix="cabra.ProjectListPanel.java" Implct="false" Intrnl_Id="3530">
<Cond/>
<LocList>
<Loc EndOffset="5876" SrcFileId="29" StartOffset="5109"/>
</LocList>
<StmntSeq Intrnl_Id="3531">
<LocList>
<Loc EndOffset="5289" SrcFileId="29" StartOffset="5266"/>
<Loc EndOffset="5862" SrcFileId="29" StartOffset="5310"/>
</LocList>
<BasicStmnt CovItemId="S53" CovItemPrefix="cabra.ProjectListPanel.java" Intrnl_Id="3532">
<LocList>
<Loc EndOffset="5289" SrcFileId="29" StartOffset="5266"/>
</LocList>
</BasicStmnt>
<CondStmnt CovItemId="S54" CovItemPrefix="cabra.ProjectListPanel.java" Intrnl_Id="3533">
<Branch CovItemId="B5" CovItemPrefix="cabra.ProjectListPanel.java" Implct="false" Intrnl_Id="3534">
<Cond/>
<LocList>
<Loc EndOffset="5486" SrcFileId="29" StartOffset="5364"/>
</LocList>
<StmntSeq Intrnl_Id="3535">
<LocList>
<Loc EndOffset="5468" SrcFileId="29" StartOffset="5455"/>
</LocList>
<BasicStmnt CovItemId="S55" CovItemPrefix="cabra.ProjectListPanel.java" Intrnl_Id="3536">
<LocList>
<Loc EndOffset="5468" SrcFileId="29" StartOffset="5455"/>
</LocList>
</BasicStmnt>
</StmntSeq>
</Branch>
<Branch CovItemId="B6" CovItemPrefix="cabra.ProjectListPanel.java" Implct="false" Intrnl_Id="3537">
<Cond>
<Loc EndOffset="5509" SrcFileId="29" StartOffset="5505"/>
</Cond>
<LocList>
<Loc EndOffset="5862" SrcFileId="29" StartOffset="5509"/>
</LocList>
<StmntSeq Intrnl_Id="3538">
<LocList>
<Loc EndOffset="5627" SrcFileId="29" StartOffset="5593"/>
<Loc EndOffset="5783" SrcFileId="29" StartOffset="5771"/>
</LocList>
<BasicStmnt CovItemId="S56" CovItemPrefix="cabra.ProjectListPanel.java" Intrnl_Id="3539">
<LocList>
<Loc EndOffset="5627" SrcFileId="29" StartOffset="5593"/>
</LocList>
</BasicStmnt>
<BasicStmnt CovItemId="S57" CovItemPrefix="cabra.ProjectListPanel.java" Intrnl_Id="3540">
<LocList>
<Loc EndOffset="5783" SrcFileId="29" StartOffset="5771"/>
</LocList>
</BasicStmnt>
</StmntSeq>
</Branch>
<Keyword EndOffset="5312" SrcFileId="29" StartOffset="5310"/>
<LocList>
<Loc EndOffset="5862" SrcFileId="29" StartOffset="5310"/>
</LocList>
<RootTerm CovItemId="C3" CovItemPrefix="cabra.ProjectListPanel.java" Intrnl_Id="3541">
<BasicBoolTerm Intrnl_Id="3542">
<LocList>
<Loc EndOffset="5363" SrcFileId="29" StartOffset="5313"/>
</LocList>
</BasicBoolTerm>
</RootTerm>
</CondStmnt>
</StmntSeq>
</Branch>
<Branch CovItemId="B4" CovItemPrefix="cabra.ProjectListPanel.java" Implct="true" Intrnl_Id="3543">
<Cond/>
<LocList/>
<StmntSeq Intrnl_Id="3544">
<LocList/>
</StmntSeq>
</Branch>
<Keyword EndOffset="5076" SrcFileId="29" StartOffset="5074"/>
<LocList>
<Loc EndOffset="5876" SrcFileId="29" StartOffset="5074"/>
</LocList>
<RootTerm CovItemId="C2" CovItemPrefix="cabra.ProjectListPanel.java" Intrnl_Id="3545">
<BasicBoolTerm Intrnl_Id="3546">
<LocList>
<Loc EndOffset="5108" SrcFileId="29" StartOffset="5077"/>
</LocList>
</BasicBoolTerm>
</RootTerm>
</CondStmnt>
</StmntSeq>
<Keyword EndOffset="5007" SrcFileId="29" StartOffset="5004"/>
<LocList>
<Loc EndOffset="5886" SrcFileId="29" StartOffset="5004"/>
</LocList>
</LoopStmnt>
<BasicStmnt CovItemId="S58" CovItemPrefix="cabra.ProjectListPanel.java" Intrnl_Id="3547">
<LocList>
<Loc EndOffset="5962" SrcFileId="29" StartOffset="5950"/>
</LocList>
</BasicStmnt>
</StmntSeq>
</HierarchyLvl>
<HierarchyLvl HierarchyLvlId="1397" HierarchyLvlTypeId="66" Intrnl_Id="3548" Name="addProjectListener">
<Header>
<Loc EndOffset="6041" SrcFileId="29" StartOffset="5983"/>
</Header>
<LocList>
<Loc EndOffset="7042" SrcFileId="29" StartOffset="5983"/>
</LocList>
<HierarchyLvl HierarchyLvlId="1396" HierarchyLvlTypeId="67" Intrnl_Id="3549" Name="actionPerformed">
<Header>
<Loc EndOffset="6093" SrcFileId="29" StartOffset="6051"/>
</Header>
<LocList>
<Loc EndOffset="7036" SrcFileId="29" StartOffset="6051"/>
</LocList>
<StmntSeq Intrnl_Id="3550">
<LocList>
<Loc EndOffset="6331" SrcFileId="29" StartOffset="6247"/>
<Loc EndOffset="6385" SrcFileId="29" StartOffset="6344"/>
<Loc EndOffset="7026" SrcFileId="29" StartOffset="6485"/>
</LocList>
<BasicStmnt CovItemId="S59" CovItemPrefix="cabra.ProjectListPanel.java" Intrnl_Id="3551">
<LocList>
<Loc EndOffset="6331" SrcFileId="29" StartOffset="6247"/>
</LocList>
</BasicStmnt>
<CondStmnt CovItemId="S60" CovItemPrefix="cabra.ProjectListPanel.java" Intrnl_Id="3552">
<Branch CovItemId="B7" CovItemPrefix="cabra.ProjectListPanel.java" Implct="false" Intrnl_Id="3553">
<Cond/>
<LocList>
<Loc EndOffset="6385" SrcFileId="29" StartOffset="6378"/>
</LocList>
<StmntSeq Intrnl_Id="3554">
<LocList>
<Loc EndOffset="6385" SrcFileId="29" StartOffset="6378"/>
</LocList>
<BasicStmnt CovItemId="S61" CovItemPrefix="cabra.ProjectListPanel.java" Intrnl_Id="3555">
<LocList>
<Loc EndOffset="6385" SrcFileId="29" StartOffset="6378"/>
</LocList>
</BasicStmnt>
</StmntSeq>
</Branch>
<Branch CovItemId="B8" CovItemPrefix="cabra.ProjectListPanel.java" Implct="true" Intrnl_Id="3556">
<Cond/>
<LocList/>
<StmntSeq Intrnl_Id="3557">
<LocList/>
</StmntSeq>
</Branch>
<Keyword EndOffset="6346" SrcFileId="29" StartOffset="6344"/>
<LocList>
<Loc EndOffset="6385" SrcFileId="29" StartOffset="6344"/>
</LocList>
<RootTerm CovItemId="C4" CovItemPrefix="cabra.ProjectListPanel.java" Intrnl_Id="3558">
<BasicBoolTerm Intrnl_Id="3559">
<LocList>
<Loc EndOffset="6360" SrcFileId="29" StartOffset="6347"/>
</LocList>
</BasicBoolTerm>
</RootTerm>
</CondStmnt>
<CondStmnt CovItemId="S62" CovItemPrefix="cabra.ProjectListPanel.java" Intrnl_Id="3560">
<Branch CovItemId="B9" CovItemPrefix="cabra.ProjectListPanel.java" Implct="false" Intrnl_Id="3561">
<Cond/>
<LocList>
<Loc EndOffset="7026" SrcFileId="29" StartOffset="6680"/>
</LocList>
<StmntSeq Intrnl_Id="3562">
<LocList>
<Loc EndOffset="6779" SrcFileId="29" StartOffset="6745"/>
<Loc EndOffset="7012" SrcFileId="29" StartOffset="6954"/>
</LocList>
<BasicStmnt CovItemId="S63" CovItemPrefix="cabra.ProjectListPanel.java" Intrnl_Id="3563">
<LocList>
<Loc EndOffset="6779" SrcFileId="29" StartOffset="6745"/>
</LocList>
</BasicStmnt>
<BasicStmnt CovItemId="S64" CovItemPrefix="cabra.ProjectListPanel.java" Intrnl_Id="3564">
<LocList>
<Loc EndOffset="7012" SrcFileId="29" StartOffset="6954"/>
</LocList>
</BasicStmnt>
</StmntSeq>
</Branch>
<Branch CovItemId="B10" CovItemPrefix="cabra.ProjectListPanel.java" Implct="true" Intrnl_Id="3565">
<Cond/>
<LocList/>
<StmntSeq Intrnl_Id="3566">
<LocList/>
</StmntSeq>
</Branch>
<Keyword EndOffset="6487" SrcFileId="29" StartOffset="6485"/>
<LocList>
<Loc EndOffset="7026" SrcFileId="29" StartOffset="6485"/>
</LocList>
<RootTerm CovItemId="C5" CovItemPrefix="cabra.ProjectListPanel.java" Intrnl_Id="3567">
<BasicBoolTerm Intrnl_Id="3568">
<LocList>
<Loc EndOffset="6679" SrcFileId="29" StartOffset="6488"/>
</LocList>
</BasicBoolTerm>
</RootTerm>
</CondStmnt>
</StmntSeq>
</HierarchyLvl>
</HierarchyLvl>
<HierarchyLvl HierarchyLvlId="1399" HierarchyLvlTypeId="66" Intrnl_Id="3569" Name="ImportProjectListener">
<Header>
<Loc EndOffset="7113" SrcFileId="29" StartOffset="7052"/>
</Header>
<LocList>
<Loc EndOffset="7281" SrcFileId="29" StartOffset="7052"/>
</LocList>
<HierarchyLvl HierarchyLvlId="1398" HierarchyLvlTypeId="67" Intrnl_Id="3570" Name="actionPerformed">
<Header>
<Loc EndOffset="7165" SrcFileId="29" StartOffset="7123"/>
</Header>
<LocList>
<Loc EndOffset="7275" SrcFileId="29" StartOffset="7123"/>
</LocList>
<StmntSeq Intrnl_Id="3571">
<LocList>
<Loc EndOffset="7265" SrcFileId="29" StartOffset="7228"/>
</LocList>
<BasicStmnt CovItemId="S65" CovItemPrefix="cabra.ProjectListPanel.java" Intrnl_Id="3572">
<LocList>
<Loc EndOffset="7265" SrcFileId="29" StartOffset="7228"/>
</LocList>
</BasicStmnt>
</StmntSeq>
</HierarchyLvl>
</HierarchyLvl>
<HierarchyLvl HierarchyLvlId="1400" HierarchyLvlTypeId="67" Intrnl_Id="3573" Name="renameProject">
<Header>
<Loc EndOffset="7341" SrcFileId="29" StartOffset="7291"/>
</Header>
<LocList>
<Loc EndOffset="8645" SrcFileId="29" StartOffset="7291"/>
</LocList>
<StmntSeq Intrnl_Id="3574">
<LocList>
<Loc EndOffset="7530" SrcFileId="29" StartOffset="7393"/>
<Loc EndOffset="7584" SrcFileId="29" StartOffset="7543"/>
<Loc EndOffset="8631" SrcFileId="29" StartOffset="7637"/>
</LocList>
<BasicStmnt CovItemId="S66" CovItemPrefix="cabra.ProjectListPanel.java" Intrnl_Id="3575">
<LocList>
<Loc EndOffset="7530" SrcFileId="29" StartOffset="7393"/>
</LocList>
</BasicStmnt>
<CondStmnt CovItemId="S67" CovItemPrefix="cabra.ProjectListPanel.java" Intrnl_Id="3576">
<Branch CovItemId="B11" CovItemPrefix="cabra.ProjectListPanel.java" Implct="false" Intrnl_Id="3577">
<Cond/>
<LocList>
<Loc EndOffset="7584" SrcFileId="29" StartOffset="7577"/>
</LocList>
<StmntSeq Intrnl_Id="3578">
<LocList>
<Loc EndOffset="7584" SrcFileId="29" StartOffset="7577"/>
</LocList>
<BasicStmnt CovItemId="S68" CovItemPrefix="cabra.ProjectListPanel.java" Intrnl_Id="3579">
<LocList>
<Loc EndOffset="7584" SrcFileId="29" StartOffset="7577"/>
</LocList>
</BasicStmnt>
</StmntSeq>
</Branch>
<Branch CovItemId="B12" CovItemPrefix="cabra.ProjectListPanel.java" Implct="true" Intrnl_Id="3580">
<Cond/>
<LocList/>
<StmntSeq Intrnl_Id="3581">
<LocList/>
</StmntSeq>
</Branch>
<Keyword EndOffset="7545" SrcFileId="29" StartOffset="7543"/>
<LocList>
<Loc EndOffset="7584" SrcFileId="29" StartOffset="7543"/>
</LocList>
<RootTerm CovItemId="C6" CovItemPrefix="cabra.ProjectListPanel.java" Intrnl_Id="3582">
<BasicBoolTerm Intrnl_Id="3583">
<LocList>
<Loc EndOffset="7559" SrcFileId="29" StartOffset="7546"/>
</LocList>
</BasicBoolTerm>
</RootTerm>
</CondStmnt>
<CondStmnt CovItemId="S69" CovItemPrefix="cabra.ProjectListPanel.java" Intrnl_Id="3584">
<Branch CovItemId="B13" CovItemPrefix="cabra.ProjectListPanel.java" Implct="false" Intrnl_Id="3585">
<Cond/>
<LocList>
<Loc EndOffset="8631" SrcFileId="29" StartOffset="7917"/>
</LocList>
<StmntSeq Intrnl_Id="3586">
<LocList>
<Loc EndOffset="8090" SrcFileId="29" StartOffset="8041"/>
<Loc EndOffset="8247" SrcFileId="29" StartOffset="8196"/>
<Loc EndOffset="8547" SrcFileId="29" StartOffset="8349"/>
<Loc EndOffset="8592" SrcFileId="29" StartOffset="8581"/>
<Loc EndOffset="8617" SrcFileId="29" StartOffset="8609"/>
</LocList>
<BasicStmnt CovItemId="S70" CovItemPrefix="cabra.ProjectListPanel.java" Intrnl_Id="3587">
<LocList>
<Loc EndOffset="8090" SrcFileId="29" StartOffset="8041"/>
</LocList>
</BasicStmnt>
<BasicStmnt CovItemId="S71" CovItemPrefix="cabra.ProjectListPanel.java" Intrnl_Id="3588">
<LocList>
<Loc EndOffset="8247" SrcFileId="29" StartOffset="8196"/>
</LocList>
</BasicStmnt>
<LoopStmnt CovItemId="S72" CovItemPrefix="cabra.ProjectListPanel.java" Intrnl_Id="3589" MltplExecId="L3-2" MltplExecPrefix="cabra.ProjectListPanel.java" NvrExecId="L3-0" NvrExecPrefix="cabra.ProjectListPanel.java" OnceExecutedId="L3-1" OnceExecutedPrefix="cabra.ProjectListPanel.java" OptBodyExec="true">
<StmntSeq Intrnl_Id="3590">
<LocList>
<Loc EndOffset="8529" SrcFileId="29" StartOffset="8410"/>
</LocList>
<CondStmnt CovItemId="S73" CovItemPrefix="cabra.ProjectListPanel.java" Intrnl_Id="3591">
<Branch CovItemId="B15" CovItemPrefix="cabra.ProjectListPanel.java" Implct="false" Intrnl_Id="3592">
<Cond/>
<LocList>
<Loc EndOffset="8529" SrcFileId="29" StartOffset="8450"/>
</LocList>
<StmntSeq Intrnl_Id="3593">
<LocList>
<Loc EndOffset="8492" SrcFileId="29" StartOffset="8476"/>
</LocList>
<BasicStmnt CovItemId="S74" CovItemPrefix="cabra.ProjectListPanel.java" Intrnl_Id="3594">
<LocList>
<Loc EndOffset="8492" SrcFileId="29" StartOffset="8476"/>
</LocList>
</BasicStmnt>
</StmntSeq>
</Branch>
<Branch CovItemId="B16" CovItemPrefix="cabra.ProjectListPanel.java" Implct="true" Intrnl_Id="3595">
<Cond/>
<LocList/>
<StmntSeq Intrnl_Id="3596">
<LocList/>
</StmntSeq>
</Branch>
<Keyword EndOffset="8412" SrcFileId="29" StartOffset="8410"/>
<LocList>
<Loc EndOffset="8529" SrcFileId="29" StartOffset="8410"/>
</LocList>
<RootTerm CovItemId="C8" CovItemPrefix="cabra.ProjectListPanel.java" Intrnl_Id="3597">
<BasicBoolTerm Intrnl_Id="3598">
<LocList>
<Loc EndOffset="8449" SrcFileId="29" StartOffset="8413"/>
</LocList>
</BasicBoolTerm>
</RootTerm>
</CondStmnt>
</StmntSeq>
<Keyword EndOffset="8352" SrcFileId="29" StartOffset="8349"/>
<LocList>
<Loc EndOffset="8547" SrcFileId="29" StartOffset="8349"/>
</LocList>
</LoopStmnt>
<BasicStmnt CovItemId="S75" CovItemPrefix="cabra.ProjectListPanel.java" Intrnl_Id="3599">
<LocList>
<Loc EndOffset="8592" SrcFileId="29" StartOffset="8581"/>
</LocList>
</BasicStmnt>
<BasicStmnt CovItemId="S76" CovItemPrefix="cabra.ProjectListPanel.java" Intrnl_Id="3600">
<LocList>
<Loc EndOffset="8617" SrcFileId="29" StartOffset="8609"/>
</LocList>
</BasicStmnt>
</StmntSeq>
</Branch>
<Branch CovItemId="B14" CovItemPrefix="cabra.ProjectListPanel.java" Implct="true" Intrnl_Id="3601">
<Cond/>
<LocList/>
<StmntSeq Intrnl_Id="3602">
<LocList/>
</StmntSeq>
</Branch>
<Keyword EndOffset="7639" SrcFileId="29" StartOffset="7637"/>
<LocList>
<Loc EndOffset="8631" SrcFileId="29" StartOffset="7637"/>
</LocList>
<RootTerm CovItemId="C7" CovItemPrefix="cabra.ProjectListPanel.java" Intrnl_Id="3603">
<OpTerm BooleanOpId="62" Intrnl_Id="3604">
<BasicBoolTerm Intrnl_Id="3605">
<LocList>
<Loc EndOffset="7679" SrcFileId="29" StartOffset="7640"/>
</LocList>
</BasicBoolTerm>
<BasicBoolTerm Intrnl_Id="3606">
<LocList>
<Loc EndOffset="7916" SrcFileId="29" StartOffset="7700"/>
</LocList>
</BasicBoolTerm>
<LocList>
<Loc EndOffset="7682" SrcFileId="29" StartOffset="7680"/>
</LocList>
</OpTerm>
</RootTerm>
</CondStmnt>
</StmntSeq>
</HierarchyLvl>
<HierarchyLvl HierarchyLvlId="1401" HierarchyLvlTypeId="67" Intrnl_Id="3607" Name="deleteProject">
<Header>
<Loc EndOffset="8697" SrcFileId="29" StartOffset="8655"/>
</Header>
<LocList>
<Loc EndOffset="9530" SrcFileId="29" StartOffset="8655"/>
</LocList>
<StmntSeq Intrnl_Id="3608">
<LocList>
<Loc EndOffset="8920" SrcFileId="29" StartOffset="8758"/>
<Loc EndOffset="9524" SrcFileId="29" StartOffset="8964"/>
</LocList>
<BasicStmnt CovItemId="S77" CovItemPrefix="cabra.ProjectListPanel.java" Intrnl_Id="3609">
<LocList>
<Loc EndOffset="8920" SrcFileId="29" StartOffset="8758"/>
</LocList>
</BasicStmnt>
<CondStmnt CovItemId="S78" CovItemPrefix="cabra.ProjectListPanel.java" Intrnl_Id="3610">
<Branch CovItemId="B17" CovItemPrefix="cabra.ProjectListPanel.java" Implct="false" Intrnl_Id="3611">
<Cond/>
<LocList>
<Loc EndOffset="9524" SrcFileId="29" StartOffset="8982"/>
</LocList>
<StmntSeq Intrnl_Id="3612">
<LocList>
<Loc EndOffset="9137" SrcFileId="29" StartOffset="9103"/>
<Loc EndOffset="9514" SrcFileId="29" StartOffset="9182"/>
</LocList>
<BasicStmnt CovItemId="S79" CovItemPrefix="cabra.ProjectListPanel.java" Intrnl_Id="3613">
<LocList>
<Loc EndOffset="9137" SrcFileId="29" StartOffset="9103"/>
</LocList>
</BasicStmnt>
<LoopStmnt CovItemId="S80" CovItemPrefix="cabra.ProjectListPanel.java" Intrnl_Id="3614" MltplExecId="L4-2" MltplExecPrefix="cabra.ProjectListPanel.java" NvrExecId="L4-0" NvrExecPrefix="cabra.ProjectListPanel.java" OnceExecutedId="L4-1" OnceExecutedPrefix="cabra.ProjectListPanel.java" OptBodyExec="true">
<StmntSeq Intrnl_Id="3615">
<LocList>
<Loc EndOffset="9500" SrcFileId="29" StartOffset="9239"/>
</LocList>
<CondStmnt CovItemId="S81" CovItemPrefix="cabra.ProjectListPanel.java" Intrnl_Id="3616">
<Branch CovItemId="B19" CovItemPrefix="cabra.ProjectListPanel.java" Implct="false" Intrnl_Id="3617">
<Cond/>
<LocList>
<Loc EndOffset="9500" SrcFileId="29" StartOffset="9271"/>
</LocList>
<StmntSeq Intrnl_Id="3618">
<LocList>
<Loc EndOffset="9360" SrcFileId="29" StartOffset="9327"/>
<Loc EndOffset="9392" SrcFileId="29" StartOffset="9381"/>
<Loc EndOffset="9423" SrcFileId="29" StartOffset="9413"/>
<Loc EndOffset="9482" SrcFileId="29" StartOffset="9475"/>
</LocList>
<BasicStmnt CovItemId="S82" CovItemPrefix="cabra.ProjectListPanel.java" Intrnl_Id="3619">
<LocList>
<Loc EndOffset="9360" SrcFileId="29" StartOffset="9327"/>
</LocList>
</BasicStmnt>
<BasicStmnt CovItemId="S83" CovItemPrefix="cabra.ProjectListPanel.java" Intrnl_Id="3620">
<LocList>
<Loc EndOffset="9392" SrcFileId="29" StartOffset="9381"/>
</LocList>
</BasicStmnt>
<BasicStmnt CovItemId="S84" CovItemPrefix="cabra.ProjectListPanel.java" Intrnl_Id="3621">
<LocList>
<Loc EndOffset="9423" SrcFileId="29" StartOffset="9413"/>
</LocList>
</BasicStmnt>
<BasicStmnt CovItemId="S85" CovItemPrefix="cabra.ProjectListPanel.java" Intrnl_Id="3622">
<LocList>
<Loc EndOffset="9482" SrcFileId="29" StartOffset="9475"/>
</LocList>
</BasicStmnt>
</StmntSeq>
</Branch>
<Branch CovItemId="B20" CovItemPrefix="cabra.ProjectListPanel.java" Implct="true" Intrnl_Id="3623">
<Cond/>
<LocList/>
<StmntSeq Intrnl_Id="3624">
<LocList/>
</StmntSeq>
</Branch>
<Keyword EndOffset="9241" SrcFileId="29" StartOffset="9239"/>
<LocList>
<Loc EndOffset="9500" SrcFileId="29" StartOffset="9239"/>
</LocList>
<RootTerm CovItemId="C10" CovItemPrefix="cabra.ProjectListPanel.java" Intrnl_Id="3625">
<BasicBoolTerm Intrnl_Id="3626">
<LocList>
<Loc EndOffset="9270" SrcFileId="29" StartOffset="9242"/>
</LocList>
</BasicBoolTerm>
</RootTerm>
</CondStmnt>
</StmntSeq>
<Keyword EndOffset="9185" SrcFileId="29" StartOffset="9182"/>
<LocList>
<Loc EndOffset="9514" SrcFileId="29" StartOffset="9182"/>
</LocList>
</LoopStmnt>
</StmntSeq>
</Branch>
<Branch CovItemId="B18" CovItemPrefix="cabra.ProjectListPanel.java" Implct="true" Intrnl_Id="3627">
<Cond/>
<LocList/>
<StmntSeq Intrnl_Id="3628">
<LocList/>
</StmntSeq>
</Branch>
<Keyword EndOffset="8966" SrcFileId="29" StartOffset="8964"/>
<LocList>
<Loc EndOffset="9524" SrcFileId="29" StartOffset="8964"/>
</LocList>
<RootTerm CovItemId="C9" CovItemPrefix="cabra.ProjectListPanel.java" Intrnl_Id="3629">
<BasicBoolTerm Intrnl_Id="3630">
<LocList>
<Loc EndOffset="8981" SrcFileId="29" StartOffset="8967"/>
</LocList>
</BasicBoolTerm>
</RootTerm>
</CondStmnt>
</StmntSeq>
</HierarchyLvl>
<HierarchyLvl HierarchyLvlId="1402" HierarchyLvlTypeId="67" Intrnl_Id="3631" Name="activateProject">
<Header>
<Loc EndOffset="9580" SrcFileId="29" StartOffset="9536"/>
</Header>
<LocList>
<Loc EndOffset="9792" SrcFileId="29" StartOffset="9536"/>
</LocList>
<StmntSeq Intrnl_Id="3632">
<LocList>
<Loc EndOffset="9786" SrcFileId="29" StartOffset="9642"/>
</LocList>
<LoopStmnt CovItemId="S86" CovItemPrefix="cabra.ProjectListPanel.java" Intrnl_Id="3633" MltplExecId="L5-2" MltplExecPrefix="cabra.ProjectListPanel.java" NvrExecId="L5-0" NvrExecPrefix="cabra.ProjectListPanel.java" OnceExecutedId="L5-1" OnceExecutedPrefix="cabra.ProjectListPanel.java" OptBodyExec="true">
<StmntSeq Intrnl_Id="3634">
<LocList>
<Loc EndOffset="9776" SrcFileId="29" StartOffset="9695"/>
</LocList>
<CondStmnt CovItemId="S87" CovItemPrefix="cabra.ProjectListPanel.java" Intrnl_Id="3635">
<Branch CovItemId="B21" CovItemPrefix="cabra.ProjectListPanel.java" Implct="false" Intrnl_Id="3636">
<Cond/>
<LocList>
<Loc EndOffset="9776" SrcFileId="29" StartOffset="9744"/>
</LocList>
<StmntSeq Intrnl_Id="3637">
<LocList>
<Loc EndOffset="9776" SrcFileId="29" StartOffset="9744"/>
</LocList>
<BasicStmnt CovItemId="S88" CovItemPrefix="cabra.ProjectListPanel.java" Intrnl_Id="3638">
<LocList>
<Loc EndOffset="9776" SrcFileId="29" StartOffset="9744"/>
</LocList>
</BasicStmnt>
</StmntSeq>
</Branch>
<Branch CovItemId="B22" CovItemPrefix="cabra.ProjectListPanel.java" Implct="true" Intrnl_Id="3639">
<Cond/>
<LocList/>
<StmntSeq Intrnl_Id="3640">
<LocList/>
</StmntSeq>
</Branch>
<Keyword EndOffset="9697" SrcFileId="29" StartOffset="9695"/>
<LocList>
<Loc EndOffset="9776" SrcFileId="29" StartOffset="9695"/>
</LocList>
<RootTerm CovItemId="C11" CovItemPrefix="cabra.ProjectListPanel.java" Intrnl_Id="3641">
<BasicBoolTerm Intrnl_Id="3642">
<LocList>
<Loc EndOffset="9726" SrcFileId="29" StartOffset="9698"/>
</LocList>
</BasicBoolTerm>
</RootTerm>
</CondStmnt>
</StmntSeq>
<Keyword EndOffset="9645" SrcFileId="29" StartOffset="9642"/>
<LocList>
<Loc EndOffset="9786" SrcFileId="29" StartOffset="9642"/>
</LocList>
</LoopStmnt>
</StmntSeq>
</HierarchyLvl>
<HierarchyLvl HierarchyLvlId="1403" HierarchyLvlTypeId="67" Intrnl_Id="3643" Name="activateProject">
<Header>
<Loc EndOffset="9870" SrcFileId="29" StartOffset="9802"/>
</Header>
<LocList>
<Loc EndOffset="10197" SrcFileId="29" StartOffset="9802"/>
</LocList>
<StmntSeq Intrnl_Id="3644">
<LocList>
<Loc EndOffset="9957" SrcFileId="29" StartOffset="9915"/>
<Loc EndOffset="10128" SrcFileId="29" StartOffset="10042"/>
<Loc EndOffset="10163" SrcFileId="29" StartOffset="10137"/>
<Loc EndOffset="10191" SrcFileId="29" StartOffset="10181"/>
</LocList>
<BasicStmnt CovItemId="S89" CovItemPrefix="cabra.ProjectListPanel.java" Intrnl_Id="3645">
<LocList>
<Loc EndOffset="9957" SrcFileId="29" StartOffset="9915"/>
</LocList>
</BasicStmnt>
<LoopStmnt CovItemId="S90" CovItemPrefix="cabra.ProjectListPanel.java" Intrnl_Id="3646" MltplExecId="L6-2" MltplExecPrefix="cabra.ProjectListPanel.java" NvrExecId="L6-0" NvrExecPrefix="cabra.ProjectListPanel.java" OnceExecutedId="L6-1" OnceExecutedPrefix="cabra.ProjectListPanel.java" OptBodyExec="true">
<StmntSeq Intrnl_Id="3647">
<LocList>
<Loc EndOffset="10118" SrcFileId="29" StartOffset="10095"/>
</LocList>
<BasicStmnt CovItemId="S91" CovItemPrefix="cabra.ProjectListPanel.java" Intrnl_Id="3648">
<LocList>
<Loc EndOffset="10118" SrcFileId="29" StartOffset="10095"/>
</LocList>
</BasicStmnt>
</StmntSeq>
<Keyword EndOffset="10045" SrcFileId="29" StartOffset="10042"/>
<LocList>
<Loc EndOffset="10128" SrcFileId="29" StartOffset="10042"/>
</LocList>
</LoopStmnt>
<BasicStmnt CovItemId="S92" CovItemPrefix="cabra.ProjectListPanel.java" Intrnl_Id="3649">
<LocList>
<Loc EndOffset="10163" SrcFileId="29" StartOffset="10137"/>
</LocList>
</BasicStmnt>
<BasicStmnt CovItemId="S93" CovItemPrefix="cabra.ProjectListPanel.java" Intrnl_Id="3650">
<LocList>
<Loc EndOffset="10191" SrcFileId="29" StartOffset="10181"/>
</LocList>
</BasicStmnt>
</StmntSeq>
</HierarchyLvl>
<HierarchyLvl HierarchyLvlId="1404" HierarchyLvlTypeId="67" Intrnl_Id="3651" Name="exportProject">
<Header>
<Loc EndOffset="10249" SrcFileId="29" StartOffset="10207"/>
</Header>
<LocList>
<Loc EndOffset="10311" SrcFileId="29" StartOffset="10207"/>
</LocList>
<StmntSeq Intrnl_Id="3652">
<LocList>
<Loc EndOffset="10305" SrcFileId="29" StartOffset="10259"/>
</LocList>
<BasicStmnt CovItemId="S94" CovItemPrefix="cabra.ProjectListPanel.java" Intrnl_Id="3653">
<LocList>
<Loc EndOffset="10305" SrcFileId="29" StartOffset="10259"/>
</LocList>
</BasicStmnt>
</StmntSeq>
</HierarchyLvl>
</HierarchyLvl>
<HierarchyLvl HierarchyLvlId="1447" HierarchyLvlTypeId="66" Intrnl_Id="3654" Name="Project">
<Header>
<Loc EndOffset="265" SrcFileId="30" StartOffset="214"/>
</Header>
<LocList>
<Loc EndOffset="12475" SrcFileId="30" StartOffset="214"/>
</LocList>
<StmntSeq Intrnl_Id="3655">
<LocList>
<Loc EndOffset="302" SrcFileId="30" StartOffset="271"/>
</LocList>
<BasicStmnt CovItemId="S1" CovItemPrefix="cabra.Project.java" Intrnl_Id="3656">
<LocList>
<Loc EndOffset="302" SrcFileId="30" StartOffset="271"/>
</LocList>
</BasicStmnt>
</StmntSeq>
<HierarchyLvl HierarchyLvlId="1406" HierarchyLvlTypeId="67" Intrnl_Id="3657" Name="Project">
<Header>
<Loc EndOffset="668" SrcFileId="30" StartOffset="641"/>
</Header>
<LocList>
<Loc EndOffset="815" SrcFileId="30" StartOffset="641"/>
</LocList>
<StmntSeq Intrnl_Id="3658">
<LocList>
<Loc EndOffset="743" SrcFileId="30" StartOffset="726"/>
<Loc EndOffset="770" SrcFileId="30" StartOffset="752"/>
<Loc EndOffset="809" SrcFileId="30" StartOffset="779"/>
</LocList>
<BasicStmnt CovItemId="S2" CovItemPrefix="cabra.Project.java" Intrnl_Id="3659">
<LocList>
<Loc EndOffset="743" SrcFileId="30" StartOffset="726"/>
</LocList>
</BasicStmnt>
<BasicStmnt CovItemId="S3" CovItemPrefix="cabra.Project.java" Intrnl_Id="3660">
<LocList>
<Loc EndOffset="770" SrcFileId="30" StartOffset="752"/>
</LocList>
</BasicStmnt>
<BasicStmnt CovItemId="S4" CovItemPrefix="cabra.Project.java" Intrnl_Id="3661">
<LocList>
<Loc EndOffset="809" SrcFileId="30" StartOffset="779"/>
</LocList>
</BasicStmnt>
</StmntSeq>
</HierarchyLvl>
<HierarchyLvl HierarchyLvlId="1407" HierarchyLvlTypeId="67" Intrnl_Id="3662" Name="setSession">
<Header>
<Loc EndOffset="888" SrcFileId="30" StartOffset="849"/>
</Header>
<LocList>
<Loc EndOffset="927" SrcFileId="30" StartOffset="849"/>
</LocList>
<StmntSeq Intrnl_Id="3663">
<LocList>
<Loc EndOffset="921" SrcFileId="30" StartOffset="898"/>
</LocList>
<BasicStmnt CovItemId="S5" CovItemPrefix="cabra.Project.java" Intrnl_Id="3664">
<LocList>
<Loc EndOffset="921" SrcFileId="30" StartOffset="898"/>
</LocList>
</BasicStmnt>
</StmntSeq>
</HierarchyLvl>
<HierarchyLvl HierarchyLvlId="1408" HierarchyLvlTypeId="67" Intrnl_Id="3665" Name="newSession">
<Header>
<Loc EndOffset="1025" SrcFileId="30" StartOffset="1001"/>
</Header>
<LocList>
<Loc EndOffset="1136" SrcFileId="30" StartOffset="1001"/>
</LocList>
<StmntSeq Intrnl_Id="3666">
<LocList>
<Loc EndOffset="1130" SrcFileId="30" StartOffset="1035"/>
</LocList>
<LoopStmnt CovItemId="S6" CovItemPrefix="cabra.Project.java" Intrnl_Id="3667" MltplExecId="L1-2" MltplExecPrefix="cabra.Project.java" NvrExecId="L1-0" NvrExecPrefix="cabra.Project.java" OnceExecutedId="L1-1" OnceExecutedPrefix="cabra.Project.java" OptBodyExec="false">
<StmntSeq Intrnl_Id="3668">
<LocList>
<Loc EndOffset="1081" SrcFileId="30" StartOffset="1051"/>
</LocList>
<BasicStmnt CovItemId="S7" CovItemPrefix="cabra.Project.java" Intrnl_Id="3669">
<LocList>
<Loc EndOffset="1081" SrcFileId="30" StartOffset="1051"/>
</LocList>
</BasicStmnt>
</StmntSeq>
<Keyword EndOffset="1037" SrcFileId="30" StartOffset="1035"/>
<LocList>
<Loc EndOffset="1130" SrcFileId="30" StartOffset="1035"/>
</LocList>
<RootTerm CovItemId="C1" CovItemPrefix="cabra.Project.java" Intrnl_Id="3670">
<BasicBoolTerm Intrnl_Id="3671">
<LocList>
<Loc EndOffset="1128" SrcFileId="30" StartOffset="1106"/>
</LocList>
</BasicBoolTerm>
</RootTerm>
</LoopStmnt>
</StmntSeq>
</HierarchyLvl>
<HierarchyLvl HierarchyLvlId="1409" HierarchyLvlTypeId="67" Intrnl_Id="3672" Name="getSession">
<Header>
<Loc EndOffset="1173" SrcFileId="30" StartOffset="1146"/>
</Header>
<LocList>
<Loc EndOffset="1209" SrcFileId="30" StartOffset="1146"/>
</LocList>
<StmntSeq Intrnl_Id="3673">
<LocList>
<Loc EndOffset="1203" SrcFileId="30" StartOffset="1183"/>
</LocList>
<BasicStmnt CovItemId="S8" CovItemPrefix="cabra.Project.java" Intrnl_Id="3674">
<LocList>
<Loc EndOffset="1203" SrcFileId="30" StartOffset="1183"/>
</LocList>
</BasicStmnt>
</StmntSeq>
</HierarchyLvl>
<HierarchyLvl HierarchyLvlId="1410" HierarchyLvlTypeId="67" Intrnl_Id="3675" Name="addNote">
<Header>
<Loc EndOffset="1370" SrcFileId="30" StartOffset="1340"/>
</Header>
<LocList>
<Loc EndOffset="1402" SrcFileId="30" StartOffset="1340"/>
</LocList>
<StmntSeq Intrnl_Id="3676">
<LocList>
<Loc EndOffset="1396" SrcFileId="30" StartOffset="1380"/>
</LocList>
<BasicStmnt CovItemId="S9" CovItemPrefix="cabra.Project.java" Intrnl_Id="3677">
<LocList>
<Loc EndOffset="1396" SrcFileId="30" StartOffset="1380"/>
</LocList>
</BasicStmnt>
</StmntSeq>
</HierarchyLvl>
<HierarchyLvl HierarchyLvlId="1411" HierarchyLvlTypeId="67" Intrnl_Id="3678" Name="removeNote">
<Header>
<Loc EndOffset="1551" SrcFileId="30" StartOffset="1518"/>
</Header>
<LocList>
<Loc EndOffset="1846" SrcFileId="30" StartOffset="1518"/>
</LocList>
<StmntSeq Intrnl_Id="3679">
<LocList>
<Loc EndOffset="1580" SrcFileId="30" StartOffset="1561"/>
<Loc EndOffset="1746" SrcFileId="30" StartOffset="1633"/>
<Loc EndOffset="1840" SrcFileId="30" StartOffset="1822"/>
</LocList>
<BasicStmnt CovItemId="S10" CovItemPrefix="cabra.Project.java" Intrnl_Id="3680">
<LocList>
<Loc EndOffset="1580" SrcFileId="30" StartOffset="1561"/>
</LocList>
</BasicStmnt>
<BasicStmnt CovItemId="S11" CovItemPrefix="cabra.Project.java" Intrnl_Id="3681">
<LocList>
<Loc EndOffset="1746" SrcFileId="30" StartOffset="1633"/>
</LocList>
</BasicStmnt>
<BasicStmnt CovItemId="S12" CovItemPrefix="cabra.Project.java" Intrnl_Id="3682">
<LocList>
<Loc EndOffset="1840" SrcFileId="30" StartOffset="1822"/>
</LocList>
</BasicStmnt>
</StmntSeq>
</HierarchyLvl>
<HierarchyLvl HierarchyLvlId="1412" HierarchyLvlTypeId="67" Intrnl_Id="3683" Name="getNotes">
<Header>
<Loc EndOffset="1987" SrcFileId="30" StartOffset="1954"/>
</Header>
<LocList>
<Loc EndOffset="2016" SrcFileId="30" StartOffset="1954"/>
</LocList>
<StmntSeq Intrnl_Id="3684">
<LocList>
<Loc EndOffset="2010" SrcFileId="30" StartOffset="1997"/>
</LocList>
<BasicStmnt CovItemId="S13" CovItemPrefix="cabra.Project.java" Intrnl_Id="3685">
<LocList>
<Loc EndOffset="2010" SrcFileId="30" StartOffset="1997"/>
</LocList>
</BasicStmnt>
</StmntSeq>
</HierarchyLvl>
<HierarchyLvl HierarchyLvlId="1413" HierarchyLvlTypeId="67" Intrnl_Id="3686" Name="numNotes">
<Header>
<Loc EndOffset="2139" SrcFileId="30" StartOffset="2118"/>
</Header>
<LocList>
<Loc EndOffset="2175" SrcFileId="30" StartOffset="2118"/>
</LocList>
<StmntSeq Intrnl_Id="3687">
<LocList>
<Loc EndOffset="2169" SrcFileId="30" StartOffset="2149"/>
</LocList>
<BasicStmnt CovItemId="S14" CovItemPrefix="cabra.Project.java" Intrnl_Id="3688">
<LocList>
<Loc EndOffset="2169" SrcFileId="30" StartOffset="2149"/>
</LocList>
</BasicStmnt>
</StmntSeq>
</HierarchyLvl>
<HierarchyLvl HierarchyLvlId="1414" HierarchyLvlTypeId="67" Intrnl_Id="3689" Name="addCard">
<Header>
<Loc EndOffset="2255" SrcFileId="30" StartOffset="2211"/>
</Header>
<LocList>
<Loc EndOffset="3624" SrcFileId="30" StartOffset="2211"/>
</LocList>
<StmntSeq Intrnl_Id="3690">
<LocList>
<Loc EndOffset="2288" SrcFileId="30" StartOffset="2265"/>
<Loc EndOffset="2312" SrcFileId="30" StartOffset="2297"/>
<Loc EndOffset="3447" SrcFileId="30" StartOffset="2394"/>
<Loc EndOffset="3485" SrcFileId="30" StartOffset="3473"/>
<Loc EndOffset="3618" SrcFileId="30" StartOffset="3558"/>
</LocList>
<BasicStmnt CovItemId="S15" CovItemPrefix="cabra.Project.java" Intrnl_Id="3691">
<LocList>
<Loc EndOffset="2288" SrcFileId="30" StartOffset="2265"/>
</LocList>
</BasicStmnt>
<BasicStmnt CovItemId="S16" CovItemPrefix="cabra.Project.java" Intrnl_Id="3692">
<LocList>
<Loc EndOffset="2312" SrcFileId="30" StartOffset="2297"/>
</LocList>
</BasicStmnt>
<CondStmnt CovItemId="S17" CovItemPrefix="cabra.Project.java" Intrnl_Id="3693">
<Branch CovItemId="B1" CovItemPrefix="cabra.Project.java" Implct="false" Intrnl_Id="3694">
<Cond/>
<LocList>
<Loc EndOffset="3447" SrcFileId="30" StartOffset="2415"/>
</LocList>
<StmntSeq Intrnl_Id="3695">
<LocList>
<Loc EndOffset="2749" SrcFileId="30" StartOffset="2692"/>
<Loc EndOffset="3310" SrcFileId="30" StartOffset="3260"/>
<Loc EndOffset="3437" SrcFileId="30" StartOffset="3414"/>
</LocList>
<BasicStmnt CovItemId="S18" CovItemPrefix="cabra.Project.java" Intrnl_Id="3696">
<LocList>
<Loc EndOffset="2749" SrcFileId="30" StartOffset="2692"/>
</LocList>
</BasicStmnt>
<BasicStmnt CovItemId="S19" CovItemPrefix="cabra.Project.java" Intrnl_Id="3697">
<LocList>
<Loc EndOffset="3310" SrcFileId="30" StartOffset="3260"/>
</LocList>
</BasicStmnt>
<BasicStmnt CovItemId="S20" CovItemPrefix="cabra.Project.java" Intrnl_Id="3698">
<LocList>
<Loc EndOffset="3437" SrcFileId="30" StartOffset="3414"/>
</LocList>
</BasicStmnt>
</StmntSeq>
</Branch>
<Branch CovItemId="B2" CovItemPrefix="cabra.Project.java" Implct="true" Intrnl_Id="3699">
<Cond/>
<LocList/>
<StmntSeq Intrnl_Id="3700">
<LocList/>
</StmntSeq>
</Branch>
<Keyword EndOffset="2396" SrcFileId="30" StartOffset="2394"/>
<LocList>
<Loc EndOffset="3447" SrcFileId="30" StartOffset="2394"/>
</LocList>
<RootTerm CovItemId="C2" CovItemPrefix="cabra.Project.java" Intrnl_Id="3701">
<BasicBoolTerm Intrnl_Id="3702">
<LocList>
<Loc EndOffset="2414" SrcFileId="30" StartOffset="2397"/>
</LocList>
</BasicBoolTerm>
</RootTerm>
</CondStmnt>
<BasicStmnt CovItemId="S21" CovItemPrefix="cabra.Project.java" Intrnl_Id="3703">
<LocList>
<Loc EndOffset="3485" SrcFileId="30" StartOffset="3473"/>
</LocList>
</BasicStmnt>
<CondStmnt CovItemId="S22" CovItemPrefix="cabra.Project.java" Intrnl_Id="3704">
<Branch CovItemId="B3" CovItemPrefix="cabra.Project.java" Implct="false" Intrnl_Id="3705">
<Cond/>
<LocList>
<Loc EndOffset="3618" SrcFileId="30" StartOffset="3577"/>
</LocList>
<StmntSeq Intrnl_Id="3706">
<LocList>
<Loc EndOffset="3608" SrcFileId="30" StartOffset="3591"/>
</LocList>
<BasicStmnt CovItemId="S23" CovItemPrefix="cabra.Project.java" Intrnl_Id="3707">
<LocList>
<Loc EndOffset="3608" SrcFileId="30" StartOffset="3591"/>
</LocList>
</BasicStmnt>
</StmntSeq>
</Branch>
<Branch CovItemId="B4" CovItemPrefix="cabra.Project.java" Implct="true" Intrnl_Id="3708">
<Cond/>
<LocList/>
<StmntSeq Intrnl_Id="3709">
<LocList/>
</StmntSeq>
</Branch>
<Keyword EndOffset="3560" SrcFileId="30" StartOffset="3558"/>
<LocList>
<Loc EndOffset="3618" SrcFileId="30" StartOffset="3558"/>
</LocList>
<RootTerm CovItemId="C3" CovItemPrefix="cabra.Project.java" Intrnl_Id="3710">
<BasicBoolTerm Intrnl_Id="3711">
<LocList>
<Loc EndOffset="3576" SrcFileId="30" StartOffset="3561"/>
</LocList>
</BasicBoolTerm>
</RootTerm>
</CondStmnt>
</StmntSeq>
</HierarchyLvl>
<HierarchyLvl HierarchyLvlId="1415" HierarchyLvlTypeId="67" Intrnl_Id="3712" Name="addCard">
<Header>
<Loc EndOffset="3664" SrcFileId="30" StartOffset="3634"/>
</Header>
<LocList>
<Loc EndOffset="3865" SrcFileId="30" StartOffset="3634"/>
</LocList>
<StmntSeq Intrnl_Id="3713">
<LocList>
<Loc EndOffset="3826" SrcFileId="30" StartOffset="3795"/>
</LocList>
<BasicStmnt CovItemId="S24" CovItemPrefix="cabra.Project.java" Intrnl_Id="3714">
<LocList>
<Loc EndOffset="3826" SrcFileId="30" StartOffset="3795"/>
</LocList>
</BasicStmnt>
</StmntSeq>
</HierarchyLvl>
<HierarchyLvl HierarchyLvlId="1416" HierarchyLvlTypeId="67" Intrnl_Id="3715" Name="addCards">
<Header>
<Loc EndOffset="3923" SrcFileId="30" StartOffset="3875"/>
</Header>
<LocList>
<Loc EndOffset="4276" SrcFileId="30" StartOffset="3875"/>
</LocList>
<StmntSeq Intrnl_Id="3716">
<LocList>
<Loc EndOffset="4140" SrcFileId="30" StartOffset="4051"/>
<Loc EndOffset="4222" SrcFileId="30" StartOffset="4212"/>
</LocList>
<LoopStmnt CovItemId="S25" CovItemPrefix="cabra.Project.java" Intrnl_Id="3717" MltplExecId="L2-2" MltplExecPrefix="cabra.Project.java" NvrExecId="L2-0" NvrExecPrefix="cabra.Project.java" OnceExecutedId="L2-1" OnceExecutedPrefix="cabra.Project.java" OptBodyExec="true">
<StmntSeq Intrnl_Id="3718">
<LocList>
<Loc EndOffset="4130" SrcFileId="30" StartOffset="4115"/>
</LocList>
<BasicStmnt CovItemId="S26" CovItemPrefix="cabra.Project.java" Intrnl_Id="3719">
<LocList>
<Loc EndOffset="4130" SrcFileId="30" StartOffset="4115"/>
</LocList>
</BasicStmnt>
</StmntSeq>
<Keyword EndOffset="4054" SrcFileId="30" StartOffset="4051"/>
<LocList>
<Loc EndOffset="4140" SrcFileId="30" StartOffset="4051"/>
</LocList>
</LoopStmnt>
<BasicStmnt CovItemId="S27" CovItemPrefix="cabra.Project.java" Intrnl_Id="3720">
<LocList>
<Loc EndOffset="4222" SrcFileId="30" StartOffset="4212"/>
</LocList>
</BasicStmnt>
</StmntSeq>
</HierarchyLvl>
<HierarchyLvl HierarchyLvlId="1417" HierarchyLvlTypeId="67" Intrnl_Id="3721" Name="removeCard">
<Header>
<Loc EndOffset="4484" SrcFileId="30" StartOffset="4443"/>
</Header>
<LocList>
<Loc EndOffset="5074" SrcFileId="30" StartOffset="4443"/>
</LocList>
<StmntSeq Intrnl_Id="3722">
<LocList>
<Loc EndOffset="4520" SrcFileId="30" StartOffset="4494"/>
<Loc EndOffset="4716" SrcFileId="30" StartOffset="4619"/>
<Loc EndOffset="5032" SrcFileId="30" StartOffset="4776"/>
<Loc EndOffset="5068" SrcFileId="30" StartOffset="5056"/>
</LocList>
<BasicStmnt CovItemId="S28" CovItemPrefix="cabra.Project.java" Intrnl_Id="3723">
<LocList>
<Loc EndOffset="4520" SrcFileId="30" StartOffset="4494"/>
</LocList>
</BasicStmnt>
<CondStmnt CovItemId="S29" CovItemPrefix="cabra.Project.java" Intrnl_Id="3724">
<Branch CovItemId="B5" CovItemPrefix="cabra.Project.java" Implct="false" Intrnl_Id="3725">
<Cond/>
<LocList>
<Loc EndOffset="4716" SrcFileId="30" StartOffset="4665"/>
</LocList>
<StmntSeq Intrnl_Id="3726">
<LocList>
<Loc EndOffset="4706" SrcFileId="30" StartOffset="4679"/>
</LocList>
<BasicStmnt CovItemId="S30" CovItemPrefix="cabra.Project.java" Intrnl_Id="3727">
<LocList>
<Loc EndOffset="4706" SrcFileId="30" StartOffset="4679"/>
</LocList>
</BasicStmnt>
</StmntSeq>
</Branch>
<Branch CovItemId="B6" CovItemPrefix="cabra.Project.java" Implct="true" Intrnl_Id="3728">
<Cond/>
<LocList/>
<StmntSeq Intrnl_Id="3729">
<LocList/>
</StmntSeq>
</Branch>
<Keyword EndOffset="4621" SrcFileId="30" StartOffset="4619"/>
<LocList>
<Loc EndOffset="4716" SrcFileId="30" StartOffset="4619"/>
</LocList>
<RootTerm CovItemId="C4" CovItemPrefix="cabra.Project.java" Intrnl_Id="3730">
<BasicBoolTerm Intrnl_Id="3731">
<LocList>
<Loc EndOffset="4664" SrcFileId="30" StartOffset="4622"/>
</LocList>
</BasicBoolTerm>
</RootTerm>
</CondStmnt>
<CondStmnt CovItemId="S31" CovItemPrefix="cabra.Project.java" Intrnl_Id="3732">
<Branch CovItemId="B7" CovItemPrefix="cabra.Project.java" Implct="false" Intrnl_Id="3733">
<Cond/>
<LocList>
<Loc EndOffset="5032" SrcFileId="30" StartOffset="4805"/>
</LocList>
<StmntSeq Intrnl_Id="3734">
<LocList>
<Loc EndOffset="4874" SrcFileId="30" StartOffset="4819"/>
<Loc EndOffset="4957" SrcFileId="30" StartOffset="4922"/>
<Loc EndOffset="5022" SrcFileId="30" StartOffset="5000"/>
</LocList>
<BasicStmnt CovItemId="S32" CovItemPrefix="cabra.Project.java" Intrnl_Id="3735">
<LocList>
<Loc EndOffset="4874" SrcFileId="30" StartOffset="4819"/>
</LocList>
</BasicStmnt>
<BasicStmnt CovItemId="S33" CovItemPrefix="cabra.Project.java" Intrnl_Id="3736">
<LocList>
<Loc EndOffset="4957" SrcFileId="30" StartOffset="4922"/>
</LocList>
</BasicStmnt>
<BasicStmnt CovItemId="S34" CovItemPrefix="cabra.Project.java" Intrnl_Id="3737">
<LocList>
<Loc EndOffset="5022" SrcFileId="30" StartOffset="5000"/>
</LocList>
</BasicStmnt>
</StmntSeq>
</Branch>
<Branch CovItemId="B8" CovItemPrefix="cabra.Project.java" Implct="true" Intrnl_Id="3738">
<Cond/>
<LocList/>
<StmntSeq Intrnl_Id="3739">
<LocList/>
</StmntSeq>
</Branch>
<Keyword EndOffset="4778" SrcFileId="30" StartOffset="4776"/>
<LocList>
<Loc EndOffset="5032" SrcFileId="30" StartOffset="4776"/>
</LocList>
<RootTerm CovItemId="C5" CovItemPrefix="cabra.Project.java" Intrnl_Id="3740">
<BasicBoolTerm Intrnl_Id="3741">
<LocList>
<Loc EndOffset="4804" SrcFileId="30" StartOffset="4779"/>
</LocList>
</BasicBoolTerm>
</RootTerm>
</CondStmnt>
<BasicStmnt CovItemId="S35" CovItemPrefix="cabra.Project.java" Intrnl_Id="3742">
<LocList>
<Loc EndOffset="5068" SrcFileId="30" StartOffset="5056"/>
</LocList>
</BasicStmnt>
</StmntSeq>
</HierarchyLvl>
<HierarchyLvl HierarchyLvlId="1418" HierarchyLvlTypeId="67" Intrnl_Id="3743" Name="copyPictureFile">
<Header>
<Loc EndOffset="5310" SrcFileId="30" StartOffset="5265"/>
</Header>
<LocList>
<Loc EndOffset="5535" SrcFileId="30" StartOffset="5265"/>
</LocList>
<StmntSeq Intrnl_Id="3744">
<LocList>
<Loc EndOffset="5360" SrcFileId="30" StartOffset="5320"/>
<Loc EndOffset="5452" SrcFileId="30" StartOffset="5369"/>
<Loc EndOffset="5505" SrcFileId="30" StartOffset="5461"/>
<Loc EndOffset="5529" SrcFileId="30" StartOffset="5514"/>
</LocList>
<BasicStmnt CovItemId="S36" CovItemPrefix="cabra.Project.java" Intrnl_Id="3745">
<LocList>
<Loc EndOffset="5360" SrcFileId="30" StartOffset="5320"/>
</LocList>
</BasicStmnt>
<BasicStmnt CovItemId="S37" CovItemPrefix="cabra.Project.java" Intrnl_Id="3746">
<LocList>
<Loc EndOffset="5452" SrcFileId="30" StartOffset="5369"/>
</LocList>
</BasicStmnt>
<BasicStmnt CovItemId="S38" CovItemPrefix="cabra.Project.java" Intrnl_Id="3747">
<LocList>
<Loc EndOffset="5505" SrcFileId="30" StartOffset="5461"/>
</LocList>
</BasicStmnt>
<BasicStmnt CovItemId="S39" CovItemPrefix="cabra.Project.java" Intrnl_Id="3748">
<LocList>
<Loc EndOffset="5529" SrcFileId="30" StartOffset="5514"/>
</LocList>
</BasicStmnt>
</StmntSeq>
</HierarchyLvl>
<HierarchyLvl HierarchyLvlId="1419" HierarchyLvlTypeId="67" Intrnl_Id="3749" Name="getImageIcon">
<Header>
<Loc EndOffset="5814" SrcFileId="30" StartOffset="5767"/>
</Header>
<LocList>
<Loc EndOffset="5894" SrcFileId="30" StartOffset="5767"/>
</LocList>
<StmntSeq Intrnl_Id="3750">
<LocList>
<Loc EndOffset="5885" SrcFileId="30" StartOffset="5824"/>
</LocList>
<BasicStmnt CovItemId="S40" CovItemPrefix="cabra.Project.java" Intrnl_Id="3751">
<LocList>
<Loc EndOffset="5885" SrcFileId="30" StartOffset="5824"/>
</LocList>
</BasicStmnt>
</StmntSeq>
</HierarchyLvl>
<HierarchyLvl HierarchyLvlId="1420" HierarchyLvlTypeId="67" Intrnl_Id="3752" Name="getPathTo">
<Header>
<Loc EndOffset="6146" SrcFileId="30" StartOffset="6109"/>
</Header>
<LocList>
<Loc EndOffset="6406" SrcFileId="30" StartOffset="6109"/>
</LocList>
<StmntSeq Intrnl_Id="3753">
<LocList>
<Loc EndOffset="6245" SrcFileId="30" StartOffset="6156"/>
<Loc EndOffset="6330" SrcFileId="30" StartOffset="6283"/>
<Loc EndOffset="6400" SrcFileId="30" StartOffset="6380"/>
</LocList>
<BasicStmnt CovItemId="S41" CovItemPrefix="cabra.Project.java" Intrnl_Id="3754">
<LocList>
<Loc EndOffset="6245" SrcFileId="30" StartOffset="6156"/>
</LocList>
</BasicStmnt>
<BasicStmnt CovItemId="S42" CovItemPrefix="cabra.Project.java" Intrnl_Id="3755">
<LocList>
<Loc EndOffset="6330" SrcFileId="30" StartOffset="6283"/>
</LocList>
</BasicStmnt>
<BasicStmnt CovItemId="S43" CovItemPrefix="cabra.Project.java" Intrnl_Id="3756">
<LocList>
<Loc EndOffset="6400" SrcFileId="30" StartOffset="6380"/>
</LocList>
</BasicStmnt>
</StmntSeq>
</HierarchyLvl>
<HierarchyLvl HierarchyLvlId="1421" HierarchyLvlTypeId="67" Intrnl_Id="3757" Name="save">
<Header>
<Loc EndOffset="6434" SrcFileId="30" StartOffset="6416"/>
</Header>
<LocList>
<Loc EndOffset="6589" SrcFileId="30" StartOffset="6416"/>
</LocList>
<StmntSeq Intrnl_Id="3758">
<LocList>
<Loc EndOffset="6561" SrcFileId="30" StartOffset="6549"/>
<Loc EndOffset="6583" SrcFileId="30" StartOffset="6571"/>
</LocList>
<BasicStmnt CovItemId="S44" CovItemPrefix="cabra.Project.java" Intrnl_Id="3759">
<LocList>
<Loc EndOffset="6561" SrcFileId="30" StartOffset="6549"/>
</LocList>
</BasicStmnt>
<BasicStmnt CovItemId="S45" CovItemPrefix="cabra.Project.java" Intrnl_Id="3760">
<LocList>
<Loc EndOffset="6583" SrcFileId="30" StartOffset="6571"/>
</LocList>
</BasicStmnt>
</StmntSeq>
</HierarchyLvl>
<HierarchyLvl HierarchyLvlId="1422" HierarchyLvlTypeId="67" Intrnl_Id="3761" Name="saveCards">
<Header>
<Loc EndOffset="6622" SrcFileId="30" StartOffset="6599"/>
</Header>
<LocList>
<Loc EndOffset="7438" SrcFileId="30" StartOffset="6599"/>
</LocList>
<StmntSeq Intrnl_Id="3762">
<LocList>
<Loc EndOffset="6919" SrcFileId="30" StartOffset="6775"/>
<Loc EndOffset="7215" SrcFileId="30" StartOffset="6964"/>
<Loc EndOffset="7251" SrcFileId="30" StartOffset="7236"/>
<Loc EndOffset="7389" SrcFileId="30" StartOffset="6750"/>
</LocList>
<BasicStmnt CovItemId="S47" CovItemPrefix="cabra.Project.java" Intrnl_Id="3763">
<LocList>
<Loc EndOffset="6919" SrcFileId="30" StartOffset="6775"/>
</LocList>
</BasicStmnt>
<LoopStmnt CovItemId="S48" CovItemPrefix="cabra.Project.java" Intrnl_Id="3764" MltplExecId="L3-2" MltplExecPrefix="cabra.Project.java" NvrExecId="L3-0" NvrExecPrefix="cabra.Project.java" OnceExecutedId="L3-1" OnceExecutedPrefix="cabra.Project.java" OptBodyExec="true">
<StmntSeq Intrnl_Id="3765">
<LocList>
<Loc EndOffset="7099" SrcFileId="30" StartOffset="7069"/>
<Loc EndOffset="7193" SrcFileId="30" StartOffset="7176"/>
</LocList>
<BasicStmnt CovItemId="S49" CovItemPrefix="cabra.Project.java" Intrnl_Id="3766">
<LocList>
<Loc EndOffset="7099" SrcFileId="30" StartOffset="7069"/>
</LocList>
</BasicStmnt>
<BasicStmnt CovItemId="S50" CovItemPrefix="cabra.Project.java" Intrnl_Id="3767">
<LocList>
<Loc EndOffset="7193" SrcFileId="30" StartOffset="7176"/>
</LocList>
</BasicStmnt>
</StmntSeq>
<Keyword EndOffset="6967" SrcFileId="30" StartOffset="6964"/>
<LocList>
<Loc EndOffset="7215" SrcFileId="30" StartOffset="6964"/>
</LocList>
</LoopStmnt>
<BasicStmnt CovItemId="S51" CovItemPrefix="cabra.Project.java" Intrnl_Id="3768">
<LocList>
<Loc EndOffset="7251" SrcFileId="30" StartOffset="7236"/>
</LocList>
</BasicStmnt>
<CondStmnt CovItemId="S46" CovItemPrefix="cabra.Project.java" Intrnl_Id="3769">
<Branch CovItemId="B9" CovItemPrefix="cabra.Project.java" Implct="true" Intrnl_Id="3770">
<Cond/>
<LocList/>
<StmntSeq Intrnl_Id="3771">
<LocList/>
</StmntSeq>
</Branch>
<Branch CovItemId="B10" CovItemPrefix="cabra.Project.java" Implct="false" Intrnl_Id="3772">
<Cond>
<Loc EndOffset="7307" SrcFileId="30" StartOffset="7286"/>
</Cond>
<LocList>
<Loc EndOffset="7389" SrcFileId="30" StartOffset="7307"/>
</LocList>
<StmntSeq Intrnl_Id="3773">
<LocList>
<Loc EndOffset="7372" SrcFileId="30" StartOffset="7329"/>
</LocList>
<BasicStmnt CovItemId="S52" CovItemPrefix="cabra.Project.java" Intrnl_Id="3774">
<LocList>
<Loc EndOffset="7372" SrcFileId="30" StartOffset="7329"/>
</LocList>
</BasicStmnt>
</StmntSeq>
</Branch>
<Keyword EndOffset="6753" SrcFileId="30" StartOffset="6750"/>
<LocList>
<Loc EndOffset="7389" SrcFileId="30" StartOffset="6750"/>
</LocList>
</CondStmnt>
</StmntSeq>
</HierarchyLvl>
<HierarchyLvl HierarchyLvlId="1425" HierarchyLvlTypeId="67" Intrnl_Id="3775" Name="saveNotes">
<Header>
<Loc EndOffset="7471" SrcFileId="30" StartOffset="7448"/>
</Header>
<LocList>
<Loc EndOffset="7739" SrcFileId="30" StartOffset="7448"/>
</LocList>
<StmntSeq Intrnl_Id="3776">
<LocList>
<Loc EndOffset="7528" SrcFileId="30" StartOffset="7502"/>
<Loc EndOffset="7577" SrcFileId="30" StartOffset="7566"/>
<Loc EndOffset="7699" SrcFileId="30" StartOffset="7689"/>
<Loc EndOffset="7733" SrcFileId="30" StartOffset="7708"/>
</LocList>
<BasicStmnt CovItemId="S53" CovItemPrefix="cabra.Project.java" Intrnl_Id="3777">
<LocList>
<Loc EndOffset="7528" SrcFileId="30" StartOffset="7502"/>
</LocList>
</BasicStmnt>
<BasicStmnt CovItemId="S54" CovItemPrefix="cabra.Project.java" Intrnl_Id="3778">
<LocList>
<Loc EndOffset="7577" SrcFileId="30" StartOffset="7566"/>
<Loc EndOffset="7699" SrcFileId="30" StartOffset="7689"/>
</LocList>
</BasicStmnt>
<BasicStmnt CovItemId="S56" CovItemPrefix="cabra.Project.java" Intrnl_Id="3779">
<LocList>
<Loc EndOffset="7733" SrcFileId="30" StartOffset="7708"/>
</LocList>
</BasicStmnt>
</StmntSeq>
<HierarchyLvl HierarchyLvlId="1424" HierarchyLvlTypeId="69" Intrnl_Id="3780" Name="Runnable">
<Header>
<Loc EndOffset="7591" SrcFileId="30" StartOffset="7581"/>
</Header>
<LocList>
<Loc EndOffset="7689" SrcFileId="30" StartOffset="7577"/>
</LocList>
<HierarchyLvl HierarchyLvlId="1423" HierarchyLvlTypeId="67" Intrnl_Id="3781" Name="run">
<Header>
<Loc EndOffset="7622" SrcFileId="30" StartOffset="7605"/>
</Header>
<LocList>
<Loc EndOffset="7679" SrcFileId="30" StartOffset="7605"/>
</LocList>
<StmntSeq Intrnl_Id="3782">
<LocList>
<Loc EndOffset="7665" SrcFileId="30" StartOffset="7640"/>
</LocList>
<BasicStmnt CovItemId="S55" CovItemPrefix="cabra.Project.java" Intrnl_Id="3783">
<LocList>
<Loc EndOffset="7665" SrcFileId="30" StartOffset="7640"/>
</LocList>
</BasicStmnt>
</StmntSeq>
</HierarchyLvl>
</HierarchyLvl>
</HierarchyLvl>
<HierarchyLvl HierarchyLvlId="1426" HierarchyLvlTypeId="67" Intrnl_Id="3784" Name="loadNotes">
<Header>
<Loc EndOffset="7905" SrcFileId="30" StartOffset="7882"/>
</Header>
<LocList>
<Loc EndOffset="7964" SrcFileId="30" StartOffset="7882"/>
</LocList>
<StmntSeq Intrnl_Id="3785">
<LocList>
<Loc EndOffset="7958" SrcFileId="30" StartOffset="7915"/>
</LocList>
<BasicStmnt CovItemId="S57" CovItemPrefix="cabra.Project.java" Intrnl_Id="3786">
<LocList>
<Loc EndOffset="7958" SrcFileId="30" StartOffset="7915"/>
</LocList>
</BasicStmnt>
</StmntSeq>
</HierarchyLvl>
<HierarchyLvl HierarchyLvlId="1427" HierarchyLvlTypeId="67" Intrnl_Id="3787" Name="shuffle">
<Header>
<Loc EndOffset="7995" SrcFileId="30" StartOffset="7974"/>
</Header>
<LocList>
<Loc EndOffset="8047" SrcFileId="30" StartOffset="7974"/>
</LocList>
<StmntSeq Intrnl_Id="3788">
<LocList>
<Loc EndOffset="8020" SrcFileId="30" StartOffset="8005"/>
<Loc EndOffset="8041" SrcFileId="30" StartOffset="8029"/>
</LocList>
<BasicStmnt CovItemId="S58" CovItemPrefix="cabra.Project.java" Intrnl_Id="3789">
<LocList>
<Loc EndOffset="8020" SrcFileId="30" StartOffset="8005"/>
</LocList>
</BasicStmnt>
<BasicStmnt CovItemId="S59" CovItemPrefix="cabra.Project.java" Intrnl_Id="3790">
<LocList>
<Loc EndOffset="8041" SrcFileId="30" StartOffset="8029"/>
</LocList>
</BasicStmnt>
</StmntSeq>
</HierarchyLvl>
<HierarchyLvl HierarchyLvlId="1428" HierarchyLvlTypeId="67" Intrnl_Id="3791" Name="getName">
<Header>
<Loc EndOffset="8080" SrcFileId="30" StartOffset="8057"/>
</Header>
<LocList>
<Loc EndOffset="8108" SrcFileId="30" StartOffset="8057"/>
</LocList>
<StmntSeq Intrnl_Id="3792">
<LocList>
<Loc EndOffset="8102" SrcFileId="30" StartOffset="8090"/>
</LocList>
<BasicStmnt CovItemId="S60" CovItemPrefix="cabra.Project.java" Intrnl_Id="3793">
<LocList>
<Loc EndOffset="8102" SrcFileId="30" StartOffset="8090"/>
</LocList>
</BasicStmnt>
</StmntSeq>
</HierarchyLvl>
<HierarchyLvl HierarchyLvlId="1429" HierarchyLvlTypeId="67" Intrnl_Id="3794" Name="setName">
<Header>
<Loc EndOffset="8153" SrcFileId="30" StartOffset="8118"/>
</Header>
<LocList>
<Loc EndOffset="8387" SrcFileId="30" StartOffset="8118"/>
</LocList>
<StmntSeq Intrnl_Id="3795">
<LocList>
<Loc EndOffset="8189" SrcFileId="30" StartOffset="8163"/>
<Loc EndOffset="8266" SrcFileId="30" StartOffset="8246"/>
<Loc EndOffset="8381" SrcFileId="30" StartOffset="8310"/>
</LocList>
<BasicStmnt CovItemId="S61" CovItemPrefix="cabra.Project.java" Intrnl_Id="3796">
<LocList>
<Loc EndOffset="8189" SrcFileId="30" StartOffset="8163"/>
</LocList>
</BasicStmnt>
<BasicStmnt CovItemId="S62" CovItemPrefix="cabra.Project.java" Intrnl_Id="3797">
<LocList>
<Loc EndOffset="8266" SrcFileId="30" StartOffset="8246"/>
</LocList>
</BasicStmnt>
<BasicStmnt CovItemId="S63" CovItemPrefix="cabra.Project.java" Intrnl_Id="3798">
<LocList>
<Loc EndOffset="8381" SrcFileId="30" StartOffset="8310"/>
</LocList>
</BasicStmnt>
</StmntSeq>
</HierarchyLvl>
<HierarchyLvl HierarchyLvlId="1430" HierarchyLvlTypeId="67" Intrnl_Id="3799" Name="print">
<Header>
<Loc EndOffset="8598" SrcFileId="30" StartOffset="8558"/>
</Header>
<LocList>
<Loc EndOffset="8738" SrcFileId="30" StartOffset="8558"/>
</LocList>
<StmntSeq Intrnl_Id="3800">
<LocList>
<Loc EndOffset="8640" SrcFileId="30" StartOffset="8608"/>
<Loc EndOffset="8732" SrcFileId="30" StartOffset="8677"/>
</LocList>
<BasicStmnt CovItemId="S64" CovItemPrefix="cabra.Project.java" Intrnl_Id="3801">
<LocList>
<Loc EndOffset="8640" SrcFileId="30" StartOffset="8608"/>
</LocList>
</BasicStmnt>
<BasicStmnt CovItemId="S65" CovItemPrefix="cabra.Project.java" Intrnl_Id="3802">
<LocList>
<Loc EndOffset="8732" SrcFileId="30" StartOffset="8677"/>
</LocList>
</BasicStmnt>
</StmntSeq>
</HierarchyLvl>
<HierarchyLvl HierarchyLvlId="1431" HierarchyLvlTypeId="67" Intrnl_Id="3803" Name="resetAllCards">
<Header>
<Loc EndOffset="8844" SrcFileId="30" StartOffset="8817"/>
</Header>
<LocList>
<Loc EndOffset="8975" SrcFileId="30" StartOffset="8817"/>
</LocList>
<StmntSeq Intrnl_Id="3804">
<LocList>
<Loc EndOffset="8948" SrcFileId="30" StartOffset="8854"/>
<Loc EndOffset="8969" SrcFileId="30" StartOffset="8957"/>
</LocList>
<LoopStmnt CovItemId="S66" CovItemPrefix="cabra.Project.java" Intrnl_Id="3805" MltplExecId="L4-2" MltplExecPrefix="cabra.Project.java" NvrExecId="L4-0" NvrExecPrefix="cabra.Project.java" OnceExecutedId="L4-1" OnceExecutedPrefix="cabra.Project.java" OptBodyExec="true">
<StmntSeq Intrnl_Id="3806">
<LocList>
<Loc EndOffset="8938" SrcFileId="30" StartOffset="8900"/>
</LocList>
<BasicStmnt CovItemId="S67" CovItemPrefix="cabra.Project.java" Intrnl_Id="3807">
<LocList>
<Loc EndOffset="8938" SrcFileId="30" StartOffset="8900"/>
</LocList>
</BasicStmnt>
</StmntSeq>
<Keyword EndOffset="8857" SrcFileId="30" StartOffset="8854"/>
<LocList>
<Loc EndOffset="8948" SrcFileId="30" StartOffset="8854"/>
</LocList>
</LoopStmnt>
<BasicStmnt CovItemId="S68" CovItemPrefix="cabra.Project.java" Intrnl_Id="3808">
<LocList>
<Loc EndOffset="8969" SrcFileId="30" StartOffset="8957"/>
</LocList>
</BasicStmnt>
</StmntSeq>
</HierarchyLvl>
<HierarchyLvl HierarchyLvlId="1432" HierarchyLvlTypeId="67" Intrnl_Id="3809" Name="skipAll">
<Header>
<Loc EndOffset="9062" SrcFileId="30" StartOffset="9041"/>
</Header>
<LocList>
<Loc EndOffset="9141" SrcFileId="30" StartOffset="9041"/>
</LocList>
<StmntSeq Intrnl_Id="3810">
<LocList>
<Loc EndOffset="9135" SrcFileId="30" StartOffset="9072"/>
</LocList>
<LoopStmnt CovItemId="S69" CovItemPrefix="cabra.Project.java" Intrnl_Id="3811" MltplExecId="L5-2" MltplExecPrefix="cabra.Project.java" NvrExecId="L5-0" NvrExecPrefix="cabra.Project.java" OnceExecutedId="L5-1" OnceExecutedPrefix="cabra.Project.java" OptBodyExec="true">
<StmntSeq Intrnl_Id="3812">
<LocList>
<Loc EndOffset="9125" SrcFileId="30" StartOffset="9113"/>
</LocList>
<BasicStmnt CovItemId="S70" CovItemPrefix="cabra.Project.java" Intrnl_Id="3813">
<LocList>
<Loc EndOffset="9125" SrcFileId="30" StartOffset="9113"/>
</LocList>
</BasicStmnt>
</StmntSeq>
<Keyword EndOffset="9075" SrcFileId="30" StartOffset="9072"/>
<LocList>
<Loc EndOffset="9135" SrcFileId="30" StartOffset="9072"/>
</LocList>
</LoopStmnt>
</StmntSeq>
</HierarchyLvl>
<HierarchyLvl HierarchyLvlId="1433" HierarchyLvlTypeId="67" Intrnl_Id="3814" Name="getCards">
<Header>
<Loc EndOffset="9184" SrcFileId="30" StartOffset="9151"/>
</Header>
<LocList>
<Loc EndOffset="9223" SrcFileId="30" StartOffset="9151"/>
</LocList>
<StmntSeq Intrnl_Id="3815">
<LocList>
<Loc EndOffset="9217" SrcFileId="30" StartOffset="9194"/>
</LocList>
<BasicStmnt CovItemId="S71" CovItemPrefix="cabra.Project.java" Intrnl_Id="3816">
<LocList>
<Loc EndOffset="9217" SrcFileId="30" StartOffset="9194"/>
</LocList>
</BasicStmnt>
</StmntSeq>
</HierarchyLvl>
<HierarchyLvl HierarchyLvlId="1434" HierarchyLvlTypeId="67" Intrnl_Id="3817" Name="isEmpty">
<Header>
<Loc EndOffset="9401" SrcFileId="30" StartOffset="9377"/>
</Header>
<LocList>
<Loc EndOffset="9440" SrcFileId="30" StartOffset="9377"/>
</LocList>
<StmntSeq Intrnl_Id="3818">
<LocList>
<Loc EndOffset="9434" SrcFileId="30" StartOffset="9411"/>
</LocList>
<BasicStmnt CovItemId="S72" CovItemPrefix="cabra.Project.java" Intrnl_Id="3819">
<LocList>
<Loc EndOffset="9434" SrcFileId="30" StartOffset="9411"/>
</LocList>
</BasicStmnt>
</StmntSeq>
</HierarchyLvl>
<HierarchyLvl HierarchyLvlId="1435" HierarchyLvlTypeId="67" Intrnl_Id="3820" Name="numCards">
<Header>
<Loc EndOffset="9471" SrcFileId="30" StartOffset="9450"/>
</Header>
<LocList>
<Loc EndOffset="9565" SrcFileId="30" StartOffset="9450"/>
</LocList>
<StmntSeq Intrnl_Id="3821">
<LocList>
<Loc EndOffset="9559" SrcFileId="30" StartOffset="9536"/>
</LocList>
<BasicStmnt CovItemId="S73" CovItemPrefix="cabra.Project.java" Intrnl_Id="3822">
<LocList>
<Loc EndOffset="9559" SrcFileId="30" StartOffset="9536"/>
</LocList>
</BasicStmnt>
</StmntSeq>
</HierarchyLvl>
<HierarchyLvl HierarchyLvlId="1436" HierarchyLvlTypeId="67" Intrnl_Id="3823" Name="numMatchingCards">
<Header>
<Loc EndOffset="9826" SrcFileId="30" StartOffset="9784"/>
</Header>
<LocList>
<Loc EndOffset="9879" SrcFileId="30" StartOffset="9784"/>
</LocList>
<StmntSeq Intrnl_Id="3824">
<LocList>
<Loc EndOffset="9873" SrcFileId="30" StartOffset="9836"/>
</LocList>
<BasicStmnt CovItemId="S74" CovItemPrefix="cabra.Project.java" Intrnl_Id="3825">
<LocList>
<Loc EndOffset="9873" SrcFileId="30" StartOffset="9836"/>
</LocList>
</BasicStmnt>
</StmntSeq>
</HierarchyLvl>
<HierarchyLvl HierarchyLvlId="1437" HierarchyLvlTypeId="67" Intrnl_Id="3826" Name="cardStatuses">
<Header>
<Loc EndOffset="10047" SrcFileId="30" StartOffset="10020"/>
</Header>
<LocList>
<Loc EndOffset="10290" SrcFileId="30" StartOffset="10020"/>
</LocList>
<StmntSeq Intrnl_Id="3827">
<LocList>
<Loc EndOffset="10284" SrcFileId="30" StartOffset="10057"/>
</LocList>
<BasicStmnt CovItemId="S75" CovItemPrefix="cabra.Project.java" Intrnl_Id="3828">
<LocList>
<Loc EndOffset="10284" SrcFileId="30" StartOffset="10057"/>
</LocList>
</BasicStmnt>
</StmntSeq>
</HierarchyLvl>
<HierarchyLvl HierarchyLvlId="1438" HierarchyLvlTypeId="67" Intrnl_Id="3829" Name="nextCard">
<Header>
<Loc EndOffset="10322" SrcFileId="30" StartOffset="10300"/>
</Header>
<LocList>
<Loc EndOffset="10360" SrcFileId="30" StartOffset="10300"/>
</LocList>
<StmntSeq Intrnl_Id="3830">
<LocList>
<Loc EndOffset="10354" SrcFileId="30" StartOffset="10332"/>
</LocList>
<BasicStmnt CovItemId="S76" CovItemPrefix="cabra.Project.java" Intrnl_Id="3831">
<LocList>
<Loc EndOffset="10354" SrcFileId="30" StartOffset="10332"/>
</LocList>
</BasicStmnt>
</StmntSeq>
</HierarchyLvl>
<HierarchyLvl HierarchyLvlId="1439" HierarchyLvlTypeId="67" Intrnl_Id="3832" Name="getFolder">
<Header>
<Loc EndOffset="10393" SrcFileId="30" StartOffset="10370"/>
</Header>
<LocList>
<Loc EndOffset="10485" SrcFileId="30" StartOffset="10370"/>
</LocList>
<StmntSeq Intrnl_Id="3833">
<LocList>
<Loc EndOffset="10479" SrcFileId="30" StartOffset="10403"/>
</LocList>
<BasicStmnt CovItemId="S77" CovItemPrefix="cabra.Project.java" Intrnl_Id="3834">
<LocList>
<Loc EndOffset="10479" SrcFileId="30" StartOffset="10403"/>
</LocList>
</BasicStmnt>
</StmntSeq>
</HierarchyLvl>
<HierarchyLvl HierarchyLvlId="1440" HierarchyLvlTypeId="67" Intrnl_Id="3835" Name="getCurrentCard">
<Header>
<Loc EndOffset="10523" SrcFileId="30" StartOffset="10495"/>
</Header>
<LocList>
<Loc EndOffset="10568" SrcFileId="30" StartOffset="10495"/>
</LocList>
<StmntSeq Intrnl_Id="3836">
<LocList>
<Loc EndOffset="10562" SrcFileId="30" StartOffset="10533"/>
</LocList>
<BasicStmnt CovItemId="S78" CovItemPrefix="cabra.Project.java" Intrnl_Id="3837">
<LocList>
<Loc EndOffset="10562" SrcFileId="30" StartOffset="10533"/>
</LocList>
</BasicStmnt>
</StmntSeq>
</HierarchyLvl>
<HierarchyLvl HierarchyLvlId="1441" HierarchyLvlTypeId="67" Intrnl_Id="3838" Name="getCurrentIndex">
<Header>
<Loc EndOffset="10606" SrcFileId="30" StartOffset="10578"/>
</Header>
<LocList>
<Loc EndOffset="10652" SrcFileId="30" StartOffset="10578"/>
</LocList>
<StmntSeq Intrnl_Id="3839">
<LocList>
<Loc EndOffset="10646" SrcFileId="30" StartOffset="10616"/>
</LocList>
<BasicStmnt CovItemId="S79" CovItemPrefix="cabra.Project.java" Intrnl_Id="3840">
<LocList>
<Loc EndOffset="10646" SrcFileId="30" StartOffset="10616"/>
</LocList>
</BasicStmnt>
</StmntSeq>
</HierarchyLvl>
<HierarchyLvl HierarchyLvlId="1442" HierarchyLvlTypeId="67" Intrnl_Id="3841" Name="toString">
<Header>
<Loc EndOffset="10708" SrcFileId="30" StartOffset="10662"/>
</Header>
<LocList>
<Loc EndOffset="10829" SrcFileId="30" StartOffset="10662"/>
</LocList>
<StmntSeq Intrnl_Id="3842">
<LocList>
<Loc EndOffset="10776" SrcFileId="30" StartOffset="10764"/>
</LocList>
<BasicStmnt CovItemId="S80" CovItemPrefix="cabra.Project.java" Intrnl_Id="3843">
<LocList>
<Loc EndOffset="10776" SrcFileId="30" StartOffset="10764"/>
</LocList>
</BasicStmnt>
</StmntSeq>
</HierarchyLvl>
<HierarchyLvl HierarchyLvlId="1443" HierarchyLvlTypeId="67" Intrnl_Id="3844" Name="equals">
<Header>
<Loc EndOffset="10894" SrcFileId="30" StartOffset="10834"/>
</Header>
<LocList>
<Loc EndOffset="11387" SrcFileId="30" StartOffset="10834"/>
</LocList>
<StmntSeq Intrnl_Id="3845">
<LocList>
<Loc EndOffset="10946" SrcFileId="30" StartOffset="10912"/>
<Loc EndOffset="11016" SrcFileId="30" StartOffset="10963"/>
<Loc EndOffset="11094" SrcFileId="30" StartOffset="11058"/>
<Loc EndOffset="11209" SrcFileId="30" StartOffset="11171"/>
<Loc EndOffset="11373" SrcFileId="30" StartOffset="11033"/>
</LocList>
<CondStmnt CovItemId="S81" CovItemPrefix="cabra.Project.java" Intrnl_Id="3846">
<Branch CovItemId="B11" CovItemPrefix="cabra.Project.java" Implct="false" Intrnl_Id="3847">
<Cond/>
<LocList>
<Loc EndOffset="10946" SrcFileId="30" StartOffset="10933"/>
</LocList>
<StmntSeq Intrnl_Id="3848">
<LocList>
<Loc EndOffset="10946" SrcFileId="30" StartOffset="10933"/>
</LocList>
<BasicStmnt CovItemId="S82" CovItemPrefix="cabra.Project.java" Intrnl_Id="3849">
<LocList>
<Loc EndOffset="10946" SrcFileId="30" StartOffset="10933"/>
</LocList>
</BasicStmnt>
</StmntSeq>
</Branch>
<Branch CovItemId="B12" CovItemPrefix="cabra.Project.java" Implct="true" Intrnl_Id="3850">
<Cond/>
<LocList/>
<StmntSeq Intrnl_Id="3851">
<LocList/>
</StmntSeq>
</Branch>
<Keyword EndOffset="10914" SrcFileId="30" StartOffset="10912"/>
<LocList>
<Loc EndOffset="10946" SrcFileId="30" StartOffset="10912"/>
</LocList>
<RootTerm CovItemId="C6" CovItemPrefix="cabra.Project.java" Intrnl_Id="3852">
<BasicBoolTerm Intrnl_Id="3853">
<LocList>
<Loc EndOffset="10931" SrcFileId="30" StartOffset="10915"/>
</LocList>
</BasicBoolTerm>
</RootTerm>
</CondStmnt>
<CondStmnt CovItemId="S83" CovItemPrefix="cabra.Project.java" Intrnl_Id="3854">
<Branch CovItemId="B13" CovItemPrefix="cabra.Project.java" Implct="false" Intrnl_Id="3855">
<Cond/>
<LocList>
<Loc EndOffset="11016" SrcFileId="30" StartOffset="11003"/>
</LocList>
<StmntSeq Intrnl_Id="3856">
<LocList>
<Loc EndOffset="11016" SrcFileId="30" StartOffset="11003"/>
</LocList>
<BasicStmnt CovItemId="S84" CovItemPrefix="cabra.Project.java" Intrnl_Id="3857">
<LocList>
<Loc EndOffset="11016" SrcFileId="30" StartOffset="11003"/>
</LocList>
</BasicStmnt>
</StmntSeq>
</Branch>
<Branch CovItemId="B14" CovItemPrefix="cabra.Project.java" Implct="true" Intrnl_Id="3858">
<Cond/>
<LocList/>
<StmntSeq Intrnl_Id="3859">
<LocList/>
</StmntSeq>
</Branch>
<Keyword EndOffset="10965" SrcFileId="30" StartOffset="10963"/>
<LocList>
<Loc EndOffset="11016" SrcFileId="30" StartOffset="10963"/>
</LocList>
<RootTerm CovItemId="C7" CovItemPrefix="cabra.Project.java" Intrnl_Id="3860">
<BasicBoolTerm Intrnl_Id="3861">
<LocList>
<Loc EndOffset="11002" SrcFileId="30" StartOffset="10966"/>
</LocList>
</BasicBoolTerm>
</RootTerm>
</CondStmnt>
<BasicStmnt CovItemId="S86" CovItemPrefix="cabra.Project.java" Intrnl_Id="3862">
<LocList>
<Loc EndOffset="11094" SrcFileId="30" StartOffset="11058"/>
</LocList>
</BasicStmnt>
<BasicStmnt CovItemId="S87" CovItemPrefix="cabra.Project.java" Intrnl_Id="3863">
<LocList>
<Loc EndOffset="11209" SrcFileId="30" StartOffset="11171"/>
</LocList>
</BasicStmnt>
<CondStmnt CovItemId="S85" CovItemPrefix="cabra.Project.java" Intrnl_Id="3864">
<Branch CovItemId="B15" CovItemPrefix="cabra.Project.java" Implct="true" Intrnl_Id="3865">
<Cond/>
<LocList/>
<StmntSeq Intrnl_Id="3866">
<LocList/>
</StmntSeq>
</Branch>
<Branch CovItemId="B16" CovItemPrefix="cabra.Project.java" Implct="false" Intrnl_Id="3867">
<Cond>
<Loc EndOffset="11320" SrcFileId="30" StartOffset="11302"/>
</Cond>
<LocList>
<Loc EndOffset="11373" SrcFileId="30" StartOffset="11320"/>
</LocList>
<StmntSeq Intrnl_Id="3868">
<LocList>
<Loc EndOffset="11355" SrcFileId="30" StartOffset="11342"/>
</LocList>
<BasicStmnt CovItemId="S88" CovItemPrefix="cabra.Project.java" Intrnl_Id="3869">
<LocList>
<Loc EndOffset="11355" SrcFileId="30" StartOffset="11342"/>
</LocList>
</BasicStmnt>
</StmntSeq>
</Branch>
<Keyword EndOffset="11036" SrcFileId="30" StartOffset="11033"/>
<LocList>
<Loc EndOffset="11373" SrcFileId="30" StartOffset="11033"/>
</LocList>
</CondStmnt>
</StmntSeq>
</HierarchyLvl>
<HierarchyLvl HierarchyLvlId="1444" HierarchyLvlTypeId="67" Intrnl_Id="3870" Name="compareTo">
<Header>
<Loc EndOffset="11668" SrcFileId="30" StartOffset="11633"/>
</Header>
<LocList>
<Loc EndOffset="11866" SrcFileId="30" StartOffset="11633"/>
</LocList>
<StmntSeq Intrnl_Id="3871">
<LocList>
<Loc EndOffset="11710" SrcFileId="30" StartOffset="11678"/>
<Loc EndOffset="11761" SrcFileId="30" StartOffset="11719"/>
<Loc EndOffset="11814" SrcFileId="30" StartOffset="11770"/>
<Loc EndOffset="11860" SrcFileId="30" StartOffset="11823"/>
</LocList>
<CondStmnt CovItemId="S89" CovItemPrefix="cabra.Project.java" Intrnl_Id="3872">
<Branch CovItemId="B17" CovItemPrefix="cabra.Project.java" Implct="false" Intrnl_Id="3873">
<Cond/>
<LocList>
<Loc EndOffset="11710" SrcFileId="30" StartOffset="11701"/>
</LocList>
<StmntSeq Intrnl_Id="3874">
<LocList>
<Loc EndOffset="11710" SrcFileId="30" StartOffset="11701"/>
</LocList>
<BasicStmnt CovItemId="S90" CovItemPrefix="cabra.Project.java" Intrnl_Id="3875">
<LocList>
<Loc EndOffset="11710" SrcFileId="30" StartOffset="11701"/>
</LocList>
</BasicStmnt>
</StmntSeq>
</Branch>
<Branch CovItemId="B18" CovItemPrefix="cabra.Project.java" Implct="true" Intrnl_Id="3876">
<Cond/>
<LocList/>
<StmntSeq Intrnl_Id="3877">
<LocList/>
</StmntSeq>
</Branch>
<Keyword EndOffset="11680" SrcFileId="30" StartOffset="11678"/>
<LocList>
<Loc EndOffset="11710" SrcFileId="30" StartOffset="11678"/>
</LocList>
<RootTerm CovItemId="C8" CovItemPrefix="cabra.Project.java" Intrnl_Id="3878">
<BasicBoolTerm Intrnl_Id="3879">
<LocList>
<Loc EndOffset="11699" SrcFileId="30" StartOffset="11681"/>
</LocList>
</BasicBoolTerm>
</RootTerm>
</CondStmnt>
<BasicStmnt CovItemId="S91" CovItemPrefix="cabra.Project.java" Intrnl_Id="3880">
<LocList>
<Loc EndOffset="11761" SrcFileId="30" StartOffset="11719"/>
</LocList>
</BasicStmnt>
<BasicStmnt CovItemId="S92" CovItemPrefix="cabra.Project.java" Intrnl_Id="3881">
<LocList>
<Loc EndOffset="11814" SrcFileId="30" StartOffset="11770"/>
</LocList>
</BasicStmnt>
<BasicStmnt CovItemId="S93" CovItemPrefix="cabra.Project.java" Intrnl_Id="3882">
<LocList>
<Loc EndOffset="11860" SrcFileId="30" StartOffset="11823"/>
</LocList>
</BasicStmnt>
</StmntSeq>
</HierarchyLvl>
<HierarchyLvl HierarchyLvlId="1445" HierarchyLvlTypeId="67" Intrnl_Id="3883" Name="hashCode">
<Header>
<Loc EndOffset="11907" SrcFileId="30" StartOffset="11872"/>
</Header>
<LocList>
<Loc EndOffset="12033" SrcFileId="30" StartOffset="11872"/>
</LocList>
<StmntSeq Intrnl_Id="3884">
<LocList>
<Loc EndOffset="11931" SrcFileId="30" StartOffset="11918"/>
<Loc EndOffset="12006" SrcFileId="30" StartOffset="11940"/>
<Loc EndOffset="12027" SrcFileId="30" StartOffset="12015"/>
</LocList>
<BasicStmnt CovItemId="S94" CovItemPrefix="cabra.Project.java" Intrnl_Id="3885">
<LocList>
<Loc EndOffset="11931" SrcFileId="30" StartOffset="11918"/>
</LocList>
</BasicStmnt>
<BasicStmnt CovItemId="S95" CovItemPrefix="cabra.Project.java" Intrnl_Id="3886">
<LocList>
<Loc EndOffset="12006" SrcFileId="30" StartOffset="11940"/>
</LocList>
<QMO CovItemId="Q0" CovItemPrefix="cabra.Project.java" Intrnl_Id="3887">
<LocList>
<Loc EndOffset="11977" SrcFileId="30" StartOffset="11960"/>
</LocList>
<QMO_E CovItemId="Q0-0" CovItemPrefix="cabra.Project.java" Intrnl_Id="3888">
<LocList>
<Loc EndOffset="12000" SrcFileId="30" StartOffset="11980"/>
</LocList>
</QMO_E>
<QMO_E CovItemId="Q0-1" CovItemPrefix="cabra.Project.java" Intrnl_Id="3889">
<LocList>
<Loc EndOffset="12004" SrcFileId="30" StartOffset="12003"/>
</LocList>
</QMO_E>
</QMO>
</BasicStmnt>
<BasicStmnt CovItemId="S96" CovItemPrefix="cabra.Project.java" Intrnl_Id="3890">
<LocList>
<Loc EndOffset="12027" SrcFileId="30" StartOffset="12015"/>
</LocList>
</BasicStmnt>
</StmntSeq>
</HierarchyLvl>
<HierarchyLvl HierarchyLvlId="1446" HierarchyLvlTypeId="67" Intrnl_Id="3891" Name="createSampleProject">
<Header>
<Loc EndOffset="12109" SrcFileId="30" StartOffset="12048"/>
</Header>
<LocList>
<Loc EndOffset="12473" SrcFileId="30" StartOffset="12048"/>
</LocList>
<StmntSeq Intrnl_Id="3892">
<LocList>
<Loc EndOffset="12175" SrcFileId="30" StartOffset="12119"/>
<Loc EndOffset="12230" SrcFileId="30" StartOffset="12184"/>
<Loc EndOffset="12369" SrcFileId="30" StartOffset="12239"/>
<Loc EndOffset="12402" SrcFileId="30" StartOffset="12378"/>
<Loc EndOffset="12467" SrcFileId="30" StartOffset="12446"/>
</LocList>
<BasicStmnt CovItemId="S97" CovItemPrefix="cabra.Project.java" Intrnl_Id="3893">
<LocList>
<Loc EndOffset="12175" SrcFileId="30" StartOffset="12119"/>
</LocList>
</BasicStmnt>
<BasicStmnt CovItemId="S98" CovItemPrefix="cabra.Project.java" Intrnl_Id="3894">
<LocList>
<Loc EndOffset="12230" SrcFileId="30" StartOffset="12184"/>
</LocList>
</BasicStmnt>
<BasicStmnt CovItemId="S99" CovItemPrefix="cabra.Project.java" Intrnl_Id="3895">
<LocList>
<Loc EndOffset="12369" SrcFileId="30" StartOffset="12239"/>
</LocList>
</BasicStmnt>
<BasicStmnt CovItemId="S100" CovItemPrefix="cabra.Project.java" Intrnl_Id="3896">
<LocList>
<Loc EndOffset="12402" SrcFileId="30" StartOffset="12378"/>
</LocList>
</BasicStmnt>
<BasicStmnt CovItemId="S101" CovItemPrefix="cabra.Project.java" Intrnl_Id="3897">
<LocList>
<Loc EndOffset="12467" SrcFileId="30" StartOffset="12446"/>
</LocList>
</BasicStmnt>
</StmntSeq>
</HierarchyLvl>
</HierarchyLvl>
<HierarchyLvl HierarchyLvlId="1471" HierarchyLvlTypeId="66" Intrnl_Id="3898" Name="Printer">
<Header>
<Loc EndOffset="408" SrcFileId="31" StartOffset="373"/>
</Header>
<LocList>
<Loc EndOffset="6327" SrcFileId="31" StartOffset="373"/>
<Loc EndOffset="8043" SrcFileId="31" StartOffset="7961"/>
<Loc EndOffset="9485" SrcFileId="31" StartOffset="9410"/>
<Loc EndOffset="10454" SrcFileId="31" StartOffset="10452"/>
</LocList>
<StmntSeq Intrnl_Id="3899">
<LocList>
<Loc EndOffset="483" SrcFileId="31" StartOffset="443"/>
<Loc EndOffset="554" SrcFileId="31" StartOffset="513"/>
</LocList>
<BasicStmnt CovItemId="S1" CovItemPrefix="cabra.Printer.java" Intrnl_Id="3900">
<LocList>
<Loc EndOffset="483" SrcFileId="31" StartOffset="443"/>
</LocList>
</BasicStmnt>
<BasicStmnt CovItemId="S2" CovItemPrefix="cabra.Printer.java" Intrnl_Id="3901">
<LocList>
<Loc EndOffset="554" SrcFileId="31" StartOffset="513"/>
</LocList>
</BasicStmnt>
</StmntSeq>
<HierarchyLvl HierarchyLvlId="1448" HierarchyLvlTypeId="67" Intrnl_Id="3902" Name="Printer">
<Header>
<Loc EndOffset="623" SrcFileId="31" StartOffset="606"/>
</Header>
<LocList>
<Loc EndOffset="625" SrcFileId="31" StartOffset="606"/>
</LocList>
</HierarchyLvl>
<HierarchyLvl HierarchyLvlId="1449" HierarchyLvlTypeId="67" Intrnl_Id="3903" Name="printNotes">
<Header>
<Loc EndOffset="794" SrcFileId="31" StartOffset="742"/>
</Header>
<LocList>
<Loc EndOffset="2108" SrcFileId="31" StartOffset="742"/>
</LocList>
<StmntSeq Intrnl_Id="3904">
<LocList>
<Loc EndOffset="882" SrcFileId="31" StartOffset="854"/>
<Loc EndOffset="1176" SrcFileId="31" StartOffset="924"/>
<Loc EndOffset="1827" SrcFileId="31" StartOffset="1231"/>
<Loc EndOffset="1957" SrcFileId="31" StartOffset="1840"/>
<Loc EndOffset="2094" SrcFileId="31" StartOffset="1213"/>
</LocList>
<BasicStmnt CovItemId="S3" CovItemPrefix="cabra.Printer.java" Intrnl_Id="3905">
<LocList>
<Loc EndOffset="882" SrcFileId="31" StartOffset="854"/>
</LocList>
</BasicStmnt>
<LoopStmnt CovItemId="S4" CovItemPrefix="cabra.Printer.java" Intrnl_Id="3906" MltplExecId="L1-2" MltplExecPrefix="cabra.Printer.java" NvrExecId="L1-0" NvrExecPrefix="cabra.Printer.java" OnceExecutedId="L1-1" OnceExecutedPrefix="cabra.Printer.java" OptBodyExec="true">
<StmntSeq Intrnl_Id="3907">
<LocList>
<Loc EndOffset="1066" SrcFileId="31" StartOffset="1029"/>
<Loc EndOffset="1120" SrcFileId="31" StartOffset="1079"/>
<Loc EndOffset="1166" SrcFileId="31" StartOffset="1146"/>
</LocList>
<BasicStmnt CovItemId="S5" CovItemPrefix="cabra.Printer.java" Intrnl_Id="3908">
<LocList>
<Loc EndOffset="1066" SrcFileId="31" StartOffset="1029"/>
</LocList>
</BasicStmnt>
<BasicStmnt CovItemId="S6" CovItemPrefix="cabra.Printer.java" Intrnl_Id="3909">
<LocList>
<Loc EndOffset="1120" SrcFileId="31" StartOffset="1079"/>
</LocList>
</BasicStmnt>
<BasicStmnt CovItemId="S7" CovItemPrefix="cabra.Printer.java" Intrnl_Id="3910">
<LocList>
<Loc EndOffset="1166" SrcFileId="31" StartOffset="1146"/>
</LocList>
</BasicStmnt>
</StmntSeq>
<Keyword EndOffset="927" SrcFileId="31" StartOffset="924"/>
<LocList>
<Loc EndOffset="1176" SrcFileId="31" StartOffset="924"/>
</LocList>
</LoopStmnt>
<BasicStmnt CovItemId="S9" CovItemPrefix="cabra.Printer.java" Intrnl_Id="3911">
<LocList>
<Loc EndOffset="1827" SrcFileId="31" StartOffset="1231"/>
</LocList>
</BasicStmnt>
<CondStmnt CovItemId="S10" CovItemPrefix="cabra.Printer.java" Intrnl_Id="3912">
<Branch CovItemId="B2" CovItemPrefix="cabra.Printer.java" Implct="false" Intrnl_Id="3913">
<Cond/>
<LocList>
<Loc EndOffset="1892" SrcFileId="31" StartOffset="1854"/>
</LocList>
<StmntSeq Intrnl_Id="3914">
<LocList/>
</StmntSeq>
</Branch>
<Branch CovItemId="B3" CovItemPrefix="cabra.Printer.java" Implct="false" Intrnl_Id="3915">
<Cond>
<Loc EndOffset="1897" SrcFileId="31" StartOffset="1893"/>
</Cond>
<LocList>
<Loc EndOffset="1957" SrcFileId="31" StartOffset="1898"/>
</LocList>
<StmntSeq Intrnl_Id="3916">
<LocList/>
</StmntSeq>
</Branch>
<Keyword EndOffset="1842" SrcFileId="31" StartOffset="1840"/>
<LocList>
<Loc EndOffset="1957" SrcFileId="31" StartOffset="1840"/>
</LocList>
<RootTerm CovItemId="C1" CovItemPrefix="cabra.Printer.java" Intrnl_Id="3917">
<BasicBoolTerm Intrnl_Id="3918">
<LocList>
<Loc EndOffset="1852" SrcFileId="31" StartOffset="1844"/>
</LocList>
</BasicBoolTerm>
</RootTerm>
</CondStmnt>
<CondStmnt CovItemId="S8" CovItemPrefix="cabra.Printer.java" Intrnl_Id="3919">
<Branch CovItemId="B1" CovItemPrefix="cabra.Printer.java" Implct="true" Intrnl_Id="3920">
<Cond/>
<LocList/>
<StmntSeq Intrnl_Id="3921">
<LocList/>
</StmntSeq>
</Branch>
<Branch CovItemId="B4" CovItemPrefix="cabra.Printer.java" Implct="false" Intrnl_Id="3922">
<Cond>
<Loc EndOffset="1995" SrcFileId="31" StartOffset="1968"/>
</Cond>
<LocList>
<Loc EndOffset="2094" SrcFileId="31" StartOffset="1996"/>
</LocList>
<StmntSeq Intrnl_Id="3923">
<LocList>
<Loc EndOffset="2084" SrcFileId="31" StartOffset="2061"/>
</LocList>
<BasicStmnt CovItemId="S11" CovItemPrefix="cabra.Printer.java" Intrnl_Id="3924">
<LocList>
<Loc EndOffset="2084" SrcFileId="31" StartOffset="2061"/>
</LocList>
</BasicStmnt>
</StmntSeq>
</Branch>
<Keyword EndOffset="1216" SrcFileId="31" StartOffset="1213"/>
<LocList>
<Loc EndOffset="2094" SrcFileId="31" StartOffset="1213"/>
</LocList>
</CondStmnt>
</StmntSeq>
</HierarchyLvl>
<HierarchyLvl HierarchyLvlId="1452" HierarchyLvlTypeId="67" Intrnl_Id="3925" Name="print">
<Header>
<Loc EndOffset="2443" SrcFileId="31" StartOffset="2367"/>
</Header>
<LocList>
<Loc EndOffset="2608" SrcFileId="31" StartOffset="2367"/>
</LocList>
<StmntSeq Intrnl_Id="3926">
<LocList>
<Loc EndOffset="2480" SrcFileId="31" StartOffset="2453"/>
<Loc EndOffset="2602" SrcFileId="31" StartOffset="2600"/>
</LocList>
<BasicStmnt CovItemId="S12" CovItemPrefix="cabra.Printer.java" Intrnl_Id="3927">
<LocList>
<Loc EndOffset="2480" SrcFileId="31" StartOffset="2453"/>
<Loc EndOffset="2602" SrcFileId="31" StartOffset="2600"/>
</LocList>
</BasicStmnt>
</StmntSeq>
<HierarchyLvl HierarchyLvlId="1451" HierarchyLvlTypeId="69" Intrnl_Id="3928" Name="Runnable">
<Header>
<Loc EndOffset="2494" SrcFileId="31" StartOffset="2484"/>
</Header>
<LocList>
<Loc EndOffset="2600" SrcFileId="31" StartOffset="2480"/>
</LocList>
<HierarchyLvl HierarchyLvlId="1450" HierarchyLvlTypeId="67" Intrnl_Id="3929" Name="run">
<Header>
<Loc EndOffset="2525" SrcFileId="31" StartOffset="2508"/>
</Header>
<LocList>
<Loc EndOffset="2590" SrcFileId="31" StartOffset="2508"/>
</LocList>
<StmntSeq Intrnl_Id="3930">
<LocList>
<Loc EndOffset="2576" SrcFileId="31" StartOffset="2543"/>
</LocList>
<BasicStmnt CovItemId="S13" CovItemPrefix="cabra.Printer.java" Intrnl_Id="3931">
<LocList>
<Loc EndOffset="2576" SrcFileId="31" StartOffset="2543"/>
</LocList>
</BasicStmnt>
</StmntSeq>
</HierarchyLvl>
</HierarchyLvl>
</HierarchyLvl>
<HierarchyLvl HierarchyLvlId="1455" HierarchyLvlTypeId="67" Intrnl_Id="3932" Name="realPrint">
<Header>
<Loc EndOffset="2886" SrcFileId="31" StartOffset="2805"/>
</Header>
<LocList>
<Loc EndOffset="6317" SrcFileId="31" StartOffset="2805"/>
</LocList>
<StmntSeq Intrnl_Id="3933">
<LocList>
<Loc EndOffset="3017" SrcFileId="31" StartOffset="2967"/>
<Loc EndOffset="3960" SrcFileId="31" StartOffset="3067"/>
<Loc EndOffset="4058" SrcFileId="31" StartOffset="4001"/>
<Loc EndOffset="4190" SrcFileId="31" StartOffset="4166"/>
<Loc EndOffset="4230" SrcFileId="31" StartOffset="4199"/>
<Loc EndOffset="4363" SrcFileId="31" StartOffset="4313"/>
<Loc EndOffset="4481" SrcFileId="31" StartOffset="4431"/>
<Loc EndOffset="4553" SrcFileId="31" StartOffset="4491"/>
<Loc EndOffset="4638" SrcFileId="31" StartOffset="4572"/>
<Loc EndOffset="4711" SrcFileId="31" StartOffset="4647"/>
<Loc EndOffset="4849" SrcFileId="31" StartOffset="4766"/>
<Loc EndOffset="4925" SrcFileId="31" StartOffset="4858"/>
<Loc EndOffset="4980" SrcFileId="31" StartOffset="4934"/>
<Loc EndOffset="5013" SrcFileId="31" StartOffset="4989"/>
<Loc EndOffset="5064" SrcFileId="31" StartOffset="5022"/>
<Loc EndOffset="5097" SrcFileId="31" StartOffset="5073"/>
<Loc EndOffset="5227" SrcFileId="31" StartOffset="5200"/>
<Loc EndOffset="6311" SrcFileId="31" StartOffset="6309"/>
</LocList>
<BasicStmnt CovItemId="S14" CovItemPrefix="cabra.Printer.java" Intrnl_Id="3934">
<LocList>
<Loc EndOffset="3017" SrcFileId="31" StartOffset="2967"/>
</LocList>
</BasicStmnt>
<LoopStmnt CovItemId="S15" CovItemPrefix="cabra.Printer.java" Intrnl_Id="3935" MltplExecId="L2-2" MltplExecPrefix="cabra.Printer.java" NvrExecId="L2-0" NvrExecPrefix="cabra.Printer.java" OnceExecutedId="L2-1" OnceExecutedPrefix="cabra.Printer.java" OptBodyExec="true">
<StmntSeq Intrnl_Id="3936">
<LocList>
<Loc EndOffset="3137" SrcFileId="31" StartOffset="3112"/>
<Loc EndOffset="3547" SrcFileId="31" StartOffset="3213"/>
<Loc EndOffset="3643" SrcFileId="31" StartOffset="3611"/>
<Loc EndOffset="3798" SrcFileId="31" StartOffset="3657"/>
<Loc EndOffset="3950" SrcFileId="31" StartOffset="3811"/>
</LocList>
<BasicStmnt CovItemId="S16" CovItemPrefix="cabra.Printer.java" Intrnl_Id="3937">
<LocList>
<Loc EndOffset="3137" SrcFileId="31" StartOffset="3112"/>
</LocList>
</BasicStmnt>
<CondStmnt CovItemId="S17" CovItemPrefix="cabra.Printer.java" Intrnl_Id="3938">
<Branch CovItemId="B5" CovItemPrefix="cabra.Printer.java" Implct="false" Intrnl_Id="3939">
<Cond/>
<LocList>
<Loc EndOffset="3382" SrcFileId="31" StartOffset="3269"/>
</LocList>
<StmntSeq Intrnl_Id="3940">
<LocList>
<Loc EndOffset="3368" SrcFileId="31" StartOffset="3346"/>
</LocList>
<BasicStmnt CovItemId="S18" CovItemPrefix="cabra.Printer.java" Intrnl_Id="3941">
<LocList>
<Loc EndOffset="3368" SrcFileId="31" StartOffset="3346"/>
</LocList>
</BasicStmnt>
</StmntSeq>
</Branch>
<Branch CovItemId="B6" CovItemPrefix="cabra.Printer.java" Implct="false" Intrnl_Id="3942">
<Cond>
<Loc EndOffset="3401" SrcFileId="31" StartOffset="3397"/>
</Cond>
<LocList>
<Loc EndOffset="3547" SrcFileId="31" StartOffset="3401"/>
</LocList>
<StmntSeq Intrnl_Id="3943">
<LocList>
<Loc EndOffset="3533" SrcFileId="31" StartOffset="3475"/>
</LocList>
<BasicStmnt CovItemId="S19" CovItemPrefix="cabra.Printer.java" Intrnl_Id="3944">
<LocList>
<Loc EndOffset="3533" SrcFileId="31" StartOffset="3475"/>
</LocList>
</BasicStmnt>
</StmntSeq>
</Branch>
<Keyword EndOffset="3215" SrcFileId="31" StartOffset="3213"/>
<LocList>
<Loc EndOffset="3547" SrcFileId="31" StartOffset="3213"/>
</LocList>
<RootTerm CovItemId="C3" CovItemPrefix="cabra.Printer.java" Intrnl_Id="3945">
<BasicBoolTerm Intrnl_Id="3946">
<LocList>
<Loc EndOffset="3268" SrcFileId="31" StartOffset="3216"/>
</LocList>
</BasicBoolTerm>
</RootTerm>
</CondStmnt>
<BasicStmnt CovItemId="S20" CovItemPrefix="cabra.Printer.java" Intrnl_Id="3947">
<LocList>
<Loc EndOffset="3643" SrcFileId="31" StartOffset="3611"/>
</LocList>
</BasicStmnt>
<BasicStmnt CovItemId="S21" CovItemPrefix="cabra.Printer.java" Intrnl_Id="3948">
<LocList>
<Loc EndOffset="3798" SrcFileId="31" StartOffset="3657"/>
</LocList>
</BasicStmnt>
<BasicStmnt CovItemId="S22" CovItemPrefix="cabra.Printer.java" Intrnl_Id="3949">
<LocList>
<Loc EndOffset="3950" SrcFileId="31" StartOffset="3811"/>
</LocList>
</BasicStmnt>
</StmntSeq>
<Keyword EndOffset="3070" SrcFileId="31" StartOffset="3067"/>
<LocList>
<Loc EndOffset="3960" SrcFileId="31" StartOffset="3067"/>
</LocList>
<RootTerm CovItemId="C2" CovItemPrefix="cabra.Printer.java" Intrnl_Id="3950">
<BasicBoolTerm Intrnl_Id="3951">
<LocList>
<Loc EndOffset="3093" SrcFileId="31" StartOffset="3079"/>
</LocList>
</BasicBoolTerm>
</RootTerm>
</LoopStmnt>
<BasicStmnt CovItemId="S23" CovItemPrefix="cabra.Printer.java" Intrnl_Id="3952">
<LocList>
<Loc EndOffset="4058" SrcFileId="31" StartOffset="4001"/>
</LocList>
</BasicStmnt>
<BasicStmnt CovItemId="S24" CovItemPrefix="cabra.Printer.java" Intrnl_Id="3953">
<LocList>
<Loc EndOffset="4190" SrcFileId="31" StartOffset="4166"/>
</LocList>
</BasicStmnt>
<BasicStmnt CovItemId="S25" CovItemPrefix="cabra.Printer.java" Intrnl_Id="3954">
<LocList>
<Loc EndOffset="4230" SrcFileId="31" StartOffset="4199"/>
</LocList>
</BasicStmnt>
<BasicStmnt CovItemId="S26" CovItemPrefix="cabra.Printer.java" Intrnl_Id="3955">
<LocList>
<Loc EndOffset="4363" SrcFileId="31" StartOffset="4313"/>
</LocList>
</BasicStmnt>
<BasicStmnt CovItemId="S27" CovItemPrefix="cabra.Printer.java" Intrnl_Id="3956">
<LocList>
<Loc EndOffset="4481" SrcFileId="31" StartOffset="4431"/>
</LocList>
</BasicStmnt>
<BasicStmnt CovItemId="S28" CovItemPrefix="cabra.Printer.java" Intrnl_Id="3957">
<LocList>
<Loc EndOffset="4553" SrcFileId="31" StartOffset="4491"/>
</LocList>
</BasicStmnt>
<BasicStmnt CovItemId="S29" CovItemPrefix="cabra.Printer.java" Intrnl_Id="3958">
<LocList>
<Loc EndOffset="4638" SrcFileId="31" StartOffset="4572"/>
</LocList>
</BasicStmnt>
<BasicStmnt CovItemId="S30" CovItemPrefix="cabra.Printer.java" Intrnl_Id="3959">
<LocList>
<Loc EndOffset="4711" SrcFileId="31" StartOffset="4647"/>
</LocList>
</BasicStmnt>
<BasicStmnt CovItemId="S31" CovItemPrefix="cabra.Printer.java" Intrnl_Id="3960">
<LocList>
<Loc EndOffset="4849" SrcFileId="31" StartOffset="4766"/>
</LocList>
</BasicStmnt>
<BasicStmnt CovItemId="S32" CovItemPrefix="cabra.Printer.java" Intrnl_Id="3961">
<LocList>
<Loc EndOffset="4925" SrcFileId="31" StartOffset="4858"/>
</LocList>
</BasicStmnt>
<BasicStmnt CovItemId="S33" CovItemPrefix="cabra.Printer.java" Intrnl_Id="3962">
<LocList>
<Loc EndOffset="4980" SrcFileId="31" StartOffset="4934"/>
</LocList>
</BasicStmnt>
<BasicStmnt CovItemId="S34" CovItemPrefix="cabra.Printer.java" Intrnl_Id="3963">
<LocList>
<Loc EndOffset="5013" SrcFileId="31" StartOffset="4989"/>
</LocList>
</BasicStmnt>
<BasicStmnt CovItemId="S35" CovItemPrefix="cabra.Printer.java" Intrnl_Id="3964">
<LocList>
<Loc EndOffset="5064" SrcFileId="31" StartOffset="5022"/>
</LocList>
</BasicStmnt>
<BasicStmnt CovItemId="S36" CovItemPrefix="cabra.Printer.java" Intrnl_Id="3965">
<LocList>
<Loc EndOffset="5097" SrcFileId="31" StartOffset="5073"/>
</LocList>
</BasicStmnt>
<BasicStmnt CovItemId="S37" CovItemPrefix="cabra.Printer.java" Intrnl_Id="3966">
<LocList>
<Loc EndOffset="5227" SrcFileId="31" StartOffset="5200"/>
<Loc EndOffset="6311" SrcFileId="31" StartOffset="6309"/>
</LocList>
</BasicStmnt>
</StmntSeq>
<HierarchyLvl HierarchyLvlId="1454" HierarchyLvlTypeId="69" Intrnl_Id="3967" Name="Runnable">
<Header>
<Loc EndOffset="5241" SrcFileId="31" StartOffset="5231"/>
</Header>
<LocList>
<Loc EndOffset="6309" SrcFileId="31" StartOffset="5227"/>
</LocList>
<HierarchyLvl HierarchyLvlId="1453" HierarchyLvlTypeId="67" Intrnl_Id="3968" Name="run">
<Header>
<Loc EndOffset="5259" SrcFileId="31" StartOffset="5242"/>
</Header>
<LocList>
<Loc EndOffset="6308" SrcFileId="31" StartOffset="5242"/>
</LocList>
<StmntSeq Intrnl_Id="3969">
<LocList>
<Loc EndOffset="5919" SrcFileId="31" StartOffset="5306"/>
<Loc EndOffset="6096" SrcFileId="31" StartOffset="5980"/>
<Loc EndOffset="6233" SrcFileId="31" StartOffset="5288"/>
<Loc EndOffset="6288" SrcFileId="31" StartOffset="6263"/>
</LocList>
<BasicStmnt CovItemId="S39" CovItemPrefix="cabra.Printer.java" Intrnl_Id="3970">
<LocList>
<Loc EndOffset="5919" SrcFileId="31" StartOffset="5306"/>
</LocList>
</BasicStmnt>
<CondStmnt CovItemId="S40" CovItemPrefix="cabra.Printer.java" Intrnl_Id="3971">
<Branch CovItemId="B8" CovItemPrefix="cabra.Printer.java" Implct="false" Intrnl_Id="3972">
<Cond/>
<LocList>
<Loc EndOffset="6032" SrcFileId="31" StartOffset="5994"/>
</LocList>
<StmntSeq Intrnl_Id="3973">
<LocList/>
</StmntSeq>
</Branch>
<Branch CovItemId="B9" CovItemPrefix="cabra.Printer.java" Implct="false" Intrnl_Id="3974">
<Cond>
<Loc EndOffset="6037" SrcFileId="31" StartOffset="6033"/>
</Cond>
<LocList>
<Loc EndOffset="6096" SrcFileId="31" StartOffset="6038"/>
</LocList>
<StmntSeq Intrnl_Id="3975">
<LocList/>
</StmntSeq>
</Branch>
<Keyword EndOffset="5982" SrcFileId="31" StartOffset="5980"/>
<LocList>
<Loc EndOffset="6096" SrcFileId="31" StartOffset="5980"/>
</LocList>
<RootTerm CovItemId="C4" CovItemPrefix="cabra.Printer.java" Intrnl_Id="3976">
<BasicBoolTerm Intrnl_Id="3977">
<LocList>
<Loc EndOffset="5992" SrcFileId="31" StartOffset="5984"/>
</LocList>
</BasicBoolTerm>
</RootTerm>
</CondStmnt>
<CondStmnt CovItemId="S38" CovItemPrefix="cabra.Printer.java" Intrnl_Id="3978">
<Branch CovItemId="B7" CovItemPrefix="cabra.Printer.java" Implct="true" Intrnl_Id="3979">
<Cond/>
<LocList/>
<StmntSeq Intrnl_Id="3980">
<LocList/>
</StmntSeq>
</Branch>
<Branch CovItemId="B10" CovItemPrefix="cabra.Printer.java" Implct="false" Intrnl_Id="3981">
<Cond>
<Loc EndOffset="6134" SrcFileId="31" StartOffset="6107"/>
</Cond>
<LocList>
<Loc EndOffset="6233" SrcFileId="31" StartOffset="6135"/>
</LocList>
<StmntSeq Intrnl_Id="3982">
<LocList>
<Loc EndOffset="6223" SrcFileId="31" StartOffset="6200"/>
</LocList>
<BasicStmnt CovItemId="S41" CovItemPrefix="cabra.Printer.java" Intrnl_Id="3983">
<LocList>
<Loc EndOffset="6223" SrcFileId="31" StartOffset="6200"/>
</LocList>
</BasicStmnt>
</StmntSeq>
</Branch>
<Keyword EndOffset="5291" SrcFileId="31" StartOffset="5288"/>
<LocList>
<Loc EndOffset="6233" SrcFileId="31" StartOffset="5288"/>
</LocList>
</CondStmnt>
<BasicStmnt CovItemId="S42" CovItemPrefix="cabra.Printer.java" Intrnl_Id="3984">
<LocList>
<Loc EndOffset="6288" SrcFileId="31" StartOffset="6263"/>
</LocList>
</BasicStmnt>
</StmntSeq>
</HierarchyLvl>
</HierarchyLvl>
</HierarchyLvl>
<HierarchyLvl HierarchyLvlId="1466" HierarchyLvlTypeId="66" Intrnl_Id="3985" Name="CardModel">
<Header>
<Loc EndOffset="6379" SrcFileId="31" StartOffset="6327"/>
</Header>
<LocList>
<Loc EndOffset="7961" SrcFileId="31" StartOffset="6327"/>
</LocList>
<HierarchyLvl HierarchyLvlId="1456" HierarchyLvlTypeId="67" Intrnl_Id="3986" Name="CardModel">
<Header>
<Loc EndOffset="6489" SrcFileId="31" StartOffset="6456"/>
</Header>
<LocList>
<Loc EndOffset="6530" SrcFileId="31" StartOffset="6456"/>
</LocList>
<StmntSeq Intrnl_Id="3987">
<LocList>
<Loc EndOffset="6520" SrcFileId="31" StartOffset="6503"/>
</LocList>
<BasicStmnt CovItemId="S43" CovItemPrefix="cabra.Printer.java" Intrnl_Id="3988">
<LocList>
<Loc EndOffset="6520" SrcFileId="31" StartOffset="6503"/>
</LocList>
</BasicStmnt>
</StmntSeq>
</HierarchyLvl>
<HierarchyLvl HierarchyLvlId="1457" HierarchyLvlTypeId="67" Intrnl_Id="3989" Name="setValueAt">
<Header>
<Loc EndOffset="6608" SrcFileId="31" StartOffset="6540"/>
</Header>
<LocList>
<Loc EndOffset="6611" SrcFileId="31" StartOffset="6540"/>
</LocList>
</HierarchyLvl>
<HierarchyLvl HierarchyLvlId="1458" HierarchyLvlTypeId="67" Intrnl_Id="3990" Name="addTableModelListener">
<Header>
<Loc EndOffset="6693" SrcFileId="31" StartOffset="6620"/>
</Header>
<LocList>
<Loc EndOffset="6696" SrcFileId="31" StartOffset="6620"/>
</LocList>
</HierarchyLvl>
<HierarchyLvl HierarchyLvlId="1459" HierarchyLvlTypeId="67" Intrnl_Id="3991" Name="removeTableModelListener">
<Header>
<Loc EndOffset="6781" SrcFileId="31" StartOffset="6705"/>
</Header>
<LocList>
<Loc EndOffset="6784" SrcFileId="31" StartOffset="6705"/>
</LocList>
</HierarchyLvl>
<HierarchyLvl HierarchyLvlId="1460" HierarchyLvlTypeId="67" Intrnl_Id="3992" Name="isCellEditable">
<Header>
<Loc EndOffset="6854" SrcFileId="31" StartOffset="6794"/>
</Header>
<LocList>
<Loc EndOffset="6892" SrcFileId="31" StartOffset="6794"/>
</LocList>
<StmntSeq Intrnl_Id="3993">
<LocList>
<Loc EndOffset="6882" SrcFileId="31" StartOffset="6869"/>
</LocList>
<BasicStmnt CovItemId="S44" CovItemPrefix="cabra.Printer.java" Intrnl_Id="3994">
<LocList>
<Loc EndOffset="6882" SrcFileId="31" StartOffset="6869"/>
</LocList>
</BasicStmnt>
</StmntSeq>
</HierarchyLvl>
<HierarchyLvl HierarchyLvlId="1461" HierarchyLvlTypeId="67" Intrnl_Id="3995" Name="getColumnClass">
<Header>
<Loc EndOffset="6941" SrcFileId="31" StartOffset="6902"/>
</Header>
<LocList>
<Loc EndOffset="7207" SrcFileId="31" StartOffset="6902"/>
</LocList>
<StmntSeq Intrnl_Id="3996">
<LocList>
<Loc EndOffset="7140" SrcFileId="31" StartOffset="6956"/>
<Loc EndOffset="7197" SrcFileId="31" StartOffset="7154"/>
</LocList>
<CondStmnt CovItemId="S45" CovItemPrefix="cabra.Printer.java" Intrnl_Id="3997">
<Branch CovItemId="B11" CovItemPrefix="cabra.Printer.java" Implct="false" Intrnl_Id="3998">
<Cond>
<Loc EndOffset="6992" SrcFileId="31" StartOffset="6986"/>
</Cond>
<LocList>
<Loc EndOffset="7037" SrcFileId="31" StartOffset="7014"/>
</LocList>
<StmntSeq Intrnl_Id="3999">
<LocList>
<Loc EndOffset="7037" SrcFileId="31" StartOffset="7014"/>
</LocList>
<BasicStmnt CovItemId="S46" CovItemPrefix="cabra.Printer.java" Intrnl_Id="4000">
<LocList>
<Loc EndOffset="7037" SrcFileId="31" StartOffset="7014"/>
</LocList>
</BasicStmnt>
</StmntSeq>
</Branch>
<Branch CovItemId="B12" CovItemPrefix="cabra.Printer.java" Implct="false" Intrnl_Id="4001">
<Cond>
<Loc EndOffset="7060" SrcFileId="31" StartOffset="7054"/>
</Cond>
<LocList/>
<StmntSeq Intrnl_Id="4002">
<LocList/>
</StmntSeq>
</Branch>
<Branch CovItemId="B13" CovItemPrefix="cabra.Printer.java" Implct="false" Intrnl_Id="4003">
<Cond>
<Loc EndOffset="7084" SrcFileId="31" StartOffset="7078"/>
</Cond>
<LocList>
<Loc EndOffset="7126" SrcFileId="31" StartOffset="7106"/>
</LocList>
<StmntSeq Intrnl_Id="4004">
<LocList>
<Loc EndOffset="7126" SrcFileId="31" StartOffset="7106"/>
</LocList>
<BasicStmnt CovItemId="S47" CovItemPrefix="cabra.Printer.java" Intrnl_Id="4005">
<LocList>
<Loc EndOffset="7126" SrcFileId="31" StartOffset="7106"/>
</LocList>
</BasicStmnt>
</StmntSeq>
</Branch>
<Branch CovItemId="B14" CovItemPrefix="cabra.Printer.java" Implct="true" Intrnl_Id="4006">
<Cond/>
<LocList/>
<StmntSeq Intrnl_Id="4007">
<LocList/>
</StmntSeq>
</Branch>
<Keyword EndOffset="6962" SrcFileId="31" StartOffset="6956"/>
<LocList>
<Loc EndOffset="7140" SrcFileId="31" StartOffset="6956"/>
</LocList>
</CondStmnt>
<BasicStmnt CovItemId="S48" CovItemPrefix="cabra.Printer.java" Intrnl_Id="4008">
<LocList>
<Loc EndOffset="7197" SrcFileId="31" StartOffset="7154"/>
</LocList>
</BasicStmnt>
</StmntSeq>
</HierarchyLvl>
<HierarchyLvl HierarchyLvlId="1462" HierarchyLvlTypeId="67" Intrnl_Id="4009" Name="getRowCount">
<Header>
<Loc EndOffset="7249" SrcFileId="31" StartOffset="7225"/>
</Header>
<LocList>
<Loc EndOffset="7293" SrcFileId="31" StartOffset="7225"/>
</LocList>
<StmntSeq Intrnl_Id="4010">
<LocList>
<Loc EndOffset="7283" SrcFileId="31" StartOffset="7264"/>
</LocList>
<BasicStmnt CovItemId="S49" CovItemPrefix="cabra.Printer.java" Intrnl_Id="4011">
<LocList>
<Loc EndOffset="7283" SrcFileId="31" StartOffset="7264"/>
</LocList>
</BasicStmnt>
</StmntSeq>
</HierarchyLvl>
<HierarchyLvl HierarchyLvlId="1463" HierarchyLvlTypeId="67" Intrnl_Id="4012" Name="getColumnCount">
<Header>
<Loc EndOffset="7338" SrcFileId="31" StartOffset="7311"/>
</Header>
<LocList>
<Loc EndOffset="7372" SrcFileId="31" StartOffset="7311"/>
</LocList>
<StmntSeq Intrnl_Id="4013">
<LocList>
<Loc EndOffset="7362" SrcFileId="31" StartOffset="7353"/>
</LocList>
<BasicStmnt CovItemId="S50" CovItemPrefix="cabra.Printer.java" Intrnl_Id="4014">
<LocList>
<Loc EndOffset="7362" SrcFileId="31" StartOffset="7353"/>
</LocList>
</BasicStmnt>
</StmntSeq>
</HierarchyLvl>
<HierarchyLvl HierarchyLvlId="1464" HierarchyLvlTypeId="67" Intrnl_Id="4015" Name="getColumnName">
<Header>
<Loc EndOffset="7426" SrcFileId="31" StartOffset="7390"/>
</Header>
<LocList>
<Loc EndOffset="7671" SrcFileId="31" StartOffset="7390"/>
</LocList>
<StmntSeq Intrnl_Id="4016">
<LocList>
<Loc EndOffset="7592" SrcFileId="31" StartOffset="7441"/>
<Loc EndOffset="7661" SrcFileId="31" StartOffset="7618"/>
</LocList>
<CondStmnt CovItemId="S51" CovItemPrefix="cabra.Printer.java" Intrnl_Id="4017">
<Branch CovItemId="B15" CovItemPrefix="cabra.Printer.java" Implct="false" Intrnl_Id="4018">
<Cond>
<Loc EndOffset="7477" SrcFileId="31" StartOffset="7471"/>
</Cond>
<LocList>
<Loc EndOffset="7494" SrcFileId="31" StartOffset="7479"/>
</LocList>
<StmntSeq Intrnl_Id="4019">
<LocList>
<Loc EndOffset="7494" SrcFileId="31" StartOffset="7479"/>
</LocList>
<BasicStmnt CovItemId="S52" CovItemPrefix="cabra.Printer.java" Intrnl_Id="4020">
<LocList>
<Loc EndOffset="7494" SrcFileId="31" StartOffset="7479"/>
</LocList>
</BasicStmnt>
</StmntSeq>
</Branch>
<Branch CovItemId="B16" CovItemPrefix="cabra.Printer.java" Implct="false" Intrnl_Id="4021">
<Cond>
<Loc EndOffset="7517" SrcFileId="31" StartOffset="7511"/>
</Cond>
<LocList>
<Loc EndOffset="7537" SrcFileId="31" StartOffset="7519"/>
</LocList>
<StmntSeq Intrnl_Id="4022">
<LocList>
<Loc EndOffset="7537" SrcFileId="31" StartOffset="7519"/>
</LocList>
<BasicStmnt CovItemId="S53" CovItemPrefix="cabra.Printer.java" Intrnl_Id="4023">
<LocList>
<Loc EndOffset="7537" SrcFileId="31" StartOffset="7519"/>
</LocList>
</BasicStmnt>
</StmntSeq>
</Branch>
<Branch CovItemId="B17" CovItemPrefix="cabra.Printer.java" Implct="false" Intrnl_Id="4024">
<Cond>
<Loc EndOffset="7560" SrcFileId="31" StartOffset="7554"/>
</Cond>
<LocList>
<Loc EndOffset="7578" SrcFileId="31" StartOffset="7562"/>
</LocList>
<StmntSeq Intrnl_Id="4025">
<LocList>
<Loc EndOffset="7578" SrcFileId="31" StartOffset="7562"/>
</LocList>
<BasicStmnt CovItemId="S54" CovItemPrefix="cabra.Printer.java" Intrnl_Id="4026">
<LocList>
<Loc EndOffset="7578" SrcFileId="31" StartOffset="7562"/>
</LocList>
</BasicStmnt>
</StmntSeq>
</Branch>
<Branch CovItemId="B18" CovItemPrefix="cabra.Printer.java" Implct="true" Intrnl_Id="4027">
<Cond/>
<LocList/>
<StmntSeq Intrnl_Id="4028">
<LocList/>
</StmntSeq>
</Branch>
<Keyword EndOffset="7447" SrcFileId="31" StartOffset="7441"/>
<LocList>
<Loc EndOffset="7592" SrcFileId="31" StartOffset="7441"/>
</LocList>
</CondStmnt>
<BasicStmnt CovItemId="S55" CovItemPrefix="cabra.Printer.java" Intrnl_Id="4029">
<LocList>
<Loc EndOffset="7661" SrcFileId="31" StartOffset="7618"/>
</LocList>
</BasicStmnt>
</StmntSeq>
</HierarchyLvl>
<HierarchyLvl HierarchyLvlId="1465" HierarchyLvlTypeId="67" Intrnl_Id="4030" Name="getValueAt">
<Header>
<Loc EndOffset="7731" SrcFileId="31" StartOffset="7689"/>
</Header>
<LocList>
<Loc EndOffset="7955" SrcFileId="31" StartOffset="7689"/>
</LocList>
<StmntSeq Intrnl_Id="4031">
<LocList>
<Loc EndOffset="7888" SrcFileId="31" StartOffset="7746"/>
<Loc EndOffset="7945" SrcFileId="31" StartOffset="7902"/>
</LocList>
<CondStmnt CovItemId="S56" CovItemPrefix="cabra.Printer.java" Intrnl_Id="4032">
<Branch CovItemId="B19" CovItemPrefix="cabra.Printer.java" Implct="false" Intrnl_Id="4033">
<Cond>
<Loc EndOffset="7782" SrcFileId="31" StartOffset="7776"/>
</Cond>
<LocList/>
<StmntSeq Intrnl_Id="4034">
<LocList/>
</StmntSeq>
</Branch>
<Branch CovItemId="B20" CovItemPrefix="cabra.Printer.java" Implct="false" Intrnl_Id="4035">
<Cond>
<Loc EndOffset="7806" SrcFileId="31" StartOffset="7800"/>
</Cond>
<LocList/>
<StmntSeq Intrnl_Id="4036">
<LocList/>
</StmntSeq>
</Branch>
<Branch CovItemId="B21" CovItemPrefix="cabra.Printer.java" Implct="false" Intrnl_Id="4037">
<Cond>
<Loc EndOffset="7830" SrcFileId="31" StartOffset="7824"/>
</Cond>
<LocList>
<Loc EndOffset="7874" SrcFileId="31" StartOffset="7852"/>
</LocList>
<StmntSeq Intrnl_Id="4038">
<LocList>
<Loc EndOffset="7874" SrcFileId="31" StartOffset="7852"/>
</LocList>
<BasicStmnt CovItemId="S57" CovItemPrefix="cabra.Printer.java" Intrnl_Id="4039">
<LocList>
<Loc EndOffset="7874" SrcFileId="31" StartOffset="7852"/>
</LocList>
</BasicStmnt>
</StmntSeq>
</Branch>
<Branch CovItemId="B22" CovItemPrefix="cabra.Printer.java" Implct="true" Intrnl_Id="4040">
<Cond/>
<LocList/>
<StmntSeq Intrnl_Id="4041">
<LocList/>
</StmntSeq>
</Branch>
<Keyword EndOffset="7752" SrcFileId="31" StartOffset="7746"/>
<LocList>
<Loc EndOffset="7888" SrcFileId="31" StartOffset="7746"/>
</LocList>
</CondStmnt>
<BasicStmnt CovItemId="S58" CovItemPrefix="cabra.Printer.java" Intrnl_Id="4042">
<LocList>
<Loc EndOffset="7945" SrcFileId="31" StartOffset="7902"/>
</LocList>
</BasicStmnt>
</StmntSeq>
</HierarchyLvl>
</HierarchyLvl>
<HierarchyLvl HierarchyLvlId="1468" HierarchyLvlTypeId="66" Intrnl_Id="4043" Name="ImageRenderer">
<Header>
<Loc EndOffset="8110" SrcFileId="31" StartOffset="8043"/>
</Header>
<LocList>
<Loc EndOffset="9410" SrcFileId="31" StartOffset="8043"/>
</LocList>
<HierarchyLvl HierarchyLvlId="1467" HierarchyLvlTypeId="67" Intrnl_Id="4044" Name="getTableCellRendererComponent">
<Header>
<Loc EndOffset="8553" SrcFileId="31" StartOffset="8125"/>
</Header>
<LocList>
<Loc EndOffset="9404" SrcFileId="31" StartOffset="8125"/>
</LocList>
<StmntSeq Intrnl_Id="4045">
<LocList>
<Loc EndOffset="8702" SrcFileId="31" StartOffset="8569"/>
<Loc EndOffset="9295" SrcFileId="31" StartOffset="8728"/>
<Loc EndOffset="9356" SrcFileId="31" StartOffset="9344"/>
<Loc EndOffset="9394" SrcFileId="31" StartOffset="9382"/>
</LocList>
<BasicStmnt CovItemId="S59" CovItemPrefix="cabra.Printer.java" Intrnl_Id="4046">
<LocList>
<Loc EndOffset="8702" SrcFileId="31" StartOffset="8569"/>
</LocList>
</BasicStmnt>
<CondStmnt CovItemId="S60" CovItemPrefix="cabra.Printer.java" Intrnl_Id="4047">
<Branch CovItemId="B23" CovItemPrefix="cabra.Printer.java" Implct="false" Intrnl_Id="4048">
<Cond/>
<LocList>
<Loc EndOffset="9205" SrcFileId="31" StartOffset="8761"/>
</LocList>
<StmntSeq Intrnl_Id="4049">
<LocList>
<Loc EndOffset="8882" SrcFileId="31" StartOffset="8836"/>
<Loc EndOffset="9048" SrcFileId="31" StartOffset="8975"/>
<Loc EndOffset="9152" SrcFileId="31" StartOffset="9065"/>
<Loc EndOffset="9191" SrcFileId="31" StartOffset="9170"/>
</LocList>
<BasicStmnt CovItemId="S61" CovItemPrefix="cabra.Printer.java" Intrnl_Id="4050">
<LocList>
<Loc EndOffset="8882" SrcFileId="31" StartOffset="8836"/>
</LocList>
</BasicStmnt>
<BasicStmnt CovItemId="S62" CovItemPrefix="cabra.Printer.java" Intrnl_Id="4051">
<LocList>
<Loc EndOffset="9048" SrcFileId="31" StartOffset="8975"/>
</LocList>
</BasicStmnt>
<BasicStmnt CovItemId="S63" CovItemPrefix="cabra.Printer.java" Intrnl_Id="4052">
<LocList>
<Loc EndOffset="9152" SrcFileId="31" StartOffset="9065"/>
</LocList>
</BasicStmnt>
<BasicStmnt CovItemId="S64" CovItemPrefix="cabra.Printer.java" Intrnl_Id="4053">
<LocList>
<Loc EndOffset="9191" SrcFileId="31" StartOffset="9170"/>
</LocList>
</BasicStmnt>
</StmntSeq>
</Branch>
<Branch CovItemId="B24" CovItemPrefix="cabra.Printer.java" Implct="false" Intrnl_Id="4054">
<Cond>
<Loc EndOffset="9222" SrcFileId="31" StartOffset="9218"/>
</Cond>
<LocList>
<Loc EndOffset="9295" SrcFileId="31" StartOffset="9222"/>
</LocList>
<StmntSeq Intrnl_Id="4055">
<LocList>
<Loc EndOffset="9281" SrcFileId="31" StartOffset="9267"/>
</LocList>
<BasicStmnt CovItemId="S65" CovItemPrefix="cabra.Printer.java" Intrnl_Id="4056">
<LocList>
<Loc EndOffset="9281" SrcFileId="31" StartOffset="9267"/>
</LocList>
</BasicStmnt>
</StmntSeq>
</Branch>
<Keyword EndOffset="8730" SrcFileId="31" StartOffset="8728"/>
<LocList>
<Loc EndOffset="9295" SrcFileId="31" StartOffset="8728"/>
</LocList>
<RootTerm CovItemId="C5" CovItemPrefix="cabra.Printer.java" Intrnl_Id="4057">
<BasicBoolTerm Intrnl_Id="4058">
<LocList>
<Loc EndOffset="8760" SrcFileId="31" StartOffset="8731"/>
</LocList>
</BasicBoolTerm>
</RootTerm>
</CondStmnt>
<BasicStmnt CovItemId="S66" CovItemPrefix="cabra.Printer.java" Intrnl_Id="4059">
<LocList>
<Loc EndOffset="9356" SrcFileId="31" StartOffset="9344"/>
</LocList>
</BasicStmnt>
<BasicStmnt CovItemId="S67" CovItemPrefix="cabra.Printer.java" Intrnl_Id="4060">
<LocList>
<Loc EndOffset="9394" SrcFileId="31" StartOffset="9382"/>
</LocList>
</BasicStmnt>
</StmntSeq>
</HierarchyLvl>
</HierarchyLvl>
<HierarchyLvl HierarchyLvlId="1470" HierarchyLvlTypeId="66" Intrnl_Id="4061" Name="CenterRenderer">
<Header>
<Loc EndOffset="9553" SrcFileId="31" StartOffset="9485"/>
</Header>
<LocList>
<Loc EndOffset="10452" SrcFileId="31" StartOffset="9485"/>
</LocList>
<HierarchyLvl HierarchyLvlId="1469" HierarchyLvlTypeId="67" Intrnl_Id="4062" Name="getTableCellRendererComponent">
<Header>
<Loc EndOffset="9996" SrcFileId="31" StartOffset="9568"/>
</Header>
<LocList>
<Loc EndOffset="10446" SrcFileId="31" StartOffset="9568"/>
</LocList>
<StmntSeq Intrnl_Id="4063">
<LocList>
<Loc EndOffset="10145" SrcFileId="31" StartOffset="10012"/>
<Loc EndOffset="10398" SrcFileId="31" StartOffset="10354"/>
<Loc EndOffset="10436" SrcFileId="31" StartOffset="10424"/>
</LocList>
<BasicStmnt CovItemId="S68" CovItemPrefix="cabra.Printer.java" Intrnl_Id="4064">
<LocList>
<Loc EndOffset="10145" SrcFileId="31" StartOffset="10012"/>
</LocList>
</BasicStmnt>
<BasicStmnt CovItemId="S69" CovItemPrefix="cabra.Printer.java" Intrnl_Id="4065">
<LocList>
<Loc EndOffset="10398" SrcFileId="31" StartOffset="10354"/>
</LocList>
</BasicStmnt>
<BasicStmnt CovItemId="S70" CovItemPrefix="cabra.Printer.java" Intrnl_Id="4066">
<LocList>
<Loc EndOffset="10436" SrcFileId="31" StartOffset="10424"/>
</LocList>
</BasicStmnt>
</StmntSeq>
</HierarchyLvl>
</HierarchyLvl>
</HierarchyLvl>
<HierarchyLvl HierarchyLvlId="1483" HierarchyLvlTypeId="66" Intrnl_Id="4067" Name="PointPanel">
<Header>
<Loc EndOffset="482" SrcFileId="32" StartOffset="444"/>
</Header>
<LocList>
<Loc EndOffset="5308" SrcFileId="32" StartOffset="444"/>
<Loc EndOffset="5809" SrcFileId="32" StartOffset="5645"/>
</LocList>
<StmntSeq Intrnl_Id="4068">
<LocList>
<Loc EndOffset="736" SrcFileId="32" StartOffset="693"/>
<Loc EndOffset="785" SrcFileId="32" StartOffset="741"/>
</LocList>
<BasicStmnt CovItemId="S1" CovItemPrefix="cabra.PointPanel.java" Intrnl_Id="4069">
<LocList>
<Loc EndOffset="736" SrcFileId="32" StartOffset="693"/>
</LocList>
</BasicStmnt>
<BasicStmnt CovItemId="S2" CovItemPrefix="cabra.PointPanel.java" Intrnl_Id="4070">
<LocList>
<Loc EndOffset="785" SrcFileId="32" StartOffset="741"/>
</LocList>
</BasicStmnt>
</StmntSeq>
<HierarchyLvl HierarchyLvlId="1474" HierarchyLvlTypeId="67" Intrnl_Id="4071" Name="PointPanel">
<Header>
<Loc EndOffset="867" SrcFileId="32" StartOffset="795"/>
</Header>
<LocList>
<Loc EndOffset="2402" SrcFileId="32" StartOffset="795"/>
</LocList>
<StmntSeq Intrnl_Id="4072">
<LocList>
<Loc EndOffset="900" SrcFileId="32" StartOffset="877"/>
<Loc EndOffset="924" SrcFileId="32" StartOffset="909"/>
<Loc EndOffset="962" SrcFileId="32" StartOffset="933"/>
<Loc EndOffset="1166" SrcFileId="32" StartOffset="1070"/>
<Loc EndOffset="1305" SrcFileId="32" StartOffset="1235"/>
<Loc EndOffset="1383" SrcFileId="32" StartOffset="1367"/>
<Loc EndOffset="1469" SrcFileId="32" StartOffset="1407"/>
<Loc EndOffset="1532" SrcFileId="32" StartOffset="1478"/>
<Loc EndOffset="1711" SrcFileId="32" StartOffset="1601"/>
<Loc EndOffset="1756" SrcFileId="32" StartOffset="1720"/>
<Loc EndOffset="2281" SrcFileId="32" StartOffset="2279"/>
<Loc EndOffset="2313" SrcFileId="32" StartOffset="2290"/>
<Loc EndOffset="2360" SrcFileId="32" StartOffset="2331"/>
</LocList>
<BasicStmnt CovItemId="S3" CovItemPrefix="cabra.PointPanel.java" Intrnl_Id="4073">
<LocList>
<Loc EndOffset="900" SrcFileId="32" StartOffset="877"/>
</LocList>
</BasicStmnt>
<BasicStmnt CovItemId="S4" CovItemPrefix="cabra.PointPanel.java" Intrnl_Id="4074">
<LocList>
<Loc EndOffset="924" SrcFileId="32" StartOffset="909"/>
</LocList>
</BasicStmnt>
<BasicStmnt CovItemId="S5" CovItemPrefix="cabra.PointPanel.java" Intrnl_Id="4075">
<LocList>
<Loc EndOffset="962" SrcFileId="32" StartOffset="933"/>
</LocList>
</BasicStmnt>
<BasicStmnt CovItemId="S6" CovItemPrefix="cabra.PointPanel.java" Intrnl_Id="4076">
<LocList>
<Loc EndOffset="1166" SrcFileId="32" StartOffset="1070"/>
</LocList>
</BasicStmnt>
<BasicStmnt CovItemId="S7" CovItemPrefix="cabra.PointPanel.java" Intrnl_Id="4077">
<LocList>
<Loc EndOffset="1305" SrcFileId="32" StartOffset="1235"/>
</LocList>
</BasicStmnt>
<BasicStmnt CovItemId="S8" CovItemPrefix="cabra.PointPanel.java" Intrnl_Id="4078">
<LocList>
<Loc EndOffset="1383" SrcFileId="32" StartOffset="1367"/>
</LocList>
</BasicStmnt>
<BasicStmnt CovItemId="S9" CovItemPrefix="cabra.PointPanel.java" Intrnl_Id="4079">
<LocList>
<Loc EndOffset="1469" SrcFileId="32" StartOffset="1407"/>
</LocList>
</BasicStmnt>
<BasicStmnt CovItemId="S10" CovItemPrefix="cabra.PointPanel.java" Intrnl_Id="4080">
<LocList>
<Loc EndOffset="1532" SrcFileId="32" StartOffset="1478"/>
</LocList>
</BasicStmnt>
<BasicStmnt CovItemId="S11" CovItemPrefix="cabra.PointPanel.java" Intrnl_Id="4081">
<LocList>
<Loc EndOffset="1711" SrcFileId="32" StartOffset="1601"/>
</LocList>
</BasicStmnt>
<BasicStmnt CovItemId="S12" CovItemPrefix="cabra.PointPanel.java" Intrnl_Id="4082">
<LocList>
<Loc EndOffset="1756" SrcFileId="32" StartOffset="1720"/>
<Loc EndOffset="2281" SrcFileId="32" StartOffset="2279"/>
</LocList>
</BasicStmnt>
<BasicStmnt CovItemId="S19" CovItemPrefix="cabra.PointPanel.java" Intrnl_Id="4083">
<LocList>
<Loc EndOffset="2313" SrcFileId="32" StartOffset="2290"/>
</LocList>
</BasicStmnt>
<BasicStmnt CovItemId="S20" CovItemPrefix="cabra.PointPanel.java" Intrnl_Id="4084">
<LocList>
<Loc EndOffset="2360" SrcFileId="32" StartOffset="2331"/>
</LocList>
</BasicStmnt>
</StmntSeq>
<HierarchyLvl HierarchyLvlId="1473" HierarchyLvlTypeId="69" Intrnl_Id="4085" Name="ActionListener">
<Header>
<Loc EndOffset="1776" SrcFileId="32" StartOffset="1760"/>
</Header>
<LocList>
<Loc EndOffset="2279" SrcFileId="32" StartOffset="1756"/>
</LocList>
<HierarchyLvl HierarchyLvlId="1472" HierarchyLvlTypeId="67" Intrnl_Id="4086" Name="actionPerformed">
<Header>
<Loc EndOffset="1832" SrcFileId="32" StartOffset="1790"/>
</Header>
<LocList>
<Loc EndOffset="2269" SrcFileId="32" StartOffset="1790"/>
</LocList>
<StmntSeq Intrnl_Id="4087">
<LocList>
<Loc EndOffset="1879" SrcFileId="32" StartOffset="1851"/>
<Loc EndOffset="1962" SrcFileId="32" StartOffset="1896"/>
<Loc EndOffset="2048" SrcFileId="32" StartOffset="1979"/>
<Loc EndOffset="2086" SrcFileId="32" StartOffset="2065"/>
<Loc EndOffset="2214" SrcFileId="32" StartOffset="2103"/>
<Loc EndOffset="2255" SrcFileId="32" StartOffset="2231"/>
</LocList>
<BasicStmnt CovItemId="S13" CovItemPrefix="cabra.PointPanel.java" Intrnl_Id="4088">
<LocList>
<Loc EndOffset="1879" SrcFileId="32" StartOffset="1851"/>
</LocList>
</BasicStmnt>
<BasicStmnt CovItemId="S14" CovItemPrefix="cabra.PointPanel.java" Intrnl_Id="4089">
<LocList>
<Loc EndOffset="1962" SrcFileId="32" StartOffset="1896"/>
</LocList>
</BasicStmnt>
<BasicStmnt CovItemId="S15" CovItemPrefix="cabra.PointPanel.java" Intrnl_Id="4090">
<LocList>
<Loc EndOffset="2048" SrcFileId="32" StartOffset="1979"/>
</LocList>
</BasicStmnt>
<BasicStmnt CovItemId="S16" CovItemPrefix="cabra.PointPanel.java" Intrnl_Id="4091">
<LocList>
<Loc EndOffset="2086" SrcFileId="32" StartOffset="2065"/>
</LocList>
</BasicStmnt>
<BasicStmnt CovItemId="S17" CovItemPrefix="cabra.PointPanel.java" Intrnl_Id="4092">
<LocList>
<Loc EndOffset="2214" SrcFileId="32" StartOffset="2103"/>
</LocList>
</BasicStmnt>
<BasicStmnt CovItemId="S18" CovItemPrefix="cabra.PointPanel.java" Intrnl_Id="4093">
<LocList>
<Loc EndOffset="2255" SrcFileId="32" StartOffset="2231"/>
</LocList>
</BasicStmnt>
</StmntSeq>
</HierarchyLvl>
</HierarchyLvl>
</HierarchyLvl>
<HierarchyLvl HierarchyLvlId="1475" HierarchyLvlTypeId="67" Intrnl_Id="4094" Name="refresh">
<Header>
<Loc EndOffset="2491" SrcFileId="32" StartOffset="2470"/>
</Header>
<LocList>
<Loc EndOffset="2768" SrcFileId="32" StartOffset="2470"/>
</LocList>
</HierarchyLvl>
<HierarchyLvl HierarchyLvlId="1478" HierarchyLvlTypeId="67" Intrnl_Id="4095" Name="createAchievementTable">
<Header>
<Loc EndOffset="2931" SrcFileId="32" StartOffset="2892"/>
</Header>
<LocList>
<Loc EndOffset="4708" SrcFileId="32" StartOffset="2892"/>
</LocList>
<StmntSeq Intrnl_Id="4096">
<LocList>
<Loc EndOffset="3081" SrcFileId="32" StartOffset="2972"/>
<Loc EndOffset="3215" SrcFileId="32" StartOffset="3152"/>
<Loc EndOffset="3307" SrcFileId="32" StartOffset="3285"/>
<Loc EndOffset="3387" SrcFileId="32" StartOffset="3316"/>
<Loc EndOffset="3460" SrcFileId="32" StartOffset="3396"/>
<Loc EndOffset="3653" SrcFileId="32" StartOffset="3469"/>
<Loc EndOffset="3679" SrcFileId="32" StartOffset="3671"/>
<Loc EndOffset="3893" SrcFileId="32" StartOffset="3892"/>
<Loc EndOffset="3975" SrcFileId="32" StartOffset="3902"/>
<Loc EndOffset="4074" SrcFileId="32" StartOffset="4030"/>
<Loc EndOffset="4538" SrcFileId="32" StartOffset="4083"/>
<Loc EndOffset="4579" SrcFileId="32" StartOffset="4556"/>
<Loc EndOffset="4636" SrcFileId="32" StartOffset="4588"/>
<Loc EndOffset="4680" SrcFileId="32" StartOffset="4645"/>
<Loc EndOffset="4702" SrcFileId="32" StartOffset="4689"/>
</LocList>
<BasicStmnt CovItemId="S21" CovItemPrefix="cabra.PointPanel.java" Intrnl_Id="4097">
<LocList>
<Loc EndOffset="3081" SrcFileId="32" StartOffset="2972"/>
</LocList>
</BasicStmnt>
<BasicStmnt CovItemId="S22" CovItemPrefix="cabra.PointPanel.java" Intrnl_Id="4098">
<LocList>
<Loc EndOffset="3215" SrcFileId="32" StartOffset="3152"/>
</LocList>
</BasicStmnt>
<BasicStmnt CovItemId="S23" CovItemPrefix="cabra.PointPanel.java" Intrnl_Id="4099">
<LocList>
<Loc EndOffset="3307" SrcFileId="32" StartOffset="3285"/>
</LocList>
</BasicStmnt>
<LoopStmnt CovItemId="S24" CovItemPrefix="cabra.PointPanel.java" Intrnl_Id="4100" MltplExecId="L1-2" MltplExecPrefix="cabra.PointPanel.java" NvrExecId="L1-0" NvrExecPrefix="cabra.PointPanel.java" OnceExecutedId="L1-1" OnceExecutedPrefix="cabra.PointPanel.java" OptBodyExec="true">
<StmntSeq Intrnl_Id="4101">
<LocList>
<Loc EndOffset="3377" SrcFileId="32" StartOffset="3361"/>
</LocList>
<BasicStmnt CovItemId="S25" CovItemPrefix="cabra.PointPanel.java" Intrnl_Id="4102">
<LocList>
<Loc EndOffset="3377" SrcFileId="32" StartOffset="3361"/>
</LocList>
</BasicStmnt>
</StmntSeq>
<Keyword EndOffset="3319" SrcFileId="32" StartOffset="3316"/>
<LocList>
<Loc EndOffset="3387" SrcFileId="32" StartOffset="3316"/>
</LocList>
</LoopStmnt>
<BasicStmnt CovItemId="S26" CovItemPrefix="cabra.PointPanel.java" Intrnl_Id="4103">
<LocList>
<Loc EndOffset="3460" SrcFileId="32" StartOffset="3396"/>
</LocList>
</BasicStmnt>
<LoopStmnt CovItemId="S27" CovItemPrefix="cabra.PointPanel.java" Intrnl_Id="4104" MltplExecId="L2-2" MltplExecPrefix="cabra.PointPanel.java" NvrExecId="L2-0" NvrExecPrefix="cabra.PointPanel.java" OnceExecutedId="L2-1" OnceExecutedPrefix="cabra.PointPanel.java" OptBodyExec="true">
<StmntSeq Intrnl_Id="4105">
<LocList>
<Loc EndOffset="3643" SrcFileId="32" StartOffset="3600"/>
</LocList>
<BasicStmnt CovItemId="S28" CovItemPrefix="cabra.PointPanel.java" Intrnl_Id="4106">
<LocList>
<Loc EndOffset="3643" SrcFileId="32" StartOffset="3600"/>
</LocList>
</BasicStmnt>
</StmntSeq>
<Keyword EndOffset="3472" SrcFileId="32" StartOffset="3469"/>
<LocList>
<Loc EndOffset="3653" SrcFileId="32" StartOffset="3469"/>
</LocList>
<RootTerm CovItemId="C1" CovItemPrefix="cabra.PointPanel.java" Intrnl_Id="4107">
<BasicBoolTerm Intrnl_Id="4108">
<LocList>
<Loc EndOffset="3497" SrcFileId="32" StartOffset="3482"/>
</LocList>
</BasicBoolTerm>
</RootTerm>
</LoopStmnt>
<BasicStmnt CovItemId="S29" CovItemPrefix="cabra.PointPanel.java" Intrnl_Id="4109">
<LocList>
<Loc EndOffset="3679" SrcFileId="32" StartOffset="3671"/>
<Loc EndOffset="3893" SrcFileId="32" StartOffset="3892"/>
</LocList>
</BasicStmnt>
<BasicStmnt CovItemId="S31" CovItemPrefix="cabra.PointPanel.java" Intrnl_Id="4110">
<LocList>
<Loc EndOffset="3975" SrcFileId="32" StartOffset="3902"/>
</LocList>
</BasicStmnt>
<BasicStmnt CovItemId="S32" CovItemPrefix="cabra.PointPanel.java" Intrnl_Id="4111">
<LocList>
<Loc EndOffset="4074" SrcFileId="32" StartOffset="4030"/>
</LocList>
</BasicStmnt>
<LoopStmnt CovItemId="S33" CovItemPrefix="cabra.PointPanel.java" Intrnl_Id="4112" MltplExecId="L3-2" MltplExecPrefix="cabra.PointPanel.java" NvrExecId="L3-0" NvrExecPrefix="cabra.PointPanel.java" OnceExecutedId="L3-1" OnceExecutedPrefix="cabra.PointPanel.java" OptBodyExec="true">
<StmntSeq Intrnl_Id="4113">
<LocList>
<Loc EndOffset="4187" SrcFileId="32" StartOffset="4142"/>
<Loc EndOffset="4528" SrcFileId="32" StartOffset="4200"/>
</LocList>
<BasicStmnt CovItemId="S34" CovItemPrefix="cabra.PointPanel.java" Intrnl_Id="4114">
<LocList>
<Loc EndOffset="4187" SrcFileId="32" StartOffset="4142"/>
</LocList>
</BasicStmnt>
<CondStmnt CovItemId="S35" CovItemPrefix="cabra.PointPanel.java" Intrnl_Id="4115">
<Branch CovItemId="B1" CovItemPrefix="cabra.PointPanel.java" Implct="false" Intrnl_Id="4116">
<Cond>
<Loc EndOffset="4233" SrcFileId="32" StartOffset="4227"/>
</Cond>
<LocList>
<Loc EndOffset="4311" SrcFileId="32" StartOffset="4255"/>
</LocList>
<StmntSeq Intrnl_Id="4117">
<LocList>
<Loc EndOffset="4284" SrcFileId="32" StartOffset="4255"/>
<Loc EndOffset="4311" SrcFileId="32" StartOffset="4305"/>
</LocList>
<BasicStmnt CovItemId="S36" CovItemPrefix="cabra.PointPanel.java" Intrnl_Id="4118">
<LocList>
<Loc EndOffset="4284" SrcFileId="32" StartOffset="4255"/>
</LocList>
</BasicStmnt>
<BasicStmnt CovItemId="S37" CovItemPrefix="cabra.PointPanel.java" Intrnl_Id="4119">
<LocList>
<Loc EndOffset="4311" SrcFileId="32" StartOffset="4305"/>
</LocList>
</BasicStmnt>
</StmntSeq>
</Branch>
<Branch CovItemId="B2" CovItemPrefix="cabra.PointPanel.java" Implct="false" Intrnl_Id="4120">
<Cond>
<Loc EndOffset="4334" SrcFileId="32" StartOffset="4328"/>
</Cond>
<LocList>
<Loc EndOffset="4412" SrcFileId="32" StartOffset="4356"/>
</LocList>
<StmntSeq Intrnl_Id="4121">
<LocList>
<Loc EndOffset="4385" SrcFileId="32" StartOffset="4356"/>
<Loc EndOffset="4412" SrcFileId="32" StartOffset="4406"/>
</LocList>
<BasicStmnt CovItemId="S38" CovItemPrefix="cabra.PointPanel.java" Intrnl_Id="4122">
<LocList>
<Loc EndOffset="4385" SrcFileId="32" StartOffset="4356"/>
</LocList>
</BasicStmnt>
<BasicStmnt CovItemId="S39" CovItemPrefix="cabra.PointPanel.java" Intrnl_Id="4123">
<LocList>
<Loc EndOffset="4412" SrcFileId="32" StartOffset="4406"/>
</LocList>
</BasicStmnt>
</StmntSeq>
</Branch>
<Branch CovItemId="B3" CovItemPrefix="cabra.PointPanel.java" Implct="false" Intrnl_Id="4124">
<Cond>
<Loc EndOffset="4435" SrcFileId="32" StartOffset="4429"/>
</Cond>
<LocList>
<Loc EndOffset="4514" SrcFileId="32" StartOffset="4457"/>
</LocList>
<StmntSeq Intrnl_Id="4125">
<LocList>
<Loc EndOffset="4487" SrcFileId="32" StartOffset="4457"/>
<Loc EndOffset="4514" SrcFileId="32" StartOffset="4508"/>
</LocList>
<BasicStmnt CovItemId="S40" CovItemPrefix="cabra.PointPanel.java" Intrnl_Id="4126">
<LocList>
<Loc EndOffset="4487" SrcFileId="32" StartOffset="4457"/>
</LocList>
</BasicStmnt>
<BasicStmnt CovItemId="S41" CovItemPrefix="cabra.PointPanel.java" Intrnl_Id="4127">
<LocList>
<Loc EndOffset="4514" SrcFileId="32" StartOffset="4508"/>
</LocList>
</BasicStmnt>
</StmntSeq>
</Branch>
<Branch CovItemId="B4" CovItemPrefix="cabra.PointPanel.java" Implct="true" Intrnl_Id="4128">
<Cond/>
<LocList/>
<StmntSeq Intrnl_Id="4129">
<LocList/>
</StmntSeq>
</Branch>
<Keyword EndOffset="4206" SrcFileId="32" StartOffset="4200"/>
<LocList>
<Loc EndOffset="4528" SrcFileId="32" StartOffset="4200"/>
</LocList>
</CondStmnt>
</StmntSeq>
<Keyword EndOffset="4086" SrcFileId="32" StartOffset="4083"/>
<LocList>
<Loc EndOffset="4538" SrcFileId="32" StartOffset="4083"/>
</LocList>
<RootTerm CovItemId="C2" CovItemPrefix="cabra.PointPanel.java" Intrnl_Id="4130">
<BasicBoolTerm Intrnl_Id="4131">
<LocList>
<Loc EndOffset="4121" SrcFileId="32" StartOffset="4099"/>
</LocList>
</BasicBoolTerm>
</RootTerm>
</LoopStmnt>
<BasicStmnt CovItemId="S42" CovItemPrefix="cabra.PointPanel.java" Intrnl_Id="4132">
<LocList>
<Loc EndOffset="4579" SrcFileId="32" StartOffset="4556"/>
</LocList>
</BasicStmnt>
<BasicStmnt CovItemId="S43" CovItemPrefix="cabra.PointPanel.java" Intrnl_Id="4133">
<LocList>
<Loc EndOffset="4636" SrcFileId="32" StartOffset="4588"/>
</LocList>
</BasicStmnt>
<BasicStmnt CovItemId="S44" CovItemPrefix="cabra.PointPanel.java" Intrnl_Id="4134">
<LocList>
<Loc EndOffset="4680" SrcFileId="32" StartOffset="4645"/>
</LocList>
</BasicStmnt>
<BasicStmnt CovItemId="S45" CovItemPrefix="cabra.PointPanel.java" Intrnl_Id="4135">
<LocList>
<Loc EndOffset="4702" SrcFileId="32" StartOffset="4689"/>
</LocList>
</BasicStmnt>
</StmntSeq>
<HierarchyLvl HierarchyLvlId="1477" HierarchyLvlTypeId="69" Intrnl_Id="4136" Name="JTable">
<Header>
<Loc EndOffset="3708" SrcFileId="32" StartOffset="3683"/>
</Header>
<LocList>
<Loc EndOffset="3892" SrcFileId="32" StartOffset="3679"/>
</LocList>
<HierarchyLvl HierarchyLvlId="1476" HierarchyLvlTypeId="67" Intrnl_Id="4137" Name="isCellEditable">
<Header>
<Loc EndOffset="3831" SrcFileId="32" StartOffset="3757"/>
</Header>
<LocList>
<Loc EndOffset="3878" SrcFileId="32" StartOffset="3757"/>
</LocList>
<StmntSeq Intrnl_Id="4138">
<LocList>
<Loc EndOffset="3862" SrcFileId="32" StartOffset="3849"/>
</LocList>
<BasicStmnt CovItemId="S30" CovItemPrefix="cabra.PointPanel.java" Intrnl_Id="4139">
<LocList>
<Loc EndOffset="3862" SrcFileId="32" StartOffset="3849"/>
</LocList>
</BasicStmnt>
</StmntSeq>
</HierarchyLvl>
</HierarchyLvl>
</HierarchyLvl>
<HierarchyLvl HierarchyLvlId="1479" HierarchyLvlTypeId="67" Intrnl_Id="4140" Name="createActivityRow">
<Header>
<Loc EndOffset="4982" SrcFileId="32" StartOffset="4929"/>
</Header>
<LocList>
<Loc EndOffset="5242" SrcFileId="32" StartOffset="4929"/>
</LocList>
<StmntSeq Intrnl_Id="4141">
<LocList>
<Loc EndOffset="5061" SrcFileId="32" StartOffset="4992"/>
<Loc EndOffset="5236" SrcFileId="32" StartOffset="5070"/>
</LocList>
<BasicStmnt CovItemId="S46" CovItemPrefix="cabra.PointPanel.java" Intrnl_Id="4142">
<LocList>
<Loc EndOffset="5061" SrcFileId="32" StartOffset="4992"/>
</LocList>
</BasicStmnt>
<BasicStmnt CovItemId="S47" CovItemPrefix="cabra.PointPanel.java" Intrnl_Id="4143">
<LocList>
<Loc EndOffset="5236" SrcFileId="32" StartOffset="5070"/>
</LocList>
</BasicStmnt>
</StmntSeq>
</HierarchyLvl>
<HierarchyLvl HierarchyLvlId="1481" HierarchyLvlTypeId="66" Intrnl_Id="4144" Name="ImageRenderer">
<Header>
<Loc EndOffset="5360" SrcFileId="32" StartOffset="5308"/>
</Header>
<LocList>
<Loc EndOffset="5645" SrcFileId="32" StartOffset="5308"/>
</LocList>
<StmntSeq Intrnl_Id="4145">
<LocList>
<Loc EndOffset="5397" SrcFileId="32" StartOffset="5369"/>
</LocList>
<BasicStmnt CovItemId="S48" CovItemPrefix="cabra.PointPanel.java" Intrnl_Id="4146">
<LocList>
<Loc EndOffset="5397" SrcFileId="32" StartOffset="5369"/>
</LocList>
</BasicStmnt>
</StmntSeq>
<HierarchyLvl HierarchyLvlId="1480" HierarchyLvlTypeId="67" Intrnl_Id="4147" Name="getTableCellRendererComponent">
<Header>
<Loc EndOffset="5562" SrcFileId="32" StartOffset="5405"/>
</Header>
<LocList>
<Loc EndOffset="5635" SrcFileId="32" StartOffset="5405"/>
</LocList>
<StmntSeq Intrnl_Id="4148">
<LocList>
<Loc EndOffset="5605" SrcFileId="32" StartOffset="5573"/>
<Loc EndOffset="5627" SrcFileId="32" StartOffset="5614"/>
</LocList>
<BasicStmnt CovItemId="S49" CovItemPrefix="cabra.PointPanel.java" Intrnl_Id="4149">
<LocList>
<Loc EndOffset="5605" SrcFileId="32" StartOffset="5573"/>
</LocList>
</BasicStmnt>
<BasicStmnt CovItemId="S50" CovItemPrefix="cabra.PointPanel.java" Intrnl_Id="4150">
<LocList>
<Loc EndOffset="5627" SrcFileId="32" StartOffset="5614"/>
</LocList>
</BasicStmnt>
</StmntSeq>
</HierarchyLvl>
</HierarchyLvl>
<HierarchyLvl HierarchyLvlId="1482" HierarchyLvlTypeId="67" Intrnl_Id="4151" Name="paintComponent">
<Header>
<Loc EndOffset="5711" SrcFileId="32" StartOffset="5655"/>
</Header>
<LocList>
<Loc EndOffset="5799" SrcFileId="32" StartOffset="5655"/>
</LocList>
<StmntSeq Intrnl_Id="4152">
<LocList>
<Loc EndOffset="5749" SrcFileId="32" StartOffset="5725"/>
<Loc EndOffset="5789" SrcFileId="32" StartOffset="5763"/>
</LocList>
<BasicStmnt CovItemId="S51" CovItemPrefix="cabra.PointPanel.java" Intrnl_Id="4153">
<LocList>
<Loc EndOffset="5749" SrcFileId="32" StartOffset="5725"/>
</LocList>
</BasicStmnt>
<BasicStmnt CovItemId="S52" CovItemPrefix="cabra.PointPanel.java" Intrnl_Id="4154">
<LocList>
<Loc EndOffset="5789" SrcFileId="32" StartOffset="5763"/>
</LocList>
</BasicStmnt>
</StmntSeq>
</HierarchyLvl>
</HierarchyLvl>
<HierarchyLvl HierarchyLvlId="1490" HierarchyLvlTypeId="66" Intrnl_Id="4155" Name="PointManager">
<Header>
<Loc EndOffset="191" SrcFileId="33" StartOffset="166"/>
</Header>
<LocList>
<Loc EndOffset="1360" SrcFileId="33" StartOffset="166"/>
</LocList>
<HierarchyLvl HierarchyLvlId="1484" HierarchyLvlTypeId="67" Intrnl_Id="4156" Name="PointManager">
<Header>
<Loc EndOffset="288" SrcFileId="33" StartOffset="267"/>
</Header>
<LocList>
<Loc EndOffset="380" SrcFileId="33" StartOffset="267"/>
</LocList>
<StmntSeq Intrnl_Id="4157">
<LocList>
<Loc EndOffset="374" SrcFileId="33" StartOffset="334"/>
</LocList>
<BasicStmnt CovItemId="S1" CovItemPrefix="cabra.PointManager.java" Intrnl_Id="4158">
<LocList>
<Loc EndOffset="374" SrcFileId="33" StartOffset="334"/>
</LocList>
</BasicStmnt>
</StmntSeq>
</HierarchyLvl>
<HierarchyLvl HierarchyLvlId="1485" HierarchyLvlTypeId="67" Intrnl_Id="4159" Name="getPoints">
<Header>
<Loc EndOffset="412" SrcFileId="33" StartOffset="390"/>
</Header>
<LocList>
<Loc EndOffset="442" SrcFileId="33" StartOffset="390"/>
</LocList>
<StmntSeq Intrnl_Id="4160">
<LocList>
<Loc EndOffset="436" SrcFileId="33" StartOffset="422"/>
</LocList>
<BasicStmnt CovItemId="S2" CovItemPrefix="cabra.PointManager.java" Intrnl_Id="4161">
<LocList>
<Loc EndOffset="436" SrcFileId="33" StartOffset="422"/>
</LocList>
</BasicStmnt>
</StmntSeq>
</HierarchyLvl>
<HierarchyLvl HierarchyLvlId="1486" HierarchyLvlTypeId="67" Intrnl_Id="4162" Name="setPoints">
<Header>
<Loc EndOffset="482" SrcFileId="33" StartOffset="448"/>
</Header>
<LocList>
<Loc EndOffset="619" SrcFileId="33" StartOffset="448"/>
</LocList>
<StmntSeq Intrnl_Id="4163">
<LocList>
<Loc EndOffset="513" SrcFileId="33" StartOffset="492"/>
<Loc EndOffset="582" SrcFileId="33" StartOffset="540"/>
<Loc EndOffset="613" SrcFileId="33" StartOffset="591"/>
</LocList>
<BasicStmnt CovItemId="S3" CovItemPrefix="cabra.PointManager.java" Intrnl_Id="4164">
<LocList>
<Loc EndOffset="513" SrcFileId="33" StartOffset="492"/>
</LocList>
</BasicStmnt>
<BasicStmnt CovItemId="S4" CovItemPrefix="cabra.PointManager.java" Intrnl_Id="4165">
<LocList>
<Loc EndOffset="582" SrcFileId="33" StartOffset="540"/>
</LocList>
</BasicStmnt>
<BasicStmnt CovItemId="S5" CovItemPrefix="cabra.PointManager.java" Intrnl_Id="4166">
<LocList>
<Loc EndOffset="613" SrcFileId="33" StartOffset="591"/>
</LocList>
</BasicStmnt>
</StmntSeq>
</HierarchyLvl>
<HierarchyLvl HierarchyLvlId="1487" HierarchyLvlTypeId="67" Intrnl_Id="4167" Name="decreasePoints">
<Header>
<Loc EndOffset="862" SrcFileId="33" StartOffset="819"/>
</Header>
<LocList>
<Loc EndOffset="980" SrcFileId="33" StartOffset="819"/>
</LocList>
<StmntSeq Intrnl_Id="4168">
<LocList>
<Loc EndOffset="916" SrcFileId="33" StartOffset="872"/>
<Loc EndOffset="947" SrcFileId="33" StartOffset="925"/>
<Loc EndOffset="974" SrcFileId="33" StartOffset="956"/>
</LocList>
<BasicStmnt CovItemId="S6" CovItemPrefix="cabra.PointManager.java" Intrnl_Id="4169">
<LocList>
<Loc EndOffset="916" SrcFileId="33" StartOffset="872"/>
</LocList>
</BasicStmnt>
<BasicStmnt CovItemId="S7" CovItemPrefix="cabra.PointManager.java" Intrnl_Id="4170">
<LocList>
<Loc EndOffset="947" SrcFileId="33" StartOffset="925"/>
</LocList>
</BasicStmnt>
<BasicStmnt CovItemId="S8" CovItemPrefix="cabra.PointManager.java" Intrnl_Id="4171">
<LocList>
<Loc EndOffset="974" SrcFileId="33" StartOffset="956"/>
</LocList>
</BasicStmnt>
</StmntSeq>
</HierarchyLvl>
<HierarchyLvl HierarchyLvlId="1488" HierarchyLvlTypeId="67" Intrnl_Id="4172" Name="gainPoints">
<Header>
<Loc EndOffset="1137" SrcFileId="33" StartOffset="1085"/>
</Header>
<LocList>
<Loc EndOffset="1244" SrcFileId="33" StartOffset="1085"/>
</LocList>
<StmntSeq Intrnl_Id="4173">
<LocList>
<Loc EndOffset="1187" SrcFileId="33" StartOffset="1147"/>
<Loc EndOffset="1238" SrcFileId="33" StartOffset="1205"/>
</LocList>
<BasicStmnt CovItemId="S9" CovItemPrefix="cabra.PointManager.java" Intrnl_Id="4174">
<LocList>
<Loc EndOffset="1187" SrcFileId="33" StartOffset="1147"/>
</LocList>
</BasicStmnt>
<BasicStmnt CovItemId="S10" CovItemPrefix="cabra.PointManager.java" Intrnl_Id="4175">
<LocList>
<Loc EndOffset="1238" SrcFileId="33" StartOffset="1205"/>
</LocList>
</BasicStmnt>
</StmntSeq>
</HierarchyLvl>
<HierarchyLvl HierarchyLvlId="1489" HierarchyLvlTypeId="67" Intrnl_Id="4176" Name="giveVaultManager">
<Header>
<Loc EndOffset="1309" SrcFileId="33" StartOffset="1254"/>
</Header>
<LocList>
<Loc EndOffset="1358" SrcFileId="33" StartOffset="1254"/>
</LocList>
<StmntSeq Intrnl_Id="4177">
<LocList>
<Loc EndOffset="1352" SrcFileId="33" StartOffset="1319"/>
</LocList>
<BasicStmnt CovItemId="S11" CovItemPrefix="cabra.PointManager.java" Intrnl_Id="4178">
<LocList>
<Loc EndOffset="1352" SrcFileId="33" StartOffset="1319"/>
</LocList>
</BasicStmnt>
</StmntSeq>
</HierarchyLvl>
</HierarchyLvl>
<HierarchyLvl HierarchyLvlId="1504" HierarchyLvlTypeId="66" Intrnl_Id="4179" Name="PointEnums">
<Header>
<Loc EndOffset="222" SrcFileId="34" StartOffset="199"/>
</Header>
<LocList>
<Loc EndOffset="234" SrcFileId="34" StartOffset="199"/>
<Loc EndOffset="2137" SrcFileId="34" StartOffset="2127"/>
<Loc EndOffset="5126" SrcFileId="34" StartOffset="5124"/>
</LocList>
<HierarchyLvl HierarchyLvlId="1496" HierarchyLvlTypeId="63" Intrnl_Id="4180" Name="Coin">
<Header>
<Loc EndOffset="250" SrcFileId="34" StartOffset="234"/>
</Header>
<LocList>
<Loc EndOffset="2127" SrcFileId="34" StartOffset="234"/>
</LocList>
<HierarchyLvl HierarchyLvlId="1491" HierarchyLvlTypeId="67" Intrnl_Id="4181" Name="Coin">
<Header>
<Loc EndOffset="888" SrcFileId="34" StartOffset="836"/>
</Header>
<LocList>
<Loc EndOffset="1019" SrcFileId="34" StartOffset="836"/>
</LocList>
<StmntSeq Intrnl_Id="4182">
<LocList>
<Loc EndOffset="929" SrcFileId="34" StartOffset="902"/>
<Loc EndOffset="969" SrcFileId="34" StartOffset="942"/>
<Loc EndOffset="1009" SrcFileId="34" StartOffset="982"/>
</LocList>
<BasicStmnt CovItemId="S1" CovItemPrefix="cabra.PointEnums.java" Intrnl_Id="4183">
<LocList>
<Loc EndOffset="929" SrcFileId="34" StartOffset="902"/>
</LocList>
</BasicStmnt>
<BasicStmnt CovItemId="S2" CovItemPrefix="cabra.PointEnums.java" Intrnl_Id="4184">
<LocList>
<Loc EndOffset="969" SrcFileId="34" StartOffset="942"/>
</LocList>
</BasicStmnt>
<BasicStmnt CovItemId="S3" CovItemPrefix="cabra.PointEnums.java" Intrnl_Id="4185">
<LocList>
<Loc EndOffset="1009" SrcFileId="34" StartOffset="982"/>
</LocList>
</BasicStmnt>
</StmntSeq>
</HierarchyLvl>
<HierarchyLvl HierarchyLvlId="1492" HierarchyLvlTypeId="67" Intrnl_Id="4186" Name="getImageName">
<Header>
<Loc EndOffset="1065" SrcFileId="34" StartOffset="1037"/>
</Header>
<LocList>
<Loc EndOffset="1106" SrcFileId="34" StartOffset="1037"/>
</LocList>
<StmntSeq Intrnl_Id="4187">
<LocList>
<Loc EndOffset="1096" SrcFileId="34" StartOffset="1079"/>
</LocList>
<BasicStmnt CovItemId="S4" CovItemPrefix="cabra.PointEnums.java" Intrnl_Id="4188">
<LocList>
<Loc EndOffset="1096" SrcFileId="34" StartOffset="1079"/>
</LocList>
</BasicStmnt>
</StmntSeq>
</HierarchyLvl>
<HierarchyLvl HierarchyLvlId="1493" HierarchyLvlTypeId="67" Intrnl_Id="4189" Name="getImageIcon">
<Header>
<Loc EndOffset="1167" SrcFileId="34" StartOffset="1124"/>
</Header>
<LocList>
<Loc EndOffset="1238" SrcFileId="34" StartOffset="1124"/>
</LocList>
<StmntSeq Intrnl_Id="4190">
<LocList>
<Loc EndOffset="1228" SrcFileId="34" StartOffset="1181"/>
</LocList>
<BasicStmnt CovItemId="S5" CovItemPrefix="cabra.PointEnums.java" Intrnl_Id="4191">
<LocList>
<Loc EndOffset="1228" SrcFileId="34" StartOffset="1181"/>
</LocList>
</BasicStmnt>
</StmntSeq>
</HierarchyLvl>
<HierarchyLvl HierarchyLvlId="1494" HierarchyLvlTypeId="67" Intrnl_Id="4192" Name="isInRange">
<Header>
<Loc EndOffset="1532" SrcFileId="34" StartOffset="1496"/>
</Header>
<LocList>
<Loc EndOffset="1606" SrcFileId="34" StartOffset="1496"/>
</LocList>
<StmntSeq Intrnl_Id="4193">
<LocList>
<Loc EndOffset="1596" SrcFileId="34" StartOffset="1546"/>
</LocList>
<BasicStmnt CovItemId="S6" CovItemPrefix="cabra.PointEnums.java" Intrnl_Id="4194">
<LocList>
<Loc EndOffset="1596" SrcFileId="34" StartOffset="1546"/>
</LocList>
</BasicStmnt>
</StmntSeq>
</HierarchyLvl>
<HierarchyLvl HierarchyLvlId="1495" HierarchyLvlTypeId="67" Intrnl_Id="4195" Name="getCoin">
<Header>
<Loc EndOffset="1870" SrcFileId="34" StartOffset="1832"/>
</Header>
<LocList>
<Loc EndOffset="2121" SrcFileId="34" StartOffset="1832"/>
</LocList>
<StmntSeq Intrnl_Id="4196">
<LocList>
<Loc EndOffset="2063" SrcFileId="34" StartOffset="1942"/>
<Loc EndOffset="2111" SrcFileId="34" StartOffset="2089"/>
</LocList>
<LoopStmnt CovItemId="S7" CovItemPrefix="cabra.PointEnums.java" Intrnl_Id="4197" MltplExecId="L1-2" MltplExecPrefix="cabra.PointEnums.java" NvrExecId="L1-0" NvrExecPrefix="cabra.PointEnums.java" OnceExecutedId="L1-1" OnceExecutedPrefix="cabra.PointEnums.java" OptBodyExec="true">
<StmntSeq Intrnl_Id="4198">
<LocList>
<Loc EndOffset="2049" SrcFileId="34" StartOffset="1990"/>
</LocList>
<CondStmnt CovItemId="S8" CovItemPrefix="cabra.PointEnums.java" Intrnl_Id="4199">
<Branch CovItemId="B1" CovItemPrefix="cabra.PointEnums.java" Implct="false" Intrnl_Id="4200">
<Cond/>
<LocList>
<Loc EndOffset="2049" SrcFileId="34" StartOffset="2037"/>
</LocList>
<StmntSeq Intrnl_Id="4201">
<LocList>
<Loc EndOffset="2049" SrcFileId="34" StartOffset="2037"/>
</LocList>
<BasicStmnt CovItemId="S9" CovItemPrefix="cabra.PointEnums.java" Intrnl_Id="4202">
<LocList>
<Loc EndOffset="2049" SrcFileId="34" StartOffset="2037"/>
</LocList>
</BasicStmnt>
</StmntSeq>
</Branch>
<Branch CovItemId="B2" CovItemPrefix="cabra.PointEnums.java" Implct="true" Intrnl_Id="4203">
<Cond/>
<LocList/>
<StmntSeq Intrnl_Id="4204">
<LocList/>
</StmntSeq>
</Branch>
<Keyword EndOffset="1992" SrcFileId="34" StartOffset="1990"/>
<LocList>
<Loc EndOffset="2049" SrcFileId="34" StartOffset="1990"/>
</LocList>
<RootTerm CovItemId="C1" CovItemPrefix="cabra.PointEnums.java" Intrnl_Id="4205">
<BasicBoolTerm Intrnl_Id="4206">
<LocList>
<Loc EndOffset="2015" SrcFileId="34" StartOffset="1993"/>
</LocList>
</BasicBoolTerm>
</RootTerm>
</CondStmnt>
</StmntSeq>
<Keyword EndOffset="1945" SrcFileId="34" StartOffset="1942"/>
<LocList>
<Loc EndOffset="2063" SrcFileId="34" StartOffset="1942"/>
</LocList>
</LoopStmnt>
<BasicStmnt CovItemId="S10" CovItemPrefix="cabra.PointEnums.java" Intrnl_Id="4207">
<LocList>
<Loc EndOffset="2111" SrcFileId="34" StartOffset="2089"/>
</LocList>
</BasicStmnt>
</StmntSeq>
</HierarchyLvl>
</HierarchyLvl>
<HierarchyLvl HierarchyLvlId="1503" HierarchyLvlTypeId="63" Intrnl_Id="4208" Name="Activity">
<Header>
<Loc EndOffset="2157" SrcFileId="34" StartOffset="2137"/>
</Header>
<LocList>
<Loc EndOffset="5124" SrcFileId="34" StartOffset="2137"/>
</LocList>
<HierarchyLvl HierarchyLvlId="1497" HierarchyLvlTypeId="67" Intrnl_Id="4209" Name="Activity">
<Header>
<Loc EndOffset="3918" SrcFileId="34" StartOffset="3862"/>
</Header>
<LocList>
<Loc EndOffset="4041" SrcFileId="34" StartOffset="3862"/>
</LocList>
<StmntSeq Intrnl_Id="4210">
<LocList>
<Loc EndOffset="3953" SrcFileId="34" StartOffset="3932"/>
<Loc EndOffset="3997" SrcFileId="34" StartOffset="3966"/>
<Loc EndOffset="4031" SrcFileId="34" StartOffset="4010"/>
</LocList>
<BasicStmnt CovItemId="S11" CovItemPrefix="cabra.PointEnums.java" Intrnl_Id="4211">
<LocList>
<Loc EndOffset="3953" SrcFileId="34" StartOffset="3932"/>
</LocList>
</BasicStmnt>
<BasicStmnt CovItemId="S12" CovItemPrefix="cabra.PointEnums.java" Intrnl_Id="4212">
<LocList>
<Loc EndOffset="3997" SrcFileId="34" StartOffset="3966"/>
</LocList>
</BasicStmnt>
<BasicStmnt CovItemId="S13" CovItemPrefix="cabra.PointEnums.java" Intrnl_Id="4213">
<LocList>
<Loc EndOffset="4031" SrcFileId="34" StartOffset="4010"/>
</LocList>
</BasicStmnt>
</StmntSeq>
</HierarchyLvl>
<HierarchyLvl HierarchyLvlId="1498" HierarchyLvlTypeId="67" Intrnl_Id="4214" Name="Activity">
<Header>
<Loc EndOffset="4335" SrcFileId="34" StartOffset="4295"/>
</Header>
<LocList>
<Loc EndOffset="4392" SrcFileId="34" StartOffset="4295"/>
</LocList>
<StmntSeq Intrnl_Id="4215">
<LocList>
<Loc EndOffset="4382" SrcFileId="34" StartOffset="4349"/>
</LocList>
<BasicStmnt CovItemId="S14" CovItemPrefix="cabra.PointEnums.java" Intrnl_Id="4216">
<LocList>
<Loc EndOffset="4382" SrcFileId="34" StartOffset="4349"/>
</LocList>
</BasicStmnt>
</StmntSeq>
</HierarchyLvl>
<HierarchyLvl HierarchyLvlId="1499" HierarchyLvlTypeId="67" Intrnl_Id="4217" Name="getPoints">
<Header>
<Loc EndOffset="4432" SrcFileId="34" StartOffset="4410"/>
</Header>
<LocList>
<Loc EndOffset="4470" SrcFileId="34" StartOffset="4410"/>
</LocList>
<StmntSeq Intrnl_Id="4218">
<LocList>
<Loc EndOffset="4460" SrcFileId="34" StartOffset="4446"/>
</LocList>
<BasicStmnt CovItemId="S15" CovItemPrefix="cabra.PointEnums.java" Intrnl_Id="4219">
<LocList>
<Loc EndOffset="4460" SrcFileId="34" StartOffset="4446"/>
</LocList>
</BasicStmnt>
</StmntSeq>
</HierarchyLvl>
<HierarchyLvl HierarchyLvlId="1500" HierarchyLvlTypeId="67" Intrnl_Id="4220" Name="getDescription">
<Header>
<Loc EndOffset="4518" SrcFileId="34" StartOffset="4488"/>
</Header>
<LocList>
<Loc EndOffset="4561" SrcFileId="34" StartOffset="4488"/>
</LocList>
<StmntSeq Intrnl_Id="4221">
<LocList>
<Loc EndOffset="4551" SrcFileId="34" StartOffset="4532"/>
</LocList>
<BasicStmnt CovItemId="S16" CovItemPrefix="cabra.PointEnums.java" Intrnl_Id="4222">
<LocList>
<Loc EndOffset="4551" SrcFileId="34" StartOffset="4532"/>
</LocList>
</BasicStmnt>
</StmntSeq>
</HierarchyLvl>
<HierarchyLvl HierarchyLvlId="1501" HierarchyLvlTypeId="67" Intrnl_Id="4223" Name="isSecret">
<Header>
<Loc EndOffset="4604" SrcFileId="34" StartOffset="4579"/>
</Header>
<LocList>
<Loc EndOffset="4642" SrcFileId="34" StartOffset="4579"/>
</LocList>
<StmntSeq Intrnl_Id="4224">
<LocList>
<Loc EndOffset="4632" SrcFileId="34" StartOffset="4618"/>
</LocList>
<BasicStmnt CovItemId="S17" CovItemPrefix="cabra.PointEnums.java" Intrnl_Id="4225">
<LocList>
<Loc EndOffset="4632" SrcFileId="34" StartOffset="4618"/>
</LocList>
</BasicStmnt>
</StmntSeq>
</HierarchyLvl>
<HierarchyLvl HierarchyLvlId="1502" HierarchyLvlTypeId="67" Intrnl_Id="4226" Name="getNonSecretActivities">
<Header>
<Loc EndOffset="4853" SrcFileId="34" StartOffset="4795"/>
</Header>
<LocList>
<Loc EndOffset="5118" SrcFileId="34" StartOffset="4795"/>
</LocList>
<StmntSeq Intrnl_Id="4227">
<LocList>
<Loc EndOffset="4920" SrcFileId="34" StartOffset="4867"/>
<Loc EndOffset="5070" SrcFileId="34" StartOffset="4933"/>
<Loc EndOffset="5108" SrcFileId="34" StartOffset="5096"/>
</LocList>
<BasicStmnt CovItemId="S18" CovItemPrefix="cabra.PointEnums.java" Intrnl_Id="4228">
<LocList>
<Loc EndOffset="4920" SrcFileId="34" StartOffset="4867"/>
</LocList>
</BasicStmnt>
<LoopStmnt CovItemId="S19" CovItemPrefix="cabra.PointEnums.java" Intrnl_Id="4229" MltplExecId="L2-2" MltplExecPrefix="cabra.PointEnums.java" NvrExecId="L2-0" NvrExecPrefix="cabra.PointEnums.java" OnceExecutedId="L2-1" OnceExecutedPrefix="cabra.PointEnums.java" OptBodyExec="true">
<StmntSeq Intrnl_Id="4230">
<LocList>
<Loc EndOffset="5056" SrcFileId="34" StartOffset="4984"/>
</LocList>
<CondStmnt CovItemId="S20" CovItemPrefix="cabra.PointEnums.java" Intrnl_Id="4231">
<Branch CovItemId="B3" CovItemPrefix="cabra.PointEnums.java" Implct="false" Intrnl_Id="4232">
<Cond/>
<LocList>
<Loc EndOffset="5056" SrcFileId="34" StartOffset="5037"/>
</LocList>
<StmntSeq Intrnl_Id="4233">
<LocList>
<Loc EndOffset="5056" SrcFileId="34" StartOffset="5037"/>
</LocList>
<BasicStmnt CovItemId="S21" CovItemPrefix="cabra.PointEnums.java" Intrnl_Id="4234">
<LocList>
<Loc EndOffset="5056" SrcFileId="34" StartOffset="5037"/>
</LocList>
</BasicStmnt>
</StmntSeq>
</Branch>
<Branch CovItemId="B4" CovItemPrefix="cabra.PointEnums.java" Implct="true" Intrnl_Id="4235">
<Cond/>
<LocList/>
<StmntSeq Intrnl_Id="4236">
<LocList/>
</StmntSeq>
</Branch>
<Keyword EndOffset="4986" SrcFileId="34" StartOffset="4984"/>
<LocList>
<Loc EndOffset="5056" SrcFileId="34" StartOffset="4984"/>
</LocList>
<RootTerm CovItemId="C2" CovItemPrefix="cabra.PointEnums.java" Intrnl_Id="4237">
<BasicBoolTerm Intrnl_Id="4238">
<LocList>
<Loc EndOffset="5015" SrcFileId="34" StartOffset="4987"/>
</LocList>
</BasicBoolTerm>
</RootTerm>
</CondStmnt>
</StmntSeq>
<Keyword EndOffset="4936" SrcFileId="34" StartOffset="4933"/>
<LocList>
<Loc EndOffset="5070" SrcFileId="34" StartOffset="4933"/>
</LocList>
</LoopStmnt>
<BasicStmnt CovItemId="S22" CovItemPrefix="cabra.PointEnums.java" Intrnl_Id="4239">
<LocList>
<Loc EndOffset="5108" SrcFileId="34" StartOffset="5096"/>
</LocList>
</BasicStmnt>
</StmntSeq>
</HierarchyLvl>
</HierarchyLvl>
</HierarchyLvl>
<HierarchyLvl HierarchyLvlId="1508" HierarchyLvlTypeId="66" Intrnl_Id="4240" Name="PicturePanel">
<Header>
<Loc EndOffset="264" SrcFileId="35" StartOffset="224"/>
</Header>
<LocList>
<Loc EndOffset="1409" SrcFileId="35" StartOffset="224"/>
</LocList>
<StmntSeq Intrnl_Id="4241">
<LocList>
<Loc EndOffset="319" SrcFileId="35" StartOffset="275"/>
<Loc EndOffset="369" SrcFileId="35" StartOffset="324"/>
</LocList>
<BasicStmnt CovItemId="S1" CovItemPrefix="cabra.PicturePanel.java" Intrnl_Id="4242">
<LocList>
<Loc EndOffset="319" SrcFileId="35" StartOffset="275"/>
</LocList>
</BasicStmnt>
<BasicStmnt CovItemId="S2" CovItemPrefix="cabra.PicturePanel.java" Intrnl_Id="4243">
<LocList>
<Loc EndOffset="369" SrcFileId="35" StartOffset="324"/>
</LocList>
</BasicStmnt>
</StmntSeq>
<HierarchyLvl HierarchyLvlId="1505" HierarchyLvlTypeId="67" Intrnl_Id="4244" Name="PicturePanel">
<Header>
<Loc EndOffset="453" SrcFileId="35" StartOffset="415"/>
</Header>
<LocList>
<Loc EndOffset="563" SrcFileId="35" StartOffset="415"/>
</LocList>
<StmntSeq Intrnl_Id="4245">
<LocList>
<Loc EndOffset="525" SrcFileId="35" StartOffset="463"/>
<Loc EndOffset="557" SrcFileId="35" StartOffset="534"/>
</LocList>
<BasicStmnt CovItemId="S3" CovItemPrefix="cabra.PicturePanel.java" Intrnl_Id="4246">
<LocList>
<Loc EndOffset="525" SrcFileId="35" StartOffset="463"/>
</LocList>
</BasicStmnt>
<BasicStmnt CovItemId="S4" CovItemPrefix="cabra.PicturePanel.java" Intrnl_Id="4247">
<LocList>
<Loc EndOffset="557" SrcFileId="35" StartOffset="534"/>
</LocList>
</BasicStmnt>
</StmntSeq>
</HierarchyLvl>
<HierarchyLvl HierarchyLvlId="1506" HierarchyLvlTypeId="67" Intrnl_Id="4248" Name="reset">
<Header>
<Loc EndOffset="592" SrcFileId="35" StartOffset="573"/>
</Header>
<LocList>
<Loc EndOffset="657" SrcFileId="35" StartOffset="573"/>
</LocList>
</HierarchyLvl>
<HierarchyLvl HierarchyLvlId="1507" HierarchyLvlTypeId="67" Intrnl_Id="4249" Name="paintComponent">
<Header>
<Loc EndOffset="719" SrcFileId="35" StartOffset="667"/>
</Header>
<LocList>
<Loc EndOffset="1407" SrcFileId="35" StartOffset="667"/>
</LocList>
<StmntSeq Intrnl_Id="4250">
<LocList>
<Loc EndOffset="753" SrcFileId="35" StartOffset="729"/>
<Loc EndOffset="894" SrcFileId="35" StartOffset="816"/>
<Loc EndOffset="951" SrcFileId="35" StartOffset="913"/>
<Loc EndOffset="1000" SrcFileId="35" StartOffset="960"/>
<Loc EndOffset="1118" SrcFileId="35" StartOffset="1067"/>
<Loc EndOffset="1178" SrcFileId="35" StartOffset="1127"/>
<Loc EndOffset="1353" SrcFileId="35" StartOffset="1281"/>
</LocList>
<BasicStmnt CovItemId="S5" CovItemPrefix="cabra.PicturePanel.java" Intrnl_Id="4251">
<LocList>
<Loc EndOffset="753" SrcFileId="35" StartOffset="729"/>
</LocList>
</BasicStmnt>
<BasicStmnt CovItemId="S6" CovItemPrefix="cabra.PicturePanel.java" Intrnl_Id="4252">
<LocList>
<Loc EndOffset="894" SrcFileId="35" StartOffset="816"/>
</LocList>
</BasicStmnt>
<BasicStmnt CovItemId="S7" CovItemPrefix="cabra.PicturePanel.java" Intrnl_Id="4253">
<LocList>
<Loc EndOffset="951" SrcFileId="35" StartOffset="913"/>
</LocList>
</BasicStmnt>
<BasicStmnt CovItemId="S8" CovItemPrefix="cabra.PicturePanel.java" Intrnl_Id="4254">
<LocList>
<Loc EndOffset="1000" SrcFileId="35" StartOffset="960"/>
</LocList>
</BasicStmnt>
<BasicStmnt CovItemId="S9" CovItemPrefix="cabra.PicturePanel.java" Intrnl_Id="4255">
<LocList>
<Loc EndOffset="1118" SrcFileId="35" StartOffset="1067"/>
</LocList>
</BasicStmnt>
<BasicStmnt CovItemId="S10" CovItemPrefix="cabra.PicturePanel.java" Intrnl_Id="4256">
<LocList>
<Loc EndOffset="1178" SrcFileId="35" StartOffset="1127"/>
</LocList>
</BasicStmnt>
<BasicStmnt CovItemId="S11" CovItemPrefix="cabra.PicturePanel.java" Intrnl_Id="4257">
<LocList>
<Loc EndOffset="1353" SrcFileId="35" StartOffset="1281"/>
</LocList>
</BasicStmnt>
</StmntSeq>
</HierarchyLvl>
</HierarchyLvl>
<HierarchyLvl HierarchyLvlId="1536" HierarchyLvlTypeId="66" Intrnl_Id="4258" Name="NoteTextPane">
<Header>
<Loc EndOffset="426" SrcFileId="36" StartOffset="377"/>
</Header>
<LocList>
<Loc EndOffset="3962" SrcFileId="36" StartOffset="377"/>
<Loc EndOffset="4377" SrcFileId="36" StartOffset="4311"/>
<Loc EndOffset="7676" SrcFileId="36" StartOffset="5168"/>
<Loc EndOffset="7974" SrcFileId="36" StartOffset="7968"/>
<Loc EndOffset="9339" SrcFileId="36" StartOffset="9333"/>
<Loc EndOffset="10736" SrcFileId="36" StartOffset="10717"/>
</LocList>
<StmntSeq Intrnl_Id="4259">
<LocList>
<Loc EndOffset="506" SrcFileId="36" StartOffset="464"/>
<Loc EndOffset="704" SrcFileId="36" StartOffset="657"/>
<Loc EndOffset="1027" SrcFileId="36" StartOffset="986"/>
<Loc EndOffset="1074" SrcFileId="36" StartOffset="1032"/>
</LocList>
<BasicStmnt CovItemId="S1" CovItemPrefix="cabra.NoteTextPane.java" Intrnl_Id="4260">
<LocList>
<Loc EndOffset="506" SrcFileId="36" StartOffset="464"/>
</LocList>
</BasicStmnt>
<BasicStmnt CovItemId="S2" CovItemPrefix="cabra.NoteTextPane.java" Intrnl_Id="4261">
<LocList>
<Loc EndOffset="704" SrcFileId="36" StartOffset="657"/>
</LocList>
</BasicStmnt>
<BasicStmnt CovItemId="S3" CovItemPrefix="cabra.NoteTextPane.java" Intrnl_Id="4262">
<LocList>
<Loc EndOffset="1027" SrcFileId="36" StartOffset="986"/>
</LocList>
</BasicStmnt>
<BasicStmnt CovItemId="S4" CovItemPrefix="cabra.NoteTextPane.java" Intrnl_Id="4263">
<LocList>
<Loc EndOffset="1074" SrcFileId="36" StartOffset="1032"/>
</LocList>
</BasicStmnt>
</StmntSeq>
<HierarchyLvl HierarchyLvlId="1509" HierarchyLvlTypeId="67" Intrnl_Id="4264" Name="NoteTextPane">
<Header>
<Loc EndOffset="1195" SrcFileId="36" StartOffset="1159"/>
</Header>
<LocList>
<Loc EndOffset="1251" SrcFileId="36" StartOffset="1159"/>
</LocList>
<StmntSeq Intrnl_Id="4265">
<LocList>
<Loc EndOffset="1245" SrcFileId="36" StartOffset="1205"/>
</LocList>
<BasicStmnt CovItemId="S5" CovItemPrefix="cabra.NoteTextPane.java" Intrnl_Id="4266">
<LocList>
<Loc EndOffset="1245" SrcFileId="36" StartOffset="1205"/>
</LocList>
</BasicStmnt>
</StmntSeq>
</HierarchyLvl>
<HierarchyLvl HierarchyLvlId="1510" HierarchyLvlTypeId="67" Intrnl_Id="4267" Name="NoteTextPane">
<Header>
<Loc EndOffset="1322" SrcFileId="36" StartOffset="1257"/>
</Header>
<LocList>
<Loc EndOffset="2449" SrcFileId="36" StartOffset="1257"/>
</LocList>
<StmntSeq Intrnl_Id="4268">
<LocList>
<Loc EndOffset="1352" SrcFileId="36" StartOffset="1333"/>
<Loc EndOffset="1449" SrcFileId="36" StartOffset="1418"/>
<Loc EndOffset="1520" SrcFileId="36" StartOffset="1478"/>
<Loc EndOffset="1557" SrcFileId="36" StartOffset="1537"/>
<Loc EndOffset="1597" SrcFileId="36" StartOffset="1566"/>
<Loc EndOffset="1642" SrcFileId="36" StartOffset="1606"/>
<Loc EndOffset="1798" SrcFileId="36" StartOffset="1784"/>
<Loc EndOffset="2332" SrcFileId="36" StartOffset="2274"/>
<Loc EndOffset="2443" SrcFileId="36" StartOffset="2393"/>
</LocList>
<BasicStmnt CovItemId="S6" CovItemPrefix="cabra.NoteTextPane.java" Intrnl_Id="4269">
<LocList>
<Loc EndOffset="1352" SrcFileId="36" StartOffset="1333"/>
</LocList>
</BasicStmnt>
<BasicStmnt CovItemId="S7" CovItemPrefix="cabra.NoteTextPane.java" Intrnl_Id="4270">
<LocList>
<Loc EndOffset="1449" SrcFileId="36" StartOffset="1418"/>
</LocList>
</BasicStmnt>
<BasicStmnt CovItemId="S8" CovItemPrefix="cabra.NoteTextPane.java" Intrnl_Id="4271">
<LocList>
<Loc EndOffset="1520" SrcFileId="36" StartOffset="1478"/>
</LocList>
</BasicStmnt>
<BasicStmnt CovItemId="S9" CovItemPrefix="cabra.NoteTextPane.java" Intrnl_Id="4272">
<LocList>
<Loc EndOffset="1557" SrcFileId="36" StartOffset="1537"/>
</LocList>
</BasicStmnt>
<BasicStmnt CovItemId="S10" CovItemPrefix="cabra.NoteTextPane.java" Intrnl_Id="4273">
<LocList>
<Loc EndOffset="1597" SrcFileId="36" StartOffset="1566"/>
</LocList>
</BasicStmnt>
<BasicStmnt CovItemId="S11" CovItemPrefix="cabra.NoteTextPane.java" Intrnl_Id="4274">
<LocList>
<Loc EndOffset="1642" SrcFileId="36" StartOffset="1606"/>
</LocList>
</BasicStmnt>
<BasicStmnt CovItemId="S12" CovItemPrefix="cabra.NoteTextPane.java" Intrnl_Id="4275">
<LocList>
<Loc EndOffset="1798" SrcFileId="36" StartOffset="1784"/>
</LocList>
</BasicStmnt>
<BasicStmnt CovItemId="S13" CovItemPrefix="cabra.NoteTextPane.java" Intrnl_Id="4276">
<LocList>
<Loc EndOffset="2332" SrcFileId="36" StartOffset="2274"/>
</LocList>
</BasicStmnt>
<BasicStmnt CovItemId="S14" CovItemPrefix="cabra.NoteTextPane.java" Intrnl_Id="4277">
<LocList>
<Loc EndOffset="2443" SrcFileId="36" StartOffset="2393"/>
</LocList>
</BasicStmnt>
</StmntSeq>
</HierarchyLvl>
<HierarchyLvl HierarchyLvlId="1511" HierarchyLvlTypeId="67" Intrnl_Id="4278" Name="getUndoAction">
<Header>
<Loc EndOffset="2493" SrcFileId="36" StartOffset="2460"/>
</Header>
<LocList>
<Loc EndOffset="2515" SrcFileId="36" StartOffset="2460"/>
</LocList>
<StmntSeq Intrnl_Id="4279">
<LocList>
<Loc EndOffset="2513" SrcFileId="36" StartOffset="2495"/>
</LocList>
<BasicStmnt CovItemId="S15" CovItemPrefix="cabra.NoteTextPane.java" Intrnl_Id="4280">
<LocList>
<Loc EndOffset="2513" SrcFileId="36" StartOffset="2495"/>
</LocList>
</BasicStmnt>
</StmntSeq>
</HierarchyLvl>
<HierarchyLvl HierarchyLvlId="1512" HierarchyLvlTypeId="67" Intrnl_Id="4281" Name="getRedoAction">
<Header>
<Loc EndOffset="2553" SrcFileId="36" StartOffset="2520"/>
</Header>
<LocList>
<Loc EndOffset="2575" SrcFileId="36" StartOffset="2520"/>
</LocList>
<StmntSeq Intrnl_Id="4282">
<LocList>
<Loc EndOffset="2573" SrcFileId="36" StartOffset="2555"/>
</LocList>
<BasicStmnt CovItemId="S16" CovItemPrefix="cabra.NoteTextPane.java" Intrnl_Id="4283">
<LocList>
<Loc EndOffset="2573" SrcFileId="36" StartOffset="2555"/>
</LocList>
</BasicStmnt>
</StmntSeq>
</HierarchyLvl>
<HierarchyLvl HierarchyLvlId="1513" HierarchyLvlTypeId="67" Intrnl_Id="4284" Name="addUndoRedoButtons">
<Header>
<Loc EndOffset="2632" SrcFileId="36" StartOffset="2585"/>
</Header>
<LocList>
<Loc EndOffset="3051" SrcFileId="36" StartOffset="2585"/>
</LocList>
<StmntSeq Intrnl_Id="4285">
<LocList>
<Loc EndOffset="2732" SrcFileId="36" StartOffset="2666"/>
<Loc EndOffset="2807" SrcFileId="36" StartOffset="2741"/>
<Loc EndOffset="3007" SrcFileId="36" StartOffset="2978"/>
<Loc EndOffset="3045" SrcFileId="36" StartOffset="3016"/>
</LocList>
<BasicStmnt CovItemId="S17" CovItemPrefix="cabra.NoteTextPane.java" Intrnl_Id="4286">
<LocList>
<Loc EndOffset="2732" SrcFileId="36" StartOffset="2666"/>
</LocList>
</BasicStmnt>
<BasicStmnt CovItemId="S18" CovItemPrefix="cabra.NoteTextPane.java" Intrnl_Id="4287">
<LocList>
<Loc EndOffset="2807" SrcFileId="36" StartOffset="2741"/>
</LocList>
</BasicStmnt>
<BasicStmnt CovItemId="S19" CovItemPrefix="cabra.NoteTextPane.java" Intrnl_Id="4288">
<LocList>
<Loc EndOffset="3007" SrcFileId="36" StartOffset="2978"/>
</LocList>
</BasicStmnt>
<BasicStmnt CovItemId="S20" CovItemPrefix="cabra.NoteTextPane.java" Intrnl_Id="4289">
<LocList>
<Loc EndOffset="3045" SrcFileId="36" StartOffset="3016"/>
</LocList>
</BasicStmnt>
</StmntSeq>
</HierarchyLvl>
<HierarchyLvl HierarchyLvlId="1514" HierarchyLvlTypeId="67" Intrnl_Id="4290" Name="insertImageIcon">
<Header>
<Loc EndOffset="3100" SrcFileId="36" StartOffset="3057"/>
</Header>
<LocList>
<Loc EndOffset="3899" SrcFileId="36" StartOffset="3057"/>
</LocList>
<StmntSeq Intrnl_Id="4291">
<LocList>
<Loc EndOffset="3315" SrcFileId="36" StartOffset="3174"/>
<Loc EndOffset="3368" SrcFileId="36" StartOffset="3324"/>
<Loc EndOffset="3441" SrcFileId="36" StartOffset="3377"/>
<Loc EndOffset="3649" SrcFileId="36" StartOffset="3450"/>
<Loc EndOffset="3764" SrcFileId="36" StartOffset="3716"/>
<Loc EndOffset="3885" SrcFileId="36" StartOffset="3699"/>
</LocList>
<BasicStmnt CovItemId="S21" CovItemPrefix="cabra.NoteTextPane.java" Intrnl_Id="4292">
<LocList>
<Loc EndOffset="3315" SrcFileId="36" StartOffset="3174"/>
</LocList>
</BasicStmnt>
<BasicStmnt CovItemId="S22" CovItemPrefix="cabra.NoteTextPane.java" Intrnl_Id="4293">
<LocList>
<Loc EndOffset="3368" SrcFileId="36" StartOffset="3324"/>
</LocList>
</BasicStmnt>
<BasicStmnt CovItemId="S23" CovItemPrefix="cabra.NoteTextPane.java" Intrnl_Id="4294">
<LocList>
<Loc EndOffset="3441" SrcFileId="36" StartOffset="3377"/>
</LocList>
</BasicStmnt>
<CondStmnt CovItemId="S24" CovItemPrefix="cabra.NoteTextPane.java" Intrnl_Id="4295">
<Branch CovItemId="B1" CovItemPrefix="cabra.NoteTextPane.java" Implct="false" Intrnl_Id="4296">
<Cond/>
<LocList>
<Loc EndOffset="3649" SrcFileId="36" StartOffset="3468"/>
</LocList>
<StmntSeq Intrnl_Id="4297">
<LocList>
<Loc EndOffset="3583" SrcFileId="36" StartOffset="3519"/>
<Loc EndOffset="3639" SrcFileId="36" StartOffset="3596"/>
</LocList>
<BasicStmnt CovItemId="S25" CovItemPrefix="cabra.NoteTextPane.java" Intrnl_Id="4298">
<LocList>
<Loc EndOffset="3583" SrcFileId="36" StartOffset="3519"/>
</LocList>
</BasicStmnt>
<BasicStmnt CovItemId="S26" CovItemPrefix="cabra.NoteTextPane.java" Intrnl_Id="4299">
<LocList>
<Loc EndOffset="3639" SrcFileId="36" StartOffset="3596"/>
</LocList>
</BasicStmnt>
</StmntSeq>
</Branch>
<Branch CovItemId="B2" CovItemPrefix="cabra.NoteTextPane.java" Implct="true" Intrnl_Id="4300">
<Cond/>
<LocList/>
<StmntSeq Intrnl_Id="4301">
<LocList/>
</StmntSeq>
</Branch>
<Keyword EndOffset="3452" SrcFileId="36" StartOffset="3450"/>
<LocList>
<Loc EndOffset="3649" SrcFileId="36" StartOffset="3450"/>
</LocList>
<RootTerm CovItemId="C1" CovItemPrefix="cabra.NoteTextPane.java" Intrnl_Id="4302">
<BasicBoolTerm Intrnl_Id="4303">
<LocList>
<Loc EndOffset="3466" SrcFileId="36" StartOffset="3454"/>
</LocList>
</BasicBoolTerm>
</RootTerm>
</CondStmnt>
<BasicStmnt CovItemId="S28" CovItemPrefix="cabra.NoteTextPane.java" Intrnl_Id="4304">
<LocList>
<Loc EndOffset="3764" SrcFileId="36" StartOffset="3716"/>
</LocList>
</BasicStmnt>
<CondStmnt CovItemId="S27" CovItemPrefix="cabra.NoteTextPane.java" Intrnl_Id="4305">
<Branch CovItemId="B3" CovItemPrefix="cabra.NoteTextPane.java" Implct="true" Intrnl_Id="4306">
<Cond/>
<LocList/>
<StmntSeq Intrnl_Id="4307">
<LocList/>
</StmntSeq>
</Branch>
<Branch CovItemId="B4" CovItemPrefix="cabra.NoteTextPane.java" Implct="false" Intrnl_Id="4308">
<Cond>
<Loc EndOffset="3819" SrcFileId="36" StartOffset="3788"/>
</Cond>
<LocList>
<Loc EndOffset="3885" SrcFileId="36" StartOffset="3819"/>
</LocList>
<StmntSeq Intrnl_Id="4309">
<LocList>
<Loc EndOffset="3875" SrcFileId="36" StartOffset="3833"/>
</LocList>
<BasicStmnt CovItemId="S29" CovItemPrefix="cabra.NoteTextPane.java" Intrnl_Id="4310">
<LocList>
<Loc EndOffset="3875" SrcFileId="36" StartOffset="3833"/>
</LocList>
</BasicStmnt>
</StmntSeq>
</Branch>
<Keyword EndOffset="3702" SrcFileId="36" StartOffset="3699"/>
<LocList>
<Loc EndOffset="3885" SrcFileId="36" StartOffset="3699"/>
</LocList>
</CondStmnt>
</StmntSeq>
</HierarchyLvl>
<HierarchyLvl HierarchyLvlId="1516" HierarchyLvlTypeId="66" Intrnl_Id="4311" Name="MyUndoableEditListener">
<Header>
<Loc EndOffset="4052" SrcFileId="36" StartOffset="3962"/>
</Header>
<LocList>
<Loc EndOffset="4311" SrcFileId="36" StartOffset="3962"/>
</LocList>
<HierarchyLvl HierarchyLvlId="1515" HierarchyLvlTypeId="67" Intrnl_Id="4312" Name="undoableEditHappened">
<Header>
<Loc EndOffset="4116" SrcFileId="36" StartOffset="4063"/>
</Header>
<LocList>
<Loc EndOffset="4305" SrcFileId="36" StartOffset="4063"/>
</LocList>
<StmntSeq Intrnl_Id="4313">
<LocList>
<Loc EndOffset="4211" SrcFileId="36" StartOffset="4185"/>
<Loc EndOffset="4253" SrcFileId="36" StartOffset="4224"/>
<Loc EndOffset="4295" SrcFileId="36" StartOffset="4266"/>
</LocList>
<BasicStmnt CovItemId="S30" CovItemPrefix="cabra.NoteTextPane.java" Intrnl_Id="4314">
<LocList>
<Loc EndOffset="4211" SrcFileId="36" StartOffset="4185"/>
</LocList>
</BasicStmnt>
<BasicStmnt CovItemId="S31" CovItemPrefix="cabra.NoteTextPane.java" Intrnl_Id="4315">
<LocList>
<Loc EndOffset="4253" SrcFileId="36" StartOffset="4224"/>
</LocList>
</BasicStmnt>
<BasicStmnt CovItemId="S32" CovItemPrefix="cabra.NoteTextPane.java" Intrnl_Id="4316">
<LocList>
<Loc EndOffset="4295" SrcFileId="36" StartOffset="4266"/>
</LocList>
</BasicStmnt>
</StmntSeq>
</HierarchyLvl>
</HierarchyLvl>
<HierarchyLvl HierarchyLvlId="1521" HierarchyLvlTypeId="66" Intrnl_Id="4317" Name="MyDocumentListener">
<Header>
<Loc EndOffset="4459" SrcFileId="36" StartOffset="4377"/>
</Header>
<LocList>
<Loc EndOffset="5168" SrcFileId="36" StartOffset="4377"/>
</LocList>
<HierarchyLvl HierarchyLvlId="1517" HierarchyLvlTypeId="67" Intrnl_Id="4318" Name="insertUpdate">
<Header>
<Loc EndOffset="4511" SrcFileId="36" StartOffset="4470"/>
</Header>
<LocList>
<Loc EndOffset="4555" SrcFileId="36" StartOffset="4470"/>
</LocList>
<StmntSeq Intrnl_Id="4319">
<LocList>
<Loc EndOffset="4545" SrcFileId="36" StartOffset="4526"/>
</LocList>
<BasicStmnt CovItemId="S33" CovItemPrefix="cabra.NoteTextPane.java" Intrnl_Id="4320">
<LocList>
<Loc EndOffset="4545" SrcFileId="36" StartOffset="4526"/>
</LocList>
</BasicStmnt>
</StmntSeq>
</HierarchyLvl>
<HierarchyLvl HierarchyLvlId="1518" HierarchyLvlTypeId="67" Intrnl_Id="4321" Name="removeUpdate">
<Header>
<Loc EndOffset="4605" SrcFileId="36" StartOffset="4564"/>
</Header>
<LocList>
<Loc EndOffset="4649" SrcFileId="36" StartOffset="4564"/>
</LocList>
<StmntSeq Intrnl_Id="4322">
<LocList>
<Loc EndOffset="4639" SrcFileId="36" StartOffset="4620"/>
</LocList>
<BasicStmnt CovItemId="S34" CovItemPrefix="cabra.NoteTextPane.java" Intrnl_Id="4323">
<LocList>
<Loc EndOffset="4639" SrcFileId="36" StartOffset="4620"/>
</LocList>
</BasicStmnt>
</StmntSeq>
</HierarchyLvl>
<HierarchyLvl HierarchyLvlId="1519" HierarchyLvlTypeId="67" Intrnl_Id="4324" Name="changedUpdate">
<Header>
<Loc EndOffset="4700" SrcFileId="36" StartOffset="4658"/>
</Header>
<LocList>
<Loc EndOffset="4744" SrcFileId="36" StartOffset="4658"/>
</LocList>
<StmntSeq Intrnl_Id="4325">
<LocList>
<Loc EndOffset="4734" SrcFileId="36" StartOffset="4715"/>
</LocList>
<BasicStmnt CovItemId="S35" CovItemPrefix="cabra.NoteTextPane.java" Intrnl_Id="4326">
<LocList>
<Loc EndOffset="4734" SrcFileId="36" StartOffset="4715"/>
</LocList>
</BasicStmnt>
</StmntSeq>
</HierarchyLvl>
<HierarchyLvl HierarchyLvlId="1520" HierarchyLvlTypeId="67" Intrnl_Id="4327" Name="displayEditInfo">
<Header>
<Loc EndOffset="4798" SrcFileId="36" StartOffset="4753"/>
</Header>
<LocList>
<Loc EndOffset="5162" SrcFileId="36" StartOffset="4753"/>
</LocList>
<StmntSeq Intrnl_Id="4328">
<LocList>
<Loc EndOffset="4849" SrcFileId="36" StartOffset="4813"/>
</LocList>
<BasicStmnt CovItemId="S36" CovItemPrefix="cabra.NoteTextPane.java" Intrnl_Id="4329">
<LocList>
<Loc EndOffset="4849" SrcFileId="36" StartOffset="4813"/>
</LocList>
</BasicStmnt>
</StmntSeq>
</HierarchyLvl>
</HierarchyLvl>
<HierarchyLvl HierarchyLvlId="1522" HierarchyLvlTypeId="67" Intrnl_Id="4330" Name="addBindings">
<Header>
<Loc EndOffset="5246" SrcFileId="36" StartOffset="5218"/>
</Header>
<LocList>
<Loc EndOffset="7666" SrcFileId="36" StartOffset="5218"/>
</LocList>
<StmntSeq Intrnl_Id="4331">
<LocList>
<Loc EndOffset="5291" SrcFileId="36" StartOffset="5257"/>
<Loc EndOffset="5402" SrcFileId="36" StartOffset="5331"/>
<Loc EndOffset="5460" SrcFileId="36" StartOffset="5411"/>
<Loc EndOffset="5506" SrcFileId="36" StartOffset="5469"/>
<Loc EndOffset="5549" SrcFileId="36" StartOffset="5523"/>
<Loc EndOffset="5663" SrcFileId="36" StartOffset="5602"/>
<Loc EndOffset="5716" SrcFileId="36" StartOffset="5672"/>
<Loc EndOffset="5764" SrcFileId="36" StartOffset="5725"/>
<Loc EndOffset="5807" SrcFileId="36" StartOffset="5781"/>
<Loc EndOffset="5927" SrcFileId="36" StartOffset="5866"/>
<Loc EndOffset="5983" SrcFileId="36" StartOffset="5936"/>
<Loc EndOffset="6034" SrcFileId="36" StartOffset="5992"/>
<Loc EndOffset="6077" SrcFileId="36" StartOffset="6051"/>
<Loc EndOffset="6190" SrcFileId="36" StartOffset="6129"/>
<Loc EndOffset="6263" SrcFileId="36" StartOffset="6199"/>
<Loc EndOffset="6308" SrcFileId="36" StartOffset="6272"/>
<Loc EndOffset="6351" SrcFileId="36" StartOffset="6325"/>
<Loc EndOffset="6481" SrcFileId="36" StartOffset="6419"/>
<Loc EndOffset="6545" SrcFileId="36" StartOffset="6491"/>
<Loc EndOffset="6590" SrcFileId="36" StartOffset="6554"/>
<Loc EndOffset="6633" SrcFileId="36" StartOffset="6607"/>
<Loc EndOffset="6768" SrcFileId="36" StartOffset="6704"/>
<Loc EndOffset="6832" SrcFileId="36" StartOffset="6778"/>
<Loc EndOffset="6879" SrcFileId="36" StartOffset="6841"/>
<Loc EndOffset="6922" SrcFileId="36" StartOffset="6896"/>
<Loc EndOffset="7033" SrcFileId="36" StartOffset="6972"/>
<Loc EndOffset="7072" SrcFileId="36" StartOffset="7042"/>
<Loc EndOffset="7122" SrcFileId="36" StartOffset="7081"/>
<Loc EndOffset="7169" SrcFileId="36" StartOffset="7139"/>
<Loc EndOffset="7273" SrcFileId="36" StartOffset="7212"/>
<Loc EndOffset="7312" SrcFileId="36" StartOffset="7282"/>
<Loc EndOffset="7362" SrcFileId="36" StartOffset="7321"/>
<Loc EndOffset="7409" SrcFileId="36" StartOffset="7379"/>
<Loc EndOffset="7513" SrcFileId="36" StartOffset="7452"/>
<Loc EndOffset="7563" SrcFileId="36" StartOffset="7522"/>
<Loc EndOffset="7613" SrcFileId="36" StartOffset="7572"/>
<Loc EndOffset="7660" SrcFileId="36" StartOffset="7630"/>
</LocList>
<BasicStmnt CovItemId="S37" CovItemPrefix="cabra.NoteTextPane.java" Intrnl_Id="4332">
<LocList>
<Loc EndOffset="5291" SrcFileId="36" StartOffset="5257"/>
</LocList>
</BasicStmnt>
<BasicStmnt CovItemId="S38" CovItemPrefix="cabra.NoteTextPane.java" Intrnl_Id="4333">
<LocList>
<Loc EndOffset="5402" SrcFileId="36" StartOffset="5331"/>
</LocList>
</BasicStmnt>
<BasicStmnt CovItemId="S39" CovItemPrefix="cabra.NoteTextPane.java" Intrnl_Id="4334">
<LocList>
<Loc EndOffset="5460" SrcFileId="36" StartOffset="5411"/>
</LocList>
</BasicStmnt>
<BasicStmnt CovItemId="S40" CovItemPrefix="cabra.NoteTextPane.java" Intrnl_Id="4335">
<LocList>
<Loc EndOffset="5506" SrcFileId="36" StartOffset="5469"/>
</LocList>
</BasicStmnt>
<BasicStmnt CovItemId="S41" CovItemPrefix="cabra.NoteTextPane.java" Intrnl_Id="4336">
<LocList>
<Loc EndOffset="5549" SrcFileId="36" StartOffset="5523"/>
</LocList>
</BasicStmnt>
<BasicStmnt CovItemId="S42" CovItemPrefix="cabra.NoteTextPane.java" Intrnl_Id="4337">
<LocList>
<Loc EndOffset="5663" SrcFileId="36" StartOffset="5602"/>
</LocList>
</BasicStmnt>
<BasicStmnt CovItemId="S43" CovItemPrefix="cabra.NoteTextPane.java" Intrnl_Id="4338">
<LocList>
<Loc EndOffset="5716" SrcFileId="36" StartOffset="5672"/>
</LocList>
</BasicStmnt>
<BasicStmnt CovItemId="S44" CovItemPrefix="cabra.NoteTextPane.java" Intrnl_Id="4339">
<LocList>
<Loc EndOffset="5764" SrcFileId="36" StartOffset="5725"/>
</LocList>
</BasicStmnt>
<BasicStmnt CovItemId="S45" CovItemPrefix="cabra.NoteTextPane.java" Intrnl_Id="4340">
<LocList>
<Loc EndOffset="5807" SrcFileId="36" StartOffset="5781"/>
</LocList>
</BasicStmnt>
<BasicStmnt CovItemId="S46" CovItemPrefix="cabra.NoteTextPane.java" Intrnl_Id="4341">
<LocList>
<Loc EndOffset="5927" SrcFileId="36" StartOffset="5866"/>
</LocList>
</BasicStmnt>
<BasicStmnt CovItemId="S47" CovItemPrefix="cabra.NoteTextPane.java" Intrnl_Id="4342">
<LocList>
<Loc EndOffset="5983" SrcFileId="36" StartOffset="5936"/>
</LocList>
</BasicStmnt>
<BasicStmnt CovItemId="S48" CovItemPrefix="cabra.NoteTextPane.java" Intrnl_Id="4343">
<LocList>
<Loc EndOffset="6034" SrcFileId="36" StartOffset="5992"/>
</LocList>
</BasicStmnt>
<BasicStmnt CovItemId="S49" CovItemPrefix="cabra.NoteTextPane.java" Intrnl_Id="4344">
<LocList>
<Loc EndOffset="6077" SrcFileId="36" StartOffset="6051"/>
</LocList>
</BasicStmnt>
<BasicStmnt CovItemId="S50" CovItemPrefix="cabra.NoteTextPane.java" Intrnl_Id="4345">
<LocList>
<Loc EndOffset="6190" SrcFileId="36" StartOffset="6129"/>
</LocList>
</BasicStmnt>
<BasicStmnt CovItemId="S51" CovItemPrefix="cabra.NoteTextPane.java" Intrnl_Id="4346">
<LocList>
<Loc EndOffset="6263" SrcFileId="36" StartOffset="6199"/>
</LocList>
</BasicStmnt>
<BasicStmnt CovItemId="S52" CovItemPrefix="cabra.NoteTextPane.java" Intrnl_Id="4347">
<LocList>
<Loc EndOffset="6308" SrcFileId="36" StartOffset="6272"/>
</LocList>
</BasicStmnt>
<BasicStmnt CovItemId="S53" CovItemPrefix="cabra.NoteTextPane.java" Intrnl_Id="4348">
<LocList>
<Loc EndOffset="6351" SrcFileId="36" StartOffset="6325"/>
</LocList>
</BasicStmnt>
<BasicStmnt CovItemId="S54" CovItemPrefix="cabra.NoteTextPane.java" Intrnl_Id="4349">
<LocList>
<Loc EndOffset="6481" SrcFileId="36" StartOffset="6419"/>
</LocList>
</BasicStmnt>
<BasicStmnt CovItemId="S55" CovItemPrefix="cabra.NoteTextPane.java" Intrnl_Id="4350">
<LocList>
<Loc EndOffset="6545" SrcFileId="36" StartOffset="6491"/>
</LocList>
</BasicStmnt>
<BasicStmnt CovItemId="S56" CovItemPrefix="cabra.NoteTextPane.java" Intrnl_Id="4351">
<LocList>
<Loc EndOffset="6590" SrcFileId="36" StartOffset="6554"/>
</LocList>
</BasicStmnt>
<BasicStmnt CovItemId="S57" CovItemPrefix="cabra.NoteTextPane.java" Intrnl_Id="4352">
<LocList>
<Loc EndOffset="6633" SrcFileId="36" StartOffset="6607"/>
</LocList>
</BasicStmnt>
<BasicStmnt CovItemId="S58" CovItemPrefix="cabra.NoteTextPane.java" Intrnl_Id="4353">
<LocList>
<Loc EndOffset="6768" SrcFileId="36" StartOffset="6704"/>
</LocList>
</BasicStmnt>
<BasicStmnt CovItemId="S59" CovItemPrefix="cabra.NoteTextPane.java" Intrnl_Id="4354">
<LocList>
<Loc EndOffset="6832" SrcFileId="36" StartOffset="6778"/>
</LocList>
</BasicStmnt>
<BasicStmnt CovItemId="S60" CovItemPrefix="cabra.NoteTextPane.java" Intrnl_Id="4355">
<LocList>
<Loc EndOffset="6879" SrcFileId="36" StartOffset="6841"/>
</LocList>
</BasicStmnt>
<BasicStmnt CovItemId="S61" CovItemPrefix="cabra.NoteTextPane.java" Intrnl_Id="4356">
<LocList>
<Loc EndOffset="6922" SrcFileId="36" StartOffset="6896"/>
</LocList>
</BasicStmnt>
<BasicStmnt CovItemId="S62" CovItemPrefix="cabra.NoteTextPane.java" Intrnl_Id="4357">
<LocList>
<Loc EndOffset="7033" SrcFileId="36" StartOffset="6972"/>
</LocList>
</BasicStmnt>
<BasicStmnt CovItemId="S63" CovItemPrefix="cabra.NoteTextPane.java" Intrnl_Id="4358">
<LocList>
<Loc EndOffset="7072" SrcFileId="36" StartOffset="7042"/>
</LocList>
</BasicStmnt>
<BasicStmnt CovItemId="S64" CovItemPrefix="cabra.NoteTextPane.java" Intrnl_Id="4359">
<LocList>
<Loc EndOffset="7122" SrcFileId="36" StartOffset="7081"/>
</LocList>
</BasicStmnt>
<BasicStmnt CovItemId="S65" CovItemPrefix="cabra.NoteTextPane.java" Intrnl_Id="4360">
<LocList>
<Loc EndOffset="7169" SrcFileId="36" StartOffset="7139"/>
</LocList>
</BasicStmnt>
<BasicStmnt CovItemId="S66" CovItemPrefix="cabra.NoteTextPane.java" Intrnl_Id="4361">
<LocList>
<Loc EndOffset="7273" SrcFileId="36" StartOffset="7212"/>
</LocList>
</BasicStmnt>
<BasicStmnt CovItemId="S67" CovItemPrefix="cabra.NoteTextPane.java" Intrnl_Id="4362">
<LocList>
<Loc EndOffset="7312" SrcFileId="36" StartOffset="7282"/>
</LocList>
</BasicStmnt>
<BasicStmnt CovItemId="S68" CovItemPrefix="cabra.NoteTextPane.java" Intrnl_Id="4363">
<LocList>
<Loc EndOffset="7362" SrcFileId="36" StartOffset="7321"/>
</LocList>
</BasicStmnt>
<BasicStmnt CovItemId="S69" CovItemPrefix="cabra.NoteTextPane.java" Intrnl_Id="4364">
<LocList>
<Loc EndOffset="7409" SrcFileId="36" StartOffset="7379"/>
</LocList>
</BasicStmnt>
<BasicStmnt CovItemId="S70" CovItemPrefix="cabra.NoteTextPane.java" Intrnl_Id="4365">
<LocList>
<Loc EndOffset="7513" SrcFileId="36" StartOffset="7452"/>
</LocList>
</BasicStmnt>
<BasicStmnt CovItemId="S71" CovItemPrefix="cabra.NoteTextPane.java" Intrnl_Id="4366">
<LocList>
<Loc EndOffset="7563" SrcFileId="36" StartOffset="7522"/>
</LocList>
</BasicStmnt>
<BasicStmnt CovItemId="S72" CovItemPrefix="cabra.NoteTextPane.java" Intrnl_Id="4367">
<LocList>
<Loc EndOffset="7613" SrcFileId="36" StartOffset="7572"/>
</LocList>
</BasicStmnt>
<BasicStmnt CovItemId="S73" CovItemPrefix="cabra.NoteTextPane.java" Intrnl_Id="4368">
<LocList>
<Loc EndOffset="7660" SrcFileId="36" StartOffset="7630"/>
</LocList>
</BasicStmnt>
</StmntSeq>
</HierarchyLvl>
<HierarchyLvl HierarchyLvlId="1525" HierarchyLvlTypeId="66" Intrnl_Id="4369" Name="SaveAction">
<Header>
<Loc EndOffset="7715" SrcFileId="36" StartOffset="7676"/>
</Header>
<LocList>
<Loc EndOffset="7968" SrcFileId="36" StartOffset="7676"/>
</LocList>
<HierarchyLvl HierarchyLvlId="1523" HierarchyLvlTypeId="67" Intrnl_Id="4370" Name="SaveAction">
<Header>
<Loc EndOffset="7744" SrcFileId="36" StartOffset="7725"/>
</Header>
<LocList>
<Loc EndOffset="7782" SrcFileId="36" StartOffset="7725"/>
</LocList>
<StmntSeq Intrnl_Id="4371">
<LocList>
<Loc EndOffset="7772" SrcFileId="36" StartOffset="7758"/>
</LocList>
<BasicStmnt CovItemId="S74" CovItemPrefix="cabra.NoteTextPane.java" Intrnl_Id="4372">
<LocList>
<Loc EndOffset="7772" SrcFileId="36" StartOffset="7758"/>
</LocList>
</BasicStmnt>
</StmntSeq>
</HierarchyLvl>
<HierarchyLvl HierarchyLvlId="1524" HierarchyLvlTypeId="67" Intrnl_Id="4373" Name="actionPerformed">
<Header>
<Loc EndOffset="7868" SrcFileId="36" StartOffset="7800"/>
</Header>
<LocList>
<Loc EndOffset="7962" SrcFileId="36" StartOffset="7800"/>
</LocList>
<StmntSeq Intrnl_Id="4374">
<LocList>
<Loc EndOffset="7944" SrcFileId="36" StartOffset="7926"/>
</LocList>
<BasicStmnt CovItemId="S75" CovItemPrefix="cabra.NoteTextPane.java" Intrnl_Id="4375">
<LocList>
<Loc EndOffset="7944" SrcFileId="36" StartOffset="7926"/>
</LocList>
</BasicStmnt>
</StmntSeq>
</HierarchyLvl>
</HierarchyLvl>
<HierarchyLvl HierarchyLvlId="1530" HierarchyLvlTypeId="66" Intrnl_Id="4376" Name="UndoAction">
<Header>
<Loc EndOffset="8013" SrcFileId="36" StartOffset="7974"/>
</Header>
<LocList>
<Loc EndOffset="9333" SrcFileId="36" StartOffset="7974"/>
</LocList>
<HierarchyLvl HierarchyLvlId="1526" HierarchyLvlTypeId="67" Intrnl_Id="4377" Name="UndoAction">
<Header>
<Loc EndOffset="8043" SrcFileId="36" StartOffset="8024"/>
</Header>
<LocList>
<Loc EndOffset="8151" SrcFileId="36" StartOffset="8024"/>
</LocList>
<StmntSeq Intrnl_Id="4378">
<LocList>
<Loc EndOffset="8072" SrcFileId="36" StartOffset="8058"/>
</LocList>
<BasicStmnt CovItemId="S76" CovItemPrefix="cabra.NoteTextPane.java" Intrnl_Id="4379">
<LocList>
<Loc EndOffset="8072" SrcFileId="36" StartOffset="8058"/>
</LocList>
</BasicStmnt>
</StmntSeq>
</HierarchyLvl>
<HierarchyLvl HierarchyLvlId="1527" HierarchyLvlTypeId="67" Intrnl_Id="4380" Name="setEnabled">
<Header>
<Loc EndOffset="8224" SrcFileId="36" StartOffset="8169"/>
</Header>
<LocList>
<Loc EndOffset="8673" SrcFileId="36" StartOffset="8169"/>
</LocList>
<StmntSeq Intrnl_Id="4381">
<LocList>
<Loc EndOffset="8333" SrcFileId="36" StartOffset="8313"/>
<Loc EndOffset="8418" SrcFileId="36" StartOffset="8393"/>
<Loc EndOffset="8659" SrcFileId="36" StartOffset="8474"/>
</LocList>
<BasicStmnt CovItemId="S77" CovItemPrefix="cabra.NoteTextPane.java" Intrnl_Id="4382">
<LocList>
<Loc EndOffset="8333" SrcFileId="36" StartOffset="8313"/>
</LocList>
</BasicStmnt>
<BasicStmnt CovItemId="S78" CovItemPrefix="cabra.NoteTextPane.java" Intrnl_Id="4383">
<LocList>
<Loc EndOffset="8418" SrcFileId="36" StartOffset="8393"/>
</LocList>
</BasicStmnt>
<CondStmnt CovItemId="S79" CovItemPrefix="cabra.NoteTextPane.java" Intrnl_Id="4384">
<Branch CovItemId="B5" CovItemPrefix="cabra.NoteTextPane.java" Implct="false" Intrnl_Id="4385">
<Cond/>
<LocList>
<Loc EndOffset="8574" SrcFileId="36" StartOffset="8500"/>
</LocList>
<StmntSeq Intrnl_Id="4386">
<LocList>
<Loc EndOffset="8556" SrcFileId="36" StartOffset="8522"/>
</LocList>
<BasicStmnt CovItemId="S80" CovItemPrefix="cabra.NoteTextPane.java" Intrnl_Id="4387">
<LocList>
<Loc EndOffset="8556" SrcFileId="36" StartOffset="8522"/>
</LocList>
</BasicStmnt>
</StmntSeq>
</Branch>
<Branch CovItemId="B6" CovItemPrefix="cabra.NoteTextPane.java" Implct="false" Intrnl_Id="4388">
<Cond>
<Loc EndOffset="8579" SrcFileId="36" StartOffset="8575"/>
</Cond>
<LocList>
<Loc EndOffset="8659" SrcFileId="36" StartOffset="8579"/>
</LocList>
<StmntSeq Intrnl_Id="4389">
<LocList>
<Loc EndOffset="8641" SrcFileId="36" StartOffset="8601"/>
</LocList>
<BasicStmnt CovItemId="S81" CovItemPrefix="cabra.NoteTextPane.java" Intrnl_Id="4390">
<LocList>
<Loc EndOffset="8641" SrcFileId="36" StartOffset="8601"/>
</LocList>
</BasicStmnt>
</StmntSeq>
</Branch>
<Keyword EndOffset="8476" SrcFileId="36" StartOffset="8474"/>
<LocList>
<Loc EndOffset="8659" SrcFileId="36" StartOffset="8474"/>
</LocList>
<RootTerm CovItemId="C2" CovItemPrefix="cabra.NoteTextPane.java" Intrnl_Id="4391">
<BasicBoolTerm Intrnl_Id="4392">
<LocList>
<Loc EndOffset="8499" SrcFileId="36" StartOffset="8477"/>
</LocList>
</BasicBoolTerm>
</RootTerm>
</CondStmnt>
</StmntSeq>
</HierarchyLvl>
<HierarchyLvl HierarchyLvlId="1528" HierarchyLvlTypeId="67" Intrnl_Id="4393" Name="actionPerformed">
<Header>
<Loc EndOffset="8725" SrcFileId="36" StartOffset="8683"/>
</Header>
<LocList>
<Loc EndOffset="9017" SrcFileId="36" StartOffset="8683"/>
</LocList>
<StmntSeq Intrnl_Id="4394">
<LocList>
<Loc EndOffset="8774" SrcFileId="36" StartOffset="8762"/>
<Loc EndOffset="8934" SrcFileId="36" StartOffset="8740"/>
<Loc EndOffset="8965" SrcFileId="36" StartOffset="8947"/>
<Loc EndOffset="9007" SrcFileId="36" StartOffset="8978"/>
</LocList>
<BasicStmnt CovItemId="S83" CovItemPrefix="cabra.NoteTextPane.java" Intrnl_Id="4395">
<LocList>
<Loc EndOffset="8774" SrcFileId="36" StartOffset="8762"/>
</LocList>
</BasicStmnt>
<CondStmnt CovItemId="S82" CovItemPrefix="cabra.NoteTextPane.java" Intrnl_Id="4396">
<Branch CovItemId="B7" CovItemPrefix="cabra.NoteTextPane.java" Implct="true" Intrnl_Id="4397">
<Cond/>
<LocList/>
<StmntSeq Intrnl_Id="4398">
<LocList/>
</StmntSeq>
</Branch>
<Branch CovItemId="B8" CovItemPrefix="cabra.NoteTextPane.java" Implct="false" Intrnl_Id="4399">
<Cond>
<Loc EndOffset="8819" SrcFileId="36" StartOffset="8789"/>
</Cond>
<LocList>
<Loc EndOffset="8934" SrcFileId="36" StartOffset="8820"/>
</LocList>
<StmntSeq Intrnl_Id="4400">
<LocList>
<Loc EndOffset="8882" SrcFileId="36" StartOffset="8838"/>
<Loc EndOffset="8920" SrcFileId="36" StartOffset="8899"/>
</LocList>
<BasicStmnt CovItemId="S84" CovItemPrefix="cabra.NoteTextPane.java" Intrnl_Id="4401">
<LocList>
<Loc EndOffset="8882" SrcFileId="36" StartOffset="8838"/>
</LocList>
</BasicStmnt>
<BasicStmnt CovItemId="S85" CovItemPrefix="cabra.NoteTextPane.java" Intrnl_Id="4402">
<LocList>
<Loc EndOffset="8920" SrcFileId="36" StartOffset="8899"/>
</LocList>
</BasicStmnt>
</StmntSeq>
</Branch>
<Keyword EndOffset="8743" SrcFileId="36" StartOffset="8740"/>
<LocList>
<Loc EndOffset="8934" SrcFileId="36" StartOffset="8740"/>
</LocList>
</CondStmnt>
<BasicStmnt CovItemId="S86" CovItemPrefix="cabra.NoteTextPane.java" Intrnl_Id="4403">
<LocList>
<Loc EndOffset="8965" SrcFileId="36" StartOffset="8947"/>
</LocList>
</BasicStmnt>
<BasicStmnt CovItemId="S87" CovItemPrefix="cabra.NoteTextPane.java" Intrnl_Id="4404">
<LocList>
<Loc EndOffset="9007" SrcFileId="36" StartOffset="8978"/>
</LocList>
</BasicStmnt>
</StmntSeq>
</HierarchyLvl>
<HierarchyLvl HierarchyLvlId="1529" HierarchyLvlTypeId="67" Intrnl_Id="4405" Name="updateUndoState">
<Header>
<Loc EndOffset="9059" SrcFileId="36" StartOffset="9027"/>
</Header>
<LocList>
<Loc EndOffset="9327" SrcFileId="36" StartOffset="9027"/>
</LocList>
<StmntSeq Intrnl_Id="4406">
<LocList>
<Loc EndOffset="9317" SrcFileId="36" StartOffset="9074"/>
</LocList>
<CondStmnt CovItemId="S88" CovItemPrefix="cabra.NoteTextPane.java" Intrnl_Id="4407">
<Branch CovItemId="B9" CovItemPrefix="cabra.NoteTextPane.java" Implct="false" Intrnl_Id="4408">
<Cond/>
<LocList>
<Loc EndOffset="9214" SrcFileId="36" StartOffset="9094"/>
</LocList>
<StmntSeq Intrnl_Id="4409">
<LocList>
<Loc EndOffset="9129" SrcFileId="36" StartOffset="9112"/>
<Loc EndOffset="9200" SrcFileId="36" StartOffset="9146"/>
</LocList>
<BasicStmnt CovItemId="S89" CovItemPrefix="cabra.NoteTextPane.java" Intrnl_Id="4410">
<LocList>
<Loc EndOffset="9129" SrcFileId="36" StartOffset="9112"/>
</LocList>
</BasicStmnt>
<BasicStmnt CovItemId="S90" CovItemPrefix="cabra.NoteTextPane.java" Intrnl_Id="4411">
<LocList>
<Loc EndOffset="9200" SrcFileId="36" StartOffset="9146"/>
</LocList>
</BasicStmnt>
</StmntSeq>
</Branch>
<Branch CovItemId="B10" CovItemPrefix="cabra.NoteTextPane.java" Implct="false" Intrnl_Id="4412">
<Cond>
<Loc EndOffset="9219" SrcFileId="36" StartOffset="9215"/>
</Cond>
<LocList>
<Loc EndOffset="9317" SrcFileId="36" StartOffset="9220"/>
</LocList>
<StmntSeq Intrnl_Id="4413">
<LocList>
<Loc EndOffset="9256" SrcFileId="36" StartOffset="9238"/>
<Loc EndOffset="9303" SrcFileId="36" StartOffset="9273"/>
</LocList>
<BasicStmnt CovItemId="S91" CovItemPrefix="cabra.NoteTextPane.java" Intrnl_Id="4414">
<LocList>
<Loc EndOffset="9256" SrcFileId="36" StartOffset="9238"/>
</LocList>
</BasicStmnt>
<BasicStmnt CovItemId="S92" CovItemPrefix="cabra.NoteTextPane.java" Intrnl_Id="4415">
<LocList>
<Loc EndOffset="9303" SrcFileId="36" StartOffset="9273"/>
</LocList>
</BasicStmnt>
</StmntSeq>
</Branch>
<Keyword EndOffset="9076" SrcFileId="36" StartOffset="9074"/>
<LocList>
<Loc EndOffset="9317" SrcFileId="36" StartOffset="9074"/>
</LocList>
<RootTerm CovItemId="C3" CovItemPrefix="cabra.NoteTextPane.java" Intrnl_Id="4416">
<BasicBoolTerm Intrnl_Id="4417">
<LocList>
<Loc EndOffset="9092" SrcFileId="36" StartOffset="9078"/>
</LocList>
</BasicBoolTerm>
</RootTerm>
</CondStmnt>
</StmntSeq>
</HierarchyLvl>
</HierarchyLvl>
<HierarchyLvl HierarchyLvlId="1535" HierarchyLvlTypeId="66" Intrnl_Id="4418" Name="RedoAction">
<Header>
<Loc EndOffset="9378" SrcFileId="36" StartOffset="9339"/>
</Header>
<LocList>
<Loc EndOffset="10717" SrcFileId="36" StartOffset="9339"/>
</LocList>
<HierarchyLvl HierarchyLvlId="1531" HierarchyLvlTypeId="67" Intrnl_Id="4419" Name="RedoAction">
<Header>
<Loc EndOffset="9408" SrcFileId="36" StartOffset="9389"/>
</Header>
<LocList>
<Loc EndOffset="9512" SrcFileId="36" StartOffset="9389"/>
</LocList>
<StmntSeq Intrnl_Id="4420">
<LocList>
<Loc EndOffset="9437" SrcFileId="36" StartOffset="9423"/>
</LocList>
<BasicStmnt CovItemId="S93" CovItemPrefix="cabra.NoteTextPane.java" Intrnl_Id="4421">
<LocList>
<Loc EndOffset="9437" SrcFileId="36" StartOffset="9423"/>
</LocList>
</BasicStmnt>
</StmntSeq>
</HierarchyLvl>
<HierarchyLvl HierarchyLvlId="1532" HierarchyLvlTypeId="67" Intrnl_Id="4422" Name="setEnabled">
<Header>
<Loc EndOffset="9584" SrcFileId="36" StartOffset="9529"/>
</Header>
<LocList>
<Loc EndOffset="10049" SrcFileId="36" StartOffset="9529"/>
</LocList>
<StmntSeq Intrnl_Id="4423">
<LocList>
<Loc EndOffset="9693" SrcFileId="36" StartOffset="9673"/>
<Loc EndOffset="9778" SrcFileId="36" StartOffset="9753"/>
<Loc EndOffset="10019" SrcFileId="36" StartOffset="9834"/>
</LocList>
<BasicStmnt CovItemId="S94" CovItemPrefix="cabra.NoteTextPane.java" Intrnl_Id="4424">
<LocList>
<Loc EndOffset="9693" SrcFileId="36" StartOffset="9673"/>
</LocList>
</BasicStmnt>
<BasicStmnt CovItemId="S95" CovItemPrefix="cabra.NoteTextPane.java" Intrnl_Id="4425">
<LocList>
<Loc EndOffset="9778" SrcFileId="36" StartOffset="9753"/>
</LocList>
</BasicStmnt>
<CondStmnt CovItemId="S96" CovItemPrefix="cabra.NoteTextPane.java" Intrnl_Id="4426">
<Branch CovItemId="B11" CovItemPrefix="cabra.NoteTextPane.java" Implct="false" Intrnl_Id="4427">
<Cond/>
<LocList>
<Loc EndOffset="9934" SrcFileId="36" StartOffset="9860"/>
</LocList>
<StmntSeq Intrnl_Id="4428">
<LocList>
<Loc EndOffset="9916" SrcFileId="36" StartOffset="9882"/>
</LocList>
<BasicStmnt CovItemId="S97" CovItemPrefix="cabra.NoteTextPane.java" Intrnl_Id="4429">
<LocList>
<Loc EndOffset="9916" SrcFileId="36" StartOffset="9882"/>
</LocList>
</BasicStmnt>
</StmntSeq>
</Branch>
<Branch CovItemId="B12" CovItemPrefix="cabra.NoteTextPane.java" Implct="false" Intrnl_Id="4430">
<Cond>
<Loc EndOffset="9939" SrcFileId="36" StartOffset="9935"/>
</Cond>
<LocList>
<Loc EndOffset="10019" SrcFileId="36" StartOffset="9939"/>
</LocList>
<StmntSeq Intrnl_Id="4431">
<LocList>
<Loc EndOffset="10001" SrcFileId="36" StartOffset="9961"/>
</LocList>
<BasicStmnt CovItemId="S98" CovItemPrefix="cabra.NoteTextPane.java" Intrnl_Id="4432">
<LocList>
<Loc EndOffset="10001" SrcFileId="36" StartOffset="9961"/>
</LocList>
</BasicStmnt>
</StmntSeq>
</Branch>
<Keyword EndOffset="9836" SrcFileId="36" StartOffset="9834"/>
<LocList>
<Loc EndOffset="10019" SrcFileId="36" StartOffset="9834"/>
</LocList>
<RootTerm CovItemId="C4" CovItemPrefix="cabra.NoteTextPane.java" Intrnl_Id="4433">
<BasicBoolTerm Intrnl_Id="4434">
<LocList>
<Loc EndOffset="9859" SrcFileId="36" StartOffset="9837"/>
</LocList>
</BasicBoolTerm>
</RootTerm>
</CondStmnt>
</StmntSeq>
</HierarchyLvl>
<HierarchyLvl HierarchyLvlId="1533" HierarchyLvlTypeId="67" Intrnl_Id="4435" Name="actionPerformed">
<Header>
<Loc EndOffset="10109" SrcFileId="36" StartOffset="10067"/>
</Header>
<LocList>
<Loc EndOffset="10401" SrcFileId="36" StartOffset="10067"/>
</LocList>
<StmntSeq Intrnl_Id="4436">
<LocList>
<Loc EndOffset="10158" SrcFileId="36" StartOffset="10146"/>
<Loc EndOffset="10318" SrcFileId="36" StartOffset="10124"/>
<Loc EndOffset="10349" SrcFileId="36" StartOffset="10331"/>
<Loc EndOffset="10391" SrcFileId="36" StartOffset="10362"/>
</LocList>
<BasicStmnt CovItemId="S100" CovItemPrefix="cabra.NoteTextPane.java" Intrnl_Id="4437">
<LocList>
<Loc EndOffset="10158" SrcFileId="36" StartOffset="10146"/>
</LocList>
</BasicStmnt>
<CondStmnt CovItemId="S99" CovItemPrefix="cabra.NoteTextPane.java" Intrnl_Id="4438">
<Branch CovItemId="B13" CovItemPrefix="cabra.NoteTextPane.java" Implct="true" Intrnl_Id="4439">
<Cond/>
<LocList/>
<StmntSeq Intrnl_Id="4440">
<LocList/>
</StmntSeq>
</Branch>
<Branch CovItemId="B14" CovItemPrefix="cabra.NoteTextPane.java" Implct="false" Intrnl_Id="4441">
<Cond>
<Loc EndOffset="10203" SrcFileId="36" StartOffset="10173"/>
</Cond>
<LocList>
<Loc EndOffset="10318" SrcFileId="36" StartOffset="10204"/>
</LocList>
<StmntSeq Intrnl_Id="4442">
<LocList>
<Loc EndOffset="10266" SrcFileId="36" StartOffset="10222"/>
<Loc EndOffset="10304" SrcFileId="36" StartOffset="10283"/>
</LocList>
<BasicStmnt CovItemId="S101" CovItemPrefix="cabra.NoteTextPane.java" Intrnl_Id="4443">
<LocList>
<Loc EndOffset="10266" SrcFileId="36" StartOffset="10222"/>
</LocList>
</BasicStmnt>
<BasicStmnt CovItemId="S102" CovItemPrefix="cabra.NoteTextPane.java" Intrnl_Id="4444">
<LocList>
<Loc EndOffset="10304" SrcFileId="36" StartOffset="10283"/>
</LocList>
</BasicStmnt>
</StmntSeq>
</Branch>
<Keyword EndOffset="10127" SrcFileId="36" StartOffset="10124"/>
<LocList>
<Loc EndOffset="10318" SrcFileId="36" StartOffset="10124"/>
</LocList>
</CondStmnt>
<BasicStmnt CovItemId="S103" CovItemPrefix="cabra.NoteTextPane.java" Intrnl_Id="4445">
<LocList>
<Loc EndOffset="10349" SrcFileId="36" StartOffset="10331"/>
</LocList>
</BasicStmnt>
<BasicStmnt CovItemId="S104" CovItemPrefix="cabra.NoteTextPane.java" Intrnl_Id="4446">
<LocList>
<Loc EndOffset="10391" SrcFileId="36" StartOffset="10362"/>
</LocList>
</BasicStmnt>
</StmntSeq>
</HierarchyLvl>
<HierarchyLvl HierarchyLvlId="1534" HierarchyLvlTypeId="67" Intrnl_Id="4447" Name="updateRedoState">
<Header>
<Loc EndOffset="10443" SrcFileId="36" StartOffset="10411"/>
</Header>
<LocList>
<Loc EndOffset="10711" SrcFileId="36" StartOffset="10411"/>
</LocList>
<StmntSeq Intrnl_Id="4448">
<LocList>
<Loc EndOffset="10701" SrcFileId="36" StartOffset="10458"/>
</LocList>
<CondStmnt CovItemId="S105" CovItemPrefix="cabra.NoteTextPane.java" Intrnl_Id="4449">
<Branch CovItemId="B15" CovItemPrefix="cabra.NoteTextPane.java" Implct="false" Intrnl_Id="4450">
<Cond/>
<LocList>
<Loc EndOffset="10598" SrcFileId="36" StartOffset="10478"/>
</LocList>
<StmntSeq Intrnl_Id="4451">
<LocList>
<Loc EndOffset="10513" SrcFileId="36" StartOffset="10496"/>
<Loc EndOffset="10584" SrcFileId="36" StartOffset="10530"/>
</LocList>
<BasicStmnt CovItemId="S106" CovItemPrefix="cabra.NoteTextPane.java" Intrnl_Id="4452">
<LocList>
<Loc EndOffset="10513" SrcFileId="36" StartOffset="10496"/>
</LocList>
</BasicStmnt>
<BasicStmnt CovItemId="S107" CovItemPrefix="cabra.NoteTextPane.java" Intrnl_Id="4453">
<LocList>
<Loc EndOffset="10584" SrcFileId="36" StartOffset="10530"/>
</LocList>
</BasicStmnt>
</StmntSeq>
</Branch>
<Branch CovItemId="B16" CovItemPrefix="cabra.NoteTextPane.java" Implct="false" Intrnl_Id="4454">
<Cond>
<Loc EndOffset="10603" SrcFileId="36" StartOffset="10599"/>
</Cond>
<LocList>
<Loc EndOffset="10701" SrcFileId="36" StartOffset="10604"/>
</LocList>
<StmntSeq Intrnl_Id="4455">
<LocList>
<Loc EndOffset="10640" SrcFileId="36" StartOffset="10622"/>
<Loc EndOffset="10687" SrcFileId="36" StartOffset="10657"/>
</LocList>
<BasicStmnt CovItemId="S108" CovItemPrefix="cabra.NoteTextPane.java" Intrnl_Id="4456">
<LocList>
<Loc EndOffset="10640" SrcFileId="36" StartOffset="10622"/>
</LocList>
</BasicStmnt>
<BasicStmnt CovItemId="S109" CovItemPrefix="cabra.NoteTextPane.java" Intrnl_Id="4457">
<LocList>
<Loc EndOffset="10687" SrcFileId="36" StartOffset="10657"/>
</LocList>
</BasicStmnt>
</StmntSeq>
</Branch>
<Keyword EndOffset="10460" SrcFileId="36" StartOffset="10458"/>
<LocList>
<Loc EndOffset="10701" SrcFileId="36" StartOffset="10458"/>
</LocList>
<RootTerm CovItemId="C5" CovItemPrefix="cabra.NoteTextPane.java" Intrnl_Id="4458">
<BasicBoolTerm Intrnl_Id="4459">
<LocList>
<Loc EndOffset="10476" SrcFileId="36" StartOffset="10462"/>
</LocList>
</BasicBoolTerm>
</RootTerm>
</CondStmnt>
</StmntSeq>
</HierarchyLvl>
</HierarchyLvl>
</HierarchyLvl>
<HierarchyLvl HierarchyLvlId="1549" HierarchyLvlTypeId="66" Intrnl_Id="4460" Name="NoteTabPane">
<Header>
<Loc EndOffset="316" SrcFileId="37" StartOffset="272"/>
</Header>
<LocList>
<Loc EndOffset="8363" SrcFileId="37" StartOffset="272"/>
</LocList>
<HierarchyLvl HierarchyLvlId="1537" HierarchyLvlTypeId="67" Intrnl_Id="4461" Name="NoteTabPane">
<Header>
<Loc EndOffset="705" SrcFileId="37" StartOffset="640"/>
</Header>
<LocList>
<Loc EndOffset="1246" SrcFileId="37" StartOffset="640"/>
</LocList>
<StmntSeq Intrnl_Id="4462">
<LocList>
<Loc EndOffset="742" SrcFileId="37" StartOffset="715"/>
<Loc EndOffset="766" SrcFileId="37" StartOffset="751"/>
<Loc EndOffset="804" SrcFileId="37" StartOffset="775"/>
<Loc EndOffset="946" SrcFileId="37" StartOffset="896"/>
<Loc EndOffset="1052" SrcFileId="37" StartOffset="1036"/>
</LocList>
<BasicStmnt CovItemId="S1" CovItemPrefix="cabra.NoteTabPane.java" Intrnl_Id="4463">
<LocList>
<Loc EndOffset="742" SrcFileId="37" StartOffset="715"/>
</LocList>
</BasicStmnt>
<BasicStmnt CovItemId="S2" CovItemPrefix="cabra.NoteTabPane.java" Intrnl_Id="4464">
<LocList>
<Loc EndOffset="766" SrcFileId="37" StartOffset="751"/>
</LocList>
</BasicStmnt>
<BasicStmnt CovItemId="S3" CovItemPrefix="cabra.NoteTabPane.java" Intrnl_Id="4465">
<LocList>
<Loc EndOffset="804" SrcFileId="37" StartOffset="775"/>
</LocList>
</BasicStmnt>
<BasicStmnt CovItemId="S4" CovItemPrefix="cabra.NoteTabPane.java" Intrnl_Id="4466">
<LocList>
<Loc EndOffset="946" SrcFileId="37" StartOffset="896"/>
</LocList>
</BasicStmnt>
<BasicStmnt CovItemId="S5" CovItemPrefix="cabra.NoteTabPane.java" Intrnl_Id="4467">
<LocList>
<Loc EndOffset="1052" SrcFileId="37" StartOffset="1036"/>
</LocList>
</BasicStmnt>
</StmntSeq>
</HierarchyLvl>
<HierarchyLvl HierarchyLvlId="1538" HierarchyLvlTypeId="67" Intrnl_Id="4468" Name="createNoteTab">
<Header>
<Loc EndOffset="1286" SrcFileId="37" StartOffset="1259"/>
</Header>
<LocList>
<Loc EndOffset="1487" SrcFileId="37" StartOffset="1259"/>
</LocList>
<StmntSeq Intrnl_Id="4469">
<LocList>
<Loc EndOffset="1364" SrcFileId="37" StartOffset="1325"/>
<Loc EndOffset="1438" SrcFileId="37" StartOffset="1372"/>
</LocList>
<BasicStmnt CovItemId="S6" CovItemPrefix="cabra.NoteTabPane.java" Intrnl_Id="4470">
<LocList>
<Loc EndOffset="1364" SrcFileId="37" StartOffset="1325"/>
</LocList>
</BasicStmnt>
<BasicStmnt CovItemId="S7" CovItemPrefix="cabra.NoteTabPane.java" Intrnl_Id="4471">
<LocList>
<Loc EndOffset="1438" SrcFileId="37" StartOffset="1372"/>
</LocList>
</BasicStmnt>
</StmntSeq>
</HierarchyLvl>
<HierarchyLvl HierarchyLvlId="1539" HierarchyLvlTypeId="67" Intrnl_Id="4472" Name="createNewNotePanel">
<Header>
<Loc EndOffset="1532" SrcFileId="37" StartOffset="1497"/>
</Header>
<LocList>
<Loc EndOffset="1681" SrcFileId="37" StartOffset="1497"/>
</LocList>
<StmntSeq Intrnl_Id="4473">
<LocList>
<Loc EndOffset="1675" SrcFileId="37" StartOffset="1542"/>
</LocList>
<BasicStmnt CovItemId="S8" CovItemPrefix="cabra.NoteTabPane.java" Intrnl_Id="4474">
<LocList>
<Loc EndOffset="1675" SrcFileId="37" StartOffset="1542"/>
</LocList>
</BasicStmnt>
</StmntSeq>
</HierarchyLvl>
<HierarchyLvl HierarchyLvlId="1540" HierarchyLvlTypeId="67" Intrnl_Id="4475" Name="removeNotePanel">
<Header>
<Loc EndOffset="1816" SrcFileId="37" StartOffset="1768"/>
</Header>
<LocList>
<Loc EndOffset="2477" SrcFileId="37" StartOffset="1768"/>
</LocList>
<StmntSeq Intrnl_Id="4476">
<LocList>
<Loc EndOffset="1972" SrcFileId="37" StartOffset="1916"/>
<Loc EndOffset="2312" SrcFileId="37" StartOffset="2009"/>
<Loc EndOffset="2375" SrcFileId="37" StartOffset="2357"/>
<Loc EndOffset="2471" SrcFileId="37" StartOffset="2427"/>
</LocList>
<BasicStmnt CovItemId="S9" CovItemPrefix="cabra.NoteTabPane.java" Intrnl_Id="4477">
<LocList>
<Loc EndOffset="1972" SrcFileId="37" StartOffset="1916"/>
</LocList>
</BasicStmnt>
<CondStmnt CovItemId="S10" CovItemPrefix="cabra.NoteTabPane.java" Intrnl_Id="4478">
<Branch CovItemId="B1" CovItemPrefix="cabra.NoteTabPane.java" Implct="false" Intrnl_Id="4479">
<Cond/>
<LocList>
<Loc EndOffset="2192" SrcFileId="37" StartOffset="2030"/>
</LocList>
<StmntSeq Intrnl_Id="4480">
<LocList>
<Loc EndOffset="2139" SrcFileId="37" StartOffset="2119"/>
</LocList>
<BasicStmnt CovItemId="S11" CovItemPrefix="cabra.NoteTabPane.java" Intrnl_Id="4481">
<LocList>
<Loc EndOffset="2139" SrcFileId="37" StartOffset="2119"/>
</LocList>
</BasicStmnt>
</StmntSeq>
</Branch>
<Branch CovItemId="B2" CovItemPrefix="cabra.NoteTabPane.java" Implct="false" Intrnl_Id="4482">
<Cond>
<Loc EndOffset="2205" SrcFileId="37" StartOffset="2201"/>
</Cond>
<LocList>
<Loc EndOffset="2312" SrcFileId="37" StartOffset="2205"/>
</LocList>
<StmntSeq Intrnl_Id="4483">
<LocList>
<Loc EndOffset="2302" SrcFileId="37" StartOffset="2267"/>
</LocList>
<BasicStmnt CovItemId="S12" CovItemPrefix="cabra.NoteTabPane.java" Intrnl_Id="4484">
<LocList>
<Loc EndOffset="2302" SrcFileId="37" StartOffset="2267"/>
</LocList>
</BasicStmnt>
</StmntSeq>
</Branch>
<Keyword EndOffset="2011" SrcFileId="37" StartOffset="2009"/>
<LocList>
<Loc EndOffset="2312" SrcFileId="37" StartOffset="2009"/>
</LocList>
<RootTerm CovItemId="C1" CovItemPrefix="cabra.NoteTabPane.java" Intrnl_Id="4485">
<BasicBoolTerm Intrnl_Id="4486">
<LocList>
<Loc EndOffset="2029" SrcFileId="37" StartOffset="2012"/>
</LocList>
</BasicBoolTerm>
</RootTerm>
</CondStmnt>
<BasicStmnt CovItemId="S13" CovItemPrefix="cabra.NoteTabPane.java" Intrnl_Id="4487">
<LocList>
<Loc EndOffset="2375" SrcFileId="37" StartOffset="2357"/>
</LocList>
</BasicStmnt>
<BasicStmnt CovItemId="S14" CovItemPrefix="cabra.NoteTabPane.java" Intrnl_Id="4488">
<LocList>
<Loc EndOffset="2471" SrcFileId="37" StartOffset="2427"/>
</LocList>
</BasicStmnt>
</StmntSeq>
</HierarchyLvl>
<HierarchyLvl HierarchyLvlId="1541" HierarchyLvlTypeId="67" Intrnl_Id="4489" Name="findAssociatedPanel">
<Header>
<Loc EndOffset="2749" SrcFileId="37" StartOffset="2701"/>
</Header>
<LocList>
<Loc EndOffset="3193" SrcFileId="37" StartOffset="2701"/>
</LocList>
<StmntSeq Intrnl_Id="4490">
<LocList>
<Loc EndOffset="3135" SrcFileId="37" StartOffset="2759"/>
<Loc EndOffset="3187" SrcFileId="37" StartOffset="3175"/>
</LocList>
<LoopStmnt CovItemId="S15" CovItemPrefix="cabra.NoteTabPane.java" Intrnl_Id="4491" MltplExecId="L1-2" MltplExecPrefix="cabra.NoteTabPane.java" NvrExecId="L1-0" NvrExecPrefix="cabra.NoteTabPane.java" OnceExecutedId="L1-1" OnceExecutedPrefix="cabra.NoteTabPane.java" OptBodyExec="true">
<StmntSeq Intrnl_Id="4492">
<LocList>
<Loc EndOffset="3125" SrcFileId="37" StartOffset="2855"/>
</LocList>
<CondStmnt CovItemId="S16" CovItemPrefix="cabra.NoteTabPane.java" Intrnl_Id="4493">
<Branch CovItemId="B3" CovItemPrefix="cabra.NoteTabPane.java" Implct="false" Intrnl_Id="4494">
<Cond/>
<LocList>
<Loc EndOffset="3125" SrcFileId="37" StartOffset="2889"/>
</LocList>
<StmntSeq Intrnl_Id="4495">
<LocList>
<Loc EndOffset="2947" SrcFileId="37" StartOffset="2907"/>
<Loc EndOffset="3111" SrcFileId="37" StartOffset="2997"/>
</LocList>
<BasicStmnt CovItemId="S17" CovItemPrefix="cabra.NoteTabPane.java" Intrnl_Id="4496">
<LocList>
<Loc EndOffset="2947" SrcFileId="37" StartOffset="2907"/>
</LocList>
</BasicStmnt>
<CondStmnt CovItemId="S18" CovItemPrefix="cabra.NoteTabPane.java" Intrnl_Id="4497">
<Branch CovItemId="B5" CovItemPrefix="cabra.NoteTabPane.java" Implct="false" Intrnl_Id="4498">
<Cond/>
<LocList>
<Loc EndOffset="3111" SrcFileId="37" StartOffset="3029"/>
</LocList>
<StmntSeq Intrnl_Id="4499">
<LocList>
<Loc EndOffset="3093" SrcFileId="37" StartOffset="3080"/>
</LocList>
<BasicStmnt CovItemId="S19" CovItemPrefix="cabra.NoteTabPane.java" Intrnl_Id="4500">
<LocList>
<Loc EndOffset="3093" SrcFileId="37" StartOffset="3080"/>
</LocList>
</BasicStmnt>
</StmntSeq>
</Branch>
<Branch CovItemId="B6" CovItemPrefix="cabra.NoteTabPane.java" Implct="true" Intrnl_Id="4501">
<Cond/>
<LocList/>
<StmntSeq Intrnl_Id="4502">
<LocList/>
</StmntSeq>
</Branch>
<Keyword EndOffset="2999" SrcFileId="37" StartOffset="2997"/>
<LocList>
<Loc EndOffset="3111" SrcFileId="37" StartOffset="2997"/>
</LocList>
<RootTerm CovItemId="C3" CovItemPrefix="cabra.NoteTabPane.java" Intrnl_Id="4503">
<BasicBoolTerm Intrnl_Id="4504">
<LocList>
<Loc EndOffset="3028" SrcFileId="37" StartOffset="3000"/>
</LocList>
</BasicBoolTerm>
</RootTerm>
</CondStmnt>
</StmntSeq>
</Branch>
<Branch CovItemId="B4" CovItemPrefix="cabra.NoteTabPane.java" Implct="true" Intrnl_Id="4505">
<Cond/>
<LocList/>
<StmntSeq Intrnl_Id="4506">
<LocList/>
</StmntSeq>
</Branch>
<Keyword EndOffset="2857" SrcFileId="37" StartOffset="2855"/>
<LocList>
<Loc EndOffset="3125" SrcFileId="37" StartOffset="2855"/>
</LocList>
<RootTerm CovItemId="C2" CovItemPrefix="cabra.NoteTabPane.java" Intrnl_Id="4507">
<BasicBoolTerm Intrnl_Id="4508">
<LocList>
<Loc EndOffset="2888" SrcFileId="37" StartOffset="2858"/>
</LocList>
</BasicBoolTerm>
</RootTerm>
</CondStmnt>
</StmntSeq>
<Keyword EndOffset="2762" SrcFileId="37" StartOffset="2759"/>
<LocList>
<Loc EndOffset="3135" SrcFileId="37" StartOffset="2759"/>
</LocList>
</LoopStmnt>
<BasicStmnt CovItemId="S20" CovItemPrefix="cabra.NoteTabPane.java" Intrnl_Id="4509">
<LocList>
<Loc EndOffset="3187" SrcFileId="37" StartOffset="3175"/>
</LocList>
</BasicStmnt>
</StmntSeq>
</HierarchyLvl>
<HierarchyLvl HierarchyLvlId="1542" HierarchyLvlTypeId="67" Intrnl_Id="4510" Name="refresh">
<Header>
<Loc EndOffset="3516" SrcFileId="37" StartOffset="3495"/>
</Header>
<LocList>
<Loc EndOffset="3919" SrcFileId="37" StartOffset="3495"/>
</LocList>
<StmntSeq Intrnl_Id="4511">
<LocList>
<Loc EndOffset="3563" SrcFileId="37" StartOffset="3551"/>
<Loc EndOffset="3738" SrcFileId="37" StartOffset="3581"/>
<Loc EndOffset="3891" SrcFileId="37" StartOffset="3839"/>
</LocList>
<BasicStmnt CovItemId="S21" CovItemPrefix="cabra.NoteTabPane.java" Intrnl_Id="4512">
<LocList>
<Loc EndOffset="3563" SrcFileId="37" StartOffset="3551"/>
</LocList>
</BasicStmnt>
<CondStmnt CovItemId="S22" CovItemPrefix="cabra.NoteTabPane.java" Intrnl_Id="4513">
<Branch CovItemId="B7" CovItemPrefix="cabra.NoteTabPane.java" Implct="false" Intrnl_Id="4514">
<Cond/>
<LocList>
<Loc EndOffset="3738" SrcFileId="37" StartOffset="3623"/>
</LocList>
<StmntSeq Intrnl_Id="4515">
<LocList>
<Loc EndOffset="3708" SrcFileId="37" StartOffset="3682"/>
<Loc EndOffset="3728" SrcFileId="37" StartOffset="3721"/>
</LocList>
<BasicStmnt CovItemId="S23" CovItemPrefix="cabra.NoteTabPane.java" Intrnl_Id="4516">
<LocList>
<Loc EndOffset="3708" SrcFileId="37" StartOffset="3682"/>
</LocList>
</BasicStmnt>
<BasicStmnt CovItemId="S24" CovItemPrefix="cabra.NoteTabPane.java" Intrnl_Id="4517">
<LocList>
<Loc EndOffset="3728" SrcFileId="37" StartOffset="3721"/>
</LocList>
</BasicStmnt>
</StmntSeq>
</Branch>
<Branch CovItemId="B8" CovItemPrefix="cabra.NoteTabPane.java" Implct="true" Intrnl_Id="4518">
<Cond/>
<LocList/>
<StmntSeq Intrnl_Id="4519">
<LocList/>
</StmntSeq>
</Branch>
<Keyword EndOffset="3583" SrcFileId="37" StartOffset="3581"/>
<LocList>
<Loc EndOffset="3738" SrcFileId="37" StartOffset="3581"/>
</LocList>
<RootTerm CovItemId="C4" CovItemPrefix="cabra.NoteTabPane.java" Intrnl_Id="4520">
<BasicBoolTerm Intrnl_Id="4521">
<LocList>
<Loc EndOffset="3622" SrcFileId="37" StartOffset="3584"/>
</LocList>
</BasicBoolTerm>
</RootTerm>
</CondStmnt>
<BasicStmnt CovItemId="S25" CovItemPrefix="cabra.NoteTabPane.java" Intrnl_Id="4522">
<LocList>
<Loc EndOffset="3891" SrcFileId="37" StartOffset="3839"/>
</LocList>
</BasicStmnt>
</StmntSeq>
</HierarchyLvl>
<HierarchyLvl HierarchyLvlId="1543" HierarchyLvlTypeId="67" Intrnl_Id="4523" Name="loadTabs">
<Header>
<Loc EndOffset="4109" SrcFileId="37" StartOffset="4065"/>
</Header>
<LocList>
<Loc EndOffset="4501" SrcFileId="37" StartOffset="4065"/>
</LocList>
<StmntSeq Intrnl_Id="4524">
<LocList>
<Loc EndOffset="4262" SrcFileId="37" StartOffset="4246"/>
<Loc EndOffset="4486" SrcFileId="37" StartOffset="4283"/>
</LocList>
<BasicStmnt CovItemId="S26" CovItemPrefix="cabra.NoteTabPane.java" Intrnl_Id="4525">
<LocList>
<Loc EndOffset="4262" SrcFileId="37" StartOffset="4246"/>
</LocList>
</BasicStmnt>
<LoopStmnt CovItemId="S27" CovItemPrefix="cabra.NoteTabPane.java" Intrnl_Id="4526" MltplExecId="L2-2" MltplExecPrefix="cabra.NoteTabPane.java" NvrExecId="L2-0" NvrExecPrefix="cabra.NoteTabPane.java" OnceExecutedId="L2-1" OnceExecutedPrefix="cabra.NoteTabPane.java" OptBodyExec="true">
<StmntSeq Intrnl_Id="4527">
<LocList>
<Loc EndOffset="4441" SrcFileId="37" StartOffset="4379"/>
<Loc EndOffset="4476" SrcFileId="37" StartOffset="4454"/>
</LocList>
<BasicStmnt CovItemId="S28" CovItemPrefix="cabra.NoteTabPane.java" Intrnl_Id="4528">
<LocList>
<Loc EndOffset="4441" SrcFileId="37" StartOffset="4379"/>
</LocList>
</BasicStmnt>
<BasicStmnt CovItemId="S29" CovItemPrefix="cabra.NoteTabPane.java" Intrnl_Id="4529">
<LocList>
<Loc EndOffset="4476" SrcFileId="37" StartOffset="4454"/>
</LocList>
</BasicStmnt>
</StmntSeq>
<Keyword EndOffset="4286" SrcFileId="37" StartOffset="4283"/>
<LocList>
<Loc EndOffset="4486" SrcFileId="37" StartOffset="4283"/>
</LocList>
</LoopStmnt>
</StmntSeq>
</HierarchyLvl>
<HierarchyLvl HierarchyLvlId="1544" HierarchyLvlTypeId="67" Intrnl_Id="4530" Name="addNoteTab">
<Header>
<Loc EndOffset="4688" SrcFileId="37" StartOffset="4644"/>
</Header>
<LocList>
<Loc EndOffset="5068" SrcFileId="37" StartOffset="4644"/>
</LocList>
<StmntSeq Intrnl_Id="4531">
<LocList>
<Loc EndOffset="4758" SrcFileId="37" StartOffset="4723"/>
<Loc EndOffset="4841" SrcFileId="37" StartOffset="4767"/>
<Loc EndOffset="4935" SrcFileId="37" StartOffset="4901"/>
<Loc EndOffset="5054" SrcFileId="37" StartOffset="5026"/>
</LocList>
<BasicStmnt CovItemId="S30" CovItemPrefix="cabra.NoteTabPane.java" Intrnl_Id="4532">
<LocList>
<Loc EndOffset="4758" SrcFileId="37" StartOffset="4723"/>
</LocList>
</BasicStmnt>
<BasicStmnt CovItemId="S31" CovItemPrefix="cabra.NoteTabPane.java" Intrnl_Id="4533">
<LocList>
<Loc EndOffset="4841" SrcFileId="37" StartOffset="4767"/>
</LocList>
</BasicStmnt>
<BasicStmnt CovItemId="S32" CovItemPrefix="cabra.NoteTabPane.java" Intrnl_Id="4534">
<LocList>
<Loc EndOffset="4935" SrcFileId="37" StartOffset="4901"/>
</LocList>
</BasicStmnt>
<BasicStmnt CovItemId="S33" CovItemPrefix="cabra.NoteTabPane.java" Intrnl_Id="4535">
<LocList>
<Loc EndOffset="5054" SrcFileId="37" StartOffset="5026"/>
</LocList>
</BasicStmnt>
</StmntSeq>
</HierarchyLvl>
<HierarchyLvl HierarchyLvlId="1545" HierarchyLvlTypeId="67" Intrnl_Id="4536" Name="addNotePanel">
<Header>
<Loc EndOffset="5340" SrcFileId="37" StartOffset="5298"/>
</Header>
<LocList>
<Loc EndOffset="7710" SrcFileId="37" StartOffset="5298"/>
</LocList>
<StmntSeq Intrnl_Id="4537">
<LocList>
<Loc EndOffset="7439" SrcFileId="37" StartOffset="5597"/>
<Loc EndOffset="7552" SrcFileId="37" StartOffset="7497"/>
<Loc EndOffset="7605" SrcFileId="37" StartOffset="7570"/>
<Loc EndOffset="7665" SrcFileId="37" StartOffset="7614"/>
<Loc EndOffset="7696" SrcFileId="37" StartOffset="7674"/>
</LocList>
<LoopStmnt CovItemId="S34" CovItemPrefix="cabra.NoteTabPane.java" Intrnl_Id="4538" MltplExecId="L3-2" MltplExecPrefix="cabra.NoteTabPane.java" NvrExecId="L3-0" NvrExecPrefix="cabra.NoteTabPane.java" OnceExecutedId="L3-1" OnceExecutedPrefix="cabra.NoteTabPane.java" OptBodyExec="true">
<StmntSeq Intrnl_Id="4539">
<LocList>
<Loc EndOffset="7429" SrcFileId="37" StartOffset="5668"/>
</LocList>
<CondStmnt CovItemId="S35" CovItemPrefix="cabra.NoteTabPane.java" Intrnl_Id="4540">
<Branch CovItemId="B9" CovItemPrefix="cabra.NoteTabPane.java" Implct="false" Intrnl_Id="4541">
<Cond/>
<LocList>
<Loc EndOffset="7429" SrcFileId="37" StartOffset="5704"/>
</LocList>
<StmntSeq Intrnl_Id="4542">
<LocList>
<Loc EndOffset="6014" SrcFileId="37" StartOffset="5858"/>
<Loc EndOffset="7412" SrcFileId="37" StartOffset="6647"/>
</LocList>
<BasicStmnt CovItemId="S36" CovItemPrefix="cabra.NoteTabPane.java" Intrnl_Id="4543">
<LocList>
<Loc EndOffset="6014" SrcFileId="37" StartOffset="5858"/>
</LocList>
</BasicStmnt>
<CondStmnt CovItemId="S37" CovItemPrefix="cabra.NoteTabPane.java" Intrnl_Id="4544">
<Branch CovItemId="B11" CovItemPrefix="cabra.NoteTabPane.java" Implct="false" Intrnl_Id="4545">
<Cond/>
<LocList>
<Loc EndOffset="6792" SrcFileId="37" StartOffset="6676"/>
</LocList>
<StmntSeq Intrnl_Id="4546">
<LocList>
<Loc EndOffset="6774" SrcFileId="37" StartOffset="6767"/>
</LocList>
<BasicStmnt CovItemId="S38" CovItemPrefix="cabra.NoteTabPane.java" Intrnl_Id="4547">
<LocList>
<Loc EndOffset="6774" SrcFileId="37" StartOffset="6767"/>
</LocList>
</BasicStmnt>
</StmntSeq>
</Branch>
<Branch CovItemId="B12" CovItemPrefix="cabra.NoteTabPane.java" Implct="false" Intrnl_Id="4548">
<Cond>
<Loc EndOffset="6813" SrcFileId="37" StartOffset="6809"/>
</Cond>
<LocList>
<Loc EndOffset="7412" SrcFileId="37" StartOffset="6813"/>
</LocList>
<StmntSeq Intrnl_Id="4549">
<LocList>
<Loc EndOffset="7033" SrcFileId="37" StartOffset="6989"/>
<Loc EndOffset="7137" SrcFileId="37" StartOffset="7114"/>
<Loc EndOffset="7394" SrcFileId="37" StartOffset="6960"/>
</LocList>
<BasicStmnt CovItemId="S40" CovItemPrefix="cabra.NoteTabPane.java" Intrnl_Id="4550">
<LocList>
<Loc EndOffset="7033" SrcFileId="37" StartOffset="6989"/>
</LocList>
</BasicStmnt>
<BasicStmnt CovItemId="S41" CovItemPrefix="cabra.NoteTabPane.java" Intrnl_Id="4551">
<LocList>
<Loc EndOffset="7137" SrcFileId="37" StartOffset="7114"/>
</LocList>
</BasicStmnt>
<CondStmnt CovItemId="S39" CovItemPrefix="cabra.NoteTabPane.java" Intrnl_Id="4552">
<Branch CovItemId="B13" CovItemPrefix="cabra.NoteTabPane.java" Implct="true" Intrnl_Id="4553">
<Cond/>
<LocList/>
<StmntSeq Intrnl_Id="4554">
<LocList/>
</StmntSeq>
</Branch>
<Branch CovItemId="B14" CovItemPrefix="cabra.NoteTabPane.java" Implct="false" Intrnl_Id="4555">
<Cond>
<Loc EndOffset="7210" SrcFileId="37" StartOffset="7160"/>
</Cond>
<LocList>
<Loc EndOffset="7278" SrcFileId="37" StartOffset="7210"/>
</LocList>
<StmntSeq Intrnl_Id="4556">
<LocList/>
</StmntSeq>
</Branch>
<Branch CovItemId="B15" CovItemPrefix="cabra.NoteTabPane.java" Implct="false" Intrnl_Id="4557">
<Cond>
<Loc EndOffset="7308" SrcFileId="37" StartOffset="7279"/>
</Cond>
<LocList>
<Loc EndOffset="7394" SrcFileId="37" StartOffset="7308"/>
</LocList>
<StmntSeq Intrnl_Id="4558">
<LocList/>
</StmntSeq>
</Branch>
<Keyword EndOffset="6963" SrcFileId="37" StartOffset="6960"/>
<LocList>
<Loc EndOffset="7394" SrcFileId="37" StartOffset="6960"/>
</LocList>
</CondStmnt>
</StmntSeq>
</Branch>
<Keyword EndOffset="6649" SrcFileId="37" StartOffset="6647"/>
<LocList>
<Loc EndOffset="7412" SrcFileId="37" StartOffset="6647"/>
</LocList>
<RootTerm CovItemId="C6" CovItemPrefix="cabra.NoteTabPane.java" Intrnl_Id="4559">
<BasicBoolTerm Intrnl_Id="4560">
<LocList>
<Loc EndOffset="6675" SrcFileId="37" StartOffset="6650"/>
</LocList>
</BasicBoolTerm>
</RootTerm>
</CondStmnt>
</StmntSeq>
</Branch>
<Branch CovItemId="B10" CovItemPrefix="cabra.NoteTabPane.java" Implct="true" Intrnl_Id="4561">
<Cond/>
<LocList/>
<StmntSeq Intrnl_Id="4562">
<LocList/>
</StmntSeq>
</Branch>
<Keyword EndOffset="5670" SrcFileId="37" StartOffset="5668"/>
<LocList>
<Loc EndOffset="7429" SrcFileId="37" StartOffset="5668"/>
</LocList>
<RootTerm CovItemId="C5" CovItemPrefix="cabra.NoteTabPane.java" Intrnl_Id="4563">
<BasicBoolTerm Intrnl_Id="4564">
<LocList>
<Loc EndOffset="5703" SrcFileId="37" StartOffset="5671"/>
</LocList>
</BasicBoolTerm>
</RootTerm>
</CondStmnt>
</StmntSeq>
<Keyword EndOffset="5600" SrcFileId="37" StartOffset="5597"/>
<LocList>
<Loc EndOffset="7439" SrcFileId="37" StartOffset="5597"/>
</LocList>
</LoopStmnt>
<BasicStmnt CovItemId="S42" CovItemPrefix="cabra.NoteTabPane.java" Intrnl_Id="4565">
<LocList>
<Loc EndOffset="7552" SrcFileId="37" StartOffset="7497"/>
</LocList>
</BasicStmnt>
<BasicStmnt CovItemId="S43" CovItemPrefix="cabra.NoteTabPane.java" Intrnl_Id="4566">
<LocList>
<Loc EndOffset="7605" SrcFileId="37" StartOffset="7570"/>
</LocList>
</BasicStmnt>
<BasicStmnt CovItemId="S44" CovItemPrefix="cabra.NoteTabPane.java" Intrnl_Id="4567">
<LocList>
<Loc EndOffset="7665" SrcFileId="37" StartOffset="7614"/>
</LocList>
</BasicStmnt>
<BasicStmnt CovItemId="S45" CovItemPrefix="cabra.NoteTabPane.java" Intrnl_Id="4568">
<LocList>
<Loc EndOffset="7696" SrcFileId="37" StartOffset="7674"/>
</LocList>
</BasicStmnt>
</StmntSeq>
</HierarchyLvl>
<HierarchyLvl HierarchyLvlId="1546" HierarchyLvlTypeId="67" Intrnl_Id="4569" Name="saveNotes">
<Header>
<Loc EndOffset="7743" SrcFileId="37" StartOffset="7720"/>
</Header>
<LocList>
<Loc EndOffset="7783" SrcFileId="37" StartOffset="7720"/>
</LocList>
<StmntSeq Intrnl_Id="4570">
<LocList>
<Loc EndOffset="7777" SrcFileId="37" StartOffset="7753"/>
</LocList>
<BasicStmnt CovItemId="S46" CovItemPrefix="cabra.NoteTabPane.java" Intrnl_Id="4571">
<LocList>
<Loc EndOffset="7777" SrcFileId="37" StartOffset="7753"/>
</LocList>
</BasicStmnt>
</StmntSeq>
</HierarchyLvl>
<HierarchyLvl HierarchyLvlId="1547" HierarchyLvlTypeId="67" Intrnl_Id="4572" Name="updateNotes">
<Header>
<Loc EndOffset="7818" SrcFileId="37" StartOffset="7793"/>
</Header>
<LocList>
<Loc EndOffset="8228" SrcFileId="37" StartOffset="7793"/>
</LocList>
<StmntSeq Intrnl_Id="4573">
<LocList>
<Loc EndOffset="8222" SrcFileId="37" StartOffset="7874"/>
</LocList>
<LoopStmnt CovItemId="S47" CovItemPrefix="cabra.NoteTabPane.java" Intrnl_Id="4574" MltplExecId="L4-2" MltplExecPrefix="cabra.NoteTabPane.java" NvrExecId="L4-0" NvrExecPrefix="cabra.NoteTabPane.java" OnceExecutedId="L4-1" OnceExecutedPrefix="cabra.NoteTabPane.java" OptBodyExec="true">
<StmntSeq Intrnl_Id="4575">
<LocList>
<Loc EndOffset="7969" SrcFileId="37" StartOffset="7926"/>
<Loc EndOffset="8212" SrcFileId="37" StartOffset="8038"/>
</LocList>
<BasicStmnt CovItemId="S48" CovItemPrefix="cabra.NoteTabPane.java" Intrnl_Id="4576">
<LocList>
<Loc EndOffset="7969" SrcFileId="37" StartOffset="7926"/>
</LocList>
</BasicStmnt>
<CondStmnt CovItemId="S49" CovItemPrefix="cabra.NoteTabPane.java" Intrnl_Id="4577">
<Branch CovItemId="B16" CovItemPrefix="cabra.NoteTabPane.java" Implct="false" Intrnl_Id="4578">
<Cond/>
<LocList>
<Loc EndOffset="8212" SrcFileId="37" StartOffset="8072"/>
</LocList>
<StmntSeq Intrnl_Id="4579">
<LocList>
<Loc EndOffset="8133" SrcFileId="37" StartOffset="8090"/>
<Loc EndOffset="8198" SrcFileId="37" StartOffset="8176"/>
</LocList>
<BasicStmnt CovItemId="S50" CovItemPrefix="cabra.NoteTabPane.java" Intrnl_Id="4580">
<LocList>
<Loc EndOffset="8133" SrcFileId="37" StartOffset="8090"/>
</LocList>
</BasicStmnt>
<BasicStmnt CovItemId="S51" CovItemPrefix="cabra.NoteTabPane.java" Intrnl_Id="4581">
<LocList>
<Loc EndOffset="8198" SrcFileId="37" StartOffset="8176"/>
</LocList>
</BasicStmnt>
</StmntSeq>
</Branch>
<Branch CovItemId="B17" CovItemPrefix="cabra.NoteTabPane.java" Implct="true" Intrnl_Id="4582">
<Cond/>
<LocList/>
<StmntSeq Intrnl_Id="4583">
<LocList/>
</StmntSeq>
</Branch>
<Keyword EndOffset="8040" SrcFileId="37" StartOffset="8038"/>
<LocList>
<Loc EndOffset="8212" SrcFileId="37" StartOffset="8038"/>
</LocList>
<RootTerm CovItemId="C8" CovItemPrefix="cabra.NoteTabPane.java" Intrnl_Id="4584">
<BasicBoolTerm Intrnl_Id="4585">
<LocList>
<Loc EndOffset="8071" SrcFileId="37" StartOffset="8041"/>
</LocList>
</BasicBoolTerm>
</RootTerm>
</CondStmnt>
</StmntSeq>
<Keyword EndOffset="7877" SrcFileId="37" StartOffset="7874"/>
<LocList>
<Loc EndOffset="8222" SrcFileId="37" StartOffset="7874"/>
</LocList>
<RootTerm CovItemId="C7" CovItemPrefix="cabra.NoteTabPane.java" Intrnl_Id="4586">
<BasicBoolTerm Intrnl_Id="4587">
<LocList>
<Loc EndOffset="7907" SrcFileId="37" StartOffset="7886"/>
</LocList>
</BasicBoolTerm>
</RootTerm>
</LoopStmnt>
</StmntSeq>
</HierarchyLvl>
<HierarchyLvl HierarchyLvlId="1548" HierarchyLvlTypeId="67" Intrnl_Id="4588" Name="dealWithNoActiveProject">
<Header>
<Loc EndOffset="8275" SrcFileId="37" StartOffset="8238"/>
</Header>
<LocList>
<Loc EndOffset="8358" SrcFileId="37" StartOffset="8238"/>
</LocList>
</HierarchyLvl>
</HierarchyLvl>
<HierarchyLvl HierarchyLvlId="1572" HierarchyLvlTypeId="66" Intrnl_Id="4589" Name="NotePanel">
<Header>
<Loc EndOffset="354" SrcFileId="38" StartOffset="317"/>
</Header>
<LocList>
<Loc EndOffset="11741" SrcFileId="38" StartOffset="317"/>
<Loc EndOffset="12591" SrcFileId="38" StartOffset="12576"/>
<Loc EndOffset="12880" SrcFileId="38" StartOffset="12868"/>
<Loc EndOffset="13023" SrcFileId="38" StartOffset="13021"/>
</LocList>
<HierarchyLvl HierarchyLvlId="1550" HierarchyLvlTypeId="67" Intrnl_Id="4590" Name="NotePanel">
<Header>
<Loc EndOffset="1211" SrcFileId="38" StartOffset="1130"/>
</Header>
<LocList>
<Loc EndOffset="2827" SrcFileId="38" StartOffset="1130"/>
</LocList>
<StmntSeq Intrnl_Id="4591">
<LocList>
<Loc EndOffset="1248" SrcFileId="38" StartOffset="1221"/>
<Loc EndOffset="1272" SrcFileId="38" StartOffset="1257"/>
<Loc EndOffset="1310" SrcFileId="38" StartOffset="1281"/>
<Loc EndOffset="1336" SrcFileId="38" StartOffset="1319"/>
<Loc EndOffset="1415" SrcFileId="38" StartOffset="1362"/>
<Loc EndOffset="1473" SrcFileId="38" StartOffset="1424"/>
<Loc EndOffset="1568" SrcFileId="38" StartOffset="1482"/>
<Loc EndOffset="1660" SrcFileId="38" StartOffset="1577"/>
<Loc EndOffset="1745" SrcFileId="38" StartOffset="1709"/>
<Loc EndOffset="1792" SrcFileId="38" StartOffset="1754"/>
<Loc EndOffset="1856" SrcFileId="38" StartOffset="1801"/>
<Loc EndOffset="1960" SrcFileId="38" StartOffset="1946"/>
<Loc EndOffset="2323" SrcFileId="38" StartOffset="2310"/>
<Loc EndOffset="2567" SrcFileId="38" StartOffset="2498"/>
<Loc EndOffset="2623" SrcFileId="38" StartOffset="2580"/>
<Loc EndOffset="2646" SrcFileId="38" StartOffset="2636"/>
<Loc EndOffset="2736" SrcFileId="38" StartOffset="2664"/>
<Loc EndOffset="2796" SrcFileId="38" StartOffset="2749"/>
<Loc EndOffset="2821" SrcFileId="38" StartOffset="2809"/>
</LocList>
<BasicStmnt CovItemId="S1" CovItemPrefix="cabra.NotePanel.java" Intrnl_Id="4592">
<LocList>
<Loc EndOffset="1248" SrcFileId="38" StartOffset="1221"/>
</LocList>
</BasicStmnt>
<BasicStmnt CovItemId="S2" CovItemPrefix="cabra.NotePanel.java" Intrnl_Id="4593">
<LocList>
<Loc EndOffset="1272" SrcFileId="38" StartOffset="1257"/>
</LocList>
</BasicStmnt>
<BasicStmnt CovItemId="S3" CovItemPrefix="cabra.NotePanel.java" Intrnl_Id="4594">
<LocList>
<Loc EndOffset="1310" SrcFileId="38" StartOffset="1281"/>
</LocList>
</BasicStmnt>
<BasicStmnt CovItemId="S4" CovItemPrefix="cabra.NotePanel.java" Intrnl_Id="4595">
<LocList>
<Loc EndOffset="1336" SrcFileId="38" StartOffset="1319"/>
</LocList>
</BasicStmnt>
<BasicStmnt CovItemId="S5" CovItemPrefix="cabra.NotePanel.java" Intrnl_Id="4596">
<LocList>
<Loc EndOffset="1415" SrcFileId="38" StartOffset="1362"/>
</LocList>
</BasicStmnt>
<BasicStmnt CovItemId="S6" CovItemPrefix="cabra.NotePanel.java" Intrnl_Id="4597">
<LocList>
<Loc EndOffset="1473" SrcFileId="38" StartOffset="1424"/>
</LocList>
</BasicStmnt>
<BasicStmnt CovItemId="S7" CovItemPrefix="cabra.NotePanel.java" Intrnl_Id="4598">
<LocList>
<Loc EndOffset="1568" SrcFileId="38" StartOffset="1482"/>
</LocList>
</BasicStmnt>
<BasicStmnt CovItemId="S8" CovItemPrefix="cabra.NotePanel.java" Intrnl_Id="4599">
<LocList>
<Loc EndOffset="1660" SrcFileId="38" StartOffset="1577"/>
</LocList>
</BasicStmnt>
<BasicStmnt CovItemId="S9" CovItemPrefix="cabra.NotePanel.java" Intrnl_Id="4600">
<LocList>
<Loc EndOffset="1745" SrcFileId="38" StartOffset="1709"/>
</LocList>
</BasicStmnt>
<BasicStmnt CovItemId="S10" CovItemPrefix="cabra.NotePanel.java" Intrnl_Id="4601">
<LocList>
<Loc EndOffset="1792" SrcFileId="38" StartOffset="1754"/>
</LocList>
</BasicStmnt>
<BasicStmnt CovItemId="S11" CovItemPrefix="cabra.NotePanel.java" Intrnl_Id="4602">
<LocList>
<Loc EndOffset="1856" SrcFileId="38" StartOffset="1801"/>
</LocList>
</BasicStmnt>
<BasicStmnt CovItemId="S12" CovItemPrefix="cabra.NotePanel.java" Intrnl_Id="4603">
<LocList>
<Loc EndOffset="1960" SrcFileId="38" StartOffset="1946"/>
</LocList>
</BasicStmnt>
<BasicStmnt CovItemId="S13" CovItemPrefix="cabra.NotePanel.java" Intrnl_Id="4604">
<LocList>
<Loc EndOffset="2323" SrcFileId="38" StartOffset="2310"/>
</LocList>
</BasicStmnt>
<BasicStmnt CovItemId="S14" CovItemPrefix="cabra.NotePanel.java" Intrnl_Id="4605">
<LocList>
<Loc EndOffset="2567" SrcFileId="38" StartOffset="2498"/>
</LocList>
</BasicStmnt>
<BasicStmnt CovItemId="S15" CovItemPrefix="cabra.NotePanel.java" Intrnl_Id="4606">
<LocList>
<Loc EndOffset="2623" SrcFileId="38" StartOffset="2580"/>
</LocList>
</BasicStmnt>
<BasicStmnt CovItemId="S16" CovItemPrefix="cabra.NotePanel.java" Intrnl_Id="4607">
<LocList>
<Loc EndOffset="2646" SrcFileId="38" StartOffset="2636"/>
</LocList>
</BasicStmnt>
<BasicStmnt CovItemId="S17" CovItemPrefix="cabra.NotePanel.java" Intrnl_Id="4608">
<LocList>
<Loc EndOffset="2736" SrcFileId="38" StartOffset="2664"/>
</LocList>
</BasicStmnt>
<BasicStmnt CovItemId="S18" CovItemPrefix="cabra.NotePanel.java" Intrnl_Id="4609">
<LocList>
<Loc EndOffset="2796" SrcFileId="38" StartOffset="2749"/>
</LocList>
</BasicStmnt>
<BasicStmnt CovItemId="S19" CovItemPrefix="cabra.NotePanel.java" Intrnl_Id="4610">
<LocList>
<Loc EndOffset="2821" SrcFileId="38" StartOffset="2809"/>
</LocList>
</BasicStmnt>
</StmntSeq>
</HierarchyLvl>
<HierarchyLvl HierarchyLvlId="1551" HierarchyLvlTypeId="67" Intrnl_Id="4611" Name="addToolbar">
<Header>
<Loc EndOffset="2968" SrcFileId="38" StartOffset="2943"/>
</Header>
<LocList>
<Loc EndOffset="3245" SrcFileId="38" StartOffset="2943"/>
</LocList>
<StmntSeq Intrnl_Id="4612">
<LocList>
<Loc EndOffset="2999" SrcFileId="38" StartOffset="2978"/>
<Loc EndOffset="3062" SrcFileId="38" StartOffset="3034"/>
<Loc EndOffset="3116" SrcFileId="38" StartOffset="3090"/>
<Loc EndOffset="3187" SrcFileId="38" StartOffset="3155"/>
<Loc EndOffset="3239" SrcFileId="38" StartOffset="3226"/>
</LocList>
<BasicStmnt CovItemId="S20" CovItemPrefix="cabra.NotePanel.java" Intrnl_Id="4613">
<LocList>
<Loc EndOffset="2999" SrcFileId="38" StartOffset="2978"/>
</LocList>
</BasicStmnt>
<BasicStmnt CovItemId="S21" CovItemPrefix="cabra.NotePanel.java" Intrnl_Id="4614">
<LocList>
<Loc EndOffset="3062" SrcFileId="38" StartOffset="3034"/>
</LocList>
</BasicStmnt>
<BasicStmnt CovItemId="S22" CovItemPrefix="cabra.NotePanel.java" Intrnl_Id="4615">
<LocList>
<Loc EndOffset="3116" SrcFileId="38" StartOffset="3090"/>
</LocList>
</BasicStmnt>
<BasicStmnt CovItemId="S23" CovItemPrefix="cabra.NotePanel.java" Intrnl_Id="4616">
<LocList>
<Loc EndOffset="3187" SrcFileId="38" StartOffset="3155"/>
</LocList>
</BasicStmnt>
<BasicStmnt CovItemId="S24" CovItemPrefix="cabra.NotePanel.java" Intrnl_Id="4617">
<LocList>
<Loc EndOffset="3239" SrcFileId="38" StartOffset="3226"/>
</LocList>
</BasicStmnt>
</StmntSeq>
</HierarchyLvl>
<HierarchyLvl HierarchyLvlId="1552" HierarchyLvlTypeId="67" Intrnl_Id="4618" Name="createStyleToolbar">
<Header>
<Loc EndOffset="3332" SrcFileId="38" StartOffset="3299"/>
</Header>
<LocList>
<Loc EndOffset="6506" SrcFileId="38" StartOffset="3299"/>
</LocList>
<StmntSeq Intrnl_Id="4619">
<LocList>
<Loc EndOffset="3381" SrcFileId="38" StartOffset="3343"/>
<Loc EndOffset="3469" SrcFileId="38" StartOffset="3427"/>
<Loc EndOffset="3515" SrcFileId="38" StartOffset="3478"/>
<Loc EndOffset="3567" SrcFileId="38" StartOffset="3524"/>
<Loc EndOffset="3629" SrcFileId="38" StartOffset="3585"/>
<Loc EndOffset="3677" SrcFileId="38" StartOffset="3638"/>
<Loc EndOffset="3733" SrcFileId="38" StartOffset="3686"/>
<Loc EndOffset="3790" SrcFileId="38" StartOffset="3743"/>
<Loc EndOffset="3841" SrcFileId="38" StartOffset="3799"/>
<Loc EndOffset="3903" SrcFileId="38" StartOffset="3850"/>
<Loc EndOffset="3944" SrcFileId="38" StartOffset="3921"/>
<Loc EndOffset="3996" SrcFileId="38" StartOffset="3962"/>
<Loc EndOffset="4071" SrcFileId="38" StartOffset="4038"/>
<Loc EndOffset="4133" SrcFileId="38" StartOffset="4080"/>
<Loc EndOffset="4784" SrcFileId="38" StartOffset="4142"/>
<Loc EndOffset="4819" SrcFileId="38" StartOffset="4793"/>
<Loc EndOffset="4867" SrcFileId="38" StartOffset="4837"/>
<Loc EndOffset="4913" SrcFileId="38" StartOffset="4876"/>
<Loc EndOffset="5006" SrcFileId="38" StartOffset="4983"/>
<Loc EndOffset="5056" SrcFileId="38" StartOffset="5024"/>
<Loc EndOffset="5561" SrcFileId="38" StartOffset="5065"/>
<Loc EndOffset="5682" SrcFileId="38" StartOffset="5619"/>
<Loc EndOffset="5887" SrcFileId="38" StartOffset="5863"/>
<Loc EndOffset="5978" SrcFileId="38" StartOffset="5957"/>
<Loc EndOffset="6019" SrcFileId="38" StartOffset="5996"/>
<Loc EndOffset="6182" SrcFileId="38" StartOffset="6148"/>
<Loc EndOffset="6285" SrcFileId="38" StartOffset="6262"/>
<Loc EndOffset="6371" SrcFileId="38" StartOffset="6338"/>
<Loc EndOffset="6425" SrcFileId="38" StartOffset="6380"/>
<Loc EndOffset="6495" SrcFileId="38" StartOffset="6434"/>
</LocList>
<BasicStmnt CovItemId="S25" CovItemPrefix="cabra.NotePanel.java" Intrnl_Id="4620">
<LocList>
<Loc EndOffset="3381" SrcFileId="38" StartOffset="3343"/>
</LocList>
</BasicStmnt>
<BasicStmnt CovItemId="S26" CovItemPrefix="cabra.NotePanel.java" Intrnl_Id="4621">
<LocList>
<Loc EndOffset="3469" SrcFileId="38" StartOffset="3427"/>
</LocList>
</BasicStmnt>
<BasicStmnt CovItemId="S27" CovItemPrefix="cabra.NotePanel.java" Intrnl_Id="4622">
<LocList>
<Loc EndOffset="3515" SrcFileId="38" StartOffset="3478"/>
</LocList>
</BasicStmnt>
<BasicStmnt CovItemId="S28" CovItemPrefix="cabra.NotePanel.java" Intrnl_Id="4623">
<LocList>
<Loc EndOffset="3567" SrcFileId="38" StartOffset="3524"/>
</LocList>
</BasicStmnt>
<BasicStmnt CovItemId="S29" CovItemPrefix="cabra.NotePanel.java" Intrnl_Id="4624">
<LocList>
<Loc EndOffset="3629" SrcFileId="38" StartOffset="3585"/>
</LocList>
</BasicStmnt>
<BasicStmnt CovItemId="S30" CovItemPrefix="cabra.NotePanel.java" Intrnl_Id="4625">
<LocList>
<Loc EndOffset="3677" SrcFileId="38" StartOffset="3638"/>
</LocList>
</BasicStmnt>
<BasicStmnt CovItemId="S31" CovItemPrefix="cabra.NotePanel.java" Intrnl_Id="4626">
<LocList>
<Loc EndOffset="3733" SrcFileId="38" StartOffset="3686"/>
</LocList>
</BasicStmnt>
<BasicStmnt CovItemId="S32" CovItemPrefix="cabra.NotePanel.java" Intrnl_Id="4627">
<LocList>
<Loc EndOffset="3790" SrcFileId="38" StartOffset="3743"/>
</LocList>
</BasicStmnt>
<BasicStmnt CovItemId="S33" CovItemPrefix="cabra.NotePanel.java" Intrnl_Id="4628">
<LocList>
<Loc EndOffset="3841" SrcFileId="38" StartOffset="3799"/>
</LocList>
</BasicStmnt>
<BasicStmnt CovItemId="S34" CovItemPrefix="cabra.NotePanel.java" Intrnl_Id="4629">
<LocList>
<Loc EndOffset="3903" SrcFileId="38" StartOffset="3850"/>
</LocList>
</BasicStmnt>
<BasicStmnt CovItemId="S35" CovItemPrefix="cabra.NotePanel.java" Intrnl_Id="4630">
<LocList>
<Loc EndOffset="3944" SrcFileId="38" StartOffset="3921"/>
</LocList>
</BasicStmnt>
<BasicStmnt CovItemId="S36" CovItemPrefix="cabra.NotePanel.java" Intrnl_Id="4631">
<LocList>
<Loc EndOffset="3996" SrcFileId="38" StartOffset="3962"/>
</LocList>
</BasicStmnt>
<BasicStmnt CovItemId="S37" CovItemPrefix="cabra.NotePanel.java" Intrnl_Id="4632">
<LocList>
<Loc EndOffset="4071" SrcFileId="38" StartOffset="4038"/>
</LocList>
</BasicStmnt>
<BasicStmnt CovItemId="S38" CovItemPrefix="cabra.NotePanel.java" Intrnl_Id="4633">
<LocList>
<Loc EndOffset="4133" SrcFileId="38" StartOffset="4080"/>
</LocList>
</BasicStmnt>
<BasicStmnt CovItemId="S39" CovItemPrefix="cabra.NotePanel.java" Intrnl_Id="4634">
<LocList>
<Loc EndOffset="4784" SrcFileId="38" StartOffset="4142"/>
</LocList>
</BasicStmnt>
<BasicStmnt CovItemId="S40" CovItemPrefix="cabra.NotePanel.java" Intrnl_Id="4635">
<LocList>
<Loc EndOffset="4819" SrcFileId="38" StartOffset="4793"/>
</LocList>
</BasicStmnt>
<BasicStmnt CovItemId="S41" CovItemPrefix="cabra.NotePanel.java" Intrnl_Id="4636">
<LocList>
<Loc EndOffset="4867" SrcFileId="38" StartOffset="4837"/>
</LocList>
</BasicStmnt>
<BasicStmnt CovItemId="S42" CovItemPrefix="cabra.NotePanel.java" Intrnl_Id="4637">
<LocList>
<Loc EndOffset="4913" SrcFileId="38" StartOffset="4876"/>
</LocList>
</BasicStmnt>
<BasicStmnt CovItemId="S43" CovItemPrefix="cabra.NotePanel.java" Intrnl_Id="4638">
<LocList>
<Loc EndOffset="5006" SrcFileId="38" StartOffset="4983"/>
</LocList>
</BasicStmnt>
<BasicStmnt CovItemId="S44" CovItemPrefix="cabra.NotePanel.java" Intrnl_Id="4639">
<LocList>
<Loc EndOffset="5056" SrcFileId="38" StartOffset="5024"/>
</LocList>
</BasicStmnt>
<BasicStmnt CovItemId="S45" CovItemPrefix="cabra.NotePanel.java" Intrnl_Id="4640">
<LocList>
<Loc EndOffset="5561" SrcFileId="38" StartOffset="5065"/>
</LocList>
</BasicStmnt>
<BasicStmnt CovItemId="S46" CovItemPrefix="cabra.NotePanel.java" Intrnl_Id="4641">
<LocList>
<Loc EndOffset="5682" SrcFileId="38" StartOffset="5619"/>
</LocList>
</BasicStmnt>
<BasicStmnt CovItemId="S47" CovItemPrefix="cabra.NotePanel.java" Intrnl_Id="4642">
<LocList>
<Loc EndOffset="5887" SrcFileId="38" StartOffset="5863"/>
</LocList>
</BasicStmnt>
<BasicStmnt CovItemId="S48" CovItemPrefix="cabra.NotePanel.java" Intrnl_Id="4643">
<LocList>
<Loc EndOffset="5978" SrcFileId="38" StartOffset="5957"/>
</LocList>
</BasicStmnt>
<BasicStmnt CovItemId="S49" CovItemPrefix="cabra.NotePanel.java" Intrnl_Id="4644">
<LocList>
<Loc EndOffset="6019" SrcFileId="38" StartOffset="5996"/>
</LocList>
</BasicStmnt>
<BasicStmnt CovItemId="S50" CovItemPrefix="cabra.NotePanel.java" Intrnl_Id="4645">
<LocList>
<Loc EndOffset="6182" SrcFileId="38" StartOffset="6148"/>
</LocList>
</BasicStmnt>
<BasicStmnt CovItemId="S51" CovItemPrefix="cabra.NotePanel.java" Intrnl_Id="4646">
<LocList>
<Loc EndOffset="6285" SrcFileId="38" StartOffset="6262"/>
</LocList>
</BasicStmnt>
<BasicStmnt CovItemId="S52" CovItemPrefix="cabra.NotePanel.java" Intrnl_Id="4647">
<LocList>
<Loc EndOffset="6371" SrcFileId="38" StartOffset="6338"/>
</LocList>
</BasicStmnt>
<BasicStmnt CovItemId="S53" CovItemPrefix="cabra.NotePanel.java" Intrnl_Id="4648">
<LocList>
<Loc EndOffset="6425" SrcFileId="38" StartOffset="6380"/>
</LocList>
</BasicStmnt>
<BasicStmnt CovItemId="S54" CovItemPrefix="cabra.NotePanel.java" Intrnl_Id="4649">
<LocList>
<Loc EndOffset="6495" SrcFileId="38" StartOffset="6434"/>
</LocList>
</BasicStmnt>
</StmntSeq>
</HierarchyLvl>
<HierarchyLvl HierarchyLvlId="1553" HierarchyLvlTypeId="67" Intrnl_Id="4650" Name="addColorMenuItems">
<Header>
<Loc EndOffset="6791" SrcFileId="38" StartOffset="6733"/>
</Header>
<LocList>
<Loc EndOffset="7213" SrcFileId="38" StartOffset="6733"/>
</LocList>
<StmntSeq Intrnl_Id="4651">
<LocList>
<Loc EndOffset="7207" SrcFileId="38" StartOffset="6801"/>
</LocList>
<LoopStmnt CovItemId="S55" CovItemPrefix="cabra.NotePanel.java" Intrnl_Id="4652" MltplExecId="L1-2" MltplExecPrefix="cabra.NotePanel.java" NvrExecId="L1-0" NvrExecPrefix="cabra.NotePanel.java" OnceExecutedId="L1-1" OnceExecutedPrefix="cabra.NotePanel.java" OptBodyExec="true">
<StmntSeq Intrnl_Id="4653">
<LocList>
<Loc EndOffset="6917" SrcFileId="38" StartOffset="6879"/>
<Loc EndOffset="6967" SrcFileId="38" StartOffset="6930"/>
<Loc EndOffset="7074" SrcFileId="38" StartOffset="6984"/>
<Loc EndOffset="7197" SrcFileId="38" StartOffset="7132"/>
</LocList>
<BasicStmnt CovItemId="S56" CovItemPrefix="cabra.NotePanel.java" Intrnl_Id="4654">
<LocList>
<Loc EndOffset="6917" SrcFileId="38" StartOffset="6879"/>
</LocList>
</BasicStmnt>
<BasicStmnt CovItemId="S57" CovItemPrefix="cabra.NotePanel.java" Intrnl_Id="4655">
<LocList>
<Loc EndOffset="6967" SrcFileId="38" StartOffset="6930"/>
</LocList>
</BasicStmnt>
<BasicStmnt CovItemId="S58" CovItemPrefix="cabra.NotePanel.java" Intrnl_Id="4656">
<LocList>
<Loc EndOffset="7074" SrcFileId="38" StartOffset="6984"/>
</LocList>
</BasicStmnt>
<BasicStmnt CovItemId="S59" CovItemPrefix="cabra.NotePanel.java" Intrnl_Id="4657">
<LocList>
<Loc EndOffset="7197" SrcFileId="38" StartOffset="7132"/>
</LocList>
</BasicStmnt>
</StmntSeq>
<Keyword EndOffset="6804" SrcFileId="38" StartOffset="6801"/>
<LocList>
<Loc EndOffset="7207" SrcFileId="38" StartOffset="6801"/>
</LocList>
</LoopStmnt>
</StmntSeq>
</HierarchyLvl>
<HierarchyLvl HierarchyLvlId="1554" HierarchyLvlTypeId="67" Intrnl_Id="4658" Name="addFontFamilyMenuItems">
<Header>
<Loc EndOffset="7495" SrcFileId="38" StartOffset="7437"/>
</Header>
<LocList>
<Loc EndOffset="8333" SrcFileId="38" StartOffset="7437"/>
</LocList>
<StmntSeq Intrnl_Id="4659">
<LocList>
<Loc EndOffset="8010" SrcFileId="38" StartOffset="7505"/>
<Loc EndOffset="8327" SrcFileId="38" StartOffset="8019"/>
</LocList>
<LoopStmnt CovItemId="S60" CovItemPrefix="cabra.NotePanel.java" Intrnl_Id="4660" MltplExecId="L2-2" MltplExecPrefix="cabra.NotePanel.java" NvrExecId="L2-0" NvrExecPrefix="cabra.NotePanel.java" OnceExecutedId="L2-1" OnceExecutedPrefix="cabra.NotePanel.java" OptBodyExec="true">
<StmntSeq Intrnl_Id="4661">
<LocList>
<Loc EndOffset="8000" SrcFileId="38" StartOffset="7603"/>
</LocList>
<CondStmnt CovItemId="S61" CovItemPrefix="cabra.NotePanel.java" Intrnl_Id="4662">
<Branch CovItemId="B1" CovItemPrefix="cabra.NotePanel.java" Implct="false" Intrnl_Id="4663">
<Cond/>
<LocList>
<Loc EndOffset="8000" SrcFileId="38" StartOffset="7640"/>
</LocList>
<StmntSeq Intrnl_Id="4664">
<LocList>
<Loc EndOffset="7790" SrcFileId="38" StartOffset="7708"/>
<Loc EndOffset="7970" SrcFileId="38" StartOffset="7900"/>
</LocList>
<BasicStmnt CovItemId="S62" CovItemPrefix="cabra.NotePanel.java" Intrnl_Id="4665">
<LocList>
<Loc EndOffset="7790" SrcFileId="38" StartOffset="7708"/>
</LocList>
</BasicStmnt>
<BasicStmnt CovItemId="S63" CovItemPrefix="cabra.NotePanel.java" Intrnl_Id="4666">
<LocList>
<Loc EndOffset="7970" SrcFileId="38" StartOffset="7900"/>
</LocList>
</BasicStmnt>
</StmntSeq>
</Branch>
<Branch CovItemId="B2" CovItemPrefix="cabra.NotePanel.java" Implct="true" Intrnl_Id="4667">
<Cond/>
<LocList/>
<StmntSeq Intrnl_Id="4668">
<LocList/>
</StmntSeq>
</Branch>
<Keyword EndOffset="7605" SrcFileId="38" StartOffset="7603"/>
<LocList>
<Loc EndOffset="8000" SrcFileId="38" StartOffset="7603"/>
</LocList>
<RootTerm CovItemId="C1" CovItemPrefix="cabra.NotePanel.java" Intrnl_Id="4669">
<BasicBoolTerm Intrnl_Id="4670">
<LocList>
<Loc EndOffset="7639" SrcFileId="38" StartOffset="7606"/>
</LocList>
</BasicBoolTerm>
</RootTerm>
</CondStmnt>
</StmntSeq>
<Keyword EndOffset="7508" SrcFileId="38" StartOffset="7505"/>
<LocList>
<Loc EndOffset="8010" SrcFileId="38" StartOffset="7505"/>
</LocList>
</LoopStmnt>
<CondStmnt CovItemId="S64" CovItemPrefix="cabra.NotePanel.java" Intrnl_Id="4671">
<Branch CovItemId="B3" CovItemPrefix="cabra.NotePanel.java" Implct="false" Intrnl_Id="4672">
<Cond/>
<LocList>
<Loc EndOffset="8327" SrcFileId="38" StartOffset="8067"/>
</LocList>
<StmntSeq Intrnl_Id="4673">
<LocList>
<Loc EndOffset="8317" SrcFileId="38" StartOffset="8149"/>
</LocList>
<BasicStmnt CovItemId="S65" CovItemPrefix="cabra.NotePanel.java" Intrnl_Id="4674">
<LocList>
<Loc EndOffset="8317" SrcFileId="38" StartOffset="8149"/>
</LocList>
</BasicStmnt>
</StmntSeq>
</Branch>
<Branch CovItemId="B4" CovItemPrefix="cabra.NotePanel.java" Implct="true" Intrnl_Id="4675">
<Cond/>
<LocList/>
<StmntSeq Intrnl_Id="4676">
<LocList/>
</StmntSeq>
</Branch>
<Keyword EndOffset="8021" SrcFileId="38" StartOffset="8019"/>
<LocList>
<Loc EndOffset="8327" SrcFileId="38" StartOffset="8019"/>
</LocList>
<RootTerm CovItemId="C2" CovItemPrefix="cabra.NotePanel.java" Intrnl_Id="4677">
<BasicBoolTerm Intrnl_Id="4678">
<LocList>
<Loc EndOffset="8066" SrcFileId="38" StartOffset="8022"/>
</LocList>
</BasicBoolTerm>
</RootTerm>
</CondStmnt>
</StmntSeq>
</HierarchyLvl>
<HierarchyLvl HierarchyLvlId="1555" HierarchyLvlTypeId="67" Intrnl_Id="4679" Name="addFontSizeMenuItems">
<Header>
<Loc EndOffset="8538" SrcFileId="38" StartOffset="8491"/>
</Header>
<LocList>
<Loc EndOffset="8819" SrcFileId="38" StartOffset="8491"/>
</LocList>
<StmntSeq Intrnl_Id="4680">
<LocList>
<Loc EndOffset="8813" SrcFileId="38" StartOffset="8548"/>
</LocList>
<LoopStmnt CovItemId="S66" CovItemPrefix="cabra.NotePanel.java" Intrnl_Id="4681" MltplExecId="L3-2" MltplExecPrefix="cabra.NotePanel.java" NvrExecId="L3-0" NvrExecPrefix="cabra.NotePanel.java" OnceExecutedId="L3-1" OnceExecutedPrefix="cabra.NotePanel.java" OptBodyExec="true">
<StmntSeq Intrnl_Id="4682">
<LocList>
<Loc EndOffset="8729" SrcFileId="38" StartOffset="8659"/>
<Loc EndOffset="8803" SrcFileId="38" StartOffset="8742"/>
</LocList>
<BasicStmnt CovItemId="S67" CovItemPrefix="cabra.NotePanel.java" Intrnl_Id="4683">
<LocList>
<Loc EndOffset="8729" SrcFileId="38" StartOffset="8659"/>
</LocList>
</BasicStmnt>
<BasicStmnt CovItemId="S68" CovItemPrefix="cabra.NotePanel.java" Intrnl_Id="4684">
<LocList>
<Loc EndOffset="8803" SrcFileId="38" StartOffset="8742"/>
</LocList>
</BasicStmnt>
</StmntSeq>
<Keyword EndOffset="8551" SrcFileId="38" StartOffset="8548"/>
<LocList>
<Loc EndOffset="8813" SrcFileId="38" StartOffset="8548"/>
</LocList>
</LoopStmnt>
</StmntSeq>
</HierarchyLvl>
<HierarchyLvl HierarchyLvlId="1558" HierarchyLvlTypeId="67" Intrnl_Id="4685" Name="addToolbarButton">
<Header>
<Loc EndOffset="9311" SrcFileId="38" StartOffset="9231"/>
</Header>
<LocList>
<Loc EndOffset="9931" SrcFileId="38" StartOffset="9231"/>
</LocList>
<StmntSeq Intrnl_Id="4686">
<LocList>
<Loc EndOffset="9382" SrcFileId="38" StartOffset="9321"/>
<Loc EndOffset="9442" SrcFileId="38" StartOffset="9411"/>
<Loc EndOffset="9550" SrcFileId="38" StartOffset="9516"/>
<Loc EndOffset="9659" SrcFileId="38" StartOffset="9634"/>
<Loc EndOffset="9839" SrcFileId="38" StartOffset="9837"/>
<Loc EndOffset="9902" SrcFileId="38" StartOffset="9882"/>
<Loc EndOffset="9925" SrcFileId="38" StartOffset="9911"/>
</LocList>
<BasicStmnt CovItemId="S69" CovItemPrefix="cabra.NotePanel.java" Intrnl_Id="4687">
<LocList>
<Loc EndOffset="9382" SrcFileId="38" StartOffset="9321"/>
</LocList>
</BasicStmnt>
<BasicStmnt CovItemId="S70" CovItemPrefix="cabra.NotePanel.java" Intrnl_Id="4688">
<LocList>
<Loc EndOffset="9442" SrcFileId="38" StartOffset="9411"/>
</LocList>
</BasicStmnt>
<BasicStmnt CovItemId="S71" CovItemPrefix="cabra.NotePanel.java" Intrnl_Id="4689">
<LocList>
<Loc EndOffset="9550" SrcFileId="38" StartOffset="9516"/>
</LocList>
</BasicStmnt>
<BasicStmnt CovItemId="S72" CovItemPrefix="cabra.NotePanel.java" Intrnl_Id="4690">
<LocList>
<Loc EndOffset="9659" SrcFileId="38" StartOffset="9634"/>
<Loc EndOffset="9839" SrcFileId="38" StartOffset="9837"/>
</LocList>
</BasicStmnt>
<BasicStmnt CovItemId="S74" CovItemPrefix="cabra.NotePanel.java" Intrnl_Id="4691">
<LocList>
<Loc EndOffset="9902" SrcFileId="38" StartOffset="9882"/>
</LocList>
</BasicStmnt>
<BasicStmnt CovItemId="S75" CovItemPrefix="cabra.NotePanel.java" Intrnl_Id="4692">
<LocList>
<Loc EndOffset="9925" SrcFileId="38" StartOffset="9911"/>
</LocList>
</BasicStmnt>
</StmntSeq>
<HierarchyLvl HierarchyLvlId="1557" HierarchyLvlTypeId="69" Intrnl_Id="4693" Name="ActionListener">
<Header>
<Loc EndOffset="9679" SrcFileId="38" StartOffset="9663"/>
</Header>
<LocList>
<Loc EndOffset="9837" SrcFileId="38" StartOffset="9659"/>
</LocList>
<HierarchyLvl HierarchyLvlId="1556" HierarchyLvlTypeId="67" Intrnl_Id="4694" Name="actionPerformed">
<Header>
<Loc EndOffset="9735" SrcFileId="38" StartOffset="9693"/>
</Header>
<LocList>
<Loc EndOffset="9827" SrcFileId="38" StartOffset="9693"/>
</LocList>
<StmntSeq Intrnl_Id="4695">
<LocList>
<Loc EndOffset="9813" SrcFileId="38" StartOffset="9795"/>
</LocList>
<BasicStmnt CovItemId="S73" CovItemPrefix="cabra.NotePanel.java" Intrnl_Id="4696">
<LocList>
<Loc EndOffset="9813" SrcFileId="38" StartOffset="9795"/>
</LocList>
</BasicStmnt>
</StmntSeq>
</HierarchyLvl>
</HierarchyLvl>
</HierarchyLvl>
<HierarchyLvl HierarchyLvlId="1559" HierarchyLvlTypeId="67" Intrnl_Id="4697" Name="focusOnTextPane">
<Header>
<Loc EndOffset="10011" SrcFileId="38" StartOffset="9982"/>
</Header>
<LocList>
<Loc EndOffset="10100" SrcFileId="38" StartOffset="9982"/>
</LocList>
</HierarchyLvl>
<HierarchyLvl HierarchyLvlId="1560" HierarchyLvlTypeId="67" Intrnl_Id="4698" Name="saveNotes">
<Header>
<Loc EndOffset="10227" SrcFileId="38" StartOffset="10204"/>
</Header>
<LocList>
<Loc EndOffset="10637" SrcFileId="38" StartOffset="10204"/>
</LocList>
<StmntSeq Intrnl_Id="4699">
<LocList>
<Loc EndOffset="10560" SrcFileId="38" StartOffset="10494"/>
<Loc EndOffset="10596" SrcFileId="38" StartOffset="10569"/>
<Loc EndOffset="10625" SrcFileId="38" StartOffset="10605"/>
</LocList>
<BasicStmnt CovItemId="S76" CovItemPrefix="cabra.NotePanel.java" Intrnl_Id="4700">
<LocList>
<Loc EndOffset="10560" SrcFileId="38" StartOffset="10494"/>
</LocList>
</BasicStmnt>
<BasicStmnt CovItemId="S77" CovItemPrefix="cabra.NotePanel.java" Intrnl_Id="4701">
<LocList>
<Loc EndOffset="10596" SrcFileId="38" StartOffset="10569"/>
</LocList>
</BasicStmnt>
<BasicStmnt CovItemId="S78" CovItemPrefix="cabra.NotePanel.java" Intrnl_Id="4702">
<LocList>
<Loc EndOffset="10625" SrcFileId="38" StartOffset="10605"/>
</LocList>
</BasicStmnt>
</StmntSeq>
</HierarchyLvl>
<HierarchyLvl HierarchyLvlId="1561" HierarchyLvlTypeId="67" Intrnl_Id="4703" Name="getPanelName">
<Header>
<Loc EndOffset="10785" SrcFileId="38" StartOffset="10757"/>
</Header>
<LocList>
<Loc EndOffset="10876" SrcFileId="38" StartOffset="10757"/>
</LocList>
<StmntSeq Intrnl_Id="4704">
<LocList>
<Loc EndOffset="10821" SrcFileId="38" StartOffset="10799"/>
</LocList>
<BasicStmnt CovItemId="S79" CovItemPrefix="cabra.NotePanel.java" Intrnl_Id="4705">
<LocList>
<Loc EndOffset="10821" SrcFileId="38" StartOffset="10799"/>
</LocList>
</BasicStmnt>
</StmntSeq>
</HierarchyLvl>
<HierarchyLvl HierarchyLvlId="1562" HierarchyLvlTypeId="67" Intrnl_Id="4706" Name="getNote">
<Header>
<Loc EndOffset="10915" SrcFileId="38" StartOffset="10894"/>
</Header>
<LocList>
<Loc EndOffset="10932" SrcFileId="38" StartOffset="10894"/>
</LocList>
<StmntSeq Intrnl_Id="4707">
<LocList>
<Loc EndOffset="10930" SrcFileId="38" StartOffset="10918"/>
</LocList>
<BasicStmnt CovItemId="S80" CovItemPrefix="cabra.NotePanel.java" Intrnl_Id="4708">
<LocList>
<Loc EndOffset="10930" SrcFileId="38" StartOffset="10918"/>
</LocList>
</BasicStmnt>
</StmntSeq>
</HierarchyLvl>
<HierarchyLvl HierarchyLvlId="1563" HierarchyLvlTypeId="67" Intrnl_Id="4709" Name="equals">
<Header>
<Loc EndOffset="11004" SrcFileId="38" StartOffset="10946"/>
</Header>
<LocList>
<Loc EndOffset="11245" SrcFileId="38" StartOffset="10946"/>
</LocList>
<StmntSeq Intrnl_Id="4710">
<LocList>
<Loc EndOffset="11098" SrcFileId="38" StartOffset="11018"/>
<Loc EndOffset="11156" SrcFileId="38" StartOffset="11111"/>
<Loc EndOffset="11209" SrcFileId="38" StartOffset="11169"/>
</LocList>
<CondStmnt CovItemId="S81" CovItemPrefix="cabra.NotePanel.java" Intrnl_Id="4711">
<Branch CovItemId="B5" CovItemPrefix="cabra.NotePanel.java" Implct="false" Intrnl_Id="4712">
<Cond/>
<LocList>
<Loc EndOffset="11098" SrcFileId="38" StartOffset="11085"/>
</LocList>
<StmntSeq Intrnl_Id="4713">
<LocList>
<Loc EndOffset="11098" SrcFileId="38" StartOffset="11085"/>
</LocList>
<BasicStmnt CovItemId="S82" CovItemPrefix="cabra.NotePanel.java" Intrnl_Id="4714">
<LocList>
<Loc EndOffset="11098" SrcFileId="38" StartOffset="11085"/>
</LocList>
</BasicStmnt>
</StmntSeq>
</Branch>
<Branch CovItemId="B6" CovItemPrefix="cabra.NotePanel.java" Implct="true" Intrnl_Id="4715">
<Cond/>
<LocList/>
<StmntSeq Intrnl_Id="4716">
<LocList/>
</StmntSeq>
</Branch>
<Keyword EndOffset="11020" SrcFileId="38" StartOffset="11018"/>
<LocList>
<Loc EndOffset="11098" SrcFileId="38" StartOffset="11018"/>
</LocList>
<RootTerm CovItemId="C3" CovItemPrefix="cabra.NotePanel.java" Intrnl_Id="4717">
<OpTerm BooleanOpId="62" Intrnl_Id="4718">
<BasicBoolTerm Intrnl_Id="4719">
<LocList>
<Loc EndOffset="11039" SrcFileId="38" StartOffset="11021"/>
</LocList>
</BasicBoolTerm>
<BasicBoolTerm Intrnl_Id="4720">
<LocList>
<Loc EndOffset="11083" SrcFileId="38" StartOffset="11043"/>
</LocList>
</BasicBoolTerm>
<LocList>
<Loc EndOffset="11042" SrcFileId="38" StartOffset="11040"/>
</LocList>
</OpTerm>
</RootTerm>
</CondStmnt>
<BasicStmnt CovItemId="S83" CovItemPrefix="cabra.NotePanel.java" Intrnl_Id="4721">
<LocList>
<Loc EndOffset="11156" SrcFileId="38" StartOffset="11111"/>
</LocList>
</BasicStmnt>
<BasicStmnt CovItemId="S84" CovItemPrefix="cabra.NotePanel.java" Intrnl_Id="4722">
<LocList>
<Loc EndOffset="11209" SrcFileId="38" StartOffset="11169"/>
</LocList>
</BasicStmnt>
</StmntSeq>
</HierarchyLvl>
<HierarchyLvl HierarchyLvlId="1564" HierarchyLvlTypeId="67" Intrnl_Id="4723" Name="hashCode">
<Header>
<Loc EndOffset="11286" SrcFileId="38" StartOffset="11251"/>
</Header>
<LocList>
<Loc EndOffset="11412" SrcFileId="38" StartOffset="11251"/>
</LocList>
<StmntSeq Intrnl_Id="4724">
<LocList>
<Loc EndOffset="11310" SrcFileId="38" StartOffset="11297"/>
<Loc EndOffset="11385" SrcFileId="38" StartOffset="11319"/>
<Loc EndOffset="11406" SrcFileId="38" StartOffset="11394"/>
</LocList>
<BasicStmnt CovItemId="S85" CovItemPrefix="cabra.NotePanel.java" Intrnl_Id="4725">
<LocList>
<Loc EndOffset="11310" SrcFileId="38" StartOffset="11297"/>
</LocList>
</BasicStmnt>
<BasicStmnt CovItemId="S86" CovItemPrefix="cabra.NotePanel.java" Intrnl_Id="4726">
<LocList>
<Loc EndOffset="11385" SrcFileId="38" StartOffset="11319"/>
</LocList>
<QMO CovItemId="Q0" CovItemPrefix="cabra.NotePanel.java" Intrnl_Id="4727">
<LocList>
<Loc EndOffset="11356" SrcFileId="38" StartOffset="11339"/>
</LocList>
<QMO_E CovItemId="Q0-0" CovItemPrefix="cabra.NotePanel.java" Intrnl_Id="4728">
<LocList>
<Loc EndOffset="11379" SrcFileId="38" StartOffset="11359"/>
</LocList>
</QMO_E>
<QMO_E CovItemId="Q0-1" CovItemPrefix="cabra.NotePanel.java" Intrnl_Id="4729">
<LocList>
<Loc EndOffset="11383" SrcFileId="38" StartOffset="11382"/>
</LocList>
</QMO_E>
</QMO>
</BasicStmnt>
<BasicStmnt CovItemId="S87" CovItemPrefix="cabra.NotePanel.java" Intrnl_Id="4730">
<LocList>
<Loc EndOffset="11406" SrcFileId="38" StartOffset="11394"/>
</LocList>
</BasicStmnt>
</StmntSeq>
</HierarchyLvl>
<HierarchyLvl HierarchyLvlId="1565" HierarchyLvlTypeId="67" Intrnl_Id="4731" Name="delete">
<Header>
<Loc EndOffset="11476" SrcFileId="38" StartOffset="11456"/>
</Header>
<LocList>
<Loc EndOffset="11731" SrcFileId="38" StartOffset="11456"/>
</LocList>
<StmntSeq Intrnl_Id="4732">
<LocList>
<Loc EndOffset="11632" SrcFileId="38" StartOffset="11517"/>
<Loc EndOffset="11725" SrcFileId="38" StartOffset="11641"/>
</LocList>
<BasicStmnt CovItemId="S88" CovItemPrefix="cabra.NotePanel.java" Intrnl_Id="4733">
<LocList>
<Loc EndOffset="11632" SrcFileId="38" StartOffset="11517"/>
</LocList>
</BasicStmnt>
<CondStmnt CovItemId="S89" CovItemPrefix="cabra.NotePanel.java" Intrnl_Id="4734">
<Branch CovItemId="B7" CovItemPrefix="cabra.NotePanel.java" Implct="false" Intrnl_Id="4735">
<Cond/>
<LocList>
<Loc EndOffset="11725" SrcFileId="38" StartOffset="11657"/>
</LocList>
<StmntSeq Intrnl_Id="4736">
<LocList>
<Loc EndOffset="11701" SrcFileId="38" StartOffset="11671"/>
</LocList>
<BasicStmnt CovItemId="S90" CovItemPrefix="cabra.NotePanel.java" Intrnl_Id="4737">
<LocList>
<Loc EndOffset="11701" SrcFileId="38" StartOffset="11671"/>
</LocList>
</BasicStmnt>
</StmntSeq>
</Branch>
<Branch CovItemId="B8" CovItemPrefix="cabra.NotePanel.java" Implct="true" Intrnl_Id="4738">
<Cond/>
<LocList/>
<StmntSeq Intrnl_Id="4739">
<LocList/>
</StmntSeq>
</Branch>
<Keyword EndOffset="11643" SrcFileId="38" StartOffset="11641"/>
<LocList>
<Loc EndOffset="11725" SrcFileId="38" StartOffset="11641"/>
</LocList>
<RootTerm CovItemId="C4" CovItemPrefix="cabra.NotePanel.java" Intrnl_Id="4740">
<BasicBoolTerm Intrnl_Id="4741">
<LocList>
<Loc EndOffset="11656" SrcFileId="38" StartOffset="11644"/>
</LocList>
</BasicBoolTerm>
</RootTerm>
</CondStmnt>
</StmntSeq>
</HierarchyLvl>
<HierarchyLvl HierarchyLvlId="1567" HierarchyLvlTypeId="66" Intrnl_Id="4742" Name="InsertImageAction">
<Header>
<Loc EndOffset="11787" SrcFileId="38" StartOffset="11741"/>
</Header>
<LocList>
<Loc EndOffset="12576" SrcFileId="38" StartOffset="11741"/>
</LocList>
<HierarchyLvl HierarchyLvlId="1566" HierarchyLvlTypeId="67" Intrnl_Id="4743" Name="actionPerformed">
<Header>
<Loc EndOffset="11840" SrcFileId="38" StartOffset="11798"/>
</Header>
<LocList>
<Loc EndOffset="12561" SrcFileId="38" StartOffset="11798"/>
</LocList>
<StmntSeq Intrnl_Id="4744">
<LocList>
<Loc EndOffset="11932" SrcFileId="38" StartOffset="11882"/>
<Loc EndOffset="12551" SrcFileId="38" StartOffset="11945"/>
</LocList>
<BasicStmnt CovItemId="S91" CovItemPrefix="cabra.NotePanel.java" Intrnl_Id="4745">
<LocList>
<Loc EndOffset="11932" SrcFileId="38" StartOffset="11882"/>
</LocList>
</BasicStmnt>
<CondStmnt CovItemId="S92" CovItemPrefix="cabra.NotePanel.java" Intrnl_Id="4746">
<Branch CovItemId="B9" CovItemPrefix="cabra.NotePanel.java" Implct="false" Intrnl_Id="4747">
<Cond/>
<LocList>
<Loc EndOffset="12551" SrcFileId="38" StartOffset="11968"/>
</LocList>
<StmntSeq Intrnl_Id="4748">
<LocList>
<Loc EndOffset="12069" SrcFileId="38" StartOffset="11986"/>
<Loc EndOffset="12536" SrcFileId="38" StartOffset="12502"/>
</LocList>
<BasicStmnt CovItemId="S93" CovItemPrefix="cabra.NotePanel.java" Intrnl_Id="4749">
<LocList>
<Loc EndOffset="12069" SrcFileId="38" StartOffset="11986"/>
</LocList>
</BasicStmnt>
<BasicStmnt CovItemId="S94" CovItemPrefix="cabra.NotePanel.java" Intrnl_Id="4750">
<LocList>
<Loc EndOffset="12536" SrcFileId="38" StartOffset="12502"/>
</LocList>
</BasicStmnt>
</StmntSeq>
</Branch>
<Branch CovItemId="B10" CovItemPrefix="cabra.NotePanel.java" Implct="true" Intrnl_Id="4751">
<Cond/>
<LocList/>
<StmntSeq Intrnl_Id="4752">
<LocList/>
</StmntSeq>
</Branch>
<Keyword EndOffset="11947" SrcFileId="38" StartOffset="11945"/>
<LocList>
<Loc EndOffset="12551" SrcFileId="38" StartOffset="11945"/>
</LocList>
<RootTerm CovItemId="C5" CovItemPrefix="cabra.NotePanel.java" Intrnl_Id="4753">
<BasicBoolTerm Intrnl_Id="4754">
<LocList>
<Loc EndOffset="11967" SrcFileId="38" StartOffset="11948"/>
</LocList>
</BasicBoolTerm>
</RootTerm>
</CondStmnt>
</StmntSeq>
</HierarchyLvl>
</HierarchyLvl>
<HierarchyLvl HierarchyLvlId="1569" HierarchyLvlTypeId="66" Intrnl_Id="4755" Name="SaveListener">
<Header>
<Loc EndOffset="12635" SrcFileId="38" StartOffset="12591"/>
</Header>
<LocList>
<Loc EndOffset="12868" SrcFileId="38" StartOffset="12591"/>
</LocList>
<HierarchyLvl HierarchyLvlId="1568" HierarchyLvlTypeId="67" Intrnl_Id="4756" Name="actionPerformed">
<Header>
<Loc EndOffset="12691" SrcFileId="38" StartOffset="12649"/>
</Header>
<LocList>
<Loc EndOffset="12858" SrcFileId="38" StartOffset="12649"/>
</LocList>
<StmntSeq Intrnl_Id="4757">
<LocList>
<Loc EndOffset="12722" SrcFileId="38" StartOffset="12710"/>
<Loc EndOffset="12844" SrcFileId="38" StartOffset="12820"/>
</LocList>
<BasicStmnt CovItemId="S95" CovItemPrefix="cabra.NotePanel.java" Intrnl_Id="4758">
<LocList>
<Loc EndOffset="12722" SrcFileId="38" StartOffset="12710"/>
</LocList>
</BasicStmnt>
<BasicStmnt CovItemId="S96" CovItemPrefix="cabra.NotePanel.java" Intrnl_Id="4759">
<LocList>
<Loc EndOffset="12844" SrcFileId="38" StartOffset="12820"/>
</LocList>
</BasicStmnt>
</StmntSeq>
</HierarchyLvl>
</HierarchyLvl>
<HierarchyLvl HierarchyLvlId="1571" HierarchyLvlTypeId="66" Intrnl_Id="4760" Name="DeleteListener">
<Header>
<Loc EndOffset="12926" SrcFileId="38" StartOffset="12880"/>
</Header>
<LocList>
<Loc EndOffset="13021" SrcFileId="38" StartOffset="12880"/>
</LocList>
<HierarchyLvl HierarchyLvlId="1570" HierarchyLvlTypeId="67" Intrnl_Id="4761" Name="actionPerformed">
<Header>
<Loc EndOffset="12979" SrcFileId="38" StartOffset="12937"/>
</Header>
<LocList>
<Loc EndOffset="13014" SrcFileId="38" StartOffset="12937"/>
</LocList>
<StmntSeq Intrnl_Id="4762">
<LocList>
<Loc EndOffset="13003" SrcFileId="38" StartOffset="12994"/>
</LocList>
<BasicStmnt CovItemId="S97" CovItemPrefix="cabra.NotePanel.java" Intrnl_Id="4763">
<LocList>
<Loc EndOffset="13003" SrcFileId="38" StartOffset="12994"/>
</LocList>
</BasicStmnt>
</StmntSeq>
</HierarchyLvl>
</HierarchyLvl>
</HierarchyLvl>
<HierarchyLvl HierarchyLvlId="1581" HierarchyLvlTypeId="66" Intrnl_Id="4764" Name="Note">
<Header>
<Loc EndOffset="314" SrcFileId="39" StartOffset="258"/>
</Header>
<LocList>
<Loc EndOffset="2379" SrcFileId="39" StartOffset="258"/>
</LocList>
<StmntSeq Intrnl_Id="4765">
<LocList>
<Loc EndOffset="477" SrcFileId="39" StartOffset="430"/>
</LocList>
<BasicStmnt CovItemId="S1" CovItemPrefix="cabra.Note.java" Intrnl_Id="4766">
<LocList>
<Loc EndOffset="477" SrcFileId="39" StartOffset="430"/>
</LocList>
</BasicStmnt>
</StmntSeq>
<HierarchyLvl HierarchyLvlId="1573" HierarchyLvlTypeId="67" Intrnl_Id="4767" Name="Note">
<Header>
<Loc EndOffset="747" SrcFileId="39" StartOffset="723"/>
</Header>
<LocList>
<Loc EndOffset="842" SrcFileId="39" StartOffset="723"/>
</LocList>
<StmntSeq Intrnl_Id="4768">
<LocList>
<Loc EndOffset="774" SrcFileId="39" StartOffset="757"/>
<Loc EndOffset="836" SrcFileId="39" StartOffset="792"/>
</LocList>
<BasicStmnt CovItemId="S2" CovItemPrefix="cabra.Note.java" Intrnl_Id="4769">
<LocList>
<Loc EndOffset="774" SrcFileId="39" StartOffset="757"/>
</LocList>
</BasicStmnt>
<BasicStmnt CovItemId="S3" CovItemPrefix="cabra.Note.java" Intrnl_Id="4770">
<LocList>
<Loc EndOffset="836" SrcFileId="39" StartOffset="792"/>
</LocList>
</BasicStmnt>
</StmntSeq>
</HierarchyLvl>
<HierarchyLvl HierarchyLvlId="1574" HierarchyLvlTypeId="67" Intrnl_Id="4771" Name="Note">
<Header>
<Loc EndOffset="900" SrcFileId="39" StartOffset="852"/>
</Header>
<LocList>
<Loc EndOffset="1062" SrcFileId="39" StartOffset="852"/>
</LocList>
<StmntSeq Intrnl_Id="4772">
<LocList>
<Loc EndOffset="985" SrcFileId="39" StartOffset="974"/>
<Loc EndOffset="1056" SrcFileId="39" StartOffset="1031"/>
</LocList>
<BasicStmnt CovItemId="S4" CovItemPrefix="cabra.Note.java" Intrnl_Id="4773">
<LocList>
<Loc EndOffset="985" SrcFileId="39" StartOffset="974"/>
</LocList>
</BasicStmnt>
<BasicStmnt CovItemId="S5" CovItemPrefix="cabra.Note.java" Intrnl_Id="4774">
<LocList>
<Loc EndOffset="1056" SrcFileId="39" StartOffset="1031"/>
</LocList>
</BasicStmnt>
</StmntSeq>
</HierarchyLvl>
<HierarchyLvl HierarchyLvlId="1575" HierarchyLvlTypeId="67" Intrnl_Id="4775" Name="getName">
<Header>
<Loc EndOffset="1194" SrcFileId="39" StartOffset="1171"/>
</Header>
<LocList>
<Loc EndOffset="1211" SrcFileId="39" StartOffset="1171"/>
</LocList>
<StmntSeq Intrnl_Id="4776">
<LocList>
<Loc EndOffset="1209" SrcFileId="39" StartOffset="1197"/>
</LocList>
<BasicStmnt CovItemId="S6" CovItemPrefix="cabra.Note.java" Intrnl_Id="4777">
<LocList>
<Loc EndOffset="1209" SrcFileId="39" StartOffset="1197"/>
</LocList>
</BasicStmnt>
</StmntSeq>
</HierarchyLvl>
<HierarchyLvl HierarchyLvlId="1576" HierarchyLvlTypeId="67" Intrnl_Id="4778" Name="getDocument">
<Header>
<Loc EndOffset="1456" SrcFileId="39" StartOffset="1421"/>
</Header>
<LocList>
<Loc EndOffset="1477" SrcFileId="39" StartOffset="1421"/>
</LocList>
<StmntSeq Intrnl_Id="4779">
<LocList>
<Loc EndOffset="1475" SrcFileId="39" StartOffset="1459"/>
</LocList>
<BasicStmnt CovItemId="S7" CovItemPrefix="cabra.Note.java" Intrnl_Id="4780">
<LocList>
<Loc EndOffset="1475" SrcFileId="39" StartOffset="1459"/>
</LocList>
</BasicStmnt>
</StmntSeq>
</HierarchyLvl>
<HierarchyLvl HierarchyLvlId="1577" HierarchyLvlTypeId="67" Intrnl_Id="4781" Name="setDocument">
<Header>
<Loc EndOffset="1535" SrcFileId="39" StartOffset="1487"/>
</Header>
<LocList>
<Loc EndOffset="1576" SrcFileId="39" StartOffset="1487"/>
</LocList>
<StmntSeq Intrnl_Id="4782">
<LocList>
<Loc EndOffset="1570" SrcFileId="39" StartOffset="1545"/>
</LocList>
<BasicStmnt CovItemId="S8" CovItemPrefix="cabra.Note.java" Intrnl_Id="4783">
<LocList>
<Loc EndOffset="1570" SrcFileId="39" StartOffset="1545"/>
</LocList>
</BasicStmnt>
</StmntSeq>
</HierarchyLvl>
<HierarchyLvl HierarchyLvlId="1578" HierarchyLvlTypeId="67" Intrnl_Id="4784" Name="documentEquals">
<Header>
<Loc EndOffset="1845" SrcFileId="39" StartOffset="1796"/>
</Header>
<LocList>
<Loc EndOffset="1889" SrcFileId="39" StartOffset="1796"/>
</LocList>
<StmntSeq Intrnl_Id="4785">
<LocList>
<Loc EndOffset="1883" SrcFileId="39" StartOffset="1855"/>
</LocList>
<BasicStmnt CovItemId="S9" CovItemPrefix="cabra.Note.java" Intrnl_Id="4786">
<LocList>
<Loc EndOffset="1883" SrcFileId="39" StartOffset="1855"/>
</LocList>
</BasicStmnt>
</StmntSeq>
</HierarchyLvl>
<HierarchyLvl HierarchyLvlId="1579" HierarchyLvlTypeId="67" Intrnl_Id="4787" Name="equals">
<Header>
<Loc EndOffset="1956" SrcFileId="39" StartOffset="1899"/>
</Header>
<LocList>
<Loc EndOffset="2210" SrcFileId="39" StartOffset="1899"/>
</LocList>
<StmntSeq Intrnl_Id="4788">
<LocList>
<Loc EndOffset="2005" SrcFileId="39" StartOffset="1974"/>
<Loc EndOffset="2070" SrcFileId="39" StartOffset="2022"/>
<Loc EndOffset="2111" SrcFileId="39" StartOffset="2087"/>
<Loc EndOffset="2163" SrcFileId="39" StartOffset="2128"/>
</LocList>
<CondStmnt CovItemId="S10" CovItemPrefix="cabra.Note.java" Intrnl_Id="4789">
<Branch CovItemId="B1" CovItemPrefix="cabra.Note.java" Implct="false" Intrnl_Id="4790">
<Cond/>
<LocList>
<Loc EndOffset="2005" SrcFileId="39" StartOffset="1992"/>
</LocList>
<StmntSeq Intrnl_Id="4791">
<LocList>
<Loc EndOffset="2005" SrcFileId="39" StartOffset="1992"/>
</LocList>
<BasicStmnt CovItemId="S11" CovItemPrefix="cabra.Note.java" Intrnl_Id="4792">
<LocList>
<Loc EndOffset="2005" SrcFileId="39" StartOffset="1992"/>
</LocList>
</BasicStmnt>
</StmntSeq>
</Branch>
<Branch CovItemId="B2" CovItemPrefix="cabra.Note.java" Implct="true" Intrnl_Id="4793">
<Cond/>
<LocList/>
<StmntSeq Intrnl_Id="4794">
<LocList/>
</StmntSeq>
</Branch>
<Keyword EndOffset="1976" SrcFileId="39" StartOffset="1974"/>
<LocList>
<Loc EndOffset="2005" SrcFileId="39" StartOffset="1974"/>
</LocList>
<RootTerm CovItemId="C1" CovItemPrefix="cabra.Note.java" Intrnl_Id="4795">
<BasicBoolTerm Intrnl_Id="4796">
<LocList>
<Loc EndOffset="1990" SrcFileId="39" StartOffset="1977"/>
</LocList>
</BasicBoolTerm>
</RootTerm>
</CondStmnt>
<CondStmnt CovItemId="S12" CovItemPrefix="cabra.Note.java" Intrnl_Id="4797">
<Branch CovItemId="B3" CovItemPrefix="cabra.Note.java" Implct="false" Intrnl_Id="4798">
<Cond/>
<LocList>
<Loc EndOffset="2070" SrcFileId="39" StartOffset="2057"/>
</LocList>
<StmntSeq Intrnl_Id="4799">
<LocList>
<Loc EndOffset="2070" SrcFileId="39" StartOffset="2057"/>
</LocList>
<BasicStmnt CovItemId="S13" CovItemPrefix="cabra.Note.java" Intrnl_Id="4800">
<LocList>
<Loc EndOffset="2070" SrcFileId="39" StartOffset="2057"/>
</LocList>
</BasicStmnt>
</StmntSeq>
</Branch>
<Branch CovItemId="B4" CovItemPrefix="cabra.Note.java" Implct="true" Intrnl_Id="4801">
<Cond/>
<LocList/>
<StmntSeq Intrnl_Id="4802">
<LocList/>
</StmntSeq>
</Branch>
<Keyword EndOffset="2024" SrcFileId="39" StartOffset="2022"/>
<LocList>
<Loc EndOffset="2070" SrcFileId="39" StartOffset="2022"/>
</LocList>
<RootTerm CovItemId="C2" CovItemPrefix="cabra.Note.java" Intrnl_Id="4803">
<BasicBoolTerm Intrnl_Id="4804">
<LocList>
<Loc EndOffset="2055" SrcFileId="39" StartOffset="2025"/>
</LocList>
</BasicBoolTerm>
</RootTerm>
</CondStmnt>
<BasicStmnt CovItemId="S14" CovItemPrefix="cabra.Note.java" Intrnl_Id="4805">
<LocList>
<Loc EndOffset="2111" SrcFileId="39" StartOffset="2087"/>
</LocList>
</BasicStmnt>
<BasicStmnt CovItemId="S15" CovItemPrefix="cabra.Note.java" Intrnl_Id="4806">
<LocList>
<Loc EndOffset="2163" SrcFileId="39" StartOffset="2128"/>
</LocList>
</BasicStmnt>
</StmntSeq>
</HierarchyLvl>
<HierarchyLvl HierarchyLvlId="1580" HierarchyLvlTypeId="67" Intrnl_Id="4807" Name="hashCode">
<Header>
<Loc EndOffset="2251" SrcFileId="39" StartOffset="2216"/>
</Header>
<LocList>
<Loc EndOffset="2377" SrcFileId="39" StartOffset="2216"/>
</LocList>
<StmntSeq Intrnl_Id="4808">
<LocList>
<Loc EndOffset="2275" SrcFileId="39" StartOffset="2262"/>
<Loc EndOffset="2350" SrcFileId="39" StartOffset="2284"/>
<Loc EndOffset="2371" SrcFileId="39" StartOffset="2359"/>
</LocList>
<BasicStmnt CovItemId="S16" CovItemPrefix="cabra.Note.java" Intrnl_Id="4809">
<LocList>
<Loc EndOffset="2275" SrcFileId="39" StartOffset="2262"/>
</LocList>
</BasicStmnt>
<BasicStmnt CovItemId="S17" CovItemPrefix="cabra.Note.java" Intrnl_Id="4810">
<LocList>
<Loc EndOffset="2350" SrcFileId="39" StartOffset="2284"/>
</LocList>
<QMO CovItemId="Q0" CovItemPrefix="cabra.Note.java" Intrnl_Id="4811">
<LocList>
<Loc EndOffset="2321" SrcFileId="39" StartOffset="2304"/>
</LocList>
<QMO_E CovItemId="Q0-0" CovItemPrefix="cabra.Note.java" Intrnl_Id="4812">
<LocList>
<Loc EndOffset="2344" SrcFileId="39" StartOffset="2324"/>
</LocList>
</QMO_E>
<QMO_E CovItemId="Q0-1" CovItemPrefix="cabra.Note.java" Intrnl_Id="4813">
<LocList>
<Loc EndOffset="2348" SrcFileId="39" StartOffset="2347"/>
</LocList>
</QMO_E>
</QMO>
</BasicStmnt>
<BasicStmnt CovItemId="S18" CovItemPrefix="cabra.Note.java" Intrnl_Id="4814">
<LocList>
<Loc EndOffset="2371" SrcFileId="39" StartOffset="2359"/>
</LocList>
</BasicStmnt>
</StmntSeq>
</HierarchyLvl>
</HierarchyLvl>
<HierarchyLvl HierarchyLvlId="1585" HierarchyLvlTypeId="66" Intrnl_Id="4815" Name="NewNoteTab">
<Header>
<Loc EndOffset="252" SrcFileId="40" StartOffset="214"/>
</Header>
<LocList>
<Loc EndOffset="1140" SrcFileId="40" StartOffset="214"/>
<Loc EndOffset="1591" SrcFileId="40" StartOffset="1589"/>
</LocList>
<HierarchyLvl HierarchyLvlId="1582" HierarchyLvlTypeId="67" Intrnl_Id="4816" Name="NewNoteTab">
<Header>
<Loc EndOffset="617" SrcFileId="40" StartOffset="571"/>
</Header>
<LocList>
<Loc EndOffset="1084" SrcFileId="40" StartOffset="571"/>
</LocList>
<StmntSeq Intrnl_Id="4817">
<LocList>
<Loc EndOffset="650" SrcFileId="40" StartOffset="627"/>
<Loc EndOffset="674" SrcFileId="40" StartOffset="659"/>
<Loc EndOffset="742" SrcFileId="40" StartOffset="692"/>
<Loc EndOffset="846" SrcFileId="40" StartOffset="805"/>
<Loc EndOffset="965" SrcFileId="40" StartOffset="927"/>
</LocList>
<BasicStmnt CovItemId="S1" CovItemPrefix="cabra.NewNoteTab.java" Intrnl_Id="4818">
<LocList>
<Loc EndOffset="650" SrcFileId="40" StartOffset="627"/>
</LocList>
</BasicStmnt>
<BasicStmnt CovItemId="S2" CovItemPrefix="cabra.NewNoteTab.java" Intrnl_Id="4819">
<LocList>
<Loc EndOffset="674" SrcFileId="40" StartOffset="659"/>
</LocList>
</BasicStmnt>
<BasicStmnt CovItemId="S3" CovItemPrefix="cabra.NewNoteTab.java" Intrnl_Id="4820">
<LocList>
<Loc EndOffset="742" SrcFileId="40" StartOffset="692"/>
</LocList>
</BasicStmnt>
<BasicStmnt CovItemId="S4" CovItemPrefix="cabra.NewNoteTab.java" Intrnl_Id="4821">
<LocList>
<Loc EndOffset="846" SrcFileId="40" StartOffset="805"/>
</LocList>
</BasicStmnt>
<BasicStmnt CovItemId="S5" CovItemPrefix="cabra.NewNoteTab.java" Intrnl_Id="4822">
<LocList>
<Loc EndOffset="965" SrcFileId="40" StartOffset="927"/>
</LocList>
</BasicStmnt>
</StmntSeq>
</HierarchyLvl>
<HierarchyLvl HierarchyLvlId="1584" HierarchyLvlTypeId="66" Intrnl_Id="4823" Name="clickListener">
<Header>
<Loc EndOffset="1180" SrcFileId="40" StartOffset="1140"/>
</Header>
<LocList>
<Loc EndOffset="1589" SrcFileId="40" StartOffset="1140"/>
</LocList>
<HierarchyLvl HierarchyLvlId="1583" HierarchyLvlTypeId="67" Intrnl_Id="4824" Name="mouseClicked">
<Header>
<Loc EndOffset="1254" SrcFileId="40" StartOffset="1190"/>
</Header>
<LocList>
<Loc EndOffset="1583" SrcFileId="40" StartOffset="1190"/>
</LocList>
<StmntSeq Intrnl_Id="4825">
<LocList>
<Loc EndOffset="1390" SrcFileId="40" StartOffset="1332"/>
<Loc EndOffset="1463" SrcFileId="40" StartOffset="1411"/>
<Loc EndOffset="1544" SrcFileId="40" StartOffset="1513"/>
</LocList>
<BasicStmnt CovItemId="S6" CovItemPrefix="cabra.NewNoteTab.java" Intrnl_Id="4826">
<LocList>
<Loc EndOffset="1390" SrcFileId="40" StartOffset="1332"/>
</LocList>
</BasicStmnt>
<CondStmnt CovItemId="S7" CovItemPrefix="cabra.NewNoteTab.java" Intrnl_Id="4827">
<Branch CovItemId="B1" CovItemPrefix="cabra.NewNoteTab.java" Implct="false" Intrnl_Id="4828">
<Cond/>
<LocList>
<Loc EndOffset="1463" SrcFileId="40" StartOffset="1456"/>
</LocList>
<StmntSeq Intrnl_Id="4829">
<LocList>
<Loc EndOffset="1463" SrcFileId="40" StartOffset="1456"/>
</LocList>
<BasicStmnt CovItemId="S8" CovItemPrefix="cabra.NewNoteTab.java" Intrnl_Id="4830">
<LocList>
<Loc EndOffset="1463" SrcFileId="40" StartOffset="1456"/>
</LocList>
</BasicStmnt>
</StmntSeq>
</Branch>
<Branch CovItemId="B2" CovItemPrefix="cabra.NewNoteTab.java" Implct="true" Intrnl_Id="4831">
<Cond/>
<LocList/>
<StmntSeq Intrnl_Id="4832">
<LocList/>
</StmntSeq>
</Branch>
<Keyword EndOffset="1413" SrcFileId="40" StartOffset="1411"/>
<LocList>
<Loc EndOffset="1463" SrcFileId="40" StartOffset="1411"/>
</LocList>
<RootTerm CovItemId="C1" CovItemPrefix="cabra.NewNoteTab.java" Intrnl_Id="4833">
<BasicBoolTerm Intrnl_Id="4834">
<LocList>
<Loc EndOffset="1430" SrcFileId="40" StartOffset="1414"/>
</LocList>
</BasicBoolTerm>
</RootTerm>
</CondStmnt>
<BasicStmnt CovItemId="S9" CovItemPrefix="cabra.NewNoteTab.java" Intrnl_Id="4835">
<LocList>
<Loc EndOffset="1544" SrcFileId="40" StartOffset="1513"/>
</LocList>
</BasicStmnt>
</StmntSeq>
</HierarchyLvl>
</HierarchyLvl>
</HierarchyLvl>
<HierarchyLvl HierarchyLvlId="1590" HierarchyLvlTypeId="66" Intrnl_Id="4836" Name="Main">
<Header>
<Loc EndOffset="197" SrcFileId="41" StartOffset="145"/>
</Header>
<LocList>
<Loc EndOffset="825" SrcFileId="41" StartOffset="145"/>
</LocList>
<HierarchyLvl HierarchyLvlId="1588" HierarchyLvlTypeId="67" Intrnl_Id="4837" Name="run">
<Header>
<Loc EndOffset="288" SrcFileId="41" StartOffset="271"/>
</Header>
<LocList>
<Loc EndOffset="708" SrcFileId="41" StartOffset="271"/>
</LocList>
<StmntSeq Intrnl_Id="4838">
<LocList>
<Loc EndOffset="335" SrcFileId="41" StartOffset="308"/>
<Loc EndOffset="434" SrcFileId="41" StartOffset="399"/>
<Loc EndOffset="581" SrcFileId="41" StartOffset="542"/>
<Loc EndOffset="695" SrcFileId="41" StartOffset="693"/>
</LocList>
<BasicStmnt CovItemId="S1" CovItemPrefix="cabra.Main.java" Intrnl_Id="4839">
<LocList>
<Loc EndOffset="335" SrcFileId="41" StartOffset="308"/>
</LocList>
</BasicStmnt>
<BasicStmnt CovItemId="S2" CovItemPrefix="cabra.Main.java" Intrnl_Id="4840">
<LocList>
<Loc EndOffset="434" SrcFileId="41" StartOffset="399"/>
</LocList>
</BasicStmnt>
<BasicStmnt CovItemId="S3" CovItemPrefix="cabra.Main.java" Intrnl_Id="4841">
<LocList>
<Loc EndOffset="581" SrcFileId="41" StartOffset="542"/>
<Loc EndOffset="695" SrcFileId="41" StartOffset="693"/>
</LocList>
</BasicStmnt>
</StmntSeq>
<HierarchyLvl HierarchyLvlId="1587" HierarchyLvlTypeId="69" Intrnl_Id="4842" Name="Runnable">
<Header>
<Loc EndOffset="595" SrcFileId="41" StartOffset="585"/>
</Header>
<LocList>
<Loc EndOffset="693" SrcFileId="41" StartOffset="581"/>
</LocList>
<HierarchyLvl HierarchyLvlId="1586" HierarchyLvlTypeId="67" Intrnl_Id="4843" Name="run">
<Header>
<Loc EndOffset="626" SrcFileId="41" StartOffset="609"/>
</Header>
<LocList>
<Loc EndOffset="683" SrcFileId="41" StartOffset="609"/>
</LocList>
<StmntSeq Intrnl_Id="4844">
<LocList>
<Loc EndOffset="669" SrcFileId="41" StartOffset="644"/>
</LocList>
<BasicStmnt CovItemId="S4" CovItemPrefix="cabra.Main.java" Intrnl_Id="4845">
<LocList>
<Loc EndOffset="669" SrcFileId="41" StartOffset="644"/>
</LocList>
</BasicStmnt>
</StmntSeq>
</HierarchyLvl>
</HierarchyLvl>
</HierarchyLvl>
<HierarchyLvl HierarchyLvlId="1589" HierarchyLvlTypeId="67" Intrnl_Id="4846" Name="main">
<Header>
<Loc EndOffset="756" SrcFileId="41" StartOffset="718"/>
</Header>
<LocList>
<Loc EndOffset="823" SrcFileId="41" StartOffset="718"/>
</LocList>
<StmntSeq Intrnl_Id="4847">
<LocList>
<Loc EndOffset="817" SrcFileId="41" StartOffset="766"/>
</LocList>
<BasicStmnt CovItemId="S5" CovItemPrefix="cabra.Main.java" Intrnl_Id="4848">
<LocList>
<Loc EndOffset="817" SrcFileId="41" StartOffset="766"/>
</LocList>
</BasicStmnt>
</StmntSeq>
</HierarchyLvl>
</HierarchyLvl>
<HierarchyLvl HierarchyLvlId="1603" HierarchyLvlTypeId="66" Intrnl_Id="4849" Name="LastSessionPanel">
<Header>
<Loc EndOffset="328" SrcFileId="42" StartOffset="284"/>
</Header>
<LocList>
<Loc EndOffset="4735" SrcFileId="42" StartOffset="284"/>
<Loc EndOffset="6280" SrcFileId="42" StartOffset="6159"/>
<Loc EndOffset="8570" SrcFileId="42" StartOffset="8568"/>
</LocList>
<StmntSeq Intrnl_Id="4850">
<LocList>
<Loc EndOffset="380" SrcFileId="42" StartOffset="341"/>
<Loc EndOffset="424" SrcFileId="42" StartOffset="385"/>
</LocList>
<BasicStmnt CovItemId="S1" CovItemPrefix="cabra.LastSessionPanel.java" Intrnl_Id="4851">
<LocList>
<Loc EndOffset="380" SrcFileId="42" StartOffset="341"/>
</LocList>
</BasicStmnt>
<BasicStmnt CovItemId="S2" CovItemPrefix="cabra.LastSessionPanel.java" Intrnl_Id="4852">
<LocList>
<Loc EndOffset="424" SrcFileId="42" StartOffset="385"/>
</LocList>
</BasicStmnt>
</StmntSeq>
<HierarchyLvl HierarchyLvlId="1591" HierarchyLvlTypeId="67" Intrnl_Id="4853" Name="LastSessionPanel">
<Header>
<Loc EndOffset="512" SrcFileId="42" StartOffset="468"/>
</Header>
<LocList>
<Loc EndOffset="712" SrcFileId="42" StartOffset="468"/>
</LocList>
<StmntSeq Intrnl_Id="4854">
<LocList>
<Loc EndOffset="553" SrcFileId="42" StartOffset="522"/>
<Loc EndOffset="611" SrcFileId="42" StartOffset="563"/>
<Loc EndOffset="634" SrcFileId="42" StartOffset="620"/>
</LocList>
<BasicStmnt CovItemId="S3" CovItemPrefix="cabra.LastSessionPanel.java" Intrnl_Id="4855">
<LocList>
<Loc EndOffset="553" SrcFileId="42" StartOffset="522"/>
</LocList>
</BasicStmnt>
<BasicStmnt CovItemId="S4" CovItemPrefix="cabra.LastSessionPanel.java" Intrnl_Id="4856">
<LocList>
<Loc EndOffset="611" SrcFileId="42" StartOffset="563"/>
</LocList>
</BasicStmnt>
<BasicStmnt CovItemId="S5" CovItemPrefix="cabra.LastSessionPanel.java" Intrnl_Id="4857">
<LocList>
<Loc EndOffset="634" SrcFileId="42" StartOffset="620"/>
</LocList>
</BasicStmnt>
</StmntSeq>
</HierarchyLvl>
<HierarchyLvl HierarchyLvlId="1592" HierarchyLvlTypeId="67" Intrnl_Id="4858" Name="createPanel">
<Header>
<Loc EndOffset="744" SrcFileId="42" StartOffset="718"/>
</Header>
<LocList>
<Loc EndOffset="1743" SrcFileId="42" StartOffset="718"/>
</LocList>
<StmntSeq Intrnl_Id="4859">
<LocList>
<Loc EndOffset="841" SrcFileId="42" StartOffset="801"/>
<Loc EndOffset="872" SrcFileId="42" StartOffset="850"/>
<Loc EndOffset="906" SrcFileId="42" StartOffset="881"/>
<Loc EndOffset="936" SrcFileId="42" StartOffset="915"/>
<Loc EndOffset="967" SrcFileId="42" StartOffset="945"/>
<Loc EndOffset="1009" SrcFileId="42" StartOffset="976"/>
<Loc EndOffset="1054" SrcFileId="42" StartOffset="1019"/>
<Loc EndOffset="1109" SrcFileId="42" StartOffset="1063"/>
<Loc EndOffset="1179" SrcFileId="42" StartOffset="1118"/>
<Loc EndOffset="1202" SrcFileId="42" StartOffset="1188"/>
<Loc EndOffset="1586" SrcFileId="42" StartOffset="1283"/>
<Loc EndOffset="1652" SrcFileId="42" StartOffset="1595"/>
<Loc EndOffset="1672" SrcFileId="42" StartOffset="1661"/>
<Loc EndOffset="1737" SrcFileId="42" StartOffset="1682"/>
</LocList>
<BasicStmnt CovItemId="S6" CovItemPrefix="cabra.LastSessionPanel.java" Intrnl_Id="4860">
<LocList>
<Loc EndOffset="841" SrcFileId="42" StartOffset="801"/>
</LocList>
</BasicStmnt>
<BasicStmnt CovItemId="S7" CovItemPrefix="cabra.LastSessionPanel.java" Intrnl_Id="4861">
<LocList>
<Loc EndOffset="872" SrcFileId="42" StartOffset="850"/>
</LocList>
</BasicStmnt>
<BasicStmnt CovItemId="S8" CovItemPrefix="cabra.LastSessionPanel.java" Intrnl_Id="4862">
<LocList>
<Loc EndOffset="906" SrcFileId="42" StartOffset="881"/>
</LocList>
</BasicStmnt>
<BasicStmnt CovItemId="S9" CovItemPrefix="cabra.LastSessionPanel.java" Intrnl_Id="4863">
<LocList>
<Loc EndOffset="936" SrcFileId="42" StartOffset="915"/>
</LocList>
</BasicStmnt>
<BasicStmnt CovItemId="S10" CovItemPrefix="cabra.LastSessionPanel.java" Intrnl_Id="4864">
<LocList>
<Loc EndOffset="967" SrcFileId="42" StartOffset="945"/>
</LocList>
</BasicStmnt>
<BasicStmnt CovItemId="S11" CovItemPrefix="cabra.LastSessionPanel.java" Intrnl_Id="4865">
<LocList>
<Loc EndOffset="1009" SrcFileId="42" StartOffset="976"/>
</LocList>
</BasicStmnt>
<BasicStmnt CovItemId="S12" CovItemPrefix="cabra.LastSessionPanel.java" Intrnl_Id="4866">
<LocList>
<Loc EndOffset="1054" SrcFileId="42" StartOffset="1019"/>
</LocList>
</BasicStmnt>
<BasicStmnt CovItemId="S13" CovItemPrefix="cabra.LastSessionPanel.java" Intrnl_Id="4867">
<LocList>
<Loc EndOffset="1109" SrcFileId="42" StartOffset="1063"/>
</LocList>
</BasicStmnt>
<BasicStmnt CovItemId="S14" CovItemPrefix="cabra.LastSessionPanel.java" Intrnl_Id="4868">
<LocList>
<Loc EndOffset="1179" SrcFileId="42" StartOffset="1118"/>
</LocList>
</BasicStmnt>
<BasicStmnt CovItemId="S15" CovItemPrefix="cabra.LastSessionPanel.java" Intrnl_Id="4869">
<LocList>
<Loc EndOffset="1202" SrcFileId="42" StartOffset="1188"/>
</LocList>
</BasicStmnt>
<BasicStmnt CovItemId="S16" CovItemPrefix="cabra.LastSessionPanel.java" Intrnl_Id="4870">
<LocList>
<Loc EndOffset="1586" SrcFileId="42" StartOffset="1283"/>
</LocList>
</BasicStmnt>
<BasicStmnt CovItemId="S17" CovItemPrefix="cabra.LastSessionPanel.java" Intrnl_Id="4871">
<LocList>
<Loc EndOffset="1652" SrcFileId="42" StartOffset="1595"/>
</LocList>
</BasicStmnt>
<BasicStmnt CovItemId="S18" CovItemPrefix="cabra.LastSessionPanel.java" Intrnl_Id="4872">
<LocList>
<Loc EndOffset="1672" SrcFileId="42" StartOffset="1661"/>
</LocList>
</BasicStmnt>
<BasicStmnt CovItemId="S19" CovItemPrefix="cabra.LastSessionPanel.java" Intrnl_Id="4873">
<LocList>
<Loc EndOffset="1737" SrcFileId="42" StartOffset="1682"/>
</LocList>
</BasicStmnt>
</StmntSeq>
</HierarchyLvl>
<HierarchyLvl HierarchyLvlId="1593" HierarchyLvlTypeId="67" Intrnl_Id="4874" Name="makeResultText">
<Header>
<Loc EndOffset="2130" SrcFileId="42" StartOffset="2058"/>
</Header>
<LocList>
<Loc EndOffset="2367" SrcFileId="42" StartOffset="2058"/>
</LocList>
<StmntSeq Intrnl_Id="4875">
<LocList>
<Loc EndOffset="2361" SrcFileId="42" StartOffset="2234"/>
</LocList>
<BasicStmnt CovItemId="S20" CovItemPrefix="cabra.LastSessionPanel.java" Intrnl_Id="4876">
<LocList>
<Loc EndOffset="2361" SrcFileId="42" StartOffset="2234"/>
</LocList>
</BasicStmnt>
</StmntSeq>
</HierarchyLvl>
<HierarchyLvl HierarchyLvlId="1596" HierarchyLvlTypeId="67" Intrnl_Id="4877" Name="createResultTable">
<Header>
<Loc EndOffset="2530" SrcFileId="42" StartOffset="2496"/>
</Header>
<LocList>
<Loc EndOffset="4721" SrcFileId="42" StartOffset="2496"/>
</LocList>
<StmntSeq Intrnl_Id="4878">
<LocList>
<Loc EndOffset="2673" SrcFileId="42" StartOffset="2571"/>
<Loc EndOffset="2738" SrcFileId="42" StartOffset="2691"/>
<Loc EndOffset="2790" SrcFileId="42" StartOffset="2747"/>
<Loc EndOffset="2835" SrcFileId="42" StartOffset="2799"/>
<Loc EndOffset="3070" SrcFileId="42" StartOffset="2917"/>
<Loc EndOffset="3153" SrcFileId="42" StartOffset="3088"/>
<Loc EndOffset="3511" SrcFileId="42" StartOffset="3182"/>
<Loc EndOffset="3682" SrcFileId="42" StartOffset="3561"/>
<Loc EndOffset="3708" SrcFileId="42" StartOffset="3700"/>
<Loc EndOffset="3922" SrcFileId="42" StartOffset="3921"/>
<Loc EndOffset="3988" SrcFileId="42" StartOffset="3931"/>
<Loc EndOffset="4087" SrcFileId="42" StartOffset="4043"/>
<Loc EndOffset="4551" SrcFileId="42" StartOffset="4096"/>
<Loc EndOffset="4592" SrcFileId="42" StartOffset="4569"/>
<Loc EndOffset="4649" SrcFileId="42" StartOffset="4601"/>
<Loc EndOffset="4693" SrcFileId="42" StartOffset="4658"/>
<Loc EndOffset="4715" SrcFileId="42" StartOffset="4702"/>
</LocList>
<BasicStmnt CovItemId="S21" CovItemPrefix="cabra.LastSessionPanel.java" Intrnl_Id="4879">
<LocList>
<Loc EndOffset="2673" SrcFileId="42" StartOffset="2571"/>
</LocList>
</BasicStmnt>
<BasicStmnt CovItemId="S22" CovItemPrefix="cabra.LastSessionPanel.java" Intrnl_Id="4880">
<LocList>
<Loc EndOffset="2738" SrcFileId="42" StartOffset="2691"/>
</LocList>
</BasicStmnt>
<BasicStmnt CovItemId="S23" CovItemPrefix="cabra.LastSessionPanel.java" Intrnl_Id="4881">
<LocList>
<Loc EndOffset="2790" SrcFileId="42" StartOffset="2747"/>
</LocList>
</BasicStmnt>
<BasicStmnt CovItemId="S24" CovItemPrefix="cabra.LastSessionPanel.java" Intrnl_Id="4882">
<LocList>
<Loc EndOffset="2835" SrcFileId="42" StartOffset="2799"/>
</LocList>
</BasicStmnt>
<BasicStmnt CovItemId="S25" CovItemPrefix="cabra.LastSessionPanel.java" Intrnl_Id="4883">
<LocList>
<Loc EndOffset="3070" SrcFileId="42" StartOffset="2917"/>
</LocList>
</BasicStmnt>
<BasicStmnt CovItemId="S26" CovItemPrefix="cabra.LastSessionPanel.java" Intrnl_Id="4884">
<LocList>
<Loc EndOffset="3153" SrcFileId="42" StartOffset="3088"/>
</LocList>
</BasicStmnt>
<LoopStmnt CovItemId="S27" CovItemPrefix="cabra.LastSessionPanel.java" Intrnl_Id="4885" MltplExecId="L1-2" MltplExecPrefix="cabra.LastSessionPanel.java" NvrExecId="L1-0" NvrExecPrefix="cabra.LastSessionPanel.java" OnceExecutedId="L1-1" OnceExecutedPrefix="cabra.LastSessionPanel.java" OptBodyExec="true">
<StmntSeq Intrnl_Id="4886">
<LocList>
<Loc EndOffset="3474" SrcFileId="42" StartOffset="3315"/>
<Loc EndOffset="3501" SrcFileId="42" StartOffset="3487"/>
</LocList>
<BasicStmnt CovItemId="S28" CovItemPrefix="cabra.LastSessionPanel.java" Intrnl_Id="4887">
<LocList>
<Loc EndOffset="3474" SrcFileId="42" StartOffset="3315"/>
</LocList>
</BasicStmnt>
<BasicStmnt CovItemId="S29" CovItemPrefix="cabra.LastSessionPanel.java" Intrnl_Id="4888">
<LocList>
<Loc EndOffset="3501" SrcFileId="42" StartOffset="3487"/>
</LocList>
</BasicStmnt>
</StmntSeq>
<Keyword EndOffset="3185" SrcFileId="42" StartOffset="3182"/>
<LocList>
<Loc EndOffset="3511" SrcFileId="42" StartOffset="3182"/>
</LocList>
<RootTerm CovItemId="C1" CovItemPrefix="cabra.LastSessionPanel.java" Intrnl_Id="4889">
<BasicBoolTerm Intrnl_Id="4890">
<LocList>
<Loc EndOffset="3211" SrcFileId="42" StartOffset="3195"/>
</LocList>
</BasicBoolTerm>
</RootTerm>
</LoopStmnt>
<BasicStmnt CovItemId="S30" CovItemPrefix="cabra.LastSessionPanel.java" Intrnl_Id="4891">
<LocList>
<Loc EndOffset="3682" SrcFileId="42" StartOffset="3561"/>
</LocList>
</BasicStmnt>
<BasicStmnt CovItemId="S31" CovItemPrefix="cabra.LastSessionPanel.java" Intrnl_Id="4892">
<LocList>
<Loc EndOffset="3708" SrcFileId="42" StartOffset="3700"/>
<Loc EndOffset="3922" SrcFileId="42" StartOffset="3921"/>
</LocList>
</BasicStmnt>
<BasicStmnt CovItemId="S33" CovItemPrefix="cabra.LastSessionPanel.java" Intrnl_Id="4893">
<LocList>
<Loc EndOffset="3988" SrcFileId="42" StartOffset="3931"/>
</LocList>
</BasicStmnt>
<BasicStmnt CovItemId="S34" CovItemPrefix="cabra.LastSessionPanel.java" Intrnl_Id="4894">
<LocList>
<Loc EndOffset="4087" SrcFileId="42" StartOffset="4043"/>
</LocList>
</BasicStmnt>
<LoopStmnt CovItemId="S35" CovItemPrefix="cabra.LastSessionPanel.java" Intrnl_Id="4895" MltplExecId="L2-2" MltplExecPrefix="cabra.LastSessionPanel.java" NvrExecId="L2-0" NvrExecPrefix="cabra.LastSessionPanel.java" OnceExecutedId="L2-1" OnceExecutedPrefix="cabra.LastSessionPanel.java" OptBodyExec="true">
<StmntSeq Intrnl_Id="4896">
<LocList>
<Loc EndOffset="4200" SrcFileId="42" StartOffset="4155"/>
<Loc EndOffset="4541" SrcFileId="42" StartOffset="4213"/>
</LocList>
<BasicStmnt CovItemId="S36" CovItemPrefix="cabra.LastSessionPanel.java" Intrnl_Id="4897">
<LocList>
<Loc EndOffset="4200" SrcFileId="42" StartOffset="4155"/>
</LocList>
</BasicStmnt>
<CondStmnt CovItemId="S37" CovItemPrefix="cabra.LastSessionPanel.java" Intrnl_Id="4898">
<Branch CovItemId="B1" CovItemPrefix="cabra.LastSessionPanel.java" Implct="false" Intrnl_Id="4899">
<Cond>
<Loc EndOffset="4246" SrcFileId="42" StartOffset="4240"/>
</Cond>
<LocList>
<Loc EndOffset="4325" SrcFileId="42" StartOffset="4268"/>
</LocList>
<StmntSeq Intrnl_Id="4900">
<LocList>
<Loc EndOffset="4298" SrcFileId="42" StartOffset="4268"/>
<Loc EndOffset="4325" SrcFileId="42" StartOffset="4319"/>
</LocList>
<BasicStmnt CovItemId="S38" CovItemPrefix="cabra.LastSessionPanel.java" Intrnl_Id="4901">
<LocList>
<Loc EndOffset="4298" SrcFileId="42" StartOffset="4268"/>
</LocList>
</BasicStmnt>
<BasicStmnt CovItemId="S39" CovItemPrefix="cabra.LastSessionPanel.java" Intrnl_Id="4902">
<LocList>
<Loc EndOffset="4325" SrcFileId="42" StartOffset="4319"/>
</LocList>
</BasicStmnt>
</StmntSeq>
</Branch>
<Branch CovItemId="B2" CovItemPrefix="cabra.LastSessionPanel.java" Implct="false" Intrnl_Id="4903">
<Cond>
<Loc EndOffset="4348" SrcFileId="42" StartOffset="4342"/>
</Cond>
<LocList>
<Loc EndOffset="4426" SrcFileId="42" StartOffset="4370"/>
</LocList>
<StmntSeq Intrnl_Id="4904">
<LocList>
<Loc EndOffset="4399" SrcFileId="42" StartOffset="4370"/>
<Loc EndOffset="4426" SrcFileId="42" StartOffset="4420"/>
</LocList>
<BasicStmnt CovItemId="S40" CovItemPrefix="cabra.LastSessionPanel.java" Intrnl_Id="4905">
<LocList>
<Loc EndOffset="4399" SrcFileId="42" StartOffset="4370"/>
</LocList>
</BasicStmnt>
<BasicStmnt CovItemId="S41" CovItemPrefix="cabra.LastSessionPanel.java" Intrnl_Id="4906">
<LocList>
<Loc EndOffset="4426" SrcFileId="42" StartOffset="4420"/>
</LocList>
</BasicStmnt>
</StmntSeq>
</Branch>
<Branch CovItemId="B3" CovItemPrefix="cabra.LastSessionPanel.java" Implct="false" Intrnl_Id="4907">
<Cond>
<Loc EndOffset="4449" SrcFileId="42" StartOffset="4443"/>
</Cond>
<LocList>
<Loc EndOffset="4527" SrcFileId="42" StartOffset="4471"/>
</LocList>
<StmntSeq Intrnl_Id="4908">
<LocList>
<Loc EndOffset="4500" SrcFileId="42" StartOffset="4471"/>
<Loc EndOffset="4527" SrcFileId="42" StartOffset="4521"/>
</LocList>
<BasicStmnt CovItemId="S42" CovItemPrefix="cabra.LastSessionPanel.java" Intrnl_Id="4909">
<LocList>
<Loc EndOffset="4500" SrcFileId="42" StartOffset="4471"/>
</LocList>
</BasicStmnt>
<BasicStmnt CovItemId="S43" CovItemPrefix="cabra.LastSessionPanel.java" Intrnl_Id="4910">
<LocList>
<Loc EndOffset="4527" SrcFileId="42" StartOffset="4521"/>
</LocList>
</BasicStmnt>
</StmntSeq>
</Branch>
<Branch CovItemId="B4" CovItemPrefix="cabra.LastSessionPanel.java" Implct="true" Intrnl_Id="4911">
<Cond/>
<LocList/>
<StmntSeq Intrnl_Id="4912">
<LocList/>
</StmntSeq>
</Branch>
<Keyword EndOffset="4219" SrcFileId="42" StartOffset="4213"/>
<LocList>
<Loc EndOffset="4541" SrcFileId="42" StartOffset="4213"/>
</LocList>
</CondStmnt>
</StmntSeq>
<Keyword EndOffset="4099" SrcFileId="42" StartOffset="4096"/>
<LocList>
<Loc EndOffset="4551" SrcFileId="42" StartOffset="4096"/>
</LocList>
<RootTerm CovItemId="C2" CovItemPrefix="cabra.LastSessionPanel.java" Intrnl_Id="4913">
<BasicBoolTerm Intrnl_Id="4914">
<LocList>
<Loc EndOffset="4134" SrcFileId="42" StartOffset="4112"/>
</LocList>
</BasicBoolTerm>
</RootTerm>
</LoopStmnt>
<BasicStmnt CovItemId="S44" CovItemPrefix="cabra.LastSessionPanel.java" Intrnl_Id="4915">
<LocList>
<Loc EndOffset="4592" SrcFileId="42" StartOffset="4569"/>
</LocList>
</BasicStmnt>
<BasicStmnt CovItemId="S45" CovItemPrefix="cabra.LastSessionPanel.java" Intrnl_Id="4916">
<LocList>
<Loc EndOffset="4649" SrcFileId="42" StartOffset="4601"/>
</LocList>
</BasicStmnt>
<BasicStmnt CovItemId="S46" CovItemPrefix="cabra.LastSessionPanel.java" Intrnl_Id="4917">
<LocList>
<Loc EndOffset="4693" SrcFileId="42" StartOffset="4658"/>
</LocList>
</BasicStmnt>
<BasicStmnt CovItemId="S47" CovItemPrefix="cabra.LastSessionPanel.java" Intrnl_Id="4918">
<LocList>
<Loc EndOffset="4715" SrcFileId="42" StartOffset="4702"/>
</LocList>
</BasicStmnt>
</StmntSeq>
<HierarchyLvl HierarchyLvlId="1595" HierarchyLvlTypeId="69" Intrnl_Id="4919" Name="JTable">
<Header>
<Loc EndOffset="3737" SrcFileId="42" StartOffset="3712"/>
</Header>
<LocList>
<Loc EndOffset="3921" SrcFileId="42" StartOffset="3708"/>
</LocList>
<HierarchyLvl HierarchyLvlId="1594" HierarchyLvlTypeId="67" Intrnl_Id="4920" Name="isCellEditable">
<Header>
<Loc EndOffset="3860" SrcFileId="42" StartOffset="3786"/>
</Header>
<LocList>
<Loc EndOffset="3907" SrcFileId="42" StartOffset="3786"/>
</LocList>
<StmntSeq Intrnl_Id="4921">
<LocList>
<Loc EndOffset="3891" SrcFileId="42" StartOffset="3878"/>
</LocList>
<BasicStmnt CovItemId="S32" CovItemPrefix="cabra.LastSessionPanel.java" Intrnl_Id="4922">
<LocList>
<Loc EndOffset="3891" SrcFileId="42" StartOffset="3878"/>
</LocList>
</BasicStmnt>
</StmntSeq>
</HierarchyLvl>
</HierarchyLvl>
</HierarchyLvl>
<HierarchyLvl HierarchyLvlId="1598" HierarchyLvlTypeId="66" Intrnl_Id="4923" Name="RowColorer">
<Header>
<Loc EndOffset="4792" SrcFileId="42" StartOffset="4735"/>
</Header>
<LocList>
<Loc EndOffset="6159" SrcFileId="42" StartOffset="4735"/>
</LocList>
<HierarchyLvl HierarchyLvlId="1597" HierarchyLvlTypeId="67" Intrnl_Id="4924" Name="getTableCellRendererComponent">
<Header>
<Loc EndOffset="4953" SrcFileId="42" StartOffset="4802"/>
</Header>
<LocList>
<Loc EndOffset="6153" SrcFileId="42" StartOffset="4802"/>
</LocList>
<StmntSeq Intrnl_Id="4925">
<LocList>
<Loc EndOffset="5069" SrcFileId="42" StartOffset="4967"/>
<Loc EndOffset="5183" SrcFileId="42" StartOffset="5151"/>
<Loc EndOffset="5263" SrcFileId="42" StartOffset="5244"/>
<Loc EndOffset="5968" SrcFileId="42" StartOffset="5276"/>
<Loc EndOffset="6004" SrcFileId="42" StartOffset="5981"/>
<Loc EndOffset="6066" SrcFileId="42" StartOffset="6017"/>
<Loc EndOffset="6105" SrcFileId="42" StartOffset="6079"/>
<Loc EndOffset="6143" SrcFileId="42" StartOffset="6131"/>
</LocList>
<BasicStmnt CovItemId="S48" CovItemPrefix="cabra.LastSessionPanel.java" Intrnl_Id="4926">
<LocList>
<Loc EndOffset="5069" SrcFileId="42" StartOffset="4967"/>
</LocList>
</BasicStmnt>
<BasicStmnt CovItemId="S49" CovItemPrefix="cabra.LastSessionPanel.java" Intrnl_Id="4927">
<LocList>
<Loc EndOffset="5183" SrcFileId="42" StartOffset="5151"/>
</LocList>
</BasicStmnt>
<BasicStmnt CovItemId="S50" CovItemPrefix="cabra.LastSessionPanel.java" Intrnl_Id="4928">
<LocList>
<Loc EndOffset="5263" SrcFileId="42" StartOffset="5244"/>
</LocList>
</BasicStmnt>
<CondStmnt CovItemId="S51" CovItemPrefix="cabra.LastSessionPanel.java" Intrnl_Id="4929">
<Branch CovItemId="B5" CovItemPrefix="cabra.LastSessionPanel.java" Implct="false" Intrnl_Id="4930">
<Cond>
<Loc EndOffset="5311" SrcFileId="42" StartOffset="5305"/>
</Cond>
<LocList>
<Loc EndOffset="5418" SrcFileId="42" StartOffset="5360"/>
</LocList>
<StmntSeq Intrnl_Id="4931">
<LocList>
<Loc EndOffset="5391" SrcFileId="42" StartOffset="5360"/>
<Loc EndOffset="5418" SrcFileId="42" StartOffset="5412"/>
</LocList>
<BasicStmnt CovItemId="S52" CovItemPrefix="cabra.LastSessionPanel.java" Intrnl_Id="4932">
<LocList>
<Loc EndOffset="5391" SrcFileId="42" StartOffset="5360"/>
</LocList>
</BasicStmnt>
<BasicStmnt CovItemId="S53" CovItemPrefix="cabra.LastSessionPanel.java" Intrnl_Id="4933">
<LocList>
<Loc EndOffset="5418" SrcFileId="42" StartOffset="5412"/>
</LocList>
</BasicStmnt>
</StmntSeq>
</Branch>
<Branch CovItemId="B6" CovItemPrefix="cabra.LastSessionPanel.java" Implct="false" Intrnl_Id="4934">
<Cond>
<Loc EndOffset="5441" SrcFileId="42" StartOffset="5435"/>
</Cond>
<LocList>
<Loc EndOffset="5555" SrcFileId="42" StartOffset="5498"/>
</LocList>
<StmntSeq Intrnl_Id="4935">
<LocList>
<Loc EndOffset="5528" SrcFileId="42" StartOffset="5498"/>
<Loc EndOffset="5555" SrcFileId="42" StartOffset="5549"/>
</LocList>
<BasicStmnt CovItemId="S54" CovItemPrefix="cabra.LastSessionPanel.java" Intrnl_Id="4936">
<LocList>
<Loc EndOffset="5528" SrcFileId="42" StartOffset="5498"/>
</LocList>
</BasicStmnt>
<BasicStmnt CovItemId="S55" CovItemPrefix="cabra.LastSessionPanel.java" Intrnl_Id="4937">
<LocList>
<Loc EndOffset="5555" SrcFileId="42" StartOffset="5549"/>
</LocList>
</BasicStmnt>
</StmntSeq>
</Branch>
<Branch CovItemId="B7" CovItemPrefix="cabra.LastSessionPanel.java" Implct="false" Intrnl_Id="4938">
<Cond>
<Loc EndOffset="5578" SrcFileId="42" StartOffset="5572"/>
</Cond>
<LocList>
<Loc EndOffset="5697" SrcFileId="42" StartOffset="5635"/>
</LocList>
<StmntSeq Intrnl_Id="4939">
<LocList>
<Loc EndOffset="5670" SrcFileId="42" StartOffset="5635"/>
<Loc EndOffset="5697" SrcFileId="42" StartOffset="5691"/>
</LocList>
<BasicStmnt CovItemId="S56" CovItemPrefix="cabra.LastSessionPanel.java" Intrnl_Id="4940">
<LocList>
<Loc EndOffset="5670" SrcFileId="42" StartOffset="5635"/>
</LocList>
</BasicStmnt>
<BasicStmnt CovItemId="S57" CovItemPrefix="cabra.LastSessionPanel.java" Intrnl_Id="4941">
<LocList>
<Loc EndOffset="5697" SrcFileId="42" StartOffset="5691"/>
</LocList>
</BasicStmnt>
</StmntSeq>
</Branch>
<Branch CovItemId="B8" CovItemPrefix="cabra.LastSessionPanel.java" Implct="false" Intrnl_Id="4942">
<Cond>
<Loc EndOffset="5720" SrcFileId="42" StartOffset="5714"/>
</Cond>
<LocList>
<Loc EndOffset="5834" SrcFileId="42" StartOffset="5772"/>
</LocList>
<StmntSeq Intrnl_Id="4943">
<LocList>
<Loc EndOffset="5807" SrcFileId="42" StartOffset="5772"/>
<Loc EndOffset="5834" SrcFileId="42" StartOffset="5828"/>
</LocList>
<BasicStmnt CovItemId="S58" CovItemPrefix="cabra.LastSessionPanel.java" Intrnl_Id="4944">
<LocList>
<Loc EndOffset="5807" SrcFileId="42" StartOffset="5772"/>
</LocList>
</BasicStmnt>
<BasicStmnt CovItemId="S59" CovItemPrefix="cabra.LastSessionPanel.java" Intrnl_Id="4945">
<LocList>
<Loc EndOffset="5834" SrcFileId="42" StartOffset="5828"/>
</LocList>
</BasicStmnt>
</StmntSeq>
</Branch>
<Branch CovItemId="B9" CovItemPrefix="cabra.LastSessionPanel.java" Implct="false" Intrnl_Id="4946">
<Cond>
<Loc EndOffset="5857" SrcFileId="42" StartOffset="5851"/>
</Cond>
<LocList>
<Loc EndOffset="5954" SrcFileId="42" StartOffset="5907"/>
</LocList>
<StmntSeq Intrnl_Id="4947">
<LocList>
<Loc EndOffset="5927" SrcFileId="42" StartOffset="5907"/>
<Loc EndOffset="5954" SrcFileId="42" StartOffset="5948"/>
</LocList>
<BasicStmnt CovItemId="S60" CovItemPrefix="cabra.LastSessionPanel.java" Intrnl_Id="4948">
<LocList>
<Loc EndOffset="5927" SrcFileId="42" StartOffset="5907"/>
</LocList>
</BasicStmnt>
<BasicStmnt CovItemId="S61" CovItemPrefix="cabra.LastSessionPanel.java" Intrnl_Id="4949">
<LocList>
<Loc EndOffset="5954" SrcFileId="42" StartOffset="5948"/>
</LocList>
</BasicStmnt>
</StmntSeq>
</Branch>
<Branch CovItemId="B10" CovItemPrefix="cabra.LastSessionPanel.java" Implct="true" Intrnl_Id="4950">
<Cond/>
<LocList/>
<StmntSeq Intrnl_Id="4951">
<LocList/>
</StmntSeq>
</Branch>
<Keyword EndOffset="5282" SrcFileId="42" StartOffset="5276"/>
<LocList>
<Loc EndOffset="5968" SrcFileId="42" StartOffset="5276"/>
</LocList>
</CondStmnt>
<BasicStmnt CovItemId="S62" CovItemPrefix="cabra.LastSessionPanel.java" Intrnl_Id="4952">
<LocList>
<Loc EndOffset="6004" SrcFileId="42" StartOffset="5981"/>
</LocList>
</BasicStmnt>
<BasicStmnt CovItemId="S63" CovItemPrefix="cabra.LastSessionPanel.java" Intrnl_Id="4953">
<LocList>
<Loc EndOffset="6066" SrcFileId="42" StartOffset="6017"/>
</LocList>
</BasicStmnt>
<BasicStmnt CovItemId="S64" CovItemPrefix="cabra.LastSessionPanel.java" Intrnl_Id="4954">
<LocList>
<Loc EndOffset="6105" SrcFileId="42" StartOffset="6079"/>
</LocList>
</BasicStmnt>
<BasicStmnt CovItemId="S65" CovItemPrefix="cabra.LastSessionPanel.java" Intrnl_Id="4955">
<LocList>
<Loc EndOffset="6143" SrcFileId="42" StartOffset="6131"/>
</LocList>
</BasicStmnt>
</StmntSeq>
</HierarchyLvl>
</HierarchyLvl>
<HierarchyLvl HierarchyLvlId="1602" HierarchyLvlTypeId="66" Intrnl_Id="4956" Name="StackedBarGraph">
<Header>
<Loc EndOffset="6330" SrcFileId="42" StartOffset="6280"/>
</Header>
<LocList>
<Loc EndOffset="8568" SrcFileId="42" StartOffset="6280"/>
</LocList>
<HierarchyLvl HierarchyLvlId="1599" HierarchyLvlTypeId="67" Intrnl_Id="4957" Name="StackedBarGraph">
<Header>
<Loc EndOffset="6670" SrcFileId="42" StartOffset="6588"/>
</Header>
<LocList>
<Loc EndOffset="6835" SrcFileId="42" StartOffset="6588"/>
</LocList>
<StmntSeq Intrnl_Id="4958">
<LocList>
<Loc EndOffset="6746" SrcFileId="42" StartOffset="6684"/>
<Loc EndOffset="6791" SrcFileId="42" StartOffset="6759"/>
</LocList>
<BasicStmnt CovItemId="S66" CovItemPrefix="cabra.LastSessionPanel.java" Intrnl_Id="4959">
<LocList>
<Loc EndOffset="6746" SrcFileId="42" StartOffset="6684"/>
</LocList>
</BasicStmnt>
<BasicStmnt CovItemId="S67" CovItemPrefix="cabra.LastSessionPanel.java" Intrnl_Id="4960">
<LocList>
<Loc EndOffset="6791" SrcFileId="42" StartOffset="6759"/>
</LocList>
</BasicStmnt>
</StmntSeq>
</HierarchyLvl>
<HierarchyLvl HierarchyLvlId="1600" HierarchyLvlTypeId="67" Intrnl_Id="4961" Name="setValues">
<Header>
<Loc EndOffset="7174" SrcFileId="42" StartOffset="7088"/>
</Header>
<LocList>
<Loc EndOffset="7424" SrcFileId="42" StartOffset="7088"/>
</LocList>
<StmntSeq Intrnl_Id="4962">
<LocList>
<Loc EndOffset="7414" SrcFileId="42" StartOffset="7188"/>
</LocList>
<BasicStmnt CovItemId="S68" CovItemPrefix="cabra.LastSessionPanel.java" Intrnl_Id="4963">
<LocList>
<Loc EndOffset="7414" SrcFileId="42" StartOffset="7188"/>
</LocList>
</BasicStmnt>
</StmntSeq>
</HierarchyLvl>
<HierarchyLvl HierarchyLvlId="1601" HierarchyLvlTypeId="67" Intrnl_Id="4964" Name="paintComponent">
<Header>
<Loc EndOffset="7499" SrcFileId="42" StartOffset="7434"/>
</Header>
<LocList>
<Loc EndOffset="8562" SrcFileId="42" StartOffset="7434"/>
</LocList>
<StmntSeq Intrnl_Id="4965">
<LocList>
<Loc EndOffset="7537" SrcFileId="42" StartOffset="7513"/>
<Loc EndOffset="7569" SrcFileId="42" StartOffset="7551"/>
<Loc EndOffset="8552" SrcFileId="42" StartOffset="7734"/>
</LocList>
<BasicStmnt CovItemId="S69" CovItemPrefix="cabra.LastSessionPanel.java" Intrnl_Id="4966">
<LocList>
<Loc EndOffset="7537" SrcFileId="42" StartOffset="7513"/>
</LocList>
</BasicStmnt>
<BasicStmnt CovItemId="S70" CovItemPrefix="cabra.LastSessionPanel.java" Intrnl_Id="4967">
<LocList>
<Loc EndOffset="7569" SrcFileId="42" StartOffset="7551"/>
</LocList>
</BasicStmnt>
<LoopStmnt CovItemId="S71" CovItemPrefix="cabra.LastSessionPanel.java" Intrnl_Id="4968" MltplExecId="L3-2" MltplExecPrefix="cabra.LastSessionPanel.java" NvrExecId="L3-0" NvrExecPrefix="cabra.LastSessionPanel.java" OnceExecutedId="L3-1" OnceExecutedPrefix="cabra.LastSessionPanel.java" OptBodyExec="true">
<StmntSeq Intrnl_Id="4969">
<LocList>
<Loc EndOffset="7803" SrcFileId="42" StartOffset="7781"/>
<Loc EndOffset="7952" SrcFileId="42" StartOffset="7888"/>
<Loc EndOffset="8371" SrcFileId="42" StartOffset="7995"/>
<Loc EndOffset="8443" SrcFileId="42" StartOffset="8389"/>
<Loc EndOffset="8487" SrcFileId="42" StartOffset="8461"/>
</LocList>
<BasicStmnt CovItemId="S72" CovItemPrefix="cabra.LastSessionPanel.java" Intrnl_Id="4970">
<LocList>
<Loc EndOffset="7803" SrcFileId="42" StartOffset="7781"/>
</LocList>
</BasicStmnt>
<BasicStmnt CovItemId="S73" CovItemPrefix="cabra.LastSessionPanel.java" Intrnl_Id="4971">
<LocList>
<Loc EndOffset="7952" SrcFileId="42" StartOffset="7888"/>
</LocList>
</BasicStmnt>
<CondStmnt CovItemId="S74" CovItemPrefix="cabra.LastSessionPanel.java" Intrnl_Id="4972">
<Branch CovItemId="B11" CovItemPrefix="cabra.LastSessionPanel.java" Implct="false" Intrnl_Id="4973">
<Cond/>
<LocList>
<Loc EndOffset="8371" SrcFileId="42" StartOffset="8220"/>
</LocList>
<StmntSeq Intrnl_Id="4974">
<LocList>
<Loc EndOffset="8353" SrcFileId="42" StartOffset="8322"/>
</LocList>
<BasicStmnt CovItemId="S75" CovItemPrefix="cabra.LastSessionPanel.java" Intrnl_Id="4975">
<LocList>
<Loc EndOffset="8353" SrcFileId="42" StartOffset="8322"/>
</LocList>
</BasicStmnt>
</StmntSeq>
</Branch>
<Branch CovItemId="B12" CovItemPrefix="cabra.LastSessionPanel.java" Implct="true" Intrnl_Id="4976">
<Cond/>
<LocList/>
<StmntSeq Intrnl_Id="4977">
<LocList/>
</StmntSeq>
</Branch>
<Keyword EndOffset="7997" SrcFileId="42" StartOffset="7995"/>
<LocList>
<Loc EndOffset="8371" SrcFileId="42" StartOffset="7995"/>
</LocList>
<RootTerm CovItemId="C4" CovItemPrefix="cabra.LastSessionPanel.java" Intrnl_Id="4978">
<OpTerm BooleanOpId="62" Intrnl_Id="4979">
<OpTerm BooleanOpId="62" Intrnl_Id="4980">
<OpTerm BooleanOpId="61" Intrnl_Id="4981">
<BasicBoolTerm Intrnl_Id="4982">
<LocList>
<Loc EndOffset="8018" SrcFileId="42" StartOffset="7999"/>
</LocList>
</BasicBoolTerm>
<BasicBoolTerm Intrnl_Id="4983">
<LocList>
<Loc EndOffset="8035" SrcFileId="42" StartOffset="8022"/>
</LocList>
</BasicBoolTerm>
<LocList>
<Loc EndOffset="8021" SrcFileId="42" StartOffset="8019"/>
</LocList>
</OpTerm>
<OpTerm BooleanOpId="61" Intrnl_Id="4984">
<OpTerm BooleanOpId="61" Intrnl_Id="4985">
<BasicBoolTerm Intrnl_Id="4986">
<LocList>
<Loc EndOffset="8080" SrcFileId="42" StartOffset="8061"/>
</LocList>
</BasicBoolTerm>
<BasicBoolTerm Intrnl_Id="4987">
<LocList>
<Loc EndOffset="8097" SrcFileId="42" StartOffset="8084"/>
</LocList>
</BasicBoolTerm>
<LocList>
<Loc EndOffset="8083" SrcFileId="42" StartOffset="8081"/>
</LocList>
</OpTerm>
<BasicBoolTerm Intrnl_Id="4988">
<LocList>
<Loc EndOffset="8117" SrcFileId="42" StartOffset="8101"/>
</LocList>
</BasicBoolTerm>
<LocList>
<Loc EndOffset="8100" SrcFileId="42" StartOffset="8098"/>
</LocList>
</OpTerm>
<LocList>
<Loc EndOffset="8039" SrcFileId="42" StartOffset="8037"/>
</LocList>
</OpTerm>
<OpTerm BooleanOpId="61" Intrnl_Id="4989">
<OpTerm BooleanOpId="61" Intrnl_Id="4990">
<OpTerm BooleanOpId="61" Intrnl_Id="4991">
<BasicBoolTerm Intrnl_Id="4992">
<LocList>
<Loc EndOffset="8161" SrcFileId="42" StartOffset="8142"/>
</LocList>
</BasicBoolTerm>
<BasicBoolTerm Intrnl_Id="4993">
<LocList>
<Loc EndOffset="8178" SrcFileId="42" StartOffset="8165"/>
</LocList>
</BasicBoolTerm>
<LocList>
<Loc EndOffset="8164" SrcFileId="42" StartOffset="8162"/>
</LocList>
</OpTerm>
<BasicBoolTerm Intrnl_Id="4994">
<LocList>
<Loc EndOffset="8198" SrcFileId="42" StartOffset="8182"/>
</LocList>
</BasicBoolTerm>
<LocList>
<Loc EndOffset="8181" SrcFileId="42" StartOffset="8179"/>
</LocList>
</OpTerm>
<BasicBoolTerm Intrnl_Id="4995">
<LocList>
<Loc EndOffset="8218" SrcFileId="42" StartOffset="8202"/>
</LocList>
</BasicBoolTerm>
<LocList>
<Loc EndOffset="8201" SrcFileId="42" StartOffset="8199"/>
</LocList>
</OpTerm>
<LocList>
<Loc EndOffset="8121" SrcFileId="42" StartOffset="8119"/>
</LocList>
</OpTerm>
</RootTerm>
</CondStmnt>
<BasicStmnt CovItemId="S76" CovItemPrefix="cabra.LastSessionPanel.java" Intrnl_Id="4996">
<LocList>
<Loc EndOffset="8443" SrcFileId="42" StartOffset="8389"/>
</LocList>
</BasicStmnt>
<BasicStmnt CovItemId="S77" CovItemPrefix="cabra.LastSessionPanel.java" Intrnl_Id="4997">
<LocList>
<Loc EndOffset="8487" SrcFileId="42" StartOffset="8461"/>
</LocList>
</BasicStmnt>
</StmntSeq>
<Keyword EndOffset="7737" SrcFileId="42" StartOffset="7734"/>
<LocList>
<Loc EndOffset="8552" SrcFileId="42" StartOffset="7734"/>
</LocList>
<RootTerm CovItemId="C3" CovItemPrefix="cabra.LastSessionPanel.java" Intrnl_Id="4998">
<BasicBoolTerm Intrnl_Id="4999">
<LocList>
<Loc EndOffset="7758" SrcFileId="42" StartOffset="7746"/>
</LocList>
</BasicBoolTerm>
</RootTerm>
</LoopStmnt>
</StmntSeq>
</HierarchyLvl>
</HierarchyLvl>
</HierarchyLvl>
<HierarchyLvl HierarchyLvlId="1613" HierarchyLvlTypeId="66" Intrnl_Id="5000" Name="KnowPanel">
<Header>
<Loc EndOffset="357" SrcFileId="43" StartOffset="320"/>
</Header>
<LocList>
<Loc EndOffset="481" SrcFileId="43" StartOffset="320"/>
<Loc EndOffset="2964" SrcFileId="43" StartOffset="918"/>
<Loc EndOffset="3440" SrcFileId="43" StartOffset="3437"/>
</LocList>
<StmntSeq Intrnl_Id="5001">
<LocList>
<Loc EndOffset="471" SrcFileId="43" StartOffset="405"/>
</LocList>
<BasicStmnt CovItemId="S1" CovItemPrefix="cabra.KnowPanel.java" Intrnl_Id="5002">
<LocList>
<Loc EndOffset="471" SrcFileId="43" StartOffset="405"/>
</LocList>
</BasicStmnt>
</StmntSeq>
<HierarchyLvl HierarchyLvlId="1607" HierarchyLvlTypeId="63" Intrnl_Id="5003" Name="Choices">
<Header>
<Loc EndOffset="500" SrcFileId="43" StartOffset="481"/>
</Header>
<LocList>
<Loc EndOffset="918" SrcFileId="43" StartOffset="481"/>
</LocList>
<HierarchyLvl HierarchyLvlId="1604" HierarchyLvlTypeId="67" Intrnl_Id="5004" Name="getColor">
<Header>
<Loc EndOffset="689" SrcFileId="43" StartOffset="666"/>
</Header>
<LocList>
<Loc EndOffset="726" SrcFileId="43" StartOffset="666"/>
</LocList>
<StmntSeq Intrnl_Id="5005">
<LocList>
<Loc EndOffset="716" SrcFileId="43" StartOffset="703"/>
</LocList>
<BasicStmnt CovItemId="S2" CovItemPrefix="cabra.KnowPanel.java" Intrnl_Id="5006">
<LocList>
<Loc EndOffset="716" SrcFileId="43" StartOffset="703"/>
</LocList>
</BasicStmnt>
</StmntSeq>
</HierarchyLvl>
<HierarchyLvl HierarchyLvlId="1605" HierarchyLvlTypeId="67" Intrnl_Id="5007" Name="Choices">
<Header>
<Loc EndOffset="764" SrcFileId="43" StartOffset="744"/>
</Header>
<LocList>
<Loc EndOffset="807" SrcFileId="43" StartOffset="744"/>
</LocList>
<StmntSeq Intrnl_Id="5008">
<LocList>
<Loc EndOffset="797" SrcFileId="43" StartOffset="778"/>
</LocList>
<BasicStmnt CovItemId="S3" CovItemPrefix="cabra.KnowPanel.java" Intrnl_Id="5009">
<LocList>
<Loc EndOffset="797" SrcFileId="43" StartOffset="778"/>
</LocList>
</BasicStmnt>
</StmntSeq>
</HierarchyLvl>
<HierarchyLvl HierarchyLvlId="1606" HierarchyLvlTypeId="67" Intrnl_Id="5010" Name="Choices">
<Header>
<Loc EndOffset="848" SrcFileId="43" StartOffset="825"/>
</Header>
<LocList>
<Loc EndOffset="912" SrcFileId="43" StartOffset="825"/>
</LocList>
<StmntSeq Intrnl_Id="5011">
<LocList>
<Loc EndOffset="902" SrcFileId="43" StartOffset="862"/>
</LocList>
<BasicStmnt CovItemId="S4" CovItemPrefix="cabra.KnowPanel.java" Intrnl_Id="5012">
<LocList>
<Loc EndOffset="902" SrcFileId="43" StartOffset="862"/>
</LocList>
</BasicStmnt>
</StmntSeq>
</HierarchyLvl>
</HierarchyLvl>
<HierarchyLvl HierarchyLvlId="1608" HierarchyLvlTypeId="67" Intrnl_Id="5013" Name="KnowPanel">
<Header>
<Loc EndOffset="967" SrcFileId="43" StartOffset="928"/>
</Header>
<LocList>
<Loc EndOffset="2236" SrcFileId="43" StartOffset="928"/>
</LocList>
<StmntSeq Intrnl_Id="5014">
<LocList>
<Loc EndOffset="1006" SrcFileId="43" StartOffset="977"/>
<Loc EndOffset="1075" SrcFileId="43" StartOffset="1024"/>
<Loc EndOffset="1135" SrcFileId="43" StartOffset="1093"/>
<Loc EndOffset="2025" SrcFileId="43" StartOffset="1939"/>
<Loc EndOffset="2128" SrcFileId="43" StartOffset="2034"/>
<Loc EndOffset="2230" SrcFileId="43" StartOffset="2137"/>
</LocList>
<BasicStmnt CovItemId="S5" CovItemPrefix="cabra.KnowPanel.java" Intrnl_Id="5015">
<LocList>
<Loc EndOffset="1006" SrcFileId="43" StartOffset="977"/>
</LocList>
</BasicStmnt>
<BasicStmnt CovItemId="S6" CovItemPrefix="cabra.KnowPanel.java" Intrnl_Id="5016">
<LocList>
<Loc EndOffset="1075" SrcFileId="43" StartOffset="1024"/>
</LocList>
</BasicStmnt>
<BasicStmnt CovItemId="S7" CovItemPrefix="cabra.KnowPanel.java" Intrnl_Id="5017">
<LocList>
<Loc EndOffset="1135" SrcFileId="43" StartOffset="1093"/>
</LocList>
</BasicStmnt>
<BasicStmnt CovItemId="S8" CovItemPrefix="cabra.KnowPanel.java" Intrnl_Id="5018">
<LocList>
<Loc EndOffset="2025" SrcFileId="43" StartOffset="1939"/>
</LocList>
</BasicStmnt>
<BasicStmnt CovItemId="S9" CovItemPrefix="cabra.KnowPanel.java" Intrnl_Id="5019">
<LocList>
<Loc EndOffset="2128" SrcFileId="43" StartOffset="2034"/>
</LocList>
</BasicStmnt>
<BasicStmnt CovItemId="S10" CovItemPrefix="cabra.KnowPanel.java" Intrnl_Id="5020">
<LocList>
<Loc EndOffset="2230" SrcFileId="43" StartOffset="2137"/>
</LocList>
</BasicStmnt>
</StmntSeq>
</HierarchyLvl>
<HierarchyLvl HierarchyLvlId="1609" HierarchyLvlTypeId="67" Intrnl_Id="5021" Name="createButton">
<Header>
<Loc EndOffset="2683" SrcFileId="43" StartOffset="2587"/>
</Header>
<LocList>
<Loc EndOffset="2954" SrcFileId="43" StartOffset="2587"/>
</LocList>
<StmntSeq Intrnl_Id="5022">
<LocList>
<Loc EndOffset="2766" SrcFileId="43" StartOffset="2693"/>
<Loc EndOffset="2806" SrcFileId="43" StartOffset="2775"/>
<Loc EndOffset="2868" SrcFileId="43" StartOffset="2815"/>
<Loc EndOffset="2925" SrcFileId="43" StartOffset="2877"/>
<Loc EndOffset="2948" SrcFileId="43" StartOffset="2934"/>
</LocList>
<BasicStmnt CovItemId="S11" CovItemPrefix="cabra.KnowPanel.java" Intrnl_Id="5023">
<LocList>
<Loc EndOffset="2766" SrcFileId="43" StartOffset="2693"/>
</LocList>
</BasicStmnt>
<BasicStmnt CovItemId="S12" CovItemPrefix="cabra.KnowPanel.java" Intrnl_Id="5024">
<LocList>
<Loc EndOffset="2806" SrcFileId="43" StartOffset="2775"/>
</LocList>
</BasicStmnt>
<BasicStmnt CovItemId="S13" CovItemPrefix="cabra.KnowPanel.java" Intrnl_Id="5025">
<LocList>
<Loc EndOffset="2868" SrcFileId="43" StartOffset="2815"/>
</LocList>
</BasicStmnt>
<BasicStmnt CovItemId="S14" CovItemPrefix="cabra.KnowPanel.java" Intrnl_Id="5026">
<LocList>
<Loc EndOffset="2925" SrcFileId="43" StartOffset="2877"/>
</LocList>
</BasicStmnt>
<BasicStmnt CovItemId="S15" CovItemPrefix="cabra.KnowPanel.java" Intrnl_Id="5027">
<LocList>
<Loc EndOffset="2948" SrcFileId="43" StartOffset="2934"/>
</LocList>
</BasicStmnt>
</StmntSeq>
</HierarchyLvl>
<HierarchyLvl HierarchyLvlId="1612" HierarchyLvlTypeId="66" Intrnl_Id="5028" Name="ButtonListener">
<Header>
<Loc EndOffset="3018" SrcFileId="43" StartOffset="2964"/>
</Header>
<LocList>
<Loc EndOffset="3437" SrcFileId="43" StartOffset="2964"/>
</LocList>
<HierarchyLvl HierarchyLvlId="1610" HierarchyLvlTypeId="67" Intrnl_Id="5029" Name="ButtonListener">
<Header>
<Loc EndOffset="3195" SrcFileId="43" StartOffset="3148"/>
</Header>
<LocList>
<Loc EndOffset="3240" SrcFileId="43" StartOffset="3148"/>
</LocList>
<StmntSeq Intrnl_Id="5030">
<LocList>
<Loc EndOffset="3230" SrcFileId="43" StartOffset="3209"/>
</LocList>
<BasicStmnt CovItemId="S16" CovItemPrefix="cabra.KnowPanel.java" Intrnl_Id="5031">
<LocList>
<Loc EndOffset="3230" SrcFileId="43" StartOffset="3209"/>
</LocList>
</BasicStmnt>
</StmntSeq>
</HierarchyLvl>
<HierarchyLvl HierarchyLvlId="1611" HierarchyLvlTypeId="67" Intrnl_Id="5032" Name="actionPerformed">
<Header>
<Loc EndOffset="3300" SrcFileId="43" StartOffset="3258"/>
</Header>
<LocList>
<Loc EndOffset="3428" SrcFileId="43" StartOffset="3258"/>
</LocList>
<StmntSeq Intrnl_Id="5033">
<LocList>
<Loc EndOffset="3418" SrcFileId="43" StartOffset="3387"/>
</LocList>
<BasicStmnt CovItemId="S17" CovItemPrefix="cabra.KnowPanel.java" Intrnl_Id="5034">
<LocList>
<Loc EndOffset="3418" SrcFileId="43" StartOffset="3387"/>
</LocList>
</BasicStmnt>
</StmntSeq>
</HierarchyLvl>
</HierarchyLvl>
</HierarchyLvl>
<HierarchyLvl HierarchyLvlId="1631" HierarchyLvlTypeId="66" Intrnl_Id="5035" Name="InputManager">
<Header>
<Loc EndOffset="237" SrcFileId="44" StartOffset="203"/>
</Header>
<LocList>
<Loc EndOffset="5379" SrcFileId="44" StartOffset="203"/>
<Loc EndOffset="11396" SrcFileId="44" StartOffset="7720"/>
</LocList>
<HierarchyLvl HierarchyLvlId="1614" HierarchyLvlTypeId="67" Intrnl_Id="5036" Name="InputManager">
<Header>
<Loc EndOffset="271" SrcFileId="44" StartOffset="249"/>
</Header>
<LocList>
<Loc EndOffset="273" SrcFileId="44" StartOffset="249"/>
</LocList>
</HierarchyLvl>
<HierarchyLvl HierarchyLvlId="1617" HierarchyLvlTypeId="67" Intrnl_Id="5037" Name="requestZipFile">
<Header>
<Loc EndOffset="367" SrcFileId="44" StartOffset="307"/>
</Header>
<LocList>
<Loc EndOffset="2182" SrcFileId="44" StartOffset="307"/>
</LocList>
<StmntSeq Intrnl_Id="5038">
<LocList>
<Loc EndOffset="424" SrcFileId="44" StartOffset="378"/>
<Loc EndOffset="471" SrcFileId="44" StartOffset="437"/>
<Loc EndOffset="695" SrcFileId="44" StartOffset="548"/>
<Loc EndOffset="746" SrcFileId="44" StartOffset="712"/>
<Loc EndOffset="809" SrcFileId="44" StartOffset="763"/>
<Loc EndOffset="869" SrcFileId="44" StartOffset="853"/>
<Loc EndOffset="1499" SrcFileId="44" StartOffset="1498"/>
<Loc EndOffset="1546" SrcFileId="44" StartOffset="1516"/>
<Loc EndOffset="1622" SrcFileId="44" StartOffset="1572"/>
<Loc EndOffset="2169" SrcFileId="44" StartOffset="1632"/>
</LocList>
<BasicStmnt CovItemId="S1" CovItemPrefix="cabra.InputManager.java" Intrnl_Id="5039">
<LocList>
<Loc EndOffset="424" SrcFileId="44" StartOffset="378"/>
</LocList>
</BasicStmnt>
<BasicStmnt CovItemId="S2" CovItemPrefix="cabra.InputManager.java" Intrnl_Id="5040">
<LocList>
<Loc EndOffset="471" SrcFileId="44" StartOffset="437"/>
</LocList>
</BasicStmnt>
<BasicStmnt CovItemId="S3" CovItemPrefix="cabra.InputManager.java" Intrnl_Id="5041">
<LocList>
<Loc EndOffset="695" SrcFileId="44" StartOffset="548"/>
</LocList>
</BasicStmnt>
<BasicStmnt CovItemId="S4" CovItemPrefix="cabra.InputManager.java" Intrnl_Id="5042">
<LocList>
<Loc EndOffset="746" SrcFileId="44" StartOffset="712"/>
</LocList>
</BasicStmnt>
<BasicStmnt CovItemId="S5" CovItemPrefix="cabra.InputManager.java" Intrnl_Id="5043">
<LocList>
<Loc EndOffset="809" SrcFileId="44" StartOffset="763"/>
</LocList>
</BasicStmnt>
<BasicStmnt CovItemId="S6" CovItemPrefix="cabra.InputManager.java" Intrnl_Id="5044">
<LocList>
<Loc EndOffset="869" SrcFileId="44" StartOffset="853"/>
<Loc EndOffset="1499" SrcFileId="44" StartOffset="1498"/>
</LocList>
</BasicStmnt>
<BasicStmnt CovItemId="S12" CovItemPrefix="cabra.InputManager.java" Intrnl_Id="5045">
<LocList>
<Loc EndOffset="1546" SrcFileId="44" StartOffset="1516"/>
</LocList>
</BasicStmnt>
<BasicStmnt CovItemId="S13" CovItemPrefix="cabra.InputManager.java" Intrnl_Id="5046">
<LocList>
<Loc EndOffset="1622" SrcFileId="44" StartOffset="1572"/>
</LocList>
</BasicStmnt>
<CondStmnt CovItemId="S14" CovItemPrefix="cabra.InputManager.java" Intrnl_Id="5047">
<Branch CovItemId="B3" CovItemPrefix="cabra.InputManager.java" Implct="false" Intrnl_Id="5048">
<Cond/>
<LocList>
<Loc EndOffset="2063" SrcFileId="44" StartOffset="1677"/>
</LocList>
<StmntSeq Intrnl_Id="5049">
<LocList>
<Loc EndOffset="1816" SrcFileId="44" StartOffset="1754"/>
<Loc EndOffset="2052" SrcFileId="44" StartOffset="1829"/>
</LocList>
<BasicStmnt CovItemId="S15" CovItemPrefix="cabra.InputManager.java" Intrnl_Id="5050">
<LocList>
<Loc EndOffset="1816" SrcFileId="44" StartOffset="1754"/>
</LocList>
</BasicStmnt>
<CondStmnt CovItemId="S16" CovItemPrefix="cabra.InputManager.java" Intrnl_Id="5051">
<Branch CovItemId="B5" CovItemPrefix="cabra.InputManager.java" Implct="false" Intrnl_Id="5052">
<Cond/>
<LocList>
<Loc EndOffset="1924" SrcFileId="44" StartOffset="1870"/>
</LocList>
<StmntSeq Intrnl_Id="5053">
<LocList>
<Loc EndOffset="1910" SrcFileId="44" StartOffset="1888"/>
</LocList>
<BasicStmnt CovItemId="S17" CovItemPrefix="cabra.InputManager.java" Intrnl_Id="5054">
<LocList>
<Loc EndOffset="1910" SrcFileId="44" StartOffset="1888"/>
</LocList>
</BasicStmnt>
</StmntSeq>
</Branch>
<Branch CovItemId="B6" CovItemPrefix="cabra.InputManager.java" Implct="false" Intrnl_Id="5055">
<Cond>
<Loc EndOffset="1941" SrcFileId="44" StartOffset="1937"/>
</Cond>
<LocList>
<Loc EndOffset="2052" SrcFileId="44" StartOffset="1941"/>
</LocList>
<StmntSeq Intrnl_Id="5056">
<LocList>
<Loc EndOffset="2038" SrcFileId="44" StartOffset="2003"/>
</LocList>
<BasicStmnt CovItemId="S18" CovItemPrefix="cabra.InputManager.java" Intrnl_Id="5057">
<LocList>
<Loc EndOffset="2038" SrcFileId="44" StartOffset="2003"/>
</LocList>
</BasicStmnt>
</StmntSeq>
</Branch>
<Keyword EndOffset="1831" SrcFileId="44" StartOffset="1829"/>
<LocList>
<Loc EndOffset="2052" SrcFileId="44" StartOffset="1829"/>
</LocList>
<RootTerm CovItemId="C3" CovItemPrefix="cabra.InputManager.java" Intrnl_Id="5058">
<BasicBoolTerm Intrnl_Id="5059">
<LocList>
<Loc EndOffset="1869" SrcFileId="44" StartOffset="1832"/>
</LocList>
</BasicBoolTerm>
</RootTerm>
</CondStmnt>
</StmntSeq>
</Branch>
<Branch CovItemId="B4" CovItemPrefix="cabra.InputManager.java" Implct="false" Intrnl_Id="5060">
<Cond>
<Loc EndOffset="2082" SrcFileId="44" StartOffset="2078"/>
</Cond>
<LocList>
<Loc EndOffset="2169" SrcFileId="44" StartOffset="2082"/>
</LocList>
<StmntSeq Intrnl_Id="5061">
<LocList>
<Loc EndOffset="2158" SrcFileId="44" StartOffset="2146"/>
</LocList>
<BasicStmnt CovItemId="S19" CovItemPrefix="cabra.InputManager.java" Intrnl_Id="5062">
<LocList>
<Loc EndOffset="2158" SrcFileId="44" StartOffset="2146"/>
</LocList>
</BasicStmnt>
</StmntSeq>
</Branch>
<Keyword EndOffset="1634" SrcFileId="44" StartOffset="1632"/>
<LocList>
<Loc EndOffset="2169" SrcFileId="44" StartOffset="1632"/>
</LocList>
<RootTerm CovItemId="C2" CovItemPrefix="cabra.InputManager.java" Intrnl_Id="5063">
<BasicBoolTerm Intrnl_Id="5064">
<LocList>
<Loc EndOffset="1675" SrcFileId="44" StartOffset="1635"/>
</LocList>
</BasicBoolTerm>
</RootTerm>
</CondStmnt>
</StmntSeq>
<HierarchyLvl HierarchyLvlId="1616" HierarchyLvlTypeId="69" Intrnl_Id="5065" Name="FileView">
<Header>
<Loc EndOffset="883" SrcFileId="44" StartOffset="873"/>
</Header>
<LocList>
<Loc EndOffset="1498" SrcFileId="44" StartOffset="869"/>
</LocList>
<HierarchyLvl HierarchyLvlId="1615" HierarchyLvlTypeId="67" Intrnl_Id="5066" Name="getIcon">
<Header>
<Loc EndOffset="965" SrcFileId="44" StartOffset="905"/>
</Header>
<LocList>
<Loc EndOffset="1463" SrcFileId="44" StartOffset="905"/>
</LocList>
<StmntSeq Intrnl_Id="5067">
<LocList>
<Loc EndOffset="1084" SrcFileId="44" StartOffset="1067"/>
<Loc EndOffset="1178" SrcFileId="44" StartOffset="1134"/>
<Loc EndOffset="1404" SrcFileId="44" StartOffset="1203"/>
<Loc EndOffset="1441" SrcFileId="44" StartOffset="1429"/>
</LocList>
<BasicStmnt CovItemId="S7" CovItemPrefix="cabra.InputManager.java" Intrnl_Id="5068">
<LocList>
<Loc EndOffset="1084" SrcFileId="44" StartOffset="1067"/>
</LocList>
</BasicStmnt>
<BasicStmnt CovItemId="S8" CovItemPrefix="cabra.InputManager.java" Intrnl_Id="5069">
<LocList>
<Loc EndOffset="1178" SrcFileId="44" StartOffset="1134"/>
</LocList>
</BasicStmnt>
<CondStmnt CovItemId="S9" CovItemPrefix="cabra.InputManager.java" Intrnl_Id="5070">
<Branch CovItemId="B1" CovItemPrefix="cabra.InputManager.java" Implct="false" Intrnl_Id="5071">
<Cond/>
<LocList>
<Loc EndOffset="1404" SrcFileId="44" StartOffset="1262"/>
</LocList>
<StmntSeq Intrnl_Id="5072">
<LocList>
<Loc EndOffset="1378" SrcFileId="44" StartOffset="1335"/>
</LocList>
<BasicStmnt CovItemId="S10" CovItemPrefix="cabra.InputManager.java" Intrnl_Id="5073">
<LocList>
<Loc EndOffset="1378" SrcFileId="44" StartOffset="1335"/>
</LocList>
</BasicStmnt>
</StmntSeq>
</Branch>
<Branch CovItemId="B2" CovItemPrefix="cabra.InputManager.java" Implct="true" Intrnl_Id="5074">
<Cond/>
<LocList/>
<StmntSeq Intrnl_Id="5075">
<LocList/>
</StmntSeq>
</Branch>
<Keyword EndOffset="1205" SrcFileId="44" StartOffset="1203"/>
<LocList>
<Loc EndOffset="1404" SrcFileId="44" StartOffset="1203"/>
</LocList>
<RootTerm CovItemId="C1" CovItemPrefix="cabra.InputManager.java" Intrnl_Id="5076">
<OpTerm BooleanOpId="61" Intrnl_Id="5077">
<BasicBoolTerm Intrnl_Id="5078">
<LocList>
<Loc EndOffset="1223" SrcFileId="44" StartOffset="1206"/>
</LocList>
</BasicBoolTerm>
<BasicBoolTerm Intrnl_Id="5079">
<LocList>
<Loc EndOffset="1261" SrcFileId="44" StartOffset="1227"/>
</LocList>
</BasicBoolTerm>
<LocList>
<Loc EndOffset="1226" SrcFileId="44" StartOffset="1224"/>
</LocList>
</OpTerm>
</RootTerm>
</CondStmnt>
<BasicStmnt CovItemId="S11" CovItemPrefix="cabra.InputManager.java" Intrnl_Id="5080">
<LocList>
<Loc EndOffset="1441" SrcFileId="44" StartOffset="1429"/>
</LocList>
</BasicStmnt>
</StmntSeq>
</HierarchyLvl>
</HierarchyLvl>
</HierarchyLvl>
<HierarchyLvl HierarchyLvlId="1618" HierarchyLvlTypeId="67" Intrnl_Id="5081" Name="requestFolder">
<Header>
<Loc EndOffset="2483" SrcFileId="44" StartOffset="2424"/>
</Header>
<LocList>
<Loc EndOffset="3140" SrcFileId="44" StartOffset="2424"/>
</LocList>
<StmntSeq Intrnl_Id="5082">
<LocList>
<Loc EndOffset="2540" SrcFileId="44" StartOffset="2494"/>
<Loc EndOffset="2583" SrcFileId="44" StartOffset="2549"/>
<Loc EndOffset="2656" SrcFileId="44" StartOffset="2592"/>
<Loc EndOffset="2761" SrcFileId="44" StartOffset="2705"/>
<Loc EndOffset="3129" SrcFileId="44" StartOffset="2771"/>
</LocList>
<BasicStmnt CovItemId="S20" CovItemPrefix="cabra.InputManager.java" Intrnl_Id="5083">
<LocList>
<Loc EndOffset="2540" SrcFileId="44" StartOffset="2494"/>
</LocList>
</BasicStmnt>
<BasicStmnt CovItemId="S21" CovItemPrefix="cabra.InputManager.java" Intrnl_Id="5084">
<LocList>
<Loc EndOffset="2583" SrcFileId="44" StartOffset="2549"/>
</LocList>
</BasicStmnt>
<BasicStmnt CovItemId="S22" CovItemPrefix="cabra.InputManager.java" Intrnl_Id="5085">
<LocList>
<Loc EndOffset="2656" SrcFileId="44" StartOffset="2592"/>
</LocList>
</BasicStmnt>
<BasicStmnt CovItemId="S23" CovItemPrefix="cabra.InputManager.java" Intrnl_Id="5086">
<LocList>
<Loc EndOffset="2761" SrcFileId="44" StartOffset="2705"/>
</LocList>
</BasicStmnt>
<CondStmnt CovItemId="S24" CovItemPrefix="cabra.InputManager.java" Intrnl_Id="5087">
<Branch CovItemId="B7" CovItemPrefix="cabra.InputManager.java" Implct="false" Intrnl_Id="5088">
<Cond/>
<LocList>
<Loc EndOffset="3023" SrcFileId="44" StartOffset="2816"/>
</LocList>
<StmntSeq Intrnl_Id="5089">
<LocList>
<Loc EndOffset="2947" SrcFileId="44" StartOffset="2885"/>
<Loc EndOffset="2987" SrcFileId="44" StartOffset="2960"/>
<Loc EndOffset="3012" SrcFileId="44" StartOffset="3000"/>
</LocList>
<BasicStmnt CovItemId="S25" CovItemPrefix="cabra.InputManager.java" Intrnl_Id="5090">
<LocList>
<Loc EndOffset="2947" SrcFileId="44" StartOffset="2885"/>
</LocList>
</BasicStmnt>
<BasicStmnt CovItemId="S26" CovItemPrefix="cabra.InputManager.java" Intrnl_Id="5091">
<LocList>
<Loc EndOffset="2987" SrcFileId="44" StartOffset="2960"/>
</LocList>
</BasicStmnt>
<BasicStmnt CovItemId="S27" CovItemPrefix="cabra.InputManager.java" Intrnl_Id="5092">
<LocList>
<Loc EndOffset="3012" SrcFileId="44" StartOffset="3000"/>
</LocList>
</BasicStmnt>
</StmntSeq>
</Branch>
<Branch CovItemId="B8" CovItemPrefix="cabra.InputManager.java" Implct="false" Intrnl_Id="5093">
<Cond>
<Loc EndOffset="3042" SrcFileId="44" StartOffset="3038"/>
</Cond>
<LocList>
<Loc EndOffset="3129" SrcFileId="44" StartOffset="3042"/>
</LocList>
<StmntSeq Intrnl_Id="5094">
<LocList>
<Loc EndOffset="3118" SrcFileId="44" StartOffset="3106"/>
</LocList>
<BasicStmnt CovItemId="S28" CovItemPrefix="cabra.InputManager.java" Intrnl_Id="5095">
<LocList>
<Loc EndOffset="3118" SrcFileId="44" StartOffset="3106"/>
</LocList>
</BasicStmnt>
</StmntSeq>
</Branch>
<Keyword EndOffset="2773" SrcFileId="44" StartOffset="2771"/>
<LocList>
<Loc EndOffset="3129" SrcFileId="44" StartOffset="2771"/>
</LocList>
<RootTerm CovItemId="C4" CovItemPrefix="cabra.InputManager.java" Intrnl_Id="5096">
<BasicBoolTerm Intrnl_Id="5097">
<LocList>
<Loc EndOffset="2814" SrcFileId="44" StartOffset="2774"/>
</LocList>
</BasicBoolTerm>
</RootTerm>
</CondStmnt>
</StmntSeq>
</HierarchyLvl>
<HierarchyLvl HierarchyLvlId="1621" HierarchyLvlTypeId="67" Intrnl_Id="5098" Name="requestImageFile">
<Header>
<Loc EndOffset="3195" SrcFileId="44" StartOffset="3146"/>
</Header>
<LocList>
<Loc EndOffset="5369" SrcFileId="44" StartOffset="3146"/>
</LocList>
<StmntSeq Intrnl_Id="5099">
<LocList>
<Loc EndOffset="3252" SrcFileId="44" StartOffset="3206"/>
<Loc EndOffset="3322" SrcFileId="44" StartOffset="3265"/>
<Loc EndOffset="3556" SrcFileId="44" StartOffset="3405"/>
<Loc EndOffset="3607" SrcFileId="44" StartOffset="3573"/>
<Loc EndOffset="3670" SrcFileId="44" StartOffset="3624"/>
<Loc EndOffset="3747" SrcFileId="44" StartOffset="3731"/>
<Loc EndOffset="4599" SrcFileId="44" StartOffset="4598"/>
<Loc EndOffset="4657" SrcFileId="44" StartOffset="4627"/>
<Loc EndOffset="4744" SrcFileId="44" StartOffset="4691"/>
<Loc EndOffset="4809" SrcFileId="44" StartOffset="4754"/>
<Loc EndOffset="5363" SrcFileId="44" StartOffset="4819"/>
</LocList>
<BasicStmnt CovItemId="S29" CovItemPrefix="cabra.InputManager.java" Intrnl_Id="5100">
<LocList>
<Loc EndOffset="3252" SrcFileId="44" StartOffset="3206"/>
</LocList>
</BasicStmnt>
<BasicStmnt CovItemId="S30" CovItemPrefix="cabra.InputManager.java" Intrnl_Id="5101">
<LocList>
<Loc EndOffset="3322" SrcFileId="44" StartOffset="3265"/>
</LocList>
</BasicStmnt>
<BasicStmnt CovItemId="S31" CovItemPrefix="cabra.InputManager.java" Intrnl_Id="5102">
<LocList>
<Loc EndOffset="3556" SrcFileId="44" StartOffset="3405"/>
</LocList>
</BasicStmnt>
<BasicStmnt CovItemId="S32" CovItemPrefix="cabra.InputManager.java" Intrnl_Id="5103">
<LocList>
<Loc EndOffset="3607" SrcFileId="44" StartOffset="3573"/>
</LocList>
</BasicStmnt>
<BasicStmnt CovItemId="S33" CovItemPrefix="cabra.InputManager.java" Intrnl_Id="5104">
<LocList>
<Loc EndOffset="3670" SrcFileId="44" StartOffset="3624"/>
</LocList>
</BasicStmnt>
<BasicStmnt CovItemId="S34" CovItemPrefix="cabra.InputManager.java" Intrnl_Id="5105">
<LocList>
<Loc EndOffset="3747" SrcFileId="44" StartOffset="3731"/>
<Loc EndOffset="4599" SrcFileId="44" StartOffset="4598"/>
</LocList>
</BasicStmnt>
<BasicStmnt CovItemId="S40" CovItemPrefix="cabra.InputManager.java" Intrnl_Id="5106">
<LocList>
<Loc EndOffset="4657" SrcFileId="44" StartOffset="4627"/>
</LocList>
</BasicStmnt>
<BasicStmnt CovItemId="S41" CovItemPrefix="cabra.InputManager.java" Intrnl_Id="5107">
<LocList>
<Loc EndOffset="4744" SrcFileId="44" StartOffset="4691"/>
</LocList>
</BasicStmnt>
<BasicStmnt CovItemId="S42" CovItemPrefix="cabra.InputManager.java" Intrnl_Id="5108">
<LocList>
<Loc EndOffset="4809" SrcFileId="44" StartOffset="4754"/>
</LocList>
</BasicStmnt>
<CondStmnt CovItemId="S43" CovItemPrefix="cabra.InputManager.java" Intrnl_Id="5109">
<Branch CovItemId="B11" CovItemPrefix="cabra.InputManager.java" Implct="false" Intrnl_Id="5110">
<Cond/>
<LocList>
<Loc EndOffset="5257" SrcFileId="44" StartOffset="4864"/>
</LocList>
<StmntSeq Intrnl_Id="5111">
<LocList>
<Loc EndOffset="5002" SrcFileId="44" StartOffset="4940"/>
<Loc EndOffset="5246" SrcFileId="44" StartOffset="5015"/>
</LocList>
<BasicStmnt CovItemId="S44" CovItemPrefix="cabra.InputManager.java" Intrnl_Id="5112">
<LocList>
<Loc EndOffset="5002" SrcFileId="44" StartOffset="4940"/>
</LocList>
</BasicStmnt>
<CondStmnt CovItemId="S45" CovItemPrefix="cabra.InputManager.java" Intrnl_Id="5113">
<Branch CovItemId="B13" CovItemPrefix="cabra.InputManager.java" Implct="false" Intrnl_Id="5114">
<Cond/>
<LocList>
<Loc EndOffset="5122" SrcFileId="44" StartOffset="5068"/>
</LocList>
<StmntSeq Intrnl_Id="5115">
<LocList>
<Loc EndOffset="5108" SrcFileId="44" StartOffset="5086"/>
</LocList>
<BasicStmnt CovItemId="S46" CovItemPrefix="cabra.InputManager.java" Intrnl_Id="5116">
<LocList>
<Loc EndOffset="5108" SrcFileId="44" StartOffset="5086"/>
</LocList>
</BasicStmnt>
</StmntSeq>
</Branch>
<Branch CovItemId="B14" CovItemPrefix="cabra.InputManager.java" Implct="false" Intrnl_Id="5117">
<Cond>
<Loc EndOffset="5139" SrcFileId="44" StartOffset="5135"/>
</Cond>
<LocList>
<Loc EndOffset="5246" SrcFileId="44" StartOffset="5139"/>
</LocList>
<StmntSeq Intrnl_Id="5118">
<LocList>
<Loc EndOffset="5232" SrcFileId="44" StartOffset="5201"/>
</LocList>
<BasicStmnt CovItemId="S47" CovItemPrefix="cabra.InputManager.java" Intrnl_Id="5119">
<LocList>
<Loc EndOffset="5232" SrcFileId="44" StartOffset="5201"/>
</LocList>
</BasicStmnt>
</StmntSeq>
</Branch>
<Keyword EndOffset="5017" SrcFileId="44" StartOffset="5015"/>
<LocList>
<Loc EndOffset="5246" SrcFileId="44" StartOffset="5015"/>
</LocList>
<RootTerm CovItemId="C7" CovItemPrefix="cabra.InputManager.java" Intrnl_Id="5120">
<BasicBoolTerm Intrnl_Id="5121">
<LocList>
<Loc EndOffset="5067" SrcFileId="44" StartOffset="5018"/>
</LocList>
</BasicBoolTerm>
</RootTerm>
</CondStmnt>
</StmntSeq>
</Branch>
<Branch CovItemId="B12" CovItemPrefix="cabra.InputManager.java" Implct="false" Intrnl_Id="5122">
<Cond>
<Loc EndOffset="5276" SrcFileId="44" StartOffset="5272"/>
</Cond>
<LocList>
<Loc EndOffset="5363" SrcFileId="44" StartOffset="5276"/>
</LocList>
<StmntSeq Intrnl_Id="5123">
<LocList>
<Loc EndOffset="5352" SrcFileId="44" StartOffset="5340"/>
</LocList>
<BasicStmnt CovItemId="S48" CovItemPrefix="cabra.InputManager.java" Intrnl_Id="5124">
<LocList>
<Loc EndOffset="5352" SrcFileId="44" StartOffset="5340"/>
</LocList>
</BasicStmnt>
</StmntSeq>
</Branch>
<Keyword EndOffset="4821" SrcFileId="44" StartOffset="4819"/>
<LocList>
<Loc EndOffset="5363" SrcFileId="44" StartOffset="4819"/>
</LocList>
<RootTerm CovItemId="C6" CovItemPrefix="cabra.InputManager.java" Intrnl_Id="5125">
<BasicBoolTerm Intrnl_Id="5126">
<LocList>
<Loc EndOffset="4862" SrcFileId="44" StartOffset="4822"/>
</LocList>
</BasicBoolTerm>
</RootTerm>
</CondStmnt>
</StmntSeq>
<HierarchyLvl HierarchyLvlId="1620" HierarchyLvlTypeId="69" Intrnl_Id="5127" Name="FileView">
<Header>
<Loc EndOffset="3761" SrcFileId="44" StartOffset="3751"/>
</Header>
<LocList>
<Loc EndOffset="4598" SrcFileId="44" StartOffset="3747"/>
</LocList>
<HierarchyLvl HierarchyLvlId="1619" HierarchyLvlTypeId="67" Intrnl_Id="5128" Name="getIcon">
<Header>
<Loc EndOffset="3843" SrcFileId="44" StartOffset="3783"/>
</Header>
<LocList>
<Loc EndOffset="4563" SrcFileId="44" StartOffset="3783"/>
</LocList>
<StmntSeq Intrnl_Id="5129">
<LocList>
<Loc EndOffset="3956" SrcFileId="44" StartOffset="3939"/>
<Loc EndOffset="4050" SrcFileId="44" StartOffset="4006"/>
<Loc EndOffset="4504" SrcFileId="44" StartOffset="4075"/>
<Loc EndOffset="4541" SrcFileId="44" StartOffset="4529"/>
</LocList>
<BasicStmnt CovItemId="S35" CovItemPrefix="cabra.InputManager.java" Intrnl_Id="5130">
<LocList>
<Loc EndOffset="3956" SrcFileId="44" StartOffset="3939"/>
</LocList>
</BasicStmnt>
<BasicStmnt CovItemId="S36" CovItemPrefix="cabra.InputManager.java" Intrnl_Id="5131">
<LocList>
<Loc EndOffset="4050" SrcFileId="44" StartOffset="4006"/>
</LocList>
</BasicStmnt>
<CondStmnt CovItemId="S37" CovItemPrefix="cabra.InputManager.java" Intrnl_Id="5132">
<Branch CovItemId="B9" CovItemPrefix="cabra.InputManager.java" Implct="false" Intrnl_Id="5133">
<Cond/>
<LocList>
<Loc EndOffset="4504" SrcFileId="44" StartOffset="4366"/>
</LocList>
<StmntSeq Intrnl_Id="5134">
<LocList>
<Loc EndOffset="4478" SrcFileId="44" StartOffset="4439"/>
</LocList>
<BasicStmnt CovItemId="S38" CovItemPrefix="cabra.InputManager.java" Intrnl_Id="5135">
<LocList>
<Loc EndOffset="4478" SrcFileId="44" StartOffset="4439"/>
</LocList>
</BasicStmnt>
</StmntSeq>
</Branch>
<Branch CovItemId="B10" CovItemPrefix="cabra.InputManager.java" Implct="true" Intrnl_Id="5136">
<Cond/>
<LocList/>
<StmntSeq Intrnl_Id="5137">
<LocList/>
</StmntSeq>
</Branch>
<Keyword EndOffset="4077" SrcFileId="44" StartOffset="4075"/>
<LocList>
<Loc EndOffset="4504" SrcFileId="44" StartOffset="4075"/>
</LocList>
<RootTerm CovItemId="C5" CovItemPrefix="cabra.InputManager.java" Intrnl_Id="5138">
<OpTerm BooleanOpId="61" Intrnl_Id="5139">
<BasicBoolTerm Intrnl_Id="5140">
<LocList>
<Loc EndOffset="4095" SrcFileId="44" StartOffset="4078"/>
</LocList>
</BasicBoolTerm>
<OpTerm BooleanOpId="62" Intrnl_Id="5141">
<OpTerm BooleanOpId="62" Intrnl_Id="5142">
<OpTerm BooleanOpId="62" Intrnl_Id="5143">
<BasicBoolTerm Intrnl_Id="5144">
<LocList>
<Loc EndOffset="4156" SrcFileId="44" StartOffset="4133"/>
</LocList>
</BasicBoolTerm>
<BasicBoolTerm Intrnl_Id="5145">
<LocList>
<Loc EndOffset="4214" SrcFileId="44" StartOffset="4191"/>
</LocList>
</BasicBoolTerm>
<LocList>
<Loc EndOffset="4191" SrcFileId="44" StartOffset="4189"/>
</LocList>
</OpTerm>
<BasicBoolTerm Intrnl_Id="5146">
<LocList>
<Loc EndOffset="4273" SrcFileId="44" StartOffset="4249"/>
</LocList>
</BasicBoolTerm>
<LocList>
<Loc EndOffset="4249" SrcFileId="44" StartOffset="4247"/>
</LocList>
</OpTerm>
<BasicBoolTerm Intrnl_Id="5147">
<LocList>
<Loc EndOffset="4331" SrcFileId="44" StartOffset="4308"/>
</LocList>
</BasicBoolTerm>
<LocList>
<Loc EndOffset="4308" SrcFileId="44" StartOffset="4306"/>
</LocList>
</OpTerm>
<LocList>
<Loc EndOffset="4098" SrcFileId="44" StartOffset="4096"/>
</LocList>
</OpTerm>
</RootTerm>
</CondStmnt>
<BasicStmnt CovItemId="S39" CovItemPrefix="cabra.InputManager.java" Intrnl_Id="5148">
<LocList>
<Loc EndOffset="4541" SrcFileId="44" StartOffset="4529"/>
</LocList>
</BasicStmnt>
</StmntSeq>
</HierarchyLvl>
</HierarchyLvl>
</HierarchyLvl>
<HierarchyLvl HierarchyLvlId="1626" HierarchyLvlTypeId="66" Intrnl_Id="5149" Name="Previewer">
<Header>
<Loc EndOffset="5454" SrcFileId="44" StartOffset="5379"/>
</Header>
<LocList>
<Loc EndOffset="7720" SrcFileId="44" StartOffset="5379"/>
</LocList>
<StmntSeq Intrnl_Id="5150">
<LocList>
<Loc EndOffset="5492" SrcFileId="44" StartOffset="5465"/>
<Loc EndOffset="5518" SrcFileId="44" StartOffset="5501"/>
</LocList>
<BasicStmnt CovItemId="S49" CovItemPrefix="cabra.InputManager.java" Intrnl_Id="5151">
<LocList>
<Loc EndOffset="5492" SrcFileId="44" StartOffset="5465"/>
</LocList>
</BasicStmnt>
<BasicStmnt CovItemId="S50" CovItemPrefix="cabra.InputManager.java" Intrnl_Id="5152">
<LocList>
<Loc EndOffset="5518" SrcFileId="44" StartOffset="5501"/>
</LocList>
</BasicStmnt>
</StmntSeq>
<HierarchyLvl HierarchyLvlId="1622" HierarchyLvlTypeId="67" Intrnl_Id="5153" Name="Previewer">
<Header>
<Loc EndOffset="5570" SrcFileId="44" StartOffset="5528"/>
</Header>
<LocList>
<Loc EndOffset="5693" SrcFileId="44" StartOffset="5528"/>
</LocList>
<StmntSeq Intrnl_Id="5154">
<LocList>
<Loc EndOffset="5626" SrcFileId="44" StartOffset="5585"/>
<Loc EndOffset="5683" SrcFileId="44" StartOffset="5639"/>
</LocList>
<BasicStmnt CovItemId="S51" CovItemPrefix="cabra.InputManager.java" Intrnl_Id="5155">
<LocList>
<Loc EndOffset="5626" SrcFileId="44" StartOffset="5585"/>
</LocList>
</BasicStmnt>
<BasicStmnt CovItemId="S52" CovItemPrefix="cabra.InputManager.java" Intrnl_Id="5156">
<LocList>
<Loc EndOffset="5683" SrcFileId="44" StartOffset="5639"/>
</LocList>
</BasicStmnt>
</StmntSeq>
</HierarchyLvl>
<HierarchyLvl HierarchyLvlId="1623" HierarchyLvlTypeId="67" Intrnl_Id="5157" Name="loadImage">
<Header>
<Loc EndOffset="5726" SrcFileId="44" StartOffset="5703"/>
</Header>
<LocList>
<Loc EndOffset="6258" SrcFileId="44" StartOffset="5703"/>
</LocList>
<StmntSeq Intrnl_Id="5158">
<LocList>
<Loc EndOffset="5832" SrcFileId="44" StartOffset="5741"/>
<Loc EndOffset="5896" SrcFileId="44" StartOffset="5846"/>
<Loc EndOffset="6248" SrcFileId="44" StartOffset="5909"/>
</LocList>
<CondStmnt CovItemId="S53" CovItemPrefix="cabra.InputManager.java" Intrnl_Id="5159">
<Branch CovItemId="B15" CovItemPrefix="cabra.InputManager.java" Implct="false" Intrnl_Id="5160">
<Cond/>
<LocList>
<Loc EndOffset="5832" SrcFileId="44" StartOffset="5759"/>
</LocList>
<StmntSeq Intrnl_Id="5161">
<LocList>
<Loc EndOffset="5794" SrcFileId="44" StartOffset="5777"/>
<Loc EndOffset="5818" SrcFileId="44" StartOffset="5811"/>
</LocList>
<BasicStmnt CovItemId="S54" CovItemPrefix="cabra.InputManager.java" Intrnl_Id="5162">
<LocList>
<Loc EndOffset="5794" SrcFileId="44" StartOffset="5777"/>
</LocList>
</BasicStmnt>
<BasicStmnt CovItemId="S55" CovItemPrefix="cabra.InputManager.java" Intrnl_Id="5163">
<LocList>
<Loc EndOffset="5818" SrcFileId="44" StartOffset="5811"/>
</LocList>
</BasicStmnt>
</StmntSeq>
</Branch>
<Branch CovItemId="B16" CovItemPrefix="cabra.InputManager.java" Implct="true" Intrnl_Id="5164">
<Cond/>
<LocList/>
<StmntSeq Intrnl_Id="5165">
<LocList/>
</StmntSeq>
</Branch>
<Keyword EndOffset="5743" SrcFileId="44" StartOffset="5741"/>
<LocList>
<Loc EndOffset="5832" SrcFileId="44" StartOffset="5741"/>
</LocList>
<RootTerm CovItemId="C8" CovItemPrefix="cabra.InputManager.java" Intrnl_Id="5166">
<BasicBoolTerm Intrnl_Id="5167">
<LocList>
<Loc EndOffset="5757" SrcFileId="44" StartOffset="5745"/>
</LocList>
</BasicBoolTerm>
</RootTerm>
</CondStmnt>
<BasicStmnt CovItemId="S56" CovItemPrefix="cabra.InputManager.java" Intrnl_Id="5168">
<LocList>
<Loc EndOffset="5896" SrcFileId="44" StartOffset="5846"/>
</LocList>
</BasicStmnt>
<CondStmnt CovItemId="S57" CovItemPrefix="cabra.InputManager.java" Intrnl_Id="5169">
<Branch CovItemId="B17" CovItemPrefix="cabra.InputManager.java" Implct="false" Intrnl_Id="5170">
<Cond/>
<LocList>
<Loc EndOffset="6248" SrcFileId="44" StartOffset="5930"/>
</LocList>
<StmntSeq Intrnl_Id="5171">
<LocList>
<Loc EndOffset="6026" SrcFileId="44" StartOffset="5973"/>
<Loc EndOffset="6234" SrcFileId="44" StartOffset="5948"/>
</LocList>
<BasicStmnt CovItemId="S59" CovItemPrefix="cabra.InputManager.java" Intrnl_Id="5172">
<LocList>
<Loc EndOffset="6026" SrcFileId="44" StartOffset="5973"/>
</LocList>
</BasicStmnt>
<CondStmnt CovItemId="S58" CovItemPrefix="cabra.InputManager.java" Intrnl_Id="5173">
<Branch CovItemId="B19" CovItemPrefix="cabra.InputManager.java" Implct="true" Intrnl_Id="5174">
<Cond/>
<LocList/>
<StmntSeq Intrnl_Id="5175">
<LocList/>
</StmntSeq>
</Branch>
<Branch CovItemId="B20" CovItemPrefix="cabra.InputManager.java" Implct="false" Intrnl_Id="5176">
<Cond>
<Loc EndOffset="6094" SrcFileId="44" StartOffset="6061"/>
</Cond>
<LocList>
<Loc EndOffset="6234" SrcFileId="44" StartOffset="6094"/>
</LocList>
<StmntSeq Intrnl_Id="5177">
<LocList>
<Loc EndOffset="6188" SrcFileId="44" StartOffset="6171"/>
<Loc EndOffset="6216" SrcFileId="44" StartOffset="6209"/>
</LocList>
<BasicStmnt CovItemId="S60" CovItemPrefix="cabra.InputManager.java" Intrnl_Id="5178">
<LocList>
<Loc EndOffset="6188" SrcFileId="44" StartOffset="6171"/>
</LocList>
</BasicStmnt>
<BasicStmnt CovItemId="S61" CovItemPrefix="cabra.InputManager.java" Intrnl_Id="5179">
<LocList>
<Loc EndOffset="6216" SrcFileId="44" StartOffset="6209"/>
</LocList>
</BasicStmnt>
</StmntSeq>
</Branch>
<Keyword EndOffset="5951" SrcFileId="44" StartOffset="5948"/>
<LocList>
<Loc EndOffset="6234" SrcFileId="44" StartOffset="5948"/>
</LocList>
</CondStmnt>
</StmntSeq>
</Branch>
<Branch CovItemId="B18" CovItemPrefix="cabra.InputManager.java" Implct="true" Intrnl_Id="5180">
<Cond/>
<LocList/>
<StmntSeq Intrnl_Id="5181">
<LocList/>
</StmntSeq>
</Branch>
<Keyword EndOffset="5911" SrcFileId="44" StartOffset="5909"/>
<LocList>
<Loc EndOffset="6248" SrcFileId="44" StartOffset="5909"/>
</LocList>
<RootTerm CovItemId="C9" CovItemPrefix="cabra.InputManager.java" Intrnl_Id="5182">
<BasicBoolTerm Intrnl_Id="5183">
<LocList>
<Loc EndOffset="5928" SrcFileId="44" StartOffset="5913"/>
</LocList>
</BasicBoolTerm>
</RootTerm>
</CondStmnt>
</StmntSeq>
</HierarchyLvl>
<HierarchyLvl HierarchyLvlId="1624" HierarchyLvlTypeId="67" Intrnl_Id="5184" Name="propertyChange">
<Header>
<Loc EndOffset="6317" SrcFileId="44" StartOffset="6268"/>
</Header>
<LocList>
<Loc EndOffset="7081" SrcFileId="44" StartOffset="6268"/>
</LocList>
<StmntSeq Intrnl_Id="5185">
<LocList>
<Loc EndOffset="6355" SrcFileId="44" StartOffset="6332"/>
<Loc EndOffset="6402" SrcFileId="44" StartOffset="6368"/>
<Loc EndOffset="6833" SrcFileId="44" StartOffset="6477"/>
<Loc EndOffset="7071" SrcFileId="44" StartOffset="6893"/>
</LocList>
<BasicStmnt CovItemId="S62" CovItemPrefix="cabra.InputManager.java" Intrnl_Id="5186">
<LocList>
<Loc EndOffset="6355" SrcFileId="44" StartOffset="6332"/>
</LocList>
</BasicStmnt>
<BasicStmnt CovItemId="S63" CovItemPrefix="cabra.InputManager.java" Intrnl_Id="5187">
<LocList>
<Loc EndOffset="6402" SrcFileId="44" StartOffset="6368"/>
</LocList>
</BasicStmnt>
<CondStmnt CovItemId="S64" CovItemPrefix="cabra.InputManager.java" Intrnl_Id="5188">
<Branch CovItemId="B21" CovItemPrefix="cabra.InputManager.java" Implct="false" Intrnl_Id="5189">
<Cond/>
<LocList>
<Loc EndOffset="6672" SrcFileId="44" StartOffset="6535"/>
</LocList>
<StmntSeq Intrnl_Id="5190">
<LocList>
<Loc EndOffset="6565" SrcFileId="44" StartOffset="6553"/>
<Loc EndOffset="6596" SrcFileId="44" StartOffset="6582"/>
</LocList>
<BasicStmnt CovItemId="S65" CovItemPrefix="cabra.InputManager.java" Intrnl_Id="5191">
<LocList>
<Loc EndOffset="6565" SrcFileId="44" StartOffset="6553"/>
</LocList>
</BasicStmnt>
<BasicStmnt CovItemId="S66" CovItemPrefix="cabra.InputManager.java" Intrnl_Id="5192">
<LocList>
<Loc EndOffset="6596" SrcFileId="44" StartOffset="6582"/>
</LocList>
</BasicStmnt>
</StmntSeq>
</Branch>
<Branch CovItemId="B22" CovItemPrefix="cabra.InputManager.java" Implct="false" Intrnl_Id="5193">
<Cond>
<Loc EndOffset="6677" SrcFileId="44" StartOffset="6673"/>
</Cond>
<LocList>
<Loc EndOffset="6833" SrcFileId="44" StartOffset="6678"/>
</LocList>
<StmntSeq Intrnl_Id="5194">
<LocList>
<Loc EndOffset="6833" SrcFileId="44" StartOffset="6678"/>
</LocList>
<CondStmnt CovItemId="S67" CovItemPrefix="cabra.InputManager.java" Intrnl_Id="5195">
<Branch CovItemId="B23" CovItemPrefix="cabra.InputManager.java" Implct="false" Intrnl_Id="5196">
<Cond/>
<LocList>
<Loc EndOffset="6833" SrcFileId="44" StartOffset="6740"/>
</LocList>
<StmntSeq Intrnl_Id="5197">
<LocList>
<Loc EndOffset="6788" SrcFileId="44" StartOffset="6758"/>
<Loc EndOffset="6819" SrcFileId="44" StartOffset="6805"/>
</LocList>
<BasicStmnt CovItemId="S68" CovItemPrefix="cabra.InputManager.java" Intrnl_Id="5198">
<LocList>
<Loc EndOffset="6788" SrcFileId="44" StartOffset="6758"/>
</LocList>
</BasicStmnt>
<BasicStmnt CovItemId="S69" CovItemPrefix="cabra.InputManager.java" Intrnl_Id="5199">
<LocList>
<Loc EndOffset="6819" SrcFileId="44" StartOffset="6805"/>
</LocList>
</BasicStmnt>
</StmntSeq>
</Branch>
<Branch CovItemId="B24" CovItemPrefix="cabra.InputManager.java" Implct="true" Intrnl_Id="5200">
<Cond/>
<LocList/>
<StmntSeq Intrnl_Id="5201">
<LocList/>
</StmntSeq>
</Branch>
<Keyword EndOffset="6680" SrcFileId="44" StartOffset="6678"/>
<LocList>
<Loc EndOffset="6833" SrcFileId="44" StartOffset="6678"/>
</LocList>
<RootTerm CovItemId="C11" CovItemPrefix="cabra.InputManager.java" Intrnl_Id="5202">
<BasicBoolTerm Intrnl_Id="5203">
<LocList>
<Loc EndOffset="6738" SrcFileId="44" StartOffset="6682"/>
</LocList>
</BasicBoolTerm>
</RootTerm>
</CondStmnt>
</StmntSeq>
</Branch>
<Keyword EndOffset="6479" SrcFileId="44" StartOffset="6477"/>
<LocList>
<Loc EndOffset="6833" SrcFileId="44" StartOffset="6477"/>
</LocList>
<RootTerm CovItemId="C10" CovItemPrefix="cabra.InputManager.java" Intrnl_Id="5204">
<BasicBoolTerm Intrnl_Id="5205">
<LocList>
<Loc EndOffset="6533" SrcFileId="44" StartOffset="6481"/>
</LocList>
</BasicBoolTerm>
</RootTerm>
</CondStmnt>
<CondStmnt CovItemId="S70" CovItemPrefix="cabra.InputManager.java" Intrnl_Id="5206">
<Branch CovItemId="B25" CovItemPrefix="cabra.InputManager.java" Implct="false" Intrnl_Id="5207">
<Cond/>
<LocList>
<Loc EndOffset="7071" SrcFileId="44" StartOffset="6905"/>
</LocList>
<StmntSeq Intrnl_Id="5208">
<LocList>
<Loc EndOffset="6940" SrcFileId="44" StartOffset="6923"/>
<Loc EndOffset="7057" SrcFileId="44" StartOffset="6957"/>
</LocList>
<BasicStmnt CovItemId="S71" CovItemPrefix="cabra.InputManager.java" Intrnl_Id="5209">
<LocList>
<Loc EndOffset="6940" SrcFileId="44" StartOffset="6923"/>
</LocList>
</BasicStmnt>
<CondStmnt CovItemId="S72" CovItemPrefix="cabra.InputManager.java" Intrnl_Id="5210">
<Branch CovItemId="B27" CovItemPrefix="cabra.InputManager.java" Implct="false" Intrnl_Id="5211">
<Cond/>
<LocList>
<Loc EndOffset="7057" SrcFileId="44" StartOffset="6974"/>
</LocList>
<StmntSeq Intrnl_Id="5212">
<LocList>
<Loc EndOffset="7008" SrcFileId="44" StartOffset="6996"/>
<Loc EndOffset="7039" SrcFileId="44" StartOffset="7029"/>
</LocList>
<BasicStmnt CovItemId="S73" CovItemPrefix="cabra.InputManager.java" Intrnl_Id="5213">
<LocList>
<Loc EndOffset="7008" SrcFileId="44" StartOffset="6996"/>
</LocList>
</BasicStmnt>
<BasicStmnt CovItemId="S74" CovItemPrefix="cabra.InputManager.java" Intrnl_Id="5214">
<LocList>
<Loc EndOffset="7039" SrcFileId="44" StartOffset="7029"/>
</LocList>
</BasicStmnt>
</StmntSeq>
</Branch>
<Branch CovItemId="B28" CovItemPrefix="cabra.InputManager.java" Implct="true" Intrnl_Id="5215">
<Cond/>
<LocList/>
<StmntSeq Intrnl_Id="5216">
<LocList/>
</StmntSeq>
</Branch>
<Keyword EndOffset="6959" SrcFileId="44" StartOffset="6957"/>
<LocList>
<Loc EndOffset="7057" SrcFileId="44" StartOffset="6957"/>
</LocList>
<RootTerm CovItemId="C13" CovItemPrefix="cabra.InputManager.java" Intrnl_Id="5217">
<BasicBoolTerm Intrnl_Id="5218">
<LocList>
<Loc EndOffset="6972" SrcFileId="44" StartOffset="6961"/>
</LocList>
</BasicBoolTerm>
</RootTerm>
</CondStmnt>
</StmntSeq>
</Branch>
<Branch CovItemId="B26" CovItemPrefix="cabra.InputManager.java" Implct="true" Intrnl_Id="5219">
<Cond/>
<LocList/>
<StmntSeq Intrnl_Id="5220">
<LocList/>
</StmntSeq>
</Branch>
<Keyword EndOffset="6895" SrcFileId="44" StartOffset="6893"/>
<LocList>
<Loc EndOffset="7071" SrcFileId="44" StartOffset="6893"/>
</LocList>
<RootTerm CovItemId="C12" CovItemPrefix="cabra.InputManager.java" Intrnl_Id="5221">
<BasicBoolTerm Intrnl_Id="5222">
<LocList>
<Loc EndOffset="6903" SrcFileId="44" StartOffset="6897"/>
</LocList>
</BasicBoolTerm>
</RootTerm>
</CondStmnt>
</StmntSeq>
</HierarchyLvl>
<HierarchyLvl HierarchyLvlId="1625" HierarchyLvlTypeId="67" Intrnl_Id="5223" Name="paintComponent">
<Header>
<Loc EndOffset="7150" SrcFileId="44" StartOffset="7091"/>
</Header>
<LocList>
<Loc EndOffset="7714" SrcFileId="44" StartOffset="7091"/>
</LocList>
<StmntSeq Intrnl_Id="5224">
<LocList>
<Loc EndOffset="7232" SrcFileId="44" StartOffset="7165"/>
<Loc EndOffset="7704" SrcFileId="44" StartOffset="7245"/>
</LocList>
<CondStmnt CovItemId="S75" CovItemPrefix="cabra.InputManager.java" Intrnl_Id="5225">
<Branch CovItemId="B29" CovItemPrefix="cabra.InputManager.java" Implct="false" Intrnl_Id="5226">
<Cond/>
<LocList>
<Loc EndOffset="7232" SrcFileId="44" StartOffset="7188"/>
</LocList>
<StmntSeq Intrnl_Id="5227">
<LocList>
<Loc EndOffset="7218" SrcFileId="44" StartOffset="7206"/>
</LocList>
<BasicStmnt CovItemId="S76" CovItemPrefix="cabra.InputManager.java" Intrnl_Id="5228">
<LocList>
<Loc EndOffset="7218" SrcFileId="44" StartOffset="7206"/>
</LocList>
</BasicStmnt>
</StmntSeq>
</Branch>
<Branch CovItemId="B30" CovItemPrefix="cabra.InputManager.java" Implct="true" Intrnl_Id="5229">
<Cond/>
<LocList/>
<StmntSeq Intrnl_Id="5230">
<LocList/>
</StmntSeq>
</Branch>
<Keyword EndOffset="7167" SrcFileId="44" StartOffset="7165"/>
<LocList>
<Loc EndOffset="7232" SrcFileId="44" StartOffset="7165"/>
</LocList>
<RootTerm CovItemId="C14" CovItemPrefix="cabra.InputManager.java" Intrnl_Id="5231">
<BasicBoolTerm Intrnl_Id="5232">
<LocList>
<Loc EndOffset="7186" SrcFileId="44" StartOffset="7169"/>
</LocList>
</BasicBoolTerm>
</RootTerm>
</CondStmnt>
<CondStmnt CovItemId="S77" CovItemPrefix="cabra.InputManager.java" Intrnl_Id="5233">
<Branch CovItemId="B31" CovItemPrefix="cabra.InputManager.java" Implct="false" Intrnl_Id="5234">
<Cond/>
<LocList>
<Loc EndOffset="7704" SrcFileId="44" StartOffset="7268"/>
</LocList>
<StmntSeq Intrnl_Id="5235">
<LocList>
<Loc EndOffset="7351" SrcFileId="44" StartOffset="7314"/>
<Loc EndOffset="7407" SrcFileId="44" StartOffset="7368"/>
<Loc EndOffset="7530" SrcFileId="44" StartOffset="7482"/>
<Loc EndOffset="7595" SrcFileId="44" StartOffset="7547"/>
<Loc EndOffset="7690" SrcFileId="44" StartOffset="7627"/>
</LocList>
<BasicStmnt CovItemId="S78" CovItemPrefix="cabra.InputManager.java" Intrnl_Id="5236">
<LocList>
<Loc EndOffset="7351" SrcFileId="44" StartOffset="7314"/>
</LocList>
</BasicStmnt>
<BasicStmnt CovItemId="S79" CovItemPrefix="cabra.InputManager.java" Intrnl_Id="5237">
<LocList>
<Loc EndOffset="7407" SrcFileId="44" StartOffset="7368"/>
</LocList>
</BasicStmnt>
<BasicStmnt CovItemId="S80" CovItemPrefix="cabra.InputManager.java" Intrnl_Id="5238">
<LocList>
<Loc EndOffset="7530" SrcFileId="44" StartOffset="7482"/>
</LocList>
</BasicStmnt>
<BasicStmnt CovItemId="S81" CovItemPrefix="cabra.InputManager.java" Intrnl_Id="5239">
<LocList>
<Loc EndOffset="7595" SrcFileId="44" StartOffset="7547"/>
</LocList>
</BasicStmnt>
<BasicStmnt CovItemId="S82" CovItemPrefix="cabra.InputManager.java" Intrnl_Id="5240">
<LocList>
<Loc EndOffset="7690" SrcFileId="44" StartOffset="7627"/>
</LocList>
</BasicStmnt>
</StmntSeq>
</Branch>
<Branch CovItemId="B32" CovItemPrefix="cabra.InputManager.java" Implct="true" Intrnl_Id="5241">
<Cond/>
<LocList/>
<StmntSeq Intrnl_Id="5242">
<LocList/>
</StmntSeq>
</Branch>
<Keyword EndOffset="7247" SrcFileId="44" StartOffset="7245"/>
<LocList>
<Loc EndOffset="7704" SrcFileId="44" StartOffset="7245"/>
</LocList>
<RootTerm CovItemId="C15" CovItemPrefix="cabra.InputManager.java" Intrnl_Id="5243">
<BasicBoolTerm Intrnl_Id="5244">
<LocList>
<Loc EndOffset="7266" SrcFileId="44" StartOffset="7249"/>
</LocList>
</BasicBoolTerm>
</RootTerm>
</CondStmnt>
</StmntSeq>
</HierarchyLvl>
</HierarchyLvl>
<HierarchyLvl HierarchyLvlId="1627" HierarchyLvlTypeId="67" Intrnl_Id="5245" Name="requestImage">
<Header>
<Loc EndOffset="7786" SrcFileId="44" StartOffset="7736"/>
</Header>
<LocList>
<Loc EndOffset="7948" SrcFileId="44" StartOffset="7736"/>
</LocList>
<StmntSeq Intrnl_Id="5246">
<LocList>
<Loc EndOffset="7832" SrcFileId="44" StartOffset="7796"/>
<Loc EndOffset="7870" SrcFileId="44" StartOffset="7841"/>
<Loc EndOffset="7942" SrcFileId="44" StartOffset="7879"/>
</LocList>
<BasicStmnt CovItemId="S83" CovItemPrefix="cabra.InputManager.java" Intrnl_Id="5247">
<LocList>
<Loc EndOffset="7832" SrcFileId="44" StartOffset="7796"/>
</LocList>
</BasicStmnt>
<CondStmnt CovItemId="S84" CovItemPrefix="cabra.InputManager.java" Intrnl_Id="5248">
<Branch CovItemId="B33" CovItemPrefix="cabra.InputManager.java" Implct="false" Intrnl_Id="5249">
<Cond/>
<LocList>
<Loc EndOffset="7870" SrcFileId="44" StartOffset="7858"/>
</LocList>
<StmntSeq Intrnl_Id="5250">
<LocList>
<Loc EndOffset="7870" SrcFileId="44" StartOffset="7858"/>
</LocList>
<BasicStmnt CovItemId="S85" CovItemPrefix="cabra.InputManager.java" Intrnl_Id="5251">
<LocList>
<Loc EndOffset="7870" SrcFileId="44" StartOffset="7858"/>
</LocList>
</BasicStmnt>
</StmntSeq>
</Branch>
<Branch CovItemId="B34" CovItemPrefix="cabra.InputManager.java" Implct="true" Intrnl_Id="5252">
<Cond/>
<LocList/>
<StmntSeq Intrnl_Id="5253">
<LocList/>
</StmntSeq>
</Branch>
<Keyword EndOffset="7843" SrcFileId="44" StartOffset="7841"/>
<LocList>
<Loc EndOffset="7870" SrcFileId="44" StartOffset="7841"/>
</LocList>
<RootTerm CovItemId="C16" CovItemPrefix="cabra.InputManager.java" Intrnl_Id="5254">
<BasicBoolTerm Intrnl_Id="5255">
<LocList>
<Loc EndOffset="7856" SrcFileId="44" StartOffset="7844"/>
</LocList>
</BasicBoolTerm>
</RootTerm>
</CondStmnt>
<BasicStmnt CovItemId="S86" CovItemPrefix="cabra.InputManager.java" Intrnl_Id="5256">
<LocList>
<Loc EndOffset="7942" SrcFileId="44" StartOffset="7879"/>
</LocList>
</BasicStmnt>
</StmntSeq>
</HierarchyLvl>
<HierarchyLvl HierarchyLvlId="1628" HierarchyLvlTypeId="67" Intrnl_Id="5257" Name="getProject">
<Header>
<Loc EndOffset="8272" SrcFileId="44" StartOffset="8190"/>
</Header>
<LocList>
<Loc EndOffset="8687" SrcFileId="44" StartOffset="8190"/>
</LocList>
<StmntSeq Intrnl_Id="5258">
<LocList>
<Loc EndOffset="8655" SrcFileId="44" StartOffset="8282"/>
<Loc EndOffset="8681" SrcFileId="44" StartOffset="8666"/>
</LocList>
<BasicStmnt CovItemId="S87" CovItemPrefix="cabra.InputManager.java" Intrnl_Id="5259">
<LocList>
<Loc EndOffset="8655" SrcFileId="44" StartOffset="8282"/>
</LocList>
</BasicStmnt>
<BasicStmnt CovItemId="S88" CovItemPrefix="cabra.InputManager.java" Intrnl_Id="5260">
<LocList>
<Loc EndOffset="8681" SrcFileId="44" StartOffset="8666"/>
</LocList>
</BasicStmnt>
</StmntSeq>
</HierarchyLvl>
<HierarchyLvl HierarchyLvlId="1629" HierarchyLvlTypeId="67" Intrnl_Id="5261" Name="getUserInput">
<Header>
<Loc EndOffset="8804" SrcFileId="44" StartOffset="8697"/>
</Header>
<LocList>
<Loc EndOffset="10115" SrcFileId="44" StartOffset="8697"/>
</LocList>
<StmntSeq Intrnl_Id="5262">
<LocList>
<Loc EndOffset="8991" SrcFileId="44" StartOffset="8973"/>
<Loc EndOffset="10079" SrcFileId="44" StartOffset="9149"/>
<Loc EndOffset="10101" SrcFileId="44" StartOffset="10088"/>
</LocList>
<BasicStmnt CovItemId="S89" CovItemPrefix="cabra.InputManager.java" Intrnl_Id="5263">
<LocList>
<Loc EndOffset="8991" SrcFileId="44" StartOffset="8973"/>
</LocList>
</BasicStmnt>
<LoopStmnt CovItemId="S90" CovItemPrefix="cabra.InputManager.java" Intrnl_Id="5264" MltplExecId="L1-2" MltplExecPrefix="cabra.InputManager.java" NvrExecId="L1-0" NvrExecPrefix="cabra.InputManager.java" OnceExecutedId="L1-1" OnceExecutedPrefix="cabra.InputManager.java" OptBodyExec="true">
<StmntSeq Intrnl_Id="5265">
<LocList>
<Loc EndOffset="9608" SrcFileId="44" StartOffset="9275"/>
<Loc EndOffset="9694" SrcFileId="44" StartOffset="9634"/>
<Loc EndOffset="9838" SrcFileId="44" StartOffset="9775"/>
<Loc EndOffset="9921" SrcFileId="44" StartOffset="9887"/>
<Loc EndOffset="10008" SrcFileId="44" StartOffset="9962"/>
<Loc EndOffset="10069" SrcFileId="44" StartOffset="10063"/>
</LocList>
<BasicStmnt CovItemId="S91" CovItemPrefix="cabra.InputManager.java" Intrnl_Id="5266">
<LocList>
<Loc EndOffset="9608" SrcFileId="44" StartOffset="9275"/>
</LocList>
</BasicStmnt>
<CondStmnt CovItemId="S92" CovItemPrefix="cabra.InputManager.java" Intrnl_Id="5267">
<Branch CovItemId="B35" CovItemPrefix="cabra.InputManager.java" Implct="false" Intrnl_Id="5268">
<Cond/>
<LocList>
<Loc EndOffset="9694" SrcFileId="44" StartOffset="9682"/>
</LocList>
<StmntSeq Intrnl_Id="5269">
<LocList>
<Loc EndOffset="9694" SrcFileId="44" StartOffset="9682"/>
</LocList>
<BasicStmnt CovItemId="S93" CovItemPrefix="cabra.InputManager.java" Intrnl_Id="5270">
<LocList>
<Loc EndOffset="9694" SrcFileId="44" StartOffset="9682"/>
</LocList>
</BasicStmnt>
</StmntSeq>
</Branch>
<Branch CovItemId="B36" CovItemPrefix="cabra.InputManager.java" Implct="true" Intrnl_Id="5271">
<Cond/>
<LocList/>
<StmntSeq Intrnl_Id="5272">
<LocList/>
</StmntSeq>
</Branch>
<Keyword EndOffset="9636" SrcFileId="44" StartOffset="9634"/>
<LocList>
<Loc EndOffset="9694" SrcFileId="44" StartOffset="9634"/>
</LocList>
<RootTerm CovItemId="C18" CovItemPrefix="cabra.InputManager.java" Intrnl_Id="5273">
<OpTerm BooleanOpId="61" Intrnl_Id="5274">
<BasicBoolTerm Intrnl_Id="5275">
<LocList>
<Loc EndOffset="9650" SrcFileId="44" StartOffset="9637"/>
</LocList>
</BasicBoolTerm>
<BasicBoolTerm Intrnl_Id="5276">
<LocList>
<Loc EndOffset="9664" SrcFileId="44" StartOffset="9654"/>
</LocList>
</BasicBoolTerm>
<LocList>
<Loc EndOffset="9653" SrcFileId="44" StartOffset="9651"/>
</LocList>
</OpTerm>
</RootTerm>
</CondStmnt>
<CondStmnt CovItemId="S94" CovItemPrefix="cabra.InputManager.java" Intrnl_Id="5277">
<Branch CovItemId="B37" CovItemPrefix="cabra.InputManager.java" Implct="false" Intrnl_Id="5278">
<Cond/>
<LocList>
<Loc EndOffset="9838" SrcFileId="44" StartOffset="9829"/>
</LocList>
<StmntSeq Intrnl_Id="5279">
<LocList>
<Loc EndOffset="9838" SrcFileId="44" StartOffset="9829"/>
</LocList>
<BasicStmnt CovItemId="S95" CovItemPrefix="cabra.InputManager.java" Intrnl_Id="5280">
<LocList>
<Loc EndOffset="9838" SrcFileId="44" StartOffset="9829"/>
</LocList>
</BasicStmnt>
</StmntSeq>
</Branch>
<Branch CovItemId="B38" CovItemPrefix="cabra.InputManager.java" Implct="true" Intrnl_Id="5281">
<Cond/>
<LocList/>
<StmntSeq Intrnl_Id="5282">
<LocList/>
</StmntSeq>
</Branch>
<Keyword EndOffset="9777" SrcFileId="44" StartOffset="9775"/>
<LocList>
<Loc EndOffset="9838" SrcFileId="44" StartOffset="9775"/>
</LocList>
<RootTerm CovItemId="C19" CovItemPrefix="cabra.InputManager.java" Intrnl_Id="5283">
<OpTerm BooleanOpId="62" Intrnl_Id="5284">
<BasicBoolTerm Intrnl_Id="5285">
<LocList>
<Loc EndOffset="9791" SrcFileId="44" StartOffset="9778"/>
</LocList>
</BasicBoolTerm>
<BasicBoolTerm Intrnl_Id="5286">
<LocList>
<Loc EndOffset="9811" SrcFileId="44" StartOffset="9795"/>
</LocList>
</BasicBoolTerm>
<LocList>
<Loc EndOffset="9794" SrcFileId="44" StartOffset="9792"/>
</LocList>
</OpTerm>
</RootTerm>
</CondStmnt>
<BasicStmnt CovItemId="S96" CovItemPrefix="cabra.InputManager.java" Intrnl_Id="5287">
<LocList>
<Loc EndOffset="9921" SrcFileId="44" StartOffset="9887"/>
</LocList>
</BasicStmnt>
<CondStmnt CovItemId="S97" CovItemPrefix="cabra.InputManager.java" Intrnl_Id="5288">
<Branch CovItemId="B39" CovItemPrefix="cabra.InputManager.java" Implct="false" Intrnl_Id="5289">
<Cond/>
<LocList>
<Loc EndOffset="10008" SrcFileId="44" StartOffset="9999"/>
</LocList>
<StmntSeq Intrnl_Id="5290">
<LocList>
<Loc EndOffset="10008" SrcFileId="44" StartOffset="9999"/>
</LocList>
<BasicStmnt CovItemId="S98" CovItemPrefix="cabra.InputManager.java" Intrnl_Id="5291">
<LocList>
<Loc EndOffset="10008" SrcFileId="44" StartOffset="9999"/>
</LocList>
</BasicStmnt>
</StmntSeq>
</Branch>
<Branch CovItemId="B40" CovItemPrefix="cabra.InputManager.java" Implct="true" Intrnl_Id="5292">
<Cond/>
<LocList/>
<StmntSeq Intrnl_Id="5293">
<LocList/>
</StmntSeq>
</Branch>
<Keyword EndOffset="9964" SrcFileId="44" StartOffset="9962"/>
<LocList>
<Loc EndOffset="10008" SrcFileId="44" StartOffset="9962"/>
</LocList>
<RootTerm CovItemId="C20" CovItemPrefix="cabra.InputManager.java" Intrnl_Id="5294">
<BasicBoolTerm Intrnl_Id="5295">
<LocList>
<Loc EndOffset="9981" SrcFileId="44" StartOffset="9965"/>
</LocList>
</BasicBoolTerm>
</RootTerm>
</CondStmnt>
<BasicStmnt CovItemId="S99" CovItemPrefix="cabra.InputManager.java" Intrnl_Id="5296">
<LocList>
<Loc EndOffset="10069" SrcFileId="44" StartOffset="10063"/>
</LocList>
</BasicStmnt>
</StmntSeq>
<Keyword EndOffset="9154" SrcFileId="44" StartOffset="9149"/>
<LocList>
<Loc EndOffset="10079" SrcFileId="44" StartOffset="9149"/>
</LocList>
</LoopStmnt>
<BasicStmnt CovItemId="S100" CovItemPrefix="cabra.InputManager.java" Intrnl_Id="5297">
<LocList>
<Loc EndOffset="10101" SrcFileId="44" StartOffset="10088"/>
</LocList>
</BasicStmnt>
</StmntSeq>
</HierarchyLvl>
<HierarchyLvl HierarchyLvlId="1630" HierarchyLvlTypeId="67" Intrnl_Id="5298" Name="confirm">
<Header>
<Loc EndOffset="10185" SrcFileId="44" StartOffset="10125"/>
</Header>
<LocList>
<Loc EndOffset="11068" SrcFileId="44" StartOffset="10125"/>
</LocList>
<StmntSeq Intrnl_Id="5299">
<LocList>
<Loc EndOffset="10267" SrcFileId="44" StartOffset="10220"/>
<Loc EndOffset="10975" SrcFileId="44" StartOffset="10699"/>
<Loc EndOffset="11054" SrcFileId="44" StartOffset="11014"/>
</LocList>
<BasicStmnt CovItemId="S101" CovItemPrefix="cabra.InputManager.java" Intrnl_Id="5300">
<LocList>
<Loc EndOffset="10267" SrcFileId="44" StartOffset="10220"/>
</LocList>
</BasicStmnt>
<BasicStmnt CovItemId="S102" CovItemPrefix="cabra.InputManager.java" Intrnl_Id="5301">
<LocList>
<Loc EndOffset="10975" SrcFileId="44" StartOffset="10699"/>
</LocList>
</BasicStmnt>
<BasicStmnt CovItemId="S103" CovItemPrefix="cabra.InputManager.java" Intrnl_Id="5302">
<LocList>
<Loc EndOffset="11054" SrcFileId="44" StartOffset="11014"/>
</LocList>
</BasicStmnt>
</StmntSeq>
</HierarchyLvl>
</HierarchyLvl>
<HierarchyLvl HierarchyLvlId="1638" HierarchyLvlTypeId="66" Intrnl_Id="5303" Name="ImportExport">
<Header>
<Loc EndOffset="288" SrcFileId="45" StartOffset="248"/>
</Header>
<LocList>
<Loc EndOffset="8801" SrcFileId="45" StartOffset="248"/>
</LocList>
<HierarchyLvl HierarchyLvlId="1632" HierarchyLvlTypeId="67" Intrnl_Id="5304" Name="ImportExport">
<Header>
<Loc EndOffset="321" SrcFileId="45" StartOffset="299"/>
</Header>
<LocList>
<Loc EndOffset="323" SrcFileId="45" StartOffset="299"/>
</LocList>
</HierarchyLvl>
<HierarchyLvl HierarchyLvlId="1633" HierarchyLvlTypeId="67" Intrnl_Id="5305" Name="export">
<Header>
<Loc EndOffset="603" SrcFileId="45" StartOffset="546"/>
</Header>
<LocList>
<Loc EndOffset="1052" SrcFileId="45" StartOffset="546"/>
</LocList>
<StmntSeq Intrnl_Id="5306">
<LocList>
<Loc EndOffset="730" SrcFileId="45" StartOffset="613"/>
<Loc EndOffset="938" SrcFileId="45" StartOffset="778"/>
<Loc EndOffset="994" SrcFileId="45" StartOffset="947"/>
<Loc EndOffset="1045" SrcFileId="45" StartOffset="1004"/>
</LocList>
<CondStmnt CovItemId="S1" CovItemPrefix="cabra.ImportExport.java" Intrnl_Id="5307">
<Branch CovItemId="B1" CovItemPrefix="cabra.ImportExport.java" Implct="false" Intrnl_Id="5308">
<Cond/>
<LocList>
<Loc EndOffset="730" SrcFileId="45" StartOffset="654"/>
</LocList>
<StmntSeq Intrnl_Id="5309">
<LocList>
<Loc EndOffset="720" SrcFileId="45" StartOffset="713"/>
</LocList>
<BasicStmnt CovItemId="S2" CovItemPrefix="cabra.ImportExport.java" Intrnl_Id="5310">
<LocList>
<Loc EndOffset="720" SrcFileId="45" StartOffset="713"/>
</LocList>
</BasicStmnt>
</StmntSeq>
</Branch>
<Branch CovItemId="B2" CovItemPrefix="cabra.ImportExport.java" Implct="true" Intrnl_Id="5311">
<Cond/>
<LocList/>
<StmntSeq Intrnl_Id="5312">
<LocList/>
</StmntSeq>
</Branch>
<Keyword EndOffset="615" SrcFileId="45" StartOffset="613"/>
<LocList>
<Loc EndOffset="730" SrcFileId="45" StartOffset="613"/>
</LocList>
<RootTerm CovItemId="C1" CovItemPrefix="cabra.ImportExport.java" Intrnl_Id="5313">
<BasicBoolTerm Intrnl_Id="5314">
<LocList>
<Loc EndOffset="653" SrcFileId="45" StartOffset="616"/>
</LocList>
</BasicBoolTerm>
</RootTerm>
</CondStmnt>
<BasicStmnt CovItemId="S3" CovItemPrefix="cabra.ImportExport.java" Intrnl_Id="5315">
<LocList>
<Loc EndOffset="938" SrcFileId="45" StartOffset="778"/>
</LocList>
</BasicStmnt>
<CondStmnt CovItemId="S4" CovItemPrefix="cabra.ImportExport.java" Intrnl_Id="5316">
<Branch CovItemId="B3" CovItemPrefix="cabra.ImportExport.java" Implct="false" Intrnl_Id="5317">
<Cond/>
<LocList>
<Loc EndOffset="994" SrcFileId="45" StartOffset="987"/>
</LocList>
<StmntSeq Intrnl_Id="5318">
<LocList>
<Loc EndOffset="994" SrcFileId="45" StartOffset="987"/>
</LocList>
<BasicStmnt CovItemId="S5" CovItemPrefix="cabra.ImportExport.java" Intrnl_Id="5319">
<LocList>
<Loc EndOffset="994" SrcFileId="45" StartOffset="987"/>
</LocList>
</BasicStmnt>
</StmntSeq>
</Branch>
<Branch CovItemId="B4" CovItemPrefix="cabra.ImportExport.java" Implct="true" Intrnl_Id="5320">
<Cond/>
<LocList/>
<StmntSeq Intrnl_Id="5321">
<LocList/>
</StmntSeq>
</Branch>
<Keyword EndOffset="949" SrcFileId="45" StartOffset="947"/>
<LocList>
<Loc EndOffset="994" SrcFileId="45" StartOffset="947"/>
</LocList>
<RootTerm CovItemId="C2" CovItemPrefix="cabra.ImportExport.java" Intrnl_Id="5322">
<BasicBoolTerm Intrnl_Id="5323">
<LocList>
<Loc EndOffset="973" SrcFileId="45" StartOffset="950"/>
</LocList>
</BasicBoolTerm>
</RootTerm>
</CondStmnt>
<BasicStmnt CovItemId="S6" CovItemPrefix="cabra.ImportExport.java" Intrnl_Id="5324">
<LocList>
<Loc EndOffset="1045" SrcFileId="45" StartOffset="1004"/>
</LocList>
</BasicStmnt>
</StmntSeq>
</HierarchyLvl>
<HierarchyLvl HierarchyLvlId="1636" HierarchyLvlTypeId="67" Intrnl_Id="5325" Name="export">
<Header>
<Loc EndOffset="1413" SrcFileId="45" StartOffset="1321"/>
</Header>
<LocList>
<Loc EndOffset="3660" SrcFileId="45" StartOffset="1321"/>
</LocList>
<StmntSeq Intrnl_Id="5326">
<LocList>
<Loc EndOffset="1465" SrcFileId="45" StartOffset="1454"/>
<Loc EndOffset="3654" SrcFileId="45" StartOffset="3644"/>
</LocList>
<BasicStmnt CovItemId="S7" CovItemPrefix="cabra.ImportExport.java" Intrnl_Id="5327">
<LocList>
<Loc EndOffset="1465" SrcFileId="45" StartOffset="1454"/>
<Loc EndOffset="3654" SrcFileId="45" StartOffset="3644"/>
</LocList>
</BasicStmnt>
</StmntSeq>
<HierarchyLvl HierarchyLvlId="1635" HierarchyLvlTypeId="69" Intrnl_Id="5328" Name="Runnable">
<Header>
<Loc EndOffset="1479" SrcFileId="45" StartOffset="1469"/>
</Header>
<LocList>
<Loc EndOffset="3644" SrcFileId="45" StartOffset="1465"/>
</LocList>
<HierarchyLvl HierarchyLvlId="1634" HierarchyLvlTypeId="67" Intrnl_Id="5329" Name="run">
<Header>
<Loc EndOffset="1510" SrcFileId="45" StartOffset="1493"/>
</Header>
<LocList>
<Loc EndOffset="3634" SrcFileId="45" StartOffset="1493"/>
</LocList>
<StmntSeq Intrnl_Id="5330">
<LocList>
<Loc EndOffset="1560" SrcFileId="45" StartOffset="1528"/>
<Loc EndOffset="1733" SrcFileId="45" StartOffset="1619"/>
<Loc EndOffset="3604" SrcFileId="45" StartOffset="2580"/>
</LocList>
<BasicStmnt CovItemId="S8" CovItemPrefix="cabra.ImportExport.java" Intrnl_Id="5331">
<LocList>
<Loc EndOffset="1560" SrcFileId="45" StartOffset="1528"/>
</LocList>
</BasicStmnt>
<BasicStmnt CovItemId="S9" CovItemPrefix="cabra.ImportExport.java" Intrnl_Id="5332">
<LocList>
<Loc EndOffset="1733" SrcFileId="45" StartOffset="1619"/>
</LocList>
</BasicStmnt>
<CondStmnt CovItemId="S10" CovItemPrefix="cabra.ImportExport.java" Intrnl_Id="5333">
<Branch CovItemId="B5" CovItemPrefix="cabra.ImportExport.java" Implct="false" Intrnl_Id="5334">
<Cond/>
<LocList>
<Loc EndOffset="3604" SrcFileId="45" StartOffset="2605"/>
</LocList>
<StmntSeq Intrnl_Id="5335">
<LocList>
<Loc EndOffset="2743" SrcFileId="45" StartOffset="2694"/>
<Loc EndOffset="2862" SrcFileId="45" StartOffset="2794"/>
<Loc EndOffset="3586" SrcFileId="45" StartOffset="2884"/>
</LocList>
<BasicStmnt CovItemId="S11" CovItemPrefix="cabra.ImportExport.java" Intrnl_Id="5336">
<LocList>
<Loc EndOffset="2743" SrcFileId="45" StartOffset="2694"/>
</LocList>
</BasicStmnt>
<BasicStmnt CovItemId="S12" CovItemPrefix="cabra.ImportExport.java" Intrnl_Id="5337">
<LocList>
<Loc EndOffset="2862" SrcFileId="45" StartOffset="2794"/>
</LocList>
</BasicStmnt>
<CondStmnt CovItemId="S13" CovItemPrefix="cabra.ImportExport.java" Intrnl_Id="5338">
<Branch CovItemId="B7" CovItemPrefix="cabra.ImportExport.java" Implct="false" Intrnl_Id="5339">
<Cond/>
<LocList>
<Loc EndOffset="2981" SrcFileId="45" StartOffset="2902"/>
</LocList>
<StmntSeq Intrnl_Id="5340">
<LocList/>
</StmntSeq>
</Branch>
<Branch CovItemId="B8" CovItemPrefix="cabra.ImportExport.java" Implct="false" Intrnl_Id="5341">
<Cond>
<Loc EndOffset="3006" SrcFileId="45" StartOffset="3002"/>
</Cond>
<LocList>
<Loc EndOffset="3586" SrcFileId="45" StartOffset="3006"/>
</LocList>
<StmntSeq Intrnl_Id="5342">
<LocList>
<Loc EndOffset="3443" SrcFileId="45" StartOffset="3081"/>
<Loc EndOffset="3564" SrcFileId="45" StartOffset="3506"/>
</LocList>
<BasicStmnt CovItemId="S14" CovItemPrefix="cabra.ImportExport.java" Intrnl_Id="5343">
<LocList>
<Loc EndOffset="3443" SrcFileId="45" StartOffset="3081"/>
</LocList>
</BasicStmnt>
<BasicStmnt CovItemId="S15" CovItemPrefix="cabra.ImportExport.java" Intrnl_Id="5344">
<LocList>
<Loc EndOffset="3564" SrcFileId="45" StartOffset="3506"/>
</LocList>
</BasicStmnt>
</StmntSeq>
</Branch>
<Keyword EndOffset="2886" SrcFileId="45" StartOffset="2884"/>
<LocList>
<Loc EndOffset="3586" SrcFileId="45" StartOffset="2884"/>
</LocList>
<RootTerm CovItemId="C4" CovItemPrefix="cabra.ImportExport.java" Intrnl_Id="5345">
<BasicBoolTerm Intrnl_Id="5346">
<LocList>
<Loc EndOffset="2901" SrcFileId="45" StartOffset="2887"/>
</LocList>
</BasicBoolTerm>
</RootTerm>
</CondStmnt>
</StmntSeq>
</Branch>
<Branch CovItemId="B6" CovItemPrefix="cabra.ImportExport.java" Implct="true" Intrnl_Id="5347">
<Cond/>
<LocList/>
<StmntSeq Intrnl_Id="5348">
<LocList/>
</StmntSeq>
</Branch>
<Keyword EndOffset="2582" SrcFileId="45" StartOffset="2580"/>
<LocList>
<Loc EndOffset="3604" SrcFileId="45" StartOffset="2580"/>
</LocList>
<RootTerm CovItemId="C3" CovItemPrefix="cabra.ImportExport.java" Intrnl_Id="5349">
<BasicBoolTerm Intrnl_Id="5350">
<LocList>
<Loc EndOffset="2604" SrcFileId="45" StartOffset="2583"/>
</LocList>
</BasicBoolTerm>
</RootTerm>
</CondStmnt>
</StmntSeq>
</HierarchyLvl>
</HierarchyLvl>
</HierarchyLvl>
<HierarchyLvl HierarchyLvlId="1637" HierarchyLvlTypeId="67" Intrnl_Id="5351" Name="Import">
<Header>
<Loc EndOffset="3814" SrcFileId="45" StartOffset="3757"/>
</Header>
<LocList>
<Loc EndOffset="6474" SrcFileId="45" StartOffset="3757"/>
</LocList>
<StmntSeq Intrnl_Id="5352">
<LocList>
<Loc EndOffset="3961" SrcFileId="45" StartOffset="3859"/>
<Loc EndOffset="6468" SrcFileId="45" StartOffset="4070"/>
</LocList>
<BasicStmnt CovItemId="S16" CovItemPrefix="cabra.ImportExport.java" Intrnl_Id="5353">
<LocList>
<Loc EndOffset="3961" SrcFileId="45" StartOffset="3859"/>
</LocList>
</BasicStmnt>
<CondStmnt CovItemId="S17" CovItemPrefix="cabra.ImportExport.java" Intrnl_Id="5354">
<Branch CovItemId="B9" CovItemPrefix="cabra.ImportExport.java" Implct="false" Intrnl_Id="5355">
<Cond/>
<LocList>
<Loc EndOffset="6468" SrcFileId="45" StartOffset="4094"/>
</LocList>
<StmntSeq Intrnl_Id="5356">
<LocList>
<Loc EndOffset="4325" SrcFileId="45" StartOffset="4202"/>
<Loc EndOffset="4430" SrcFileId="45" StartOffset="4384"/>
<Loc EndOffset="4616" SrcFileId="45" StartOffset="4539"/>
<Loc EndOffset="6007" SrcFileId="45" StartOffset="4744"/>
<Loc EndOffset="6103" SrcFileId="45" StartOffset="6063"/>
<Loc EndOffset="6235" SrcFileId="45" StartOffset="6168"/>
<Loc EndOffset="6458" SrcFileId="45" StartOffset="6400"/>
</LocList>
<BasicStmnt CovItemId="S18" CovItemPrefix="cabra.ImportExport.java" Intrnl_Id="5357">
<LocList>
<Loc EndOffset="4325" SrcFileId="45" StartOffset="4202"/>
</LocList>
</BasicStmnt>
<BasicStmnt CovItemId="S19" CovItemPrefix="cabra.ImportExport.java" Intrnl_Id="5358">
<LocList>
<Loc EndOffset="4430" SrcFileId="45" StartOffset="4384"/>
</LocList>
</BasicStmnt>
<BasicStmnt CovItemId="S20" CovItemPrefix="cabra.ImportExport.java" Intrnl_Id="5359">
<LocList>
<Loc EndOffset="4616" SrcFileId="45" StartOffset="4539"/>
</LocList>
</BasicStmnt>
<LoopStmnt CovItemId="S21" CovItemPrefix="cabra.ImportExport.java" Intrnl_Id="5360" MltplExecId="L1-2" MltplExecPrefix="cabra.ImportExport.java" NvrExecId="L1-0" NvrExecPrefix="cabra.ImportExport.java" OnceExecutedId="L1-1" OnceExecutedPrefix="cabra.ImportExport.java" OptBodyExec="true">
<StmntSeq Intrnl_Id="5361">
<LocList>
<Loc EndOffset="5993" SrcFileId="45" StartOffset="4812"/>
</LocList>
<CondStmnt CovItemId="S22" CovItemPrefix="cabra.ImportExport.java" Intrnl_Id="5362">
<Branch CovItemId="B11" CovItemPrefix="cabra.ImportExport.java" Implct="false" Intrnl_Id="5363">
<Cond/>
<LocList>
<Loc EndOffset="5993" SrcFileId="45" StartOffset="4853"/>
</LocList>
<StmntSeq Intrnl_Id="5364">
<LocList>
<Loc EndOffset="5948" SrcFileId="45" StartOffset="5914"/>
<Loc EndOffset="5975" SrcFileId="45" StartOffset="5969"/>
</LocList>
<BasicStmnt CovItemId="S23" CovItemPrefix="cabra.ImportExport.java" Intrnl_Id="5365">
<LocList>
<Loc EndOffset="5948" SrcFileId="45" StartOffset="5914"/>
</LocList>
</BasicStmnt>
<BasicStmnt CovItemId="S24" CovItemPrefix="cabra.ImportExport.java" Intrnl_Id="5366">
<LocList>
<Loc EndOffset="5975" SrcFileId="45" StartOffset="5969"/>
</LocList>
</BasicStmnt>
</StmntSeq>
</Branch>
<Branch CovItemId="B12" CovItemPrefix="cabra.ImportExport.java" Implct="true" Intrnl_Id="5367">
<Cond/>
<LocList/>
<StmntSeq Intrnl_Id="5368">
<LocList/>
</StmntSeq>
</Branch>
<Keyword EndOffset="4814" SrcFileId="45" StartOffset="4812"/>
<LocList>
<Loc EndOffset="5993" SrcFileId="45" StartOffset="4812"/>
</LocList>
<RootTerm CovItemId="C6" CovItemPrefix="cabra.ImportExport.java" Intrnl_Id="5369">
<BasicBoolTerm Intrnl_Id="5370">
<LocList>
<Loc EndOffset="4852" SrcFileId="45" StartOffset="4815"/>
</LocList>
</BasicBoolTerm>
</RootTerm>
</CondStmnt>
</StmntSeq>
<Keyword EndOffset="4747" SrcFileId="45" StartOffset="4744"/>
<LocList>
<Loc EndOffset="6007" SrcFileId="45" StartOffset="4744"/>
</LocList>
</LoopStmnt>
<BasicStmnt CovItemId="S25" CovItemPrefix="cabra.ImportExport.java" Intrnl_Id="5371">
<LocList>
<Loc EndOffset="6103" SrcFileId="45" StartOffset="6063"/>
</LocList>
</BasicStmnt>
<BasicStmnt CovItemId="S26" CovItemPrefix="cabra.ImportExport.java" Intrnl_Id="5372">
<LocList>
<Loc EndOffset="6235" SrcFileId="45" StartOffset="6168"/>
</LocList>
</BasicStmnt>
<BasicStmnt CovItemId="S27" CovItemPrefix="cabra.ImportExport.java" Intrnl_Id="5373">
<LocList>
<Loc EndOffset="6458" SrcFileId="45" StartOffset="6400"/>
</LocList>
</BasicStmnt>
</StmntSeq>
</Branch>
<Branch CovItemId="B10" CovItemPrefix="cabra.ImportExport.java" Implct="true" Intrnl_Id="5374">
<Cond/>
<LocList/>
<StmntSeq Intrnl_Id="5375">
<LocList/>
</StmntSeq>
</Branch>
<Keyword EndOffset="4072" SrcFileId="45" StartOffset="4070"/>
<LocList>
<Loc EndOffset="6468" SrcFileId="45" StartOffset="4070"/>
</LocList>
<RootTerm CovItemId="C5" CovItemPrefix="cabra.ImportExport.java" Intrnl_Id="5376">
<BasicBoolTerm Intrnl_Id="5377">
<LocList>
<Loc EndOffset="4093" SrcFileId="45" StartOffset="4073"/>
</LocList>
</BasicBoolTerm>
</RootTerm>
</CondStmnt>
</StmntSeq>
</HierarchyLvl>
</HierarchyLvl>
<HierarchyLvl HierarchyLvlId="1647" HierarchyLvlTypeId="66" Intrnl_Id="5378" Name="ImageManager">
<Header>
<Loc EndOffset="528" SrcFileId="46" StartOffset="497"/>
</Header>
<LocList>
<Loc EndOffset="6994" SrcFileId="46" StartOffset="497"/>
</LocList>
<HierarchyLvl HierarchyLvlId="1639" HierarchyLvlTypeId="67" Intrnl_Id="5379" Name="ImageManager">
<Header>
<Loc EndOffset="562" SrcFileId="46" StartOffset="540"/>
</Header>
<LocList>
<Loc EndOffset="564" SrcFileId="46" StartOffset="540"/>
</LocList>
</HierarchyLvl>
<HierarchyLvl HierarchyLvlId="1640" HierarchyLvlTypeId="67" Intrnl_Id="5380" Name="createImageIcon">
<Header>
<Loc EndOffset="692" SrcFileId="46" StartOffset="640"/>
</Header>
<LocList>
<Loc EndOffset="1110" SrcFileId="46" StartOffset="640"/>
</LocList>
<StmntSeq Intrnl_Id="5381">
<LocList>
<Loc EndOffset="738" SrcFileId="46" StartOffset="703"/>
<Loc EndOffset="813" SrcFileId="46" StartOffset="747"/>
<Loc EndOffset="1104" SrcFileId="46" StartOffset="822"/>
</LocList>
<BasicStmnt CovItemId="S1" CovItemPrefix="cabra.ImageManager.java" Intrnl_Id="5382">
<LocList>
<Loc EndOffset="738" SrcFileId="46" StartOffset="703"/>
</LocList>
</BasicStmnt>
<BasicStmnt CovItemId="S2" CovItemPrefix="cabra.ImageManager.java" Intrnl_Id="5383">
<LocList>
<Loc EndOffset="813" SrcFileId="46" StartOffset="747"/>
</LocList>
</BasicStmnt>
<CondStmnt CovItemId="S3" CovItemPrefix="cabra.ImageManager.java" Intrnl_Id="5384">
<Branch CovItemId="B1" CovItemPrefix="cabra.ImageManager.java" Implct="false" Intrnl_Id="5385">
<Cond/>
<LocList>
<Loc EndOffset="895" SrcFileId="46" StartOffset="842"/>
</LocList>
<StmntSeq Intrnl_Id="5386">
<LocList>
<Loc EndOffset="885" SrcFileId="46" StartOffset="856"/>
</LocList>
<BasicStmnt CovItemId="S4" CovItemPrefix="cabra.ImageManager.java" Intrnl_Id="5387">
<LocList>
<Loc EndOffset="885" SrcFileId="46" StartOffset="856"/>
</LocList>
</BasicStmnt>
</StmntSeq>
</Branch>
<Branch CovItemId="B2" CovItemPrefix="cabra.ImageManager.java" Implct="false" Intrnl_Id="5388">
<Cond>
<Loc EndOffset="900" SrcFileId="46" StartOffset="896"/>
</Cond>
<LocList>
<Loc EndOffset="1104" SrcFileId="46" StartOffset="901"/>
</LocList>
<StmntSeq Intrnl_Id="5389">
<LocList>
<Loc EndOffset="965" SrcFileId="46" StartOffset="915"/>
<Loc EndOffset="1069" SrcFileId="46" StartOffset="1035"/>
<Loc EndOffset="1094" SrcFileId="46" StartOffset="1082"/>
</LocList>
<BasicStmnt CovItemId="S5" CovItemPrefix="cabra.ImageManager.java" Intrnl_Id="5390">
<LocList>
<Loc EndOffset="965" SrcFileId="46" StartOffset="915"/>
</LocList>
</BasicStmnt>
<BasicStmnt CovItemId="S6" CovItemPrefix="cabra.ImageManager.java" Intrnl_Id="5391">
<LocList>
<Loc EndOffset="1069" SrcFileId="46" StartOffset="1035"/>
</LocList>
</BasicStmnt>
<BasicStmnt CovItemId="S7" CovItemPrefix="cabra.ImageManager.java" Intrnl_Id="5392">
<LocList>
<Loc EndOffset="1094" SrcFileId="46" StartOffset="1082"/>
</LocList>
</BasicStmnt>
</StmntSeq>
</Branch>
<Keyword EndOffset="824" SrcFileId="46" StartOffset="822"/>
<LocList>
<Loc EndOffset="1104" SrcFileId="46" StartOffset="822"/>
</LocList>
<RootTerm CovItemId="C1" CovItemPrefix="cabra.ImageManager.java" Intrnl_Id="5393">
<BasicBoolTerm Intrnl_Id="5394">
<LocList>
<Loc EndOffset="840" SrcFileId="46" StartOffset="826"/>
</LocList>
</BasicBoolTerm>
</RootTerm>
</CondStmnt>
</StmntSeq>
</HierarchyLvl>
<HierarchyLvl HierarchyLvlId="1641" HierarchyLvlTypeId="67" Intrnl_Id="5395" Name="createImageIconFromFullPath">
<Header>
<Loc EndOffset="1368" SrcFileId="46" StartOffset="1304"/>
</Header>
<LocList>
<Loc EndOffset="1411" SrcFileId="46" StartOffset="1304"/>
</LocList>
<StmntSeq Intrnl_Id="5396">
<LocList>
<Loc EndOffset="1405" SrcFileId="46" StartOffset="1378"/>
</LocList>
<BasicStmnt CovItemId="S8" CovItemPrefix="cabra.ImageManager.java" Intrnl_Id="5397">
<LocList>
<Loc EndOffset="1405" SrcFileId="46" StartOffset="1378"/>
</LocList>
</BasicStmnt>
</StmntSeq>
</HierarchyLvl>
<HierarchyLvl HierarchyLvlId="1642" HierarchyLvlTypeId="67" Intrnl_Id="5398" Name="createImages">
<Header>
<Loc EndOffset="1714" SrcFileId="46" StartOffset="1654"/>
</Header>
<LocList>
<Loc EndOffset="1904" SrcFileId="46" StartOffset="1654"/>
</LocList>
<StmntSeq Intrnl_Id="5399">
<LocList>
<Loc EndOffset="1773" SrcFileId="46" StartOffset="1724"/>
<Loc EndOffset="1875" SrcFileId="46" StartOffset="1782"/>
<Loc EndOffset="1898" SrcFileId="46" StartOffset="1884"/>
</LocList>
<BasicStmnt CovItemId="S9" CovItemPrefix="cabra.ImageManager.java" Intrnl_Id="5400">
<LocList>
<Loc EndOffset="1773" SrcFileId="46" StartOffset="1724"/>
</LocList>
</BasicStmnt>
<LoopStmnt CovItemId="S10" CovItemPrefix="cabra.ImageManager.java" Intrnl_Id="5401" MltplExecId="L1-2" MltplExecPrefix="cabra.ImageManager.java" NvrExecId="L1-0" NvrExecPrefix="cabra.ImageManager.java" OnceExecutedId="L1-1" OnceExecutedPrefix="cabra.ImageManager.java" OptBodyExec="true">
<StmntSeq Intrnl_Id="5402">
<LocList>
<Loc EndOffset="1865" SrcFileId="46" StartOffset="1820"/>
</LocList>
<BasicStmnt CovItemId="S11" CovItemPrefix="cabra.ImageManager.java" Intrnl_Id="5403">
<LocList>
<Loc EndOffset="1865" SrcFileId="46" StartOffset="1820"/>
</LocList>
</BasicStmnt>
</StmntSeq>
<Keyword EndOffset="1785" SrcFileId="46" StartOffset="1782"/>
<LocList>
<Loc EndOffset="1875" SrcFileId="46" StartOffset="1782"/>
</LocList>
</LoopStmnt>
<BasicStmnt CovItemId="S12" CovItemPrefix="cabra.ImageManager.java" Intrnl_Id="5404">
<LocList>
<Loc EndOffset="1898" SrcFileId="46" StartOffset="1884"/>
</LocList>
</BasicStmnt>
</StmntSeq>
</HierarchyLvl>
<HierarchyLvl HierarchyLvlId="1643" HierarchyLvlTypeId="67" Intrnl_Id="5405" Name="saveImage">
<Header>
<Loc EndOffset="2122" SrcFileId="46" StartOffset="2060"/>
</Header>
<LocList>
<Loc EndOffset="2822" SrcFileId="46" StartOffset="2060"/>
</LocList>
<StmntSeq Intrnl_Id="5406">
<LocList>
<Loc EndOffset="2185" SrcFileId="46" StartOffset="2150"/>
<Loc EndOffset="2233" SrcFileId="46" StartOffset="2198"/>
<Loc EndOffset="2562" SrcFileId="46" StartOffset="2259"/>
<Loc EndOffset="2667" SrcFileId="46" StartOffset="2588"/>
<Loc EndOffset="2816" SrcFileId="46" StartOffset="2132"/>
</LocList>
<BasicStmnt CovItemId="S14" CovItemPrefix="cabra.ImageManager.java" Intrnl_Id="5407">
<LocList>
<Loc EndOffset="2185" SrcFileId="46" StartOffset="2150"/>
</LocList>
</BasicStmnt>
<BasicStmnt CovItemId="S15" CovItemPrefix="cabra.ImageManager.java" Intrnl_Id="5408">
<LocList>
<Loc EndOffset="2233" SrcFileId="46" StartOffset="2198"/>
</LocList>
</BasicStmnt>
<CondStmnt CovItemId="S16" CovItemPrefix="cabra.ImageManager.java" Intrnl_Id="5409">
<Branch CovItemId="B4" CovItemPrefix="cabra.ImageManager.java" Implct="false" Intrnl_Id="5410">
<Cond/>
<LocList>
<Loc EndOffset="2437" SrcFileId="46" StartOffset="2292"/>
</LocList>
<StmntSeq Intrnl_Id="5411">
<LocList>
<Loc EndOffset="2358" SrcFileId="46" StartOffset="2310"/>
<Loc EndOffset="2423" SrcFileId="46" StartOffset="2375"/>
</LocList>
<BasicStmnt CovItemId="S17" CovItemPrefix="cabra.ImageManager.java" Intrnl_Id="5412">
<LocList>
<Loc EndOffset="2358" SrcFileId="46" StartOffset="2310"/>
</LocList>
</BasicStmnt>
<BasicStmnt CovItemId="S18" CovItemPrefix="cabra.ImageManager.java" Intrnl_Id="5413">
<LocList>
<Loc EndOffset="2423" SrcFileId="46" StartOffset="2375"/>
</LocList>
</BasicStmnt>
</StmntSeq>
</Branch>
<Branch CovItemId="B5" CovItemPrefix="cabra.ImageManager.java" Implct="false" Intrnl_Id="5414">
<Cond>
<Loc EndOffset="2454" SrcFileId="46" StartOffset="2450"/>
</Cond>
<LocList>
<Loc EndOffset="2562" SrcFileId="46" StartOffset="2454"/>
</LocList>
<StmntSeq Intrnl_Id="5415">
<LocList>
<Loc EndOffset="2548" SrcFileId="46" StartOffset="2511"/>
</LocList>
<BasicStmnt CovItemId="S19" CovItemPrefix="cabra.ImageManager.java" Intrnl_Id="5416">
<LocList>
<Loc EndOffset="2548" SrcFileId="46" StartOffset="2511"/>
</LocList>
</BasicStmnt>
</StmntSeq>
</Branch>
<Keyword EndOffset="2261" SrcFileId="46" StartOffset="2259"/>
<LocList>
<Loc EndOffset="2562" SrcFileId="46" StartOffset="2259"/>
</LocList>
<RootTerm CovItemId="C2" CovItemPrefix="cabra.ImageManager.java" Intrnl_Id="5417">
<BasicBoolTerm Intrnl_Id="5418">
<LocList>
<Loc EndOffset="2291" SrcFileId="46" StartOffset="2262"/>
</LocList>
</BasicBoolTerm>
</RootTerm>
</CondStmnt>
<BasicStmnt CovItemId="S20" CovItemPrefix="cabra.ImageManager.java" Intrnl_Id="5419">
<LocList>
<Loc EndOffset="2667" SrcFileId="46" StartOffset="2588"/>
</LocList>
</BasicStmnt>
<CondStmnt CovItemId="S13" CovItemPrefix="cabra.ImageManager.java" Intrnl_Id="5420">
<Branch CovItemId="B3" CovItemPrefix="cabra.ImageManager.java" Implct="true" Intrnl_Id="5421">
<Cond/>
<LocList/>
<StmntSeq Intrnl_Id="5422">
<LocList/>
</StmntSeq>
</Branch>
<Branch CovItemId="B6" CovItemPrefix="cabra.ImageManager.java" Implct="false" Intrnl_Id="5423">
<Cond>
<Loc EndOffset="2720" SrcFileId="46" StartOffset="2691"/>
</Cond>
<LocList>
<Loc EndOffset="2816" SrcFileId="46" StartOffset="2721"/>
</LocList>
<StmntSeq Intrnl_Id="5424">
<LocList>
<Loc EndOffset="2806" SrcFileId="46" StartOffset="2735"/>
</LocList>
<BasicStmnt CovItemId="S21" CovItemPrefix="cabra.ImageManager.java" Intrnl_Id="5425">
<LocList>
<Loc EndOffset="2806" SrcFileId="46" StartOffset="2735"/>
</LocList>
</BasicStmnt>
</StmntSeq>
</Branch>
<Keyword EndOffset="2135" SrcFileId="46" StartOffset="2132"/>
<LocList>
<Loc EndOffset="2816" SrcFileId="46" StartOffset="2132"/>
</LocList>
</CondStmnt>
</StmntSeq>
</HierarchyLvl>
<HierarchyLvl HierarchyLvlId="1644" HierarchyLvlTypeId="67" Intrnl_Id="5426" Name="copyImage">
<Header>
<Loc EndOffset="3076" SrcFileId="46" StartOffset="3020"/>
</Header>
<LocList>
<Loc EndOffset="3166" SrcFileId="46" StartOffset="3020"/>
</LocList>
<StmntSeq Intrnl_Id="5427">
<LocList>
<Loc EndOffset="3160" SrcFileId="46" StartOffset="3086"/>
</LocList>
<BasicStmnt CovItemId="S22" CovItemPrefix="cabra.ImageManager.java" Intrnl_Id="5428">
<LocList>
<Loc EndOffset="3160" SrcFileId="46" StartOffset="3086"/>
</LocList>
</BasicStmnt>
</StmntSeq>
</HierarchyLvl>
<HierarchyLvl HierarchyLvlId="1645" HierarchyLvlTypeId="67" Intrnl_Id="5429" Name="scaleImage">
<Header>
<Loc EndOffset="3499" SrcFileId="46" StartOffset="3434"/>
</Header>
<LocList>
<Loc EndOffset="6049" SrcFileId="46" StartOffset="3434"/>
</LocList>
<StmntSeq Intrnl_Id="5430">
<LocList>
<Loc EndOffset="3547" SrcFileId="46" StartOffset="3509"/>
<Loc EndOffset="3596" SrcFileId="46" StartOffset="3556"/>
<Loc EndOffset="3624" SrcFileId="46" StartOffset="3605"/>
<Loc EndOffset="5260" SrcFileId="46" StartOffset="3816"/>
<Loc EndOffset="5608" SrcFileId="46" StartOffset="5576"/>
<Loc EndOffset="5697" SrcFileId="46" StartOffset="5617"/>
<Loc EndOffset="5750" SrcFileId="46" StartOffset="5706"/>
<Loc EndOffset="5858" SrcFileId="46" StartOffset="5759"/>
<Loc EndOffset="5906" SrcFileId="46" StartOffset="5867"/>
<Loc EndOffset="6001" SrcFileId="46" StartOffset="5988"/>
<Loc EndOffset="6043" SrcFileId="46" StartOffset="6010"/>
</LocList>
<BasicStmnt CovItemId="S23" CovItemPrefix="cabra.ImageManager.java" Intrnl_Id="5431">
<LocList>
<Loc EndOffset="3547" SrcFileId="46" StartOffset="3509"/>
</LocList>
</BasicStmnt>
<BasicStmnt CovItemId="S24" CovItemPrefix="cabra.ImageManager.java" Intrnl_Id="5432">
<LocList>
<Loc EndOffset="3596" SrcFileId="46" StartOffset="3556"/>
</LocList>
</BasicStmnt>
<BasicStmnt CovItemId="S25" CovItemPrefix="cabra.ImageManager.java" Intrnl_Id="5433">
<LocList>
<Loc EndOffset="3624" SrcFileId="46" StartOffset="3605"/>
</LocList>
</BasicStmnt>
<CondStmnt CovItemId="S26" CovItemPrefix="cabra.ImageManager.java" Intrnl_Id="5434">
<Branch CovItemId="B7" CovItemPrefix="cabra.ImageManager.java" Implct="false" Intrnl_Id="5435">
<Cond/>
<LocList>
<Loc EndOffset="4175" SrcFileId="46" StartOffset="3855"/>
</LocList>
<StmntSeq Intrnl_Id="5436">
<LocList>
<Loc EndOffset="4025" SrcFileId="46" StartOffset="4010"/>
<Loc EndOffset="4054" SrcFileId="46" StartOffset="4038"/>
</LocList>
<BasicStmnt CovItemId="S27" CovItemPrefix="cabra.ImageManager.java" Intrnl_Id="5437">
<LocList>
<Loc EndOffset="4025" SrcFileId="46" StartOffset="4010"/>
</LocList>
</BasicStmnt>
<BasicStmnt CovItemId="S28" CovItemPrefix="cabra.ImageManager.java" Intrnl_Id="5438">
<LocList>
<Loc EndOffset="4054" SrcFileId="46" StartOffset="4038"/>
</LocList>
</BasicStmnt>
</StmntSeq>
</Branch>
<Branch CovItemId="B8" CovItemPrefix="cabra.ImageManager.java" Implct="false" Intrnl_Id="5439">
<Cond>
<Loc EndOffset="4180" SrcFileId="46" StartOffset="4176"/>
</Cond>
<LocList>
<Loc EndOffset="5260" SrcFileId="46" StartOffset="4181"/>
</LocList>
<StmntSeq Intrnl_Id="5440">
<LocList>
<Loc EndOffset="5260" SrcFileId="46" StartOffset="4181"/>
</LocList>
<CondStmnt CovItemId="S29" CovItemPrefix="cabra.ImageManager.java" Intrnl_Id="5441">
<Branch CovItemId="B9" CovItemPrefix="cabra.ImageManager.java" Implct="false" Intrnl_Id="5442">
<Cond/>
<LocList>
<Loc EndOffset="4764" SrcFileId="46" StartOffset="4209"/>
</LocList>
<StmntSeq Intrnl_Id="5443">
<LocList>
<Loc EndOffset="4322" SrcFileId="46" StartOffset="4291"/>
<Loc EndOffset="4431" SrcFileId="46" StartOffset="4400"/>
</LocList>
<BasicStmnt CovItemId="S30" CovItemPrefix="cabra.ImageManager.java" Intrnl_Id="5444">
<LocList>
<Loc EndOffset="4322" SrcFileId="46" StartOffset="4291"/>
</LocList>
</BasicStmnt>
<BasicStmnt CovItemId="S31" CovItemPrefix="cabra.ImageManager.java" Intrnl_Id="5445">
<LocList>
<Loc EndOffset="4431" SrcFileId="46" StartOffset="4400"/>
</LocList>
</BasicStmnt>
</StmntSeq>
</Branch>
<Branch CovItemId="B10" CovItemPrefix="cabra.ImageManager.java" Implct="false" Intrnl_Id="5446">
<Cond>
<Loc EndOffset="4769" SrcFileId="46" StartOffset="4765"/>
</Cond>
<LocList>
<Loc EndOffset="5260" SrcFileId="46" StartOffset="4769"/>
</LocList>
<StmntSeq Intrnl_Id="5447">
<LocList>
<Loc EndOffset="4855" SrcFileId="46" StartOffset="4823"/>
<Loc EndOffset="4898" SrcFileId="46" StartOffset="4868"/>
</LocList>
<BasicStmnt CovItemId="S32" CovItemPrefix="cabra.ImageManager.java" Intrnl_Id="5448">
<LocList>
<Loc EndOffset="4855" SrcFileId="46" StartOffset="4823"/>
</LocList>
</BasicStmnt>
<BasicStmnt CovItemId="S33" CovItemPrefix="cabra.ImageManager.java" Intrnl_Id="5449">
<LocList>
<Loc EndOffset="4898" SrcFileId="46" StartOffset="4868"/>
</LocList>
</BasicStmnt>
</StmntSeq>
</Branch>
<Keyword EndOffset="4183" SrcFileId="46" StartOffset="4181"/>
<LocList>
<Loc EndOffset="5260" SrcFileId="46" StartOffset="4181"/>
</LocList>
<RootTerm CovItemId="C4" CovItemPrefix="cabra.ImageManager.java" Intrnl_Id="5450">
<BasicBoolTerm Intrnl_Id="5451">
<LocList>
<Loc EndOffset="4208" SrcFileId="46" StartOffset="4184"/>
</LocList>
</BasicBoolTerm>
</RootTerm>
</CondStmnt>
</StmntSeq>
</Branch>
<Keyword EndOffset="3818" SrcFileId="46" StartOffset="3816"/>
<LocList>
<Loc EndOffset="5260" SrcFileId="46" StartOffset="3816"/>
</LocList>
<RootTerm CovItemId="C3" CovItemPrefix="cabra.ImageManager.java" Intrnl_Id="5452">
<OpTerm BooleanOpId="61" Intrnl_Id="5453">
<BasicBoolTerm Intrnl_Id="5454">
<LocList>
<Loc EndOffset="3834" SrcFileId="46" StartOffset="3819"/>
</LocList>
</BasicBoolTerm>
<BasicBoolTerm Intrnl_Id="5455">
<LocList>
<Loc EndOffset="3854" SrcFileId="46" StartOffset="3838"/>
</LocList>
</BasicBoolTerm>
<LocList>
<Loc EndOffset="3837" SrcFileId="46" StartOffset="3835"/>
</LocList>
</OpTerm>
</RootTerm>
</CondStmnt>
<BasicStmnt CovItemId="S34" CovItemPrefix="cabra.ImageManager.java" Intrnl_Id="5456">
<LocList>
<Loc EndOffset="5608" SrcFileId="46" StartOffset="5576"/>
</LocList>
</BasicStmnt>
<BasicStmnt CovItemId="S35" CovItemPrefix="cabra.ImageManager.java" Intrnl_Id="5457">
<LocList>
<Loc EndOffset="5697" SrcFileId="46" StartOffset="5617"/>
</LocList>
</BasicStmnt>
<BasicStmnt CovItemId="S36" CovItemPrefix="cabra.ImageManager.java" Intrnl_Id="5458">
<LocList>
<Loc EndOffset="5750" SrcFileId="46" StartOffset="5706"/>
</LocList>
</BasicStmnt>
<BasicStmnt CovItemId="S37" CovItemPrefix="cabra.ImageManager.java" Intrnl_Id="5459">
<LocList>
<Loc EndOffset="5858" SrcFileId="46" StartOffset="5759"/>
</LocList>
</BasicStmnt>
<BasicStmnt CovItemId="S38" CovItemPrefix="cabra.ImageManager.java" Intrnl_Id="5460">
<LocList>
<Loc EndOffset="5906" SrcFileId="46" StartOffset="5867"/>
</LocList>
</BasicStmnt>
<BasicStmnt CovItemId="S39" CovItemPrefix="cabra.ImageManager.java" Intrnl_Id="5461">
<LocList>
<Loc EndOffset="6001" SrcFileId="46" StartOffset="5988"/>
</LocList>
</BasicStmnt>
<BasicStmnt CovItemId="S40" CovItemPrefix="cabra.ImageManager.java" Intrnl_Id="5462">
<LocList>
<Loc EndOffset="6043" SrcFileId="46" StartOffset="6010"/>
</LocList>
</BasicStmnt>
</StmntSeq>
</HierarchyLvl>
<HierarchyLvl HierarchyLvlId="1646" HierarchyLvlTypeId="67" Intrnl_Id="5463" Name="showImage">
<Header>
<Loc EndOffset="6417" SrcFileId="46" StartOffset="6358"/>
</Header>
<LocList>
<Loc EndOffset="6992" SrcFileId="46" StartOffset="6358"/>
</LocList>
<StmntSeq Intrnl_Id="5464">
<LocList>
<Loc EndOffset="6460" SrcFileId="46" StartOffset="6427"/>
<Loc EndOffset="6504" SrcFileId="46" StartOffset="6469"/>
<Loc EndOffset="6574" SrcFileId="46" StartOffset="6522"/>
<Loc EndOffset="6617" SrcFileId="46" StartOffset="6583"/>
<Loc EndOffset="6684" SrcFileId="46" StartOffset="6626"/>
<Loc EndOffset="6944" SrcFileId="46" StartOffset="6702"/>
<Loc EndOffset="6986" SrcFileId="46" StartOffset="6962"/>
</LocList>
<BasicStmnt CovItemId="S41" CovItemPrefix="cabra.ImageManager.java" Intrnl_Id="5465">
<LocList>
<Loc EndOffset="6460" SrcFileId="46" StartOffset="6427"/>
</LocList>
</BasicStmnt>
<BasicStmnt CovItemId="S42" CovItemPrefix="cabra.ImageManager.java" Intrnl_Id="5466">
<LocList>
<Loc EndOffset="6504" SrcFileId="46" StartOffset="6469"/>
</LocList>
</BasicStmnt>
<BasicStmnt CovItemId="S43" CovItemPrefix="cabra.ImageManager.java" Intrnl_Id="5467">
<LocList>
<Loc EndOffset="6574" SrcFileId="46" StartOffset="6522"/>
</LocList>
</BasicStmnt>
<BasicStmnt CovItemId="S44" CovItemPrefix="cabra.ImageManager.java" Intrnl_Id="5468">
<LocList>
<Loc EndOffset="6617" SrcFileId="46" StartOffset="6583"/>
</LocList>
</BasicStmnt>
<BasicStmnt CovItemId="S45" CovItemPrefix="cabra.ImageManager.java" Intrnl_Id="5469">
<LocList>
<Loc EndOffset="6684" SrcFileId="46" StartOffset="6626"/>
</LocList>
</BasicStmnt>
<BasicStmnt CovItemId="S46" CovItemPrefix="cabra.ImageManager.java" Intrnl_Id="5470">
<LocList>
<Loc EndOffset="6944" SrcFileId="46" StartOffset="6702"/>
</LocList>
</BasicStmnt>
<BasicStmnt CovItemId="S47" CovItemPrefix="cabra.ImageManager.java" Intrnl_Id="5471">
<LocList>
<Loc EndOffset="6986" SrcFileId="46" StartOffset="6962"/>
</LocList>
</BasicStmnt>
</StmntSeq>
</HierarchyLvl>
</HierarchyLvl>
<HierarchyLvl HierarchyLvlId="1674" HierarchyLvlTypeId="66" Intrnl_Id="5472" Name="HomePanel">
<Header>
<Loc EndOffset="290" SrcFileId="47" StartOffset="253"/>
</Header>
<LocList>
<Loc EndOffset="9000" SrcFileId="47" StartOffset="253"/>
<Loc EndOffset="13694" SrcFileId="47" StartOffset="11781"/>
</LocList>
<StmntSeq Intrnl_Id="5473">
<LocList>
<Loc EndOffset="850" SrcFileId="47" StartOffset="810"/>
<Loc EndOffset="895" SrcFileId="47" StartOffset="855"/>
</LocList>
<BasicStmnt CovItemId="S1" CovItemPrefix="cabra.HomePanel.java" Intrnl_Id="5474">
<LocList>
<Loc EndOffset="850" SrcFileId="47" StartOffset="810"/>
</LocList>
</BasicStmnt>
<BasicStmnt CovItemId="S2" CovItemPrefix="cabra.HomePanel.java" Intrnl_Id="5475">
<LocList>
<Loc EndOffset="895" SrcFileId="47" StartOffset="855"/>
</LocList>
</BasicStmnt>
</StmntSeq>
<HierarchyLvl HierarchyLvlId="1648" HierarchyLvlTypeId="67" Intrnl_Id="5476" Name="HomePanel">
<Header>
<Loc EndOffset="993" SrcFileId="47" StartOffset="905"/>
</Header>
<LocList>
<Loc EndOffset="1572" SrcFileId="47" StartOffset="905"/>
</LocList>
<StmntSeq Intrnl_Id="5477">
<LocList>
<Loc EndOffset="1060" SrcFileId="47" StartOffset="1045"/>
<Loc EndOffset="1098" SrcFileId="47" StartOffset="1069"/>
<Loc EndOffset="1136" SrcFileId="47" StartOffset="1107"/>
<Loc EndOffset="1168" SrcFileId="47" StartOffset="1145"/>
<Loc EndOffset="1215" SrcFileId="47" StartOffset="1186"/>
<Loc EndOffset="1384" SrcFileId="47" StartOffset="1320"/>
<Loc EndOffset="1424" SrcFileId="47" StartOffset="1393"/>
<Loc EndOffset="1532" SrcFileId="47" StartOffset="1502"/>
<Loc EndOffset="1566" SrcFileId="47" StartOffset="1550"/>
</LocList>
<BasicStmnt CovItemId="S3" CovItemPrefix="cabra.HomePanel.java" Intrnl_Id="5478">
<LocList>
<Loc EndOffset="1060" SrcFileId="47" StartOffset="1045"/>
</LocList>
</BasicStmnt>
<BasicStmnt CovItemId="S4" CovItemPrefix="cabra.HomePanel.java" Intrnl_Id="5479">
<LocList>
<Loc EndOffset="1098" SrcFileId="47" StartOffset="1069"/>
</LocList>
</BasicStmnt>
<BasicStmnt CovItemId="S5" CovItemPrefix="cabra.HomePanel.java" Intrnl_Id="5480">
<LocList>
<Loc EndOffset="1136" SrcFileId="47" StartOffset="1107"/>
</LocList>
</BasicStmnt>
<BasicStmnt CovItemId="S6" CovItemPrefix="cabra.HomePanel.java" Intrnl_Id="5481">
<LocList>
<Loc EndOffset="1168" SrcFileId="47" StartOffset="1145"/>
</LocList>
</BasicStmnt>
<BasicStmnt CovItemId="S7" CovItemPrefix="cabra.HomePanel.java" Intrnl_Id="5482">
<LocList>
<Loc EndOffset="1215" SrcFileId="47" StartOffset="1186"/>
</LocList>
</BasicStmnt>
<BasicStmnt CovItemId="S8" CovItemPrefix="cabra.HomePanel.java" Intrnl_Id="5483">
<LocList>
<Loc EndOffset="1384" SrcFileId="47" StartOffset="1320"/>
</LocList>
</BasicStmnt>
<BasicStmnt CovItemId="S9" CovItemPrefix="cabra.HomePanel.java" Intrnl_Id="5484">
<LocList>
<Loc EndOffset="1424" SrcFileId="47" StartOffset="1393"/>
</LocList>
</BasicStmnt>
<BasicStmnt CovItemId="S10" CovItemPrefix="cabra.HomePanel.java" Intrnl_Id="5485">
<LocList>
<Loc EndOffset="1532" SrcFileId="47" StartOffset="1502"/>
</LocList>
</BasicStmnt>
<BasicStmnt CovItemId="S11" CovItemPrefix="cabra.HomePanel.java" Intrnl_Id="5486">
<LocList>
<Loc EndOffset="1566" SrcFileId="47" StartOffset="1550"/>
</LocList>
</BasicStmnt>
</StmntSeq>
</HierarchyLvl>
<HierarchyLvl HierarchyLvlId="1649" HierarchyLvlTypeId="67" Intrnl_Id="5487" Name="initializeCardCreatorDialog">
<Header>
<Loc EndOffset="1624" SrcFileId="47" StartOffset="1582"/>
</Header>
<LocList>
<Loc EndOffset="2050" SrcFileId="47" StartOffset="1582"/>
</LocList>
<StmntSeq Intrnl_Id="5488">
<LocList>
<Loc EndOffset="2034" SrcFileId="47" StartOffset="1713"/>
</LocList>
<BasicStmnt CovItemId="S12" CovItemPrefix="cabra.HomePanel.java" Intrnl_Id="5489">
<LocList>
<Loc EndOffset="2034" SrcFileId="47" StartOffset="1713"/>
</LocList>
</BasicStmnt>
</StmntSeq>
</HierarchyLvl>
<HierarchyLvl HierarchyLvlId="1652" HierarchyLvlTypeId="67" Intrnl_Id="5490" Name="createStudyDialog">
<Header>
<Loc EndOffset="2095" SrcFileId="47" StartOffset="2060"/>
</Header>
<LocList>
<Loc EndOffset="3198" SrcFileId="47" StartOffset="2060"/>
</LocList>
<StmntSeq Intrnl_Id="5491">
<LocList>
<Loc EndOffset="2163" SrcFileId="47" StartOffset="2105"/>
<Loc EndOffset="2449" SrcFileId="47" StartOffset="2172"/>
<Loc EndOffset="2533" SrcFileId="47" StartOffset="2467"/>
<Loc EndOffset="2572" SrcFileId="47" StartOffset="2542"/>
<Loc EndOffset="3138" SrcFileId="47" StartOffset="3136"/>
<Loc EndOffset="3192" SrcFileId="47" StartOffset="3173"/>
</LocList>
<BasicStmnt CovItemId="S13" CovItemPrefix="cabra.HomePanel.java" Intrnl_Id="5492">
<LocList>
<Loc EndOffset="2163" SrcFileId="47" StartOffset="2105"/>
</LocList>
</BasicStmnt>
<BasicStmnt CovItemId="S14" CovItemPrefix="cabra.HomePanel.java" Intrnl_Id="5493">
<LocList>
<Loc EndOffset="2449" SrcFileId="47" StartOffset="2172"/>
</LocList>
</BasicStmnt>
<BasicStmnt CovItemId="S15" CovItemPrefix="cabra.HomePanel.java" Intrnl_Id="5494">
<LocList>
<Loc EndOffset="2533" SrcFileId="47" StartOffset="2467"/>
</LocList>
</BasicStmnt>
<BasicStmnt CovItemId="S16" CovItemPrefix="cabra.HomePanel.java" Intrnl_Id="5495">
<LocList>
<Loc EndOffset="2572" SrcFileId="47" StartOffset="2542"/>
<Loc EndOffset="3138" SrcFileId="47" StartOffset="3136"/>
</LocList>
</BasicStmnt>
<BasicStmnt CovItemId="S19" CovItemPrefix="cabra.HomePanel.java" Intrnl_Id="5496">
<LocList>
<Loc EndOffset="3192" SrcFileId="47" StartOffset="3173"/>
</LocList>
</BasicStmnt>
</StmntSeq>
<HierarchyLvl HierarchyLvlId="1651" HierarchyLvlTypeId="69" Intrnl_Id="5497" Name="WindowAdapter">
<Header>
<Loc EndOffset="2591" SrcFileId="47" StartOffset="2576"/>
</Header>
<LocList>
<Loc EndOffset="3136" SrcFileId="47" StartOffset="2572"/>
</LocList>
<HierarchyLvl HierarchyLvlId="1650" HierarchyLvlTypeId="67" Intrnl_Id="5498" Name="windowClosing">
<Header>
<Loc EndOffset="2667" SrcFileId="47" StartOffset="2605"/>
</Header>
<LocList>
<Loc EndOffset="3126" SrcFileId="47" StartOffset="2605"/>
</LocList>
<StmntSeq Intrnl_Id="5499">
<LocList>
<Loc EndOffset="3112" SrcFileId="47" StartOffset="2835"/>
</LocList>
<CondStmnt CovItemId="S17" CovItemPrefix="cabra.HomePanel.java" Intrnl_Id="5500">
<Branch CovItemId="B1" CovItemPrefix="cabra.HomePanel.java" Implct="false" Intrnl_Id="5501">
<Cond/>
<LocList>
<Loc EndOffset="3009" SrcFileId="47" StartOffset="2865"/>
</LocList>
<StmntSeq Intrnl_Id="5502">
<LocList>
<Loc EndOffset="2949" SrcFileId="47" StartOffset="2919"/>
</LocList>
<BasicStmnt CovItemId="S18" CovItemPrefix="cabra.HomePanel.java" Intrnl_Id="5503">
<LocList>
<Loc EndOffset="2949" SrcFileId="47" StartOffset="2919"/>
</LocList>
</BasicStmnt>
</StmntSeq>
</Branch>
<Branch CovItemId="B2" CovItemPrefix="cabra.HomePanel.java" Implct="false" Intrnl_Id="5504">
<Cond>
<Loc EndOffset="3030" SrcFileId="47" StartOffset="3026"/>
</Cond>
<LocList>
<Loc EndOffset="3112" SrcFileId="47" StartOffset="3030"/>
</LocList>
<StmntSeq Intrnl_Id="5505">
<LocList/>
</StmntSeq>
</Branch>
<Keyword EndOffset="2837" SrcFileId="47" StartOffset="2835"/>
<LocList>
<Loc EndOffset="3112" SrcFileId="47" StartOffset="2835"/>
</LocList>
<RootTerm CovItemId="C1" CovItemPrefix="cabra.HomePanel.java" Intrnl_Id="5506">
<BasicBoolTerm Intrnl_Id="5507">
<LocList>
<Loc EndOffset="2864" SrcFileId="47" StartOffset="2838"/>
</LocList>
</BasicBoolTerm>
</RootTerm>
</CondStmnt>
</StmntSeq>
</HierarchyLvl>
</HierarchyLvl>
</HierarchyLvl>
<HierarchyLvl HierarchyLvlId="1659" HierarchyLvlTypeId="67" Intrnl_Id="5508" Name="assemblePanel">
<Header>
<Loc EndOffset="3236" SrcFileId="47" StartOffset="3208"/>
</Header>
<LocList>
<Loc EndOffset="5764" SrcFileId="47" StartOffset="3208"/>
</LocList>
<StmntSeq Intrnl_Id="5509">
<LocList>
<Loc EndOffset="3375" SrcFileId="47" StartOffset="3295"/>
<Loc EndOffset="3410" SrcFileId="47" StartOffset="3384"/>
<Loc EndOffset="3548" SrcFileId="47" StartOffset="3546"/>
<Loc EndOffset="3685" SrcFileId="47" StartOffset="3613"/>
<Loc EndOffset="3756" SrcFileId="47" StartOffset="3694"/>
<Loc EndOffset="3793" SrcFileId="47" StartOffset="3765"/>
<Loc EndOffset="4211" SrcFileId="47" StartOffset="4209"/>
<Loc EndOffset="4304" SrcFileId="47" StartOffset="4238"/>
<Loc EndOffset="4373" SrcFileId="47" StartOffset="4313"/>
<Loc EndOffset="4406" SrcFileId="47" StartOffset="4382"/>
<Loc EndOffset="4821" SrcFileId="47" StartOffset="4819"/>
<Loc EndOffset="4890" SrcFileId="47" StartOffset="4864"/>
<Loc EndOffset="4960" SrcFileId="47" StartOffset="4903"/>
<Loc EndOffset="4996" SrcFileId="47" StartOffset="4969"/>
<Loc EndOffset="5067" SrcFileId="47" StartOffset="5009"/>
<Loc EndOffset="5131" SrcFileId="47" StartOffset="5076"/>
<Loc EndOffset="5234" SrcFileId="47" StartOffset="5169"/>
<Loc EndOffset="5270" SrcFileId="47" StartOffset="5243"/>
<Loc EndOffset="5313" SrcFileId="47" StartOffset="5287"/>
<Loc EndOffset="5414" SrcFileId="47" StartOffset="5381"/>
<Loc EndOffset="5506" SrcFileId="47" StartOffset="5459"/>
<Loc EndOffset="5563" SrcFileId="47" StartOffset="5515"/>
<Loc EndOffset="5591" SrcFileId="47" StartOffset="5572"/>
<Loc EndOffset="5617" SrcFileId="47" StartOffset="5600"/>
<Loc EndOffset="5655" SrcFileId="47" StartOffset="5634"/>
<Loc EndOffset="5718" SrcFileId="47" StartOffset="5703"/>
<Loc EndOffset="5738" SrcFileId="47" StartOffset="5727"/>
<Loc EndOffset="5758" SrcFileId="47" StartOffset="5747"/>
</LocList>
<BasicStmnt CovItemId="S20" CovItemPrefix="cabra.HomePanel.java" Intrnl_Id="5510">
<LocList>
<Loc EndOffset="3375" SrcFileId="47" StartOffset="3295"/>
</LocList>
</BasicStmnt>
<BasicStmnt CovItemId="S21" CovItemPrefix="cabra.HomePanel.java" Intrnl_Id="5511">
<LocList>
<Loc EndOffset="3410" SrcFileId="47" StartOffset="3384"/>
<Loc EndOffset="3548" SrcFileId="47" StartOffset="3546"/>
</LocList>
</BasicStmnt>
<BasicStmnt CovItemId="S23" CovItemPrefix="cabra.HomePanel.java" Intrnl_Id="5512">
<LocList>
<Loc EndOffset="3685" SrcFileId="47" StartOffset="3613"/>
</LocList>
</BasicStmnt>
<BasicStmnt CovItemId="S24" CovItemPrefix="cabra.HomePanel.java" Intrnl_Id="5513">
<LocList>
<Loc EndOffset="3756" SrcFileId="47" StartOffset="3694"/>
</LocList>
</BasicStmnt>
<BasicStmnt CovItemId="S25" CovItemPrefix="cabra.HomePanel.java" Intrnl_Id="5514">
<LocList>
<Loc EndOffset="3793" SrcFileId="47" StartOffset="3765"/>
<Loc EndOffset="4211" SrcFileId="47" StartOffset="4209"/>
</LocList>
</BasicStmnt>
<BasicStmnt CovItemId="S29" CovItemPrefix="cabra.HomePanel.java" Intrnl_Id="5515">
<LocList>
<Loc EndOffset="4304" SrcFileId="47" StartOffset="4238"/>
</LocList>
</BasicStmnt>
<BasicStmnt CovItemId="S30" CovItemPrefix="cabra.HomePanel.java" Intrnl_Id="5516">
<LocList>
<Loc EndOffset="4373" SrcFileId="47" StartOffset="4313"/>
</LocList>
</BasicStmnt>
<BasicStmnt CovItemId="S31" CovItemPrefix="cabra.HomePanel.java" Intrnl_Id="5517">
<LocList>
<Loc EndOffset="4406" SrcFileId="47" StartOffset="4382"/>
<Loc EndOffset="4821" SrcFileId="47" StartOffset="4819"/>
</LocList>
</BasicStmnt>
<BasicStmnt CovItemId="S36" CovItemPrefix="cabra.HomePanel.java" Intrnl_Id="5518">
<LocList>
<Loc EndOffset="4890" SrcFileId="47" StartOffset="4864"/>
</LocList>
</BasicStmnt>
<BasicStmnt CovItemId="S37" CovItemPrefix="cabra.HomePanel.java" Intrnl_Id="5519">
<LocList>
<Loc EndOffset="4960" SrcFileId="47" StartOffset="4903"/>
</LocList>
</BasicStmnt>
<BasicStmnt CovItemId="S38" CovItemPrefix="cabra.HomePanel.java" Intrnl_Id="5520">
<LocList>
<Loc EndOffset="4996" SrcFileId="47" StartOffset="4969"/>
</LocList>
</BasicStmnt>
<BasicStmnt CovItemId="S39" CovItemPrefix="cabra.HomePanel.java" Intrnl_Id="5521">
<LocList>
<Loc EndOffset="5067" SrcFileId="47" StartOffset="5009"/>
</LocList>
</BasicStmnt>
<BasicStmnt CovItemId="S40" CovItemPrefix="cabra.HomePanel.java" Intrnl_Id="5522">
<LocList>
<Loc EndOffset="5131" SrcFileId="47" StartOffset="5076"/>
</LocList>
</BasicStmnt>
<BasicStmnt CovItemId="S41" CovItemPrefix="cabra.HomePanel.java" Intrnl_Id="5523">
<LocList>
<Loc EndOffset="5234" SrcFileId="47" StartOffset="5169"/>
</LocList>
</BasicStmnt>
<BasicStmnt CovItemId="S42" CovItemPrefix="cabra.HomePanel.java" Intrnl_Id="5524">
<LocList>
<Loc EndOffset="5270" SrcFileId="47" StartOffset="5243"/>
</LocList>
</BasicStmnt>
<BasicStmnt CovItemId="S43" CovItemPrefix="cabra.HomePanel.java" Intrnl_Id="5525">
<LocList>
<Loc EndOffset="5313" SrcFileId="47" StartOffset="5287"/>
</LocList>
</BasicStmnt>
<BasicStmnt CovItemId="S44" CovItemPrefix="cabra.HomePanel.java" Intrnl_Id="5526">
<LocList>
<Loc EndOffset="5414" SrcFileId="47" StartOffset="5381"/>
</LocList>
</BasicStmnt>
<BasicStmnt CovItemId="S45" CovItemPrefix="cabra.HomePanel.java" Intrnl_Id="5527">
<LocList>
<Loc EndOffset="5506" SrcFileId="47" StartOffset="5459"/>
</LocList>
</BasicStmnt>
<BasicStmnt CovItemId="S46" CovItemPrefix="cabra.HomePanel.java" Intrnl_Id="5528">
<LocList>
<Loc EndOffset="5563" SrcFileId="47" StartOffset="5515"/>
</LocList>
</BasicStmnt>
<BasicStmnt CovItemId="S47" CovItemPrefix="cabra.HomePanel.java" Intrnl_Id="5529">
<LocList>
<Loc EndOffset="5591" SrcFileId="47" StartOffset="5572"/>
</LocList>
</BasicStmnt>
<BasicStmnt CovItemId="S48" CovItemPrefix="cabra.HomePanel.java" Intrnl_Id="5530">
<LocList>
<Loc EndOffset="5617" SrcFileId="47" StartOffset="5600"/>
</LocList>
</BasicStmnt>
<BasicStmnt CovItemId="S49" CovItemPrefix="cabra.HomePanel.java" Intrnl_Id="5531">
<LocList>
<Loc EndOffset="5655" SrcFileId="47" StartOffset="5634"/>
</LocList>
</BasicStmnt>
<BasicStmnt CovItemId="S50" CovItemPrefix="cabra.HomePanel.java" Intrnl_Id="5532">
<LocList>
<Loc EndOffset="5718" SrcFileId="47" StartOffset="5703"/>
</LocList>
</BasicStmnt>
<BasicStmnt CovItemId="S51" CovItemPrefix="cabra.HomePanel.java" Intrnl_Id="5533">
<LocList>
<Loc EndOffset="5738" SrcFileId="47" StartOffset="5727"/>
</LocList>
</BasicStmnt>
<BasicStmnt CovItemId="S52" CovItemPrefix="cabra.HomePanel.java" Intrnl_Id="5534">
<LocList>
<Loc EndOffset="5758" SrcFileId="47" StartOffset="5747"/>
</LocList>
</BasicStmnt>
</StmntSeq>
<HierarchyLvl HierarchyLvlId="1654" HierarchyLvlTypeId="69" Intrnl_Id="5535" Name="ActionListener">
<Header>
<Loc EndOffset="3430" SrcFileId="47" StartOffset="3414"/>
</Header>
<LocList>
<Loc EndOffset="3546" SrcFileId="47" StartOffset="3410"/>
</LocList>
<HierarchyLvl HierarchyLvlId="1653" HierarchyLvlTypeId="67" Intrnl_Id="5536" Name="actionPerformed">
<Header>
<Loc EndOffset="3486" SrcFileId="47" StartOffset="3444"/>
</Header>
<LocList>
<Loc EndOffset="3536" SrcFileId="47" StartOffset="3444"/>
</LocList>
<StmntSeq Intrnl_Id="5537">
<LocList>
<Loc EndOffset="3522" SrcFileId="47" StartOffset="3504"/>
</LocList>
<BasicStmnt CovItemId="S22" CovItemPrefix="cabra.HomePanel.java" Intrnl_Id="5538">
<LocList>
<Loc EndOffset="3522" SrcFileId="47" StartOffset="3504"/>
</LocList>
</BasicStmnt>
</StmntSeq>
</HierarchyLvl>
</HierarchyLvl>
<HierarchyLvl HierarchyLvlId="1656" HierarchyLvlTypeId="69" Intrnl_Id="5539" Name="ActionListener">
<Header>
<Loc EndOffset="3813" SrcFileId="47" StartOffset="3797"/>
</Header>
<LocList>
<Loc EndOffset="4209" SrcFileId="47" StartOffset="3793"/>
</LocList>
<HierarchyLvl HierarchyLvlId="1655" HierarchyLvlTypeId="67" Intrnl_Id="5540" Name="actionPerformed">
<Header>
<Loc EndOffset="3869" SrcFileId="47" StartOffset="3827"/>
</Header>
<LocList>
<Loc EndOffset="4199" SrcFileId="47" StartOffset="3827"/>
</LocList>
<StmntSeq Intrnl_Id="5541">
<LocList>
<Loc EndOffset="4185" SrcFileId="47" StartOffset="3887"/>
</LocList>
<CondStmnt CovItemId="S26" CovItemPrefix="cabra.HomePanel.java" Intrnl_Id="5542">
<Branch CovItemId="B3" CovItemPrefix="cabra.HomePanel.java" Implct="false" Intrnl_Id="5543">
<Cond/>
<LocList>
<Loc EndOffset="4185" SrcFileId="47" StartOffset="4057"/>
</LocList>
<StmntSeq Intrnl_Id="5544">
<LocList>
<Loc EndOffset="4125" SrcFileId="47" StartOffset="4079"/>
<Loc EndOffset="4167" SrcFileId="47" StartOffset="4146"/>
</LocList>
<BasicStmnt CovItemId="S27" CovItemPrefix="cabra.HomePanel.java" Intrnl_Id="5545">
<LocList>
<Loc EndOffset="4125" SrcFileId="47" StartOffset="4079"/>
</LocList>
</BasicStmnt>
<BasicStmnt CovItemId="S28" CovItemPrefix="cabra.HomePanel.java" Intrnl_Id="5546">
<LocList>
<Loc EndOffset="4167" SrcFileId="47" StartOffset="4146"/>
</LocList>
</BasicStmnt>
</StmntSeq>
</Branch>
<Branch CovItemId="B4" CovItemPrefix="cabra.HomePanel.java" Implct="true" Intrnl_Id="5547">
<Cond/>
<LocList/>
<StmntSeq Intrnl_Id="5548">
<LocList/>
</StmntSeq>
</Branch>
<Keyword EndOffset="3889" SrcFileId="47" StartOffset="3887"/>
<LocList>
<Loc EndOffset="4185" SrcFileId="47" StartOffset="3887"/>
</LocList>
<RootTerm CovItemId="C2" CovItemPrefix="cabra.HomePanel.java" Intrnl_Id="5549">
<BasicBoolTerm Intrnl_Id="5550">
<LocList>
<Loc EndOffset="4056" SrcFileId="47" StartOffset="3890"/>
</LocList>
</BasicBoolTerm>
</RootTerm>
</CondStmnt>
</StmntSeq>
</HierarchyLvl>
</HierarchyLvl>
<HierarchyLvl HierarchyLvlId="1658" HierarchyLvlTypeId="69" Intrnl_Id="5551" Name="ActionListener">
<Header>
<Loc EndOffset="4426" SrcFileId="47" StartOffset="4410"/>
</Header>
<LocList>
<Loc EndOffset="4819" SrcFileId="47" StartOffset="4406"/>
</LocList>
<HierarchyLvl HierarchyLvlId="1657" HierarchyLvlTypeId="67" Intrnl_Id="5552" Name="actionPerformed">
<Header>
<Loc EndOffset="4481" SrcFileId="47" StartOffset="4439"/>
</Header>
<LocList>
<Loc EndOffset="4809" SrcFileId="47" StartOffset="4439"/>
</LocList>
<StmntSeq Intrnl_Id="5553">
<LocList>
<Loc EndOffset="4539" SrcFileId="47" StartOffset="4499"/>
<Loc EndOffset="4649" SrcFileId="47" StartOffset="4607"/>
<Loc EndOffset="4736" SrcFileId="47" StartOffset="4717"/>
<Loc EndOffset="4796" SrcFileId="47" StartOffset="4767"/>
</LocList>
<BasicStmnt CovItemId="S32" CovItemPrefix="cabra.HomePanel.java" Intrnl_Id="5554">
<LocList>
<Loc EndOffset="4539" SrcFileId="47" StartOffset="4499"/>
</LocList>
</BasicStmnt>
<BasicStmnt CovItemId="S33" CovItemPrefix="cabra.HomePanel.java" Intrnl_Id="5555">
<LocList>
<Loc EndOffset="4649" SrcFileId="47" StartOffset="4607"/>
</LocList>
</BasicStmnt>
<BasicStmnt CovItemId="S34" CovItemPrefix="cabra.HomePanel.java" Intrnl_Id="5556">
<LocList>
<Loc EndOffset="4736" SrcFileId="47" StartOffset="4717"/>
</LocList>
</BasicStmnt>
<BasicStmnt CovItemId="S35" CovItemPrefix="cabra.HomePanel.java" Intrnl_Id="5557">
<LocList>
<Loc EndOffset="4796" SrcFileId="47" StartOffset="4767"/>
</LocList>
</BasicStmnt>
</StmntSeq>
</HierarchyLvl>
</HierarchyLvl>
</HierarchyLvl>
<HierarchyLvl HierarchyLvlId="1660" HierarchyLvlTypeId="67" Intrnl_Id="5558" Name="createBarGraphs">
<Header>
<Loc EndOffset="5806" SrcFileId="47" StartOffset="5774"/>
</Header>
<LocList>
<Loc EndOffset="7279" SrcFileId="47" StartOffset="5774"/>
</LocList>
<StmntSeq Intrnl_Id="5559">
<LocList>
<Loc EndOffset="5864" SrcFileId="47" StartOffset="5816"/>
<Loc EndOffset="6003" SrcFileId="47" StartOffset="5945"/>
<Loc EndOffset="6166" SrcFileId="47" StartOffset="6125"/>
<Loc EndOffset="6550" SrcFileId="47" StartOffset="6184"/>
<Loc EndOffset="6708" SrcFileId="47" StartOffset="6642"/>
<Loc EndOffset="6766" SrcFileId="47" StartOffset="6744"/>
<Loc EndOffset="6916" SrcFileId="47" StartOffset="6775"/>
<Loc EndOffset="6974" SrcFileId="47" StartOffset="6952"/>
<Loc EndOffset="7229" SrcFileId="47" StartOffset="6983"/>
<Loc EndOffset="7273" SrcFileId="47" StartOffset="7259"/>
</LocList>
<BasicStmnt CovItemId="S53" CovItemPrefix="cabra.HomePanel.java" Intrnl_Id="5560">
<LocList>
<Loc EndOffset="5864" SrcFileId="47" StartOffset="5816"/>
</LocList>
</BasicStmnt>
<BasicStmnt CovItemId="S54" CovItemPrefix="cabra.HomePanel.java" Intrnl_Id="5561">
<LocList>
<Loc EndOffset="6003" SrcFileId="47" StartOffset="5945"/>
</LocList>
</BasicStmnt>
<BasicStmnt CovItemId="S55" CovItemPrefix="cabra.HomePanel.java" Intrnl_Id="5562">
<LocList>
<Loc EndOffset="6166" SrcFileId="47" StartOffset="6125"/>
</LocList>
</BasicStmnt>
<BasicStmnt CovItemId="S56" CovItemPrefix="cabra.HomePanel.java" Intrnl_Id="5563">
<LocList>
<Loc EndOffset="6550" SrcFileId="47" StartOffset="6184"/>
</LocList>
</BasicStmnt>
<BasicStmnt CovItemId="S57" CovItemPrefix="cabra.HomePanel.java" Intrnl_Id="5564">
<LocList>
<Loc EndOffset="6708" SrcFileId="47" StartOffset="6642"/>
</LocList>
</BasicStmnt>
<BasicStmnt CovItemId="S58" CovItemPrefix="cabra.HomePanel.java" Intrnl_Id="5565">
<LocList>
<Loc EndOffset="6766" SrcFileId="47" StartOffset="6744"/>
</LocList>
</BasicStmnt>
<LoopStmnt CovItemId="S59" CovItemPrefix="cabra.HomePanel.java" Intrnl_Id="5566" MltplExecId="L1-2" MltplExecPrefix="cabra.HomePanel.java" NvrExecId="L1-0" NvrExecPrefix="cabra.HomePanel.java" OnceExecutedId="L1-1" OnceExecutedPrefix="cabra.HomePanel.java" OptBodyExec="true">
<StmntSeq Intrnl_Id="5567">
<LocList>
<Loc EndOffset="6844" SrcFileId="47" StartOffset="6822"/>
<Loc EndOffset="6894" SrcFileId="47" StartOffset="6857"/>
</LocList>
<BasicStmnt CovItemId="S60" CovItemPrefix="cabra.HomePanel.java" Intrnl_Id="5568">
<LocList>
<Loc EndOffset="6844" SrcFileId="47" StartOffset="6822"/>
</LocList>
</BasicStmnt>
<BasicStmnt CovItemId="S61" CovItemPrefix="cabra.HomePanel.java" Intrnl_Id="5569">
<LocList>
<Loc EndOffset="6894" SrcFileId="47" StartOffset="6857"/>
</LocList>
</BasicStmnt>
</StmntSeq>
<Keyword EndOffset="6778" SrcFileId="47" StartOffset="6775"/>
<LocList>
<Loc EndOffset="6916" SrcFileId="47" StartOffset="6775"/>
</LocList>
<RootTerm CovItemId="C3" CovItemPrefix="cabra.HomePanel.java" Intrnl_Id="5570">
<BasicBoolTerm Intrnl_Id="5571">
<LocList>
<Loc EndOffset="6803" SrcFileId="47" StartOffset="6787"/>
</LocList>
</BasicBoolTerm>
</RootTerm>
</LoopStmnt>
<BasicStmnt CovItemId="S62" CovItemPrefix="cabra.HomePanel.java" Intrnl_Id="5572">
<LocList>
<Loc EndOffset="6974" SrcFileId="47" StartOffset="6952"/>
</LocList>
</BasicStmnt>
<LoopStmnt CovItemId="S63" CovItemPrefix="cabra.HomePanel.java" Intrnl_Id="5573" MltplExecId="L2-2" MltplExecPrefix="cabra.HomePanel.java" NvrExecId="L2-0" NvrExecPrefix="cabra.HomePanel.java" OnceExecutedId="L2-1" OnceExecutedPrefix="cabra.HomePanel.java" OptBodyExec="true">
<StmntSeq Intrnl_Id="5574">
<LocList>
<Loc EndOffset="7068" SrcFileId="47" StartOffset="7030"/>
<Loc EndOffset="7130" SrcFileId="47" StartOffset="7081"/>
<Loc EndOffset="7165" SrcFileId="47" StartOffset="7143"/>
<Loc EndOffset="7208" SrcFileId="47" StartOffset="7178"/>
</LocList>
<BasicStmnt CovItemId="S64" CovItemPrefix="cabra.HomePanel.java" Intrnl_Id="5575">
<LocList>
<Loc EndOffset="7068" SrcFileId="47" StartOffset="7030"/>
</LocList>
</BasicStmnt>
<BasicStmnt CovItemId="S65" CovItemPrefix="cabra.HomePanel.java" Intrnl_Id="5576">
<LocList>
<Loc EndOffset="7130" SrcFileId="47" StartOffset="7081"/>
</LocList>
</BasicStmnt>
<BasicStmnt CovItemId="S66" CovItemPrefix="cabra.HomePanel.java" Intrnl_Id="5577">
<LocList>
<Loc EndOffset="7165" SrcFileId="47" StartOffset="7143"/>
</LocList>
</BasicStmnt>
<BasicStmnt CovItemId="S67" CovItemPrefix="cabra.HomePanel.java" Intrnl_Id="5578">
<LocList>
<Loc EndOffset="7208" SrcFileId="47" StartOffset="7178"/>
</LocList>
</BasicStmnt>
</StmntSeq>
<Keyword EndOffset="6986" SrcFileId="47" StartOffset="6983"/>
<LocList>
<Loc EndOffset="7229" SrcFileId="47" StartOffset="6983"/>
</LocList>
<RootTerm CovItemId="C4" CovItemPrefix="cabra.HomePanel.java" Intrnl_Id="5579">
<BasicBoolTerm Intrnl_Id="5580">
<LocList>
<Loc EndOffset="7011" SrcFileId="47" StartOffset="6995"/>
</LocList>
</BasicBoolTerm>
</RootTerm>
</LoopStmnt>
<BasicStmnt CovItemId="S68" CovItemPrefix="cabra.HomePanel.java" Intrnl_Id="5581">
<LocList>
<Loc EndOffset="7273" SrcFileId="47" StartOffset="7259"/>
</LocList>
</BasicStmnt>
</StmntSeq>
</HierarchyLvl>
<HierarchyLvl HierarchyLvlId="1661" HierarchyLvlTypeId="67" Intrnl_Id="5582" Name="showCardCreator">
<Header>
<Loc EndOffset="7323" SrcFileId="47" StartOffset="7294"/>
</Header>
<LocList>
<Loc EndOffset="7958" SrcFileId="47" StartOffset="7294"/>
</LocList>
<StmntSeq Intrnl_Id="5583">
<LocList>
<Loc EndOffset="7544" SrcFileId="47" StartOffset="7514"/>
<Loc EndOffset="7588" SrcFileId="47" StartOffset="7553"/>
</LocList>
<BasicStmnt CovItemId="S69" CovItemPrefix="cabra.HomePanel.java" Intrnl_Id="5584">
<LocList>
<Loc EndOffset="7544" SrcFileId="47" StartOffset="7514"/>
</LocList>
</BasicStmnt>
<BasicStmnt CovItemId="S70" CovItemPrefix="cabra.HomePanel.java" Intrnl_Id="5585">
<LocList>
<Loc EndOffset="7588" SrcFileId="47" StartOffset="7553"/>
</LocList>
</BasicStmnt>
</StmntSeq>
</HierarchyLvl>
<HierarchyLvl HierarchyLvlId="1662" HierarchyLvlTypeId="67" Intrnl_Id="5586" Name="refresh">
<Header>
<Loc EndOffset="7989" SrcFileId="47" StartOffset="7968"/>
</Header>
<LocList>
<Loc EndOffset="8990" SrcFileId="47" StartOffset="7968"/>
</LocList>
<StmntSeq Intrnl_Id="5587">
<LocList>
<Loc EndOffset="8026" SrcFileId="47" StartOffset="7999"/>
<Loc EndOffset="8098" SrcFileId="47" StartOffset="8044"/>
<Loc EndOffset="8147" SrcFileId="47" StartOffset="8107"/>
<Loc EndOffset="8199" SrcFileId="47" StartOffset="8156"/>
<Loc EndOffset="8242" SrcFileId="47" StartOffset="8217"/>
<Loc EndOffset="8372" SrcFileId="47" StartOffset="8285"/>
<Loc EndOffset="8447" SrcFileId="47" StartOffset="8382"/>
<Loc EndOffset="8556" SrcFileId="47" StartOffset="8456"/>
<Loc EndOffset="8692" SrcFileId="47" StartOffset="8590"/>
<Loc EndOffset="8846" SrcFileId="47" StartOffset="8810"/>
<Loc EndOffset="8887" SrcFileId="47" StartOffset="8855"/>
</LocList>
<BasicStmnt CovItemId="S71" CovItemPrefix="cabra.HomePanel.java" Intrnl_Id="5588">
<LocList>
<Loc EndOffset="8026" SrcFileId="47" StartOffset="7999"/>
</LocList>
</BasicStmnt>
<BasicStmnt CovItemId="S72" CovItemPrefix="cabra.HomePanel.java" Intrnl_Id="5589">
<LocList>
<Loc EndOffset="8098" SrcFileId="47" StartOffset="8044"/>
</LocList>
</BasicStmnt>
<BasicStmnt CovItemId="S73" CovItemPrefix="cabra.HomePanel.java" Intrnl_Id="5590">
<LocList>
<Loc EndOffset="8147" SrcFileId="47" StartOffset="8107"/>
</LocList>
</BasicStmnt>
<BasicStmnt CovItemId="S74" CovItemPrefix="cabra.HomePanel.java" Intrnl_Id="5591">
<LocList>
<Loc EndOffset="8199" SrcFileId="47" StartOffset="8156"/>
</LocList>
</BasicStmnt>
<BasicStmnt CovItemId="S75" CovItemPrefix="cabra.HomePanel.java" Intrnl_Id="5592">
<LocList>
<Loc EndOffset="8242" SrcFileId="47" StartOffset="8217"/>
</LocList>
</BasicStmnt>
<BasicStmnt CovItemId="S76" CovItemPrefix="cabra.HomePanel.java" Intrnl_Id="5593">
<LocList>
<Loc EndOffset="8372" SrcFileId="47" StartOffset="8285"/>
</LocList>
</BasicStmnt>
<BasicStmnt CovItemId="S77" CovItemPrefix="cabra.HomePanel.java" Intrnl_Id="5594">
<LocList>
<Loc EndOffset="8447" SrcFileId="47" StartOffset="8382"/>
</LocList>
<QMO CovItemId="Q0" CovItemPrefix="cabra.HomePanel.java" Intrnl_Id="5595">
<LocList>
<Loc EndOffset="8425" SrcFileId="47" StartOffset="8396"/>
</LocList>
<QMO_E CovItemId="Q0-0" CovItemPrefix="cabra.HomePanel.java" Intrnl_Id="5596">
<LocList>
<Loc EndOffset="8435" SrcFileId="47" StartOffset="8428"/>
</LocList>
</QMO_E>
<QMO_E CovItemId="Q0-1" CovItemPrefix="cabra.HomePanel.java" Intrnl_Id="5597">
<LocList>
<Loc EndOffset="8446" SrcFileId="47" StartOffset="8438"/>
</LocList>
</QMO_E>
</QMO>
</BasicStmnt>
<BasicStmnt CovItemId="S78" CovItemPrefix="cabra.HomePanel.java" Intrnl_Id="5598">
<LocList>
<Loc EndOffset="8556" SrcFileId="47" StartOffset="8456"/>
</LocList>
</BasicStmnt>
<LoopStmnt CovItemId="S79" CovItemPrefix="cabra.HomePanel.java" Intrnl_Id="5599" MltplExecId="L3-2" MltplExecPrefix="cabra.HomePanel.java" NvrExecId="L3-0" NvrExecPrefix="cabra.HomePanel.java" OnceExecutedId="L3-1" OnceExecutedPrefix="cabra.HomePanel.java" OptBodyExec="true">
<StmntSeq Intrnl_Id="5600">
<LocList>
<Loc EndOffset="8682" SrcFileId="47" StartOffset="8639"/>
</LocList>
<BasicStmnt CovItemId="S80" CovItemPrefix="cabra.HomePanel.java" Intrnl_Id="5601">
<LocList>
<Loc EndOffset="8682" SrcFileId="47" StartOffset="8639"/>
</LocList>
</BasicStmnt>
</StmntSeq>
<Keyword EndOffset="8593" SrcFileId="47" StartOffset="8590"/>
<LocList>
<Loc EndOffset="8692" SrcFileId="47" StartOffset="8590"/>
</LocList>
<RootTerm CovItemId="C5" CovItemPrefix="cabra.HomePanel.java" Intrnl_Id="5602">
<BasicBoolTerm Intrnl_Id="5603">
<LocList>
<Loc EndOffset="8620" SrcFileId="47" StartOffset="8602"/>
</LocList>
</BasicBoolTerm>
</RootTerm>
</LoopStmnt>
<BasicStmnt CovItemId="S81" CovItemPrefix="cabra.HomePanel.java" Intrnl_Id="5604">
<LocList>
<Loc EndOffset="8846" SrcFileId="47" StartOffset="8810"/>
</LocList>
</BasicStmnt>
<BasicStmnt CovItemId="S82" CovItemPrefix="cabra.HomePanel.java" Intrnl_Id="5605">
<LocList>
<Loc EndOffset="8887" SrcFileId="47" StartOffset="8855"/>
</LocList>
</BasicStmnt>
</StmntSeq>
</HierarchyLvl>
<HierarchyLvl HierarchyLvlId="1671" HierarchyLvlTypeId="66" Intrnl_Id="5606" Name="GraphBar">
<Header>
<Loc EndOffset="9043" SrcFileId="47" StartOffset="9000"/>
</Header>
<LocList>
<Loc EndOffset="11781" SrcFileId="47" StartOffset="9000"/>
</LocList>
<HierarchyLvl HierarchyLvlId="1663" HierarchyLvlTypeId="67" Intrnl_Id="5607" Name="GraphBar">
<Header>
<Loc EndOffset="9571" SrcFileId="47" StartOffset="9541"/>
</Header>
<LocList>
<Loc EndOffset="9779" SrcFileId="47" StartOffset="9541"/>
</LocList>
<StmntSeq Intrnl_Id="5608">
<LocList>
<Loc EndOffset="9601" SrcFileId="47" StartOffset="9585"/>
<Loc EndOffset="9668" SrcFileId="47" StartOffset="9614"/>
<Loc EndOffset="9721" SrcFileId="47" StartOffset="9681"/>
<Loc EndOffset="9769" SrcFileId="47" StartOffset="9734"/>
</LocList>
<BasicStmnt CovItemId="S83" CovItemPrefix="cabra.HomePanel.java" Intrnl_Id="5609">
<LocList>
<Loc EndOffset="9601" SrcFileId="47" StartOffset="9585"/>
</LocList>
</BasicStmnt>
<BasicStmnt CovItemId="S84" CovItemPrefix="cabra.HomePanel.java" Intrnl_Id="5610">
<LocList>
<Loc EndOffset="9668" SrcFileId="47" StartOffset="9614"/>
</LocList>
</BasicStmnt>
<BasicStmnt CovItemId="S85" CovItemPrefix="cabra.HomePanel.java" Intrnl_Id="5611">
<LocList>
<Loc EndOffset="9721" SrcFileId="47" StartOffset="9681"/>
</LocList>
</BasicStmnt>
<BasicStmnt CovItemId="S86" CovItemPrefix="cabra.HomePanel.java" Intrnl_Id="5612">
<LocList>
<Loc EndOffset="9769" SrcFileId="47" StartOffset="9734"/>
</LocList>
</BasicStmnt>
</StmntSeq>
</HierarchyLvl>
<HierarchyLvl HierarchyLvlId="1664" HierarchyLvlTypeId="67" Intrnl_Id="5613" Name="getPercent">
<Header>
<Loc EndOffset="9823" SrcFileId="47" StartOffset="9797"/>
</Header>
<LocList>
<Loc EndOffset="9842" SrcFileId="47" StartOffset="9797"/>
</LocList>
<StmntSeq Intrnl_Id="5614">
<LocList>
<Loc EndOffset="9840" SrcFileId="47" StartOffset="9825"/>
</LocList>
<BasicStmnt CovItemId="S87" CovItemPrefix="cabra.HomePanel.java" Intrnl_Id="5615">
<LocList>
<Loc EndOffset="9840" SrcFileId="47" StartOffset="9825"/>
</LocList>
</BasicStmnt>
</StmntSeq>
</HierarchyLvl>
<HierarchyLvl HierarchyLvlId="1665" HierarchyLvlTypeId="67" Intrnl_Id="5616" Name="setPercent">
<Header>
<Loc EndOffset="9907" SrcFileId="47" StartOffset="9851"/>
</Header>
<LocList>
<Loc EndOffset="10260" SrcFileId="47" StartOffset="9851"/>
</LocList>
<StmntSeq Intrnl_Id="5617">
<LocList>
<Loc EndOffset="10222" SrcFileId="47" StartOffset="9921"/>
<Loc EndOffset="10250" SrcFileId="47" StartOffset="10235"/>
</LocList>
<CondStmnt CovItemId="S88" CovItemPrefix="cabra.HomePanel.java" Intrnl_Id="5618">
<Branch CovItemId="B5" CovItemPrefix="cabra.HomePanel.java" Implct="false" Intrnl_Id="5619">
<Cond/>
<LocList>
<Loc EndOffset="10088" SrcFileId="47" StartOffset="9940"/>
</LocList>
<StmntSeq Intrnl_Id="5620">
<LocList>
<Loc EndOffset="10044" SrcFileId="47" StartOffset="10032"/>
<Loc EndOffset="10074" SrcFileId="47" StartOffset="10061"/>
</LocList>
<BasicStmnt CovItemId="S89" CovItemPrefix="cabra.HomePanel.java" Intrnl_Id="5621">
<LocList>
<Loc EndOffset="10044" SrcFileId="47" StartOffset="10032"/>
</LocList>
</BasicStmnt>
<BasicStmnt CovItemId="S90" CovItemPrefix="cabra.HomePanel.java" Intrnl_Id="5622">
<LocList>
<Loc EndOffset="10074" SrcFileId="47" StartOffset="10061"/>
</LocList>
</BasicStmnt>
</StmntSeq>
</Branch>
<Branch CovItemId="B6" CovItemPrefix="cabra.HomePanel.java" Implct="false" Intrnl_Id="5623">
<Cond>
<Loc EndOffset="10105" SrcFileId="47" StartOffset="10101"/>
</Cond>
<LocList>
<Loc EndOffset="10222" SrcFileId="47" StartOffset="10105"/>
</LocList>
<StmntSeq Intrnl_Id="5624">
<LocList>
<Loc EndOffset="10167" SrcFileId="47" StartOffset="10123"/>
<Loc EndOffset="10208" SrcFileId="47" StartOffset="10184"/>
</LocList>
<BasicStmnt CovItemId="S91" CovItemPrefix="cabra.HomePanel.java" Intrnl_Id="5625">
<LocList>
<Loc EndOffset="10167" SrcFileId="47" StartOffset="10123"/>
</LocList>
</BasicStmnt>
<BasicStmnt CovItemId="S92" CovItemPrefix="cabra.HomePanel.java" Intrnl_Id="5626">
<LocList>
<Loc EndOffset="10208" SrcFileId="47" StartOffset="10184"/>
</LocList>
</BasicStmnt>
</StmntSeq>
</Branch>
<Keyword EndOffset="9923" SrcFileId="47" StartOffset="9921"/>
<LocList>
<Loc EndOffset="10222" SrcFileId="47" StartOffset="9921"/>
</LocList>
<RootTerm CovItemId="C6" CovItemPrefix="cabra.HomePanel.java" Intrnl_Id="5627">
<BasicBoolTerm Intrnl_Id="5628">
<LocList>
<Loc EndOffset="9939" SrcFileId="47" StartOffset="9924"/>
</LocList>
</BasicBoolTerm>
</RootTerm>
</CondStmnt>
<BasicStmnt CovItemId="S93" CovItemPrefix="cabra.HomePanel.java" Intrnl_Id="5629">
<LocList>
<Loc EndOffset="10250" SrcFileId="47" StartOffset="10235"/>
</LocList>
</BasicStmnt>
</StmntSeq>
</HierarchyLvl>
<HierarchyLvl HierarchyLvlId="1668" HierarchyLvlTypeId="67" Intrnl_Id="5630" Name="repaint">
<Header>
<Loc EndOffset="10325" SrcFileId="47" StartOffset="10286"/>
</Header>
<LocList>
<Loc EndOffset="10539" SrcFileId="47" StartOffset="10286"/>
</LocList>
<StmntSeq Intrnl_Id="5631">
<LocList>
<Loc EndOffset="10394" SrcFileId="47" StartOffset="10383"/>
<Loc EndOffset="10529" SrcFileId="47" StartOffset="10519"/>
</LocList>
<BasicStmnt CovItemId="S94" CovItemPrefix="cabra.HomePanel.java" Intrnl_Id="5632">
<LocList>
<Loc EndOffset="10394" SrcFileId="47" StartOffset="10383"/>
<Loc EndOffset="10529" SrcFileId="47" StartOffset="10519"/>
</LocList>
</BasicStmnt>
</StmntSeq>
<HierarchyLvl HierarchyLvlId="1667" HierarchyLvlTypeId="69" Intrnl_Id="5633" Name="Runnable">
<Header>
<Loc EndOffset="10408" SrcFileId="47" StartOffset="10398"/>
</Header>
<LocList>
<Loc EndOffset="10519" SrcFileId="47" StartOffset="10394"/>
</LocList>
<HierarchyLvl HierarchyLvlId="1666" HierarchyLvlTypeId="67" Intrnl_Id="5634" Name="run">
<Header>
<Loc EndOffset="10443" SrcFileId="47" StartOffset="10426"/>
</Header>
<LocList>
<Loc EndOffset="10505" SrcFileId="47" StartOffset="10426"/>
</LocList>
<StmntSeq Intrnl_Id="5635">
<LocList>
<Loc EndOffset="10483" SrcFileId="47" StartOffset="10469"/>
</LocList>
<BasicStmnt CovItemId="S95" CovItemPrefix="cabra.HomePanel.java" Intrnl_Id="5636">
<LocList>
<Loc EndOffset="10483" SrcFileId="47" StartOffset="10469"/>
</LocList>
</BasicStmnt>
</StmntSeq>
</HierarchyLvl>
</HierarchyLvl>
</HierarchyLvl>
<HierarchyLvl HierarchyLvlId="1669" HierarchyLvlTypeId="67" Intrnl_Id="5637" Name="paintGraphs">
<Header>
<Loc EndOffset="10582" SrcFileId="47" StartOffset="10557"/>
</Header>
<LocList>
<Loc EndOffset="10622" SrcFileId="47" StartOffset="10557"/>
</LocList>
<StmntSeq Intrnl_Id="5638">
<LocList>
<Loc EndOffset="10612" SrcFileId="47" StartOffset="10596"/>
</LocList>
<BasicStmnt CovItemId="S96" CovItemPrefix="cabra.HomePanel.java" Intrnl_Id="5639">
<LocList>
<Loc EndOffset="10612" SrcFileId="47" StartOffset="10596"/>
</LocList>
</BasicStmnt>
</StmntSeq>
</HierarchyLvl>
<HierarchyLvl HierarchyLvlId="1670" HierarchyLvlTypeId="67" Intrnl_Id="5640" Name="paintComponent">
<Header>
<Loc EndOffset="10747" SrcFileId="47" StartOffset="10640"/>
</Header>
<LocList>
<Loc EndOffset="11775" SrcFileId="47" StartOffset="10640"/>
</LocList>
<StmntSeq Intrnl_Id="5641">
<LocList>
<Loc EndOffset="10785" SrcFileId="47" StartOffset="10761"/>
<Loc EndOffset="10866" SrcFileId="47" StartOffset="10844"/>
<Loc EndOffset="11085" SrcFileId="47" StartOffset="11062"/>
<Loc EndOffset="11140" SrcFileId="47" StartOffset="11098"/>
<Loc EndOffset="11273" SrcFileId="47" StartOffset="11214"/>
<Loc EndOffset="11382" SrcFileId="47" StartOffset="11358"/>
<Loc EndOffset="11441" SrcFileId="47" StartOffset="11395"/>
<Loc EndOffset="11507" SrcFileId="47" StartOffset="11454"/>
<Loc EndOffset="11574" SrcFileId="47" StartOffset="11520"/>
<Loc EndOffset="11687" SrcFileId="47" StartOffset="11631"/>
<Loc EndOffset="11765" SrcFileId="47" StartOffset="11700"/>
</LocList>
<BasicStmnt CovItemId="S97" CovItemPrefix="cabra.HomePanel.java" Intrnl_Id="5642">
<LocList>
<Loc EndOffset="10785" SrcFileId="47" StartOffset="10761"/>
</LocList>
</BasicStmnt>
<BasicStmnt CovItemId="S98" CovItemPrefix="cabra.HomePanel.java" Intrnl_Id="5643">
<LocList>
<Loc EndOffset="10866" SrcFileId="47" StartOffset="10844"/>
</LocList>
</BasicStmnt>
<BasicStmnt CovItemId="S99" CovItemPrefix="cabra.HomePanel.java" Intrnl_Id="5644">
<LocList>
<Loc EndOffset="11085" SrcFileId="47" StartOffset="11062"/>
</LocList>
</BasicStmnt>
<BasicStmnt CovItemId="S100" CovItemPrefix="cabra.HomePanel.java" Intrnl_Id="5645">
<LocList>
<Loc EndOffset="11140" SrcFileId="47" StartOffset="11098"/>
</LocList>
</BasicStmnt>
<BasicStmnt CovItemId="S101" CovItemPrefix="cabra.HomePanel.java" Intrnl_Id="5646">
<LocList>
<Loc EndOffset="11273" SrcFileId="47" StartOffset="11214"/>
</LocList>
</BasicStmnt>
<BasicStmnt CovItemId="S102" CovItemPrefix="cabra.HomePanel.java" Intrnl_Id="5647">
<LocList>
<Loc EndOffset="11382" SrcFileId="47" StartOffset="11358"/>
</LocList>
</BasicStmnt>
<BasicStmnt CovItemId="S103" CovItemPrefix="cabra.HomePanel.java" Intrnl_Id="5648">
<LocList>
<Loc EndOffset="11441" SrcFileId="47" StartOffset="11395"/>
</LocList>
</BasicStmnt>
<BasicStmnt CovItemId="S104" CovItemPrefix="cabra.HomePanel.java" Intrnl_Id="5649">
<LocList>
<Loc EndOffset="11507" SrcFileId="47" StartOffset="11454"/>
</LocList>
<QMO CovItemId="Q1" CovItemPrefix="cabra.HomePanel.java" Intrnl_Id="5650">
<LocList>
<Loc EndOffset="11485" SrcFileId="47" StartOffset="11472"/>
</LocList>
<QMO_E CovItemId="Q1-0" CovItemPrefix="cabra.HomePanel.java" Intrnl_Id="5651">
<LocList>
<Loc EndOffset="11495" SrcFileId="47" StartOffset="11488"/>
</LocList>
</QMO_E>
<QMO_E CovItemId="Q1-1" CovItemPrefix="cabra.HomePanel.java" Intrnl_Id="5652">
<LocList>
<Loc EndOffset="11506" SrcFileId="47" StartOffset="11498"/>
</LocList>
</QMO_E>
</QMO>
</BasicStmnt>
<BasicStmnt CovItemId="S105" CovItemPrefix="cabra.HomePanel.java" Intrnl_Id="5653">
<LocList>
<Loc EndOffset="11574" SrcFileId="47" StartOffset="11520"/>
</LocList>
</BasicStmnt>
<BasicStmnt CovItemId="S106" CovItemPrefix="cabra.HomePanel.java" Intrnl_Id="5654">
<LocList>
<Loc EndOffset="11687" SrcFileId="47" StartOffset="11631"/>
</LocList>
</BasicStmnt>
<BasicStmnt CovItemId="S107" CovItemPrefix="cabra.HomePanel.java" Intrnl_Id="5655">
<LocList>
<Loc EndOffset="11765" SrcFileId="47" StartOffset="11700"/>
</LocList>
</BasicStmnt>
</StmntSeq>
</HierarchyLvl>
</HierarchyLvl>
<HierarchyLvl HierarchyLvlId="1672" HierarchyLvlTypeId="67" Intrnl_Id="5656" Name="wrapText">
<Header>
<Loc EndOffset="12008" SrcFileId="47" StartOffset="11965"/>
</Header>
<LocList>
<Loc EndOffset="13527" SrcFileId="47" StartOffset="11965"/>
</LocList>
<StmntSeq Intrnl_Id="5657">
<LocList>
<Loc EndOffset="12042" SrcFileId="47" StartOffset="12018"/>
<Loc EndOffset="12139" SrcFileId="47" StartOffset="12080"/>
<Loc EndOffset="12192" SrcFileId="47" StartOffset="12148"/>
<Loc EndOffset="13405" SrcFileId="47" StartOffset="12466"/>
<Loc EndOffset="13486" SrcFileId="47" StartOffset="13415"/>
<Loc EndOffset="13521" SrcFileId="47" StartOffset="13504"/>
</LocList>
<BasicStmnt CovItemId="S108" CovItemPrefix="cabra.HomePanel.java" Intrnl_Id="5658">
<LocList>
<Loc EndOffset="12042" SrcFileId="47" StartOffset="12018"/>
</LocList>
</BasicStmnt>
<BasicStmnt CovItemId="S109" CovItemPrefix="cabra.HomePanel.java" Intrnl_Id="5659">
<LocList>
<Loc EndOffset="12139" SrcFileId="47" StartOffset="12080"/>
</LocList>
</BasicStmnt>
<CondStmnt CovItemId="S110" CovItemPrefix="cabra.HomePanel.java" Intrnl_Id="5660">
<Branch CovItemId="B7" CovItemPrefix="cabra.HomePanel.java" Implct="false" Intrnl_Id="5661">
<Cond/>
<LocList>
<Loc EndOffset="12192" SrcFileId="47" StartOffset="12178"/>
</LocList>
<StmntSeq Intrnl_Id="5662">
<LocList>
<Loc EndOffset="12192" SrcFileId="47" StartOffset="12178"/>
</LocList>
<BasicStmnt CovItemId="S111" CovItemPrefix="cabra.HomePanel.java" Intrnl_Id="5663">
<LocList>
<Loc EndOffset="12192" SrcFileId="47" StartOffset="12178"/>
</LocList>
</BasicStmnt>
</StmntSeq>
</Branch>
<Branch CovItemId="B8" CovItemPrefix="cabra.HomePanel.java" Implct="true" Intrnl_Id="5664">
<Cond/>
<LocList/>
<StmntSeq Intrnl_Id="5665">
<LocList/>
</StmntSeq>
</Branch>
<Keyword EndOffset="12150" SrcFileId="47" StartOffset="12148"/>
<LocList>
<Loc EndOffset="12192" SrcFileId="47" StartOffset="12148"/>
</LocList>
<RootTerm CovItemId="C7" CovItemPrefix="cabra.HomePanel.java" Intrnl_Id="5666">
<BasicBoolTerm Intrnl_Id="5667">
<LocList>
<Loc EndOffset="12164" SrcFileId="47" StartOffset="12151"/>
</LocList>
</BasicBoolTerm>
</RootTerm>
</CondStmnt>
<CondStmnt CovItemId="S112" CovItemPrefix="cabra.HomePanel.java" Intrnl_Id="5668">
<Branch CovItemId="B9" CovItemPrefix="cabra.HomePanel.java" Implct="false" Intrnl_Id="5669">
<Cond/>
<LocList>
<Loc EndOffset="13405" SrcFileId="47" StartOffset="12484"/>
</LocList>
<StmntSeq Intrnl_Id="5670">
<LocList>
<Loc EndOffset="12513" SrcFileId="47" StartOffset="12498"/>
<Loc EndOffset="12543" SrcFileId="47" StartOffset="12526"/>
<Loc EndOffset="12675" SrcFileId="47" StartOffset="12642"/>
<Loc EndOffset="12703" SrcFileId="47" StartOffset="12689"/>
<Loc EndOffset="12736" SrcFileId="47" StartOffset="12716"/>
<Loc EndOffset="13395" SrcFileId="47" StartOffset="12762"/>
</LocList>
<BasicStmnt CovItemId="S113" CovItemPrefix="cabra.HomePanel.java" Intrnl_Id="5671">
<LocList>
<Loc EndOffset="12513" SrcFileId="47" StartOffset="12498"/>
</LocList>
</BasicStmnt>
<BasicStmnt CovItemId="S114" CovItemPrefix="cabra.HomePanel.java" Intrnl_Id="5672">
<LocList>
<Loc EndOffset="12543" SrcFileId="47" StartOffset="12526"/>
</LocList>
</BasicStmnt>
<BasicStmnt CovItemId="S115" CovItemPrefix="cabra.HomePanel.java" Intrnl_Id="5673">
<LocList>
<Loc EndOffset="12675" SrcFileId="47" StartOffset="12642"/>
</LocList>
</BasicStmnt>
<BasicStmnt CovItemId="S116" CovItemPrefix="cabra.HomePanel.java" Intrnl_Id="5674">
<LocList>
<Loc EndOffset="12703" SrcFileId="47" StartOffset="12689"/>
</LocList>
</BasicStmnt>
<BasicStmnt CovItemId="S117" CovItemPrefix="cabra.HomePanel.java" Intrnl_Id="5675">
<LocList>
<Loc EndOffset="12736" SrcFileId="47" StartOffset="12716"/>
</LocList>
</BasicStmnt>
<LoopStmnt CovItemId="S118" CovItemPrefix="cabra.HomePanel.java" Intrnl_Id="5676" MltplExecId="L4-2" MltplExecPrefix="cabra.HomePanel.java" NvrExecId="L4-0" NvrExecPrefix="cabra.HomePanel.java" OnceExecutedId="L4-1" OnceExecutedPrefix="cabra.HomePanel.java" OptBodyExec="true">
<StmntSeq Intrnl_Id="5677">
<LocList>
<Loc EndOffset="12831" SrcFileId="47" StartOffset="12804"/>
<Loc EndOffset="13381" SrcFileId="47" StartOffset="12848"/>
</LocList>
<BasicStmnt CovItemId="S119" CovItemPrefix="cabra.HomePanel.java" Intrnl_Id="5678">
<LocList>
<Loc EndOffset="12831" SrcFileId="47" StartOffset="12804"/>
</LocList>
</BasicStmnt>
<CondStmnt CovItemId="S120" CovItemPrefix="cabra.HomePanel.java" Intrnl_Id="5679">
<Branch CovItemId="B11" CovItemPrefix="cabra.HomePanel.java" Implct="false" Intrnl_Id="5680">
<Cond/>
<LocList>
<Loc EndOffset="13203" SrcFileId="47" StartOffset="12877"/>
</LocList>
<StmntSeq Intrnl_Id="5681">
<LocList>
<Loc EndOffset="13087" SrcFileId="47" StartOffset="13054"/>
<Loc EndOffset="13124" SrcFileId="47" StartOffset="13108"/>
<Loc EndOffset="13185" SrcFileId="47" StartOffset="13174"/>
</LocList>
<BasicStmnt CovItemId="S121" CovItemPrefix="cabra.HomePanel.java" Intrnl_Id="5682">
<LocList>
<Loc EndOffset="13087" SrcFileId="47" StartOffset="13054"/>
</LocList>
</BasicStmnt>
<BasicStmnt CovItemId="S122" CovItemPrefix="cabra.HomePanel.java" Intrnl_Id="5683">
<LocList>
<Loc EndOffset="13124" SrcFileId="47" StartOffset="13108"/>
</LocList>
</BasicStmnt>
<BasicStmnt CovItemId="S123" CovItemPrefix="cabra.HomePanel.java" Intrnl_Id="5684">
<LocList>
<Loc EndOffset="13185" SrcFileId="47" StartOffset="13174"/>
</LocList>
</BasicStmnt>
</StmntSeq>
</Branch>
<Branch CovItemId="B12" CovItemPrefix="cabra.HomePanel.java" Implct="false" Intrnl_Id="5685">
<Cond>
<Loc EndOffset="13224" SrcFileId="47" StartOffset="13220"/>
</Cond>
<LocList>
<Loc EndOffset="13381" SrcFileId="47" StartOffset="13224"/>
</LocList>
<StmntSeq Intrnl_Id="5686">
<LocList>
<Loc EndOffset="13320" SrcFileId="47" StartOffset="13296"/>
<Loc EndOffset="13363" SrcFileId="47" StartOffset="13341"/>
</LocList>
<BasicStmnt CovItemId="S124" CovItemPrefix="cabra.HomePanel.java" Intrnl_Id="5687">
<LocList>
<Loc EndOffset="13320" SrcFileId="47" StartOffset="13296"/>
</LocList>
</BasicStmnt>
<BasicStmnt CovItemId="S125" CovItemPrefix="cabra.HomePanel.java" Intrnl_Id="5688">
<LocList>
<Loc EndOffset="13363" SrcFileId="47" StartOffset="13341"/>
</LocList>
</BasicStmnt>
</StmntSeq>
</Branch>
<Keyword EndOffset="12850" SrcFileId="47" StartOffset="12848"/>
<LocList>
<Loc EndOffset="13381" SrcFileId="47" StartOffset="12848"/>
</LocList>
<RootTerm CovItemId="C9" CovItemPrefix="cabra.HomePanel.java" Intrnl_Id="5689">
<BasicBoolTerm Intrnl_Id="5690">
<LocList>
<Loc EndOffset="12876" SrcFileId="47" StartOffset="12851"/>
</LocList>
</BasicBoolTerm>
</RootTerm>
</CondStmnt>
</StmntSeq>
<Keyword EndOffset="12765" SrcFileId="47" StartOffset="12762"/>
<LocList>
<Loc EndOffset="13395" SrcFileId="47" StartOffset="12762"/>
</LocList>
</LoopStmnt>
</StmntSeq>
</Branch>
<Branch CovItemId="B10" CovItemPrefix="cabra.HomePanel.java" Implct="true" Intrnl_Id="5691">
<Cond/>
<LocList/>
<StmntSeq Intrnl_Id="5692">
<LocList/>
</StmntSeq>
</Branch>
<Keyword EndOffset="12468" SrcFileId="47" StartOffset="12466"/>
<LocList>
<Loc EndOffset="13405" SrcFileId="47" StartOffset="12466"/>
</LocList>
<RootTerm CovItemId="C8" CovItemPrefix="cabra.HomePanel.java" Intrnl_Id="5693">
<BasicBoolTerm Intrnl_Id="5694">
<LocList>
<Loc EndOffset="12483" SrcFileId="47" StartOffset="12469"/>
</LocList>
</BasicBoolTerm>
</RootTerm>
</CondStmnt>
<BasicStmnt CovItemId="S126" CovItemPrefix="cabra.HomePanel.java" Intrnl_Id="5695">
<LocList>
<Loc EndOffset="13486" SrcFileId="47" StartOffset="13415"/>
</LocList>
</BasicStmnt>
<BasicStmnt CovItemId="S127" CovItemPrefix="cabra.HomePanel.java" Intrnl_Id="5696">
<LocList>
<Loc EndOffset="13521" SrcFileId="47" StartOffset="13504"/>
</LocList>
</BasicStmnt>
</StmntSeq>
</HierarchyLvl>
<HierarchyLvl HierarchyLvlId="1673" HierarchyLvlTypeId="67" Intrnl_Id="5697" Name="paintComponent">
<Header>
<Loc EndOffset="13600" SrcFileId="47" StartOffset="13544"/>
</Header>
<LocList>
<Loc EndOffset="13688" SrcFileId="47" StartOffset="13544"/>
</LocList>
<StmntSeq Intrnl_Id="5698">
<LocList>
<Loc EndOffset="13638" SrcFileId="47" StartOffset="13614"/>
<Loc EndOffset="13678" SrcFileId="47" StartOffset="13652"/>
</LocList>
<BasicStmnt CovItemId="S128" CovItemPrefix="cabra.HomePanel.java" Intrnl_Id="5699">
<LocList>
<Loc EndOffset="13638" SrcFileId="47" StartOffset="13614"/>
</LocList>
</BasicStmnt>
<BasicStmnt CovItemId="S129" CovItemPrefix="cabra.HomePanel.java" Intrnl_Id="5700">
<LocList>
<Loc EndOffset="13678" SrcFileId="47" StartOffset="13652"/>
</LocList>
</BasicStmnt>
</StmntSeq>
</HierarchyLvl>
</HierarchyLvl>
<HierarchyLvl HierarchyLvlId="1704" HierarchyLvlTypeId="66" Intrnl_Id="5701" Name="GUI">
<Header>
<Loc EndOffset="329" SrcFileId="48" StartOffset="292"/>
</Header>
<LocList>
<Loc EndOffset="8659" SrcFileId="48" StartOffset="292"/>
</LocList>
<StmntSeq Intrnl_Id="5702">
<LocList>
<Loc EndOffset="602" SrcFileId="48" StartOffset="560"/>
<Loc EndOffset="650" SrcFileId="48" StartOffset="607"/>
</LocList>
<BasicStmnt CovItemId="S1" CovItemPrefix="cabra.GUI.java" Intrnl_Id="5703">
<LocList>
<Loc EndOffset="602" SrcFileId="48" StartOffset="560"/>
</LocList>
</BasicStmnt>
<BasicStmnt CovItemId="S2" CovItemPrefix="cabra.GUI.java" Intrnl_Id="5704">
<LocList>
<Loc EndOffset="650" SrcFileId="48" StartOffset="607"/>
</LocList>
</BasicStmnt>
</StmntSeq>
<HierarchyLvl HierarchyLvlId="1677" HierarchyLvlTypeId="67" Intrnl_Id="5705" Name="GUI">
<Header>
<Loc EndOffset="728" SrcFileId="48" StartOffset="660"/>
</Header>
<LocList>
<Loc EndOffset="2679" SrcFileId="48" StartOffset="660"/>
</LocList>
<StmntSeq Intrnl_Id="5706">
<LocList>
<Loc EndOffset="767" SrcFileId="48" StartOffset="738"/>
<Loc EndOffset="812" SrcFileId="48" StartOffset="785"/>
<Loc EndOffset="903" SrcFileId="48" StartOffset="882"/>
<Loc EndOffset="965" SrcFileId="48" StartOffset="912"/>
<Loc EndOffset="1014" SrcFileId="48" StartOffset="974"/>
<Loc EndOffset="1049" SrcFileId="48" StartOffset="1023"/>
<Loc EndOffset="1098" SrcFileId="48" StartOffset="1058"/>
<Loc EndOffset="1224" SrcFileId="48" StartOffset="1196"/>
<Loc EndOffset="1307" SrcFileId="48" StartOffset="1283"/>
<Loc EndOffset="1749" SrcFileId="48" StartOffset="1747"/>
<Loc EndOffset="1980" SrcFileId="48" StartOffset="1914"/>
<Loc EndOffset="2020" SrcFileId="48" StartOffset="1989"/>
<Loc EndOffset="2075" SrcFileId="48" StartOffset="2029"/>
<Loc EndOffset="2167" SrcFileId="48" StartOffset="2119"/>
<Loc EndOffset="2198" SrcFileId="48" StartOffset="2176"/>
<Loc EndOffset="2246" SrcFileId="48" StartOffset="2207"/>
<Loc EndOffset="2333" SrcFileId="48" StartOffset="2291"/>
<Loc EndOffset="2369" SrcFileId="48" StartOffset="2342"/>
<Loc EndOffset="2621" SrcFileId="48" StartOffset="2577"/>
</LocList>
<BasicStmnt CovItemId="S3" CovItemPrefix="cabra.GUI.java" Intrnl_Id="5707">
<LocList>
<Loc EndOffset="767" SrcFileId="48" StartOffset="738"/>
</LocList>
</BasicStmnt>
<BasicStmnt CovItemId="S4" CovItemPrefix="cabra.GUI.java" Intrnl_Id="5708">
<LocList>
<Loc EndOffset="812" SrcFileId="48" StartOffset="785"/>
</LocList>
</BasicStmnt>
<BasicStmnt CovItemId="S5" CovItemPrefix="cabra.GUI.java" Intrnl_Id="5709">
<LocList>
<Loc EndOffset="903" SrcFileId="48" StartOffset="882"/>
</LocList>
</BasicStmnt>
<BasicStmnt CovItemId="S6" CovItemPrefix="cabra.GUI.java" Intrnl_Id="5710">
<LocList>
<Loc EndOffset="965" SrcFileId="48" StartOffset="912"/>
</LocList>
</BasicStmnt>
<BasicStmnt CovItemId="S7" CovItemPrefix="cabra.GUI.java" Intrnl_Id="5711">
<LocList>
<Loc EndOffset="1014" SrcFileId="48" StartOffset="974"/>
</LocList>
</BasicStmnt>
<BasicStmnt CovItemId="S8" CovItemPrefix="cabra.GUI.java" Intrnl_Id="5712">
<LocList>
<Loc EndOffset="1049" SrcFileId="48" StartOffset="1023"/>
</LocList>
</BasicStmnt>
<BasicStmnt CovItemId="S9" CovItemPrefix="cabra.GUI.java" Intrnl_Id="5713">
<LocList>
<Loc EndOffset="1098" SrcFileId="48" StartOffset="1058"/>
</LocList>
</BasicStmnt>
<BasicStmnt CovItemId="S10" CovItemPrefix="cabra.GUI.java" Intrnl_Id="5714">
<LocList>
<Loc EndOffset="1224" SrcFileId="48" StartOffset="1196"/>
</LocList>
</BasicStmnt>
<BasicStmnt CovItemId="S11" CovItemPrefix="cabra.GUI.java" Intrnl_Id="5715">
<LocList>
<Loc EndOffset="1307" SrcFileId="48" StartOffset="1283"/>
<Loc EndOffset="1749" SrcFileId="48" StartOffset="1747"/>
</LocList>
</BasicStmnt>
<BasicStmnt CovItemId="S14" CovItemPrefix="cabra.GUI.java" Intrnl_Id="5716">
<LocList>
<Loc EndOffset="1980" SrcFileId="48" StartOffset="1914"/>
</LocList>
</BasicStmnt>
<BasicStmnt CovItemId="S15" CovItemPrefix="cabra.GUI.java" Intrnl_Id="5717">
<LocList>
<Loc EndOffset="2020" SrcFileId="48" StartOffset="1989"/>
</LocList>
</BasicStmnt>
<BasicStmnt CovItemId="S16" CovItemPrefix="cabra.GUI.java" Intrnl_Id="5718">
<LocList>
<Loc EndOffset="2075" SrcFileId="48" StartOffset="2029"/>
</LocList>
</BasicStmnt>
<BasicStmnt CovItemId="S17" CovItemPrefix="cabra.GUI.java" Intrnl_Id="5719">
<LocList>
<Loc EndOffset="2167" SrcFileId="48" StartOffset="2119"/>
</LocList>
</BasicStmnt>
<BasicStmnt CovItemId="S18" CovItemPrefix="cabra.GUI.java" Intrnl_Id="5720">
<LocList>
<Loc EndOffset="2198" SrcFileId="48" StartOffset="2176"/>
</LocList>
</BasicStmnt>
<BasicStmnt CovItemId="S19" CovItemPrefix="cabra.GUI.java" Intrnl_Id="5721">
<LocList>
<Loc EndOffset="2246" SrcFileId="48" StartOffset="2207"/>
</LocList>
</BasicStmnt>
<BasicStmnt CovItemId="S20" CovItemPrefix="cabra.GUI.java" Intrnl_Id="5722">
<LocList>
<Loc EndOffset="2333" SrcFileId="48" StartOffset="2291"/>
</LocList>
</BasicStmnt>
<BasicStmnt CovItemId="S21" CovItemPrefix="cabra.GUI.java" Intrnl_Id="5723">
<LocList>
<Loc EndOffset="2369" SrcFileId="48" StartOffset="2342"/>
</LocList>
</BasicStmnt>
<BasicStmnt CovItemId="S22" CovItemPrefix="cabra.GUI.java" Intrnl_Id="5724">
<LocList>
<Loc EndOffset="2621" SrcFileId="48" StartOffset="2577"/>
</LocList>
</BasicStmnt>
</StmntSeq>
<HierarchyLvl HierarchyLvlId="1676" HierarchyLvlTypeId="69" Intrnl_Id="5725" Name="WindowAdapter">
<Header>
<Loc EndOffset="1326" SrcFileId="48" StartOffset="1311"/>
</Header>
<LocList>
<Loc EndOffset="1747" SrcFileId="48" StartOffset="1307"/>
</LocList>
<HierarchyLvl HierarchyLvlId="1675" HierarchyLvlTypeId="67" Intrnl_Id="5726" Name="windowClosing">
<Header>
<Loc EndOffset="1410" SrcFileId="48" StartOffset="1340"/>
</Header>
<LocList>
<Loc EndOffset="1737" SrcFileId="48" StartOffset="1340"/>
</LocList>
<StmntSeq Intrnl_Id="5727">
<LocList>
<Loc EndOffset="1697" SrcFileId="48" StartOffset="1585"/>
</LocList>
<CondStmnt CovItemId="S12" CovItemPrefix="cabra.GUI.java" Intrnl_Id="5728">
<Branch CovItemId="B1" CovItemPrefix="cabra.GUI.java" Implct="false" Intrnl_Id="5729">
<Cond/>
<LocList>
<Loc EndOffset="1697" SrcFileId="48" StartOffset="1626"/>
</LocList>
<StmntSeq Intrnl_Id="5730">
<LocList>
<Loc EndOffset="1671" SrcFileId="48" StartOffset="1656"/>
</LocList>
<BasicStmnt CovItemId="S13" CovItemPrefix="cabra.GUI.java" Intrnl_Id="5731">
<LocList>
<Loc EndOffset="1671" SrcFileId="48" StartOffset="1656"/>
</LocList>
</BasicStmnt>
</StmntSeq>
</Branch>
<Branch CovItemId="B2" CovItemPrefix="cabra.GUI.java" Implct="true" Intrnl_Id="5732">
<Cond/>
<LocList/>
<StmntSeq Intrnl_Id="5733">
<LocList/>
</StmntSeq>
</Branch>
<Keyword EndOffset="1587" SrcFileId="48" StartOffset="1585"/>
<LocList>
<Loc EndOffset="1697" SrcFileId="48" StartOffset="1585"/>
</LocList>
<RootTerm CovItemId="C1" CovItemPrefix="cabra.GUI.java" Intrnl_Id="5734">
<BasicBoolTerm Intrnl_Id="5735">
<LocList>
<Loc EndOffset="1625" SrcFileId="48" StartOffset="1588"/>
</LocList>
</BasicBoolTerm>
</RootTerm>
</CondStmnt>
</StmntSeq>
</HierarchyLvl>
</HierarchyLvl>
</HierarchyLvl>
<HierarchyLvl HierarchyLvlId="1678" HierarchyLvlTypeId="67" Intrnl_Id="5736" Name="createIconImages">
<Header>
<Loc EndOffset="2732" SrcFileId="48" StartOffset="2689"/>
</Header>
<LocList>
<Loc EndOffset="3138" SrcFileId="48" StartOffset="2689"/>
</LocList>
<StmntSeq Intrnl_Id="5737">
<LocList>
<Loc EndOffset="2839" SrcFileId="48" StartOffset="2790"/>
<Loc EndOffset="2888" SrcFileId="48" StartOffset="2848"/>
<Loc EndOffset="3100" SrcFileId="48" StartOffset="2945"/>
<Loc EndOffset="3132" SrcFileId="48" StartOffset="3118"/>
</LocList>
<BasicStmnt CovItemId="S23" CovItemPrefix="cabra.GUI.java" Intrnl_Id="5738">
<LocList>
<Loc EndOffset="2839" SrcFileId="48" StartOffset="2790"/>
</LocList>
</BasicStmnt>
<BasicStmnt CovItemId="S24" CovItemPrefix="cabra.GUI.java" Intrnl_Id="5739">
<LocList>
<Loc EndOffset="2888" SrcFileId="48" StartOffset="2848"/>
</LocList>
</BasicStmnt>
<LoopStmnt CovItemId="S25" CovItemPrefix="cabra.GUI.java" Intrnl_Id="5740" MltplExecId="L1-2" MltplExecPrefix="cabra.GUI.java" NvrExecId="L1-0" NvrExecPrefix="cabra.GUI.java" OnceExecutedId="L1-1" OnceExecutedPrefix="cabra.GUI.java" OptBodyExec="true">
<StmntSeq Intrnl_Id="5741">
<LocList>
<Loc EndOffset="3090" SrcFileId="48" StartOffset="3023"/>
</LocList>
<BasicStmnt CovItemId="S26" CovItemPrefix="cabra.GUI.java" Intrnl_Id="5742">
<LocList>
<Loc EndOffset="3090" SrcFileId="48" StartOffset="3023"/>
</LocList>
</BasicStmnt>
</StmntSeq>
<Keyword EndOffset="2948" SrcFileId="48" StartOffset="2945"/>
<LocList>
<Loc EndOffset="3100" SrcFileId="48" StartOffset="2945"/>
</LocList>
</LoopStmnt>
<BasicStmnt CovItemId="S27" CovItemPrefix="cabra.GUI.java" Intrnl_Id="5743">
<LocList>
<Loc EndOffset="3132" SrcFileId="48" StartOffset="3118"/>
</LocList>
</BasicStmnt>
</StmntSeq>
</HierarchyLvl>
<HierarchyLvl HierarchyLvlId="1679" HierarchyLvlTypeId="67" Intrnl_Id="5744" Name="getTabPane">
<Header>
<Loc EndOffset="3175" SrcFileId="48" StartOffset="3148"/>
</Header>
<LocList>
<Loc EndOffset="3206" SrcFileId="48" StartOffset="3148"/>
</LocList>
<StmntSeq Intrnl_Id="5745">
<LocList>
<Loc EndOffset="3200" SrcFileId="48" StartOffset="3185"/>
</LocList>
<BasicStmnt CovItemId="S28" CovItemPrefix="cabra.GUI.java" Intrnl_Id="5746">
<LocList>
<Loc EndOffset="3200" SrcFileId="48" StartOffset="3185"/>
</LocList>
</BasicStmnt>
</StmntSeq>
</HierarchyLvl>
<HierarchyLvl HierarchyLvlId="1680" HierarchyLvlTypeId="67" Intrnl_Id="5747" Name="getFrame">
<Header>
<Loc EndOffset="3240" SrcFileId="48" StartOffset="3216"/>
</Header>
<LocList>
<Loc EndOffset="3269" SrcFileId="48" StartOffset="3216"/>
</LocList>
<StmntSeq Intrnl_Id="5748">
<LocList>
<Loc EndOffset="3263" SrcFileId="48" StartOffset="3250"/>
</LocList>
<BasicStmnt CovItemId="S29" CovItemPrefix="cabra.GUI.java" Intrnl_Id="5749">
<LocList>
<Loc EndOffset="3263" SrcFileId="48" StartOffset="3250"/>
</LocList>
</BasicStmnt>
</StmntSeq>
</HierarchyLvl>
<HierarchyLvl HierarchyLvlId="1681" HierarchyLvlTypeId="67" Intrnl_Id="5750" Name="makeFrameVisible">
<Header>
<Loc EndOffset="3310" SrcFileId="48" StartOffset="3280"/>
</Header>
<LocList>
<Loc EndOffset="3368" SrcFileId="48" StartOffset="3280"/>
</LocList>
<StmntSeq Intrnl_Id="5751">
<LocList>
<Loc EndOffset="3343" SrcFileId="48" StartOffset="3320"/>
<Loc EndOffset="3362" SrcFileId="48" StartOffset="3352"/>
</LocList>
<BasicStmnt CovItemId="S30" CovItemPrefix="cabra.GUI.java" Intrnl_Id="5752">
<LocList>
<Loc EndOffset="3343" SrcFileId="48" StartOffset="3320"/>
</LocList>
</BasicStmnt>
<BasicStmnt CovItemId="S31" CovItemPrefix="cabra.GUI.java" Intrnl_Id="5753">
<LocList>
<Loc EndOffset="3362" SrcFileId="48" StartOffset="3352"/>
</LocList>
</BasicStmnt>
</StmntSeq>
</HierarchyLvl>
<HierarchyLvl HierarchyLvlId="1682" HierarchyLvlTypeId="67" Intrnl_Id="5754" Name="requestImage">
<Header>
<Loc EndOffset="3409" SrcFileId="48" StartOffset="3378"/>
</Header>
<LocList>
<Loc EndOffset="3499" SrcFileId="48" StartOffset="3378"/>
</LocList>
<StmntSeq Intrnl_Id="5755">
<LocList>
<Loc EndOffset="3487" SrcFileId="48" StartOffset="3447"/>
</LocList>
<BasicStmnt CovItemId="S32" CovItemPrefix="cabra.GUI.java" Intrnl_Id="5756">
<LocList>
<Loc EndOffset="3487" SrcFileId="48" StartOffset="3447"/>
</LocList>
</BasicStmnt>
</StmntSeq>
</HierarchyLvl>
<HierarchyLvl HierarchyLvlId="1683" HierarchyLvlTypeId="67" Intrnl_Id="5757" Name="requestImageFile">
<Header>
<Loc EndOffset="3547" SrcFileId="48" StartOffset="3509"/>
</Header>
<LocList>
<Loc EndOffset="3607" SrcFileId="48" StartOffset="3509"/>
</LocList>
<StmntSeq Intrnl_Id="5758">
<LocList>
<Loc EndOffset="3601" SrcFileId="48" StartOffset="3557"/>
</LocList>
<BasicStmnt CovItemId="S33" CovItemPrefix="cabra.GUI.java" Intrnl_Id="5759">
<LocList>
<Loc EndOffset="3601" SrcFileId="48" StartOffset="3557"/>
</LocList>
</BasicStmnt>
</StmntSeq>
</HierarchyLvl>
<HierarchyLvl HierarchyLvlId="1684" HierarchyLvlTypeId="67" Intrnl_Id="5760" Name="getUserInput">
<Header>
<Loc EndOffset="3956" SrcFileId="48" StartOffset="3890"/>
</Header>
<LocList>
<Loc EndOffset="4039" SrcFileId="48" StartOffset="3890"/>
</LocList>
<StmntSeq Intrnl_Id="5761">
<LocList>
<Loc EndOffset="4033" SrcFileId="48" StartOffset="3966"/>
</LocList>
<BasicStmnt CovItemId="S34" CovItemPrefix="cabra.GUI.java" Intrnl_Id="5762">
<LocList>
<Loc EndOffset="4033" SrcFileId="48" StartOffset="3966"/>
</LocList>
</BasicStmnt>
</StmntSeq>
</HierarchyLvl>
<HierarchyLvl HierarchyLvlId="1685" HierarchyLvlTypeId="67" Intrnl_Id="5763" Name="confirm">
<Header>
<Loc EndOffset="4343" SrcFileId="48" StartOffset="4303"/>
</Header>
<LocList>
<Loc EndOffset="4404" SrcFileId="48" StartOffset="4303"/>
</LocList>
<StmntSeq Intrnl_Id="5764">
<LocList>
<Loc EndOffset="4398" SrcFileId="48" StartOffset="4353"/>
</LocList>
<BasicStmnt CovItemId="S35" CovItemPrefix="cabra.GUI.java" Intrnl_Id="5765">
<LocList>
<Loc EndOffset="4398" SrcFileId="48" StartOffset="4353"/>
</LocList>
</BasicStmnt>
</StmntSeq>
</HierarchyLvl>
<HierarchyLvl HierarchyLvlId="1686" HierarchyLvlTypeId="67" Intrnl_Id="5766" Name="update">
<Header>
<Loc EndOffset="4434" SrcFileId="48" StartOffset="4414"/>
</Header>
<LocList>
<Loc EndOffset="4553" SrcFileId="48" StartOffset="4414"/>
</LocList>
<StmntSeq Intrnl_Id="5767">
<LocList>
<Loc EndOffset="4461" SrcFileId="48" StartOffset="4444"/>
<Loc EndOffset="4486" SrcFileId="48" StartOffset="4470"/>
<Loc EndOffset="4539" SrcFileId="48" StartOffset="4495"/>
</LocList>
<BasicStmnt CovItemId="S36" CovItemPrefix="cabra.GUI.java" Intrnl_Id="5768">
<LocList>
<Loc EndOffset="4461" SrcFileId="48" StartOffset="4444"/>
</LocList>
</BasicStmnt>
<BasicStmnt CovItemId="S37" CovItemPrefix="cabra.GUI.java" Intrnl_Id="5769">
<LocList>
<Loc EndOffset="4486" SrcFileId="48" StartOffset="4470"/>
</LocList>
</BasicStmnt>
<BasicStmnt CovItemId="S38" CovItemPrefix="cabra.GUI.java" Intrnl_Id="5770">
<LocList>
<Loc EndOffset="4539" SrcFileId="48" StartOffset="4495"/>
</LocList>
</BasicStmnt>
</StmntSeq>
</HierarchyLvl>
<HierarchyLvl HierarchyLvlId="1687" HierarchyLvlTypeId="67" Intrnl_Id="5771" Name="refresh">
<Header>
<Loc EndOffset="4584" SrcFileId="48" StartOffset="4563"/>
</Header>
<LocList>
<Loc EndOffset="4724" SrcFileId="48" StartOffset="4563"/>
</LocList>
<StmntSeq Intrnl_Id="5772">
<LocList>
<Loc EndOffset="4655" SrcFileId="48" StartOffset="4637"/>
<Loc EndOffset="4691" SrcFileId="48" StartOffset="4664"/>
<Loc EndOffset="4718" SrcFileId="48" StartOffset="4700"/>
</LocList>
<BasicStmnt CovItemId="S39" CovItemPrefix="cabra.GUI.java" Intrnl_Id="5773">
<LocList>
<Loc EndOffset="4655" SrcFileId="48" StartOffset="4637"/>
</LocList>
</BasicStmnt>
<BasicStmnt CovItemId="S40" CovItemPrefix="cabra.GUI.java" Intrnl_Id="5774">
<LocList>
<Loc EndOffset="4691" SrcFileId="48" StartOffset="4664"/>
</LocList>
</BasicStmnt>
<BasicStmnt CovItemId="S41" CovItemPrefix="cabra.GUI.java" Intrnl_Id="5775">
<LocList>
<Loc EndOffset="4718" SrcFileId="48" StartOffset="4700"/>
</LocList>
</BasicStmnt>
</StmntSeq>
</HierarchyLvl>
<HierarchyLvl HierarchyLvlId="1688" HierarchyLvlTypeId="67" Intrnl_Id="5776" Name="refreshHomePage">
<Header>
<Loc EndOffset="4763" SrcFileId="48" StartOffset="4734"/>
</Header>
<LocList>
<Loc EndOffset="4805" SrcFileId="48" StartOffset="4734"/>
</LocList>
<StmntSeq Intrnl_Id="5777">
<LocList>
<Loc EndOffset="4799" SrcFileId="48" StartOffset="4773"/>
</LocList>
<BasicStmnt CovItemId="S42" CovItemPrefix="cabra.GUI.java" Intrnl_Id="5778">
<LocList>
<Loc EndOffset="4799" SrcFileId="48" StartOffset="4773"/>
</LocList>
</BasicStmnt>
</StmntSeq>
</HierarchyLvl>
<HierarchyLvl HierarchyLvlId="1689" HierarchyLvlTypeId="67" Intrnl_Id="5779" Name="newActiveProject">
<Header>
<Loc EndOffset="5005" SrcFileId="48" StartOffset="4960"/>
</Header>
<LocList>
<Loc EndOffset="5158" SrcFileId="48" StartOffset="4960"/>
</LocList>
<StmntSeq Intrnl_Id="5780">
<LocList>
<Loc EndOffset="5049" SrcFileId="48" StartOffset="5015"/>
<Loc EndOffset="5090" SrcFileId="48" StartOffset="5058"/>
</LocList>
<BasicStmnt CovItemId="S43" CovItemPrefix="cabra.GUI.java" Intrnl_Id="5781">
<LocList>
<Loc EndOffset="5049" SrcFileId="48" StartOffset="5015"/>
</LocList>
</BasicStmnt>
<BasicStmnt CovItemId="S44" CovItemPrefix="cabra.GUI.java" Intrnl_Id="5782">
<LocList>
<Loc EndOffset="5090" SrcFileId="48" StartOffset="5058"/>
</LocList>
</BasicStmnt>
</StmntSeq>
</HierarchyLvl>
<HierarchyLvl HierarchyLvlId="1690" HierarchyLvlTypeId="67" Intrnl_Id="5783" Name="setFrameTitleByProject">
<Header>
<Loc EndOffset="5387" SrcFileId="48" StartOffset="5336"/>
</Header>
<LocList>
<Loc EndOffset="5559" SrcFileId="48" StartOffset="5336"/>
</LocList>
<StmntSeq Intrnl_Id="5784">
<LocList>
<Loc EndOffset="5553" SrcFileId="48" StartOffset="5397"/>
</LocList>
<CondStmnt CovItemId="S45" CovItemPrefix="cabra.GUI.java" Intrnl_Id="5785">
<Branch CovItemId="B3" CovItemPrefix="cabra.GUI.java" Implct="false" Intrnl_Id="5786">
<Cond/>
<LocList>
<Loc EndOffset="5464" SrcFileId="48" StartOffset="5429"/>
</LocList>
<StmntSeq Intrnl_Id="5787">
<LocList>
<Loc EndOffset="5464" SrcFileId="48" StartOffset="5429"/>
</LocList>
<BasicStmnt CovItemId="S46" CovItemPrefix="cabra.GUI.java" Intrnl_Id="5788">
<LocList>
<Loc EndOffset="5464" SrcFileId="48" StartOffset="5429"/>
</LocList>
</BasicStmnt>
</StmntSeq>
</Branch>
<Branch CovItemId="B4" CovItemPrefix="cabra.GUI.java" Implct="false" Intrnl_Id="5789">
<Cond>
<Loc EndOffset="5477" SrcFileId="48" StartOffset="5473"/>
</Cond>
<LocList>
<Loc EndOffset="5553" SrcFileId="48" StartOffset="5490"/>
</LocList>
<StmntSeq Intrnl_Id="5790">
<LocList>
<Loc EndOffset="5553" SrcFileId="48" StartOffset="5490"/>
</LocList>
<BasicStmnt CovItemId="S47" CovItemPrefix="cabra.GUI.java" Intrnl_Id="5791">
<LocList>
<Loc EndOffset="5553" SrcFileId="48" StartOffset="5490"/>
</LocList>
</BasicStmnt>
</StmntSeq>
</Branch>
<Keyword EndOffset="5399" SrcFileId="48" StartOffset="5397"/>
<LocList>
<Loc EndOffset="5553" SrcFileId="48" StartOffset="5397"/>
</LocList>
<RootTerm CovItemId="C2" CovItemPrefix="cabra.GUI.java" Intrnl_Id="5792">
<BasicBoolTerm Intrnl_Id="5793">
<LocList>
<Loc EndOffset="5415" SrcFileId="48" StartOffset="5400"/>
</LocList>
</BasicBoolTerm>
</RootTerm>
</CondStmnt>
</StmntSeq>
</HierarchyLvl>
<HierarchyLvl HierarchyLvlId="1691" HierarchyLvlTypeId="67" Intrnl_Id="5794" Name="setActiveTab">
<Header>
<Loc EndOffset="5607" SrcFileId="48" StartOffset="5569"/>
</Header>
<LocList>
<Loc EndOffset="5684" SrcFileId="48" StartOffset="5569"/>
</LocList>
<StmntSeq Intrnl_Id="5795">
<LocList>
<Loc EndOffset="5678" SrcFileId="48" StartOffset="5647"/>
</LocList>
<BasicStmnt CovItemId="S48" CovItemPrefix="cabra.GUI.java" Intrnl_Id="5796">
<LocList>
<Loc EndOffset="5678" SrcFileId="48" StartOffset="5647"/>
</LocList>
</BasicStmnt>
</StmntSeq>
</HierarchyLvl>
<HierarchyLvl HierarchyLvlId="1692" HierarchyLvlTypeId="67" Intrnl_Id="5797" Name="saveAllNotes">
<Header>
<Loc EndOffset="5792" SrcFileId="48" StartOffset="5766"/>
</Header>
<LocList>
<Loc EndOffset="5830" SrcFileId="48" StartOffset="5766"/>
</LocList>
<StmntSeq Intrnl_Id="5798">
<LocList>
<Loc EndOffset="5824" SrcFileId="48" StartOffset="5802"/>
</LocList>
<BasicStmnt CovItemId="S49" CovItemPrefix="cabra.GUI.java" Intrnl_Id="5799">
<LocList>
<Loc EndOffset="5824" SrcFileId="48" StartOffset="5802"/>
</LocList>
</BasicStmnt>
</StmntSeq>
</HierarchyLvl>
<HierarchyLvl HierarchyLvlId="1693" HierarchyLvlTypeId="67" Intrnl_Id="5800" Name="addProject">
<Header>
<Loc EndOffset="5879" SrcFileId="48" StartOffset="5840"/>
</Header>
<LocList>
<Loc EndOffset="5976" SrcFileId="48" StartOffset="5840"/>
</LocList>
<StmntSeq Intrnl_Id="5801">
<LocList>
<Loc EndOffset="5970" SrcFileId="48" StartOffset="5933"/>
</LocList>
<BasicStmnt CovItemId="S50" CovItemPrefix="cabra.GUI.java" Intrnl_Id="5802">
<LocList>
<Loc EndOffset="5970" SrcFileId="48" StartOffset="5933"/>
</LocList>
</BasicStmnt>
</StmntSeq>
</HierarchyLvl>
<HierarchyLvl HierarchyLvlId="1694" HierarchyLvlTypeId="67" Intrnl_Id="5803" Name="repaint">
<Header>
<Loc EndOffset="6007" SrcFileId="48" StartOffset="5986"/>
</Header>
<LocList>
<Loc EndOffset="6185" SrcFileId="48" StartOffset="5986"/>
</LocList>
<StmntSeq Intrnl_Id="5804">
<LocList>
<Loc EndOffset="6179" SrcFileId="48" StartOffset="6135"/>
</LocList>
<BasicStmnt CovItemId="S51" CovItemPrefix="cabra.GUI.java" Intrnl_Id="5805">
<LocList>
<Loc EndOffset="6179" SrcFileId="48" StartOffset="6135"/>
</LocList>
</BasicStmnt>
</StmntSeq>
</HierarchyLvl>
<HierarchyLvl HierarchyLvlId="1695" HierarchyLvlTypeId="67" Intrnl_Id="5806" Name="showPointsBadge">
<Header>
<Loc EndOffset="6373" SrcFileId="48" StartOffset="6328"/>
</Header>
<LocList>
<Loc EndOffset="6435" SrcFileId="48" StartOffset="6328"/>
</LocList>
<StmntSeq Intrnl_Id="5807">
<LocList>
<Loc EndOffset="6429" SrcFileId="48" StartOffset="6383"/>
</LocList>
<BasicStmnt CovItemId="S52" CovItemPrefix="cabra.GUI.java" Intrnl_Id="5808">
<LocList>
<Loc EndOffset="6429" SrcFileId="48" StartOffset="6383"/>
</LocList>
</BasicStmnt>
</StmntSeq>
</HierarchyLvl>
<HierarchyLvl HierarchyLvlId="1696" HierarchyLvlTypeId="67" Intrnl_Id="5809" Name="createImageIcon">
<Header>
<Loc EndOffset="6497" SrcFileId="48" StartOffset="6445"/>
</Header>
<LocList>
<Loc EndOffset="6555" SrcFileId="48" StartOffset="6445"/>
</LocList>
<StmntSeq Intrnl_Id="5810">
<LocList>
<Loc EndOffset="6549" SrcFileId="48" StartOffset="6507"/>
</LocList>
<BasicStmnt CovItemId="S53" CovItemPrefix="cabra.GUI.java" Intrnl_Id="5811">
<LocList>
<Loc EndOffset="6549" SrcFileId="48" StartOffset="6507"/>
</LocList>
</BasicStmnt>
</StmntSeq>
</HierarchyLvl>
<HierarchyLvl HierarchyLvlId="1697" HierarchyLvlTypeId="67" Intrnl_Id="5812" Name="createImageIconFromFullPath">
<Header>
<Loc EndOffset="6629" SrcFileId="48" StartOffset="6565"/>
</Header>
<LocList>
<Loc EndOffset="6700" SrcFileId="48" StartOffset="6565"/>
</LocList>
<StmntSeq Intrnl_Id="5813">
<LocList>
<Loc EndOffset="6694" SrcFileId="48" StartOffset="6640"/>
</LocList>
<BasicStmnt CovItemId="S54" CovItemPrefix="cabra.GUI.java" Intrnl_Id="5814">
<LocList>
<Loc EndOffset="6694" SrcFileId="48" StartOffset="6640"/>
</LocList>
</BasicStmnt>
</StmntSeq>
</HierarchyLvl>
<HierarchyLvl HierarchyLvlId="1698" HierarchyLvlTypeId="67" Intrnl_Id="5815" Name="scaleImage">
<Header>
<Loc EndOffset="6784" SrcFileId="48" StartOffset="6710"/>
</Header>
<LocList>
<Loc EndOffset="6851" SrcFileId="48" StartOffset="6710"/>
</LocList>
<StmntSeq Intrnl_Id="5816">
<LocList>
<Loc EndOffset="6845" SrcFileId="48" StartOffset="6794"/>
</LocList>
<BasicStmnt CovItemId="S55" CovItemPrefix="cabra.GUI.java" Intrnl_Id="5817">
<LocList>
<Loc EndOffset="6845" SrcFileId="48" StartOffset="6794"/>
</LocList>
</BasicStmnt>
</StmntSeq>
</HierarchyLvl>
<HierarchyLvl HierarchyLvlId="1699" HierarchyLvlTypeId="67" Intrnl_Id="5818" Name="resetLookAndFeel">
<Header>
<Loc EndOffset="6985" SrcFileId="48" StartOffset="6948"/>
</Header>
<LocList>
<Loc EndOffset="7217" SrcFileId="48" StartOffset="6948"/>
</LocList>
<StmntSeq Intrnl_Id="5819">
<LocList>
<Loc EndOffset="7023" SrcFileId="48" StartOffset="6999"/>
<Loc EndOffset="7089" SrcFileId="48" StartOffset="7058"/>
<Loc EndOffset="7215" SrcFileId="48" StartOffset="7036"/>
</LocList>
<BasicStmnt CovItemId="S56" CovItemPrefix="cabra.GUI.java" Intrnl_Id="5820">
<LocList>
<Loc EndOffset="7023" SrcFileId="48" StartOffset="6999"/>
</LocList>
</BasicStmnt>
<BasicStmnt CovItemId="S58" CovItemPrefix="cabra.GUI.java" Intrnl_Id="5821">
<LocList>
<Loc EndOffset="7089" SrcFileId="48" StartOffset="7058"/>
</LocList>
</BasicStmnt>
<CondStmnt CovItemId="S57" CovItemPrefix="cabra.GUI.java" Intrnl_Id="5822">
<Branch CovItemId="B5" CovItemPrefix="cabra.GUI.java" Implct="true" Intrnl_Id="5823">
<Cond/>
<LocList/>
<StmntSeq Intrnl_Id="5824">
<LocList/>
</StmntSeq>
</Branch>
<Branch CovItemId="B6" CovItemPrefix="cabra.GUI.java" Implct="false" Intrnl_Id="5825">
<Cond>
<Loc EndOffset="7146" SrcFileId="48" StartOffset="7104"/>
</Cond>
<LocList>
<Loc EndOffset="7215" SrcFileId="48" StartOffset="7147"/>
</LocList>
<StmntSeq Intrnl_Id="5826">
<LocList>
<Loc EndOffset="7201" SrcFileId="48" StartOffset="7165"/>
</LocList>
<BasicStmnt CovItemId="S59" CovItemPrefix="cabra.GUI.java" Intrnl_Id="5827">
<LocList>
<Loc EndOffset="7201" SrcFileId="48" StartOffset="7165"/>
</LocList>
</BasicStmnt>
</StmntSeq>
</Branch>
<Keyword EndOffset="7039" SrcFileId="48" StartOffset="7036"/>
<LocList>
<Loc EndOffset="7215" SrcFileId="48" StartOffset="7036"/>
</LocList>
</CondStmnt>
</StmntSeq>
</HierarchyLvl>
<HierarchyLvl HierarchyLvlId="1700" HierarchyLvlTypeId="67" Intrnl_Id="5828" Name="setNimbusLookAndFeel">
<Header>
<Loc EndOffset="7310" SrcFileId="48" StartOffset="7269"/>
</Header>
<LocList>
<Loc EndOffset="8024" SrcFileId="48" StartOffset="7269"/>
</LocList>
<StmntSeq Intrnl_Id="5829">
<LocList>
<Loc EndOffset="7606" SrcFileId="48" StartOffset="7378"/>
<Loc EndOffset="8018" SrcFileId="48" StartOffset="7340"/>
</LocList>
<LoopStmnt CovItemId="S61" CovItemPrefix="cabra.GUI.java" Intrnl_Id="5830" MltplExecId="L2-2" MltplExecPrefix="cabra.GUI.java" NvrExecId="L2-0" NvrExecPrefix="cabra.GUI.java" OnceExecutedId="L2-1" OnceExecutedPrefix="cabra.GUI.java" OptBodyExec="true">
<StmntSeq Intrnl_Id="5831">
<LocList>
<Loc EndOffset="7596" SrcFileId="48" StartOffset="7458"/>
</LocList>
<CondStmnt CovItemId="S62" CovItemPrefix="cabra.GUI.java" Intrnl_Id="5832">
<Branch CovItemId="B8" CovItemPrefix="cabra.GUI.java" Implct="false" Intrnl_Id="5833">
<Cond/>
<LocList>
<Loc EndOffset="7596" SrcFileId="48" StartOffset="7495"/>
</LocList>
<StmntSeq Intrnl_Id="5834">
<LocList>
<Loc EndOffset="7559" SrcFileId="48" StartOffset="7513"/>
<Loc EndOffset="7582" SrcFileId="48" StartOffset="7576"/>
</LocList>
<BasicStmnt CovItemId="S63" CovItemPrefix="cabra.GUI.java" Intrnl_Id="5835">
<LocList>
<Loc EndOffset="7559" SrcFileId="48" StartOffset="7513"/>
</LocList>
</BasicStmnt>
<BasicStmnt CovItemId="S64" CovItemPrefix="cabra.GUI.java" Intrnl_Id="5836">
<LocList>
<Loc EndOffset="7582" SrcFileId="48" StartOffset="7576"/>
</LocList>
</BasicStmnt>
</StmntSeq>
</Branch>
<Branch CovItemId="B9" CovItemPrefix="cabra.GUI.java" Implct="true" Intrnl_Id="5837">
<Cond/>
<LocList/>
<StmntSeq Intrnl_Id="5838">
<LocList/>
</StmntSeq>
</Branch>
<Keyword EndOffset="7460" SrcFileId="48" StartOffset="7458"/>
<LocList>
<Loc EndOffset="7596" SrcFileId="48" StartOffset="7458"/>
</LocList>
<RootTerm CovItemId="C3" CovItemPrefix="cabra.GUI.java" Intrnl_Id="5839">
<BasicBoolTerm Intrnl_Id="5840">
<LocList>
<Loc EndOffset="7493" SrcFileId="48" StartOffset="7462"/>
</LocList>
</BasicBoolTerm>
</RootTerm>
</CondStmnt>
</StmntSeq>
<Keyword EndOffset="7381" SrcFileId="48" StartOffset="7378"/>
<LocList>
<Loc EndOffset="7606" SrcFileId="48" StartOffset="7378"/>
</LocList>
</LoopStmnt>
<CondStmnt CovItemId="S60" CovItemPrefix="cabra.GUI.java" Intrnl_Id="5841">
<Branch CovItemId="B7" CovItemPrefix="cabra.GUI.java" Implct="true" Intrnl_Id="5842">
<Cond/>
<LocList/>
<StmntSeq Intrnl_Id="5843">
<LocList/>
</StmntSeq>
</Branch>
<Branch CovItemId="B10" CovItemPrefix="cabra.GUI.java" Implct="false" Intrnl_Id="5844">
<Cond>
<Loc EndOffset="7632" SrcFileId="48" StartOffset="7613"/>
</Cond>
<LocList>
<Loc EndOffset="8018" SrcFileId="48" StartOffset="7633"/>
</LocList>
<StmntSeq Intrnl_Id="5845">
<LocList>
<Loc EndOffset="7807" SrcFileId="48" StartOffset="7739"/>
<Loc EndOffset="8012" SrcFileId="48" StartOffset="7677"/>
</LocList>
<BasicStmnt CovItemId="S66" CovItemPrefix="cabra.GUI.java" Intrnl_Id="5846">
<LocList>
<Loc EndOffset="7807" SrcFileId="48" StartOffset="7739"/>
</LocList>
</BasicStmnt>
<CondStmnt CovItemId="S65" CovItemPrefix="cabra.GUI.java" Intrnl_Id="5847">
<Branch CovItemId="B11" CovItemPrefix="cabra.GUI.java" Implct="true" Intrnl_Id="5848">
<Cond/>
<LocList/>
<StmntSeq Intrnl_Id="5849">
<LocList/>
</StmntSeq>
</Branch>
<Branch CovItemId="B12" CovItemPrefix="cabra.GUI.java" Implct="false" Intrnl_Id="5850">
<Cond>
<Loc EndOffset="7844" SrcFileId="48" StartOffset="7826"/>
</Cond>
<LocList>
<Loc EndOffset="8012" SrcFileId="48" StartOffset="7844"/>
</LocList>
<StmntSeq Intrnl_Id="5851">
<LocList>
<Loc EndOffset="8002" SrcFileId="48" StartOffset="7943"/>
</LocList>
<BasicStmnt CovItemId="S67" CovItemPrefix="cabra.GUI.java" Intrnl_Id="5852">
<LocList>
<Loc EndOffset="8002" SrcFileId="48" StartOffset="7943"/>
</LocList>
</BasicStmnt>
</StmntSeq>
</Branch>
<Keyword EndOffset="7680" SrcFileId="48" StartOffset="7677"/>
<LocList>
<Loc EndOffset="8012" SrcFileId="48" StartOffset="7677"/>
</LocList>
</CondStmnt>
</StmntSeq>
</Branch>
<Keyword EndOffset="7343" SrcFileId="48" StartOffset="7340"/>
<LocList>
<Loc EndOffset="8018" SrcFileId="48" StartOffset="7340"/>
</LocList>
</CondStmnt>
</StmntSeq>
</HierarchyLvl>
<HierarchyLvl HierarchyLvlId="1701" HierarchyLvlTypeId="67" Intrnl_Id="5853" Name="changeFrameLocation">
<Header>
<Loc EndOffset="8295" SrcFileId="48" StartOffset="8226"/>
</Header>
<LocList>
<Loc EndOffset="8342" SrcFileId="48" StartOffset="8226"/>
</LocList>
<StmntSeq Intrnl_Id="5854">
<LocList>
<Loc EndOffset="8340" SrcFileId="48" StartOffset="8301"/>
</LocList>
<BasicStmnt CovItemId="S68" CovItemPrefix="cabra.GUI.java" Intrnl_Id="5855">
<LocList>
<Loc EndOffset="8340" SrcFileId="48" StartOffset="8301"/>
</LocList>
</BasicStmnt>
</StmntSeq>
</HierarchyLvl>
<HierarchyLvl HierarchyLvlId="1702" HierarchyLvlTypeId="67" Intrnl_Id="5856" Name="makeLarge">
<Header>
<Loc EndOffset="8463" SrcFileId="48" StartOffset="8413"/>
</Header>
<LocList>
<Loc EndOffset="8534" SrcFileId="48" StartOffset="8413"/>
</LocList>
<StmntSeq Intrnl_Id="5857">
<LocList>
<Loc EndOffset="8532" SrcFileId="48" StartOffset="8469"/>
</LocList>
<BasicStmnt CovItemId="S69" CovItemPrefix="cabra.GUI.java" Intrnl_Id="5858">
<LocList>
<Loc EndOffset="8532" SrcFileId="48" StartOffset="8469"/>
</LocList>
</BasicStmnt>
</StmntSeq>
</HierarchyLvl>
<HierarchyLvl HierarchyLvlId="1703" HierarchyLvlTypeId="67" Intrnl_Id="5859" Name="makeSmall">
<Header>
<Loc EndOffset="8586" SrcFileId="48" StartOffset="8536"/>
</Header>
<LocList>
<Loc EndOffset="8656" SrcFileId="48" StartOffset="8536"/>
</LocList>
<StmntSeq Intrnl_Id="5860">
<LocList>
<Loc EndOffset="8654" SrcFileId="48" StartOffset="8592"/>
</LocList>
<BasicStmnt CovItemId="S70" CovItemPrefix="cabra.GUI.java" Intrnl_Id="5861">
<LocList>
<Loc EndOffset="8654" SrcFileId="48" StartOffset="8592"/>
</LocList>
</BasicStmnt>
</StmntSeq>
</HierarchyLvl>
</HierarchyLvl>
<HierarchyLvl HierarchyLvlId="1713" HierarchyLvlTypeId="66" Intrnl_Id="5862" Name="FontManager">
<Header>
<Loc EndOffset="277" SrcFileId="49" StartOffset="244"/>
</Header>
<LocList>
<Loc EndOffset="6763" SrcFileId="49" StartOffset="244"/>
</LocList>
<StmntSeq Intrnl_Id="5863">
<LocList>
<Loc EndOffset="869" SrcFileId="49" StartOffset="802"/>
<Loc EndOffset="981" SrcFileId="49" StartOffset="934"/>
<Loc EndOffset="1372" SrcFileId="49" StartOffset="1082"/>
<Loc EndOffset="1573" SrcFileId="49" StartOffset="1498"/>
<Loc EndOffset="1636" SrcFileId="49" StartOffset="1582"/>
<Loc EndOffset="1685" SrcFileId="49" StartOffset="1646"/>
<Loc EndOffset="1740" SrcFileId="49" StartOffset="1694"/>
<Loc EndOffset="1901" SrcFileId="49" StartOffset="1787"/>
<Loc EndOffset="1966" SrcFileId="49" StartOffset="1910"/>
<Loc EndOffset="2031" SrcFileId="49" StartOffset="1976"/>
</LocList>
<BasicStmnt CovItemId="S1" CovItemPrefix="cabra.FontManager.java" Intrnl_Id="5864">
<LocList>
<Loc EndOffset="869" SrcFileId="49" StartOffset="802"/>
</LocList>
</BasicStmnt>
<BasicStmnt CovItemId="S2" CovItemPrefix="cabra.FontManager.java" Intrnl_Id="5865">
<LocList>
<Loc EndOffset="981" SrcFileId="49" StartOffset="934"/>
</LocList>
</BasicStmnt>
<BasicStmnt CovItemId="S3" CovItemPrefix="cabra.FontManager.java" Intrnl_Id="5866">
<LocList>
<Loc EndOffset="1372" SrcFileId="49" StartOffset="1082"/>
</LocList>
</BasicStmnt>
<BasicStmnt CovItemId="S4" CovItemPrefix="cabra.FontManager.java" Intrnl_Id="5867">
<LocList>
<Loc EndOffset="1573" SrcFileId="49" StartOffset="1498"/>
</LocList>
</BasicStmnt>
<BasicStmnt CovItemId="S5" CovItemPrefix="cabra.FontManager.java" Intrnl_Id="5868">
<LocList>
<Loc EndOffset="1636" SrcFileId="49" StartOffset="1582"/>
</LocList>
</BasicStmnt>
<BasicStmnt CovItemId="S6" CovItemPrefix="cabra.FontManager.java" Intrnl_Id="5869">
<LocList>
<Loc EndOffset="1685" SrcFileId="49" StartOffset="1646"/>
</LocList>
</BasicStmnt>
<BasicStmnt CovItemId="S7" CovItemPrefix="cabra.FontManager.java" Intrnl_Id="5870">
<LocList>
<Loc EndOffset="1740" SrcFileId="49" StartOffset="1694"/>
</LocList>
</BasicStmnt>
<BasicStmnt CovItemId="S8" CovItemPrefix="cabra.FontManager.java" Intrnl_Id="5871">
<LocList>
<Loc EndOffset="1901" SrcFileId="49" StartOffset="1787"/>
</LocList>
</BasicStmnt>
<BasicStmnt CovItemId="S9" CovItemPrefix="cabra.FontManager.java" Intrnl_Id="5872">
<LocList>
<Loc EndOffset="1966" SrcFileId="49" StartOffset="1910"/>
</LocList>
</BasicStmnt>
<BasicStmnt CovItemId="S10" CovItemPrefix="cabra.FontManager.java" Intrnl_Id="5873">
<LocList>
<Loc EndOffset="2031" SrcFileId="49" StartOffset="1976"/>
</LocList>
</BasicStmnt>
</StmntSeq>
<HierarchyLvl HierarchyLvlId="1705" HierarchyLvlTypeId="67" Intrnl_Id="5874" Name="updatePreferredFont">
<Header>
<Loc EndOffset="2521" SrcFileId="49" StartOffset="2452"/>
</Header>
<LocList>
<Loc EndOffset="3637" SrcFileId="49" StartOffset="2452"/>
</LocList>
<StmntSeq Intrnl_Id="5875">
<LocList>
<Loc EndOffset="2821" SrcFileId="49" StartOffset="2531"/>
<Loc EndOffset="3118" SrcFileId="49" StartOffset="2830"/>
<Loc EndOffset="3451" SrcFileId="49" StartOffset="3352"/>
<Loc EndOffset="3623" SrcFileId="49" StartOffset="3525"/>
</LocList>
<CondStmnt CovItemId="S11" CovItemPrefix="cabra.FontManager.java" Intrnl_Id="5876">
<Branch CovItemId="B1" CovItemPrefix="cabra.FontManager.java" Implct="false" Intrnl_Id="5877">
<Cond/>
<LocList>
<Loc EndOffset="2821" SrcFileId="49" StartOffset="2548"/>
</LocList>
<StmntSeq Intrnl_Id="5878">
<LocList>
<Loc EndOffset="2714" SrcFileId="49" StartOffset="2588"/>
<Loc EndOffset="2811" SrcFileId="49" StartOffset="2767"/>
</LocList>
<BasicStmnt CovItemId="S12" CovItemPrefix="cabra.FontManager.java" Intrnl_Id="5879">
<LocList>
<Loc EndOffset="2714" SrcFileId="49" StartOffset="2588"/>
</LocList>
</BasicStmnt>
<BasicStmnt CovItemId="S13" CovItemPrefix="cabra.FontManager.java" Intrnl_Id="5880">
<LocList>
<Loc EndOffset="2811" SrcFileId="49" StartOffset="2767"/>
</LocList>
</BasicStmnt>
</StmntSeq>
</Branch>
<Branch CovItemId="B2" CovItemPrefix="cabra.FontManager.java" Implct="true" Intrnl_Id="5881">
<Cond/>
<LocList/>
<StmntSeq Intrnl_Id="5882">
<LocList/>
</StmntSeq>
</Branch>
<Keyword EndOffset="2533" SrcFileId="49" StartOffset="2531"/>
<LocList>
<Loc EndOffset="2821" SrcFileId="49" StartOffset="2531"/>
</LocList>
<RootTerm CovItemId="C1" CovItemPrefix="cabra.FontManager.java" Intrnl_Id="5883">
<BasicBoolTerm Intrnl_Id="5884">
<LocList>
<Loc EndOffset="2547" SrcFileId="49" StartOffset="2534"/>
</LocList>
</BasicBoolTerm>
</RootTerm>
</CondStmnt>
<CondStmnt CovItemId="S14" CovItemPrefix="cabra.FontManager.java" Intrnl_Id="5885">
<Branch CovItemId="B3" CovItemPrefix="cabra.FontManager.java" Implct="false" Intrnl_Id="5886">
<Cond/>
<LocList>
<Loc EndOffset="3118" SrcFileId="49" StartOffset="2850"/>
</LocList>
<StmntSeq Intrnl_Id="5887">
<LocList>
<Loc EndOffset="3017" SrcFileId="49" StartOffset="2895"/>
<Loc EndOffset="3108" SrcFileId="49" StartOffset="3069"/>
</LocList>
<BasicStmnt CovItemId="S15" CovItemPrefix="cabra.FontManager.java" Intrnl_Id="5888">
<LocList>
<Loc EndOffset="3017" SrcFileId="49" StartOffset="2895"/>
</LocList>
</BasicStmnt>
<BasicStmnt CovItemId="S16" CovItemPrefix="cabra.FontManager.java" Intrnl_Id="5889">
<LocList>
<Loc EndOffset="3108" SrcFileId="49" StartOffset="3069"/>
</LocList>
</BasicStmnt>
</StmntSeq>
</Branch>
<Branch CovItemId="B4" CovItemPrefix="cabra.FontManager.java" Implct="true" Intrnl_Id="5890">
<Cond/>
<LocList/>
<StmntSeq Intrnl_Id="5891">
<LocList/>
</StmntSeq>
</Branch>
<Keyword EndOffset="2832" SrcFileId="49" StartOffset="2830"/>
<LocList>
<Loc EndOffset="3118" SrcFileId="49" StartOffset="2830"/>
</LocList>
<RootTerm CovItemId="C2" CovItemPrefix="cabra.FontManager.java" Intrnl_Id="5892">
<BasicBoolTerm Intrnl_Id="5893">
<LocList>
<Loc EndOffset="2849" SrcFileId="49" StartOffset="2833"/>
</LocList>
</BasicBoolTerm>
</RootTerm>
</CondStmnt>
<BasicStmnt CovItemId="S17" CovItemPrefix="cabra.FontManager.java" Intrnl_Id="5894">
<LocList>
<Loc EndOffset="3451" SrcFileId="49" StartOffset="3352"/>
</LocList>
</BasicStmnt>
<BasicStmnt CovItemId="S18" CovItemPrefix="cabra.FontManager.java" Intrnl_Id="5895">
<LocList>
<Loc EndOffset="3623" SrcFileId="49" StartOffset="3525"/>
</LocList>
</BasicStmnt>
</StmntSeq>
</HierarchyLvl>
<HierarchyLvl HierarchyLvlId="1706" HierarchyLvlTypeId="67" Intrnl_Id="5896" Name="hasFontName">
<Header>
<Loc EndOffset="3887" SrcFileId="49" StartOffset="3837"/>
</Header>
<LocList>
<Loc EndOffset="3942" SrcFileId="49" StartOffset="3837"/>
</LocList>
<StmntSeq Intrnl_Id="5897">
<LocList>
<Loc EndOffset="3936" SrcFileId="49" StartOffset="3897"/>
</LocList>
<BasicStmnt CovItemId="S19" CovItemPrefix="cabra.FontManager.java" Intrnl_Id="5898">
<LocList>
<Loc EndOffset="3936" SrcFileId="49" StartOffset="3897"/>
</LocList>
</BasicStmnt>
</StmntSeq>
</HierarchyLvl>
<HierarchyLvl HierarchyLvlId="1707" HierarchyLvlTypeId="67" Intrnl_Id="5899" Name="getAvailablePreferredFontNames">
<Header>
<Loc EndOffset="4187" SrcFileId="49" StartOffset="4132"/>
</Header>
<LocList>
<Loc EndOffset="4526" SrcFileId="49" StartOffset="4132"/>
</LocList>
<StmntSeq Intrnl_Id="5900">
<LocList>
<Loc EndOffset="4251" SrcFileId="49" StartOffset="4197"/>
<Loc EndOffset="4440" SrcFileId="49" StartOffset="4260"/>
<Loc EndOffset="4520" SrcFileId="49" StartOffset="4479"/>
</LocList>
<BasicStmnt CovItemId="S20" CovItemPrefix="cabra.FontManager.java" Intrnl_Id="5901">
<LocList>
<Loc EndOffset="4251" SrcFileId="49" StartOffset="4197"/>
</LocList>
</BasicStmnt>
<LoopStmnt CovItemId="S21" CovItemPrefix="cabra.FontManager.java" Intrnl_Id="5902" MltplExecId="L1-2" MltplExecPrefix="cabra.FontManager.java" NvrExecId="L1-0" NvrExecPrefix="cabra.FontManager.java" OnceExecutedId="L1-1" OnceExecutedPrefix="cabra.FontManager.java" OptBodyExec="true">
<StmntSeq Intrnl_Id="5903">
<LocList>
<Loc EndOffset="4430" SrcFileId="49" StartOffset="4364"/>
</LocList>
<CondStmnt CovItemId="S22" CovItemPrefix="cabra.FontManager.java" Intrnl_Id="5904">
<Branch CovItemId="B5" CovItemPrefix="cabra.FontManager.java" Implct="false" Intrnl_Id="5905">
<Cond/>
<LocList>
<Loc EndOffset="4430" SrcFileId="49" StartOffset="4406"/>
</LocList>
<StmntSeq Intrnl_Id="5906">
<LocList>
<Loc EndOffset="4430" SrcFileId="49" StartOffset="4406"/>
</LocList>
<BasicStmnt CovItemId="S23" CovItemPrefix="cabra.FontManager.java" Intrnl_Id="5907">
<LocList>
<Loc EndOffset="4430" SrcFileId="49" StartOffset="4406"/>
</LocList>
</BasicStmnt>
</StmntSeq>
</Branch>
<Branch CovItemId="B6" CovItemPrefix="cabra.FontManager.java" Implct="true" Intrnl_Id="5908">
<Cond/>
<LocList/>
<StmntSeq Intrnl_Id="5909">
<LocList/>
</StmntSeq>
</Branch>
<Keyword EndOffset="4366" SrcFileId="49" StartOffset="4364"/>
<LocList>
<Loc EndOffset="4430" SrcFileId="49" StartOffset="4364"/>
</LocList>
<RootTerm CovItemId="C3" CovItemPrefix="cabra.FontManager.java" Intrnl_Id="5910">
<BasicBoolTerm Intrnl_Id="5911">
<LocList>
<Loc EndOffset="4388" SrcFileId="49" StartOffset="4367"/>
</LocList>
</BasicBoolTerm>
</RootTerm>
</CondStmnt>
</StmntSeq>
<Keyword EndOffset="4263" SrcFileId="49" StartOffset="4260"/>
<LocList>
<Loc EndOffset="4440" SrcFileId="49" StartOffset="4260"/>
</LocList>
</LoopStmnt>
<BasicStmnt CovItemId="S24" CovItemPrefix="cabra.FontManager.java" Intrnl_Id="5912">
<LocList>
<Loc EndOffset="4520" SrcFileId="49" StartOffset="4479"/>
</LocList>
</BasicStmnt>
</StmntSeq>
</HierarchyLvl>
<HierarchyLvl HierarchyLvlId="1708" HierarchyLvlTypeId="67" Intrnl_Id="5913" Name="getAllAvailableFontNames">
<Header>
<Loc EndOffset="4746" SrcFileId="49" StartOffset="4697"/>
</Header>
<LocList>
<Loc EndOffset="4926" SrcFileId="49" StartOffset="4697"/>
</LocList>
<StmntSeq Intrnl_Id="5914">
<LocList>
<Loc EndOffset="4831" SrcFileId="49" StartOffset="4756"/>
<Loc EndOffset="4894" SrcFileId="49" StartOffset="4840"/>
<Loc EndOffset="4920" SrcFileId="49" StartOffset="4903"/>
</LocList>
<BasicStmnt CovItemId="S25" CovItemPrefix="cabra.FontManager.java" Intrnl_Id="5915">
<LocList>
<Loc EndOffset="4831" SrcFileId="49" StartOffset="4756"/>
</LocList>
</BasicStmnt>
<BasicStmnt CovItemId="S26" CovItemPrefix="cabra.FontManager.java" Intrnl_Id="5916">
<LocList>
<Loc EndOffset="4894" SrcFileId="49" StartOffset="4840"/>
</LocList>
</BasicStmnt>
<BasicStmnt CovItemId="S27" CovItemPrefix="cabra.FontManager.java" Intrnl_Id="5917">
<LocList>
<Loc EndOffset="4920" SrcFileId="49" StartOffset="4903"/>
</LocList>
</BasicStmnt>
</StmntSeq>
</HierarchyLvl>
<HierarchyLvl HierarchyLvlId="1709" HierarchyLvlTypeId="67" Intrnl_Id="5918" Name="getFirstAvailableFontName">
<Header>
<Loc EndOffset="5245" SrcFileId="49" StartOffset="5177"/>
</Header>
<LocList>
<Loc EndOffset="5565" SrcFileId="49" StartOffset="5177"/>
</LocList>
<StmntSeq Intrnl_Id="5919">
<LocList>
<Loc EndOffset="5416" SrcFileId="49" StartOffset="5255"/>
<Loc EndOffset="5559" SrcFileId="49" StartOffset="5525"/>
</LocList>
<LoopStmnt CovItemId="S28" CovItemPrefix="cabra.FontManager.java" Intrnl_Id="5920" MltplExecId="L2-2" MltplExecPrefix="cabra.FontManager.java" NvrExecId="L2-0" NvrExecPrefix="cabra.FontManager.java" OnceExecutedId="L2-1" OnceExecutedPrefix="cabra.FontManager.java" OptBodyExec="true">
<StmntSeq Intrnl_Id="5921">
<LocList>
<Loc EndOffset="5406" SrcFileId="49" StartOffset="5301"/>
</LocList>
<CondStmnt CovItemId="S29" CovItemPrefix="cabra.FontManager.java" Intrnl_Id="5922">
<Branch CovItemId="B7" CovItemPrefix="cabra.FontManager.java" Implct="false" Intrnl_Id="5923">
<Cond/>
<LocList>
<Loc EndOffset="5406" SrcFileId="49" StartOffset="5326"/>
</LocList>
<StmntSeq Intrnl_Id="5924">
<LocList>
<Loc EndOffset="5392" SrcFileId="49" StartOffset="5376"/>
</LocList>
<BasicStmnt CovItemId="S30" CovItemPrefix="cabra.FontManager.java" Intrnl_Id="5925">
<LocList>
<Loc EndOffset="5392" SrcFileId="49" StartOffset="5376"/>
</LocList>
</BasicStmnt>
</StmntSeq>
</Branch>
<Branch CovItemId="B8" CovItemPrefix="cabra.FontManager.java" Implct="true" Intrnl_Id="5926">
<Cond/>
<LocList/>
<StmntSeq Intrnl_Id="5927">
<LocList/>
</StmntSeq>
</Branch>
<Keyword EndOffset="5303" SrcFileId="49" StartOffset="5301"/>
<LocList>
<Loc EndOffset="5406" SrcFileId="49" StartOffset="5301"/>
</LocList>
<RootTerm CovItemId="C4" CovItemPrefix="cabra.FontManager.java" Intrnl_Id="5928">
<BasicBoolTerm Intrnl_Id="5929">
<LocList>
<Loc EndOffset="5325" SrcFileId="49" StartOffset="5304"/>
</LocList>
</BasicBoolTerm>
</RootTerm>
</CondStmnt>
</StmntSeq>
<Keyword EndOffset="5258" SrcFileId="49" StartOffset="5255"/>
<LocList>
<Loc EndOffset="5416" SrcFileId="49" StartOffset="5255"/>
</LocList>
</LoopStmnt>
<BasicStmnt CovItemId="S31" CovItemPrefix="cabra.FontManager.java" Intrnl_Id="5930">
<LocList>
<Loc EndOffset="5559" SrcFileId="49" StartOffset="5525"/>
</LocList>
</BasicStmnt>
</StmntSeq>
</HierarchyLvl>
<HierarchyLvl HierarchyLvlId="1710" HierarchyLvlTypeId="67" Intrnl_Id="5931" Name="createFont">
<Header>
<Loc EndOffset="5959" SrcFileId="49" StartOffset="5888"/>
</Header>
<LocList>
<Loc EndOffset="6113" SrcFileId="49" StartOffset="5888"/>
</LocList>
<StmntSeq Intrnl_Id="5932">
<LocList>
<Loc EndOffset="6025" SrcFileId="49" StartOffset="5969"/>
<Loc EndOffset="6107" SrcFileId="49" StartOffset="6067"/>
</LocList>
<BasicStmnt CovItemId="S32" CovItemPrefix="cabra.FontManager.java" Intrnl_Id="5933">
<LocList>
<Loc EndOffset="6025" SrcFileId="49" StartOffset="5969"/>
</LocList>
</BasicStmnt>
<BasicStmnt CovItemId="S33" CovItemPrefix="cabra.FontManager.java" Intrnl_Id="5934">
<LocList>
<Loc EndOffset="6107" SrcFileId="49" StartOffset="6067"/>
</LocList>
</BasicStmnt>
</StmntSeq>
</HierarchyLvl>
<HierarchyLvl HierarchyLvlId="1711" HierarchyLvlTypeId="67" Intrnl_Id="5935" Name="createFont">
<Header>
<Loc EndOffset="6392" SrcFileId="49" StartOffset="6332"/>
</Header>
<LocList>
<Loc EndOffset="6455" SrcFileId="49" StartOffset="6332"/>
</LocList>
<StmntSeq Intrnl_Id="5936">
<LocList>
<Loc EndOffset="6449" SrcFileId="49" StartOffset="6402"/>
</LocList>
<BasicStmnt CovItemId="S34" CovItemPrefix="cabra.FontManager.java" Intrnl_Id="5937">
<LocList>
<Loc EndOffset="6449" SrcFileId="49" StartOffset="6402"/>
</LocList>
</BasicStmnt>
</StmntSeq>
</HierarchyLvl>
<HierarchyLvl HierarchyLvlId="1712" HierarchyLvlTypeId="67" Intrnl_Id="5938" Name="randomFontName">
<Header>
<Loc EndOffset="6616" SrcFileId="49" StartOffset="6579"/>
</Header>
<LocList>
<Loc EndOffset="6753" SrcFileId="49" StartOffset="6579"/>
</LocList>
<StmntSeq Intrnl_Id="5939">
<LocList>
<Loc EndOffset="6681" SrcFileId="49" StartOffset="6626"/>
<Loc EndOffset="6747" SrcFileId="49" StartOffset="6716"/>
</LocList>
<BasicStmnt CovItemId="S35" CovItemPrefix="cabra.FontManager.java" Intrnl_Id="5940">
<LocList>
<Loc EndOffset="6681" SrcFileId="49" StartOffset="6626"/>
</LocList>
</BasicStmnt>
<BasicStmnt CovItemId="S36" CovItemPrefix="cabra.FontManager.java" Intrnl_Id="5941">
<LocList>
<Loc EndOffset="6747" SrcFileId="49" StartOffset="6716"/>
</LocList>
</BasicStmnt>
</StmntSeq>
</HierarchyLvl>
</HierarchyLvl>
<HierarchyLvl HierarchyLvlId="1726" HierarchyLvlTypeId="66" Intrnl_Id="5942" Name="Deck">
<Header>
<Loc EndOffset="267" SrcFileId="50" StartOffset="235"/>
</Header>
<LocList>
<Loc EndOffset="3062" SrcFileId="50" StartOffset="235"/>
</LocList>
<StmntSeq Intrnl_Id="5943">
<LocList>
<Loc EndOffset="372" SrcFileId="50" StartOffset="340"/>
</LocList>
<BasicStmnt CovItemId="S1" CovItemPrefix="cabra.Deck.java" Intrnl_Id="5944">
<LocList>
<Loc EndOffset="372" SrcFileId="50" StartOffset="340"/>
</LocList>
</BasicStmnt>
</StmntSeq>
<HierarchyLvl HierarchyLvlId="1714" HierarchyLvlTypeId="67" Intrnl_Id="5945" Name="Deck">
<Header>
<Loc EndOffset="501" SrcFileId="50" StartOffset="488"/>
</Header>
<LocList>
<Loc EndOffset="573" SrcFileId="50" StartOffset="488"/>
</LocList>
<StmntSeq Intrnl_Id="5946">
<LocList>
<Loc EndOffset="541" SrcFileId="50" StartOffset="511"/>
<Loc EndOffset="567" SrcFileId="50" StartOffset="550"/>
</LocList>
<BasicStmnt CovItemId="S2" CovItemPrefix="cabra.Deck.java" Intrnl_Id="5947">
<LocList>
<Loc EndOffset="541" SrcFileId="50" StartOffset="511"/>
</LocList>
</BasicStmnt>
<BasicStmnt CovItemId="S3" CovItemPrefix="cabra.Deck.java" Intrnl_Id="5948">
<LocList>
<Loc EndOffset="567" SrcFileId="50" StartOffset="550"/>
</LocList>
</BasicStmnt>
</StmntSeq>
</HierarchyLvl>
<HierarchyLvl HierarchyLvlId="1715" HierarchyLvlTypeId="67" Intrnl_Id="5949" Name="getCards">
<Header>
<Loc EndOffset="616" SrcFileId="50" StartOffset="583"/>
</Header>
<LocList>
<Loc EndOffset="645" SrcFileId="50" StartOffset="583"/>
</LocList>
<StmntSeq Intrnl_Id="5950">
<LocList>
<Loc EndOffset="639" SrcFileId="50" StartOffset="626"/>
</LocList>
<BasicStmnt CovItemId="S4" CovItemPrefix="cabra.Deck.java" Intrnl_Id="5951">
<LocList>
<Loc EndOffset="639" SrcFileId="50" StartOffset="626"/>
</LocList>
</BasicStmnt>
</StmntSeq>
</HierarchyLvl>
<HierarchyLvl HierarchyLvlId="1716" HierarchyLvlTypeId="67" Intrnl_Id="5952" Name="getCurrentCard">
<Header>
<Loc EndOffset="683" SrcFileId="50" StartOffset="655"/>
</Header>
<LocList>
<Loc EndOffset="718" SrcFileId="50" StartOffset="655"/>
</LocList>
<StmntSeq Intrnl_Id="5953">
<LocList>
<Loc EndOffset="712" SrcFileId="50" StartOffset="693"/>
</LocList>
<BasicStmnt CovItemId="S5" CovItemPrefix="cabra.Deck.java" Intrnl_Id="5954">
<LocList>
<Loc EndOffset="712" SrcFileId="50" StartOffset="693"/>
</LocList>
</BasicStmnt>
</StmntSeq>
</HierarchyLvl>
<HierarchyLvl HierarchyLvlId="1717" HierarchyLvlTypeId="67" Intrnl_Id="5955" Name="makeCurrentCardNull">
<Header>
<Loc EndOffset="761" SrcFileId="50" StartOffset="728"/>
</Header>
<LocList>
<Loc EndOffset="796" SrcFileId="50" StartOffset="728"/>
</LocList>
<StmntSeq Intrnl_Id="5956">
<LocList>
<Loc EndOffset="790" SrcFileId="50" StartOffset="771"/>
</LocList>
<BasicStmnt CovItemId="S6" CovItemPrefix="cabra.Deck.java" Intrnl_Id="5957">
<LocList>
<Loc EndOffset="790" SrcFileId="50" StartOffset="771"/>
</LocList>
</BasicStmnt>
</StmntSeq>
</HierarchyLvl>
<HierarchyLvl HierarchyLvlId="1718" HierarchyLvlTypeId="67" Intrnl_Id="5958" Name="getCurrentIndex">
<Header>
<Loc EndOffset="834" SrcFileId="50" StartOffset="806"/>
</Header>
<LocList>
<Loc EndOffset="870" SrcFileId="50" StartOffset="806"/>
</LocList>
<StmntSeq Intrnl_Id="5959">
<LocList>
<Loc EndOffset="864" SrcFileId="50" StartOffset="844"/>
</LocList>
<BasicStmnt CovItemId="S7" CovItemPrefix="cabra.Deck.java" Intrnl_Id="5960">
<LocList>
<Loc EndOffset="864" SrcFileId="50" StartOffset="844"/>
</LocList>
</BasicStmnt>
</StmntSeq>
</HierarchyLvl>
<HierarchyLvl HierarchyLvlId="1719" HierarchyLvlTypeId="67" Intrnl_Id="5961" Name="numCards">
<Header>
<Loc EndOffset="901" SrcFileId="50" StartOffset="880"/>
</Header>
<LocList>
<Loc EndOffset="937" SrcFileId="50" StartOffset="880"/>
</LocList>
<StmntSeq Intrnl_Id="5962">
<LocList>
<Loc EndOffset="931" SrcFileId="50" StartOffset="911"/>
</LocList>
<BasicStmnt CovItemId="S8" CovItemPrefix="cabra.Deck.java" Intrnl_Id="5963">
<LocList>
<Loc EndOffset="931" SrcFileId="50" StartOffset="911"/>
</LocList>
</BasicStmnt>
</StmntSeq>
</HierarchyLvl>
<HierarchyLvl HierarchyLvlId="1720" HierarchyLvlTypeId="67" Intrnl_Id="5964" Name="numMatchingCards">
<Header>
<Loc EndOffset="1168" SrcFileId="50" StartOffset="1126"/>
</Header>
<LocList>
<Loc EndOffset="1385" SrcFileId="50" StartOffset="1126"/>
</LocList>
<StmntSeq Intrnl_Id="5965">
<LocList>
<Loc EndOffset="1198" SrcFileId="50" StartOffset="1178"/>
<Loc EndOffset="1338" SrcFileId="50" StartOffset="1216"/>
<Loc EndOffset="1379" SrcFileId="50" StartOffset="1360"/>
</LocList>
<BasicStmnt CovItemId="S9" CovItemPrefix="cabra.Deck.java" Intrnl_Id="5966">
<LocList>
<Loc EndOffset="1198" SrcFileId="50" StartOffset="1178"/>
</LocList>
</BasicStmnt>
<LoopStmnt CovItemId="S10" CovItemPrefix="cabra.Deck.java" Intrnl_Id="5967" MltplExecId="L1-2" MltplExecPrefix="cabra.Deck.java" NvrExecId="L1-0" NvrExecPrefix="cabra.Deck.java" OnceExecutedId="L1-1" OnceExecutedPrefix="cabra.Deck.java" OptBodyExec="true">
<StmntSeq Intrnl_Id="5968">
<LocList>
<Loc EndOffset="1328" SrcFileId="50" StartOffset="1252"/>
</LocList>
<CondStmnt CovItemId="S11" CovItemPrefix="cabra.Deck.java" Intrnl_Id="5969">
<Branch CovItemId="B1" CovItemPrefix="cabra.Deck.java" Implct="false" Intrnl_Id="5970">
<Cond/>
<LocList>
<Loc EndOffset="1328" SrcFileId="50" StartOffset="1282"/>
</LocList>
<StmntSeq Intrnl_Id="5971">
<LocList>
<Loc EndOffset="1314" SrcFileId="50" StartOffset="1300"/>
</LocList>
<BasicStmnt CovItemId="S12" CovItemPrefix="cabra.Deck.java" Intrnl_Id="5972">
<LocList>
<Loc EndOffset="1314" SrcFileId="50" StartOffset="1300"/>
</LocList>
</BasicStmnt>
</StmntSeq>
</Branch>
<Branch CovItemId="B2" CovItemPrefix="cabra.Deck.java" Implct="true" Intrnl_Id="5973">
<Cond/>
<LocList/>
<StmntSeq Intrnl_Id="5974">
<LocList/>
</StmntSeq>
</Branch>
<Keyword EndOffset="1254" SrcFileId="50" StartOffset="1252"/>
<LocList>
<Loc EndOffset="1328" SrcFileId="50" StartOffset="1252"/>
</LocList>
<RootTerm CovItemId="C1" CovItemPrefix="cabra.Deck.java" Intrnl_Id="5975">
<BasicBoolTerm Intrnl_Id="5976">
<LocList>
<Loc EndOffset="1281" SrcFileId="50" StartOffset="1255"/>
</LocList>
</BasicBoolTerm>
</RootTerm>
</CondStmnt>
</StmntSeq>
<Keyword EndOffset="1219" SrcFileId="50" StartOffset="1216"/>
<LocList>
<Loc EndOffset="1338" SrcFileId="50" StartOffset="1216"/>
</LocList>
</LoopStmnt>
<BasicStmnt CovItemId="S13" CovItemPrefix="cabra.Deck.java" Intrnl_Id="5977">
<LocList>
<Loc EndOffset="1379" SrcFileId="50" StartOffset="1360"/>
</LocList>
</BasicStmnt>
</StmntSeq>
</HierarchyLvl>
<HierarchyLvl HierarchyLvlId="1721" HierarchyLvlTypeId="67" Intrnl_Id="5978" Name="add">
<Header>
<Loc EndOffset="1421" SrcFileId="50" StartOffset="1395"/>
</Header>
<LocList>
<Loc EndOffset="1453" SrcFileId="50" StartOffset="1395"/>
</LocList>
<StmntSeq Intrnl_Id="5979">
<LocList>
<Loc EndOffset="1447" SrcFileId="50" StartOffset="1431"/>
</LocList>
<BasicStmnt CovItemId="S14" CovItemPrefix="cabra.Deck.java" Intrnl_Id="5980">
<LocList>
<Loc EndOffset="1447" SrcFileId="50" StartOffset="1431"/>
</LocList>
</BasicStmnt>
</StmntSeq>
</HierarchyLvl>
<HierarchyLvl HierarchyLvlId="1722" HierarchyLvlTypeId="67" Intrnl_Id="5981" Name="remove">
<Header>
<Loc EndOffset="1492" SrcFileId="50" StartOffset="1463"/>
</Header>
<LocList>
<Loc EndOffset="1527" SrcFileId="50" StartOffset="1463"/>
</LocList>
<StmntSeq Intrnl_Id="5982">
<LocList>
<Loc EndOffset="1521" SrcFileId="50" StartOffset="1502"/>
</LocList>
<BasicStmnt CovItemId="S15" CovItemPrefix="cabra.Deck.java" Intrnl_Id="5983">
<LocList>
<Loc EndOffset="1521" SrcFileId="50" StartOffset="1502"/>
</LocList>
</BasicStmnt>
</StmntSeq>
</HierarchyLvl>
<HierarchyLvl HierarchyLvlId="1723" HierarchyLvlTypeId="67" Intrnl_Id="5984" Name="shuffle">
<Header>
<Loc EndOffset="1673" SrcFileId="50" StartOffset="1652"/>
</Header>
<LocList>
<Loc EndOffset="2230" SrcFileId="50" StartOffset="1652"/>
</LocList>
<StmntSeq Intrnl_Id="5985">
<LocList>
<Loc EndOffset="1732" SrcFileId="50" StartOffset="1683"/>
<Loc EndOffset="2121" SrcFileId="50" StartOffset="1780"/>
<Loc EndOffset="2156" SrcFileId="50" StartOffset="2139"/>
<Loc EndOffset="2182" SrcFileId="50" StartOffset="2165"/>
</LocList>
<BasicStmnt CovItemId="S16" CovItemPrefix="cabra.Deck.java" Intrnl_Id="5986">
<LocList>
<Loc EndOffset="1732" SrcFileId="50" StartOffset="1683"/>
</LocList>
</BasicStmnt>
<LoopStmnt CovItemId="S17" CovItemPrefix="cabra.Deck.java" Intrnl_Id="5987" MltplExecId="L2-2" MltplExecPrefix="cabra.Deck.java" NvrExecId="L2-0" NvrExecPrefix="cabra.Deck.java" OnceExecutedId="L2-1" OnceExecutedPrefix="cabra.Deck.java" OptBodyExec="true">
<StmntSeq Intrnl_Id="5988">
<LocList>
<Loc EndOffset="1934" SrcFileId="50" StartOffset="1880"/>
<Loc EndOffset="1988" SrcFileId="50" StartOffset="1947"/>
<Loc EndOffset="2073" SrcFileId="50" StartOffset="2048"/>
<Loc EndOffset="2111" SrcFileId="50" StartOffset="2086"/>
</LocList>
<BasicStmnt CovItemId="S18" CovItemPrefix="cabra.Deck.java" Intrnl_Id="5989">
<LocList>
<Loc EndOffset="1934" SrcFileId="50" StartOffset="1880"/>
</LocList>
</BasicStmnt>
<BasicStmnt CovItemId="S19" CovItemPrefix="cabra.Deck.java" Intrnl_Id="5990">
<LocList>
<Loc EndOffset="1988" SrcFileId="50" StartOffset="1947"/>
</LocList>
</BasicStmnt>
<BasicStmnt CovItemId="S20" CovItemPrefix="cabra.Deck.java" Intrnl_Id="5991">
<LocList>
<Loc EndOffset="2073" SrcFileId="50" StartOffset="2048"/>
</LocList>
</BasicStmnt>
<BasicStmnt CovItemId="S21" CovItemPrefix="cabra.Deck.java" Intrnl_Id="5992">
<LocList>
<Loc EndOffset="2111" SrcFileId="50" StartOffset="2086"/>
</LocList>
</BasicStmnt>
</StmntSeq>
<Keyword EndOffset="1785" SrcFileId="50" StartOffset="1780"/>
<LocList>
<Loc EndOffset="2121" SrcFileId="50" StartOffset="1780"/>
</LocList>
<RootTerm CovItemId="C2" CovItemPrefix="cabra.Deck.java" Intrnl_Id="5993">
<BasicBoolTerm Intrnl_Id="5994">
<LocList>
<Loc EndOffset="1810" SrcFileId="50" StartOffset="1786"/>
</LocList>
</BasicBoolTerm>
</RootTerm>
</LoopStmnt>
<BasicStmnt CovItemId="S22" CovItemPrefix="cabra.Deck.java" Intrnl_Id="5995">
<LocList>
<Loc EndOffset="2156" SrcFileId="50" StartOffset="2139"/>
</LocList>
</BasicStmnt>
<BasicStmnt CovItemId="S23" CovItemPrefix="cabra.Deck.java" Intrnl_Id="5996">
<LocList>
<Loc EndOffset="2182" SrcFileId="50" StartOffset="2165"/>
</LocList>
</BasicStmnt>
</StmntSeq>
</HierarchyLvl>
<HierarchyLvl HierarchyLvlId="1724" HierarchyLvlTypeId="67" Intrnl_Id="5997" Name="nextCard">
<Header>
<Loc EndOffset="2369" SrcFileId="50" StartOffset="2346"/>
</Header>
<LocList>
<Loc EndOffset="2841" SrcFileId="50" StartOffset="2346"/>
</LocList>
<StmntSeq Intrnl_Id="5998">
<LocList>
<Loc EndOffset="2396" SrcFileId="50" StartOffset="2379"/>
<Loc EndOffset="2453" SrcFileId="50" StartOffset="2422"/>
<Loc EndOffset="2662" SrcFileId="50" StartOffset="2405"/>
<Loc EndOffset="2686" SrcFileId="50" StartOffset="2671"/>
<Loc EndOffset="2814" SrcFileId="50" StartOffset="2695"/>
<Loc EndOffset="2835" SrcFileId="50" StartOffset="2823"/>
</LocList>
<BasicStmnt CovItemId="S24" CovItemPrefix="cabra.Deck.java" Intrnl_Id="5999">
<LocList>
<Loc EndOffset="2396" SrcFileId="50" StartOffset="2379"/>
</LocList>
</BasicStmnt>
<BasicStmnt CovItemId="S26" CovItemPrefix="cabra.Deck.java" Intrnl_Id="6000">
<LocList>
<Loc EndOffset="2453" SrcFileId="50" StartOffset="2422"/>
</LocList>
</BasicStmnt>
<CondStmnt CovItemId="S25" CovItemPrefix="cabra.Deck.java" Intrnl_Id="6001">
<Branch CovItemId="B3" CovItemPrefix="cabra.Deck.java" Implct="true" Intrnl_Id="6002">
<Cond/>
<LocList/>
<StmntSeq Intrnl_Id="6003">
<LocList/>
</StmntSeq>
</Branch>
<Branch CovItemId="B4" CovItemPrefix="cabra.Deck.java" Implct="false" Intrnl_Id="6004">
<Cond>
<Loc EndOffset="2506" SrcFileId="50" StartOffset="2472"/>
</Cond>
<LocList>
<Loc EndOffset="2662" SrcFileId="50" StartOffset="2506"/>
</LocList>
<StmntSeq Intrnl_Id="6005">
<LocList>
<Loc EndOffset="2601" SrcFileId="50" StartOffset="2591"/>
<Loc EndOffset="2632" SrcFileId="50" StartOffset="2614"/>
</LocList>
<BasicStmnt CovItemId="S27" CovItemPrefix="cabra.Deck.java" Intrnl_Id="6006">
<LocList>
<Loc EndOffset="2601" SrcFileId="50" StartOffset="2591"/>
</LocList>
</BasicStmnt>
<BasicStmnt CovItemId="S28" CovItemPrefix="cabra.Deck.java" Intrnl_Id="6007">
<LocList>
<Loc EndOffset="2632" SrcFileId="50" StartOffset="2614"/>
</LocList>
</BasicStmnt>
</StmntSeq>
</Branch>
<Keyword EndOffset="2408" SrcFileId="50" StartOffset="2405"/>
<LocList>
<Loc EndOffset="2662" SrcFileId="50" StartOffset="2405"/>
</LocList>
</CondStmnt>
<BasicStmnt CovItemId="S29" CovItemPrefix="cabra.Deck.java" Intrnl_Id="6008">
<LocList>
<Loc EndOffset="2686" SrcFileId="50" StartOffset="2671"/>
</LocList>
</BasicStmnt>
<CondStmnt CovItemId="S30" CovItemPrefix="cabra.Deck.java" Intrnl_Id="6009">
<Branch CovItemId="B5" CovItemPrefix="cabra.Deck.java" Implct="false" Intrnl_Id="6010">
<Cond/>
<LocList>
<Loc EndOffset="2814" SrcFileId="50" StartOffset="2727"/>
</LocList>
<StmntSeq Intrnl_Id="6011">
<LocList>
<Loc EndOffset="2788" SrcFileId="50" StartOffset="2778"/>
</LocList>
<BasicStmnt CovItemId="S31" CovItemPrefix="cabra.Deck.java" Intrnl_Id="6012">
<LocList>
<Loc EndOffset="2788" SrcFileId="50" StartOffset="2778"/>
</LocList>
</BasicStmnt>
</StmntSeq>
</Branch>
<Branch CovItemId="B6" CovItemPrefix="cabra.Deck.java" Implct="true" Intrnl_Id="6013">
<Cond/>
<LocList/>
<StmntSeq Intrnl_Id="6014">
<LocList/>
</StmntSeq>
</Branch>
<Keyword EndOffset="2697" SrcFileId="50" StartOffset="2695"/>
<LocList>
<Loc EndOffset="2814" SrcFileId="50" StartOffset="2695"/>
</LocList>
<RootTerm CovItemId="C3" CovItemPrefix="cabra.Deck.java" Intrnl_Id="6015">
<BasicBoolTerm Intrnl_Id="6016">
<LocList>
<Loc EndOffset="2726" SrcFileId="50" StartOffset="2698"/>
</LocList>
</BasicBoolTerm>
</RootTerm>
</CondStmnt>
<BasicStmnt CovItemId="S32" CovItemPrefix="cabra.Deck.java" Intrnl_Id="6017">
<LocList>
<Loc EndOffset="2835" SrcFileId="50" StartOffset="2823"/>
</LocList>
</BasicStmnt>
</StmntSeq>
</HierarchyLvl>
<HierarchyLvl HierarchyLvlId="1725" HierarchyLvlTypeId="67" Intrnl_Id="6018" Name="getCard">
<Header>
<Loc EndOffset="2872" SrcFileId="50" StartOffset="2851"/>
</Header>
<LocList>
<Loc EndOffset="3051" SrcFileId="50" StartOffset="2851"/>
</LocList>
<StmntSeq Intrnl_Id="6019">
<LocList>
<Loc EndOffset="2935" SrcFileId="50" StartOffset="2891"/>
<Loc EndOffset="2998" SrcFileId="50" StartOffset="2973"/>
<Loc EndOffset="3031" SrcFileId="50" StartOffset="3012"/>
</LocList>
<CondStmnt CovItemId="S33" CovItemPrefix="cabra.Deck.java" Intrnl_Id="6020">
<Branch CovItemId="B7" CovItemPrefix="cabra.Deck.java" Implct="false" Intrnl_Id="6021">
<Cond/>
<LocList>
<Loc EndOffset="2935" SrcFileId="50" StartOffset="2923"/>
</LocList>
<StmntSeq Intrnl_Id="6022">
<LocList>
<Loc EndOffset="2935" SrcFileId="50" StartOffset="2923"/>
</LocList>
<BasicStmnt CovItemId="S34" CovItemPrefix="cabra.Deck.java" Intrnl_Id="6023">
<LocList>
<Loc EndOffset="2935" SrcFileId="50" StartOffset="2923"/>
</LocList>
</BasicStmnt>
</StmntSeq>
</Branch>
<Branch CovItemId="B8" CovItemPrefix="cabra.Deck.java" Implct="true" Intrnl_Id="6024">
<Cond/>
<LocList/>
<StmntSeq Intrnl_Id="6025">
<LocList/>
</StmntSeq>
</Branch>
<Keyword EndOffset="2893" SrcFileId="50" StartOffset="2891"/>
<LocList>
<Loc EndOffset="2935" SrcFileId="50" StartOffset="2891"/>
</LocList>
<RootTerm CovItemId="C4" CovItemPrefix="cabra.Deck.java" Intrnl_Id="6026">
<BasicBoolTerm Intrnl_Id="6027">
<LocList>
<Loc EndOffset="2909" SrcFileId="50" StartOffset="2894"/>
</LocList>
</BasicBoolTerm>
</RootTerm>
</CondStmnt>
<BasicStmnt CovItemId="S35" CovItemPrefix="cabra.Deck.java" Intrnl_Id="6028">
<LocList>
<Loc EndOffset="2998" SrcFileId="50" StartOffset="2973"/>
</LocList>
</BasicStmnt>
<BasicStmnt CovItemId="S36" CovItemPrefix="cabra.Deck.java" Intrnl_Id="6029">
<LocList>
<Loc EndOffset="3031" SrcFileId="50" StartOffset="3012"/>
</LocList>
</BasicStmnt>
</StmntSeq>
</HierarchyLvl>
</HierarchyLvl>
<HierarchyLvl HierarchyLvlId="1754" HierarchyLvlTypeId="66" Intrnl_Id="6030" Name="Controller">
<Header>
<Loc EndOffset="389" SrcFileId="51" StartOffset="345"/>
</Header>
<LocList>
<Loc EndOffset="19014" SrcFileId="51" StartOffset="345"/>
</LocList>
<StmntSeq Intrnl_Id="6031">
<LocList>
<Loc EndOffset="752" SrcFileId="51" StartOffset="698"/>
</LocList>
<BasicStmnt CovItemId="S1" CovItemPrefix="cabra.Controller.java" Intrnl_Id="6032">
<LocList>
<Loc EndOffset="752" SrcFileId="51" StartOffset="698"/>
</LocList>
</BasicStmnt>
</StmntSeq>
<HierarchyLvl HierarchyLvlId="1727" HierarchyLvlTypeId="67" Intrnl_Id="6033" Name="Controller">
<Header>
<Loc EndOffset="781" SrcFileId="51" StartOffset="762"/>
</Header>
<LocList>
<Loc EndOffset="6808" SrcFileId="51" StartOffset="762"/>
</LocList>
<StmntSeq Intrnl_Id="6034">
<LocList>
<Loc EndOffset="1541" SrcFileId="51" StartOffset="1516"/>
<Loc EndOffset="1839" SrcFileId="51" StartOffset="1608"/>
<Loc EndOffset="1873" SrcFileId="51" StartOffset="1857"/>
<Loc EndOffset="2042" SrcFileId="51" StartOffset="2008"/>
<Loc EndOffset="2645" SrcFileId="51" StartOffset="1991"/>
<Loc EndOffset="2841" SrcFileId="51" StartOffset="2705"/>
<Loc EndOffset="2952" SrcFileId="51" StartOffset="2893"/>
<Loc EndOffset="3045" SrcFileId="51" StartOffset="3014"/>
<Loc EndOffset="3094" SrcFileId="51" StartOffset="3054"/>
<Loc EndOffset="3456" SrcFileId="51" StartOffset="3149"/>
<Loc EndOffset="3532" SrcFileId="51" StartOffset="3466"/>
<Loc EndOffset="3557" SrcFileId="51" StartOffset="3541"/>
<Loc EndOffset="3598" SrcFileId="51" StartOffset="3575"/>
<Loc EndOffset="4107" SrcFileId="51" StartOffset="3646"/>
<Loc EndOffset="4254" SrcFileId="51" StartOffset="4175"/>
<Loc EndOffset="5474" SrcFileId="51" StartOffset="4263"/>
<Loc EndOffset="6065" SrcFileId="51" StartOffset="5605"/>
<Loc EndOffset="6235" SrcFileId="51" StartOffset="6164"/>
<Loc EndOffset="6301" SrcFileId="51" StartOffset="6244"/>
<Loc EndOffset="6390" SrcFileId="51" StartOffset="6310"/>
<Loc EndOffset="6594" SrcFileId="51" StartOffset="6399"/>
<Loc EndOffset="6625" SrcFileId="51" StartOffset="6612"/>
<Loc EndOffset="6648" SrcFileId="51" StartOffset="6634"/>
<Loc EndOffset="6802" SrcFileId="51" StartOffset="1415"/>
</LocList>
<BasicStmnt CovItemId="S3" CovItemPrefix="cabra.Controller.java" Intrnl_Id="6035">
<LocList>
<Loc EndOffset="1541" SrcFileId="51" StartOffset="1516"/>
</LocList>
</BasicStmnt>
<CondStmnt CovItemId="S4" CovItemPrefix="cabra.Controller.java" Intrnl_Id="6036">
<Branch CovItemId="B2" CovItemPrefix="cabra.Controller.java" Implct="false" Intrnl_Id="6037">
<Cond/>
<LocList>
<Loc EndOffset="1839" SrcFileId="51" StartOffset="1657"/>
</LocList>
<StmntSeq Intrnl_Id="6038">
<LocList>
<Loc EndOffset="1707" SrcFileId="51" StartOffset="1671"/>
<Loc EndOffset="1829" SrcFileId="51" StartOffset="1813"/>
</LocList>
<BasicStmnt CovItemId="S5" CovItemPrefix="cabra.Controller.java" Intrnl_Id="6039">
<LocList>
<Loc EndOffset="1707" SrcFileId="51" StartOffset="1671"/>
</LocList>
</BasicStmnt>
<BasicStmnt CovItemId="S6" CovItemPrefix="cabra.Controller.java" Intrnl_Id="6040">
<LocList>
<Loc EndOffset="1829" SrcFileId="51" StartOffset="1813"/>
</LocList>
</BasicStmnt>
</StmntSeq>
</Branch>
<Branch CovItemId="B3" CovItemPrefix="cabra.Controller.java" Implct="true" Intrnl_Id="6041">
<Cond/>
<LocList/>
<StmntSeq Intrnl_Id="6042">
<LocList/>
</StmntSeq>
</Branch>
<Keyword EndOffset="1610" SrcFileId="51" StartOffset="1608"/>
<LocList>
<Loc EndOffset="1839" SrcFileId="51" StartOffset="1608"/>
</LocList>
<RootTerm CovItemId="C1" CovItemPrefix="cabra.Controller.java" Intrnl_Id="6043">
<BasicBoolTerm Intrnl_Id="6044">
<LocList>
<Loc EndOffset="1656" SrcFileId="51" StartOffset="1611"/>
</LocList>
</BasicBoolTerm>
</RootTerm>
</CondStmnt>
<BasicStmnt CovItemId="S7" CovItemPrefix="cabra.Controller.java" Intrnl_Id="6045">
<LocList>
<Loc EndOffset="1873" SrcFileId="51" StartOffset="1857"/>
</LocList>
</BasicStmnt>
<BasicStmnt CovItemId="S9" CovItemPrefix="cabra.Controller.java" Intrnl_Id="6046">
<LocList>
<Loc EndOffset="2042" SrcFileId="51" StartOffset="2008"/>
</LocList>
</BasicStmnt>
<CondStmnt CovItemId="S8" CovItemPrefix="cabra.Controller.java" Intrnl_Id="6047">
<Branch CovItemId="B4" CovItemPrefix="cabra.Controller.java" Implct="true" Intrnl_Id="6048">
<Cond/>
<LocList/>
<StmntSeq Intrnl_Id="6049">
<LocList/>
</StmntSeq>
</Branch>
<Branch CovItemId="B5" CovItemPrefix="cabra.Controller.java" Implct="false" Intrnl_Id="6050">
<Cond>
<Loc EndOffset="2093" SrcFileId="51" StartOffset="2061"/>
</Cond>
<LocList>
<Loc EndOffset="2645" SrcFileId="51" StartOffset="2093"/>
</LocList>
<StmntSeq Intrnl_Id="6051">
<LocList>
<Loc EndOffset="2438" SrcFileId="51" StartOffset="2276"/>
<Loc EndOffset="2547" SrcFileId="51" StartOffset="2521"/>
<Loc EndOffset="2635" SrcFileId="51" StartOffset="2601"/>
</LocList>
<BasicStmnt CovItemId="S10" CovItemPrefix="cabra.Controller.java" Intrnl_Id="6052">
<LocList>
<Loc EndOffset="2438" SrcFileId="51" StartOffset="2276"/>
</LocList>
</BasicStmnt>
<BasicStmnt CovItemId="S11" CovItemPrefix="cabra.Controller.java" Intrnl_Id="6053">
<LocList>
<Loc EndOffset="2547" SrcFileId="51" StartOffset="2521"/>
</LocList>
</BasicStmnt>
<BasicStmnt CovItemId="S12" CovItemPrefix="cabra.Controller.java" Intrnl_Id="6054">
<LocList>
<Loc EndOffset="2635" SrcFileId="51" StartOffset="2601"/>
</LocList>
</BasicStmnt>
</StmntSeq>
</Branch>
<Keyword EndOffset="1994" SrcFileId="51" StartOffset="1991"/>
<LocList>
<Loc EndOffset="2645" SrcFileId="51" StartOffset="1991"/>
</LocList>
</CondStmnt>
<BasicStmnt CovItemId="S13" CovItemPrefix="cabra.Controller.java" Intrnl_Id="6055">
<LocList>
<Loc EndOffset="2841" SrcFileId="51" StartOffset="2705"/>
</LocList>
</BasicStmnt>
<BasicStmnt CovItemId="S14" CovItemPrefix="cabra.Controller.java" Intrnl_Id="6056">
<LocList>
<Loc EndOffset="2952" SrcFileId="51" StartOffset="2893"/>
</LocList>
</BasicStmnt>
<BasicStmnt CovItemId="S15" CovItemPrefix="cabra.Controller.java" Intrnl_Id="6057">
<LocList>
<Loc EndOffset="3045" SrcFileId="51" StartOffset="3014"/>
</LocList>
</BasicStmnt>
<BasicStmnt CovItemId="S16" CovItemPrefix="cabra.Controller.java" Intrnl_Id="6058">
<LocList>
<Loc EndOffset="3094" SrcFileId="51" StartOffset="3054"/>
</LocList>
</BasicStmnt>
<CondStmnt CovItemId="S17" CovItemPrefix="cabra.Controller.java" Intrnl_Id="6059">
<Branch CovItemId="B6" CovItemPrefix="cabra.Controller.java" Implct="false" Intrnl_Id="6060">
<Cond/>
<LocList>
<Loc EndOffset="3248" SrcFileId="51" StartOffset="3171"/>
</LocList>
<StmntSeq Intrnl_Id="6061">
<LocList>
<Loc EndOffset="3238" SrcFileId="51" StartOffset="3217"/>
</LocList>
<BasicStmnt CovItemId="S18" CovItemPrefix="cabra.Controller.java" Intrnl_Id="6062">
<LocList>
<Loc EndOffset="3238" SrcFileId="51" StartOffset="3217"/>
</LocList>
</BasicStmnt>
</StmntSeq>
</Branch>
<Branch CovItemId="B7" CovItemPrefix="cabra.Controller.java" Implct="false" Intrnl_Id="6063">
<Cond>
<Loc EndOffset="3261" SrcFileId="51" StartOffset="3257"/>
</Cond>
<LocList>
<Loc EndOffset="3456" SrcFileId="51" StartOffset="3261"/>
</LocList>
<StmntSeq Intrnl_Id="6064">
<LocList>
<Loc EndOffset="3367" SrcFileId="51" StartOffset="3316"/>
<Loc EndOffset="3446" SrcFileId="51" StartOffset="3410"/>
</LocList>
<BasicStmnt CovItemId="S19" CovItemPrefix="cabra.Controller.java" Intrnl_Id="6065">
<LocList>
<Loc EndOffset="3367" SrcFileId="51" StartOffset="3316"/>
</LocList>
</BasicStmnt>
<BasicStmnt CovItemId="S20" CovItemPrefix="cabra.Controller.java" Intrnl_Id="6066">
<LocList>
<Loc EndOffset="3446" SrcFileId="51" StartOffset="3410"/>
</LocList>
</BasicStmnt>
</StmntSeq>
</Branch>
<Keyword EndOffset="3151" SrcFileId="51" StartOffset="3149"/>
<LocList>
<Loc EndOffset="3456" SrcFileId="51" StartOffset="3149"/>
</LocList>
<RootTerm CovItemId="C2" CovItemPrefix="cabra.Controller.java" Intrnl_Id="6067">
<BasicBoolTerm Intrnl_Id="6068">
<LocList>
<Loc EndOffset="3170" SrcFileId="51" StartOffset="3152"/>
</LocList>
</BasicBoolTerm>
</RootTerm>
</CondStmnt>
<BasicStmnt CovItemId="S21" CovItemPrefix="cabra.Controller.java" Intrnl_Id="6069">
<LocList>
<Loc EndOffset="3532" SrcFileId="51" StartOffset="3466"/>
</LocList>
</BasicStmnt>
<BasicStmnt CovItemId="S22" CovItemPrefix="cabra.Controller.java" Intrnl_Id="6070">
<LocList>
<Loc EndOffset="3557" SrcFileId="51" StartOffset="3541"/>
</LocList>
</BasicStmnt>
<BasicStmnt CovItemId="S23" CovItemPrefix="cabra.Controller.java" Intrnl_Id="6071">
<LocList>
<Loc EndOffset="3598" SrcFileId="51" StartOffset="3575"/>
</LocList>
</BasicStmnt>
<CondStmnt CovItemId="S24" CovItemPrefix="cabra.Controller.java" Intrnl_Id="6072">
<Branch CovItemId="B8" CovItemPrefix="cabra.Controller.java" Implct="false" Intrnl_Id="6073">
<Cond/>
<LocList>
<Loc EndOffset="4107" SrcFileId="51" StartOffset="3658"/>
</LocList>
<StmntSeq Intrnl_Id="6074">
<LocList>
<Loc EndOffset="3854" SrcFileId="51" StartOffset="3698"/>
<Loc EndOffset="3978" SrcFileId="51" StartOffset="3933"/>
</LocList>
<BasicStmnt CovItemId="S25" CovItemPrefix="cabra.Controller.java" Intrnl_Id="6075">
<LocList>
<Loc EndOffset="3854" SrcFileId="51" StartOffset="3698"/>
</LocList>
</BasicStmnt>
<BasicStmnt CovItemId="S26" CovItemPrefix="cabra.Controller.java" Intrnl_Id="6076">
<LocList>
<Loc EndOffset="3978" SrcFileId="51" StartOffset="3933"/>
</LocList>
</BasicStmnt>
</StmntSeq>
</Branch>
<Branch CovItemId="B9" CovItemPrefix="cabra.Controller.java" Implct="true" Intrnl_Id="6077">
<Cond/>
<LocList/>
<StmntSeq Intrnl_Id="6078">
<LocList/>
</StmntSeq>
</Branch>
<Keyword EndOffset="3648" SrcFileId="51" StartOffset="3646"/>
<LocList>
<Loc EndOffset="4107" SrcFileId="51" StartOffset="3646"/>
</LocList>
<RootTerm CovItemId="C3" CovItemPrefix="cabra.Controller.java" Intrnl_Id="6079">
<BasicBoolTerm Intrnl_Id="6080">
<LocList>
<Loc EndOffset="3657" SrcFileId="51" StartOffset="3649"/>
</LocList>
</BasicBoolTerm>
</RootTerm>
</CondStmnt>
<BasicStmnt CovItemId="S27" CovItemPrefix="cabra.Controller.java" Intrnl_Id="6081">
<LocList>
<Loc EndOffset="4254" SrcFileId="51" StartOffset="4175"/>
</LocList>
</BasicStmnt>
<CondStmnt CovItemId="S28" CovItemPrefix="cabra.Controller.java" Intrnl_Id="6082">
<Branch CovItemId="B10" CovItemPrefix="cabra.Controller.java" Implct="false" Intrnl_Id="6083">
<Cond/>
<LocList>
<Loc EndOffset="5474" SrcFileId="51" StartOffset="4287"/>
</LocList>
<StmntSeq Intrnl_Id="6084">
<LocList>
<Loc EndOffset="4461" SrcFileId="51" StartOffset="4430"/>
<Loc EndOffset="4519" SrcFileId="51" StartOffset="4474"/>
<Loc EndOffset="5260" SrcFileId="51" StartOffset="4574"/>
<Loc EndOffset="5464" SrcFileId="51" StartOffset="5326"/>
</LocList>
<BasicStmnt CovItemId="S29" CovItemPrefix="cabra.Controller.java" Intrnl_Id="6085">
<LocList>
<Loc EndOffset="4461" SrcFileId="51" StartOffset="4430"/>
</LocList>
</BasicStmnt>
<BasicStmnt CovItemId="S30" CovItemPrefix="cabra.Controller.java" Intrnl_Id="6086">
<LocList>
<Loc EndOffset="4519" SrcFileId="51" StartOffset="4474"/>
</LocList>
</BasicStmnt>
<CondStmnt CovItemId="S31" CovItemPrefix="cabra.Controller.java" Intrnl_Id="6087">
<Branch CovItemId="B12" CovItemPrefix="cabra.Controller.java" Implct="false" Intrnl_Id="6088">
<Cond/>
<LocList>
<Loc EndOffset="4985" SrcFileId="51" StartOffset="4591"/>
</LocList>
<StmntSeq Intrnl_Id="6089">
<LocList/>
</StmntSeq>
</Branch>
<Branch CovItemId="B13" CovItemPrefix="cabra.Controller.java" Implct="false" Intrnl_Id="6090">
<Cond>
<Loc EndOffset="5002" SrcFileId="51" StartOffset="4998"/>
</Cond>
<LocList>
<Loc EndOffset="5260" SrcFileId="51" StartOffset="5002"/>
</LocList>
<StmntSeq Intrnl_Id="6091">
<LocList/>
</StmntSeq>
</Branch>
<Keyword EndOffset="4576" SrcFileId="51" StartOffset="4574"/>
<LocList>
<Loc EndOffset="5260" SrcFileId="51" StartOffset="4574"/>
</LocList>
<RootTerm CovItemId="C5" CovItemPrefix="cabra.Controller.java" Intrnl_Id="6092">
<BasicBoolTerm Intrnl_Id="6093">
<LocList>
<Loc EndOffset="4590" SrcFileId="51" StartOffset="4577"/>
</LocList>
</BasicBoolTerm>
</RootTerm>
</CondStmnt>
<CondStmnt CovItemId="S32" CovItemPrefix="cabra.Controller.java" Intrnl_Id="6094">
<Branch CovItemId="B14" CovItemPrefix="cabra.Controller.java" Implct="false" Intrnl_Id="6095">
<Cond/>
<LocList>
<Loc EndOffset="5393" SrcFileId="51" StartOffset="5363"/>
</LocList>
<StmntSeq Intrnl_Id="6096">
<LocList>
<Loc EndOffset="5393" SrcFileId="51" StartOffset="5363"/>
</LocList>
<BasicStmnt CovItemId="S33" CovItemPrefix="cabra.Controller.java" Intrnl_Id="6097">
<LocList>
<Loc EndOffset="5393" SrcFileId="51" StartOffset="5363"/>
</LocList>
</BasicStmnt>
</StmntSeq>
</Branch>
<Branch CovItemId="B15" CovItemPrefix="cabra.Controller.java" Implct="false" Intrnl_Id="6098">
<Cond>
<Loc EndOffset="5410" SrcFileId="51" StartOffset="5406"/>
</Cond>
<LocList>
<Loc EndOffset="5464" SrcFileId="51" StartOffset="5427"/>
</LocList>
<StmntSeq Intrnl_Id="6099">
<LocList>
<Loc EndOffset="5464" SrcFileId="51" StartOffset="5427"/>
</LocList>
<BasicStmnt CovItemId="S34" CovItemPrefix="cabra.Controller.java" Intrnl_Id="6100">
<LocList>
<Loc EndOffset="5464" SrcFileId="51" StartOffset="5427"/>
</LocList>
</BasicStmnt>
</StmntSeq>
</Branch>
<Keyword EndOffset="5328" SrcFileId="51" StartOffset="5326"/>
<LocList>
<Loc EndOffset="5464" SrcFileId="51" StartOffset="5326"/>
</LocList>
<RootTerm CovItemId="C6" CovItemPrefix="cabra.Controller.java" Intrnl_Id="6101">
<BasicBoolTerm Intrnl_Id="6102">
<LocList>
<Loc EndOffset="5345" SrcFileId="51" StartOffset="5329"/>
</LocList>
</BasicBoolTerm>
</RootTerm>
</CondStmnt>
</StmntSeq>
</Branch>
<Branch CovItemId="B11" CovItemPrefix="cabra.Controller.java" Implct="true" Intrnl_Id="6103">
<Cond/>
<LocList/>
<StmntSeq Intrnl_Id="6104">
<LocList/>
</StmntSeq>
</Branch>
<Keyword EndOffset="4265" SrcFileId="51" StartOffset="4263"/>
<LocList>
<Loc EndOffset="5474" SrcFileId="51" StartOffset="4263"/>
</LocList>
<RootTerm CovItemId="C4" CovItemPrefix="cabra.Controller.java" Intrnl_Id="6105">
<OpTerm BooleanOpId="61" Intrnl_Id="6106">
<OpTerm BooleanOpId="60" Intrnl_Id="6107">
<BasicBoolTerm Intrnl_Id="6108">
<LocList>
<Loc EndOffset="4275" SrcFileId="51" StartOffset="4267"/>
</LocList>
</BasicBoolTerm>
<LocList>
<Loc EndOffset="4267" SrcFileId="51" StartOffset="4266"/>
</LocList>
</OpTerm>
<BasicBoolTerm Intrnl_Id="6109">
<LocList>
<Loc EndOffset="4286" SrcFileId="51" StartOffset="4279"/>
</LocList>
</BasicBoolTerm>
<LocList>
<Loc EndOffset="4278" SrcFileId="51" StartOffset="4276"/>
</LocList>
</OpTerm>
</RootTerm>
</CondStmnt>
<CondStmnt CovItemId="S35" CovItemPrefix="cabra.Controller.java" Intrnl_Id="6110">
<Branch CovItemId="B16" CovItemPrefix="cabra.Controller.java" Implct="false" Intrnl_Id="6111">
<Cond/>
<LocList>
<Loc EndOffset="6065" SrcFileId="51" StartOffset="5669"/>
</LocList>
<StmntSeq Intrnl_Id="6112">
<LocList>
<Loc EndOffset="5754" SrcFileId="51" StartOffset="5710"/>
<Loc EndOffset="6011" SrcFileId="51" StartOffset="5767"/>
<Loc EndOffset="6055" SrcFileId="51" StartOffset="6024"/>
</LocList>
<BasicStmnt CovItemId="S36" CovItemPrefix="cabra.Controller.java" Intrnl_Id="6113">
<LocList>
<Loc EndOffset="5754" SrcFileId="51" StartOffset="5710"/>
</LocList>
</BasicStmnt>
<BasicStmnt CovItemId="S37" CovItemPrefix="cabra.Controller.java" Intrnl_Id="6114">
<LocList>
<Loc EndOffset="6011" SrcFileId="51" StartOffset="5767"/>
</LocList>
</BasicStmnt>
<BasicStmnt CovItemId="S38" CovItemPrefix="cabra.Controller.java" Intrnl_Id="6115">
<LocList>
<Loc EndOffset="6055" SrcFileId="51" StartOffset="6024"/>
</LocList>
</BasicStmnt>
</StmntSeq>
</Branch>
<Branch CovItemId="B17" CovItemPrefix="cabra.Controller.java" Implct="true" Intrnl_Id="6116">
<Cond/>
<LocList/>
<StmntSeq Intrnl_Id="6117">
<LocList/>
</StmntSeq>
</Branch>
<Keyword EndOffset="5607" SrcFileId="51" StartOffset="5605"/>
<LocList>
<Loc EndOffset="6065" SrcFileId="51" StartOffset="5605"/>
</LocList>
<RootTerm CovItemId="C7" CovItemPrefix="cabra.Controller.java" Intrnl_Id="6118">
<OpTerm BooleanOpId="61" Intrnl_Id="6119">
<OpTerm BooleanOpId="61" Intrnl_Id="6120">
<OpTerm BooleanOpId="60" Intrnl_Id="6121">
<BasicBoolTerm Intrnl_Id="6122">
<LocList>
<Loc EndOffset="5617" SrcFileId="51" StartOffset="5609"/>
</LocList>
</BasicBoolTerm>
<LocList>
<Loc EndOffset="5609" SrcFileId="51" StartOffset="5608"/>
</LocList>
</OpTerm>
<OpTerm BooleanOpId="60" Intrnl_Id="6123">
<BasicBoolTerm Intrnl_Id="6124">
<LocList>
<Loc EndOffset="5629" SrcFileId="51" StartOffset="5622"/>
</LocList>
</BasicBoolTerm>
<LocList>
<Loc EndOffset="5622" SrcFileId="51" StartOffset="5621"/>
</LocList>
</OpTerm>
<LocList>
<Loc EndOffset="5620" SrcFileId="51" StartOffset="5618"/>
</LocList>
</OpTerm>
<BasicBoolTerm Intrnl_Id="6125">
<LocList>
<Loc EndOffset="5668" SrcFileId="51" StartOffset="5633"/>
</LocList>
</BasicBoolTerm>
<LocList>
<Loc EndOffset="5632" SrcFileId="51" StartOffset="5630"/>
</LocList>
</OpTerm>
</RootTerm>
</CondStmnt>
<BasicStmnt CovItemId="S39" CovItemPrefix="cabra.Controller.java" Intrnl_Id="6126">
<LocList>
<Loc EndOffset="6235" SrcFileId="51" StartOffset="6164"/>
</LocList>
</BasicStmnt>
<BasicStmnt CovItemId="S40" CovItemPrefix="cabra.Controller.java" Intrnl_Id="6127">
<LocList>
<Loc EndOffset="6301" SrcFileId="51" StartOffset="6244"/>
</LocList>
</BasicStmnt>
<BasicStmnt CovItemId="S41" CovItemPrefix="cabra.Controller.java" Intrnl_Id="6128">
<LocList>
<Loc EndOffset="6390" SrcFileId="51" StartOffset="6310"/>
</LocList>
</BasicStmnt>
<CondStmnt CovItemId="S42" CovItemPrefix="cabra.Controller.java" Intrnl_Id="6129">
<Branch CovItemId="B18" CovItemPrefix="cabra.Controller.java" Implct="false" Intrnl_Id="6130">
<Cond/>
<LocList>
<Loc EndOffset="6594" SrcFileId="51" StartOffset="6441"/>
</LocList>
<StmntSeq Intrnl_Id="6131">
<LocList>
<Loc EndOffset="6584" SrcFileId="51" StartOffset="6555"/>
</LocList>
<BasicStmnt CovItemId="S43" CovItemPrefix="cabra.Controller.java" Intrnl_Id="6132">
<LocList>
<Loc EndOffset="6584" SrcFileId="51" StartOffset="6555"/>
</LocList>
</BasicStmnt>
</StmntSeq>
</Branch>
<Branch CovItemId="B19" CovItemPrefix="cabra.Controller.java" Implct="true" Intrnl_Id="6133">
<Cond/>
<LocList/>
<StmntSeq Intrnl_Id="6134">
<LocList/>
</StmntSeq>
</Branch>
<Keyword EndOffset="6401" SrcFileId="51" StartOffset="6399"/>
<LocList>
<Loc EndOffset="6594" SrcFileId="51" StartOffset="6399"/>
</LocList>
<RootTerm CovItemId="C8" CovItemPrefix="cabra.Controller.java" Intrnl_Id="6135">
<BasicBoolTerm Intrnl_Id="6136">
<LocList>
<Loc EndOffset="6440" SrcFileId="51" StartOffset="6402"/>
</LocList>
</BasicBoolTerm>
</RootTerm>
</CondStmnt>
<BasicStmnt CovItemId="S44" CovItemPrefix="cabra.Controller.java" Intrnl_Id="6137">
<LocList>
<Loc EndOffset="6625" SrcFileId="51" StartOffset="6612"/>
</LocList>
</BasicStmnt>
<BasicStmnt CovItemId="S45" CovItemPrefix="cabra.Controller.java" Intrnl_Id="6138">
<LocList>
<Loc EndOffset="6648" SrcFileId="51" StartOffset="6634"/>
</LocList>
</BasicStmnt>
<CondStmnt CovItemId="S2" CovItemPrefix="cabra.Controller.java" Intrnl_Id="6139">
<Branch CovItemId="B1" CovItemPrefix="cabra.Controller.java" Implct="true" Intrnl_Id="6140">
<Cond/>
<LocList/>
<StmntSeq Intrnl_Id="6141">
<LocList/>
</StmntSeq>
</Branch>
<Branch CovItemId="B20" CovItemPrefix="cabra.Controller.java" Implct="false" Intrnl_Id="6142">
<Cond>
<Loc EndOffset="6685" SrcFileId="51" StartOffset="6667"/>
</Cond>
<LocList>
<Loc EndOffset="6802" SrcFileId="51" StartOffset="6685"/>
</LocList>
<StmntSeq Intrnl_Id="6143">
<LocList>
<Loc EndOffset="6792" SrcFileId="51" StartOffset="6762"/>
</LocList>
<BasicStmnt CovItemId="S46" CovItemPrefix="cabra.Controller.java" Intrnl_Id="6144">
<LocList>
<Loc EndOffset="6792" SrcFileId="51" StartOffset="6762"/>
</LocList>
</BasicStmnt>
</StmntSeq>
</Branch>
<Keyword EndOffset="1418" SrcFileId="51" StartOffset="1415"/>
<LocList>
<Loc EndOffset="6802" SrcFileId="51" StartOffset="1415"/>
</LocList>
</CondStmnt>
</StmntSeq>
</HierarchyLvl>
<HierarchyLvl HierarchyLvlId="1728" HierarchyLvlTypeId="67" Intrnl_Id="6145" Name="getGUI">
<Header>
<Loc EndOffset="6837" SrcFileId="51" StartOffset="6818"/>
</Header>
<LocList>
<Loc EndOffset="6864" SrcFileId="51" StartOffset="6818"/>
</LocList>
<StmntSeq Intrnl_Id="6146">
<LocList>
<Loc EndOffset="6858" SrcFileId="51" StartOffset="6847"/>
</LocList>
<BasicStmnt CovItemId="S47" CovItemPrefix="cabra.Controller.java" Intrnl_Id="6147">
<LocList>
<Loc EndOffset="6858" SrcFileId="51" StartOffset="6847"/>
</LocList>
</BasicStmnt>
</StmntSeq>
</HierarchyLvl>
<HierarchyLvl HierarchyLvlId="1729" HierarchyLvlTypeId="67" Intrnl_Id="6148" Name="getPoints">
<Header>
<Loc EndOffset="7006" SrcFileId="51" StartOffset="6984"/>
</Header>
<LocList>
<Loc EndOffset="7054" SrcFileId="51" StartOffset="6984"/>
</LocList>
<StmntSeq Intrnl_Id="6149">
<LocList>
<Loc EndOffset="7048" SrcFileId="51" StartOffset="7016"/>
</LocList>
<BasicStmnt CovItemId="S48" CovItemPrefix="cabra.Controller.java" Intrnl_Id="6150">
<LocList>
<Loc EndOffset="7048" SrcFileId="51" StartOffset="7016"/>
</LocList>
</BasicStmnt>
</StmntSeq>
</HierarchyLvl>
<HierarchyLvl HierarchyLvlId="1730" HierarchyLvlTypeId="67" Intrnl_Id="6151" Name="gainPoints">
<Header>
<Loc EndOffset="7324" SrcFileId="51" StartOffset="7255"/>
</Header>
<LocList>
<Loc EndOffset="7533" SrcFileId="51" StartOffset="7255"/>
</LocList>
<StmntSeq Intrnl_Id="6152">
<LocList>
<Loc EndOffset="7368" SrcFileId="51" StartOffset="7334"/>
<Loc EndOffset="7471" SrcFileId="51" StartOffset="7429"/>
<Loc EndOffset="7527" SrcFileId="51" StartOffset="7489"/>
</LocList>
<BasicStmnt CovItemId="S49" CovItemPrefix="cabra.Controller.java" Intrnl_Id="6153">
<LocList>
<Loc EndOffset="7368" SrcFileId="51" StartOffset="7334"/>
</LocList>
</BasicStmnt>
<BasicStmnt CovItemId="S50" CovItemPrefix="cabra.Controller.java" Intrnl_Id="6154">
<LocList>
<Loc EndOffset="7471" SrcFileId="51" StartOffset="7429"/>
</LocList>
</BasicStmnt>
<CondStmnt CovItemId="S51" CovItemPrefix="cabra.Controller.java" Intrnl_Id="6155">
<Branch CovItemId="B21" CovItemPrefix="cabra.Controller.java" Implct="false" Intrnl_Id="6156">
<Cond/>
<LocList>
<Loc EndOffset="7527" SrcFileId="51" StartOffset="7513"/>
</LocList>
<StmntSeq Intrnl_Id="6157">
<LocList>
<Loc EndOffset="7527" SrcFileId="51" StartOffset="7513"/>
</LocList>
<BasicStmnt CovItemId="S52" CovItemPrefix="cabra.Controller.java" Intrnl_Id="6158">
<LocList>
<Loc EndOffset="7527" SrcFileId="51" StartOffset="7513"/>
</LocList>
</BasicStmnt>
</StmntSeq>
</Branch>
<Branch CovItemId="B22" CovItemPrefix="cabra.Controller.java" Implct="true" Intrnl_Id="6159">
<Cond/>
<LocList/>
<StmntSeq Intrnl_Id="6160">
<LocList/>
</StmntSeq>
</Branch>
<Keyword EndOffset="7491" SrcFileId="51" StartOffset="7489"/>
<LocList>
<Loc EndOffset="7527" SrcFileId="51" StartOffset="7489"/>
</LocList>
<RootTerm CovItemId="C9" CovItemPrefix="cabra.Controller.java" Intrnl_Id="6161">
<BasicBoolTerm Intrnl_Id="6162">
<LocList>
<Loc EndOffset="7499" SrcFileId="51" StartOffset="7492"/>
</LocList>
</BasicBoolTerm>
</RootTerm>
</CondStmnt>
</StmntSeq>
</HierarchyLvl>
<HierarchyLvl HierarchyLvlId="1731" HierarchyLvlTypeId="67" Intrnl_Id="6163" Name="gainPoints">
<Header>
<Loc EndOffset="7739" SrcFileId="51" StartOffset="7687"/>
</Header>
<LocList>
<Loc EndOffset="7782" SrcFileId="51" StartOffset="7687"/>
</LocList>
<StmntSeq Intrnl_Id="6164">
<LocList>
<Loc EndOffset="7776" SrcFileId="51" StartOffset="7749"/>
</LocList>
<BasicStmnt CovItemId="S53" CovItemPrefix="cabra.Controller.java" Intrnl_Id="6165">
<LocList>
<Loc EndOffset="7776" SrcFileId="51" StartOffset="7749"/>
</LocList>
</BasicStmnt>
</StmntSeq>
</HierarchyLvl>
<HierarchyLvl HierarchyLvlId="1732" HierarchyLvlTypeId="67" Intrnl_Id="6166" Name="createVaultManager">
<Header>
<Loc EndOffset="8071" SrcFileId="51" StartOffset="8014"/>
</Header>
<LocList>
<Loc EndOffset="8142" SrcFileId="51" StartOffset="8014"/>
</LocList>
<StmntSeq Intrnl_Id="6167">
<LocList>
<Loc EndOffset="8136" SrcFileId="51" StartOffset="8081"/>
</LocList>
<BasicStmnt CovItemId="S54" CovItemPrefix="cabra.Controller.java" Intrnl_Id="6168">
<LocList>
<Loc EndOffset="8136" SrcFileId="51" StartOffset="8081"/>
</LocList>
</BasicStmnt>
</StmntSeq>
</HierarchyLvl>
<HierarchyLvl HierarchyLvlId="1733" HierarchyLvlTypeId="67" Intrnl_Id="6169" Name="updatePreferredFont">
<Header>
<Loc EndOffset="8619" SrcFileId="51" StartOffset="8557"/>
</Header>
<LocList>
<Loc EndOffset="8798" SrcFileId="51" StartOffset="8557"/>
</LocList>
<StmntSeq Intrnl_Id="6170">
<LocList>
<Loc EndOffset="8681" SrcFileId="51" StartOffset="8629"/>
<Loc EndOffset="8792" SrcFileId="51" StartOffset="8751"/>
</LocList>
<BasicStmnt CovItemId="S55" CovItemPrefix="cabra.Controller.java" Intrnl_Id="6171">
<LocList>
<Loc EndOffset="8681" SrcFileId="51" StartOffset="8629"/>
</LocList>
</BasicStmnt>
<CondStmnt CovItemId="S56" CovItemPrefix="cabra.Controller.java" Intrnl_Id="6172">
<Branch CovItemId="B23" CovItemPrefix="cabra.Controller.java" Implct="false" Intrnl_Id="6173">
<Cond/>
<LocList>
<Loc EndOffset="8792" SrcFileId="51" StartOffset="8779"/>
</LocList>
<StmntSeq Intrnl_Id="6174">
<LocList>
<Loc EndOffset="8792" SrcFileId="51" StartOffset="8779"/>
</LocList>
<BasicStmnt CovItemId="S57" CovItemPrefix="cabra.Controller.java" Intrnl_Id="6175">
<LocList>
<Loc EndOffset="8792" SrcFileId="51" StartOffset="8779"/>
</LocList>
</BasicStmnt>
</StmntSeq>
</Branch>
<Branch CovItemId="B24" CovItemPrefix="cabra.Controller.java" Implct="true" Intrnl_Id="6176">
<Cond/>
<LocList/>
<StmntSeq Intrnl_Id="6177">
<LocList/>
</StmntSeq>
</Branch>
<Keyword EndOffset="8753" SrcFileId="51" StartOffset="8751"/>
<LocList>
<Loc EndOffset="8792" SrcFileId="51" StartOffset="8751"/>
</LocList>
<RootTerm CovItemId="C10" CovItemPrefix="cabra.Controller.java" Intrnl_Id="6178">
<BasicBoolTerm Intrnl_Id="6179">
<LocList>
<Loc EndOffset="8765" SrcFileId="51" StartOffset="8754"/>
</LocList>
</BasicBoolTerm>
</RootTerm>
</CondStmnt>
</StmntSeq>
</HierarchyLvl>
<HierarchyLvl HierarchyLvlId="1734" HierarchyLvlTypeId="67" Intrnl_Id="6180" Name="loadProjectsFromFile">
<Header>
<Loc EndOffset="8974" SrcFileId="51" StartOffset="8925"/>
</Header>
<LocList>
<Loc EndOffset="10252" SrcFileId="51" StartOffset="8925"/>
</LocList>
<StmntSeq Intrnl_Id="6181">
<LocList>
<Loc EndOffset="9124" SrcFileId="51" StartOffset="9071"/>
<Loc EndOffset="9400" SrcFileId="51" StartOffset="9133"/>
<Loc EndOffset="9484" SrcFileId="51" StartOffset="9423"/>
<Loc EndOffset="10192" SrcFileId="51" StartOffset="9502"/>
<Loc EndOffset="10246" SrcFileId="51" StartOffset="10224"/>
</LocList>
<BasicStmnt CovItemId="S58" CovItemPrefix="cabra.Controller.java" Intrnl_Id="6182">
<LocList>
<Loc EndOffset="9124" SrcFileId="51" StartOffset="9071"/>
</LocList>
</BasicStmnt>
<CondStmnt CovItemId="S59" CovItemPrefix="cabra.Controller.java" Intrnl_Id="6183">
<Branch CovItemId="B25" CovItemPrefix="cabra.Controller.java" Implct="false" Intrnl_Id="6184">
<Cond/>
<LocList>
<Loc EndOffset="9400" SrcFileId="51" StartOffset="9164"/>
</LocList>
<StmntSeq Intrnl_Id="6185">
<LocList>
<Loc EndOffset="9278" SrcFileId="51" StartOffset="9252"/>
<Loc EndOffset="9390" SrcFileId="51" StartOffset="9358"/>
</LocList>
<BasicStmnt CovItemId="S60" CovItemPrefix="cabra.Controller.java" Intrnl_Id="6186">
<LocList>
<Loc EndOffset="9278" SrcFileId="51" StartOffset="9252"/>
</LocList>
</BasicStmnt>
<BasicStmnt CovItemId="S61" CovItemPrefix="cabra.Controller.java" Intrnl_Id="6187">
<LocList>
<Loc EndOffset="9390" SrcFileId="51" StartOffset="9358"/>
</LocList>
</BasicStmnt>
</StmntSeq>
</Branch>
<Branch CovItemId="B26" CovItemPrefix="cabra.Controller.java" Implct="true" Intrnl_Id="6188">
<Cond/>
<LocList/>
<StmntSeq Intrnl_Id="6189">
<LocList/>
</StmntSeq>
</Branch>
<Keyword EndOffset="9135" SrcFileId="51" StartOffset="9133"/>
<LocList>
<Loc EndOffset="9400" SrcFileId="51" StartOffset="9133"/>
</LocList>
<RootTerm CovItemId="C11" CovItemPrefix="cabra.Controller.java" Intrnl_Id="6190">
<OpTerm BooleanOpId="60" Intrnl_Id="6191">
<BasicBoolTerm Intrnl_Id="6192">
<LocList>
<Loc EndOffset="9163" SrcFileId="51" StartOffset="9137"/>
</LocList>
</BasicBoolTerm>
<LocList>
<Loc EndOffset="9137" SrcFileId="51" StartOffset="9136"/>
</LocList>
</OpTerm>
</RootTerm>
</CondStmnt>
<BasicStmnt CovItemId="S62" CovItemPrefix="cabra.Controller.java" Intrnl_Id="6193">
<LocList>
<Loc EndOffset="9484" SrcFileId="51" StartOffset="9423"/>
</LocList>
</BasicStmnt>
<LoopStmnt CovItemId="S63" CovItemPrefix="cabra.Controller.java" Intrnl_Id="6194" MltplExecId="L1-2" MltplExecPrefix="cabra.Controller.java" NvrExecId="L1-0" NvrExecPrefix="cabra.Controller.java" OnceExecutedId="L1-1" OnceExecutedPrefix="cabra.Controller.java" OptBodyExec="true">
<StmntSeq Intrnl_Id="6195">
<LocList>
<Loc EndOffset="9700" SrcFileId="51" StartOffset="9648"/>
<Loc EndOffset="9855" SrcFileId="51" StartOffset="9800"/>
<Loc EndOffset="9896" SrcFileId="51" StartOffset="9868"/>
<Loc EndOffset="9994" SrcFileId="51" StartOffset="9955"/>
<Loc EndOffset="10182" SrcFileId="51" StartOffset="10143"/>
</LocList>
<CondStmnt CovItemId="S64" CovItemPrefix="cabra.Controller.java" Intrnl_Id="6196">
<Branch CovItemId="B27" CovItemPrefix="cabra.Controller.java" Implct="false" Intrnl_Id="6197">
<Cond/>
<LocList>
<Loc EndOffset="9700" SrcFileId="51" StartOffset="9691"/>
</LocList>
<StmntSeq Intrnl_Id="6198">
<LocList>
<Loc EndOffset="9700" SrcFileId="51" StartOffset="9691"/>
</LocList>
<BasicStmnt CovItemId="S65" CovItemPrefix="cabra.Controller.java" Intrnl_Id="6199">
<LocList>
<Loc EndOffset="9700" SrcFileId="51" StartOffset="9691"/>
</LocList>
</BasicStmnt>
</StmntSeq>
</Branch>
<Branch CovItemId="B28" CovItemPrefix="cabra.Controller.java" Implct="true" Intrnl_Id="6200">
<Cond/>
<LocList/>
<StmntSeq Intrnl_Id="6201">
<LocList/>
</StmntSeq>
</Branch>
<Keyword EndOffset="9650" SrcFileId="51" StartOffset="9648"/>
<LocList>
<Loc EndOffset="9700" SrcFileId="51" StartOffset="9648"/>
</LocList>
<RootTerm CovItemId="C12" CovItemPrefix="cabra.Controller.java" Intrnl_Id="6202">
<BasicBoolTerm Intrnl_Id="6203">
<LocList>
<Loc EndOffset="9673" SrcFileId="51" StartOffset="9651"/>
</LocList>
</BasicBoolTerm>
</RootTerm>
</CondStmnt>
<BasicStmnt CovItemId="S66" CovItemPrefix="cabra.Controller.java" Intrnl_Id="6204">
<LocList>
<Loc EndOffset="9855" SrcFileId="51" StartOffset="9800"/>
</LocList>
</BasicStmnt>
<BasicStmnt CovItemId="S67" CovItemPrefix="cabra.Controller.java" Intrnl_Id="6205">
<LocList>
<Loc EndOffset="9896" SrcFileId="51" StartOffset="9868"/>
</LocList>
</BasicStmnt>
<BasicStmnt CovItemId="S68" CovItemPrefix="cabra.Controller.java" Intrnl_Id="6206">
<LocList>
<Loc EndOffset="9994" SrcFileId="51" StartOffset="9955"/>
</LocList>
</BasicStmnt>
<BasicStmnt CovItemId="S69" CovItemPrefix="cabra.Controller.java" Intrnl_Id="6207">
<LocList>
<Loc EndOffset="10182" SrcFileId="51" StartOffset="10143"/>
</LocList>
</BasicStmnt>
</StmntSeq>
<Keyword EndOffset="9505" SrcFileId="51" StartOffset="9502"/>
<LocList>
<Loc EndOffset="10192" SrcFileId="51" StartOffset="9502"/>
</LocList>
</LoopStmnt>
<BasicStmnt CovItemId="S70" CovItemPrefix="cabra.Controller.java" Intrnl_Id="6208">
<LocList>
<Loc EndOffset="10246" SrcFileId="51" StartOffset="10224"/>
</LocList>
</BasicStmnt>
</StmntSeq>
</HierarchyLvl>
<HierarchyLvl HierarchyLvlId="1735" HierarchyLvlTypeId="67" Intrnl_Id="6209" Name="addNoteToActiveProject">
<Header>
<Loc EndOffset="10605" SrcFileId="51" StartOffset="10535"/>
</Header>
<LocList>
<Loc EndOffset="10808" SrcFileId="51" StartOffset="10535"/>
</LocList>
<StmntSeq Intrnl_Id="6210">
<LocList>
<Loc EndOffset="10643" SrcFileId="51" StartOffset="10615"/>
<Loc EndOffset="10712" SrcFileId="51" StartOffset="10686"/>
<Loc EndOffset="10802" SrcFileId="51" StartOffset="10758"/>
</LocList>
<BasicStmnt CovItemId="S71" CovItemPrefix="cabra.Controller.java" Intrnl_Id="6211">
<LocList>
<Loc EndOffset="10643" SrcFileId="51" StartOffset="10615"/>
</LocList>
</BasicStmnt>
<BasicStmnt CovItemId="S72" CovItemPrefix="cabra.Controller.java" Intrnl_Id="6212">
<LocList>
<Loc EndOffset="10712" SrcFileId="51" StartOffset="10686"/>
</LocList>
</BasicStmnt>
<BasicStmnt CovItemId="S73" CovItemPrefix="cabra.Controller.java" Intrnl_Id="6213">
<LocList>
<Loc EndOffset="10802" SrcFileId="51" StartOffset="10758"/>
</LocList>
</BasicStmnt>
</StmntSeq>
</HierarchyLvl>
<HierarchyLvl HierarchyLvlId="1736" HierarchyLvlTypeId="67" Intrnl_Id="6214" Name="setTheme">
<Header>
<Loc EndOffset="10853" SrcFileId="51" StartOffset="10819"/>
</Header>
<LocList>
<Loc EndOffset="11112" SrcFileId="51" StartOffset="10819"/>
</LocList>
<StmntSeq Intrnl_Id="6215">
<LocList>
<Loc EndOffset="10886" SrcFileId="51" StartOffset="10863"/>
<Loc EndOffset="11011" SrcFileId="51" StartOffset="10967"/>
<Loc EndOffset="11074" SrcFileId="51" StartOffset="11064"/>
<Loc EndOffset="11105" SrcFileId="51" StartOffset="11091"/>
</LocList>
<BasicStmnt CovItemId="S74" CovItemPrefix="cabra.Controller.java" Intrnl_Id="6216">
<LocList>
<Loc EndOffset="10886" SrcFileId="51" StartOffset="10863"/>
</LocList>
</BasicStmnt>
<BasicStmnt CovItemId="S75" CovItemPrefix="cabra.Controller.java" Intrnl_Id="6217">
<LocList>
<Loc EndOffset="11011" SrcFileId="51" StartOffset="10967"/>
</LocList>
</BasicStmnt>
<BasicStmnt CovItemId="S76" CovItemPrefix="cabra.Controller.java" Intrnl_Id="6218">
<LocList>
<Loc EndOffset="11074" SrcFileId="51" StartOffset="11064"/>
</LocList>
</BasicStmnt>
<BasicStmnt CovItemId="S77" CovItemPrefix="cabra.Controller.java" Intrnl_Id="6219">
<LocList>
<Loc EndOffset="11105" SrcFileId="51" StartOffset="11091"/>
</LocList>
</BasicStmnt>
</StmntSeq>
</HierarchyLvl>
<HierarchyLvl HierarchyLvlId="1737" HierarchyLvlTypeId="67" Intrnl_Id="6220" Name="getActiveProject">
<Header>
<Loc EndOffset="11155" SrcFileId="51" StartOffset="11122"/>
</Header>
<LocList>
<Loc EndOffset="11192" SrcFileId="51" StartOffset="11122"/>
</LocList>
<StmntSeq Intrnl_Id="6221">
<LocList>
<Loc EndOffset="11186" SrcFileId="51" StartOffset="11165"/>
</LocList>
<BasicStmnt CovItemId="S78" CovItemPrefix="cabra.Controller.java" Intrnl_Id="6222">
<LocList>
<Loc EndOffset="11186" SrcFileId="51" StartOffset="11165"/>
</LocList>
</BasicStmnt>
</StmntSeq>
</HierarchyLvl>
<HierarchyLvl HierarchyLvlId="1738" HierarchyLvlTypeId="67" Intrnl_Id="6223" Name="getAllProjects">
<Header>
<Loc EndOffset="11244" SrcFileId="51" StartOffset="11202"/>
</Header>
<LocList>
<Loc EndOffset="11276" SrcFileId="51" StartOffset="11202"/>
</LocList>
<StmntSeq Intrnl_Id="6224">
<LocList>
<Loc EndOffset="11270" SrcFileId="51" StartOffset="11254"/>
</LocList>
<BasicStmnt CovItemId="S79" CovItemPrefix="cabra.Controller.java" Intrnl_Id="6225">
<LocList>
<Loc EndOffset="11270" SrcFileId="51" StartOffset="11254"/>
</LocList>
</BasicStmnt>
</StmntSeq>
</HierarchyLvl>
<HierarchyLvl HierarchyLvlId="1739" HierarchyLvlTypeId="67" Intrnl_Id="6226" Name="getNumberOfProjects">
<Header>
<Loc EndOffset="11318" SrcFileId="51" StartOffset="11286"/>
</Header>
<LocList>
<Loc EndOffset="11357" SrcFileId="51" StartOffset="11286"/>
</LocList>
<StmntSeq Intrnl_Id="6227">
<LocList>
<Loc EndOffset="11351" SrcFileId="51" StartOffset="11328"/>
</LocList>
<BasicStmnt CovItemId="S80" CovItemPrefix="cabra.Controller.java" Intrnl_Id="6228">
<LocList>
<Loc EndOffset="11351" SrcFileId="51" StartOffset="11328"/>
</LocList>
</BasicStmnt>
</StmntSeq>
</HierarchyLvl>
<HierarchyLvl HierarchyLvlId="1740" HierarchyLvlTypeId="67" Intrnl_Id="6229" Name="refreshNow">
<Header>
<Loc EndOffset="11467" SrcFileId="51" StartOffset="11443"/>
</Header>
<LocList>
<Loc EndOffset="11497" SrcFileId="51" StartOffset="11443"/>
</LocList>
<StmntSeq Intrnl_Id="6230">
<LocList>
<Loc EndOffset="11491" SrcFileId="51" StartOffset="11477"/>
</LocList>
<BasicStmnt CovItemId="S81" CovItemPrefix="cabra.Controller.java" Intrnl_Id="6231">
<LocList>
<Loc EndOffset="11491" SrcFileId="51" StartOffset="11477"/>
</LocList>
</BasicStmnt>
</StmntSeq>
</HierarchyLvl>
<HierarchyLvl HierarchyLvlId="1741" HierarchyLvlTypeId="67" Intrnl_Id="6232" Name="refresh">
<Header>
<Loc EndOffset="11528" SrcFileId="51" StartOffset="11507"/>
</Header>
<LocList>
<Loc EndOffset="11910" SrcFileId="51" StartOffset="11507"/>
</LocList>
<StmntSeq Intrnl_Id="6233">
<LocList>
<Loc EndOffset="11764" SrcFileId="51" StartOffset="11751"/>
</LocList>
<BasicStmnt CovItemId="S82" CovItemPrefix="cabra.Controller.java" Intrnl_Id="6234">
<LocList>
<Loc EndOffset="11764" SrcFileId="51" StartOffset="11751"/>
</LocList>
</BasicStmnt>
</StmntSeq>
</HierarchyLvl>
<HierarchyLvl HierarchyLvlId="1744" HierarchyLvlTypeId="67" Intrnl_Id="6235" Name="refreshHomePage">
<Header>
<Loc EndOffset="11949" SrcFileId="51" StartOffset="11920"/>
</Header>
<LocList>
<Loc EndOffset="12172" SrcFileId="51" StartOffset="11920"/>
</LocList>
<StmntSeq Intrnl_Id="6236">
<LocList>
<Loc EndOffset="11972" SrcFileId="51" StartOffset="11959"/>
<Loc EndOffset="12082" SrcFileId="51" StartOffset="12081"/>
<Loc EndOffset="12166" SrcFileId="51" StartOffset="12144"/>
</LocList>
<BasicStmnt CovItemId="S83" CovItemPrefix="cabra.Controller.java" Intrnl_Id="6237">
<LocList>
<Loc EndOffset="11972" SrcFileId="51" StartOffset="11959"/>
<Loc EndOffset="12082" SrcFileId="51" StartOffset="12081"/>
</LocList>
</BasicStmnt>
<BasicStmnt CovItemId="S85" CovItemPrefix="cabra.Controller.java" Intrnl_Id="6238">
<LocList>
<Loc EndOffset="12166" SrcFileId="51" StartOffset="12144"/>
</LocList>
</BasicStmnt>
</StmntSeq>
<HierarchyLvl HierarchyLvlId="1743" HierarchyLvlTypeId="69" Intrnl_Id="6239" Name="Runnable">
<Header>
<Loc EndOffset="11986" SrcFileId="51" StartOffset="11976"/>
</Header>
<LocList>
<Loc EndOffset="12081" SrcFileId="51" StartOffset="11972"/>
</LocList>
<HierarchyLvl HierarchyLvlId="1742" HierarchyLvlTypeId="67" Intrnl_Id="6240" Name="run">
<Header>
<Loc EndOffset="12017" SrcFileId="51" StartOffset="12000"/>
</Header>
<LocList>
<Loc EndOffset="12071" SrcFileId="51" StartOffset="12000"/>
</LocList>
<StmntSeq Intrnl_Id="6241">
<LocList>
<Loc EndOffset="12057" SrcFileId="51" StartOffset="12035"/>
</LocList>
<BasicStmnt CovItemId="S84" CovItemPrefix="cabra.Controller.java" Intrnl_Id="6242">
<LocList>
<Loc EndOffset="12057" SrcFileId="51" StartOffset="12035"/>
</LocList>
</BasicStmnt>
</StmntSeq>
</HierarchyLvl>
</HierarchyLvl>
</HierarchyLvl>
<HierarchyLvl HierarchyLvlId="1745" HierarchyLvlTypeId="67" Intrnl_Id="6243" Name="setActiveProject">
<Header>
<Loc EndOffset="12519" SrcFileId="51" StartOffset="12454"/>
</Header>
<LocList>
<Loc EndOffset="13588" SrcFileId="51" StartOffset="12454"/>
</LocList>
<StmntSeq Intrnl_Id="6244">
<LocList>
<Loc EndOffset="12759" SrcFileId="51" StartOffset="12581"/>
<Loc EndOffset="13220" SrcFileId="51" StartOffset="12777"/>
<Loc EndOffset="13262" SrcFileId="51" StartOffset="13238"/>
<Loc EndOffset="13322" SrcFileId="51" StartOffset="13292"/>
<Loc EndOffset="13404" SrcFileId="51" StartOffset="13356"/>
<Loc EndOffset="13582" SrcFileId="51" StartOffset="13572"/>
</LocList>
<CondStmnt CovItemId="S86" CovItemPrefix="cabra.Controller.java" Intrnl_Id="6245">
<Branch CovItemId="B29" CovItemPrefix="cabra.Controller.java" Implct="false" Intrnl_Id="6246">
<Cond/>
<LocList>
<Loc EndOffset="12759" SrcFileId="51" StartOffset="12600"/>
</LocList>
<StmntSeq Intrnl_Id="6247">
<LocList>
<Loc EndOffset="12729" SrcFileId="51" StartOffset="12689"/>
<Loc EndOffset="12749" SrcFileId="51" StartOffset="12742"/>
</LocList>
<BasicStmnt CovItemId="S87" CovItemPrefix="cabra.Controller.java" Intrnl_Id="6248">
<LocList>
<Loc EndOffset="12729" SrcFileId="51" StartOffset="12689"/>
</LocList>
</BasicStmnt>
<BasicStmnt CovItemId="S88" CovItemPrefix="cabra.Controller.java" Intrnl_Id="6249">
<LocList>
<Loc EndOffset="12749" SrcFileId="51" StartOffset="12742"/>
</LocList>
</BasicStmnt>
</StmntSeq>
</Branch>
<Branch CovItemId="B30" CovItemPrefix="cabra.Controller.java" Implct="true" Intrnl_Id="6250">
<Cond/>
<LocList/>
<StmntSeq Intrnl_Id="6251">
<LocList/>
</StmntSeq>
</Branch>
<Keyword EndOffset="12583" SrcFileId="51" StartOffset="12581"/>
<LocList>
<Loc EndOffset="12759" SrcFileId="51" StartOffset="12581"/>
</LocList>
<RootTerm CovItemId="C13" CovItemPrefix="cabra.Controller.java" Intrnl_Id="6252">
<BasicBoolTerm Intrnl_Id="6253">
<LocList>
<Loc EndOffset="12599" SrcFileId="51" StartOffset="12584"/>
</LocList>
</BasicBoolTerm>
</RootTerm>
</CondStmnt>
<CondStmnt CovItemId="S89" CovItemPrefix="cabra.Controller.java" Intrnl_Id="6254">
<Branch CovItemId="B31" CovItemPrefix="cabra.Controller.java" Implct="false" Intrnl_Id="6255">
<Cond/>
<LocList>
<Loc EndOffset="13220" SrcFileId="51" StartOffset="12791"/>
</LocList>
<StmntSeq Intrnl_Id="6256">
<LocList>
<Loc EndOffset="13210" SrcFileId="51" StartOffset="12871"/>
</LocList>
<CondStmnt CovItemId="S90" CovItemPrefix="cabra.Controller.java" Intrnl_Id="6257">
<Branch CovItemId="B33" CovItemPrefix="cabra.Controller.java" Implct="false" Intrnl_Id="6258">
<Cond/>
<LocList>
<Loc EndOffset="13210" SrcFileId="51" StartOffset="12896"/>
</LocList>
<StmntSeq Intrnl_Id="6259">
<LocList>
<Loc EndOffset="12958" SrcFileId="51" StartOffset="12939"/>
<Loc EndOffset="13196" SrcFileId="51" StartOffset="12914"/>
</LocList>
<BasicStmnt CovItemId="S92" CovItemPrefix="cabra.Controller.java" Intrnl_Id="6260">
<LocList>
<Loc EndOffset="12958" SrcFileId="51" StartOffset="12939"/>
</LocList>
</BasicStmnt>
<CondStmnt CovItemId="S91" CovItemPrefix="cabra.Controller.java" Intrnl_Id="6261">
<Branch CovItemId="B35" CovItemPrefix="cabra.Controller.java" Implct="true" Intrnl_Id="6262">
<Cond/>
<LocList/>
<StmntSeq Intrnl_Id="6263">
<LocList/>
</StmntSeq>
</Branch>
<Branch CovItemId="B36" CovItemPrefix="cabra.Controller.java" Implct="false" Intrnl_Id="6264">
<Cond>
<Loc EndOffset="13058" SrcFileId="51" StartOffset="13029"/>
</Cond>
<LocList>
<Loc EndOffset="13196" SrcFileId="51" StartOffset="13058"/>
</LocList>
<StmntSeq Intrnl_Id="6265">
<LocList>
<Loc EndOffset="13178" SrcFileId="51" StartOffset="13128"/>
</LocList>
<BasicStmnt CovItemId="S93" CovItemPrefix="cabra.Controller.java" Intrnl_Id="6266">
<LocList>
<Loc EndOffset="13178" SrcFileId="51" StartOffset="13128"/>
</LocList>
</BasicStmnt>
</StmntSeq>
</Branch>
<Keyword EndOffset="12917" SrcFileId="51" StartOffset="12914"/>
<LocList>
<Loc EndOffset="13196" SrcFileId="51" StartOffset="12914"/>
</LocList>
</CondStmnt>
</StmntSeq>
</Branch>
<Branch CovItemId="B34" CovItemPrefix="cabra.Controller.java" Implct="true" Intrnl_Id="6267">
<Cond/>
<LocList/>
<StmntSeq Intrnl_Id="6268">
<LocList/>
</StmntSeq>
</Branch>
<Keyword EndOffset="12873" SrcFileId="51" StartOffset="12871"/>
<LocList>
<Loc EndOffset="13210" SrcFileId="51" StartOffset="12871"/>
</LocList>
<RootTerm CovItemId="C15" CovItemPrefix="cabra.Controller.java" Intrnl_Id="6269">
<BasicBoolTerm Intrnl_Id="6270">
<LocList>
<Loc EndOffset="12895" SrcFileId="51" StartOffset="12874"/>
</LocList>
</BasicBoolTerm>
</RootTerm>
</CondStmnt>
</StmntSeq>
</Branch>
<Branch CovItemId="B32" CovItemPrefix="cabra.Controller.java" Implct="true" Intrnl_Id="6271">
<Cond/>
<LocList/>
<StmntSeq Intrnl_Id="6272">
<LocList/>
</StmntSeq>
</Branch>
<Keyword EndOffset="12779" SrcFileId="51" StartOffset="12777"/>
<LocList>
<Loc EndOffset="13220" SrcFileId="51" StartOffset="12777"/>
</LocList>
<RootTerm CovItemId="C14" CovItemPrefix="cabra.Controller.java" Intrnl_Id="6273">
<BasicBoolTerm Intrnl_Id="6274">
<LocList>
<Loc EndOffset="12790" SrcFileId="51" StartOffset="12780"/>
</LocList>
</BasicBoolTerm>
</RootTerm>
</CondStmnt>
<BasicStmnt CovItemId="S94" CovItemPrefix="cabra.Controller.java" Intrnl_Id="6275">
<LocList>
<Loc EndOffset="13262" SrcFileId="51" StartOffset="13238"/>
</LocList>
</BasicStmnt>
<BasicStmnt CovItemId="S95" CovItemPrefix="cabra.Controller.java" Intrnl_Id="6276">
<LocList>
<Loc EndOffset="13322" SrcFileId="51" StartOffset="13292"/>
</LocList>
</BasicStmnt>
<BasicStmnt CovItemId="S96" CovItemPrefix="cabra.Controller.java" Intrnl_Id="6277">
<LocList>
<Loc EndOffset="13404" SrcFileId="51" StartOffset="13356"/>
</LocList>
</BasicStmnt>
<BasicStmnt CovItemId="S97" CovItemPrefix="cabra.Controller.java" Intrnl_Id="6278">
<LocList>
<Loc EndOffset="13582" SrcFileId="51" StartOffset="13572"/>
</LocList>
</BasicStmnt>
</StmntSeq>
</HierarchyLvl>
<HierarchyLvl HierarchyLvlId="1746" HierarchyLvlTypeId="67" Intrnl_Id="6279" Name="setActiveProject">
<Header>
<Loc EndOffset="13941" SrcFileId="51" StartOffset="13873"/>
</Header>
<LocList>
<Loc EndOffset="14245" SrcFileId="51" StartOffset="13873"/>
</LocList>
<StmntSeq Intrnl_Id="6280">
<LocList>
<Loc EndOffset="14010" SrcFileId="51" StartOffset="13987"/>
<Loc EndOffset="14191" SrcFileId="51" StartOffset="14019"/>
<Loc EndOffset="14239" SrcFileId="51" StartOffset="14201"/>
</LocList>
<BasicStmnt CovItemId="S98" CovItemPrefix="cabra.Controller.java" Intrnl_Id="6281">
<LocList>
<Loc EndOffset="14010" SrcFileId="51" StartOffset="13987"/>
</LocList>
</BasicStmnt>
<LoopStmnt CovItemId="S99" CovItemPrefix="cabra.Controller.java" Intrnl_Id="6282" MltplExecId="L2-2" MltplExecPrefix="cabra.Controller.java" NvrExecId="L2-0" NvrExecPrefix="cabra.Controller.java" OnceExecutedId="L2-1" OnceExecutedPrefix="cabra.Controller.java" OptBodyExec="true">
<StmntSeq Intrnl_Id="6283">
<LocList>
<Loc EndOffset="14181" SrcFileId="51" StartOffset="14111"/>
</LocList>
<CondStmnt CovItemId="S100" CovItemPrefix="cabra.Controller.java" Intrnl_Id="6284">
<Branch CovItemId="B37" CovItemPrefix="cabra.Controller.java" Implct="false" Intrnl_Id="6285">
<Cond/>
<LocList>
<Loc EndOffset="14181" SrcFileId="51" StartOffset="14166"/>
</LocList>
<StmntSeq Intrnl_Id="6286">
<LocList>
<Loc EndOffset="14181" SrcFileId="51" StartOffset="14166"/>
</LocList>
<BasicStmnt CovItemId="S101" CovItemPrefix="cabra.Controller.java" Intrnl_Id="6287">
<LocList>
<Loc EndOffset="14181" SrcFileId="51" StartOffset="14166"/>
</LocList>
</BasicStmnt>
</StmntSeq>
</Branch>
<Branch CovItemId="B38" CovItemPrefix="cabra.Controller.java" Implct="true" Intrnl_Id="6288">
<Cond/>
<LocList/>
<StmntSeq Intrnl_Id="6289">
<LocList/>
</StmntSeq>
</Branch>
<Keyword EndOffset="14113" SrcFileId="51" StartOffset="14111"/>
<LocList>
<Loc EndOffset="14181" SrcFileId="51" StartOffset="14111"/>
</LocList>
<RootTerm CovItemId="C16" CovItemPrefix="cabra.Controller.java" Intrnl_Id="6290">
<BasicBoolTerm Intrnl_Id="6291">
<LocList>
<Loc EndOffset="14148" SrcFileId="51" StartOffset="14114"/>
</LocList>
</BasicBoolTerm>
</RootTerm>
</CondStmnt>
</StmntSeq>
<Keyword EndOffset="14022" SrcFileId="51" StartOffset="14019"/>
<LocList>
<Loc EndOffset="14191" SrcFileId="51" StartOffset="14019"/>
</LocList>
</LoopStmnt>
<BasicStmnt CovItemId="S102" CovItemPrefix="cabra.Controller.java" Intrnl_Id="6292">
<LocList>
<Loc EndOffset="14239" SrcFileId="51" StartOffset="14201"/>
</LocList>
</BasicStmnt>
</StmntSeq>
</HierarchyLvl>
<HierarchyLvl HierarchyLvlId="1747" HierarchyLvlTypeId="67" Intrnl_Id="6293" Name="setNoActiveProject">
<Header>
<Loc EndOffset="14346" SrcFileId="51" StartOffset="14314"/>
</Header>
<LocList>
<Loc EndOffset="14571" SrcFileId="51" StartOffset="14314"/>
</LocList>
<StmntSeq Intrnl_Id="6294">
<LocList>
<Loc EndOffset="14388" SrcFileId="51" StartOffset="14356"/>
<Loc EndOffset="14418" SrcFileId="51" StartOffset="14397"/>
<Loc EndOffset="14460" SrcFileId="51" StartOffset="14427"/>
<Loc EndOffset="14565" SrcFileId="51" StartOffset="14555"/>
</LocList>
<BasicStmnt CovItemId="S103" CovItemPrefix="cabra.Controller.java" Intrnl_Id="6295">
<LocList>
<Loc EndOffset="14388" SrcFileId="51" StartOffset="14356"/>
</LocList>
</BasicStmnt>
<BasicStmnt CovItemId="S104" CovItemPrefix="cabra.Controller.java" Intrnl_Id="6296">
<LocList>
<Loc EndOffset="14418" SrcFileId="51" StartOffset="14397"/>
</LocList>
</BasicStmnt>
<BasicStmnt CovItemId="S105" CovItemPrefix="cabra.Controller.java" Intrnl_Id="6297">
<LocList>
<Loc EndOffset="14460" SrcFileId="51" StartOffset="14427"/>
</LocList>
</BasicStmnt>
<BasicStmnt CovItemId="S106" CovItemPrefix="cabra.Controller.java" Intrnl_Id="6298">
<LocList>
<Loc EndOffset="14565" SrcFileId="51" StartOffset="14555"/>
</LocList>
</BasicStmnt>
</StmntSeq>
</HierarchyLvl>
<HierarchyLvl HierarchyLvlId="1748" HierarchyLvlTypeId="67" Intrnl_Id="6299" Name="addProject">
<Header>
<Loc EndOffset="14887" SrcFileId="51" StartOffset="14822"/>
</Header>
<LocList>
<Loc EndOffset="15321" SrcFileId="51" StartOffset="14822"/>
</LocList>
<StmntSeq Intrnl_Id="6300">
<LocList>
<Loc EndOffset="14940" SrcFileId="51" StartOffset="14897"/>
<Loc EndOffset="15061" SrcFileId="51" StartOffset="14958"/>
<Loc EndOffset="15141" SrcFileId="51" StartOffset="15119"/>
<Loc EndOffset="15315" SrcFileId="51" StartOffset="15277"/>
</LocList>
<BasicStmnt CovItemId="S107" CovItemPrefix="cabra.Controller.java" Intrnl_Id="6301">
<LocList>
<Loc EndOffset="14940" SrcFileId="51" StartOffset="14897"/>
</LocList>
</BasicStmnt>
<BasicStmnt CovItemId="S108" CovItemPrefix="cabra.Controller.java" Intrnl_Id="6302">
<LocList>
<Loc EndOffset="15061" SrcFileId="51" StartOffset="14958"/>
</LocList>
</BasicStmnt>
<BasicStmnt CovItemId="S109" CovItemPrefix="cabra.Controller.java" Intrnl_Id="6303">
<LocList>
<Loc EndOffset="15141" SrcFileId="51" StartOffset="15119"/>
</LocList>
</BasicStmnt>
<BasicStmnt CovItemId="S110" CovItemPrefix="cabra.Controller.java" Intrnl_Id="6304">
<LocList>
<Loc EndOffset="15315" SrcFileId="51" StartOffset="15277"/>
</LocList>
</BasicStmnt>
</StmntSeq>
</HierarchyLvl>
<HierarchyLvl HierarchyLvlId="1749" HierarchyLvlTypeId="67" Intrnl_Id="6305" Name="addProject">
<Header>
<Loc EndOffset="15394" SrcFileId="51" StartOffset="15331"/>
</Header>
<LocList>
<Loc EndOffset="15898" SrcFileId="51" StartOffset="15331"/>
</LocList>
<StmntSeq Intrnl_Id="6306">
<LocList>
<Loc EndOffset="15426" SrcFileId="51" StartOffset="15404"/>
<Loc EndOffset="15459" SrcFileId="51" StartOffset="15435"/>
<Loc EndOffset="15653" SrcFileId="51" StartOffset="15633"/>
<Loc EndOffset="15779" SrcFileId="51" StartOffset="15741"/>
<Loc EndOffset="15852" SrcFileId="51" StartOffset="15825"/>
<Loc EndOffset="15885" SrcFileId="51" StartOffset="15870"/>
</LocList>
<BasicStmnt CovItemId="S111" CovItemPrefix="cabra.Controller.java" Intrnl_Id="6307">
<LocList>
<Loc EndOffset="15426" SrcFileId="51" StartOffset="15404"/>
</LocList>
</BasicStmnt>
<BasicStmnt CovItemId="S112" CovItemPrefix="cabra.Controller.java" Intrnl_Id="6308">
<LocList>
<Loc EndOffset="15459" SrcFileId="51" StartOffset="15435"/>
</LocList>
</BasicStmnt>
<BasicStmnt CovItemId="S113" CovItemPrefix="cabra.Controller.java" Intrnl_Id="6309">
<LocList>
<Loc EndOffset="15653" SrcFileId="51" StartOffset="15633"/>
</LocList>
</BasicStmnt>
<BasicStmnt CovItemId="S114" CovItemPrefix="cabra.Controller.java" Intrnl_Id="6310">
<LocList>
<Loc EndOffset="15779" SrcFileId="51" StartOffset="15741"/>
</LocList>
</BasicStmnt>
<BasicStmnt CovItemId="S115" CovItemPrefix="cabra.Controller.java" Intrnl_Id="6311">
<LocList>
<Loc EndOffset="15852" SrcFileId="51" StartOffset="15825"/>
</LocList>
</BasicStmnt>
<BasicStmnt CovItemId="S116" CovItemPrefix="cabra.Controller.java" Intrnl_Id="6312">
<LocList>
<Loc EndOffset="15885" SrcFileId="51" StartOffset="15870"/>
</LocList>
</BasicStmnt>
</StmntSeq>
</HierarchyLvl>
<HierarchyLvl HierarchyLvlId="1750" HierarchyLvlTypeId="67" Intrnl_Id="6313" Name="renameProject">
<Header>
<Loc EndOffset="16121" SrcFileId="51" StartOffset="16063"/>
</Header>
<LocList>
<Loc EndOffset="16276" SrcFileId="51" StartOffset="16063"/>
</LocList>
<StmntSeq Intrnl_Id="6314">
<LocList>
<Loc EndOffset="16156" SrcFileId="51" StartOffset="16131"/>
<Loc EndOffset="16270" SrcFileId="51" StartOffset="16243"/>
</LocList>
<BasicStmnt CovItemId="S117" CovItemPrefix="cabra.Controller.java" Intrnl_Id="6315">
<LocList>
<Loc EndOffset="16156" SrcFileId="51" StartOffset="16131"/>
</LocList>
</BasicStmnt>
<BasicStmnt CovItemId="S118" CovItemPrefix="cabra.Controller.java" Intrnl_Id="6316">
<LocList>
<Loc EndOffset="16270" SrcFileId="51" StartOffset="16243"/>
</LocList>
</BasicStmnt>
</StmntSeq>
</HierarchyLvl>
<HierarchyLvl HierarchyLvlId="1751" HierarchyLvlTypeId="67" Intrnl_Id="6317" Name="createProjectFromExistingFile">
<Header>
<Loc EndOffset="16616" SrcFileId="51" StartOffset="16536"/>
</Header>
<LocList>
<Loc EndOffset="16872" SrcFileId="51" StartOffset="16536"/>
</LocList>
<StmntSeq Intrnl_Id="6318">
<LocList>
<Loc EndOffset="16669" SrcFileId="51" StartOffset="16626"/>
<Loc EndOffset="16746" SrcFileId="51" StartOffset="16707"/>
<Loc EndOffset="16823" SrcFileId="51" StartOffset="16784"/>
<Loc EndOffset="16866" SrcFileId="51" StartOffset="16841"/>
</LocList>
<BasicStmnt CovItemId="S119" CovItemPrefix="cabra.Controller.java" Intrnl_Id="6319">
<LocList>
<Loc EndOffset="16669" SrcFileId="51" StartOffset="16626"/>
</LocList>
</BasicStmnt>
<BasicStmnt CovItemId="S120" CovItemPrefix="cabra.Controller.java" Intrnl_Id="6320">
<LocList>
<Loc EndOffset="16746" SrcFileId="51" StartOffset="16707"/>
</LocList>
</BasicStmnt>
<BasicStmnt CovItemId="S121" CovItemPrefix="cabra.Controller.java" Intrnl_Id="6321">
<LocList>
<Loc EndOffset="16823" SrcFileId="51" StartOffset="16784"/>
</LocList>
</BasicStmnt>
<BasicStmnt CovItemId="S122" CovItemPrefix="cabra.Controller.java" Intrnl_Id="6322">
<LocList>
<Loc EndOffset="16866" SrcFileId="51" StartOffset="16841"/>
</LocList>
</BasicStmnt>
</StmntSeq>
</HierarchyLvl>
<HierarchyLvl HierarchyLvlId="1752" HierarchyLvlTypeId="67" Intrnl_Id="6323" Name="removeProject">
<Header>
<Loc EndOffset="16924" SrcFileId="51" StartOffset="16882"/>
</Header>
<LocList>
<Loc EndOffset="18510" SrcFileId="51" StartOffset="16882"/>
</LocList>
<StmntSeq Intrnl_Id="6324">
<LocList>
<Loc EndOffset="17252" SrcFileId="51" StartOffset="17201"/>
<Loc EndOffset="17380" SrcFileId="51" StartOffset="17299"/>
<Loc EndOffset="17539" SrcFileId="51" StartOffset="17461"/>
<Loc EndOffset="17604" SrcFileId="51" StartOffset="17583"/>
<Loc EndOffset="18354" SrcFileId="51" StartOffset="17683"/>
<Loc EndOffset="18459" SrcFileId="51" StartOffset="18423"/>
</LocList>
<BasicStmnt CovItemId="S123" CovItemPrefix="cabra.Controller.java" Intrnl_Id="6325">
<LocList>
<Loc EndOffset="17252" SrcFileId="51" StartOffset="17201"/>
</LocList>
</BasicStmnt>
<BasicStmnt CovItemId="S124" CovItemPrefix="cabra.Controller.java" Intrnl_Id="6326">
<LocList>
<Loc EndOffset="17380" SrcFileId="51" StartOffset="17299"/>
</LocList>
</BasicStmnt>
<LoopStmnt CovItemId="S125" CovItemPrefix="cabra.Controller.java" Intrnl_Id="6327" MltplExecId="L3-2" MltplExecPrefix="cabra.Controller.java" NvrExecId="L3-0" NvrExecPrefix="cabra.Controller.java" OnceExecutedId="L3-1" OnceExecutedPrefix="cabra.Controller.java" OptBodyExec="true">
<StmntSeq Intrnl_Id="6328">
<LocList>
<Loc EndOffset="17529" SrcFileId="51" StartOffset="17515"/>
</LocList>
<BasicStmnt CovItemId="S126" CovItemPrefix="cabra.Controller.java" Intrnl_Id="6329">
<LocList>
<Loc EndOffset="17529" SrcFileId="51" StartOffset="17515"/>
</LocList>
</BasicStmnt>
</StmntSeq>
<Keyword EndOffset="17464" SrcFileId="51" StartOffset="17461"/>
<LocList>
<Loc EndOffset="17539" SrcFileId="51" StartOffset="17461"/>
</LocList>
</LoopStmnt>
<BasicStmnt CovItemId="S127" CovItemPrefix="cabra.Controller.java" Intrnl_Id="6330">
<LocList>
<Loc EndOffset="17604" SrcFileId="51" StartOffset="17583"/>
</LocList>
</BasicStmnt>
<CondStmnt CovItemId="S128" CovItemPrefix="cabra.Controller.java" Intrnl_Id="6331">
<Branch CovItemId="B39" CovItemPrefix="cabra.Controller.java" Implct="false" Intrnl_Id="6332">
<Cond/>
<LocList>
<Loc EndOffset="18354" SrcFileId="51" StartOffset="17716"/>
</LocList>
<StmntSeq Intrnl_Id="6333">
<LocList>
<Loc EndOffset="18344" SrcFileId="51" StartOffset="17776"/>
</LocList>
<CondStmnt CovItemId="S129" CovItemPrefix="cabra.Controller.java" Intrnl_Id="6334">
<Branch CovItemId="B41" CovItemPrefix="cabra.Controller.java" Implct="false" Intrnl_Id="6335">
<Cond/>
<LocList>
<Loc EndOffset="17963" SrcFileId="51" StartOffset="17800"/>
</LocList>
<StmntSeq Intrnl_Id="6336">
<LocList>
<Loc EndOffset="17905" SrcFileId="51" StartOffset="17884"/>
</LocList>
<BasicStmnt CovItemId="S130" CovItemPrefix="cabra.Controller.java" Intrnl_Id="6337">
<LocList>
<Loc EndOffset="17905" SrcFileId="51" StartOffset="17884"/>
</LocList>
</BasicStmnt>
</StmntSeq>
</Branch>
<Branch CovItemId="B42" CovItemPrefix="cabra.Controller.java" Implct="false" Intrnl_Id="6338">
<Cond>
<Loc EndOffset="17980" SrcFileId="51" StartOffset="17976"/>
</Cond>
<LocList>
<Loc EndOffset="18344" SrcFileId="51" StartOffset="17980"/>
</LocList>
<StmntSeq Intrnl_Id="6339">
<LocList>
<Loc EndOffset="18285" SrcFileId="51" StartOffset="18045"/>
<Loc EndOffset="18316" SrcFileId="51" StartOffset="18306"/>
</LocList>
<CondStmnt CovItemId="S131" CovItemPrefix="cabra.Controller.java" Intrnl_Id="6340">
<Branch CovItemId="B43" CovItemPrefix="cabra.Controller.java" Implct="false" Intrnl_Id="6341">
<Cond/>
<LocList>
<Loc EndOffset="18151" SrcFileId="51" StartOffset="18072"/>
</LocList>
<StmntSeq Intrnl_Id="6342">
<LocList>
<Loc EndOffset="18133" SrcFileId="51" StartOffset="18094"/>
</LocList>
<BasicStmnt CovItemId="S132" CovItemPrefix="cabra.Controller.java" Intrnl_Id="6343">
<LocList>
<Loc EndOffset="18133" SrcFileId="51" StartOffset="18094"/>
</LocList>
</BasicStmnt>
</StmntSeq>
</Branch>
<Branch CovItemId="B44" CovItemPrefix="cabra.Controller.java" Implct="false" Intrnl_Id="6344">
<Cond>
<Loc EndOffset="18172" SrcFileId="51" StartOffset="18168"/>
</Cond>
<LocList>
<Loc EndOffset="18285" SrcFileId="51" StartOffset="18172"/>
</LocList>
<StmntSeq Intrnl_Id="6345">
<LocList>
<Loc EndOffset="18252" SrcFileId="51" StartOffset="18194"/>
</LocList>
<BasicStmnt CovItemId="S133" CovItemPrefix="cabra.Controller.java" Intrnl_Id="6346">
<LocList>
<Loc EndOffset="18252" SrcFileId="51" StartOffset="18194"/>
</LocList>
</BasicStmnt>
</StmntSeq>
</Branch>
<Keyword EndOffset="18047" SrcFileId="51" StartOffset="18045"/>
<LocList>
<Loc EndOffset="18285" SrcFileId="51" StartOffset="18045"/>
</LocList>
<RootTerm CovItemId="C19" CovItemPrefix="cabra.Controller.java" Intrnl_Id="6347">
<BasicBoolTerm Intrnl_Id="6348">
<LocList>
<Loc EndOffset="18071" SrcFileId="51" StartOffset="18048"/>
</LocList>
</BasicBoolTerm>
</RootTerm>
</CondStmnt>
<BasicStmnt CovItemId="S134" CovItemPrefix="cabra.Controller.java" Intrnl_Id="6349">
<LocList>
<Loc EndOffset="18316" SrcFileId="51" StartOffset="18306"/>
</LocList>
</BasicStmnt>
</StmntSeq>
</Branch>
<Keyword EndOffset="17778" SrcFileId="51" StartOffset="17776"/>
<LocList>
<Loc EndOffset="18344" SrcFileId="51" StartOffset="17776"/>
</LocList>
<RootTerm CovItemId="C18" CovItemPrefix="cabra.Controller.java" Intrnl_Id="6350">
<BasicBoolTerm Intrnl_Id="6351">
<LocList>
<Loc EndOffset="17799" SrcFileId="51" StartOffset="17779"/>
</LocList>
</BasicBoolTerm>
</RootTerm>
</CondStmnt>
</StmntSeq>
</Branch>
<Branch CovItemId="B40" CovItemPrefix="cabra.Controller.java" Implct="true" Intrnl_Id="6352">
<Cond/>
<LocList/>
<StmntSeq Intrnl_Id="6353">
<LocList/>
</StmntSeq>
</Branch>
<Keyword EndOffset="17685" SrcFileId="51" StartOffset="17683"/>
<LocList>
<Loc EndOffset="18354" SrcFileId="51" StartOffset="17683"/>
</LocList>
<RootTerm CovItemId="C17" CovItemPrefix="cabra.Controller.java" Intrnl_Id="6354">
<BasicBoolTerm Intrnl_Id="6355">
<LocList>
<Loc EndOffset="17715" SrcFileId="51" StartOffset="17686"/>
</LocList>
</BasicBoolTerm>
</RootTerm>
</CondStmnt>
<BasicStmnt CovItemId="S135" CovItemPrefix="cabra.Controller.java" Intrnl_Id="6356">
<LocList>
<Loc EndOffset="18459" SrcFileId="51" StartOffset="18423"/>
</LocList>
</BasicStmnt>
</StmntSeq>
</HierarchyLvl>
<HierarchyLvl HierarchyLvlId="1753" HierarchyLvlTypeId="67" Intrnl_Id="6357" Name="addCardToActiveProject">
<Header>
<Loc EndOffset="18565" SrcFileId="51" StartOffset="18520"/>
</Header>
<LocList>
<Loc EndOffset="19006" SrcFileId="51" StartOffset="18520"/>
</LocList>
<StmntSeq Intrnl_Id="6358">
<LocList>
<Loc EndOffset="18945" SrcFileId="51" StartOffset="18643"/>
</LocList>
<CondStmnt CovItemId="S136" CovItemPrefix="cabra.Controller.java" Intrnl_Id="6359">
<Branch CovItemId="B45" CovItemPrefix="cabra.Controller.java" Implct="false" Intrnl_Id="6360">
<Cond/>
<LocList>
<Loc EndOffset="18945" SrcFileId="51" StartOffset="18668"/>
</LocList>
<StmntSeq Intrnl_Id="6361">
<LocList>
<Loc EndOffset="18710" SrcFileId="51" StartOffset="18682"/>
<Loc EndOffset="18795" SrcFileId="51" StartOffset="18762"/>
<Loc EndOffset="18892" SrcFileId="51" StartOffset="18808"/>
<Loc EndOffset="18935" SrcFileId="51" StartOffset="18925"/>
</LocList>
<BasicStmnt CovItemId="S137" CovItemPrefix="cabra.Controller.java" Intrnl_Id="6362">
<LocList>
<Loc EndOffset="18710" SrcFileId="51" StartOffset="18682"/>
</LocList>
</BasicStmnt>
<BasicStmnt CovItemId="S138" CovItemPrefix="cabra.Controller.java" Intrnl_Id="6363">
<LocList>
<Loc EndOffset="18795" SrcFileId="51" StartOffset="18762"/>
</LocList>
</BasicStmnt>
<CondStmnt CovItemId="S139" CovItemPrefix="cabra.Controller.java" Intrnl_Id="6364">
<Branch CovItemId="B47" CovItemPrefix="cabra.Controller.java" Implct="false" Intrnl_Id="6365">
<Cond/>
<LocList>
<Loc EndOffset="18892" SrcFileId="51" StartOffset="18829"/>
</LocList>
<StmntSeq Intrnl_Id="6366">
<LocList>
<Loc EndOffset="18878" SrcFileId="51" StartOffset="18847"/>
</LocList>
<BasicStmnt CovItemId="S140" CovItemPrefix="cabra.Controller.java" Intrnl_Id="6367">
<LocList>
<Loc EndOffset="18878" SrcFileId="51" StartOffset="18847"/>
</LocList>
</BasicStmnt>
</StmntSeq>
</Branch>
<Branch CovItemId="B48" CovItemPrefix="cabra.Controller.java" Implct="true" Intrnl_Id="6368">
<Cond/>
<LocList/>
<StmntSeq Intrnl_Id="6369">
<LocList/>
</StmntSeq>
</Branch>
<Keyword EndOffset="18810" SrcFileId="51" StartOffset="18808"/>
<LocList>
<Loc EndOffset="18892" SrcFileId="51" StartOffset="18808"/>
</LocList>
<RootTerm CovItemId="C21" CovItemPrefix="cabra.Controller.java" Intrnl_Id="6370">
<BasicBoolTerm Intrnl_Id="6371">
<LocList>
<Loc EndOffset="18828" SrcFileId="51" StartOffset="18811"/>
</LocList>
</BasicBoolTerm>
</RootTerm>
</CondStmnt>
<BasicStmnt CovItemId="S141" CovItemPrefix="cabra.Controller.java" Intrnl_Id="6372">
<LocList>
<Loc EndOffset="18935" SrcFileId="51" StartOffset="18925"/>
</LocList>
</BasicStmnt>
</StmntSeq>
</Branch>
<Branch CovItemId="B46" CovItemPrefix="cabra.Controller.java" Implct="true" Intrnl_Id="6373">
<Cond/>
<LocList/>
<StmntSeq Intrnl_Id="6374">
<LocList/>
</StmntSeq>
</Branch>
<Keyword EndOffset="18645" SrcFileId="51" StartOffset="18643"/>
<LocList>
<Loc EndOffset="18945" SrcFileId="51" StartOffset="18643"/>
</LocList>
<RootTerm CovItemId="C20" CovItemPrefix="cabra.Controller.java" Intrnl_Id="6375">
<BasicBoolTerm Intrnl_Id="6376">
<LocList>
<Loc EndOffset="18667" SrcFileId="51" StartOffset="18646"/>
</LocList>
</BasicBoolTerm>
</RootTerm>
</CondStmnt>
</StmntSeq>
</HierarchyLvl>
</HierarchyLvl>
<HierarchyLvl HierarchyLvlId="1763" HierarchyLvlTypeId="66" Intrnl_Id="6377" Name="ColorManager">
<Header>
<Loc EndOffset="214" SrcFileId="52" StartOffset="165"/>
</Header>
<LocList>
<Loc EndOffset="6346" SrcFileId="52" StartOffset="165"/>
</LocList>
<HierarchyLvl HierarchyLvlId="1755" HierarchyLvlTypeId="67" Intrnl_Id="6378" Name="hexCharToInt">
<Header>
<Loc EndOffset="593" SrcFileId="52" StartOffset="552"/>
</Header>
<LocList>
<Loc EndOffset="1121" SrcFileId="52" StartOffset="552"/>
</LocList>
<StmntSeq Intrnl_Id="6379">
<LocList>
<Loc EndOffset="1111" SrcFileId="52" StartOffset="607"/>
</LocList>
<CondStmnt CovItemId="S1" CovItemPrefix="cabra.ColorManager.java" Intrnl_Id="6380">
<Branch CovItemId="B1" CovItemPrefix="cabra.ColorManager.java" Implct="false" Intrnl_Id="6381">
<Cond>
<Loc EndOffset="644" SrcFileId="52" StartOffset="636"/>
</Cond>
<LocList>
<Loc EndOffset="676" SrcFileId="52" StartOffset="666"/>
</LocList>
<StmntSeq Intrnl_Id="6382">
<LocList>
<Loc EndOffset="676" SrcFileId="52" StartOffset="666"/>
</LocList>
<BasicStmnt CovItemId="S2" CovItemPrefix="cabra.ColorManager.java" Intrnl_Id="6383">
<LocList>
<Loc EndOffset="676" SrcFileId="52" StartOffset="666"/>
</LocList>
</BasicStmnt>
</StmntSeq>
</Branch>
<Branch CovItemId="B2" CovItemPrefix="cabra.ColorManager.java" Implct="false" Intrnl_Id="6384">
<Cond>
<Loc EndOffset="701" SrcFileId="52" StartOffset="693"/>
</Cond>
<LocList>
<Loc EndOffset="733" SrcFileId="52" StartOffset="723"/>
</LocList>
<StmntSeq Intrnl_Id="6385">
<LocList>
<Loc EndOffset="733" SrcFileId="52" StartOffset="723"/>
</LocList>
<BasicStmnt CovItemId="S3" CovItemPrefix="cabra.ColorManager.java" Intrnl_Id="6386">
<LocList>
<Loc EndOffset="733" SrcFileId="52" StartOffset="723"/>
</LocList>
</BasicStmnt>
</StmntSeq>
</Branch>
<Branch CovItemId="B3" CovItemPrefix="cabra.ColorManager.java" Implct="false" Intrnl_Id="6387">
<Cond>
<Loc EndOffset="758" SrcFileId="52" StartOffset="750"/>
</Cond>
<LocList>
<Loc EndOffset="790" SrcFileId="52" StartOffset="780"/>
</LocList>
<StmntSeq Intrnl_Id="6388">
<LocList>
<Loc EndOffset="790" SrcFileId="52" StartOffset="780"/>
</LocList>
<BasicStmnt CovItemId="S4" CovItemPrefix="cabra.ColorManager.java" Intrnl_Id="6389">
<LocList>
<Loc EndOffset="790" SrcFileId="52" StartOffset="780"/>
</LocList>
</BasicStmnt>
</StmntSeq>
</Branch>
<Branch CovItemId="B4" CovItemPrefix="cabra.ColorManager.java" Implct="false" Intrnl_Id="6390">
<Cond>
<Loc EndOffset="815" SrcFileId="52" StartOffset="807"/>
</Cond>
<LocList>
<Loc EndOffset="847" SrcFileId="52" StartOffset="837"/>
</LocList>
<StmntSeq Intrnl_Id="6391">
<LocList>
<Loc EndOffset="847" SrcFileId="52" StartOffset="837"/>
</LocList>
<BasicStmnt CovItemId="S5" CovItemPrefix="cabra.ColorManager.java" Intrnl_Id="6392">
<LocList>
<Loc EndOffset="847" SrcFileId="52" StartOffset="837"/>
</LocList>
</BasicStmnt>
</StmntSeq>
</Branch>
<Branch CovItemId="B5" CovItemPrefix="cabra.ColorManager.java" Implct="false" Intrnl_Id="6393">
<Cond>
<Loc EndOffset="872" SrcFileId="52" StartOffset="864"/>
</Cond>
<LocList>
<Loc EndOffset="904" SrcFileId="52" StartOffset="894"/>
</LocList>
<StmntSeq Intrnl_Id="6394">
<LocList>
<Loc EndOffset="904" SrcFileId="52" StartOffset="894"/>
</LocList>
<BasicStmnt CovItemId="S6" CovItemPrefix="cabra.ColorManager.java" Intrnl_Id="6395">
<LocList>
<Loc EndOffset="904" SrcFileId="52" StartOffset="894"/>
</LocList>
</BasicStmnt>
</StmntSeq>
</Branch>
<Branch CovItemId="B6" CovItemPrefix="cabra.ColorManager.java" Implct="false" Intrnl_Id="6396">
<Cond>
<Loc EndOffset="929" SrcFileId="52" StartOffset="921"/>
</Cond>
<LocList>
<Loc EndOffset="961" SrcFileId="52" StartOffset="951"/>
</LocList>
<StmntSeq Intrnl_Id="6397">
<LocList>
<Loc EndOffset="961" SrcFileId="52" StartOffset="951"/>
</LocList>
<BasicStmnt CovItemId="S7" CovItemPrefix="cabra.ColorManager.java" Intrnl_Id="6398">
<LocList>
<Loc EndOffset="961" SrcFileId="52" StartOffset="951"/>
</LocList>
</BasicStmnt>
</StmntSeq>
</Branch>
<Branch CovItemId="B7" CovItemPrefix="cabra.ColorManager.java" Implct="false" Intrnl_Id="6399">
<Cond>
<Loc EndOffset="985" SrcFileId="52" StartOffset="978"/>
</Cond>
<LocList>
<Loc EndOffset="1052" SrcFileId="52" StartOffset="1007"/>
</LocList>
<StmntSeq Intrnl_Id="6400">
<LocList>
<Loc EndOffset="1052" SrcFileId="52" StartOffset="1007"/>
</LocList>
<BasicStmnt CovItemId="S8" CovItemPrefix="cabra.ColorManager.java" Intrnl_Id="6401">
<LocList>
<Loc EndOffset="1052" SrcFileId="52" StartOffset="1007"/>
</LocList>
</BasicStmnt>
</StmntSeq>
</Branch>
<Keyword EndOffset="613" SrcFileId="52" StartOffset="607"/>
<LocList>
<Loc EndOffset="1111" SrcFileId="52" StartOffset="607"/>
</LocList>
</CondStmnt>
</StmntSeq>
</HierarchyLvl>
<HierarchyLvl HierarchyLvlId="1756" HierarchyLvlTypeId="67" Intrnl_Id="6402" Name="intToHexChar">
<Header>
<Loc EndOffset="1341" SrcFileId="52" StartOffset="1296"/>
</Header>
<LocList>
<Loc EndOffset="1836" SrcFileId="52" StartOffset="1296"/>
</LocList>
<StmntSeq Intrnl_Id="6403">
<LocList>
<Loc EndOffset="1829" SrcFileId="52" StartOffset="1352"/>
</LocList>
<CondStmnt CovItemId="S9" CovItemPrefix="cabra.ColorManager.java" Intrnl_Id="6404">
<Branch CovItemId="B8" CovItemPrefix="cabra.ColorManager.java" Implct="false" Intrnl_Id="6405">
<Cond>
<Loc EndOffset="1389" SrcFileId="52" StartOffset="1382"/>
</Cond>
<LocList>
<Loc EndOffset="1419" SrcFileId="52" StartOffset="1408"/>
</LocList>
<StmntSeq Intrnl_Id="6406">
<LocList>
<Loc EndOffset="1419" SrcFileId="52" StartOffset="1408"/>
</LocList>
<BasicStmnt CovItemId="S10" CovItemPrefix="cabra.ColorManager.java" Intrnl_Id="6407">
<LocList>
<Loc EndOffset="1419" SrcFileId="52" StartOffset="1408"/>
</LocList>
</BasicStmnt>
</StmntSeq>
</Branch>
<Branch CovItemId="B9" CovItemPrefix="cabra.ColorManager.java" Implct="false" Intrnl_Id="6408">
<Cond>
<Loc EndOffset="1440" SrcFileId="52" StartOffset="1433"/>
</Cond>
<LocList>
<Loc EndOffset="1470" SrcFileId="52" StartOffset="1459"/>
</LocList>
<StmntSeq Intrnl_Id="6409">
<LocList>
<Loc EndOffset="1470" SrcFileId="52" StartOffset="1459"/>
</LocList>
<BasicStmnt CovItemId="S11" CovItemPrefix="cabra.ColorManager.java" Intrnl_Id="6410">
<LocList>
<Loc EndOffset="1470" SrcFileId="52" StartOffset="1459"/>
</LocList>
</BasicStmnt>
</StmntSeq>
</Branch>
<Branch CovItemId="B10" CovItemPrefix="cabra.ColorManager.java" Implct="false" Intrnl_Id="6411">
<Cond>
<Loc EndOffset="1491" SrcFileId="52" StartOffset="1484"/>
</Cond>
<LocList>
<Loc EndOffset="1521" SrcFileId="52" StartOffset="1510"/>
</LocList>
<StmntSeq Intrnl_Id="6412">
<LocList>
<Loc EndOffset="1521" SrcFileId="52" StartOffset="1510"/>
</LocList>
<BasicStmnt CovItemId="S12" CovItemPrefix="cabra.ColorManager.java" Intrnl_Id="6413">
<LocList>
<Loc EndOffset="1521" SrcFileId="52" StartOffset="1510"/>
</LocList>
</BasicStmnt>
</StmntSeq>
</Branch>
<Branch CovItemId="B11" CovItemPrefix="cabra.ColorManager.java" Implct="false" Intrnl_Id="6414">
<Cond>
<Loc EndOffset="1542" SrcFileId="52" StartOffset="1535"/>
</Cond>
<LocList>
<Loc EndOffset="1572" SrcFileId="52" StartOffset="1561"/>
</LocList>
<StmntSeq Intrnl_Id="6415">
<LocList>
<Loc EndOffset="1572" SrcFileId="52" StartOffset="1561"/>
</LocList>
<BasicStmnt CovItemId="S13" CovItemPrefix="cabra.ColorManager.java" Intrnl_Id="6416">
<LocList>
<Loc EndOffset="1572" SrcFileId="52" StartOffset="1561"/>
</LocList>
</BasicStmnt>
</StmntSeq>
</Branch>
<Branch CovItemId="B12" CovItemPrefix="cabra.ColorManager.java" Implct="false" Intrnl_Id="6417">
<Cond>
<Loc EndOffset="1593" SrcFileId="52" StartOffset="1586"/>
</Cond>
<LocList>
<Loc EndOffset="1623" SrcFileId="52" StartOffset="1612"/>
</LocList>
<StmntSeq Intrnl_Id="6418">
<LocList>
<Loc EndOffset="1623" SrcFileId="52" StartOffset="1612"/>
</LocList>
<BasicStmnt CovItemId="S14" CovItemPrefix="cabra.ColorManager.java" Intrnl_Id="6419">
<LocList>
<Loc EndOffset="1623" SrcFileId="52" StartOffset="1612"/>
</LocList>
</BasicStmnt>
</StmntSeq>
</Branch>
<Branch CovItemId="B13" CovItemPrefix="cabra.ColorManager.java" Implct="false" Intrnl_Id="6420">
<Cond>
<Loc EndOffset="1644" SrcFileId="52" StartOffset="1637"/>
</Cond>
<LocList>
<Loc EndOffset="1674" SrcFileId="52" StartOffset="1663"/>
</LocList>
<StmntSeq Intrnl_Id="6421">
<LocList>
<Loc EndOffset="1674" SrcFileId="52" StartOffset="1663"/>
</LocList>
<BasicStmnt CovItemId="S15" CovItemPrefix="cabra.ColorManager.java" Intrnl_Id="6422">
<LocList>
<Loc EndOffset="1674" SrcFileId="52" StartOffset="1663"/>
</LocList>
</BasicStmnt>
</StmntSeq>
</Branch>
<Branch CovItemId="B14" CovItemPrefix="cabra.ColorManager.java" Implct="false" Intrnl_Id="6423">
<Cond>
<Loc EndOffset="1695" SrcFileId="52" StartOffset="1688"/>
</Cond>
<LocList>
<Loc EndOffset="1818" SrcFileId="52" StartOffset="1786"/>
</LocList>
<StmntSeq Intrnl_Id="6424">
<LocList>
<Loc EndOffset="1818" SrcFileId="52" StartOffset="1786"/>
</LocList>
<BasicStmnt CovItemId="S16" CovItemPrefix="cabra.ColorManager.java" Intrnl_Id="6425">
<LocList>
<Loc EndOffset="1818" SrcFileId="52" StartOffset="1786"/>
</LocList>
</BasicStmnt>
</StmntSeq>
</Branch>
<Keyword EndOffset="1358" SrcFileId="52" StartOffset="1352"/>
<LocList>
<Loc EndOffset="1829" SrcFileId="52" StartOffset="1352"/>
</LocList>
</CondStmnt>
</StmntSeq>
</HierarchyLvl>
<HierarchyLvl HierarchyLvlId="1757" HierarchyLvlTypeId="67" Intrnl_Id="6426" Name="createColor">
<Header>
<Loc EndOffset="2083" SrcFileId="52" StartOffset="2040"/>
</Header>
<LocList>
<Loc EndOffset="3054" SrcFileId="52" StartOffset="2040"/>
</LocList>
<StmntSeq Intrnl_Id="6427">
<LocList>
<Loc EndOffset="2249" SrcFileId="52" StartOffset="2140"/>
<Loc EndOffset="2317" SrcFileId="52" StartOffset="2269"/>
<Loc EndOffset="2446" SrcFileId="52" StartOffset="2423"/>
<Loc EndOffset="2919" SrcFileId="52" StartOffset="2513"/>
<Loc EndOffset="3047" SrcFileId="52" StartOffset="3008"/>
</LocList>
<CondStmnt CovItemId="S17" CovItemPrefix="cabra.ColorManager.java" Intrnl_Id="6428">
<Branch CovItemId="B15" CovItemPrefix="cabra.ColorManager.java" Implct="false" Intrnl_Id="6429">
<Cond/>
<LocList>
<Loc EndOffset="2249" SrcFileId="52" StartOffset="2161"/>
</LocList>
<StmntSeq Intrnl_Id="6430">
<LocList>
<Loc EndOffset="2238" SrcFileId="52" StartOffset="2176"/>
</LocList>
<BasicStmnt CovItemId="S18" CovItemPrefix="cabra.ColorManager.java" Intrnl_Id="6431">
<LocList>
<Loc EndOffset="2238" SrcFileId="52" StartOffset="2176"/>
</LocList>
</BasicStmnt>
</StmntSeq>
</Branch>
<Branch CovItemId="B16" CovItemPrefix="cabra.ColorManager.java" Implct="true" Intrnl_Id="6432">
<Cond/>
<LocList/>
<StmntSeq Intrnl_Id="6433">
<LocList/>
</StmntSeq>
</Branch>
<Keyword EndOffset="2142" SrcFileId="52" StartOffset="2140"/>
<LocList>
<Loc EndOffset="2249" SrcFileId="52" StartOffset="2140"/>
</LocList>
<RootTerm CovItemId="C1" CovItemPrefix="cabra.ColorManager.java" Intrnl_Id="6434">
<BasicBoolTerm Intrnl_Id="6435">
<LocList>
<Loc EndOffset="2160" SrcFileId="52" StartOffset="2143"/>
</LocList>
</BasicBoolTerm>
</RootTerm>
</CondStmnt>
<BasicStmnt CovItemId="S19" CovItemPrefix="cabra.ColorManager.java" Intrnl_Id="6436">
<LocList>
<Loc EndOffset="2317" SrcFileId="52" StartOffset="2269"/>
</LocList>
</BasicStmnt>
<BasicStmnt CovItemId="S20" CovItemPrefix="cabra.ColorManager.java" Intrnl_Id="6437">
<LocList>
<Loc EndOffset="2446" SrcFileId="52" StartOffset="2423"/>
</LocList>
</BasicStmnt>
<LoopStmnt CovItemId="S21" CovItemPrefix="cabra.ColorManager.java" Intrnl_Id="6438" MltplExecId="L1-2" MltplExecPrefix="cabra.ColorManager.java" NvrExecId="L1-0" NvrExecPrefix="cabra.ColorManager.java" OnceExecutedId="L1-1" OnceExecutedPrefix="cabra.ColorManager.java" OptBodyExec="true">
<StmntSeq Intrnl_Id="6439">
<LocList>
<Loc EndOffset="2583" SrcFileId="52" StartOffset="2548"/>
<Loc EndOffset="2674" SrcFileId="52" StartOffset="2636"/>
<Loc EndOffset="2807" SrcFileId="52" StartOffset="2728"/>
<Loc EndOffset="2908" SrcFileId="52" StartOffset="2890"/>
</LocList>
<BasicStmnt CovItemId="S22" CovItemPrefix="cabra.ColorManager.java" Intrnl_Id="6440">
<LocList>
<Loc EndOffset="2583" SrcFileId="52" StartOffset="2548"/>
</LocList>
</BasicStmnt>
<BasicStmnt CovItemId="S23" CovItemPrefix="cabra.ColorManager.java" Intrnl_Id="6441">
<LocList>
<Loc EndOffset="2674" SrcFileId="52" StartOffset="2636"/>
</LocList>
</BasicStmnt>
<BasicStmnt CovItemId="S24" CovItemPrefix="cabra.ColorManager.java" Intrnl_Id="6442">
<LocList>
<Loc EndOffset="2807" SrcFileId="52" StartOffset="2728"/>
</LocList>
</BasicStmnt>
<BasicStmnt CovItemId="S25" CovItemPrefix="cabra.ColorManager.java" Intrnl_Id="6443">
<LocList>
<Loc EndOffset="2908" SrcFileId="52" StartOffset="2890"/>
</LocList>
</BasicStmnt>
</StmntSeq>
<Keyword EndOffset="2516" SrcFileId="52" StartOffset="2513"/>
<LocList>
<Loc EndOffset="2919" SrcFileId="52" StartOffset="2513"/>
</LocList>
<RootTerm CovItemId="C2" CovItemPrefix="cabra.ColorManager.java" Intrnl_Id="6444">
<BasicBoolTerm Intrnl_Id="6445">
<LocList>
<Loc EndOffset="2528" SrcFileId="52" StartOffset="2525"/>
</LocList>
</BasicBoolTerm>
</RootTerm>
</LoopStmnt>
<BasicStmnt CovItemId="S26" CovItemPrefix="cabra.ColorManager.java" Intrnl_Id="6446">
<LocList>
<Loc EndOffset="3047" SrcFileId="52" StartOffset="3008"/>
</LocList>
</BasicStmnt>
</StmntSeq>
</HierarchyLvl>
<HierarchyLvl HierarchyLvlId="1758" HierarchyLvlTypeId="67" Intrnl_Id="6447" Name="translucent">
<Header>
<Loc EndOffset="3350" SrcFileId="52" StartOffset="3292"/>
</Header>
<LocList>
<Loc EndOffset="3642" SrcFileId="52" StartOffset="3292"/>
</LocList>
<StmntSeq Intrnl_Id="6448">
<LocList>
<Loc EndOffset="3393" SrcFileId="52" StartOffset="3361"/>
<Loc EndOffset="3632" SrcFileId="52" StartOffset="3584"/>
</LocList>
<BasicStmnt CovItemId="S27" CovItemPrefix="cabra.ColorManager.java" Intrnl_Id="6449">
<LocList>
<Loc EndOffset="3393" SrcFileId="52" StartOffset="3361"/>
</LocList>
</BasicStmnt>
<BasicStmnt CovItemId="S28" CovItemPrefix="cabra.ColorManager.java" Intrnl_Id="6450">
<LocList>
<Loc EndOffset="3632" SrcFileId="52" StartOffset="3584"/>
</LocList>
</BasicStmnt>
</StmntSeq>
</HierarchyLvl>
<HierarchyLvl HierarchyLvlId="1759" HierarchyLvlTypeId="67" Intrnl_Id="6451" Name="toHex">
<Header>
<Loc EndOffset="3866" SrcFileId="52" StartOffset="3827"/>
</Header>
<LocList>
<Loc EndOffset="4447" SrcFileId="52" StartOffset="3827"/>
</LocList>
<StmntSeq Intrnl_Id="6452">
<LocList>
<Loc EndOffset="3961" SrcFileId="52" StartOffset="3926"/>
<Loc EndOffset="4177" SrcFileId="52" StartOffset="4080"/>
<Loc EndOffset="4286" SrcFileId="52" StartOffset="4187"/>
<Loc EndOffset="4394" SrcFileId="52" StartOffset="4296"/>
<Loc EndOffset="4440" SrcFileId="52" StartOffset="4414"/>
</LocList>
<BasicStmnt CovItemId="S29" CovItemPrefix="cabra.ColorManager.java" Intrnl_Id="6453">
<LocList>
<Loc EndOffset="3961" SrcFileId="52" StartOffset="3926"/>
</LocList>
</BasicStmnt>
<BasicStmnt CovItemId="S30" CovItemPrefix="cabra.ColorManager.java" Intrnl_Id="6454">
<LocList>
<Loc EndOffset="4177" SrcFileId="52" StartOffset="4080"/>
</LocList>
</BasicStmnt>
<BasicStmnt CovItemId="S31" CovItemPrefix="cabra.ColorManager.java" Intrnl_Id="6455">
<LocList>
<Loc EndOffset="4286" SrcFileId="52" StartOffset="4187"/>
</LocList>
</BasicStmnt>
<BasicStmnt CovItemId="S32" CovItemPrefix="cabra.ColorManager.java" Intrnl_Id="6456">
<LocList>
<Loc EndOffset="4394" SrcFileId="52" StartOffset="4296"/>
</LocList>
</BasicStmnt>
<BasicStmnt CovItemId="S33" CovItemPrefix="cabra.ColorManager.java" Intrnl_Id="6457">
<LocList>
<Loc EndOffset="4440" SrcFileId="52" StartOffset="4414"/>
</LocList>
</BasicStmnt>
</StmntSeq>
</HierarchyLvl>
<HierarchyLvl HierarchyLvlId="1760" HierarchyLvlTypeId="67" Intrnl_Id="6458" Name="rgbValues">
<Header>
<Loc EndOffset="4688" SrcFileId="52" StartOffset="4646"/>
</Header>
<LocList>
<Loc EndOffset="4795" SrcFileId="52" StartOffset="4646"/>
</LocList>
<StmntSeq Intrnl_Id="6459">
<LocList>
<Loc EndOffset="4764" SrcFileId="52" StartOffset="4699"/>
<Loc EndOffset="4788" SrcFileId="52" StartOffset="4774"/>
</LocList>
<BasicStmnt CovItemId="S34" CovItemPrefix="cabra.ColorManager.java" Intrnl_Id="6460">
<LocList>
<Loc EndOffset="4764" SrcFileId="52" StartOffset="4699"/>
</LocList>
</BasicStmnt>
<BasicStmnt CovItemId="S35" CovItemPrefix="cabra.ColorManager.java" Intrnl_Id="6461">
<LocList>
<Loc EndOffset="4788" SrcFileId="52" StartOffset="4774"/>
</LocList>
</BasicStmnt>
</StmntSeq>
</HierarchyLvl>
<HierarchyLvl HierarchyLvlId="1761" HierarchyLvlTypeId="67" Intrnl_Id="6462" Name="sumOfrgbValues">
<Header>
<Loc EndOffset="5026" SrcFileId="52" StartOffset="4981"/>
</Header>
<LocList>
<Loc EndOffset="5181" SrcFileId="52" StartOffset="4981"/>
</LocList>
<StmntSeq Intrnl_Id="6463">
<LocList>
<Loc EndOffset="5069" SrcFileId="52" StartOffset="5037"/>
<Loc EndOffset="5093" SrcFileId="52" StartOffset="5079"/>
<Loc EndOffset="5151" SrcFileId="52" StartOffset="5103"/>
<Loc EndOffset="5174" SrcFileId="52" StartOffset="5161"/>
</LocList>
<BasicStmnt CovItemId="S36" CovItemPrefix="cabra.ColorManager.java" Intrnl_Id="6464">
<LocList>
<Loc EndOffset="5069" SrcFileId="52" StartOffset="5037"/>
</LocList>
</BasicStmnt>
<BasicStmnt CovItemId="S37" CovItemPrefix="cabra.ColorManager.java" Intrnl_Id="6465">
<LocList>
<Loc EndOffset="5093" SrcFileId="52" StartOffset="5079"/>
</LocList>
</BasicStmnt>
<LoopStmnt CovItemId="S38" CovItemPrefix="cabra.ColorManager.java" Intrnl_Id="6466" MltplExecId="L2-2" MltplExecPrefix="cabra.ColorManager.java" NvrExecId="L2-0" NvrExecPrefix="cabra.ColorManager.java" OnceExecutedId="L2-1" OnceExecutedPrefix="cabra.ColorManager.java" OptBodyExec="true">
<StmntSeq Intrnl_Id="6467">
<LocList>
<Loc EndOffset="5151" SrcFileId="52" StartOffset="5138"/>
</LocList>
<BasicStmnt CovItemId="S39" CovItemPrefix="cabra.ColorManager.java" Intrnl_Id="6468">
<LocList>
<Loc EndOffset="5151" SrcFileId="52" StartOffset="5138"/>
</LocList>
</BasicStmnt>
</StmntSeq>
<Keyword EndOffset="5106" SrcFileId="52" StartOffset="5103"/>
<LocList>
<Loc EndOffset="5151" SrcFileId="52" StartOffset="5103"/>
</LocList>
</LoopStmnt>
<BasicStmnt CovItemId="S40" CovItemPrefix="cabra.ColorManager.java" Intrnl_Id="6469">
<LocList>
<Loc EndOffset="5174" SrcFileId="52" StartOffset="5161"/>
</LocList>
</BasicStmnt>
</StmntSeq>
</HierarchyLvl>
<HierarchyLvl HierarchyLvlId="1762" HierarchyLvlTypeId="67" Intrnl_Id="6470" Name="randomColor">
<Header>
<Loc EndOffset="5320" SrcFileId="52" StartOffset="5287"/>
</Header>
<LocList>
<Loc EndOffset="5497" SrcFileId="52" StartOffset="5287"/>
</LocList>
<StmntSeq Intrnl_Id="6471">
<LocList>
<Loc EndOffset="5366" SrcFileId="52" StartOffset="5331"/>
<Loc EndOffset="5411" SrcFileId="52" StartOffset="5376"/>
<Loc EndOffset="5456" SrcFileId="52" StartOffset="5421"/>
<Loc EndOffset="5490" SrcFileId="52" StartOffset="5466"/>
</LocList>
<BasicStmnt CovItemId="S41" CovItemPrefix="cabra.ColorManager.java" Intrnl_Id="6472">
<LocList>
<Loc EndOffset="5366" SrcFileId="52" StartOffset="5331"/>
</LocList>
</BasicStmnt>
<BasicStmnt CovItemId="S42" CovItemPrefix="cabra.ColorManager.java" Intrnl_Id="6473">
<LocList>
<Loc EndOffset="5411" SrcFileId="52" StartOffset="5376"/>
</LocList>
</BasicStmnt>
<BasicStmnt CovItemId="S43" CovItemPrefix="cabra.ColorManager.java" Intrnl_Id="6474">
<LocList>
<Loc EndOffset="5456" SrcFileId="52" StartOffset="5421"/>
</LocList>
</BasicStmnt>
<BasicStmnt CovItemId="S44" CovItemPrefix="cabra.ColorManager.java" Intrnl_Id="6475">
<LocList>
<Loc EndOffset="5490" SrcFileId="52" StartOffset="5466"/>
</LocList>
</BasicStmnt>
</StmntSeq>
</HierarchyLvl>
</HierarchyLvl>
<HierarchyLvl HierarchyLvlId="1772" HierarchyLvlTypeId="66" Intrnl_Id="6476" Name="CodeScanner">
<Header>
<Loc EndOffset="170" SrcFileId="53" StartOffset="146"/>
</Header>
<LocList>
<Loc EndOffset="210" SrcFileId="53" StartOffset="146"/>
<Loc EndOffset="4498" SrcFileId="53" StartOffset="4488"/>
<Loc EndOffset="4959" SrcFileId="53" StartOffset="4592"/>
</LocList>
<HierarchyLvl HierarchyLvlId="1764" HierarchyLvlTypeId="67" Intrnl_Id="6477" Name="CodeScanner">
<Header>
<Loc EndOffset="198" SrcFileId="53" StartOffset="177"/>
</Header>
<LocList>
<Loc EndOffset="200" SrcFileId="53" StartOffset="177"/>
</LocList>
</HierarchyLvl>
<HierarchyLvl HierarchyLvlId="1769" HierarchyLvlTypeId="63" Intrnl_Id="6478" Name="Codes">
<Header>
<Loc EndOffset="234" SrcFileId="53" StartOffset="210"/>
</Header>
<LocList>
<Loc EndOffset="4488" SrcFileId="53" StartOffset="210"/>
</LocList>
<HierarchyLvl HierarchyLvlId="1765" HierarchyLvlTypeId="67" Intrnl_Id="6479" Name="Codes">
<Header>
<Loc EndOffset="711" SrcFileId="53" StartOffset="674"/>
</Header>
<LocList>
<Loc EndOffset="790" SrcFileId="53" StartOffset="674"/>
</LocList>
<StmntSeq Intrnl_Id="6480">
<LocList>
<Loc EndOffset="742" SrcFileId="53" StartOffset="725"/>
<Loc EndOffset="780" SrcFileId="53" StartOffset="755"/>
</LocList>
<BasicStmnt CovItemId="S1" CovItemPrefix="cabra.CodeScanner.java" Intrnl_Id="6481">
<LocList>
<Loc EndOffset="742" SrcFileId="53" StartOffset="725"/>
</LocList>
</BasicStmnt>
<BasicStmnt CovItemId="S2" CovItemPrefix="cabra.CodeScanner.java" Intrnl_Id="6482">
<LocList>
<Loc EndOffset="780" SrcFileId="53" StartOffset="755"/>
</LocList>
</BasicStmnt>
</StmntSeq>
</HierarchyLvl>
<HierarchyLvl HierarchyLvlId="1766" HierarchyLvlTypeId="67" Intrnl_Id="6483" Name="check">
<Header>
<Loc EndOffset="1205" SrcFileId="53" StartOffset="1147"/>
</Header>
<LocList>
<Loc EndOffset="2917" SrcFileId="53" StartOffset="1147"/>
</LocList>
<StmntSeq Intrnl_Id="6484">
<LocList>
<Loc EndOffset="1277" SrcFileId="53" StartOffset="1219"/>
<Loc EndOffset="2907" SrcFileId="53" StartOffset="1303"/>
</LocList>
<BasicStmnt CovItemId="S3" CovItemPrefix="cabra.CodeScanner.java" Intrnl_Id="6485">
<LocList>
<Loc EndOffset="1277" SrcFileId="53" StartOffset="1219"/>
</LocList>
</BasicStmnt>
<CondStmnt CovItemId="S4" CovItemPrefix="cabra.CodeScanner.java" Intrnl_Id="6486">
<Branch CovItemId="B1" CovItemPrefix="cabra.CodeScanner.java" Implct="false" Intrnl_Id="6487">
<Cond/>
<LocList>
<Loc EndOffset="1523" SrcFileId="53" StartOffset="1341"/>
</LocList>
<StmntSeq Intrnl_Id="6488">
<LocList>
<Loc EndOffset="1509" SrcFileId="53" StartOffset="1484"/>
</LocList>
<BasicStmnt CovItemId="S5" CovItemPrefix="cabra.CodeScanner.java" Intrnl_Id="6489">
<LocList>
<Loc EndOffset="1509" SrcFileId="53" StartOffset="1484"/>
</LocList>
</BasicStmnt>
</StmntSeq>
</Branch>
<Branch CovItemId="B2" CovItemPrefix="cabra.CodeScanner.java" Implct="false" Intrnl_Id="6490">
<Cond>
<Loc EndOffset="1541" SrcFileId="53" StartOffset="1537"/>
</Cond>
<LocList>
<Loc EndOffset="2907" SrcFileId="53" StartOffset="1542"/>
</LocList>
<StmntSeq Intrnl_Id="6491">
<LocList>
<Loc EndOffset="2907" SrcFileId="53" StartOffset="1542"/>
</LocList>
<CondStmnt CovItemId="S6" CovItemPrefix="cabra.CodeScanner.java" Intrnl_Id="6492">
<Branch CovItemId="B3" CovItemPrefix="cabra.CodeScanner.java" Implct="false" Intrnl_Id="6493">
<Cond/>
<LocList>
<Loc EndOffset="1863" SrcFileId="53" StartOffset="1563"/>
</LocList>
<StmntSeq Intrnl_Id="6494">
<LocList>
<Loc EndOffset="1796" SrcFileId="53" StartOffset="1621"/>
<Loc EndOffset="1849" SrcFileId="53" StartOffset="1818"/>
</LocList>
<BasicStmnt CovItemId="S7" CovItemPrefix="cabra.CodeScanner.java" Intrnl_Id="6495">
<LocList>
<Loc EndOffset="1796" SrcFileId="53" StartOffset="1621"/>
</LocList>
</BasicStmnt>
<BasicStmnt CovItemId="S8" CovItemPrefix="cabra.CodeScanner.java" Intrnl_Id="6496">
<LocList>
<Loc EndOffset="1849" SrcFileId="53" StartOffset="1818"/>
</LocList>
</BasicStmnt>
</StmntSeq>
</Branch>
<Branch CovItemId="B4" CovItemPrefix="cabra.CodeScanner.java" Implct="false" Intrnl_Id="6497">
<Cond>
<Loc EndOffset="1880" SrcFileId="53" StartOffset="1876"/>
</Cond>
<LocList>
<Loc EndOffset="2907" SrcFileId="53" StartOffset="1880"/>
</LocList>
<StmntSeq Intrnl_Id="6498">
<LocList>
<Loc EndOffset="1972" SrcFileId="53" StartOffset="1927"/>
<Loc EndOffset="2233" SrcFileId="53" StartOffset="1989"/>
<Loc EndOffset="2338" SrcFileId="53" StartOffset="2301"/>
<Loc EndOffset="2482" SrcFileId="53" StartOffset="2432"/>
<Loc EndOffset="2526" SrcFileId="53" StartOffset="2499"/>
<Loc EndOffset="2603" SrcFileId="53" StartOffset="2543"/>
<Loc EndOffset="2837" SrcFileId="53" StartOffset="2712"/>
<Loc EndOffset="2893" SrcFileId="53" StartOffset="2871"/>
</LocList>
<BasicStmnt CovItemId="S9" CovItemPrefix="cabra.CodeScanner.java" Intrnl_Id="6499">
<LocList>
<Loc EndOffset="1972" SrcFileId="53" StartOffset="1927"/>
</LocList>
</BasicStmnt>
<BasicStmnt CovItemId="S10" CovItemPrefix="cabra.CodeScanner.java" Intrnl_Id="6500">
<LocList>
<Loc EndOffset="2233" SrcFileId="53" StartOffset="1989"/>
</LocList>
</BasicStmnt>
<BasicStmnt CovItemId="S11" CovItemPrefix="cabra.CodeScanner.java" Intrnl_Id="6501">
<LocList>
<Loc EndOffset="2338" SrcFileId="53" StartOffset="2301"/>
</LocList>
</BasicStmnt>
<BasicStmnt CovItemId="S12" CovItemPrefix="cabra.CodeScanner.java" Intrnl_Id="6502">
<LocList>
<Loc EndOffset="2482" SrcFileId="53" StartOffset="2432"/>
</LocList>
</BasicStmnt>
<BasicStmnt CovItemId="S13" CovItemPrefix="cabra.CodeScanner.java" Intrnl_Id="6503">
<LocList>
<Loc EndOffset="2526" SrcFileId="53" StartOffset="2499"/>
</LocList>
</BasicStmnt>
<BasicStmnt CovItemId="S14" CovItemPrefix="cabra.CodeScanner.java" Intrnl_Id="6504">
<LocList>
<Loc EndOffset="2603" SrcFileId="53" StartOffset="2543"/>
</LocList>
</BasicStmnt>
<BasicStmnt CovItemId="S15" CovItemPrefix="cabra.CodeScanner.java" Intrnl_Id="6505">
<LocList>
<Loc EndOffset="2837" SrcFileId="53" StartOffset="2712"/>
</LocList>
</BasicStmnt>
<BasicStmnt CovItemId="S16" CovItemPrefix="cabra.CodeScanner.java" Intrnl_Id="6506">
<LocList>
<Loc EndOffset="2893" SrcFileId="53" StartOffset="2871"/>
</LocList>
</BasicStmnt>
</StmntSeq>
</Branch>
<Keyword EndOffset="1544" SrcFileId="53" StartOffset="1542"/>
<LocList>
<Loc EndOffset="2907" SrcFileId="53" StartOffset="1542"/>
</LocList>
<RootTerm CovItemId="C2" CovItemPrefix="cabra.CodeScanner.java" Intrnl_Id="6507">
<BasicBoolTerm Intrnl_Id="6508">
<LocList>
<Loc EndOffset="1562" SrcFileId="53" StartOffset="1545"/>
</LocList>
</BasicBoolTerm>
</RootTerm>
</CondStmnt>
</StmntSeq>
</Branch>
<Keyword EndOffset="1305" SrcFileId="53" StartOffset="1303"/>
<LocList>
<Loc EndOffset="2907" SrcFileId="53" StartOffset="1303"/>
</LocList>
<RootTerm CovItemId="C1" CovItemPrefix="cabra.CodeScanner.java" Intrnl_Id="6509">
<BasicBoolTerm Intrnl_Id="6510">
<LocList>
<Loc EndOffset="1340" SrcFileId="53" StartOffset="1306"/>
</LocList>
</BasicBoolTerm>
</RootTerm>
</CondStmnt>
</StmntSeq>
</HierarchyLvl>
<HierarchyLvl HierarchyLvlId="1767" HierarchyLvlTypeId="67" Intrnl_Id="6511" Name="isRedeemed">
<Header>
<Loc EndOffset="3128" SrcFileId="53" StartOffset="3101"/>
</Header>
<LocList>
<Loc EndOffset="3329" SrcFileId="53" StartOffset="3101"/>
</LocList>
<StmntSeq Intrnl_Id="6512">
<LocList>
<Loc EndOffset="3193" SrcFileId="53" StartOffset="3142"/>
<Loc EndOffset="3319" SrcFileId="53" StartOffset="3206"/>
</LocList>
<BasicStmnt CovItemId="S17" CovItemPrefix="cabra.CodeScanner.java" Intrnl_Id="6513">
<LocList>
<Loc EndOffset="3193" SrcFileId="53" StartOffset="3142"/>
</LocList>
</BasicStmnt>
<CondStmnt CovItemId="S18" CovItemPrefix="cabra.CodeScanner.java" Intrnl_Id="6514">
<Branch CovItemId="B5" CovItemPrefix="cabra.CodeScanner.java" Implct="false" Intrnl_Id="6515">
<Cond/>
<LocList>
<Loc EndOffset="3272" SrcFileId="53" StartOffset="3260"/>
</LocList>
<StmntSeq Intrnl_Id="6516">
<LocList>
<Loc EndOffset="3272" SrcFileId="53" StartOffset="3260"/>
</LocList>
<BasicStmnt CovItemId="S19" CovItemPrefix="cabra.CodeScanner.java" Intrnl_Id="6517">
<LocList>
<Loc EndOffset="3272" SrcFileId="53" StartOffset="3260"/>
</LocList>
</BasicStmnt>
</StmntSeq>
</Branch>
<Branch CovItemId="B6" CovItemPrefix="cabra.CodeScanner.java" Implct="false" Intrnl_Id="6518">
<Cond>
<Loc EndOffset="3289" SrcFileId="53" StartOffset="3285"/>
</Cond>
<LocList>
<Loc EndOffset="3319" SrcFileId="53" StartOffset="3306"/>
</LocList>
<StmntSeq Intrnl_Id="6519">
<LocList>
<Loc EndOffset="3319" SrcFileId="53" StartOffset="3306"/>
</LocList>
<BasicStmnt CovItemId="S20" CovItemPrefix="cabra.CodeScanner.java" Intrnl_Id="6520">
<LocList>
<Loc EndOffset="3319" SrcFileId="53" StartOffset="3306"/>
</LocList>
</BasicStmnt>
</StmntSeq>
</Branch>
<Keyword EndOffset="3208" SrcFileId="53" StartOffset="3206"/>
<LocList>
<Loc EndOffset="3319" SrcFileId="53" StartOffset="3206"/>
</LocList>
<RootTerm CovItemId="C3" CovItemPrefix="cabra.CodeScanner.java" Intrnl_Id="6521">
<BasicBoolTerm Intrnl_Id="6522">
<LocList>
<Loc EndOffset="3242" SrcFileId="53" StartOffset="3209"/>
</LocList>
</BasicBoolTerm>
</RootTerm>
</CondStmnt>
</StmntSeq>
</HierarchyLvl>
<HierarchyLvl HierarchyLvlId="1768" HierarchyLvlTypeId="67" Intrnl_Id="6523" Name="checkAgainstAll">
<Header>
<Loc EndOffset="3622" SrcFileId="53" StartOffset="3549"/>
</Header>
<LocList>
<Loc EndOffset="4482" SrcFileId="53" StartOffset="3549"/>
</LocList>
<StmntSeq Intrnl_Id="6524">
<LocList>
<Loc EndOffset="3668" SrcFileId="53" StartOffset="3636"/>
<Loc EndOffset="4098" SrcFileId="53" StartOffset="3726"/>
<Loc EndOffset="4472" SrcFileId="53" StartOffset="4153"/>
</LocList>
<BasicStmnt CovItemId="S21" CovItemPrefix="cabra.CodeScanner.java" Intrnl_Id="6525">
<LocList>
<Loc EndOffset="3668" SrcFileId="53" StartOffset="3636"/>
</LocList>
</BasicStmnt>
<LoopStmnt CovItemId="S22" CovItemPrefix="cabra.CodeScanner.java" Intrnl_Id="6526" MltplExecId="L1-2" MltplExecPrefix="cabra.CodeScanner.java" NvrExecId="L1-0" NvrExecPrefix="cabra.CodeScanner.java" OnceExecutedId="L1-1" OnceExecutedPrefix="cabra.CodeScanner.java" OptBodyExec="true">
<StmntSeq Intrnl_Id="6527">
<LocList>
<Loc EndOffset="3824" SrcFileId="53" StartOffset="3776"/>
<Loc EndOffset="4084" SrcFileId="53" StartOffset="3841"/>
</LocList>
<BasicStmnt CovItemId="S23" CovItemPrefix="cabra.CodeScanner.java" Intrnl_Id="6528">
<LocList>
<Loc EndOffset="3824" SrcFileId="53" StartOffset="3776"/>
</LocList>
</BasicStmnt>
<CondStmnt CovItemId="S24" CovItemPrefix="cabra.CodeScanner.java" Intrnl_Id="6529">
<Branch CovItemId="B7" CovItemPrefix="cabra.CodeScanner.java" Implct="false" Intrnl_Id="6530">
<Cond/>
<LocList>
<Loc EndOffset="3922" SrcFileId="53" StartOffset="3899"/>
</LocList>
<StmntSeq Intrnl_Id="6531">
<LocList>
<Loc EndOffset="3922" SrcFileId="53" StartOffset="3899"/>
</LocList>
<BasicStmnt CovItemId="S25" CovItemPrefix="cabra.CodeScanner.java" Intrnl_Id="6532">
<LocList>
<Loc EndOffset="3922" SrcFileId="53" StartOffset="3899"/>
</LocList>
</BasicStmnt>
</StmntSeq>
</Branch>
<Branch CovItemId="B8" CovItemPrefix="cabra.CodeScanner.java" Implct="false" Intrnl_Id="6533">
<Cond>
<Loc EndOffset="3943" SrcFileId="53" StartOffset="3939"/>
</Cond>
<LocList>
<Loc EndOffset="4084" SrcFileId="53" StartOffset="3944"/>
</LocList>
<StmntSeq Intrnl_Id="6534">
<LocList>
<Loc EndOffset="4084" SrcFileId="53" StartOffset="3944"/>
</LocList>
<CondStmnt CovItemId="S26" CovItemPrefix="cabra.CodeScanner.java" Intrnl_Id="6535">
<Branch CovItemId="B9" CovItemPrefix="cabra.CodeScanner.java" Implct="false" Intrnl_Id="6536">
<Cond/>
<LocList>
<Loc EndOffset="4000" SrcFileId="53" StartOffset="3993"/>
</LocList>
<StmntSeq Intrnl_Id="6537">
<LocList>
<Loc EndOffset="4000" SrcFileId="53" StartOffset="3993"/>
</LocList>
<BasicStmnt CovItemId="S27" CovItemPrefix="cabra.CodeScanner.java" Intrnl_Id="6538">
<LocList>
<Loc EndOffset="4000" SrcFileId="53" StartOffset="3993"/>
</LocList>
</BasicStmnt>
</StmntSeq>
</Branch>
<Branch CovItemId="B10" CovItemPrefix="cabra.CodeScanner.java" Implct="false" Intrnl_Id="6539">
<Cond>
<Loc EndOffset="4021" SrcFileId="53" StartOffset="4017"/>
</Cond>
<LocList>
<Loc EndOffset="4084" SrcFileId="53" StartOffset="4022"/>
</LocList>
<StmntSeq Intrnl_Id="6540">
<LocList>
<Loc EndOffset="4084" SrcFileId="53" StartOffset="4022"/>
</LocList>
<CondStmnt CovItemId="S28" CovItemPrefix="cabra.CodeScanner.java" Intrnl_Id="6541">
<Branch CovItemId="B11" CovItemPrefix="cabra.CodeScanner.java" Implct="false" Intrnl_Id="6542">
<Cond/>
<LocList>
<Loc EndOffset="4084" SrcFileId="53" StartOffset="4075"/>
</LocList>
<StmntSeq Intrnl_Id="6543">
<LocList>
<Loc EndOffset="4084" SrcFileId="53" StartOffset="4075"/>
</LocList>
<BasicStmnt CovItemId="S29" CovItemPrefix="cabra.CodeScanner.java" Intrnl_Id="6544">
<LocList>
<Loc EndOffset="4084" SrcFileId="53" StartOffset="4075"/>
</LocList>
</BasicStmnt>
</StmntSeq>
</Branch>
<Branch CovItemId="B12" CovItemPrefix="cabra.CodeScanner.java" Implct="true" Intrnl_Id="6545">
<Cond/>
<LocList/>
<StmntSeq Intrnl_Id="6546">
<LocList/>
</StmntSeq>
</Branch>
<Keyword EndOffset="4024" SrcFileId="53" StartOffset="4022"/>
<LocList>
<Loc EndOffset="4084" SrcFileId="53" StartOffset="4022"/>
</LocList>
<RootTerm CovItemId="C6" CovItemPrefix="cabra.CodeScanner.java" Intrnl_Id="6547">
<BasicBoolTerm Intrnl_Id="6548">
<LocList>
<Loc EndOffset="4053" SrcFileId="53" StartOffset="4026"/>
</LocList>
</BasicBoolTerm>
</RootTerm>
</CondStmnt>
</StmntSeq>
</Branch>
<Keyword EndOffset="3946" SrcFileId="53" StartOffset="3944"/>
<LocList>
<Loc EndOffset="4084" SrcFileId="53" StartOffset="3944"/>
</LocList>
<RootTerm CovItemId="C5" CovItemPrefix="cabra.CodeScanner.java" Intrnl_Id="6549">
<BasicBoolTerm Intrnl_Id="6550">
<LocList>
<Loc EndOffset="3971" SrcFileId="53" StartOffset="3947"/>
</LocList>
</BasicBoolTerm>
</RootTerm>
</CondStmnt>
</StmntSeq>
</Branch>
<Keyword EndOffset="3843" SrcFileId="53" StartOffset="3841"/>
<LocList>
<Loc EndOffset="4084" SrcFileId="53" StartOffset="3841"/>
</LocList>
<RootTerm CovItemId="C4" CovItemPrefix="cabra.CodeScanner.java" Intrnl_Id="6551">
<BasicBoolTerm Intrnl_Id="6552">
<LocList>
<Loc EndOffset="3877" SrcFileId="53" StartOffset="3844"/>
</LocList>
</BasicBoolTerm>
</RootTerm>
</CondStmnt>
</StmntSeq>
<Keyword EndOffset="3729" SrcFileId="53" StartOffset="3726"/>
<LocList>
<Loc EndOffset="4098" SrcFileId="53" StartOffset="3726"/>
</LocList>
</LoopStmnt>
<CondStmnt CovItemId="S30" CovItemPrefix="cabra.CodeScanner.java" Intrnl_Id="6553">
<Branch CovItemId="B13" CovItemPrefix="cabra.CodeScanner.java" Implct="false" Intrnl_Id="6554">
<Cond/>
<LocList>
<Loc EndOffset="4472" SrcFileId="53" StartOffset="4181"/>
</LocList>
<StmntSeq Intrnl_Id="6555">
<LocList>
<Loc EndOffset="4447" SrcFileId="53" StartOffset="4272"/>
</LocList>
<BasicStmnt CovItemId="S31" CovItemPrefix="cabra.CodeScanner.java" Intrnl_Id="6556">
<LocList>
<Loc EndOffset="4447" SrcFileId="53" StartOffset="4272"/>
</LocList>
</BasicStmnt>
</StmntSeq>
</Branch>
<Branch CovItemId="B14" CovItemPrefix="cabra.CodeScanner.java" Implct="true" Intrnl_Id="6557">
<Cond/>
<LocList/>
<StmntSeq Intrnl_Id="6558">
<LocList/>
</StmntSeq>
</Branch>
<Keyword EndOffset="4155" SrcFileId="53" StartOffset="4153"/>
<LocList>
<Loc EndOffset="4472" SrcFileId="53" StartOffset="4153"/>
</LocList>
<RootTerm CovItemId="C7" CovItemPrefix="cabra.CodeScanner.java" Intrnl_Id="6559">
<BasicBoolTerm Intrnl_Id="6560">
<LocList>
<Loc EndOffset="4180" SrcFileId="53" StartOffset="4156"/>
</LocList>
</BasicBoolTerm>
</RootTerm>
</CondStmnt>
</StmntSeq>
</HierarchyLvl>
</HierarchyLvl>
<HierarchyLvl HierarchyLvlId="1770" HierarchyLvlTypeId="63" Intrnl_Id="6561" Name="Result">
<Header>
<Loc EndOffset="4523" SrcFileId="53" StartOffset="4498"/>
</Header>
<LocList>
<Loc EndOffset="4592" SrcFileId="53" StartOffset="4498"/>
</LocList>
</HierarchyLvl>
<HierarchyLvl HierarchyLvlId="1771" HierarchyLvlTypeId="67" Intrnl_Id="6562" Name="scan">
<Header>
<Loc EndOffset="4809" SrcFileId="53" StartOffset="4750"/>
</Header>
<LocList>
<Loc EndOffset="4957" SrcFileId="53" StartOffset="4750"/>
</LocList>
<StmntSeq Intrnl_Id="6563">
<LocList>
<Loc EndOffset="4852" SrcFileId="53" StartOffset="4819"/>
<Loc EndOffset="4951" SrcFileId="53" StartOffset="4911"/>
</LocList>
<BasicStmnt CovItemId="S32" CovItemPrefix="cabra.CodeScanner.java" Intrnl_Id="6564">
<LocList>
<Loc EndOffset="4852" SrcFileId="53" StartOffset="4819"/>
</LocList>
</BasicStmnt>
<BasicStmnt CovItemId="S33" CovItemPrefix="cabra.CodeScanner.java" Intrnl_Id="6565">
<LocList>
<Loc EndOffset="4951" SrcFileId="53" StartOffset="4911"/>
</LocList>
</BasicStmnt>
</StmntSeq>
</HierarchyLvl>
</HierarchyLvl>
<HierarchyLvl HierarchyLvlId="1780" HierarchyLvlTypeId="66" Intrnl_Id="6566" Name="CardViewerPanel">
<Header>
<Loc EndOffset="311" SrcFileId="54" StartOffset="268"/>
</Header>
<LocList>
<Loc EndOffset="3137" SrcFileId="54" StartOffset="268"/>
</LocList>
<StmntSeq Intrnl_Id="6567">
<LocList>
<Loc EndOffset="358" SrcFileId="54" StartOffset="319"/>
<Loc EndOffset="403" SrcFileId="54" StartOffset="363"/>
</LocList>
<BasicStmnt CovItemId="S1" CovItemPrefix="cabra.CardViewerPanel.java" Intrnl_Id="6568">
<LocList>
<Loc EndOffset="358" SrcFileId="54" StartOffset="319"/>
</LocList>
</BasicStmnt>
<BasicStmnt CovItemId="S2" CovItemPrefix="cabra.CardViewerPanel.java" Intrnl_Id="6569">
<LocList>
<Loc EndOffset="403" SrcFileId="54" StartOffset="363"/>
</LocList>
</BasicStmnt>
</StmntSeq>
<HierarchyLvl HierarchyLvlId="1773" HierarchyLvlTypeId="67" Intrnl_Id="6570" Name="CardViewerPanel">
<Header>
<Loc EndOffset="682" SrcFileId="54" StartOffset="624"/>
</Header>
<LocList>
<Loc EndOffset="1261" SrcFileId="54" StartOffset="624"/>
</LocList>
<StmntSeq Intrnl_Id="6571">
<LocList>
<Loc EndOffset="721" SrcFileId="54" StartOffset="692"/>
<Loc EndOffset="749" SrcFileId="54" StartOffset="730"/>
<Loc EndOffset="785" SrcFileId="54" StartOffset="767"/>
<Loc EndOffset="1127" SrcFileId="54" StartOffset="979"/>
<Loc EndOffset="1201" SrcFileId="54" StartOffset="1136"/>
<Loc EndOffset="1228" SrcFileId="54" StartOffset="1210"/>
<Loc EndOffset="1255" SrcFileId="54" StartOffset="1246"/>
</LocList>
<BasicStmnt CovItemId="S3" CovItemPrefix="cabra.CardViewerPanel.java" Intrnl_Id="6572">
<LocList>
<Loc EndOffset="721" SrcFileId="54" StartOffset="692"/>
</LocList>
</BasicStmnt>
<BasicStmnt CovItemId="S4" CovItemPrefix="cabra.CardViewerPanel.java" Intrnl_Id="6573">
<LocList>
<Loc EndOffset="749" SrcFileId="54" StartOffset="730"/>
</LocList>
</BasicStmnt>
<BasicStmnt CovItemId="S5" CovItemPrefix="cabra.CardViewerPanel.java" Intrnl_Id="6574">
<LocList>
<Loc EndOffset="785" SrcFileId="54" StartOffset="767"/>
</LocList>
</BasicStmnt>
<BasicStmnt CovItemId="S6" CovItemPrefix="cabra.CardViewerPanel.java" Intrnl_Id="6575">
<LocList>
<Loc EndOffset="1127" SrcFileId="54" StartOffset="979"/>
</LocList>
</BasicStmnt>
<BasicStmnt CovItemId="S7" CovItemPrefix="cabra.CardViewerPanel.java" Intrnl_Id="6576">
<LocList>
<Loc EndOffset="1201" SrcFileId="54" StartOffset="1136"/>
</LocList>
</BasicStmnt>
<BasicStmnt CovItemId="S8" CovItemPrefix="cabra.CardViewerPanel.java" Intrnl_Id="6577">
<LocList>
<Loc EndOffset="1228" SrcFileId="54" StartOffset="1210"/>
</LocList>
</BasicStmnt>
<BasicStmnt CovItemId="S9" CovItemPrefix="cabra.CardViewerPanel.java" Intrnl_Id="6578">
<LocList>
<Loc EndOffset="1255" SrcFileId="54" StartOffset="1246"/>
</LocList>
</BasicStmnt>
</StmntSeq>
</HierarchyLvl>
<HierarchyLvl HierarchyLvlId="1776" HierarchyLvlTypeId="67" Intrnl_Id="6579" Name="refresh">
<Header>
<Loc EndOffset="1292" SrcFileId="54" StartOffset="1271"/>
</Header>
<LocList>
<Loc EndOffset="1453" SrcFileId="54" StartOffset="1271"/>
</LocList>
<StmntSeq Intrnl_Id="6580">
<LocList>
<Loc EndOffset="1329" SrcFileId="54" StartOffset="1302"/>
<Loc EndOffset="1427" SrcFileId="54" StartOffset="1425"/>
</LocList>
<BasicStmnt CovItemId="S10" CovItemPrefix="cabra.CardViewerPanel.java" Intrnl_Id="6581">
<LocList>
<Loc EndOffset="1329" SrcFileId="54" StartOffset="1302"/>
<Loc EndOffset="1427" SrcFileId="54" StartOffset="1425"/>
</LocList>
</BasicStmnt>
</StmntSeq>
<HierarchyLvl HierarchyLvlId="1775" HierarchyLvlTypeId="69" Intrnl_Id="6582" Name="Runnable">
<Header>
<Loc EndOffset="1343" SrcFileId="54" StartOffset="1333"/>
</Header>
<LocList>
<Loc EndOffset="1425" SrcFileId="54" StartOffset="1329"/>
</LocList>
<HierarchyLvl HierarchyLvlId="1774" HierarchyLvlTypeId="67" Intrnl_Id="6583" Name="run">
<Header>
<Loc EndOffset="1374" SrcFileId="54" StartOffset="1357"/>
</Header>
<LocList>
<Loc EndOffset="1415" SrcFileId="54" StartOffset="1357"/>
</LocList>
<StmntSeq Intrnl_Id="6584">
<LocList>
<Loc EndOffset="1401" SrcFileId="54" StartOffset="1392"/>
</LocList>
<BasicStmnt CovItemId="S11" CovItemPrefix="cabra.CardViewerPanel.java" Intrnl_Id="6585">
<LocList>
<Loc EndOffset="1401" SrcFileId="54" StartOffset="1392"/>
</LocList>
</BasicStmnt>
</StmntSeq>
</HierarchyLvl>
</HierarchyLvl>
</HierarchyLvl>
<HierarchyLvl HierarchyLvlId="1777" HierarchyLvlTypeId="67" Intrnl_Id="6586" Name="update">
<Header>
<Loc EndOffset="1538" SrcFileId="54" StartOffset="1517"/>
</Header>
<LocList>
<Loc EndOffset="1733" SrcFileId="54" StartOffset="1517"/>
</LocList>
<StmntSeq Intrnl_Id="6587">
<LocList>
<Loc EndOffset="1727" SrcFileId="54" StartOffset="1548"/>
</LocList>
<CondStmnt CovItemId="S12" CovItemPrefix="cabra.CardViewerPanel.java" Intrnl_Id="6588">
<Branch CovItemId="B1" CovItemPrefix="cabra.CardViewerPanel.java" Implct="false" Intrnl_Id="6589">
<Cond/>
<LocList>
<Loc EndOffset="1660" SrcFileId="54" StartOffset="1589"/>
</LocList>
<StmntSeq Intrnl_Id="6590">
<LocList>
<Loc EndOffset="1650" SrcFileId="54" StartOffset="1603"/>
</LocList>
<BasicStmnt CovItemId="S13" CovItemPrefix="cabra.CardViewerPanel.java" Intrnl_Id="6591">
<LocList>
<Loc EndOffset="1650" SrcFileId="54" StartOffset="1603"/>
</LocList>
</BasicStmnt>
</StmntSeq>
</Branch>
<Branch CovItemId="B2" CovItemPrefix="cabra.CardViewerPanel.java" Implct="false" Intrnl_Id="6592">
<Cond>
<Loc EndOffset="1673" SrcFileId="54" StartOffset="1669"/>
</Cond>
<LocList>
<Loc EndOffset="1727" SrcFileId="54" StartOffset="1673"/>
</LocList>
<StmntSeq Intrnl_Id="6593">
<LocList/>
</StmntSeq>
</Branch>
<Keyword EndOffset="1550" SrcFileId="54" StartOffset="1548"/>
<LocList>
<Loc EndOffset="1727" SrcFileId="54" StartOffset="1548"/>
</LocList>
<RootTerm CovItemId="C1" CovItemPrefix="cabra.CardViewerPanel.java" Intrnl_Id="6594">
<BasicBoolTerm Intrnl_Id="6595">
<LocList>
<Loc EndOffset="1588" SrcFileId="54" StartOffset="1551"/>
</LocList>
</BasicBoolTerm>
</RootTerm>
</CondStmnt>
</StmntSeq>
</HierarchyLvl>
<HierarchyLvl HierarchyLvlId="1778" HierarchyLvlTypeId="67" Intrnl_Id="6596" Name="updateWithCards">
<Header>
<Loc EndOffset="1891" SrcFileId="54" StartOffset="1846"/>
</Header>
<LocList>
<Loc EndOffset="2895" SrcFileId="54" StartOffset="1846"/>
</LocList>
<StmntSeq Intrnl_Id="6597">
<LocList>
<Loc EndOffset="1924" SrcFileId="54" StartOffset="1901"/>
<Loc EndOffset="2018" SrcFileId="54" StartOffset="1975"/>
<Loc EndOffset="2827" SrcFileId="54" StartOffset="2036"/>
<Loc EndOffset="2869" SrcFileId="54" StartOffset="2859"/>
<Loc EndOffset="2889" SrcFileId="54" StartOffset="2878"/>
</LocList>
<BasicStmnt CovItemId="S14" CovItemPrefix="cabra.CardViewerPanel.java" Intrnl_Id="6598">
<LocList>
<Loc EndOffset="1924" SrcFileId="54" StartOffset="1901"/>
</LocList>
</BasicStmnt>
<BasicStmnt CovItemId="S15" CovItemPrefix="cabra.CardViewerPanel.java" Intrnl_Id="6599">
<LocList>
<Loc EndOffset="2018" SrcFileId="54" StartOffset="1975"/>
</LocList>
</BasicStmnt>
<CondStmnt CovItemId="S16" CovItemPrefix="cabra.CardViewerPanel.java" Intrnl_Id="6600">
<Branch CovItemId="B3" CovItemPrefix="cabra.CardViewerPanel.java" Implct="false" Intrnl_Id="6601">
<Cond/>
<LocList>
<Loc EndOffset="2431" SrcFileId="54" StartOffset="2055"/>
</LocList>
<StmntSeq Intrnl_Id="6602">
<LocList>
<Loc EndOffset="2332" SrcFileId="54" StartOffset="2110"/>
</LocList>
<BasicStmnt CovItemId="S17" CovItemPrefix="cabra.CardViewerPanel.java" Intrnl_Id="6603">
<LocList>
<Loc EndOffset="2332" SrcFileId="54" StartOffset="2110"/>
</LocList>
</BasicStmnt>
</StmntSeq>
</Branch>
<Branch CovItemId="B4" CovItemPrefix="cabra.CardViewerPanel.java" Implct="false" Intrnl_Id="6604">
<Cond>
<Loc EndOffset="2444" SrcFileId="54" StartOffset="2440"/>
</Cond>
<LocList>
<Loc EndOffset="2827" SrcFileId="54" StartOffset="2444"/>
</LocList>
<StmntSeq Intrnl_Id="6605">
<LocList>
<Loc EndOffset="2516" SrcFileId="54" StartOffset="2458"/>
<Loc EndOffset="2570" SrcFileId="54" StartOffset="2529"/>
<Loc EndOffset="2817" SrcFileId="54" StartOffset="2607"/>
</LocList>
<BasicStmnt CovItemId="S18" CovItemPrefix="cabra.CardViewerPanel.java" Intrnl_Id="6606">
<LocList>
<Loc EndOffset="2516" SrcFileId="54" StartOffset="2458"/>
</LocList>
</BasicStmnt>
<BasicStmnt CovItemId="S19" CovItemPrefix="cabra.CardViewerPanel.java" Intrnl_Id="6607">
<LocList>
<Loc EndOffset="2570" SrcFileId="54" StartOffset="2529"/>
</LocList>
</BasicStmnt>
<LoopStmnt CovItemId="S20" CovItemPrefix="cabra.CardViewerPanel.java" Intrnl_Id="6608" MltplExecId="L1-2" MltplExecPrefix="cabra.CardViewerPanel.java" NvrExecId="L1-0" NvrExecPrefix="cabra.CardViewerPanel.java" OnceExecutedId="L1-1" OnceExecutedPrefix="cabra.CardViewerPanel.java" OptBodyExec="true">
<StmntSeq Intrnl_Id="6609">
<LocList>
<Loc EndOffset="2713" SrcFileId="54" StartOffset="2693"/>
<Loc EndOffset="2803" SrcFileId="54" StartOffset="2730"/>
</LocList>
<BasicStmnt CovItemId="S21" CovItemPrefix="cabra.CardViewerPanel.java" Intrnl_Id="6610">
<LocList>
<Loc EndOffset="2713" SrcFileId="54" StartOffset="2693"/>
</LocList>
</BasicStmnt>
<BasicStmnt CovItemId="S22" CovItemPrefix="cabra.CardViewerPanel.java" Intrnl_Id="6611">
<LocList>
<Loc EndOffset="2803" SrcFileId="54" StartOffset="2730"/>
</LocList>
</BasicStmnt>
</StmntSeq>
<Keyword EndOffset="2610" SrcFileId="54" StartOffset="2607"/>
<LocList>
<Loc EndOffset="2817" SrcFileId="54" StartOffset="2607"/>
</LocList>
</LoopStmnt>
</StmntSeq>
</Branch>
<Keyword EndOffset="2038" SrcFileId="54" StartOffset="2036"/>
<LocList>
<Loc EndOffset="2827" SrcFileId="54" StartOffset="2036"/>
</LocList>
<RootTerm CovItemId="C2" CovItemPrefix="cabra.CardViewerPanel.java" Intrnl_Id="6612">
<BasicBoolTerm Intrnl_Id="6613">
<LocList>
<Loc EndOffset="2054" SrcFileId="54" StartOffset="2039"/>
</LocList>
</BasicBoolTerm>
</RootTerm>
</CondStmnt>
<BasicStmnt CovItemId="S23" CovItemPrefix="cabra.CardViewerPanel.java" Intrnl_Id="6614">
<LocList>
<Loc EndOffset="2869" SrcFileId="54" StartOffset="2859"/>
</LocList>
</BasicStmnt>
<BasicStmnt CovItemId="S24" CovItemPrefix="cabra.CardViewerPanel.java" Intrnl_Id="6615">
<LocList>
<Loc EndOffset="2889" SrcFileId="54" StartOffset="2878"/>
</LocList>
</BasicStmnt>
</StmntSeq>
</HierarchyLvl>
<HierarchyLvl HierarchyLvlId="1779" HierarchyLvlTypeId="67" Intrnl_Id="6616" Name="buildComponents">
<Header>
<Loc EndOffset="2987" SrcFileId="54" StartOffset="2957"/>
</Header>
<LocList>
<Loc EndOffset="3135" SrcFileId="54" StartOffset="2957"/>
</LocList>
<StmntSeq Intrnl_Id="6617">
<LocList>
<Loc EndOffset="3042" SrcFileId="54" StartOffset="2997"/>
</LocList>
<BasicStmnt CovItemId="S25" CovItemPrefix="cabra.CardViewerPanel.java" Intrnl_Id="6618">
<LocList>
<Loc EndOffset="3042" SrcFileId="54" StartOffset="2997"/>
</LocList>
</BasicStmnt>
</StmntSeq>
</HierarchyLvl>
</HierarchyLvl>
<HierarchyLvl HierarchyLvlId="1800" HierarchyLvlTypeId="66" Intrnl_Id="6619" Name="CardPanel">
<Header>
<Loc EndOffset="294" SrcFileId="55" StartOffset="257"/>
</Header>
<LocList>
<Loc EndOffset="5335" SrcFileId="55" StartOffset="257"/>
<Loc EndOffset="7787" SrcFileId="55" StartOffset="7709"/>
<Loc EndOffset="8198" SrcFileId="55" StartOffset="8126"/>
<Loc EndOffset="9260" SrcFileId="55" StartOffset="9160"/>
<Loc EndOffset="10377" SrcFileId="55" StartOffset="10375"/>
</LocList>
<StmntSeq Intrnl_Id="6620">
<LocList>
<Loc EndOffset="889" SrcFileId="55" StartOffset="841"/>
<Loc EndOffset="961" SrcFileId="55" StartOffset="921"/>
<Loc EndOffset="1006" SrcFileId="55" StartOffset="966"/>
</LocList>
<BasicStmnt CovItemId="S1" CovItemPrefix="cabra.CardPanel.java" Intrnl_Id="6621">
<LocList>
<Loc EndOffset="889" SrcFileId="55" StartOffset="841"/>
</LocList>
</BasicStmnt>
<BasicStmnt CovItemId="S2" CovItemPrefix="cabra.CardPanel.java" Intrnl_Id="6622">
<LocList>
<Loc EndOffset="961" SrcFileId="55" StartOffset="921"/>
</LocList>
</BasicStmnt>
<BasicStmnt CovItemId="S3" CovItemPrefix="cabra.CardPanel.java" Intrnl_Id="6623">
<LocList>
<Loc EndOffset="1006" SrcFileId="55" StartOffset="966"/>
</LocList>
</BasicStmnt>
</StmntSeq>
<HierarchyLvl HierarchyLvlId="1781" HierarchyLvlTypeId="67" Intrnl_Id="6624" Name="CardPanel">
<Header>
<Loc EndOffset="1258" SrcFileId="55" StartOffset="1182"/>
</Header>
<LocList>
<Loc EndOffset="1570" SrcFileId="55" StartOffset="1182"/>
</LocList>
<StmntSeq Intrnl_Id="6625">
<LocList>
<Loc EndOffset="1294" SrcFileId="55" StartOffset="1268"/>
<Loc EndOffset="1331" SrcFileId="55" StartOffset="1312"/>
<Loc EndOffset="1369" SrcFileId="55" StartOffset="1340"/>
<Loc EndOffset="1399" SrcFileId="55" StartOffset="1378"/>
<Loc EndOffset="1435" SrcFileId="55" StartOffset="1417"/>
<Loc EndOffset="1455" SrcFileId="55" StartOffset="1444"/>
<Loc EndOffset="1484" SrcFileId="55" StartOffset="1464"/>
<Loc EndOffset="1557" SrcFileId="55" StartOffset="1502"/>
</LocList>
<BasicStmnt CovItemId="S4" CovItemPrefix="cabra.CardPanel.java" Intrnl_Id="6626">
<LocList>
<Loc EndOffset="1294" SrcFileId="55" StartOffset="1268"/>
</LocList>
</BasicStmnt>
<BasicStmnt CovItemId="S5" CovItemPrefix="cabra.CardPanel.java" Intrnl_Id="6627">
<LocList>
<Loc EndOffset="1331" SrcFileId="55" StartOffset="1312"/>
</LocList>
</BasicStmnt>
<BasicStmnt CovItemId="S6" CovItemPrefix="cabra.CardPanel.java" Intrnl_Id="6628">
<LocList>
<Loc EndOffset="1369" SrcFileId="55" StartOffset="1340"/>
</LocList>
</BasicStmnt>
<BasicStmnt CovItemId="S7" CovItemPrefix="cabra.CardPanel.java" Intrnl_Id="6629">
<LocList>
<Loc EndOffset="1399" SrcFileId="55" StartOffset="1378"/>
</LocList>
</BasicStmnt>
<BasicStmnt CovItemId="S8" CovItemPrefix="cabra.CardPanel.java" Intrnl_Id="6630">
<LocList>
<Loc EndOffset="1435" SrcFileId="55" StartOffset="1417"/>
</LocList>
</BasicStmnt>
<BasicStmnt CovItemId="S9" CovItemPrefix="cabra.CardPanel.java" Intrnl_Id="6631">
<LocList>
<Loc EndOffset="1455" SrcFileId="55" StartOffset="1444"/>
</LocList>
</BasicStmnt>
<BasicStmnt CovItemId="S10" CovItemPrefix="cabra.CardPanel.java" Intrnl_Id="6632">
<LocList>
<Loc EndOffset="1484" SrcFileId="55" StartOffset="1464"/>
</LocList>
</BasicStmnt>
<BasicStmnt CovItemId="S11" CovItemPrefix="cabra.CardPanel.java" Intrnl_Id="6633">
<LocList>
<Loc EndOffset="1557" SrcFileId="55" StartOffset="1502"/>
</LocList>
</BasicStmnt>
</StmntSeq>
</HierarchyLvl>
<HierarchyLvl HierarchyLvlId="1782" HierarchyLvlTypeId="67" Intrnl_Id="6634" Name="setCard">
<Header>
<Loc EndOffset="1775" SrcFileId="55" StartOffset="1730"/>
</Header>
<LocList>
<Loc EndOffset="2614" SrcFileId="55" StartOffset="1730"/>
</LocList>
<StmntSeq Intrnl_Id="6635">
<LocList>
<Loc EndOffset="1802" SrcFileId="55" StartOffset="1785"/>
<Loc EndOffset="2090" SrcFileId="55" StartOffset="1850"/>
<Loc EndOffset="2273" SrcFileId="55" StartOffset="2214"/>
<Loc EndOffset="2337" SrcFileId="55" StartOffset="2282"/>
<Loc EndOffset="2470" SrcFileId="55" StartOffset="2441"/>
<Loc EndOffset="2506" SrcFileId="55" StartOffset="2479"/>
<Loc EndOffset="2608" SrcFileId="55" StartOffset="2565"/>
</LocList>
<BasicStmnt CovItemId="S12" CovItemPrefix="cabra.CardPanel.java" Intrnl_Id="6636">
<LocList>
<Loc EndOffset="1802" SrcFileId="55" StartOffset="1785"/>
</LocList>
</BasicStmnt>
<CondStmnt CovItemId="S13" CovItemPrefix="cabra.CardPanel.java" Intrnl_Id="6637">
<Branch CovItemId="B1" CovItemPrefix="cabra.CardPanel.java" Implct="false" Intrnl_Id="6638">
<Cond/>
<LocList>
<Loc EndOffset="2000" SrcFileId="55" StartOffset="1871"/>
</LocList>
<StmntSeq Intrnl_Id="6639">
<LocList>
<Loc EndOffset="1990" SrcFileId="55" StartOffset="1925"/>
</LocList>
<BasicStmnt CovItemId="S14" CovItemPrefix="cabra.CardPanel.java" Intrnl_Id="6640">
<LocList>
<Loc EndOffset="1990" SrcFileId="55" StartOffset="1925"/>
</LocList>
</BasicStmnt>
</StmntSeq>
</Branch>
<Branch CovItemId="B2" CovItemPrefix="cabra.CardPanel.java" Implct="false" Intrnl_Id="6641">
<Cond>
<Loc EndOffset="2013" SrcFileId="55" StartOffset="2009"/>
</Cond>
<LocList>
<Loc EndOffset="2090" SrcFileId="55" StartOffset="2013"/>
</LocList>
<StmntSeq Intrnl_Id="6642">
<LocList>
<Loc EndOffset="2080" SrcFileId="55" StartOffset="2052"/>
</LocList>
<BasicStmnt CovItemId="S15" CovItemPrefix="cabra.CardPanel.java" Intrnl_Id="6643">
<LocList>
<Loc EndOffset="2080" SrcFileId="55" StartOffset="2052"/>
</LocList>
</BasicStmnt>
</StmntSeq>
</Branch>
<Keyword EndOffset="1852" SrcFileId="55" StartOffset="1850"/>
<LocList>
<Loc EndOffset="2090" SrcFileId="55" StartOffset="1850"/>
</LocList>
<RootTerm CovItemId="C1" CovItemPrefix="cabra.CardPanel.java" Intrnl_Id="6644">
<BasicBoolTerm Intrnl_Id="6645">
<LocList>
<Loc EndOffset="1870" SrcFileId="55" StartOffset="1853"/>
</LocList>
</BasicBoolTerm>
</RootTerm>
</CondStmnt>
<BasicStmnt CovItemId="S16" CovItemPrefix="cabra.CardPanel.java" Intrnl_Id="6646">
<LocList>
<Loc EndOffset="2273" SrcFileId="55" StartOffset="2214"/>
</LocList>
</BasicStmnt>
<BasicStmnt CovItemId="S17" CovItemPrefix="cabra.CardPanel.java" Intrnl_Id="6647">
<LocList>
<Loc EndOffset="2337" SrcFileId="55" StartOffset="2282"/>
</LocList>
</BasicStmnt>
<BasicStmnt CovItemId="S18" CovItemPrefix="cabra.CardPanel.java" Intrnl_Id="6648">
<LocList>
<Loc EndOffset="2470" SrcFileId="55" StartOffset="2441"/>
</LocList>
</BasicStmnt>
<BasicStmnt CovItemId="S19" CovItemPrefix="cabra.CardPanel.java" Intrnl_Id="6649">
<LocList>
<Loc EndOffset="2506" SrcFileId="55" StartOffset="2479"/>
</LocList>
</BasicStmnt>
<BasicStmnt CovItemId="S20" CovItemPrefix="cabra.CardPanel.java" Intrnl_Id="6650">
<LocList>
<Loc EndOffset="2608" SrcFileId="55" StartOffset="2565"/>
</LocList>
</BasicStmnt>
</StmntSeq>
</HierarchyLvl>
<HierarchyLvl HierarchyLvlId="1783" HierarchyLvlTypeId="67" Intrnl_Id="6651" Name="buildComponents">
<Header>
<Loc EndOffset="2714" SrcFileId="55" StartOffset="2684"/>
</Header>
<LocList>
<Loc EndOffset="2863" SrcFileId="55" StartOffset="2684"/>
</LocList>
<StmntSeq Intrnl_Id="6652">
<LocList>
<Loc EndOffset="2748" SrcFileId="55" StartOffset="2724"/>
<Loc EndOffset="2786" SrcFileId="55" StartOffset="2757"/>
<Loc EndOffset="2822" SrcFileId="55" StartOffset="2795"/>
</LocList>
<BasicStmnt CovItemId="S21" CovItemPrefix="cabra.CardPanel.java" Intrnl_Id="6653">
<LocList>
<Loc EndOffset="2748" SrcFileId="55" StartOffset="2724"/>
</LocList>
</BasicStmnt>
<BasicStmnt CovItemId="S22" CovItemPrefix="cabra.CardPanel.java" Intrnl_Id="6654">
<LocList>
<Loc EndOffset="2786" SrcFileId="55" StartOffset="2757"/>
</LocList>
</BasicStmnt>
<BasicStmnt CovItemId="S23" CovItemPrefix="cabra.CardPanel.java" Intrnl_Id="6655">
<LocList>
<Loc EndOffset="2822" SrcFileId="55" StartOffset="2795"/>
</LocList>
</BasicStmnt>
</StmntSeq>
</HierarchyLvl>
<HierarchyLvl HierarchyLvlId="1784" HierarchyLvlTypeId="67" Intrnl_Id="6656" Name="assemble">
<Header>
<Loc EndOffset="2942" SrcFileId="55" StartOffset="2919"/>
</Header>
<LocList>
<Loc EndOffset="4578" SrcFileId="55" StartOffset="2919"/>
</LocList>
<StmntSeq Intrnl_Id="6657">
<LocList>
<Loc EndOffset="3121" SrcFileId="55" StartOffset="3084"/>
<Loc EndOffset="3158" SrcFileId="55" StartOffset="3130"/>
<Loc EndOffset="3200" SrcFileId="55" StartOffset="3171"/>
<Loc EndOffset="3231" SrcFileId="55" StartOffset="3209"/>
<Loc EndOffset="3269" SrcFileId="55" StartOffset="3240"/>
<Loc EndOffset="3322" SrcFileId="55" StartOffset="3287"/>
<Loc EndOffset="3359" SrcFileId="55" StartOffset="3331"/>
<Loc EndOffset="3399" SrcFileId="55" StartOffset="3372"/>
<Loc EndOffset="3428" SrcFileId="55" StartOffset="3408"/>
<Loc EndOffset="3462" SrcFileId="55" StartOffset="3437"/>
<Loc EndOffset="3553" SrcFileId="55" StartOffset="3522"/>
<Loc EndOffset="3595" SrcFileId="55" StartOffset="3562"/>
<Loc EndOffset="3650" SrcFileId="55" StartOffset="3608"/>
<Loc EndOffset="3717" SrcFileId="55" StartOffset="3663"/>
<Loc EndOffset="3782" SrcFileId="55" StartOffset="3730"/>
<Loc EndOffset="3867" SrcFileId="55" StartOffset="3831"/>
<Loc EndOffset="3985" SrcFileId="55" StartOffset="3934"/>
<Loc EndOffset="4022" SrcFileId="55" StartOffset="3994"/>
<Loc EndOffset="4103" SrcFileId="55" StartOffset="4040"/>
<Loc EndOffset="4158" SrcFileId="55" StartOffset="4116"/>
<Loc EndOffset="4218" SrcFileId="55" StartOffset="4171"/>
<Loc EndOffset="4251" SrcFileId="55" StartOffset="4231"/>
<Loc EndOffset="4322" SrcFileId="55" StartOffset="4260"/>
<Loc EndOffset="4373" SrcFileId="55" StartOffset="4335"/>
<Loc EndOffset="4429" SrcFileId="55" StartOffset="4386"/>
<Loc EndOffset="4460" SrcFileId="55" StartOffset="4442"/>
<Loc EndOffset="4500" SrcFileId="55" StartOffset="4469"/>
<Loc EndOffset="4572" SrcFileId="55" StartOffset="4518"/>
</LocList>
<BasicStmnt CovItemId="S24" CovItemPrefix="cabra.CardPanel.java" Intrnl_Id="6658">
<LocList>
<Loc EndOffset="3121" SrcFileId="55" StartOffset="3084"/>
</LocList>
</BasicStmnt>
<BasicStmnt CovItemId="S25" CovItemPrefix="cabra.CardPanel.java" Intrnl_Id="6659">
<LocList>
<Loc EndOffset="3158" SrcFileId="55" StartOffset="3130"/>
</LocList>
</BasicStmnt>
<BasicStmnt CovItemId="S26" CovItemPrefix="cabra.CardPanel.java" Intrnl_Id="6660">
<LocList>
<Loc EndOffset="3200" SrcFileId="55" StartOffset="3171"/>
</LocList>
</BasicStmnt>
<BasicStmnt CovItemId="S27" CovItemPrefix="cabra.CardPanel.java" Intrnl_Id="6661">
<LocList>
<Loc EndOffset="3231" SrcFileId="55" StartOffset="3209"/>
</LocList>
</BasicStmnt>
<BasicStmnt CovItemId="S28" CovItemPrefix="cabra.CardPanel.java" Intrnl_Id="6662">
<LocList>
<Loc EndOffset="3269" SrcFileId="55" StartOffset="3240"/>
</LocList>
</BasicStmnt>
<BasicStmnt CovItemId="S29" CovItemPrefix="cabra.CardPanel.java" Intrnl_Id="6663">
<LocList>
<Loc EndOffset="3322" SrcFileId="55" StartOffset="3287"/>
</LocList>
</BasicStmnt>
<BasicStmnt CovItemId="S30" CovItemPrefix="cabra.CardPanel.java" Intrnl_Id="6664">
<LocList>
<Loc EndOffset="3359" SrcFileId="55" StartOffset="3331"/>
</LocList>
</BasicStmnt>
<BasicStmnt CovItemId="S31" CovItemPrefix="cabra.CardPanel.java" Intrnl_Id="6665">
<LocList>
<Loc EndOffset="3399" SrcFileId="55" StartOffset="3372"/>
</LocList>
</BasicStmnt>
<BasicStmnt CovItemId="S32" CovItemPrefix="cabra.CardPanel.java" Intrnl_Id="6666">
<LocList>
<Loc EndOffset="3428" SrcFileId="55" StartOffset="3408"/>
</LocList>
</BasicStmnt>
<BasicStmnt CovItemId="S33" CovItemPrefix="cabra.CardPanel.java" Intrnl_Id="6667">
<LocList>
<Loc EndOffset="3462" SrcFileId="55" StartOffset="3437"/>
</LocList>
</BasicStmnt>
<BasicStmnt CovItemId="S34" CovItemPrefix="cabra.CardPanel.java" Intrnl_Id="6668">
<LocList>
<Loc EndOffset="3553" SrcFileId="55" StartOffset="3522"/>
</LocList>
</BasicStmnt>
<BasicStmnt CovItemId="S35" CovItemPrefix="cabra.CardPanel.java" Intrnl_Id="6669">
<LocList>
<Loc EndOffset="3595" SrcFileId="55" StartOffset="3562"/>
</LocList>
</BasicStmnt>
<BasicStmnt CovItemId="S36" CovItemPrefix="cabra.CardPanel.java" Intrnl_Id="6670">
<LocList>
<Loc EndOffset="3650" SrcFileId="55" StartOffset="3608"/>
</LocList>
</BasicStmnt>
<BasicStmnt CovItemId="S37" CovItemPrefix="cabra.CardPanel.java" Intrnl_Id="6671">
<LocList>
<Loc EndOffset="3717" SrcFileId="55" StartOffset="3663"/>
</LocList>
</BasicStmnt>
<BasicStmnt CovItemId="S38" CovItemPrefix="cabra.CardPanel.java" Intrnl_Id="6672">
<LocList>
<Loc EndOffset="3782" SrcFileId="55" StartOffset="3730"/>
</LocList>
</BasicStmnt>
<BasicStmnt CovItemId="S39" CovItemPrefix="cabra.CardPanel.java" Intrnl_Id="6673">
<LocList>
<Loc EndOffset="3867" SrcFileId="55" StartOffset="3831"/>
</LocList>
</BasicStmnt>
<BasicStmnt CovItemId="S40" CovItemPrefix="cabra.CardPanel.java" Intrnl_Id="6674">
<LocList>
<Loc EndOffset="3985" SrcFileId="55" StartOffset="3934"/>
</LocList>
</BasicStmnt>
<BasicStmnt CovItemId="S41" CovItemPrefix="cabra.CardPanel.java" Intrnl_Id="6675">
<LocList>
<Loc EndOffset="4022" SrcFileId="55" StartOffset="3994"/>
</LocList>
</BasicStmnt>
<BasicStmnt CovItemId="S42" CovItemPrefix="cabra.CardPanel.java" Intrnl_Id="6676">
<LocList>
<Loc EndOffset="4103" SrcFileId="55" StartOffset="4040"/>
</LocList>
</BasicStmnt>
<BasicStmnt CovItemId="S43" CovItemPrefix="cabra.CardPanel.java" Intrnl_Id="6677">
<LocList>
<Loc EndOffset="4158" SrcFileId="55" StartOffset="4116"/>
</LocList>
</BasicStmnt>
<BasicStmnt CovItemId="S44" CovItemPrefix="cabra.CardPanel.java" Intrnl_Id="6678">
<LocList>
<Loc EndOffset="4218" SrcFileId="55" StartOffset="4171"/>
</LocList>
</BasicStmnt>
<BasicStmnt CovItemId="S45" CovItemPrefix="cabra.CardPanel.java" Intrnl_Id="6679">
<LocList>
<Loc EndOffset="4251" SrcFileId="55" StartOffset="4231"/>
</LocList>
</BasicStmnt>
<BasicStmnt CovItemId="S46" CovItemPrefix="cabra.CardPanel.java" Intrnl_Id="6680">
<LocList>
<Loc EndOffset="4322" SrcFileId="55" StartOffset="4260"/>
</LocList>
</BasicStmnt>
<BasicStmnt CovItemId="S47" CovItemPrefix="cabra.CardPanel.java" Intrnl_Id="6681">
<LocList>
<Loc EndOffset="4373" SrcFileId="55" StartOffset="4335"/>
</LocList>
</BasicStmnt>
<BasicStmnt CovItemId="S48" CovItemPrefix="cabra.CardPanel.java" Intrnl_Id="6682">
<LocList>
<Loc EndOffset="4429" SrcFileId="55" StartOffset="4386"/>
</LocList>
</BasicStmnt>
<BasicStmnt CovItemId="S49" CovItemPrefix="cabra.CardPanel.java" Intrnl_Id="6683">
<LocList>
<Loc EndOffset="4460" SrcFileId="55" StartOffset="4442"/>
</LocList>
</BasicStmnt>
<BasicStmnt CovItemId="S50" CovItemPrefix="cabra.CardPanel.java" Intrnl_Id="6684">
<LocList>
<Loc EndOffset="4500" SrcFileId="55" StartOffset="4469"/>
</LocList>
</BasicStmnt>
<BasicStmnt CovItemId="S51" CovItemPrefix="cabra.CardPanel.java" Intrnl_Id="6685">
<LocList>
<Loc EndOffset="4572" SrcFileId="55" StartOffset="4518"/>
</LocList>
</BasicStmnt>
</StmntSeq>
</HierarchyLvl>
<HierarchyLvl HierarchyLvlId="1785" HierarchyLvlTypeId="67" Intrnl_Id="6686" Name="createTextField">
<Header>
<Loc EndOffset="4728" SrcFileId="55" StartOffset="4692"/>
</Header>
<LocList>
<Loc EndOffset="4994" SrcFileId="55" StartOffset="4692"/>
</LocList>
<StmntSeq Intrnl_Id="6687">
<LocList>
<Loc EndOffset="4777" SrcFileId="55" StartOffset="4738"/>
<Loc EndOffset="4821" SrcFileId="55" StartOffset="4786"/>
<Loc EndOffset="4906" SrcFileId="55" StartOffset="4830"/>
<Loc EndOffset="4939" SrcFileId="55" StartOffset="4915"/>
<Loc EndOffset="4967" SrcFileId="55" StartOffset="4948"/>
<Loc EndOffset="4988" SrcFileId="55" StartOffset="4976"/>
</LocList>
<BasicStmnt CovItemId="S52" CovItemPrefix="cabra.CardPanel.java" Intrnl_Id="6688">
<LocList>
<Loc EndOffset="4777" SrcFileId="55" StartOffset="4738"/>
</LocList>
</BasicStmnt>
<BasicStmnt CovItemId="S53" CovItemPrefix="cabra.CardPanel.java" Intrnl_Id="6689">
<LocList>
<Loc EndOffset="4821" SrcFileId="55" StartOffset="4786"/>
</LocList>
</BasicStmnt>
<BasicStmnt CovItemId="S54" CovItemPrefix="cabra.CardPanel.java" Intrnl_Id="6690">
<LocList>
<Loc EndOffset="4906" SrcFileId="55" StartOffset="4830"/>
</LocList>
</BasicStmnt>
<BasicStmnt CovItemId="S55" CovItemPrefix="cabra.CardPanel.java" Intrnl_Id="6691">
<LocList>
<Loc EndOffset="4939" SrcFileId="55" StartOffset="4915"/>
</LocList>
</BasicStmnt>
<BasicStmnt CovItemId="S56" CovItemPrefix="cabra.CardPanel.java" Intrnl_Id="6692">
<LocList>
<Loc EndOffset="4967" SrcFileId="55" StartOffset="4948"/>
</LocList>
</BasicStmnt>
<BasicStmnt CovItemId="S57" CovItemPrefix="cabra.CardPanel.java" Intrnl_Id="6693">
<LocList>
<Loc EndOffset="4988" SrcFileId="55" StartOffset="4976"/>
</LocList>
</BasicStmnt>
</StmntSeq>
</HierarchyLvl>
<HierarchyLvl HierarchyLvlId="1786" HierarchyLvlTypeId="67" Intrnl_Id="6694" Name="paintComponent">
<Header>
<Loc EndOffset="5052" SrcFileId="55" StartOffset="5000"/>
</Header>
<LocList>
<Loc EndOffset="5282" SrcFileId="55" StartOffset="5000"/>
</LocList>
<StmntSeq Intrnl_Id="6695">
<LocList>
<Loc EndOffset="5086" SrcFileId="55" StartOffset="5062"/>
<Loc EndOffset="5135" SrcFileId="55" StartOffset="5096"/>
<Loc EndOffset="5160" SrcFileId="55" StartOffset="5144"/>
<Loc EndOffset="5251" SrcFileId="55" StartOffset="5169"/>
</LocList>
<BasicStmnt CovItemId="S58" CovItemPrefix="cabra.CardPanel.java" Intrnl_Id="6696">
<LocList>
<Loc EndOffset="5086" SrcFileId="55" StartOffset="5062"/>
</LocList>
</BasicStmnt>
<BasicStmnt CovItemId="S59" CovItemPrefix="cabra.CardPanel.java" Intrnl_Id="6697">
<LocList>
<Loc EndOffset="5135" SrcFileId="55" StartOffset="5096"/>
</LocList>
</BasicStmnt>
<BasicStmnt CovItemId="S60" CovItemPrefix="cabra.CardPanel.java" Intrnl_Id="6698">
<LocList>
<Loc EndOffset="5160" SrcFileId="55" StartOffset="5144"/>
</LocList>
</BasicStmnt>
<BasicStmnt CovItemId="S61" CovItemPrefix="cabra.CardPanel.java" Intrnl_Id="6699">
<LocList>
<Loc EndOffset="5251" SrcFileId="55" StartOffset="5169"/>
</LocList>
</BasicStmnt>
</StmntSeq>
</HierarchyLvl>
<HierarchyLvl HierarchyLvlId="1793" HierarchyLvlTypeId="66" Intrnl_Id="6700" Name="Picture">
<Header>
<Loc EndOffset="5371" SrcFileId="55" StartOffset="5335"/>
</Header>
<LocList>
<Loc EndOffset="7709" SrcFileId="55" StartOffset="5335"/>
</LocList>
<HierarchyLvl HierarchyLvlId="1787" HierarchyLvlTypeId="67" Intrnl_Id="6701" Name="Picture">
<Header>
<Loc EndOffset="5552" SrcFileId="55" StartOffset="5536"/>
</Header>
<LocList>
<Loc EndOffset="5628" SrcFileId="55" StartOffset="5536"/>
</LocList>
<StmntSeq Intrnl_Id="6702">
<LocList>
<Loc EndOffset="5618" SrcFileId="55" StartOffset="5566"/>
</LocList>
<BasicStmnt CovItemId="S62" CovItemPrefix="cabra.CardPanel.java" Intrnl_Id="6703">
<LocList>
<Loc EndOffset="5618" SrcFileId="55" StartOffset="5566"/>
</LocList>
</BasicStmnt>
</StmntSeq>
</HierarchyLvl>
<HierarchyLvl HierarchyLvlId="1790" HierarchyLvlTypeId="67" Intrnl_Id="6704" Name="updatePicture">
<Header>
<Loc EndOffset="5787" SrcFileId="55" StartOffset="5739"/>
</Header>
<LocList>
<Loc EndOffset="6548" SrcFileId="55" StartOffset="5739"/>
</LocList>
<StmntSeq Intrnl_Id="6705">
<LocList>
<Loc EndOffset="5820" SrcFileId="55" StartOffset="5801"/>
<Loc EndOffset="6502" SrcFileId="55" StartOffset="5846"/>
<Loc EndOffset="6538" SrcFileId="55" StartOffset="6528"/>
</LocList>
<BasicStmnt CovItemId="S63" CovItemPrefix="cabra.CardPanel.java" Intrnl_Id="6706">
<LocList>
<Loc EndOffset="5820" SrcFileId="55" StartOffset="5801"/>
</LocList>
</BasicStmnt>
<CondStmnt CovItemId="S64" CovItemPrefix="cabra.CardPanel.java" Intrnl_Id="6707">
<Branch CovItemId="B3" CovItemPrefix="cabra.CardPanel.java" Implct="false" Intrnl_Id="6708">
<Cond/>
<LocList>
<Loc EndOffset="6260" SrcFileId="55" StartOffset="5860"/>
</LocList>
<StmntSeq Intrnl_Id="6709">
<LocList>
<Loc EndOffset="5962" SrcFileId="55" StartOffset="5920"/>
<Loc EndOffset="5996" SrcFileId="55" StartOffset="5979"/>
<Loc EndOffset="6230" SrcFileId="55" StartOffset="6228"/>
</LocList>
<BasicStmnt CovItemId="S65" CovItemPrefix="cabra.CardPanel.java" Intrnl_Id="6710">
<LocList>
<Loc EndOffset="5962" SrcFileId="55" StartOffset="5920"/>
</LocList>
</BasicStmnt>
<BasicStmnt CovItemId="S66" CovItemPrefix="cabra.CardPanel.java" Intrnl_Id="6711">
<LocList>
<Loc EndOffset="5996" SrcFileId="55" StartOffset="5979"/>
<Loc EndOffset="6230" SrcFileId="55" StartOffset="6228"/>
</LocList>
</BasicStmnt>
</StmntSeq>
</Branch>
<Branch CovItemId="B4" CovItemPrefix="cabra.CardPanel.java" Implct="false" Intrnl_Id="6712">
<Cond>
<Loc EndOffset="6277" SrcFileId="55" StartOffset="6273"/>
</Cond>
<LocList>
<Loc EndOffset="6502" SrcFileId="55" StartOffset="6277"/>
</LocList>
<StmntSeq Intrnl_Id="6713">
<LocList>
<Loc EndOffset="6372" SrcFileId="55" StartOffset="6351"/>
<Loc EndOffset="6488" SrcFileId="55" StartOffset="6389"/>
</LocList>
<BasicStmnt CovItemId="S68" CovItemPrefix="cabra.CardPanel.java" Intrnl_Id="6714">
<LocList>
<Loc EndOffset="6372" SrcFileId="55" StartOffset="6351"/>
</LocList>
</BasicStmnt>
<CondStmnt CovItemId="S69" CovItemPrefix="cabra.CardPanel.java" Intrnl_Id="6715">
<Branch CovItemId="B5" CovItemPrefix="cabra.CardPanel.java" Implct="false" Intrnl_Id="6716">
<Cond/>
<LocList>
<Loc EndOffset="6488" SrcFileId="55" StartOffset="6444"/>
</LocList>
<StmntSeq Intrnl_Id="6717">
<LocList>
<Loc EndOffset="6488" SrcFileId="55" StartOffset="6444"/>
</LocList>
<BasicStmnt CovItemId="S70" CovItemPrefix="cabra.CardPanel.java" Intrnl_Id="6718">
<LocList>
<Loc EndOffset="6488" SrcFileId="55" StartOffset="6444"/>
</LocList>
</BasicStmnt>
</StmntSeq>
</Branch>
<Branch CovItemId="B6" CovItemPrefix="cabra.CardPanel.java" Implct="true" Intrnl_Id="6719">
<Cond/>
<LocList/>
<StmntSeq Intrnl_Id="6720">
<LocList/>
</StmntSeq>
</Branch>
<Keyword EndOffset="6391" SrcFileId="55" StartOffset="6389"/>
<LocList>
<Loc EndOffset="6488" SrcFileId="55" StartOffset="6389"/>
</LocList>
<RootTerm CovItemId="C3" CovItemPrefix="cabra.CardPanel.java" Intrnl_Id="6721">
<BasicBoolTerm Intrnl_Id="6722">
<LocList>
<Loc EndOffset="6422" SrcFileId="55" StartOffset="6392"/>
</LocList>
</BasicBoolTerm>
</RootTerm>
</CondStmnt>
</StmntSeq>
</Branch>
<Keyword EndOffset="5848" SrcFileId="55" StartOffset="5846"/>
<LocList>
<Loc EndOffset="6502" SrcFileId="55" StartOffset="5846"/>
</LocList>
<RootTerm CovItemId="C2" CovItemPrefix="cabra.CardPanel.java" Intrnl_Id="6723">
<BasicBoolTerm Intrnl_Id="6724">
<LocList>
<Loc EndOffset="5859" SrcFileId="55" StartOffset="5849"/>
</LocList>
</BasicBoolTerm>
</RootTerm>
</CondStmnt>
<BasicStmnt CovItemId="S71" CovItemPrefix="cabra.CardPanel.java" Intrnl_Id="6725">
<LocList>
<Loc EndOffset="6538" SrcFileId="55" StartOffset="6528"/>
</LocList>
</BasicStmnt>
</StmntSeq>
<HierarchyLvl HierarchyLvlId="1789" HierarchyLvlTypeId="69" Intrnl_Id="6726" Name="MouseAdapter">
<Header>
<Loc EndOffset="6014" SrcFileId="55" StartOffset="6000"/>
</Header>
<LocList>
<Loc EndOffset="6228" SrcFileId="55" StartOffset="5996"/>
</LocList>
<HierarchyLvl HierarchyLvlId="1788" HierarchyLvlTypeId="67" Intrnl_Id="6727" Name="mouseClicked">
<Header>
<Loc EndOffset="6102" SrcFileId="55" StartOffset="6035"/>
</Header>
<LocList>
<Loc EndOffset="6210" SrcFileId="55" StartOffset="6035"/>
</LocList>
<StmntSeq Intrnl_Id="6728">
<LocList>
<Loc EndOffset="6189" SrcFileId="55" StartOffset="6127"/>
</LocList>
<BasicStmnt CovItemId="S67" CovItemPrefix="cabra.CardPanel.java" Intrnl_Id="6729">
<LocList>
<Loc EndOffset="6189" SrcFileId="55" StartOffset="6127"/>
</LocList>
</BasicStmnt>
</StmntSeq>
</HierarchyLvl>
</HierarchyLvl>
</HierarchyLvl>
<HierarchyLvl HierarchyLvlId="1791" HierarchyLvlTypeId="67" Intrnl_Id="6730" Name="paintComponent">
<Header>
<Loc EndOffset="6622" SrcFileId="55" StartOffset="6566"/>
</Header>
<LocList>
<Loc EndOffset="7427" SrcFileId="55" StartOffset="6566"/>
</LocList>
<StmntSeq Intrnl_Id="6731">
<LocList>
<Loc EndOffset="6660" SrcFileId="55" StartOffset="6636"/>
<Loc EndOffset="7417" SrcFileId="55" StartOffset="6686"/>
</LocList>
<BasicStmnt CovItemId="S72" CovItemPrefix="cabra.CardPanel.java" Intrnl_Id="6732">
<LocList>
<Loc EndOffset="6660" SrcFileId="55" StartOffset="6636"/>
</LocList>
</BasicStmnt>
<CondStmnt CovItemId="S73" CovItemPrefix="cabra.CardPanel.java" Intrnl_Id="6733">
<Branch CovItemId="B7" CovItemPrefix="cabra.CardPanel.java" Implct="false" Intrnl_Id="6734">
<Cond/>
<LocList>
<Loc EndOffset="7417" SrcFileId="55" StartOffset="6700"/>
</LocList>
<StmntSeq Intrnl_Id="6735">
<LocList>
<Loc EndOffset="6846" SrcFileId="55" StartOffset="6771"/>
<Loc EndOffset="6903" SrcFileId="55" StartOffset="6865"/>
<Loc EndOffset="6960" SrcFileId="55" StartOffset="6920"/>
<Loc EndOffset="7083" SrcFileId="55" StartOffset="7035"/>
<Loc EndOffset="7148" SrcFileId="55" StartOffset="7100"/>
<Loc EndOffset="7347" SrcFileId="55" StartOffset="7275"/>
</LocList>
<BasicStmnt CovItemId="S74" CovItemPrefix="cabra.CardPanel.java" Intrnl_Id="6736">
<LocList>
<Loc EndOffset="6846" SrcFileId="55" StartOffset="6771"/>
</LocList>
</BasicStmnt>
<BasicStmnt CovItemId="S75" CovItemPrefix="cabra.CardPanel.java" Intrnl_Id="6737">
<LocList>
<Loc EndOffset="6903" SrcFileId="55" StartOffset="6865"/>
</LocList>
</BasicStmnt>
<BasicStmnt CovItemId="S76" CovItemPrefix="cabra.CardPanel.java" Intrnl_Id="6738">
<LocList>
<Loc EndOffset="6960" SrcFileId="55" StartOffset="6920"/>
</LocList>
</BasicStmnt>
<BasicStmnt CovItemId="S77" CovItemPrefix="cabra.CardPanel.java" Intrnl_Id="6739">
<LocList>
<Loc EndOffset="7083" SrcFileId="55" StartOffset="7035"/>
</LocList>
</BasicStmnt>
<BasicStmnt CovItemId="S78" CovItemPrefix="cabra.CardPanel.java" Intrnl_Id="6740">
<LocList>
<Loc EndOffset="7148" SrcFileId="55" StartOffset="7100"/>
</LocList>
</BasicStmnt>
<BasicStmnt CovItemId="S79" CovItemPrefix="cabra.CardPanel.java" Intrnl_Id="6741">
<LocList>
<Loc EndOffset="7347" SrcFileId="55" StartOffset="7275"/>
</LocList>
</BasicStmnt>
</StmntSeq>
</Branch>
<Branch CovItemId="B8" CovItemPrefix="cabra.CardPanel.java" Implct="true" Intrnl_Id="6742">
<Cond/>
<LocList/>
<StmntSeq Intrnl_Id="6743">
<LocList/>
</StmntSeq>
</Branch>
<Keyword EndOffset="6688" SrcFileId="55" StartOffset="6686"/>
<LocList>
<Loc EndOffset="7417" SrcFileId="55" StartOffset="6686"/>
</LocList>
<RootTerm CovItemId="C4" CovItemPrefix="cabra.CardPanel.java" Intrnl_Id="6744">
<BasicBoolTerm Intrnl_Id="6745">
<LocList>
<Loc EndOffset="6699" SrcFileId="55" StartOffset="6689"/>
</LocList>
</BasicBoolTerm>
</RootTerm>
</CondStmnt>
</StmntSeq>
</HierarchyLvl>
<HierarchyLvl HierarchyLvlId="1792" HierarchyLvlTypeId="67" Intrnl_Id="6746" Name="hasImage">
<Header>
<Loc EndOffset="7583" SrcFileId="55" StartOffset="7557"/>
</Header>
<LocList>
<Loc EndOffset="7694" SrcFileId="55" StartOffset="7557"/>
</LocList>
<StmntSeq Intrnl_Id="6747">
<LocList>
<Loc EndOffset="7684" SrcFileId="55" StartOffset="7597"/>
</LocList>
<BasicStmnt CovItemId="S80" CovItemPrefix="cabra.CardPanel.java" Intrnl_Id="6748">
<LocList>
<Loc EndOffset="7684" SrcFileId="55" StartOffset="7597"/>
</LocList>
</BasicStmnt>
</StmntSeq>
</HierarchyLvl>
</HierarchyLvl>
<HierarchyLvl HierarchyLvlId="1795" HierarchyLvlTypeId="66" Intrnl_Id="6749" Name="DeleteListener">
<Header>
<Loc EndOffset="7841" SrcFileId="55" StartOffset="7787"/>
</Header>
<LocList>
<Loc EndOffset="8126" SrcFileId="55" StartOffset="7787"/>
</LocList>
<HierarchyLvl HierarchyLvlId="1794" HierarchyLvlTypeId="67" Intrnl_Id="6750" Name="actionPerformed">
<Header>
<Loc EndOffset="7893" SrcFileId="55" StartOffset="7851"/>
</Header>
<LocList>
<Loc EndOffset="8120" SrcFileId="55" StartOffset="7851"/>
</LocList>
<StmntSeq Intrnl_Id="6751">
<LocList>
<Loc EndOffset="8110" SrcFileId="55" StartOffset="7938"/>
</LocList>
<CondStmnt CovItemId="S81" CovItemPrefix="cabra.CardPanel.java" Intrnl_Id="6752">
<Branch CovItemId="B9" CovItemPrefix="cabra.CardPanel.java" Implct="false" Intrnl_Id="6753">
<Cond/>
<LocList>
<Loc EndOffset="8110" SrcFileId="55" StartOffset="8015"/>
</LocList>
<StmntSeq Intrnl_Id="6754">
<LocList>
<Loc EndOffset="8058" SrcFileId="55" StartOffset="8033"/>
<Loc EndOffset="8096" SrcFileId="55" StartOffset="8075"/>
</LocList>
<BasicStmnt CovItemId="S82" CovItemPrefix="cabra.CardPanel.java" Intrnl_Id="6755">
<LocList>
<Loc EndOffset="8058" SrcFileId="55" StartOffset="8033"/>
</LocList>
</BasicStmnt>
<BasicStmnt CovItemId="S83" CovItemPrefix="cabra.CardPanel.java" Intrnl_Id="6756">
<LocList>
<Loc EndOffset="8096" SrcFileId="55" StartOffset="8075"/>
</LocList>
</BasicStmnt>
</StmntSeq>
</Branch>
<Branch CovItemId="B10" CovItemPrefix="cabra.CardPanel.java" Implct="true" Intrnl_Id="6757">
<Cond/>
<LocList/>
<StmntSeq Intrnl_Id="6758">
<LocList/>
</StmntSeq>
</Branch>
<Keyword EndOffset="7940" SrcFileId="55" StartOffset="7938"/>
<LocList>
<Loc EndOffset="8110" SrcFileId="55" StartOffset="7938"/>
</LocList>
<RootTerm CovItemId="C5" CovItemPrefix="cabra.CardPanel.java" Intrnl_Id="6759">
<BasicBoolTerm Intrnl_Id="6760">
<LocList>
<Loc EndOffset="8014" SrcFileId="55" StartOffset="7941"/>
</LocList>
</BasicBoolTerm>
</RootTerm>
</CondStmnt>
</StmntSeq>
</HierarchyLvl>
</HierarchyLvl>
<HierarchyLvl HierarchyLvlId="1797" HierarchyLvlTypeId="66" Intrnl_Id="6761" Name="EditListener">
<Header>
<Loc EndOffset="8250" SrcFileId="55" StartOffset="8198"/>
</Header>
<LocList>
<Loc EndOffset="9160" SrcFileId="55" StartOffset="8198"/>
</LocList>
<HierarchyLvl HierarchyLvlId="1796" HierarchyLvlTypeId="67" Intrnl_Id="6762" Name="actionPerformed">
<Header>
<Loc EndOffset="8302" SrcFileId="55" StartOffset="8260"/>
</Header>
<LocList>
<Loc EndOffset="9154" SrcFileId="55" StartOffset="8260"/>
</LocList>
<StmntSeq Intrnl_Id="6763">
<LocList>
<Loc EndOffset="8378" SrcFileId="55" StartOffset="8351"/>
<Loc EndOffset="8416" SrcFileId="55" StartOffset="8391"/>
<Loc EndOffset="8565" SrcFileId="55" StartOffset="8519"/>
<Loc EndOffset="8605" SrcFileId="55" StartOffset="8578"/>
<Loc EndOffset="8643" SrcFileId="55" StartOffset="8618"/>
<Loc EndOffset="8693" SrcFileId="55" StartOffset="8669"/>
<Loc EndOffset="8852" SrcFileId="55" StartOffset="8814"/>
<Loc EndOffset="8938" SrcFileId="55" StartOffset="8890"/>
<Loc EndOffset="8992" SrcFileId="55" StartOffset="8951"/>
<Loc EndOffset="9050" SrcFileId="55" StartOffset="9018"/>
<Loc EndOffset="9144" SrcFileId="55" StartOffset="9101"/>
</LocList>
<BasicStmnt CovItemId="S84" CovItemPrefix="cabra.CardPanel.java" Intrnl_Id="6764">
<LocList>
<Loc EndOffset="8378" SrcFileId="55" StartOffset="8351"/>
</LocList>
</BasicStmnt>
<BasicStmnt CovItemId="S85" CovItemPrefix="cabra.CardPanel.java" Intrnl_Id="6765">
<LocList>
<Loc EndOffset="8416" SrcFileId="55" StartOffset="8391"/>
</LocList>
</BasicStmnt>
<BasicStmnt CovItemId="S86" CovItemPrefix="cabra.CardPanel.java" Intrnl_Id="6766">
<LocList>
<Loc EndOffset="8565" SrcFileId="55" StartOffset="8519"/>
</LocList>
</BasicStmnt>
<BasicStmnt CovItemId="S87" CovItemPrefix="cabra.CardPanel.java" Intrnl_Id="6767">
<LocList>
<Loc EndOffset="8605" SrcFileId="55" StartOffset="8578"/>
</LocList>
</BasicStmnt>
<BasicStmnt CovItemId="S88" CovItemPrefix="cabra.CardPanel.java" Intrnl_Id="6768">
<LocList>
<Loc EndOffset="8643" SrcFileId="55" StartOffset="8618"/>
</LocList>
</BasicStmnt>
<BasicStmnt CovItemId="S89" CovItemPrefix="cabra.CardPanel.java" Intrnl_Id="6769">
<LocList>
<Loc EndOffset="8693" SrcFileId="55" StartOffset="8669"/>
</LocList>
</BasicStmnt>
<BasicStmnt CovItemId="S90" CovItemPrefix="cabra.CardPanel.java" Intrnl_Id="6770">
<LocList>
<Loc EndOffset="8852" SrcFileId="55" StartOffset="8814"/>
</LocList>
</BasicStmnt>
<BasicStmnt CovItemId="S91" CovItemPrefix="cabra.CardPanel.java" Intrnl_Id="6771">
<LocList>
<Loc EndOffset="8938" SrcFileId="55" StartOffset="8890"/>
</LocList>
</BasicStmnt>
<BasicStmnt CovItemId="S92" CovItemPrefix="cabra.CardPanel.java" Intrnl_Id="6772">
<LocList>
<Loc EndOffset="8992" SrcFileId="55" StartOffset="8951"/>
</LocList>
</BasicStmnt>
<BasicStmnt CovItemId="S93" CovItemPrefix="cabra.CardPanel.java" Intrnl_Id="6773">
<LocList>
<Loc EndOffset="9050" SrcFileId="55" StartOffset="9018"/>
</LocList>
</BasicStmnt>
<BasicStmnt CovItemId="S94" CovItemPrefix="cabra.CardPanel.java" Intrnl_Id="6774">
<LocList>
<Loc EndOffset="9144" SrcFileId="55" StartOffset="9101"/>
</LocList>
</BasicStmnt>
</StmntSeq>
</HierarchyLvl>
</HierarchyLvl>
<HierarchyLvl HierarchyLvlId="1799" HierarchyLvlTypeId="66" Intrnl_Id="6775" Name="SaveListener">
<Header>
<Loc EndOffset="9312" SrcFileId="55" StartOffset="9260"/>
</Header>
<LocList>
<Loc EndOffset="10375" SrcFileId="55" StartOffset="9260"/>
</LocList>
<HierarchyLvl HierarchyLvlId="1798" HierarchyLvlTypeId="67" Intrnl_Id="6776" Name="actionPerformed">
<Header>
<Loc EndOffset="9364" SrcFileId="55" StartOffset="9322"/>
</Header>
<LocList>
<Loc EndOffset="10369" SrcFileId="55" StartOffset="9322"/>
</LocList>
<StmntSeq Intrnl_Id="6777">
<LocList>
<Loc EndOffset="9543" SrcFileId="55" StartOffset="9482"/>
<Loc EndOffset="9613" SrcFileId="55" StartOffset="9556"/>
<Loc EndOffset="9681" SrcFileId="55" StartOffset="9661"/>
<Loc EndOffset="9781" SrcFileId="55" StartOffset="9753"/>
<Loc EndOffset="9820" SrcFileId="55" StartOffset="9794"/>
<Loc EndOffset="9932" SrcFileId="55" StartOffset="9896"/>
<Loc EndOffset="9979" SrcFileId="55" StartOffset="9945"/>
<Loc EndOffset="10099" SrcFileId="55" StartOffset="10061"/>
<Loc EndOffset="10160" SrcFileId="55" StartOffset="10112"/>
<Loc EndOffset="10211" SrcFileId="55" StartOffset="10173"/>
<Loc EndOffset="10269" SrcFileId="55" StartOffset="10237"/>
<Loc EndOffset="10350" SrcFileId="55" StartOffset="10307"/>
</LocList>
<BasicStmnt CovItemId="S95" CovItemPrefix="cabra.CardPanel.java" Intrnl_Id="6778">
<LocList>
<Loc EndOffset="9543" SrcFileId="55" StartOffset="9482"/>
</LocList>
</BasicStmnt>
<BasicStmnt CovItemId="S96" CovItemPrefix="cabra.CardPanel.java" Intrnl_Id="6779">
<LocList>
<Loc EndOffset="9613" SrcFileId="55" StartOffset="9556"/>
</LocList>
</BasicStmnt>
<BasicStmnt CovItemId="S97" CovItemPrefix="cabra.CardPanel.java" Intrnl_Id="6780">
<LocList>
<Loc EndOffset="9681" SrcFileId="55" StartOffset="9661"/>
</LocList>
</BasicStmnt>
<BasicStmnt CovItemId="S98" CovItemPrefix="cabra.CardPanel.java" Intrnl_Id="6781">
<LocList>
<Loc EndOffset="9781" SrcFileId="55" StartOffset="9753"/>
</LocList>
</BasicStmnt>
<BasicStmnt CovItemId="S99" CovItemPrefix="cabra.CardPanel.java" Intrnl_Id="6782">
<LocList>
<Loc EndOffset="9820" SrcFileId="55" StartOffset="9794"/>
</LocList>
</BasicStmnt>
<BasicStmnt CovItemId="S100" CovItemPrefix="cabra.CardPanel.java" Intrnl_Id="6783">
<LocList>
<Loc EndOffset="9932" SrcFileId="55" StartOffset="9896"/>
</LocList>
</BasicStmnt>
<BasicStmnt CovItemId="S101" CovItemPrefix="cabra.CardPanel.java" Intrnl_Id="6784">
<LocList>
<Loc EndOffset="9979" SrcFileId="55" StartOffset="9945"/>
</LocList>
</BasicStmnt>
<BasicStmnt CovItemId="S102" CovItemPrefix="cabra.CardPanel.java" Intrnl_Id="6785">
<LocList>
<Loc EndOffset="10099" SrcFileId="55" StartOffset="10061"/>
</LocList>
</BasicStmnt>
<BasicStmnt CovItemId="S103" CovItemPrefix="cabra.CardPanel.java" Intrnl_Id="6786">
<LocList>
<Loc EndOffset="10160" SrcFileId="55" StartOffset="10112"/>
</LocList>
</BasicStmnt>
<BasicStmnt CovItemId="S104" CovItemPrefix="cabra.CardPanel.java" Intrnl_Id="6787">
<LocList>
<Loc EndOffset="10211" SrcFileId="55" StartOffset="10173"/>
</LocList>
</BasicStmnt>
<BasicStmnt CovItemId="S105" CovItemPrefix="cabra.CardPanel.java" Intrnl_Id="6788">
<LocList>
<Loc EndOffset="10269" SrcFileId="55" StartOffset="10237"/>
</LocList>
</BasicStmnt>
<BasicStmnt CovItemId="S106" CovItemPrefix="cabra.CardPanel.java" Intrnl_Id="6789">
<LocList>
<Loc EndOffset="10350" SrcFileId="55" StartOffset="10307"/>
</LocList>
</BasicStmnt>
</StmntSeq>
</HierarchyLvl>
</HierarchyLvl>
</HierarchyLvl>
<HierarchyLvl HierarchyLvlId="1824" HierarchyLvlTypeId="66" Intrnl_Id="6790" Name="CardCreatorPanel">
<Header>
<Loc EndOffset="330" SrcFileId="56" StartOffset="286"/>
</Header>
<LocList>
<Loc EndOffset="7879" SrcFileId="56" StartOffset="286"/>
<Loc EndOffset="8939" SrcFileId="56" StartOffset="8929"/>
<Loc EndOffset="10591" SrcFileId="56" StartOffset="10540"/>
<Loc EndOffset="11086" SrcFileId="56" StartOffset="11076"/>
<Loc EndOffset="12906" SrcFileId="56" StartOffset="12688"/>
</LocList>
<StmntSeq Intrnl_Id="6791">
<LocList>
<Loc EndOffset="905" SrcFileId="56" StartOffset="873"/>
<Loc EndOffset="1201" SrcFileId="56" StartOffset="1162"/>
<Loc EndOffset="1246" SrcFileId="56" StartOffset="1206"/>
<Loc EndOffset="1324" SrcFileId="56" StartOffset="1277"/>
<Loc EndOffset="1372" SrcFileId="56" StartOffset="1329"/>
<Loc EndOffset="1422" SrcFileId="56" StartOffset="1377"/>
<Loc EndOffset="1464" SrcFileId="56" StartOffset="1427"/>
</LocList>
<BasicStmnt CovItemId="S1" CovItemPrefix="cabra.CardCreatorPanel.java" Intrnl_Id="6792">
<LocList>
<Loc EndOffset="905" SrcFileId="56" StartOffset="873"/>
</LocList>
</BasicStmnt>
<BasicStmnt CovItemId="S2" CovItemPrefix="cabra.CardCreatorPanel.java" Intrnl_Id="6793">
<LocList>
<Loc EndOffset="1201" SrcFileId="56" StartOffset="1162"/>
</LocList>
</BasicStmnt>
<BasicStmnt CovItemId="S3" CovItemPrefix="cabra.CardCreatorPanel.java" Intrnl_Id="6794">
<LocList>
<Loc EndOffset="1246" SrcFileId="56" StartOffset="1206"/>
</LocList>
</BasicStmnt>
<BasicStmnt CovItemId="S4" CovItemPrefix="cabra.CardCreatorPanel.java" Intrnl_Id="6795">
<LocList>
<Loc EndOffset="1324" SrcFileId="56" StartOffset="1277"/>
</LocList>
</BasicStmnt>
<BasicStmnt CovItemId="S5" CovItemPrefix="cabra.CardCreatorPanel.java" Intrnl_Id="6796">
<LocList>
<Loc EndOffset="1372" SrcFileId="56" StartOffset="1329"/>
</LocList>
</BasicStmnt>
<BasicStmnt CovItemId="S6" CovItemPrefix="cabra.CardCreatorPanel.java" Intrnl_Id="6797">
<LocList>
<Loc EndOffset="1422" SrcFileId="56" StartOffset="1377"/>
</LocList>
</BasicStmnt>
<BasicStmnt CovItemId="S7" CovItemPrefix="cabra.CardCreatorPanel.java" Intrnl_Id="6798">
<LocList>
<Loc EndOffset="1464" SrcFileId="56" StartOffset="1427"/>
</LocList>
</BasicStmnt>
</StmntSeq>
<HierarchyLvl HierarchyLvlId="1801" HierarchyLvlTypeId="67" Intrnl_Id="6799" Name="CardCreatorPanel">
<Header>
<Loc EndOffset="1588" SrcFileId="56" StartOffset="1516"/>
</Header>
<LocList>
<Loc EndOffset="1908" SrcFileId="56" StartOffset="1516"/>
</LocList>
<StmntSeq Intrnl_Id="6800">
<LocList>
<Loc EndOffset="1621" SrcFileId="56" StartOffset="1598"/>
<Loc EndOffset="1645" SrcFileId="56" StartOffset="1630"/>
<Loc EndOffset="1683" SrcFileId="56" StartOffset="1654"/>
<Loc EndOffset="1745" SrcFileId="56" StartOffset="1693"/>
<Loc EndOffset="1795" SrcFileId="56" StartOffset="1763"/>
<Loc EndOffset="1834" SrcFileId="56" StartOffset="1804"/>
<Loc EndOffset="1857" SrcFileId="56" StartOffset="1843"/>
<Loc EndOffset="1902" SrcFileId="56" StartOffset="1875"/>
</LocList>
<BasicStmnt CovItemId="S8" CovItemPrefix="cabra.CardCreatorPanel.java" Intrnl_Id="6801">
<LocList>
<Loc EndOffset="1621" SrcFileId="56" StartOffset="1598"/>
</LocList>
</BasicStmnt>
<BasicStmnt CovItemId="S9" CovItemPrefix="cabra.CardCreatorPanel.java" Intrnl_Id="6802">
<LocList>
<Loc EndOffset="1645" SrcFileId="56" StartOffset="1630"/>
</LocList>
</BasicStmnt>
<BasicStmnt CovItemId="S10" CovItemPrefix="cabra.CardCreatorPanel.java" Intrnl_Id="6803">
<LocList>
<Loc EndOffset="1683" SrcFileId="56" StartOffset="1654"/>
</LocList>
</BasicStmnt>
<BasicStmnt CovItemId="S11" CovItemPrefix="cabra.CardCreatorPanel.java" Intrnl_Id="6804">
<LocList>
<Loc EndOffset="1745" SrcFileId="56" StartOffset="1693"/>
</LocList>
</BasicStmnt>
<BasicStmnt CovItemId="S12" CovItemPrefix="cabra.CardCreatorPanel.java" Intrnl_Id="6805">
<LocList>
<Loc EndOffset="1795" SrcFileId="56" StartOffset="1763"/>
</LocList>
</BasicStmnt>
<BasicStmnt CovItemId="S13" CovItemPrefix="cabra.CardCreatorPanel.java" Intrnl_Id="6806">
<LocList>
<Loc EndOffset="1834" SrcFileId="56" StartOffset="1804"/>
</LocList>
</BasicStmnt>
<BasicStmnt CovItemId="S14" CovItemPrefix="cabra.CardCreatorPanel.java" Intrnl_Id="6807">
<LocList>
<Loc EndOffset="1857" SrcFileId="56" StartOffset="1843"/>
</LocList>
</BasicStmnt>
<BasicStmnt CovItemId="S15" CovItemPrefix="cabra.CardCreatorPanel.java" Intrnl_Id="6808">
<LocList>
<Loc EndOffset="1902" SrcFileId="56" StartOffset="1875"/>
</LocList>
</BasicStmnt>
</StmntSeq>
</HierarchyLvl>
<HierarchyLvl HierarchyLvlId="1804" HierarchyLvlTypeId="67" Intrnl_Id="6809" Name="createPanel">
<Header>
<Loc EndOffset="1943" SrcFileId="56" StartOffset="1918"/>
</Header>
<LocList>
<Loc EndOffset="5360" SrcFileId="56" StartOffset="1918"/>
</LocList>
<StmntSeq Intrnl_Id="6810">
<LocList>
<Loc EndOffset="2046" SrcFileId="56" StartOffset="2004"/>
<Loc EndOffset="2101" SrcFileId="56" StartOffset="2064"/>
<Loc EndOffset="2220" SrcFileId="56" StartOffset="2159"/>
<Loc EndOffset="2323" SrcFileId="56" StartOffset="2229"/>
<Loc EndOffset="2426" SrcFileId="56" StartOffset="2332"/>
<Loc EndOffset="2518" SrcFileId="56" StartOffset="2435"/>
<Loc EndOffset="2564" SrcFileId="56" StartOffset="2527"/>
<Loc EndOffset="2766" SrcFileId="56" StartOffset="2735"/>
<Loc EndOffset="2906" SrcFileId="56" StartOffset="2824"/>
<Loc EndOffset="2979" SrcFileId="56" StartOffset="2915"/>
<Loc EndOffset="3046" SrcFileId="56" StartOffset="2988"/>
<Loc EndOffset="3183" SrcFileId="56" StartOffset="3116"/>
<Loc EndOffset="3267" SrcFileId="56" StartOffset="3192"/>
<Loc EndOffset="3312" SrcFileId="56" StartOffset="3276"/>
<Loc EndOffset="3383" SrcFileId="56" StartOffset="3347"/>
<Loc EndOffset="3764" SrcFileId="56" StartOffset="3762"/>
<Loc EndOffset="3890" SrcFileId="56" StartOffset="3822"/>
<Loc EndOffset="3936" SrcFileId="56" StartOffset="3908"/>
<Loc EndOffset="3973" SrcFileId="56" StartOffset="3953"/>
<Loc EndOffset="4031" SrcFileId="56" StartOffset="3991"/>
<Loc EndOffset="4145" SrcFileId="56" StartOffset="4088"/>
<Loc EndOffset="4246" SrcFileId="56" StartOffset="4154"/>
<Loc EndOffset="4347" SrcFileId="56" StartOffset="4255"/>
<Loc EndOffset="4435" SrcFileId="56" StartOffset="4356"/>
<Loc EndOffset="4464" SrcFileId="56" StartOffset="4444"/>
<Loc EndOffset="4623" SrcFileId="56" StartOffset="4585"/>
<Loc EndOffset="4710" SrcFileId="56" StartOffset="4632"/>
<Loc EndOffset="4884" SrcFileId="56" StartOffset="4842"/>
<Loc EndOffset="4946" SrcFileId="56" StartOffset="4893"/>
<Loc EndOffset="5018" SrcFileId="56" StartOffset="4965"/>
<Loc EndOffset="5079" SrcFileId="56" StartOffset="5027"/>
<Loc EndOffset="5148" SrcFileId="56" StartOffset="5099"/>
<Loc EndOffset="5189" SrcFileId="56" StartOffset="5157"/>
<Loc EndOffset="5267" SrcFileId="56" StartOffset="5246"/>
</LocList>
<BasicStmnt CovItemId="S16" CovItemPrefix="cabra.CardCreatorPanel.java" Intrnl_Id="6811">
<LocList>
<Loc EndOffset="2046" SrcFileId="56" StartOffset="2004"/>
</LocList>
</BasicStmnt>
<BasicStmnt CovItemId="S17" CovItemPrefix="cabra.CardCreatorPanel.java" Intrnl_Id="6812">
<LocList>
<Loc EndOffset="2101" SrcFileId="56" StartOffset="2064"/>
</LocList>
</BasicStmnt>
<BasicStmnt CovItemId="S18" CovItemPrefix="cabra.CardCreatorPanel.java" Intrnl_Id="6813">
<LocList>
<Loc EndOffset="2220" SrcFileId="56" StartOffset="2159"/>
</LocList>
</BasicStmnt>
<BasicStmnt CovItemId="S19" CovItemPrefix="cabra.CardCreatorPanel.java" Intrnl_Id="6814">
<LocList>
<Loc EndOffset="2323" SrcFileId="56" StartOffset="2229"/>
</LocList>
</BasicStmnt>
<BasicStmnt CovItemId="S20" CovItemPrefix="cabra.CardCreatorPanel.java" Intrnl_Id="6815">
<LocList>
<Loc EndOffset="2426" SrcFileId="56" StartOffset="2332"/>
</LocList>
</BasicStmnt>
<BasicStmnt CovItemId="S21" CovItemPrefix="cabra.CardCreatorPanel.java" Intrnl_Id="6816">
<LocList>
<Loc EndOffset="2518" SrcFileId="56" StartOffset="2435"/>
</LocList>
</BasicStmnt>
<BasicStmnt CovItemId="S22" CovItemPrefix="cabra.CardCreatorPanel.java" Intrnl_Id="6817">
<LocList>
<Loc EndOffset="2564" SrcFileId="56" StartOffset="2527"/>
</LocList>
</BasicStmnt>
<BasicStmnt CovItemId="S23" CovItemPrefix="cabra.CardCreatorPanel.java" Intrnl_Id="6818">
<LocList>
<Loc EndOffset="2766" SrcFileId="56" StartOffset="2735"/>
</LocList>
</BasicStmnt>
<BasicStmnt CovItemId="S24" CovItemPrefix="cabra.CardCreatorPanel.java" Intrnl_Id="6819">
<LocList>
<Loc EndOffset="2906" SrcFileId="56" StartOffset="2824"/>
</LocList>
</BasicStmnt>
<BasicStmnt CovItemId="S25" CovItemPrefix="cabra.CardCreatorPanel.java" Intrnl_Id="6820">
<LocList>
<Loc EndOffset="2979" SrcFileId="56" StartOffset="2915"/>
</LocList>
</BasicStmnt>
<BasicStmnt CovItemId="S26" CovItemPrefix="cabra.CardCreatorPanel.java" Intrnl_Id="6821">
<LocList>
<Loc EndOffset="3046" SrcFileId="56" StartOffset="2988"/>
</LocList>
</BasicStmnt>
<BasicStmnt CovItemId="S27" CovItemPrefix="cabra.CardCreatorPanel.java" Intrnl_Id="6822">
<LocList>
<Loc EndOffset="3183" SrcFileId="56" StartOffset="3116"/>
</LocList>
</BasicStmnt>
<BasicStmnt CovItemId="S28" CovItemPrefix="cabra.CardCreatorPanel.java" Intrnl_Id="6823">
<LocList>
<Loc EndOffset="3267" SrcFileId="56" StartOffset="3192"/>
</LocList>
</BasicStmnt>
<BasicStmnt CovItemId="S29" CovItemPrefix="cabra.CardCreatorPanel.java" Intrnl_Id="6824">
<LocList>
<Loc EndOffset="3312" SrcFileId="56" StartOffset="3276"/>
</LocList>
</BasicStmnt>
<BasicStmnt CovItemId="S30" CovItemPrefix="cabra.CardCreatorPanel.java" Intrnl_Id="6825">
<LocList>
<Loc EndOffset="3383" SrcFileId="56" StartOffset="3347"/>
<Loc EndOffset="3764" SrcFileId="56" StartOffset="3762"/>
</LocList>
</BasicStmnt>
<BasicStmnt CovItemId="S35" CovItemPrefix="cabra.CardCreatorPanel.java" Intrnl_Id="6826">
<LocList>
<Loc EndOffset="3890" SrcFileId="56" StartOffset="3822"/>
</LocList>
</BasicStmnt>
<BasicStmnt CovItemId="S36" CovItemPrefix="cabra.CardCreatorPanel.java" Intrnl_Id="6827">
<LocList>
<Loc EndOffset="3936" SrcFileId="56" StartOffset="3908"/>
</LocList>
</BasicStmnt>
<BasicStmnt CovItemId="S37" CovItemPrefix="cabra.CardCreatorPanel.java" Intrnl_Id="6828">
<LocList>
<Loc EndOffset="3973" SrcFileId="56" StartOffset="3953"/>
</LocList>
</BasicStmnt>
<BasicStmnt CovItemId="S38" CovItemPrefix="cabra.CardCreatorPanel.java" Intrnl_Id="6829">
<LocList>
<Loc EndOffset="4031" SrcFileId="56" StartOffset="3991"/>
</LocList>
</BasicStmnt>
<BasicStmnt CovItemId="S39" CovItemPrefix="cabra.CardCreatorPanel.java" Intrnl_Id="6830">
<LocList>
<Loc EndOffset="4145" SrcFileId="56" StartOffset="4088"/>
</LocList>
</BasicStmnt>
<BasicStmnt CovItemId="S40" CovItemPrefix="cabra.CardCreatorPanel.java" Intrnl_Id="6831">
<LocList>
<Loc EndOffset="4246" SrcFileId="56" StartOffset="4154"/>
</LocList>
</BasicStmnt>
<BasicStmnt CovItemId="S41" CovItemPrefix="cabra.CardCreatorPanel.java" Intrnl_Id="6832">
<LocList>
<Loc EndOffset="4347" SrcFileId="56" StartOffset="4255"/>
</LocList>
</BasicStmnt>
<BasicStmnt CovItemId="S42" CovItemPrefix="cabra.CardCreatorPanel.java" Intrnl_Id="6833">
<LocList>
<Loc EndOffset="4435" SrcFileId="56" StartOffset="4356"/>
</LocList>
</BasicStmnt>
<BasicStmnt CovItemId="S43" CovItemPrefix="cabra.CardCreatorPanel.java" Intrnl_Id="6834">
<LocList>
<Loc EndOffset="4464" SrcFileId="56" StartOffset="4444"/>
</LocList>
</BasicStmnt>
<BasicStmnt CovItemId="S44" CovItemPrefix="cabra.CardCreatorPanel.java" Intrnl_Id="6835">
<LocList>
<Loc EndOffset="4623" SrcFileId="56" StartOffset="4585"/>
</LocList>
</BasicStmnt>
<BasicStmnt CovItemId="S45" CovItemPrefix="cabra.CardCreatorPanel.java" Intrnl_Id="6836">
<LocList>
<Loc EndOffset="4710" SrcFileId="56" StartOffset="4632"/>
</LocList>
</BasicStmnt>
<BasicStmnt CovItemId="S46" CovItemPrefix="cabra.CardCreatorPanel.java" Intrnl_Id="6837">
<LocList>
<Loc EndOffset="4884" SrcFileId="56" StartOffset="4842"/>
</LocList>
</BasicStmnt>
<BasicStmnt CovItemId="S47" CovItemPrefix="cabra.CardCreatorPanel.java" Intrnl_Id="6838">
<LocList>
<Loc EndOffset="4946" SrcFileId="56" StartOffset="4893"/>
</LocList>
</BasicStmnt>
<BasicStmnt CovItemId="S48" CovItemPrefix="cabra.CardCreatorPanel.java" Intrnl_Id="6839">
<LocList>
<Loc EndOffset="5018" SrcFileId="56" StartOffset="4965"/>
</LocList>
</BasicStmnt>
<BasicStmnt CovItemId="S49" CovItemPrefix="cabra.CardCreatorPanel.java" Intrnl_Id="6840">
<LocList>
<Loc EndOffset="5079" SrcFileId="56" StartOffset="5027"/>
</LocList>
</BasicStmnt>
<BasicStmnt CovItemId="S50" CovItemPrefix="cabra.CardCreatorPanel.java" Intrnl_Id="6841">
<LocList>
<Loc EndOffset="5148" SrcFileId="56" StartOffset="5099"/>
</LocList>
</BasicStmnt>
<BasicStmnt CovItemId="S51" CovItemPrefix="cabra.CardCreatorPanel.java" Intrnl_Id="6842">
<LocList>
<Loc EndOffset="5189" SrcFileId="56" StartOffset="5157"/>
</LocList>
</BasicStmnt>
<BasicStmnt CovItemId="S52" CovItemPrefix="cabra.CardCreatorPanel.java" Intrnl_Id="6843">
<LocList>
<Loc EndOffset="5267" SrcFileId="56" StartOffset="5246"/>
</LocList>
</BasicStmnt>
</StmntSeq>
<HierarchyLvl HierarchyLvlId="1803" HierarchyLvlTypeId="69" Intrnl_Id="6844" Name="ActionListener">
<Header>
<Loc EndOffset="3403" SrcFileId="56" StartOffset="3387"/>
</Header>
<LocList>
<Loc EndOffset="3762" SrcFileId="56" StartOffset="3383"/>
</LocList>
<HierarchyLvl HierarchyLvlId="1802" HierarchyLvlTypeId="67" Intrnl_Id="6845" Name="actionPerformed">
<Header>
<Loc EndOffset="3459" SrcFileId="56" StartOffset="3417"/>
</Header>
<LocList>
<Loc EndOffset="3752" SrcFileId="56" StartOffset="3417"/>
</LocList>
<StmntSeq Intrnl_Id="6846">
<LocList>
<Loc EndOffset="3565" SrcFileId="56" StartOffset="3537"/>
<Loc EndOffset="3599" SrcFileId="56" StartOffset="3582"/>
<Loc EndOffset="3652" SrcFileId="56" StartOffset="3616"/>
<Loc EndOffset="3738" SrcFileId="56" StartOffset="3709"/>
</LocList>
<BasicStmnt CovItemId="S31" CovItemPrefix="cabra.CardCreatorPanel.java" Intrnl_Id="6847">
<LocList>
<Loc EndOffset="3565" SrcFileId="56" StartOffset="3537"/>
</LocList>
</BasicStmnt>
<BasicStmnt CovItemId="S32" CovItemPrefix="cabra.CardCreatorPanel.java" Intrnl_Id="6848">
<LocList>
<Loc EndOffset="3599" SrcFileId="56" StartOffset="3582"/>
</LocList>
</BasicStmnt>
<BasicStmnt CovItemId="S33" CovItemPrefix="cabra.CardCreatorPanel.java" Intrnl_Id="6849">
<LocList>
<Loc EndOffset="3652" SrcFileId="56" StartOffset="3616"/>
</LocList>
</BasicStmnt>
<BasicStmnt CovItemId="S34" CovItemPrefix="cabra.CardCreatorPanel.java" Intrnl_Id="6850">
<LocList>
<Loc EndOffset="3738" SrcFileId="56" StartOffset="3709"/>
</LocList>
</BasicStmnt>
</StmntSeq>
</HierarchyLvl>
</HierarchyLvl>
</HierarchyLvl>
<HierarchyLvl HierarchyLvlId="1805" HierarchyLvlTypeId="67" Intrnl_Id="6851" Name="refresh">
<Header>
<Loc EndOffset="5391" SrcFileId="56" StartOffset="5370"/>
</Header>
<LocList>
<Loc EndOffset="5830" SrcFileId="56" StartOffset="5370"/>
</LocList>
</HierarchyLvl>
<HierarchyLvl HierarchyLvlId="1806" HierarchyLvlTypeId="67" Intrnl_Id="6852" Name="clearFields">
<Header>
<Loc EndOffset="5866" SrcFileId="56" StartOffset="5840"/>
</Header>
<LocList>
<Loc EndOffset="6132" SrcFileId="56" StartOffset="5840"/>
</LocList>
<StmntSeq Intrnl_Id="6853">
<LocList>
<Loc EndOffset="5948" SrcFileId="56" StartOffset="5923"/>
<Loc EndOffset="5980" SrcFileId="56" StartOffset="5957"/>
<Loc EndOffset="6018" SrcFileId="56" StartOffset="5990"/>
<Loc EndOffset="6044" SrcFileId="56" StartOffset="6027"/>
<Loc EndOffset="6089" SrcFileId="56" StartOffset="6053"/>
<Loc EndOffset="6126" SrcFileId="56" StartOffset="6098"/>
</LocList>
<BasicStmnt CovItemId="S53" CovItemPrefix="cabra.CardCreatorPanel.java" Intrnl_Id="6854">
<LocList>
<Loc EndOffset="5948" SrcFileId="56" StartOffset="5923"/>
</LocList>
</BasicStmnt>
<BasicStmnt CovItemId="S54" CovItemPrefix="cabra.CardCreatorPanel.java" Intrnl_Id="6855">
<LocList>
<Loc EndOffset="5980" SrcFileId="56" StartOffset="5957"/>
</LocList>
</BasicStmnt>
<BasicStmnt CovItemId="S55" CovItemPrefix="cabra.CardCreatorPanel.java" Intrnl_Id="6856">
<LocList>
<Loc EndOffset="6018" SrcFileId="56" StartOffset="5990"/>
</LocList>
</BasicStmnt>
<BasicStmnt CovItemId="S56" CovItemPrefix="cabra.CardCreatorPanel.java" Intrnl_Id="6857">
<LocList>
<Loc EndOffset="6044" SrcFileId="56" StartOffset="6027"/>
</LocList>
</BasicStmnt>
<BasicStmnt CovItemId="S57" CovItemPrefix="cabra.CardCreatorPanel.java" Intrnl_Id="6858">
<LocList>
<Loc EndOffset="6089" SrcFileId="56" StartOffset="6053"/>
</LocList>
</BasicStmnt>
<BasicStmnt CovItemId="S58" CovItemPrefix="cabra.CardCreatorPanel.java" Intrnl_Id="6859">
<LocList>
<Loc EndOffset="6126" SrcFileId="56" StartOffset="6098"/>
</LocList>
</BasicStmnt>
</StmntSeq>
</HierarchyLvl>
<HierarchyLvl HierarchyLvlId="1807" HierarchyLvlTypeId="67" Intrnl_Id="6860" Name="createTextArea">
<Header>
<Loc EndOffset="6289" SrcFileId="56" StartOffset="6255"/>
</Header>
<LocList>
<Loc EndOffset="6632" SrcFileId="56" StartOffset="6255"/>
</LocList>
<StmntSeq Intrnl_Id="6861">
<LocList>
<Loc EndOffset="6336" SrcFileId="56" StartOffset="6299"/>
<Loc EndOffset="6440" SrcFileId="56" StartOffset="6413"/>
<Loc EndOffset="6479" SrcFileId="56" StartOffset="6449"/>
<Loc EndOffset="6520" SrcFileId="56" StartOffset="6488"/>
<Loc EndOffset="6576" SrcFileId="56" StartOffset="6531"/>
<Loc EndOffset="6618" SrcFileId="56" StartOffset="6602"/>
</LocList>
<BasicStmnt CovItemId="S59" CovItemPrefix="cabra.CardCreatorPanel.java" Intrnl_Id="6862">
<LocList>
<Loc EndOffset="6336" SrcFileId="56" StartOffset="6299"/>
</LocList>
</BasicStmnt>
<BasicStmnt CovItemId="S60" CovItemPrefix="cabra.CardCreatorPanel.java" Intrnl_Id="6863">
<LocList>
<Loc EndOffset="6440" SrcFileId="56" StartOffset="6413"/>
</LocList>
</BasicStmnt>
<BasicStmnt CovItemId="S61" CovItemPrefix="cabra.CardCreatorPanel.java" Intrnl_Id="6864">
<LocList>
<Loc EndOffset="6479" SrcFileId="56" StartOffset="6449"/>
</LocList>
</BasicStmnt>
<BasicStmnt CovItemId="S62" CovItemPrefix="cabra.CardCreatorPanel.java" Intrnl_Id="6865">
<LocList>
<Loc EndOffset="6520" SrcFileId="56" StartOffset="6488"/>
</LocList>
</BasicStmnt>
<BasicStmnt CovItemId="S63" CovItemPrefix="cabra.CardCreatorPanel.java" Intrnl_Id="6866">
<LocList>
<Loc EndOffset="6576" SrcFileId="56" StartOffset="6531"/>
</LocList>
</BasicStmnt>
<BasicStmnt CovItemId="S64" CovItemPrefix="cabra.CardCreatorPanel.java" Intrnl_Id="6867">
<LocList>
<Loc EndOffset="6618" SrcFileId="56" StartOffset="6602"/>
</LocList>
</BasicStmnt>
</StmntSeq>
</HierarchyLvl>
<HierarchyLvl HierarchyLvlId="1812" HierarchyLvlTypeId="67" Intrnl_Id="6868" Name="addBindings">
<Header>
<Loc EndOffset="6724" SrcFileId="56" StartOffset="6698"/>
</Header>
<LocList>
<Loc EndOffset="7706" SrcFileId="56" StartOffset="6698"/>
</LocList>
<StmntSeq Intrnl_Id="6869">
<LocList>
<Loc EndOffset="6849" SrcFileId="56" StartOffset="6802"/>
<Loc EndOffset="6942" SrcFileId="56" StartOffset="6884"/>
<Loc EndOffset="6967" SrcFileId="56" StartOffset="6951"/>
<Loc EndOffset="7115" SrcFileId="56" StartOffset="7114"/>
<Loc EndOffset="7181" SrcFileId="56" StartOffset="7124"/>
<Loc EndOffset="7224" SrcFileId="56" StartOffset="7198"/>
<Loc EndOffset="7347" SrcFileId="56" StartOffset="7311"/>
<Loc EndOffset="7430" SrcFileId="56" StartOffset="7382"/>
<Loc EndOffset="7448" SrcFileId="56" StartOffset="7439"/>
<Loc EndOffset="7591" SrcFileId="56" StartOffset="7590"/>
<Loc EndOffset="7657" SrcFileId="56" StartOffset="7600"/>
<Loc EndOffset="7700" SrcFileId="56" StartOffset="7674"/>
</LocList>
<BasicStmnt CovItemId="S65" CovItemPrefix="cabra.CardCreatorPanel.java" Intrnl_Id="6870">
<LocList>
<Loc EndOffset="6849" SrcFileId="56" StartOffset="6802"/>
</LocList>
</BasicStmnt>
<BasicStmnt CovItemId="S66" CovItemPrefix="cabra.CardCreatorPanel.java" Intrnl_Id="6871">
<LocList>
<Loc EndOffset="6942" SrcFileId="56" StartOffset="6884"/>
</LocList>
</BasicStmnt>
<BasicStmnt CovItemId="S67" CovItemPrefix="cabra.CardCreatorPanel.java" Intrnl_Id="6872">
<LocList>
<Loc EndOffset="6967" SrcFileId="56" StartOffset="6951"/>
<Loc EndOffset="7115" SrcFileId="56" StartOffset="7114"/>
</LocList>
</BasicStmnt>
<BasicStmnt CovItemId="S69" CovItemPrefix="cabra.CardCreatorPanel.java" Intrnl_Id="6873">
<LocList>
<Loc EndOffset="7181" SrcFileId="56" StartOffset="7124"/>
</LocList>
</BasicStmnt>
<BasicStmnt CovItemId="S70" CovItemPrefix="cabra.CardCreatorPanel.java" Intrnl_Id="6874">
<LocList>
<Loc EndOffset="7224" SrcFileId="56" StartOffset="7198"/>
</LocList>
</BasicStmnt>
<BasicStmnt CovItemId="S71" CovItemPrefix="cabra.CardCreatorPanel.java" Intrnl_Id="6875">
<LocList>
<Loc EndOffset="7347" SrcFileId="56" StartOffset="7311"/>
</LocList>
</BasicStmnt>
<BasicStmnt CovItemId="S72" CovItemPrefix="cabra.CardCreatorPanel.java" Intrnl_Id="6876">
<LocList>
<Loc EndOffset="7430" SrcFileId="56" StartOffset="7382"/>
</LocList>
</BasicStmnt>
<BasicStmnt CovItemId="S73" CovItemPrefix="cabra.CardCreatorPanel.java" Intrnl_Id="6877">
<LocList>
<Loc EndOffset="7448" SrcFileId="56" StartOffset="7439"/>
<Loc EndOffset="7591" SrcFileId="56" StartOffset="7590"/>
</LocList>
</BasicStmnt>
<BasicStmnt CovItemId="S75" CovItemPrefix="cabra.CardCreatorPanel.java" Intrnl_Id="6878">
<LocList>
<Loc EndOffset="7657" SrcFileId="56" StartOffset="7600"/>
</LocList>
</BasicStmnt>
<BasicStmnt CovItemId="S76" CovItemPrefix="cabra.CardCreatorPanel.java" Intrnl_Id="6879">
<LocList>
<Loc EndOffset="7700" SrcFileId="56" StartOffset="7674"/>
</LocList>
</BasicStmnt>
</StmntSeq>
<HierarchyLvl HierarchyLvlId="1809" HierarchyLvlTypeId="69" Intrnl_Id="6880" Name="AbstractAction">
<Header>
<Loc EndOffset="6987" SrcFileId="56" StartOffset="6971"/>
</Header>
<LocList>
<Loc EndOffset="7114" SrcFileId="56" StartOffset="6967"/>
</LocList>
<HierarchyLvl HierarchyLvlId="1808" HierarchyLvlTypeId="67" Intrnl_Id="6881" Name="actionPerformed">
<Header>
<Loc EndOffset="7043" SrcFileId="56" StartOffset="7001"/>
</Header>
<LocList>
<Loc EndOffset="7102" SrcFileId="56" StartOffset="7001"/>
</LocList>
<StmntSeq Intrnl_Id="6882">
<LocList>
<Loc EndOffset="7088" SrcFileId="56" StartOffset="7062"/>
</LocList>
<BasicStmnt CovItemId="S68" CovItemPrefix="cabra.CardCreatorPanel.java" Intrnl_Id="6883">
<LocList>
<Loc EndOffset="7088" SrcFileId="56" StartOffset="7062"/>
</LocList>
</BasicStmnt>
</StmntSeq>
</HierarchyLvl>
</HierarchyLvl>
<HierarchyLvl HierarchyLvlId="1811" HierarchyLvlTypeId="69" Intrnl_Id="6884" Name="AbstractAction">
<Header>
<Loc EndOffset="7468" SrcFileId="56" StartOffset="7452"/>
</Header>
<LocList>
<Loc EndOffset="7590" SrcFileId="56" StartOffset="7448"/>
</LocList>
<HierarchyLvl HierarchyLvlId="1810" HierarchyLvlTypeId="67" Intrnl_Id="6885" Name="actionPerformed">
<Header>
<Loc EndOffset="7524" SrcFileId="56" StartOffset="7482"/>
</Header>
<LocList>
<Loc EndOffset="7578" SrcFileId="56" StartOffset="7482"/>
</LocList>
<StmntSeq Intrnl_Id="6886">
<LocList>
<Loc EndOffset="7564" SrcFileId="56" StartOffset="7543"/>
</LocList>
<BasicStmnt CovItemId="S74" CovItemPrefix="cabra.CardCreatorPanel.java" Intrnl_Id="6887">
<LocList>
<Loc EndOffset="7564" SrcFileId="56" StartOffset="7543"/>
</LocList>
</BasicStmnt>
</StmntSeq>
</HierarchyLvl>
</HierarchyLvl>
</HierarchyLvl>
<HierarchyLvl HierarchyLvlId="1813" HierarchyLvlTypeId="67" Intrnl_Id="6888" Name="paintComponent">
<Header>
<Loc EndOffset="7772" SrcFileId="56" StartOffset="7716"/>
</Header>
<LocList>
<Loc EndOffset="7860" SrcFileId="56" StartOffset="7716"/>
</LocList>
<StmntSeq Intrnl_Id="6889">
<LocList>
<Loc EndOffset="7810" SrcFileId="56" StartOffset="7786"/>
<Loc EndOffset="7850" SrcFileId="56" StartOffset="7824"/>
</LocList>
<BasicStmnt CovItemId="S77" CovItemPrefix="cabra.CardCreatorPanel.java" Intrnl_Id="6890">
<LocList>
<Loc EndOffset="7810" SrcFileId="56" StartOffset="7786"/>
</LocList>
</BasicStmnt>
<BasicStmnt CovItemId="S78" CovItemPrefix="cabra.CardCreatorPanel.java" Intrnl_Id="6891">
<LocList>
<Loc EndOffset="7850" SrcFileId="56" StartOffset="7824"/>
</LocList>
</BasicStmnt>
</StmntSeq>
</HierarchyLvl>
<HierarchyLvl HierarchyLvlId="1815" HierarchyLvlTypeId="66" Intrnl_Id="6892" Name="AddPictureListener">
<Header>
<Loc EndOffset="7929" SrcFileId="56" StartOffset="7879"/>
</Header>
<LocList>
<Loc EndOffset="8929" SrcFileId="56" StartOffset="7879"/>
</LocList>
<HierarchyLvl HierarchyLvlId="1814" HierarchyLvlTypeId="67" Intrnl_Id="6893" Name="actionPerformed">
<Header>
<Loc EndOffset="7981" SrcFileId="56" StartOffset="7939"/>
</Header>
<LocList>
<Loc EndOffset="8923" SrcFileId="56" StartOffset="7939"/>
</LocList>
<StmntSeq Intrnl_Id="6894">
<LocList>
<Loc EndOffset="8070" SrcFileId="56" StartOffset="8022"/>
<Loc EndOffset="8434" SrcFileId="56" StartOffset="8083"/>
</LocList>
<BasicStmnt CovItemId="S79" CovItemPrefix="cabra.CardCreatorPanel.java" Intrnl_Id="6895">
<LocList>
<Loc EndOffset="8070" SrcFileId="56" StartOffset="8022"/>
</LocList>
</BasicStmnt>
<CondStmnt CovItemId="S80" CovItemPrefix="cabra.CardCreatorPanel.java" Intrnl_Id="6896">
<Branch CovItemId="B1" CovItemPrefix="cabra.CardCreatorPanel.java" Implct="false" Intrnl_Id="6897">
<Cond/>
<LocList>
<Loc EndOffset="8434" SrcFileId="56" StartOffset="8104"/>
</LocList>
<StmntSeq Intrnl_Id="6898">
<LocList>
<Loc EndOffset="8235" SrcFileId="56" StartOffset="8193"/>
<Loc EndOffset="8320" SrcFileId="56" StartOffset="8252"/>
<Loc EndOffset="8420" SrcFileId="56" StartOffset="8385"/>
</LocList>
<BasicStmnt CovItemId="S81" CovItemPrefix="cabra.CardCreatorPanel.java" Intrnl_Id="6899">
<LocList>
<Loc EndOffset="8235" SrcFileId="56" StartOffset="8193"/>
</LocList>
</BasicStmnt>
<BasicStmnt CovItemId="S82" CovItemPrefix="cabra.CardCreatorPanel.java" Intrnl_Id="6900">
<LocList>
<Loc EndOffset="8320" SrcFileId="56" StartOffset="8252"/>
</LocList>
</BasicStmnt>
<BasicStmnt CovItemId="S83" CovItemPrefix="cabra.CardCreatorPanel.java" Intrnl_Id="6901">
<LocList>
<Loc EndOffset="8420" SrcFileId="56" StartOffset="8385"/>
</LocList>
</BasicStmnt>
</StmntSeq>
</Branch>
<Branch CovItemId="B2" CovItemPrefix="cabra.CardCreatorPanel.java" Implct="true" Intrnl_Id="6902">
<Cond/>
<LocList/>
<StmntSeq Intrnl_Id="6903">
<LocList/>
</StmntSeq>
</Branch>
<Keyword EndOffset="8085" SrcFileId="56" StartOffset="8083"/>
<LocList>
<Loc EndOffset="8434" SrcFileId="56" StartOffset="8083"/>
</LocList>
<RootTerm CovItemId="C1" CovItemPrefix="cabra.CardCreatorPanel.java" Intrnl_Id="6904">
<BasicBoolTerm Intrnl_Id="6905">
<LocList>
<Loc EndOffset="8103" SrcFileId="56" StartOffset="8086"/>
</LocList>
</BasicBoolTerm>
</RootTerm>
</CondStmnt>
</StmntSeq>
</HierarchyLvl>
</HierarchyLvl>
<HierarchyLvl HierarchyLvlId="1817" HierarchyLvlTypeId="66" Intrnl_Id="6906" Name="cardListener">
<Header>
<Loc EndOffset="8983" SrcFileId="56" StartOffset="8939"/>
</Header>
<LocList>
<Loc EndOffset="10540" SrcFileId="56" StartOffset="8939"/>
</LocList>
<HierarchyLvl HierarchyLvlId="1816" HierarchyLvlTypeId="67" Intrnl_Id="6907" Name="actionPerformed">
<Header>
<Loc EndOffset="9035" SrcFileId="56" StartOffset="8993"/>
</Header>
<LocList>
<Loc EndOffset="10534" SrcFileId="56" StartOffset="8993"/>
</LocList>
<StmntSeq Intrnl_Id="6908">
<LocList>
<Loc EndOffset="9128" SrcFileId="56" StartOffset="9087"/>
<Loc EndOffset="9178" SrcFileId="56" StartOffset="9141"/>
<Loc EndOffset="9220" SrcFileId="56" StartOffset="9191"/>
<Loc EndOffset="9275" SrcFileId="56" StartOffset="9246"/>
<Loc EndOffset="9529" SrcFileId="56" StartOffset="9346"/>
<Loc EndOffset="9665" SrcFileId="56" StartOffset="9555"/>
<Loc EndOffset="9922" SrcFileId="56" StartOffset="9691"/>
<Loc EndOffset="10442" SrcFileId="56" StartOffset="9987"/>
<Loc EndOffset="10524" SrcFileId="56" StartOffset="10510"/>
</LocList>
<BasicStmnt CovItemId="S84" CovItemPrefix="cabra.CardCreatorPanel.java" Intrnl_Id="6909">
<LocList>
<Loc EndOffset="9128" SrcFileId="56" StartOffset="9087"/>
</LocList>
</BasicStmnt>
<BasicStmnt CovItemId="S85" CovItemPrefix="cabra.CardCreatorPanel.java" Intrnl_Id="6910">
<LocList>
<Loc EndOffset="9178" SrcFileId="56" StartOffset="9141"/>
</LocList>
</BasicStmnt>
<BasicStmnt CovItemId="S86" CovItemPrefix="cabra.CardCreatorPanel.java" Intrnl_Id="6911">
<LocList>
<Loc EndOffset="9220" SrcFileId="56" StartOffset="9191"/>
</LocList>
</BasicStmnt>
<BasicStmnt CovItemId="S87" CovItemPrefix="cabra.CardCreatorPanel.java" Intrnl_Id="6912">
<LocList>
<Loc EndOffset="9275" SrcFileId="56" StartOffset="9246"/>
</LocList>
</BasicStmnt>
<CondStmnt CovItemId="S88" CovItemPrefix="cabra.CardCreatorPanel.java" Intrnl_Id="6913">
<Branch CovItemId="B3" CovItemPrefix="cabra.CardCreatorPanel.java" Implct="false" Intrnl_Id="6914">
<Cond/>
<LocList>
<Loc EndOffset="9529" SrcFileId="56" StartOffset="9404"/>
</LocList>
<StmntSeq Intrnl_Id="6915">
<LocList>
<Loc EndOffset="9491" SrcFileId="56" StartOffset="9463"/>
<Loc EndOffset="9515" SrcFileId="56" StartOffset="9508"/>
</LocList>
<BasicStmnt CovItemId="S89" CovItemPrefix="cabra.CardCreatorPanel.java" Intrnl_Id="6916">
<LocList>
<Loc EndOffset="9491" SrcFileId="56" StartOffset="9463"/>
</LocList>
</BasicStmnt>
<BasicStmnt CovItemId="S90" CovItemPrefix="cabra.CardCreatorPanel.java" Intrnl_Id="6917">
<LocList>
<Loc EndOffset="9515" SrcFileId="56" StartOffset="9508"/>
</LocList>
</BasicStmnt>
</StmntSeq>
</Branch>
<Branch CovItemId="B4" CovItemPrefix="cabra.CardCreatorPanel.java" Implct="true" Intrnl_Id="6918">
<Cond/>
<LocList/>
<StmntSeq Intrnl_Id="6919">
<LocList/>
</StmntSeq>
</Branch>
<Keyword EndOffset="9348" SrcFileId="56" StartOffset="9346"/>
<LocList>
<Loc EndOffset="9529" SrcFileId="56" StartOffset="9346"/>
</LocList>
<RootTerm CovItemId="C2" CovItemPrefix="cabra.CardCreatorPanel.java" Intrnl_Id="6920">
<OpTerm BooleanOpId="61" Intrnl_Id="6921">
<BasicBoolTerm Intrnl_Id="6922">
<LocList>
<Loc EndOffset="9373" SrcFileId="56" StartOffset="9349"/>
</LocList>
</BasicBoolTerm>
<BasicBoolTerm Intrnl_Id="6923">
<LocList>
<Loc EndOffset="9403" SrcFileId="56" StartOffset="9377"/>
</LocList>
</BasicBoolTerm>
<LocList>
<Loc EndOffset="9376" SrcFileId="56" StartOffset="9374"/>
</LocList>
</OpTerm>
</RootTerm>
</CondStmnt>
<CondStmnt CovItemId="S91" CovItemPrefix="cabra.CardCreatorPanel.java" Intrnl_Id="6924">
<Branch CovItemId="B5" CovItemPrefix="cabra.CardCreatorPanel.java" Implct="false" Intrnl_Id="6925">
<Cond/>
<LocList>
<Loc EndOffset="9665" SrcFileId="56" StartOffset="9583"/>
</LocList>
<StmntSeq Intrnl_Id="6926">
<LocList>
<Loc EndOffset="9627" SrcFileId="56" StartOffset="9601"/>
<Loc EndOffset="9651" SrcFileId="56" StartOffset="9644"/>
</LocList>
<BasicStmnt CovItemId="S92" CovItemPrefix="cabra.CardCreatorPanel.java" Intrnl_Id="6927">
<LocList>
<Loc EndOffset="9627" SrcFileId="56" StartOffset="9601"/>
</LocList>
</BasicStmnt>
<BasicStmnt CovItemId="S93" CovItemPrefix="cabra.CardCreatorPanel.java" Intrnl_Id="6928">
<LocList>
<Loc EndOffset="9651" SrcFileId="56" StartOffset="9644"/>
</LocList>
</BasicStmnt>
</StmntSeq>
</Branch>
<Branch CovItemId="B6" CovItemPrefix="cabra.CardCreatorPanel.java" Implct="true" Intrnl_Id="6929">
<Cond/>
<LocList/>
<StmntSeq Intrnl_Id="6930">
<LocList/>
</StmntSeq>
</Branch>
<Keyword EndOffset="9557" SrcFileId="56" StartOffset="9555"/>
<LocList>
<Loc EndOffset="9665" SrcFileId="56" StartOffset="9555"/>
</LocList>
<RootTerm CovItemId="C3" CovItemPrefix="cabra.CardCreatorPanel.java" Intrnl_Id="6931">
<BasicBoolTerm Intrnl_Id="6932">
<LocList>
<Loc EndOffset="9582" SrcFileId="56" StartOffset="9558"/>
</LocList>
</BasicBoolTerm>
</RootTerm>
</CondStmnt>
<CondStmnt CovItemId="S94" CovItemPrefix="cabra.CardCreatorPanel.java" Intrnl_Id="6933">
<Branch CovItemId="B7" CovItemPrefix="cabra.CardCreatorPanel.java" Implct="false" Intrnl_Id="6934">
<Cond/>
<LocList>
<Loc EndOffset="9922" SrcFileId="56" StartOffset="9743"/>
</LocList>
<StmntSeq Intrnl_Id="6935">
<LocList>
<Loc EndOffset="9884" SrcFileId="56" StartOffset="9856"/>
<Loc EndOffset="9908" SrcFileId="56" StartOffset="9901"/>
</LocList>
<BasicStmnt CovItemId="S95" CovItemPrefix="cabra.CardCreatorPanel.java" Intrnl_Id="6936">
<LocList>
<Loc EndOffset="9884" SrcFileId="56" StartOffset="9856"/>
</LocList>
</BasicStmnt>
<BasicStmnt CovItemId="S96" CovItemPrefix="cabra.CardCreatorPanel.java" Intrnl_Id="6937">
<LocList>
<Loc EndOffset="9908" SrcFileId="56" StartOffset="9901"/>
</LocList>
</BasicStmnt>
</StmntSeq>
</Branch>
<Branch CovItemId="B8" CovItemPrefix="cabra.CardCreatorPanel.java" Implct="true" Intrnl_Id="6938">
<Cond/>
<LocList/>
<StmntSeq Intrnl_Id="6939">
<LocList/>
</StmntSeq>
</Branch>
<Keyword EndOffset="9693" SrcFileId="56" StartOffset="9691"/>
<LocList>
<Loc EndOffset="9922" SrcFileId="56" StartOffset="9691"/>
</LocList>
<RootTerm CovItemId="C4" CovItemPrefix="cabra.CardCreatorPanel.java" Intrnl_Id="6940">
<OpTerm BooleanOpId="61" Intrnl_Id="6941">
<BasicBoolTerm Intrnl_Id="6942">
<LocList>
<Loc EndOffset="9720" SrcFileId="56" StartOffset="9694"/>
</LocList>
</BasicBoolTerm>
<BasicBoolTerm Intrnl_Id="6943">
<LocList>
<Loc EndOffset="9742" SrcFileId="56" StartOffset="9724"/>
</LocList>
</BasicBoolTerm>
<LocList>
<Loc EndOffset="9723" SrcFileId="56" StartOffset="9721"/>
</LocList>
</OpTerm>
</RootTerm>
</CondStmnt>
<CondStmnt CovItemId="S97" CovItemPrefix="cabra.CardCreatorPanel.java" Intrnl_Id="6944">
<Branch CovItemId="B9" CovItemPrefix="cabra.CardCreatorPanel.java" Implct="false" Intrnl_Id="6945">
<Cond/>
<LocList>
<Loc EndOffset="10303" SrcFileId="56" StartOffset="10018"/>
</LocList>
<StmntSeq Intrnl_Id="6946">
<LocList>
<Loc EndOffset="10289" SrcFileId="56" StartOffset="10220"/>
</LocList>
<BasicStmnt CovItemId="S98" CovItemPrefix="cabra.CardCreatorPanel.java" Intrnl_Id="6947">
<LocList>
<Loc EndOffset="10289" SrcFileId="56" StartOffset="10220"/>
</LocList>
</BasicStmnt>
</StmntSeq>
</Branch>
<Branch CovItemId="B10" CovItemPrefix="cabra.CardCreatorPanel.java" Implct="false" Intrnl_Id="6948">
<Cond>
<Loc EndOffset="10320" SrcFileId="56" StartOffset="10316"/>
</Cond>
<LocList>
<Loc EndOffset="10442" SrcFileId="56" StartOffset="10320"/>
</LocList>
<StmntSeq Intrnl_Id="6949">
<LocList>
<Loc EndOffset="10428" SrcFileId="56" StartOffset="10367"/>
</LocList>
<BasicStmnt CovItemId="S99" CovItemPrefix="cabra.CardCreatorPanel.java" Intrnl_Id="6950">
<LocList>
<Loc EndOffset="10428" SrcFileId="56" StartOffset="10367"/>
</LocList>
</BasicStmnt>
</StmntSeq>
</Branch>
<Keyword EndOffset="9989" SrcFileId="56" StartOffset="9987"/>
<LocList>
<Loc EndOffset="10442" SrcFileId="56" StartOffset="9987"/>
</LocList>
<RootTerm CovItemId="C5" CovItemPrefix="cabra.CardCreatorPanel.java" Intrnl_Id="6951">
<BasicBoolTerm Intrnl_Id="6952">
<LocList>
<Loc EndOffset="10017" SrcFileId="56" StartOffset="9990"/>
</LocList>
</BasicBoolTerm>
</RootTerm>
</CondStmnt>
<BasicStmnt CovItemId="S100" CovItemPrefix="cabra.CardCreatorPanel.java" Intrnl_Id="6953">
<LocList>
<Loc EndOffset="10524" SrcFileId="56" StartOffset="10510"/>
</LocList>
</BasicStmnt>
</StmntSeq>
</HierarchyLvl>
</HierarchyLvl>
<HierarchyLvl HierarchyLvlId="1819" HierarchyLvlTypeId="66" Intrnl_Id="6954" Name="ImageChooser">
<Header>
<Loc EndOffset="10632" SrcFileId="56" StartOffset="10591"/>
</Header>
<LocList>
<Loc EndOffset="11076" SrcFileId="56" StartOffset="10591"/>
</LocList>
<HierarchyLvl HierarchyLvlId="1818" HierarchyLvlTypeId="67" Intrnl_Id="6955" Name="ImageChooser">
<Header>
<Loc EndOffset="10720" SrcFileId="56" StartOffset="10647"/>
</Header>
<LocList>
<Loc EndOffset="11070" SrcFileId="56" StartOffset="10647"/>
</LocList>
<StmntSeq Intrnl_Id="6956">
<LocList>
<Loc EndOffset="10790" SrcFileId="56" StartOffset="10734"/>
<Loc EndOffset="10893" SrcFileId="56" StartOffset="10855"/>
<Loc EndOffset="10934" SrcFileId="56" StartOffset="10906"/>
<Loc EndOffset="10974" SrcFileId="56" StartOffset="10947"/>
<Loc EndOffset="11013" SrcFileId="56" StartOffset="11000"/>
<Loc EndOffset="11047" SrcFileId="56" StartOffset="11026"/>
</LocList>
<BasicStmnt CovItemId="S101" CovItemPrefix="cabra.CardCreatorPanel.java" Intrnl_Id="6957">
<LocList>
<Loc EndOffset="10790" SrcFileId="56" StartOffset="10734"/>
</LocList>
</BasicStmnt>
<BasicStmnt CovItemId="S102" CovItemPrefix="cabra.CardCreatorPanel.java" Intrnl_Id="6958">
<LocList>
<Loc EndOffset="10893" SrcFileId="56" StartOffset="10855"/>
</LocList>
</BasicStmnt>
<BasicStmnt CovItemId="S103" CovItemPrefix="cabra.CardCreatorPanel.java" Intrnl_Id="6959">
<LocList>
<Loc EndOffset="10934" SrcFileId="56" StartOffset="10906"/>
</LocList>
</BasicStmnt>
<BasicStmnt CovItemId="S104" CovItemPrefix="cabra.CardCreatorPanel.java" Intrnl_Id="6960">
<LocList>
<Loc EndOffset="10974" SrcFileId="56" StartOffset="10947"/>
</LocList>
</BasicStmnt>
<BasicStmnt CovItemId="S105" CovItemPrefix="cabra.CardCreatorPanel.java" Intrnl_Id="6961">
<LocList>
<Loc EndOffset="11013" SrcFileId="56" StartOffset="11000"/>
</LocList>
</BasicStmnt>
<BasicStmnt CovItemId="S106" CovItemPrefix="cabra.CardCreatorPanel.java" Intrnl_Id="6962">
<LocList>
<Loc EndOffset="11047" SrcFileId="56" StartOffset="11026"/>
</LocList>
</BasicStmnt>
</StmntSeq>
</HierarchyLvl>
</HierarchyLvl>
<HierarchyLvl HierarchyLvlId="1823" HierarchyLvlTypeId="66" Intrnl_Id="6963" Name="PicturePreview">
<Header>
<Loc EndOffset="11129" SrcFileId="56" StartOffset="11086"/>
</Header>
<LocList>
<Loc EndOffset="12688" SrcFileId="56" StartOffset="11086"/>
</LocList>
<HierarchyLvl HierarchyLvlId="1820" HierarchyLvlTypeId="67" Intrnl_Id="6964" Name="PicturePreview">
<Header>
<Loc EndOffset="11317" SrcFileId="56" StartOffset="11294"/>
</Header>
<LocList>
<Loc EndOffset="11393" SrcFileId="56" StartOffset="11294"/>
</LocList>
<StmntSeq Intrnl_Id="6965">
<LocList>
<Loc EndOffset="11383" SrcFileId="56" StartOffset="11331"/>
</LocList>
<BasicStmnt CovItemId="S107" CovItemPrefix="cabra.CardCreatorPanel.java" Intrnl_Id="6966">
<LocList>
<Loc EndOffset="11383" SrcFileId="56" StartOffset="11331"/>
</LocList>
</BasicStmnt>
</StmntSeq>
</HierarchyLvl>
<HierarchyLvl HierarchyLvlId="1821" HierarchyLvlTypeId="67" Intrnl_Id="6967" Name="updatePicture">
<Header>
<Loc EndOffset="11546" SrcFileId="56" StartOffset="11504"/>
</Header>
<LocList>
<Loc EndOffset="11625" SrcFileId="56" StartOffset="11504"/>
</LocList>
<StmntSeq Intrnl_Id="6968">
<LocList>
<Loc EndOffset="11579" SrcFileId="56" StartOffset="11560"/>
<Loc EndOffset="11615" SrcFileId="56" StartOffset="11605"/>
</LocList>
<BasicStmnt CovItemId="S108" CovItemPrefix="cabra.CardCreatorPanel.java" Intrnl_Id="6969">
<LocList>
<Loc EndOffset="11579" SrcFileId="56" StartOffset="11560"/>
</LocList>
</BasicStmnt>
<BasicStmnt CovItemId="S109" CovItemPrefix="cabra.CardCreatorPanel.java" Intrnl_Id="6970">
<LocList>
<Loc EndOffset="11615" SrcFileId="56" StartOffset="11605"/>
</LocList>
</BasicStmnt>
</StmntSeq>
</HierarchyLvl>
<HierarchyLvl HierarchyLvlId="1822" HierarchyLvlTypeId="67" Intrnl_Id="6971" Name="paintComponent">
<Header>
<Loc EndOffset="11699" SrcFileId="56" StartOffset="11643"/>
</Header>
<LocList>
<Loc EndOffset="12673" SrcFileId="56" StartOffset="11643"/>
</LocList>
<StmntSeq Intrnl_Id="6972">
<LocList>
<Loc EndOffset="11737" SrcFileId="56" StartOffset="11713"/>
<Loc EndOffset="12663" SrcFileId="56" StartOffset="11751"/>
</LocList>
<BasicStmnt CovItemId="S110" CovItemPrefix="cabra.CardCreatorPanel.java" Intrnl_Id="6973">
<LocList>
<Loc EndOffset="11737" SrcFileId="56" StartOffset="11713"/>
</LocList>
</BasicStmnt>
<CondStmnt CovItemId="S111" CovItemPrefix="cabra.CardCreatorPanel.java" Intrnl_Id="6974">
<Branch CovItemId="B11" CovItemPrefix="cabra.CardCreatorPanel.java" Implct="false" Intrnl_Id="6975">
<Cond/>
<LocList>
<Loc EndOffset="11938" SrcFileId="56" StartOffset="11768"/>
</LocList>
<StmntSeq Intrnl_Id="6976">
<LocList>
<Loc EndOffset="11924" SrcFileId="56" StartOffset="11872"/>
</LocList>
<BasicStmnt CovItemId="S112" CovItemPrefix="cabra.CardCreatorPanel.java" Intrnl_Id="6977">
<LocList>
<Loc EndOffset="11924" SrcFileId="56" StartOffset="11872"/>
</LocList>
</BasicStmnt>
</StmntSeq>
</Branch>
<Branch CovItemId="B12" CovItemPrefix="cabra.CardCreatorPanel.java" Implct="false" Intrnl_Id="6978">
<Cond>
<Loc EndOffset="11955" SrcFileId="56" StartOffset="11951"/>
</Cond>
<LocList>
<Loc EndOffset="12663" SrcFileId="56" StartOffset="11955"/>
</LocList>
<StmntSeq Intrnl_Id="6979">
<LocList>
<Loc EndOffset="12092" SrcFileId="56" StartOffset="12026"/>
<Loc EndOffset="12149" SrcFileId="56" StartOffset="12111"/>
<Loc EndOffset="12206" SrcFileId="56" StartOffset="12166"/>
<Loc EndOffset="12329" SrcFileId="56" StartOffset="12281"/>
<Loc EndOffset="12394" SrcFileId="56" StartOffset="12346"/>
<Loc EndOffset="12593" SrcFileId="56" StartOffset="12521"/>
</LocList>
<BasicStmnt CovItemId="S113" CovItemPrefix="cabra.CardCreatorPanel.java" Intrnl_Id="6980">
<LocList>
<Loc EndOffset="12092" SrcFileId="56" StartOffset="12026"/>
</LocList>
</BasicStmnt>
<BasicStmnt CovItemId="S114" CovItemPrefix="cabra.CardCreatorPanel.java" Intrnl_Id="6981">
<LocList>
<Loc EndOffset="12149" SrcFileId="56" StartOffset="12111"/>
</LocList>
</BasicStmnt>
<BasicStmnt CovItemId="S115" CovItemPrefix="cabra.CardCreatorPanel.java" Intrnl_Id="6982">
<LocList>
<Loc EndOffset="12206" SrcFileId="56" StartOffset="12166"/>
</LocList>
</BasicStmnt>
<BasicStmnt CovItemId="S116" CovItemPrefix="cabra.CardCreatorPanel.java" Intrnl_Id="6983">
<LocList>
<Loc EndOffset="12329" SrcFileId="56" StartOffset="12281"/>
</LocList>
</BasicStmnt>
<BasicStmnt CovItemId="S117" CovItemPrefix="cabra.CardCreatorPanel.java" Intrnl_Id="6984">
<LocList>
<Loc EndOffset="12394" SrcFileId="56" StartOffset="12346"/>
</LocList>
</BasicStmnt>
<BasicStmnt CovItemId="S118" CovItemPrefix="cabra.CardCreatorPanel.java" Intrnl_Id="6985">
<LocList>
<Loc EndOffset="12593" SrcFileId="56" StartOffset="12521"/>
</LocList>
</BasicStmnt>
</StmntSeq>
</Branch>
<Keyword EndOffset="11753" SrcFileId="56" StartOffset="11751"/>
<LocList>
<Loc EndOffset="12663" SrcFileId="56" StartOffset="11751"/>
</LocList>
<RootTerm CovItemId="C6" CovItemPrefix="cabra.CardCreatorPanel.java" Intrnl_Id="6986">
<BasicBoolTerm Intrnl_Id="6987">
<LocList>
<Loc EndOffset="11767" SrcFileId="56" StartOffset="11754"/>
</LocList>
</BasicBoolTerm>
</RootTerm>
</CondStmnt>
</StmntSeq>
</HierarchyLvl>
</HierarchyLvl>
</HierarchyLvl>
<HierarchyLvl HierarchyLvlId="1851" HierarchyLvlTypeId="66" Intrnl_Id="6988" Name="Card">
<Header>
<Loc EndOffset="219" SrcFileId="57" StartOffset="187"/>
</Header>
<LocList>
<Loc EndOffset="8094" SrcFileId="57" StartOffset="187"/>
</LocList>
<StmntSeq Intrnl_Id="6989">
<LocList>
<Loc EndOffset="559" SrcFileId="57" StartOffset="508"/>
<Loc EndOffset="655" SrcFileId="57" StartOffset="611"/>
<Loc EndOffset="732" SrcFileId="57" StartOffset="679"/>
<Loc EndOffset="842" SrcFileId="57" StartOffset="800"/>
</LocList>
<BasicStmnt CovItemId="S1" CovItemPrefix="cabra.Card.java" Intrnl_Id="6990">
<LocList>
<Loc EndOffset="559" SrcFileId="57" StartOffset="508"/>
</LocList>
</BasicStmnt>
<BasicStmnt CovItemId="S2" CovItemPrefix="cabra.Card.java" Intrnl_Id="6991">
<LocList>
<Loc EndOffset="655" SrcFileId="57" StartOffset="611"/>
</LocList>
</BasicStmnt>
<BasicStmnt CovItemId="S3" CovItemPrefix="cabra.Card.java" Intrnl_Id="6992">
<LocList>
<Loc EndOffset="732" SrcFileId="57" StartOffset="679"/>
</LocList>
</BasicStmnt>
<BasicStmnt CovItemId="S4" CovItemPrefix="cabra.Card.java" Intrnl_Id="6993">
<LocList>
<Loc EndOffset="842" SrcFileId="57" StartOffset="800"/>
</LocList>
</BasicStmnt>
</StmntSeq>
<HierarchyLvl HierarchyLvlId="1825" HierarchyLvlTypeId="67" Intrnl_Id="6994" Name="Card">
<Header>
<Loc EndOffset="1079" SrcFileId="57" StartOffset="983"/>
</Header>
<LocList>
<Loc EndOffset="1276" SrcFileId="57" StartOffset="983"/>
</LocList>
<StmntSeq Intrnl_Id="6995">
<LocList>
<Loc EndOffset="1107" SrcFileId="57" StartOffset="1089"/>
<Loc EndOffset="1149" SrcFileId="57" StartOffset="1116"/>
<Loc EndOffset="1196" SrcFileId="57" StartOffset="1167"/>
<Loc EndOffset="1230" SrcFileId="57" StartOffset="1205"/>
<Loc EndOffset="1270" SrcFileId="57" StartOffset="1239"/>
</LocList>
<BasicStmnt CovItemId="S5" CovItemPrefix="cabra.Card.java" Intrnl_Id="6996">
<LocList>
<Loc EndOffset="1107" SrcFileId="57" StartOffset="1089"/>
</LocList>
</BasicStmnt>
<BasicStmnt CovItemId="S6" CovItemPrefix="cabra.Card.java" Intrnl_Id="6997">
<LocList>
<Loc EndOffset="1149" SrcFileId="57" StartOffset="1116"/>
</LocList>
</BasicStmnt>
<BasicStmnt CovItemId="S7" CovItemPrefix="cabra.Card.java" Intrnl_Id="6998">
<LocList>
<Loc EndOffset="1196" SrcFileId="57" StartOffset="1167"/>
</LocList>
</BasicStmnt>
<BasicStmnt CovItemId="S8" CovItemPrefix="cabra.Card.java" Intrnl_Id="6999">
<LocList>
<Loc EndOffset="1230" SrcFileId="57" StartOffset="1205"/>
</LocList>
</BasicStmnt>
<BasicStmnt CovItemId="S9" CovItemPrefix="cabra.Card.java" Intrnl_Id="7000">
<LocList>
<Loc EndOffset="1270" SrcFileId="57" StartOffset="1239"/>
</LocList>
</BasicStmnt>
</StmntSeq>
</HierarchyLvl>
<HierarchyLvl HierarchyLvlId="1826" HierarchyLvlTypeId="67" Intrnl_Id="7001" Name="Card">
<Header>
<Loc EndOffset="1363" SrcFileId="57" StartOffset="1288"/>
</Header>
<LocList>
<Loc EndOffset="1437" SrcFileId="57" StartOffset="1288"/>
</LocList>
<StmntSeq Intrnl_Id="7002">
<LocList>
<Loc EndOffset="1431" SrcFileId="57" StartOffset="1373"/>
</LocList>
<BasicStmnt CovItemId="S10" CovItemPrefix="cabra.Card.java" Intrnl_Id="7003">
<LocList>
<Loc EndOffset="1431" SrcFileId="57" StartOffset="1373"/>
</LocList>
</BasicStmnt>
</StmntSeq>
</HierarchyLvl>
<HierarchyLvl HierarchyLvlId="1827" HierarchyLvlTypeId="67" Intrnl_Id="7004" Name="Card">
<Header>
<Loc EndOffset="1508" SrcFileId="57" StartOffset="1447"/>
</Header>
<LocList>
<Loc EndOffset="1580" SrcFileId="57" StartOffset="1447"/>
</LocList>
<StmntSeq Intrnl_Id="7005">
<LocList>
<Loc EndOffset="1574" SrcFileId="57" StartOffset="1518"/>
</LocList>
<BasicStmnt CovItemId="S11" CovItemPrefix="cabra.Card.java" Intrnl_Id="7006">
<LocList>
<Loc EndOffset="1574" SrcFileId="57" StartOffset="1518"/>
</LocList>
</BasicStmnt>
</StmntSeq>
</HierarchyLvl>
<HierarchyLvl HierarchyLvlId="1828" HierarchyLvlTypeId="67" Intrnl_Id="7007" Name="Card">
<Header>
<Loc EndOffset="1632" SrcFileId="57" StartOffset="1590"/>
</Header>
<LocList>
<Loc EndOffset="1688" SrcFileId="57" StartOffset="1590"/>
</LocList>
<StmntSeq Intrnl_Id="7008">
<LocList>
<Loc EndOffset="1682" SrcFileId="57" StartOffset="1642"/>
</LocList>
<BasicStmnt CovItemId="S12" CovItemPrefix="cabra.Card.java" Intrnl_Id="7009">
<LocList>
<Loc EndOffset="1682" SrcFileId="57" StartOffset="1642"/>
</LocList>
</BasicStmnt>
</StmntSeq>
</HierarchyLvl>
<HierarchyLvl HierarchyLvlId="1829" HierarchyLvlTypeId="67" Intrnl_Id="7010" Name="trimPictureFile">
<Header>
<Loc EndOffset="1732" SrcFileId="57" StartOffset="1703"/>
</Header>
<LocList>
<Loc EndOffset="1926" SrcFileId="57" StartOffset="1703"/>
</LocList>
<StmntSeq Intrnl_Id="7011">
<LocList>
<Loc EndOffset="1866" SrcFileId="57" StartOffset="1829"/>
<Loc EndOffset="1912" SrcFileId="57" StartOffset="1875"/>
</LocList>
<BasicStmnt CovItemId="S13" CovItemPrefix="cabra.Card.java" Intrnl_Id="7012">
<LocList>
<Loc EndOffset="1866" SrcFileId="57" StartOffset="1829"/>
</LocList>
</BasicStmnt>
<BasicStmnt CovItemId="S14" CovItemPrefix="cabra.Card.java" Intrnl_Id="7013">
<LocList>
<Loc EndOffset="1912" SrcFileId="57" StartOffset="1875"/>
</LocList>
</BasicStmnt>
</StmntSeq>
</HierarchyLvl>
<HierarchyLvl HierarchyLvlId="1830" HierarchyLvlTypeId="67" Intrnl_Id="7014" Name="hasPicture">
<Header>
<Loc EndOffset="2077" SrcFileId="57" StartOffset="2050"/>
</Header>
<LocList>
<Loc EndOffset="2139" SrcFileId="57" StartOffset="2050"/>
</LocList>
<StmntSeq Intrnl_Id="7015">
<LocList>
<Loc EndOffset="2133" SrcFileId="57" StartOffset="2087"/>
</LocList>
<BasicStmnt CovItemId="S15" CovItemPrefix="cabra.Card.java" Intrnl_Id="7016">
<LocList>
<Loc EndOffset="2133" SrcFileId="57" StartOffset="2087"/>
</LocList>
</BasicStmnt>
</StmntSeq>
</HierarchyLvl>
<HierarchyLvl HierarchyLvlId="1831" HierarchyLvlTypeId="67" Intrnl_Id="7017" Name="setStatus">
<Header>
<Loc EndOffset="2210" SrcFileId="57" StartOffset="2174"/>
</Header>
<LocList>
<Loc EndOffset="2427" SrcFileId="57" StartOffset="2174"/>
</LocList>
<StmntSeq Intrnl_Id="7018">
<LocList>
<Loc EndOffset="2311" SrcFileId="57" StartOffset="2290"/>
<Loc EndOffset="2357" SrcFileId="57" StartOffset="2320"/>
</LocList>
<BasicStmnt CovItemId="S16" CovItemPrefix="cabra.Card.java" Intrnl_Id="7019">
<LocList>
<Loc EndOffset="2311" SrcFileId="57" StartOffset="2290"/>
</LocList>
</BasicStmnt>
<BasicStmnt CovItemId="S17" CovItemPrefix="cabra.Card.java" Intrnl_Id="7020">
<LocList>
<Loc EndOffset="2357" SrcFileId="57" StartOffset="2320"/>
</LocList>
</BasicStmnt>
</StmntSeq>
</HierarchyLvl>
<HierarchyLvl HierarchyLvlId="1832" HierarchyLvlTypeId="67" Intrnl_Id="7021" Name="getStatus">
<Header>
<Loc EndOffset="2462" SrcFileId="57" StartOffset="2437"/>
</Header>
<LocList>
<Loc EndOffset="2497" SrcFileId="57" StartOffset="2437"/>
</LocList>
<StmntSeq Intrnl_Id="7022">
<LocList>
<Loc EndOffset="2491" SrcFileId="57" StartOffset="2472"/>
</LocList>
<BasicStmnt CovItemId="S18" CovItemPrefix="cabra.Card.java" Intrnl_Id="7023">
<LocList>
<Loc EndOffset="2491" SrcFileId="57" StartOffset="2472"/>
</LocList>
</BasicStmnt>
</StmntSeq>
</HierarchyLvl>
<HierarchyLvl HierarchyLvlId="1833" HierarchyLvlTypeId="67" Intrnl_Id="7024" Name="sessionsLeft">
<Header>
<Loc EndOffset="2532" SrcFileId="57" StartOffset="2507"/>
</Header>
<LocList>
<Loc EndOffset="2568" SrcFileId="57" StartOffset="2507"/>
</LocList>
<StmntSeq Intrnl_Id="7025">
<LocList>
<Loc EndOffset="2562" SrcFileId="57" StartOffset="2542"/>
</LocList>
<BasicStmnt CovItemId="S19" CovItemPrefix="cabra.Card.java" Intrnl_Id="7026">
<LocList>
<Loc EndOffset="2562" SrcFileId="57" StartOffset="2542"/>
</LocList>
</BasicStmnt>
</StmntSeq>
</HierarchyLvl>
<HierarchyLvl HierarchyLvlId="1834" HierarchyLvlTypeId="67" Intrnl_Id="7027" Name="isDueForStudying">
<Header>
<Loc EndOffset="2611" SrcFileId="57" StartOffset="2578"/>
</Header>
<LocList>
<Loc EndOffset="2652" SrcFileId="57" StartOffset="2578"/>
</LocList>
<StmntSeq Intrnl_Id="7028">
<LocList>
<Loc EndOffset="2646" SrcFileId="57" StartOffset="2621"/>
</LocList>
<BasicStmnt CovItemId="S20" CovItemPrefix="cabra.Card.java" Intrnl_Id="7029">
<LocList>
<Loc EndOffset="2646" SrcFileId="57" StartOffset="2621"/>
</LocList>
</BasicStmnt>
</StmntSeq>
</HierarchyLvl>
<HierarchyLvl HierarchyLvlId="1835" HierarchyLvlTypeId="67" Intrnl_Id="7030" Name="study">
<Header>
<Loc EndOffset="2825" SrcFileId="57" StartOffset="2782"/>
</Header>
<LocList>
<Loc EndOffset="3293" SrcFileId="57" StartOffset="2782"/>
</LocList>
<StmntSeq Intrnl_Id="7031">
<LocList>
<Loc EndOffset="3287" SrcFileId="57" StartOffset="2835"/>
</LocList>
<CondStmnt CovItemId="S21" CovItemPrefix="cabra.Card.java" Intrnl_Id="7032">
<Branch CovItemId="B1" CovItemPrefix="cabra.Card.java" Implct="false" Intrnl_Id="7033">
<Cond>
<Loc EndOffset="2871" SrcFileId="57" StartOffset="2863"/>
</Cond>
<LocList>
<Loc EndOffset="2972" SrcFileId="57" StartOffset="2920"/>
</LocList>
<StmntSeq Intrnl_Id="7034">
<LocList>
<Loc EndOffset="2949" SrcFileId="57" StartOffset="2920"/>
<Loc EndOffset="2972" SrcFileId="57" StartOffset="2966"/>
</LocList>
<BasicStmnt CovItemId="S22" CovItemPrefix="cabra.Card.java" Intrnl_Id="7035">
<LocList>
<Loc EndOffset="2949" SrcFileId="57" StartOffset="2920"/>
</LocList>
</BasicStmnt>
<BasicStmnt CovItemId="S23" CovItemPrefix="cabra.Card.java" Intrnl_Id="7036">
<LocList>
<Loc EndOffset="2972" SrcFileId="57" StartOffset="2966"/>
</LocList>
</BasicStmnt>
</StmntSeq>
</Branch>
<Branch CovItemId="B2" CovItemPrefix="cabra.Card.java" Implct="false" Intrnl_Id="7037">
<Cond>
<Loc EndOffset="2992" SrcFileId="57" StartOffset="2985"/>
</Cond>
<LocList>
<Loc EndOffset="3094" SrcFileId="57" StartOffset="3051"/>
</LocList>
<StmntSeq Intrnl_Id="7038">
<LocList>
<Loc EndOffset="3071" SrcFileId="57" StartOffset="3051"/>
<Loc EndOffset="3094" SrcFileId="57" StartOffset="3088"/>
</LocList>
<BasicStmnt CovItemId="S24" CovItemPrefix="cabra.Card.java" Intrnl_Id="7039">
<LocList>
<Loc EndOffset="3071" SrcFileId="57" StartOffset="3051"/>
</LocList>
</BasicStmnt>
<BasicStmnt CovItemId="S25" CovItemPrefix="cabra.Card.java" Intrnl_Id="7040">
<LocList>
<Loc EndOffset="3094" SrcFileId="57" StartOffset="3088"/>
</LocList>
</BasicStmnt>
</StmntSeq>
</Branch>
<Branch CovItemId="B3" CovItemPrefix="cabra.Card.java" Implct="false" Intrnl_Id="7041">
<Cond>
<Loc EndOffset="3119" SrcFileId="57" StartOffset="3107"/>
</Cond>
<LocList>
<Loc EndOffset="3228" SrcFileId="57" StartOffset="3172"/>
</LocList>
<StmntSeq Intrnl_Id="7042">
<LocList>
<Loc EndOffset="3205" SrcFileId="57" StartOffset="3172"/>
<Loc EndOffset="3228" SrcFileId="57" StartOffset="3222"/>
</LocList>
<BasicStmnt CovItemId="S26" CovItemPrefix="cabra.Card.java" Intrnl_Id="7043">
<LocList>
<Loc EndOffset="3205" SrcFileId="57" StartOffset="3172"/>
</LocList>
</BasicStmnt>
<BasicStmnt CovItemId="S27" CovItemPrefix="cabra.Card.java" Intrnl_Id="7044">
<LocList>
<Loc EndOffset="3228" SrcFileId="57" StartOffset="3222"/>
</LocList>
</BasicStmnt>
</StmntSeq>
</Branch>
<Branch CovItemId="B4" CovItemPrefix="cabra.Card.java" Implct="false" Intrnl_Id="7045">
<Cond>
<Loc EndOffset="3253" SrcFileId="57" StartOffset="3241"/>
</Cond>
<LocList>
<Loc EndOffset="3277" SrcFileId="57" StartOffset="3271"/>
</LocList>
<StmntSeq Intrnl_Id="7046">
<LocList>
<Loc EndOffset="3277" SrcFileId="57" StartOffset="3271"/>
</LocList>
<BasicStmnt CovItemId="S28" CovItemPrefix="cabra.Card.java" Intrnl_Id="7047">
<LocList>
<Loc EndOffset="3277" SrcFileId="57" StartOffset="3271"/>
</LocList>
</BasicStmnt>
</StmntSeq>
</Branch>
<Branch CovItemId="B5" CovItemPrefix="cabra.Card.java" Implct="true" Intrnl_Id="7048">
<Cond/>
<LocList/>
<StmntSeq Intrnl_Id="7049">
<LocList/>
</StmntSeq>
</Branch>
<Keyword EndOffset="2841" SrcFileId="57" StartOffset="2835"/>
<LocList>
<Loc EndOffset="3287" SrcFileId="57" StartOffset="2835"/>
</LocList>
</CondStmnt>
</StmntSeq>
</HierarchyLvl>
<HierarchyLvl HierarchyLvlId="1836" HierarchyLvlTypeId="67" Intrnl_Id="7050" Name="skip">
<Header>
<Loc EndOffset="3380" SrcFileId="57" StartOffset="3362"/>
</Header>
<LocList>
<Loc EndOffset="3444" SrcFileId="57" StartOffset="3362"/>
</LocList>
<StmntSeq Intrnl_Id="7051">
<LocList>
<Loc EndOffset="3438" SrcFileId="57" StartOffset="3390"/>
</LocList>
<CondStmnt CovItemId="S29" CovItemPrefix="cabra.Card.java" Intrnl_Id="7052">
<Branch CovItemId="B6" CovItemPrefix="cabra.Card.java" Implct="false" Intrnl_Id="7053">
<Cond/>
<LocList>
<Loc EndOffset="3438" SrcFileId="57" StartOffset="3423"/>
</LocList>
<StmntSeq Intrnl_Id="7054">
<LocList>
<Loc EndOffset="3438" SrcFileId="57" StartOffset="3423"/>
</LocList>
<BasicStmnt CovItemId="S30" CovItemPrefix="cabra.Card.java" Intrnl_Id="7055">
<LocList>
<Loc EndOffset="3438" SrcFileId="57" StartOffset="3423"/>
</LocList>
</BasicStmnt>
</StmntSeq>
</Branch>
<Branch CovItemId="B7" CovItemPrefix="cabra.Card.java" Implct="true" Intrnl_Id="7056">
<Cond/>
<LocList/>
<StmntSeq Intrnl_Id="7057">
<LocList/>
</StmntSeq>
</Branch>
<Keyword EndOffset="3392" SrcFileId="57" StartOffset="3390"/>
<LocList>
<Loc EndOffset="3438" SrcFileId="57" StartOffset="3390"/>
</LocList>
<RootTerm CovItemId="C1" CovItemPrefix="cabra.Card.java" Intrnl_Id="7058">
<BasicBoolTerm Intrnl_Id="7059">
<LocList>
<Loc EndOffset="3409" SrcFileId="57" StartOffset="3393"/>
</LocList>
</BasicBoolTerm>
</RootTerm>
</CondStmnt>
</StmntSeq>
</HierarchyLvl>
<HierarchyLvl HierarchyLvlId="1837" HierarchyLvlTypeId="67" Intrnl_Id="7060" Name="getQuestion">
<Header>
<Loc EndOffset="3477" SrcFileId="57" StartOffset="3450"/>
</Header>
<LocList>
<Loc EndOffset="3613" SrcFileId="57" StartOffset="3450"/>
</LocList>
<StmntSeq Intrnl_Id="7061">
<LocList>
<Loc EndOffset="3560" SrcFileId="57" StartOffset="3514"/>
<Loc EndOffset="3607" SrcFileId="57" StartOffset="3595"/>
</LocList>
<BasicStmnt CovItemId="S31" CovItemPrefix="cabra.Card.java" Intrnl_Id="7062">
<LocList>
<Loc EndOffset="3560" SrcFileId="57" StartOffset="3514"/>
</LocList>
</BasicStmnt>
<BasicStmnt CovItemId="S32" CovItemPrefix="cabra.Card.java" Intrnl_Id="7063">
<LocList>
<Loc EndOffset="3607" SrcFileId="57" StartOffset="3595"/>
</LocList>
</BasicStmnt>
</StmntSeq>
</HierarchyLvl>
<HierarchyLvl HierarchyLvlId="1838" HierarchyLvlTypeId="67" Intrnl_Id="7064" Name="getAnswer">
<Header>
<Loc EndOffset="3643" SrcFileId="57" StartOffset="3618"/>
</Header>
<LocList>
<Loc EndOffset="3756" SrcFileId="57" StartOffset="3618"/>
</LocList>
<StmntSeq Intrnl_Id="7065">
<LocList>
<Loc EndOffset="3690" SrcFileId="57" StartOffset="3653"/>
</LocList>
<BasicStmnt CovItemId="S33" CovItemPrefix="cabra.Card.java" Intrnl_Id="7066">
<LocList>
<Loc EndOffset="3690" SrcFileId="57" StartOffset="3653"/>
</LocList>
</BasicStmnt>
</StmntSeq>
</HierarchyLvl>
<HierarchyLvl HierarchyLvlId="1839" HierarchyLvlTypeId="67" Intrnl_Id="7067" Name="setQuestion">
<Header>
<Loc EndOffset="3802" SrcFileId="57" StartOffset="3766"/>
</Header>
<LocList>
<Loc EndOffset="3898" SrcFileId="57" StartOffset="3766"/>
</LocList>
<StmntSeq Intrnl_Id="7068">
<LocList>
<Loc EndOffset="3892" SrcFileId="57" StartOffset="3812"/>
</LocList>
<CondStmnt CovItemId="S34" CovItemPrefix="cabra.Card.java" Intrnl_Id="7069">
<Branch CovItemId="B8" CovItemPrefix="cabra.Card.java" Implct="false" Intrnl_Id="7070">
<Cond/>
<LocList>
<Loc EndOffset="3892" SrcFileId="57" StartOffset="3867"/>
</LocList>
<StmntSeq Intrnl_Id="7071">
<LocList>
<Loc EndOffset="3892" SrcFileId="57" StartOffset="3867"/>
</LocList>
<BasicStmnt CovItemId="S35" CovItemPrefix="cabra.Card.java" Intrnl_Id="7072">
<LocList>
<Loc EndOffset="3892" SrcFileId="57" StartOffset="3867"/>
</LocList>
</BasicStmnt>
</StmntSeq>
</Branch>
<Branch CovItemId="B9" CovItemPrefix="cabra.Card.java" Implct="true" Intrnl_Id="7073">
<Cond/>
<LocList/>
<StmntSeq Intrnl_Id="7074">
<LocList/>
</StmntSeq>
</Branch>
<Keyword EndOffset="3814" SrcFileId="57" StartOffset="3812"/>
<LocList>
<Loc EndOffset="3892" SrcFileId="57" StartOffset="3812"/>
</LocList>
<RootTerm CovItemId="C2" CovItemPrefix="cabra.Card.java" Intrnl_Id="7075">
<OpTerm BooleanOpId="61" Intrnl_Id="7076">
<BasicBoolTerm Intrnl_Id="7077">
<LocList>
<Loc EndOffset="3827" SrcFileId="57" StartOffset="3815"/>
</LocList>
</BasicBoolTerm>
<BasicBoolTerm Intrnl_Id="7078">
<LocList>
<Loc EndOffset="3853" SrcFileId="57" StartOffset="3831"/>
</LocList>
</BasicBoolTerm>
<LocList>
<Loc EndOffset="3830" SrcFileId="57" StartOffset="3828"/>
</LocList>
</OpTerm>
</RootTerm>
</CondStmnt>
</StmntSeq>
</HierarchyLvl>
<HierarchyLvl HierarchyLvlId="1840" HierarchyLvlTypeId="67" Intrnl_Id="7079" Name="setAnswer">
<Header>
<Loc EndOffset="3942" SrcFileId="57" StartOffset="3908"/>
</Header>
<LocList>
<Loc EndOffset="4037" SrcFileId="57" StartOffset="3908"/>
</LocList>
<StmntSeq Intrnl_Id="7080">
<LocList>
<Loc EndOffset="4030" SrcFileId="57" StartOffset="3952"/>
</LocList>
<CondStmnt CovItemId="S36" CovItemPrefix="cabra.Card.java" Intrnl_Id="7081">
<Branch CovItemId="B10" CovItemPrefix="cabra.Card.java" Implct="false" Intrnl_Id="7082">
<Cond/>
<LocList>
<Loc EndOffset="4030" SrcFileId="57" StartOffset="4007"/>
</LocList>
<StmntSeq Intrnl_Id="7083">
<LocList>
<Loc EndOffset="4030" SrcFileId="57" StartOffset="4007"/>
</LocList>
<BasicStmnt CovItemId="S37" CovItemPrefix="cabra.Card.java" Intrnl_Id="7084">
<LocList>
<Loc EndOffset="4030" SrcFileId="57" StartOffset="4007"/>
</LocList>
</BasicStmnt>
</StmntSeq>
</Branch>
<Branch CovItemId="B11" CovItemPrefix="cabra.Card.java" Implct="true" Intrnl_Id="7085">
<Cond/>
<LocList/>
<StmntSeq Intrnl_Id="7086">
<LocList/>
</StmntSeq>
</Branch>
<Keyword EndOffset="3954" SrcFileId="57" StartOffset="3952"/>
<LocList>
<Loc EndOffset="4030" SrcFileId="57" StartOffset="3952"/>
</LocList>
<RootTerm CovItemId="C3" CovItemPrefix="cabra.Card.java" Intrnl_Id="7087">
<OpTerm BooleanOpId="61" Intrnl_Id="7088">
<BasicBoolTerm Intrnl_Id="7089">
<LocList>
<Loc EndOffset="3967" SrcFileId="57" StartOffset="3955"/>
</LocList>
</BasicBoolTerm>
<BasicBoolTerm Intrnl_Id="7090">
<LocList>
<Loc EndOffset="3993" SrcFileId="57" StartOffset="3971"/>
</LocList>
</BasicBoolTerm>
<LocList>
<Loc EndOffset="3970" SrcFileId="57" StartOffset="3968"/>
</LocList>
</OpTerm>
</RootTerm>
</CondStmnt>
</StmntSeq>
</HierarchyLvl>
<HierarchyLvl HierarchyLvlId="1841" HierarchyLvlTypeId="67" Intrnl_Id="7091" Name="getPictureName">
<Header>
<Loc EndOffset="4077" SrcFileId="57" StartOffset="4047"/>
</Header>
<LocList>
<Loc EndOffset="4112" SrcFileId="57" StartOffset="4047"/>
</LocList>
<StmntSeq Intrnl_Id="7092">
<LocList>
<Loc EndOffset="4106" SrcFileId="57" StartOffset="4087"/>
</LocList>
<BasicStmnt CovItemId="S38" CovItemPrefix="cabra.Card.java" Intrnl_Id="7093">
<LocList>
<Loc EndOffset="4106" SrcFileId="57" StartOffset="4087"/>
</LocList>
</BasicStmnt>
</StmntSeq>
</HierarchyLvl>
<HierarchyLvl HierarchyLvlId="1842" HierarchyLvlTypeId="67" Intrnl_Id="7094" Name="getPictureFile">
<Header>
<Loc EndOffset="4150" SrcFileId="57" StartOffset="4122"/>
</Header>
<LocList>
<Loc EndOffset="4195" SrcFileId="57" StartOffset="4122"/>
</LocList>
<StmntSeq Intrnl_Id="7095">
<LocList>
<Loc EndOffset="4189" SrcFileId="57" StartOffset="4160"/>
</LocList>
<BasicStmnt CovItemId="S39" CovItemPrefix="cabra.Card.java" Intrnl_Id="7096">
<LocList>
<Loc EndOffset="4189" SrcFileId="57" StartOffset="4160"/>
</LocList>
</BasicStmnt>
</StmntSeq>
</HierarchyLvl>
<HierarchyLvl HierarchyLvlId="1843" HierarchyLvlTypeId="67" Intrnl_Id="7097" Name="setPictureName">
<Header>
<Loc EndOffset="4379" SrcFileId="57" StartOffset="4340"/>
</Header>
<LocList>
<Loc EndOffset="4418" SrcFileId="57" StartOffset="4340"/>
</LocList>
<StmntSeq Intrnl_Id="7098">
<LocList>
<Loc EndOffset="4412" SrcFileId="57" StartOffset="4388"/>
</LocList>
<BasicStmnt CovItemId="S40" CovItemPrefix="cabra.Card.java" Intrnl_Id="7099">
<LocList>
<Loc EndOffset="4412" SrcFileId="57" StartOffset="4388"/>
</LocList>
</BasicStmnt>
</StmntSeq>
</HierarchyLvl>
<HierarchyLvl HierarchyLvlId="1844" HierarchyLvlTypeId="67" Intrnl_Id="7100" Name="removePicture">
<Header>
<Loc EndOffset="4515" SrcFileId="57" StartOffset="4488"/>
</Header>
<LocList>
<Loc EndOffset="4570" SrcFileId="57" StartOffset="4488"/>
</LocList>
<StmntSeq Intrnl_Id="7101">
<LocList>
<Loc EndOffset="4564" SrcFileId="57" StartOffset="4525"/>
</LocList>
<BasicStmnt CovItemId="S41" CovItemPrefix="cabra.Card.java" Intrnl_Id="7102">
<LocList>
<Loc EndOffset="4564" SrcFileId="57" StartOffset="4525"/>
</LocList>
</BasicStmnt>
</StmntSeq>
</HierarchyLvl>
<HierarchyLvl HierarchyLvlId="1845" HierarchyLvlTypeId="67" Intrnl_Id="7103" Name="bringBackNewlines">
<Header>
<Loc EndOffset="4805" SrcFileId="57" StartOffset="4752"/>
</Header>
<LocList>
<Loc EndOffset="5006" SrcFileId="57" StartOffset="4752"/>
</LocList>
<StmntSeq Intrnl_Id="7104">
<LocList>
<Loc EndOffset="4978" SrcFileId="57" StartOffset="4908"/>
<Loc EndOffset="5000" SrcFileId="57" StartOffset="4987"/>
</LocList>
<BasicStmnt CovItemId="S42" CovItemPrefix="cabra.Card.java" Intrnl_Id="7105">
<LocList>
<Loc EndOffset="4978" SrcFileId="57" StartOffset="4908"/>
</LocList>
</BasicStmnt>
<BasicStmnt CovItemId="S43" CovItemPrefix="cabra.Card.java" Intrnl_Id="7106">
<LocList>
<Loc EndOffset="5000" SrcFileId="57" StartOffset="4987"/>
</LocList>
</BasicStmnt>
</StmntSeq>
</HierarchyLvl>
<HierarchyLvl HierarchyLvlId="1846" HierarchyLvlTypeId="67" Intrnl_Id="7107" Name="replaceNewlines">
<Header>
<Loc EndOffset="5245" SrcFileId="57" StartOffset="5194"/>
</Header>
<LocList>
<Loc EndOffset="5510" SrcFileId="57" StartOffset="5194"/>
</LocList>
<StmntSeq Intrnl_Id="7108">
<LocList>
<Loc EndOffset="5477" SrcFileId="57" StartOffset="5413"/>
<Loc EndOffset="5504" SrcFileId="57" StartOffset="5490"/>
</LocList>
<BasicStmnt CovItemId="S44" CovItemPrefix="cabra.Card.java" Intrnl_Id="7109">
<LocList>
<Loc EndOffset="5477" SrcFileId="57" StartOffset="5413"/>
</LocList>
</BasicStmnt>
<BasicStmnt CovItemId="S45" CovItemPrefix="cabra.Card.java" Intrnl_Id="7110">
<LocList>
<Loc EndOffset="5504" SrcFileId="57" StartOffset="5490"/>
</LocList>
</BasicStmnt>
</StmntSeq>
</HierarchyLvl>
<HierarchyLvl HierarchyLvlId="1847" HierarchyLvlTypeId="67" Intrnl_Id="7111" Name="createCardBasedOnText">
<Header>
<Loc EndOffset="5713" SrcFileId="57" StartOffset="5660"/>
</Header>
<LocList>
<Loc EndOffset="6548" SrcFileId="57" StartOffset="5660"/>
</LocList>
<StmntSeq Intrnl_Id="7112">
<LocList>
<Loc EndOffset="5831" SrcFileId="57" StartOffset="5787"/>
<Loc EndOffset="6067" SrcFileId="57" StartOffset="6015"/>
<Loc EndOffset="6328" SrcFileId="57" StartOffset="6081"/>
<Loc EndOffset="6366" SrcFileId="57" StartOffset="6354"/>
<Loc EndOffset="6542" SrcFileId="57" StartOffset="5723"/>
</LocList>
<BasicStmnt CovItemId="S47" CovItemPrefix="cabra.Card.java" Intrnl_Id="7113">
<LocList>
<Loc EndOffset="5831" SrcFileId="57" StartOffset="5787"/>
</LocList>
</BasicStmnt>
<BasicStmnt CovItemId="S48" CovItemPrefix="cabra.Card.java" Intrnl_Id="7114">
<LocList>
<Loc EndOffset="6067" SrcFileId="57" StartOffset="6015"/>
</LocList>
</BasicStmnt>
<BasicStmnt CovItemId="S49" CovItemPrefix="cabra.Card.java" Intrnl_Id="7115">
<LocList>
<Loc EndOffset="6328" SrcFileId="57" StartOffset="6081"/>
</LocList>
</BasicStmnt>
<BasicStmnt CovItemId="S50" CovItemPrefix="cabra.Card.java" Intrnl_Id="7116">
<LocList>
<Loc EndOffset="6366" SrcFileId="57" StartOffset="6354"/>
</LocList>
</BasicStmnt>
<CondStmnt CovItemId="S46" CovItemPrefix="cabra.Card.java" Intrnl_Id="7117">
<Branch CovItemId="B12" CovItemPrefix="cabra.Card.java" Implct="true" Intrnl_Id="7118">
<Cond/>
<LocList/>
<StmntSeq Intrnl_Id="7119">
<LocList/>
</StmntSeq>
</Branch>
<Branch CovItemId="B13" CovItemPrefix="cabra.Card.java" Implct="false" Intrnl_Id="7120">
<Cond>
<Loc EndOffset="6403" SrcFileId="57" StartOffset="6385"/>
</Cond>
<LocList>
<Loc EndOffset="6542" SrcFileId="57" StartOffset="6403"/>
</LocList>
<StmntSeq Intrnl_Id="7121">
<LocList>
<Loc EndOffset="6507" SrcFileId="57" StartOffset="6456"/>
<Loc EndOffset="6532" SrcFileId="57" StartOffset="6520"/>
</LocList>
<BasicStmnt CovItemId="S51" CovItemPrefix="cabra.Card.java" Intrnl_Id="7122">
<LocList>
<Loc EndOffset="6507" SrcFileId="57" StartOffset="6456"/>
</LocList>
</BasicStmnt>
<BasicStmnt CovItemId="S52" CovItemPrefix="cabra.Card.java" Intrnl_Id="7123">
<LocList>
<Loc EndOffset="6532" SrcFileId="57" StartOffset="6520"/>
</LocList>
</BasicStmnt>
</StmntSeq>
</Branch>
<Keyword EndOffset="5726" SrcFileId="57" StartOffset="5723"/>
<LocList>
<Loc EndOffset="6542" SrcFileId="57" StartOffset="5723"/>
</LocList>
</CondStmnt>
</StmntSeq>
</HierarchyLvl>
<HierarchyLvl HierarchyLvlId="1848" HierarchyLvlTypeId="67" Intrnl_Id="7124" Name="toString">
<Header>
<Loc EndOffset="6596" SrcFileId="57" StartOffset="6558"/>
</Header>
<LocList>
<Loc EndOffset="7027" SrcFileId="57" StartOffset="6558"/>
</LocList>
<StmntSeq Intrnl_Id="7125">
<LocList>
<Loc EndOffset="6848" SrcFileId="57" StartOffset="6648"/>
<Loc EndOffset="6947" SrcFileId="57" StartOffset="6918"/>
<Loc EndOffset="7021" SrcFileId="57" StartOffset="7009"/>
</LocList>
<BasicStmnt CovItemId="S53" CovItemPrefix="cabra.Card.java" Intrnl_Id="7126">
<LocList>
<Loc EndOffset="6848" SrcFileId="57" StartOffset="6648"/>
</LocList>
</BasicStmnt>
<BasicStmnt CovItemId="S54" CovItemPrefix="cabra.Card.java" Intrnl_Id="7127">
<LocList>
<Loc EndOffset="6947" SrcFileId="57" StartOffset="6918"/>
</LocList>
</BasicStmnt>
<BasicStmnt CovItemId="S55" CovItemPrefix="cabra.Card.java" Intrnl_Id="7128">
<LocList>
<Loc EndOffset="7021" SrcFileId="57" StartOffset="7009"/>
</LocList>
</BasicStmnt>
</StmntSeq>
</HierarchyLvl>
<HierarchyLvl HierarchyLvlId="1849" HierarchyLvlTypeId="67" Intrnl_Id="7129" Name="equals">
<Header>
<Loc EndOffset="7094" SrcFileId="57" StartOffset="7037"/>
</Header>
<LocList>
<Loc EndOffset="7654" SrcFileId="57" StartOffset="7037"/>
</LocList>
<StmntSeq Intrnl_Id="7130">
<LocList>
<Loc EndOffset="7143" SrcFileId="57" StartOffset="7112"/>
<Loc EndOffset="7207" SrcFileId="57" StartOffset="7160"/>
<Loc EndOffset="7282" SrcFileId="57" StartOffset="7258"/>
<Loc EndOffset="7333" SrcFileId="57" StartOffset="7303"/>
<Loc EndOffset="7579" SrcFileId="57" StartOffset="7354"/>
</LocList>
<CondStmnt CovItemId="S56" CovItemPrefix="cabra.Card.java" Intrnl_Id="7131">
<Branch CovItemId="B14" CovItemPrefix="cabra.Card.java" Implct="false" Intrnl_Id="7132">
<Cond/>
<LocList>
<Loc EndOffset="7143" SrcFileId="57" StartOffset="7130"/>
</LocList>
<StmntSeq Intrnl_Id="7133">
<LocList>
<Loc EndOffset="7143" SrcFileId="57" StartOffset="7130"/>
</LocList>
<BasicStmnt CovItemId="S57" CovItemPrefix="cabra.Card.java" Intrnl_Id="7134">
<LocList>
<Loc EndOffset="7143" SrcFileId="57" StartOffset="7130"/>
</LocList>
</BasicStmnt>
</StmntSeq>
</Branch>
<Branch CovItemId="B15" CovItemPrefix="cabra.Card.java" Implct="true" Intrnl_Id="7135">
<Cond/>
<LocList/>
<StmntSeq Intrnl_Id="7136">
<LocList/>
</StmntSeq>
</Branch>
<Keyword EndOffset="7114" SrcFileId="57" StartOffset="7112"/>
<LocList>
<Loc EndOffset="7143" SrcFileId="57" StartOffset="7112"/>
</LocList>
<RootTerm CovItemId="C4" CovItemPrefix="cabra.Card.java" Intrnl_Id="7137">
<BasicBoolTerm Intrnl_Id="7138">
<LocList>
<Loc EndOffset="7128" SrcFileId="57" StartOffset="7115"/>
</LocList>
</BasicBoolTerm>
</RootTerm>
</CondStmnt>
<CondStmnt CovItemId="S58" CovItemPrefix="cabra.Card.java" Intrnl_Id="7139">
<Branch CovItemId="B16" CovItemPrefix="cabra.Card.java" Implct="false" Intrnl_Id="7140">
<Cond/>
<LocList>
<Loc EndOffset="7207" SrcFileId="57" StartOffset="7194"/>
</LocList>
<StmntSeq Intrnl_Id="7141">
<LocList>
<Loc EndOffset="7207" SrcFileId="57" StartOffset="7194"/>
</LocList>
<BasicStmnt CovItemId="S59" CovItemPrefix="cabra.Card.java" Intrnl_Id="7142">
<LocList>
<Loc EndOffset="7207" SrcFileId="57" StartOffset="7194"/>
</LocList>
</BasicStmnt>
</StmntSeq>
</Branch>
<Branch CovItemId="B17" CovItemPrefix="cabra.Card.java" Implct="true" Intrnl_Id="7143">
<Cond/>
<LocList/>
<StmntSeq Intrnl_Id="7144">
<LocList/>
</StmntSeq>
</Branch>
<Keyword EndOffset="7162" SrcFileId="57" StartOffset="7160"/>
<LocList>
<Loc EndOffset="7207" SrcFileId="57" StartOffset="7160"/>
</LocList>
<RootTerm CovItemId="C5" CovItemPrefix="cabra.Card.java" Intrnl_Id="7145">
<BasicBoolTerm Intrnl_Id="7146">
<LocList>
<Loc EndOffset="7193" SrcFileId="57" StartOffset="7163"/>
</LocList>
</BasicBoolTerm>
</RootTerm>
</CondStmnt>
<BasicStmnt CovItemId="S60" CovItemPrefix="cabra.Card.java" Intrnl_Id="7147">
<LocList>
<Loc EndOffset="7282" SrcFileId="57" StartOffset="7258"/>
</LocList>
</BasicStmnt>
<CondStmnt CovItemId="S61" CovItemPrefix="cabra.Card.java" Intrnl_Id="7148">
<Branch CovItemId="B18" CovItemPrefix="cabra.Card.java" Implct="false" Intrnl_Id="7149">
<Cond/>
<LocList>
<Loc EndOffset="7333" SrcFileId="57" StartOffset="7320"/>
</LocList>
<StmntSeq Intrnl_Id="7150">
<LocList>
<Loc EndOffset="7333" SrcFileId="57" StartOffset="7320"/>
</LocList>
<BasicStmnt CovItemId="S62" CovItemPrefix="cabra.Card.java" Intrnl_Id="7151">
<LocList>
<Loc EndOffset="7333" SrcFileId="57" StartOffset="7320"/>
</LocList>
</BasicStmnt>
</StmntSeq>
</Branch>
<Branch CovItemId="B19" CovItemPrefix="cabra.Card.java" Implct="true" Intrnl_Id="7152">
<Cond/>
<LocList/>
<StmntSeq Intrnl_Id="7153">
<LocList/>
</StmntSeq>
</Branch>
<Keyword EndOffset="7305" SrcFileId="57" StartOffset="7303"/>
<LocList>
<Loc EndOffset="7333" SrcFileId="57" StartOffset="7303"/>
</LocList>
<RootTerm CovItemId="C6" CovItemPrefix="cabra.Card.java" Intrnl_Id="7154">
<BasicBoolTerm Intrnl_Id="7155">
<LocList>
<Loc EndOffset="7318" SrcFileId="57" StartOffset="7306"/>
</LocList>
</BasicBoolTerm>
</RootTerm>
</CondStmnt>
<BasicStmnt CovItemId="S63" CovItemPrefix="cabra.Card.java" Intrnl_Id="7156">
<LocList>
<Loc EndOffset="7579" SrcFileId="57" StartOffset="7354"/>
</LocList>
</BasicStmnt>
</StmntSeq>
</HierarchyLvl>
<HierarchyLvl HierarchyLvlId="1850" HierarchyLvlTypeId="67" Intrnl_Id="7157" Name="hashCode">
<Header>
<Loc EndOffset="7695" SrcFileId="57" StartOffset="7660"/>
</Header>
<LocList>
<Loc EndOffset="8092" SrcFileId="57" StartOffset="7660"/>
</LocList>
<StmntSeq Intrnl_Id="7158">
<LocList>
<Loc EndOffset="7719" SrcFileId="57" StartOffset="7706"/>
<Loc EndOffset="7810" SrcFileId="57" StartOffset="7728"/>
<Loc EndOffset="7897" SrcFileId="57" StartOffset="7819"/>
<Loc EndOffset="7986" SrcFileId="57" StartOffset="7906"/>
<Loc EndOffset="8065" SrcFileId="57" StartOffset="7995"/>
<Loc EndOffset="8086" SrcFileId="57" StartOffset="8074"/>
</LocList>
<BasicStmnt CovItemId="S64" CovItemPrefix="cabra.Card.java" Intrnl_Id="7159">
<LocList>
<Loc EndOffset="7719" SrcFileId="57" StartOffset="7706"/>
</LocList>
</BasicStmnt>
<BasicStmnt CovItemId="S65" CovItemPrefix="cabra.Card.java" Intrnl_Id="7160">
<LocList>
<Loc EndOffset="7810" SrcFileId="57" StartOffset="7728"/>
</LocList>
<QMO CovItemId="Q0" CovItemPrefix="cabra.Card.java" Intrnl_Id="7161">
<LocList>
<Loc EndOffset="7773" SrcFileId="57" StartOffset="7748"/>
</LocList>
<QMO_E CovItemId="Q0-0" CovItemPrefix="cabra.Card.java" Intrnl_Id="7162">
<LocList>
<Loc EndOffset="7804" SrcFileId="57" StartOffset="7776"/>
</LocList>
</QMO_E>
<QMO_E CovItemId="Q0-1" CovItemPrefix="cabra.Card.java" Intrnl_Id="7163">
<LocList>
<Loc EndOffset="7808" SrcFileId="57" StartOffset="7807"/>
</LocList>
</QMO_E>
</QMO>
</BasicStmnt>
<BasicStmnt CovItemId="S66" CovItemPrefix="cabra.Card.java" Intrnl_Id="7164">
<LocList>
<Loc EndOffset="7897" SrcFileId="57" StartOffset="7819"/>
</LocList>
<QMO CovItemId="Q1" CovItemPrefix="cabra.Card.java" Intrnl_Id="7165">
<LocList>
<Loc EndOffset="7862" SrcFileId="57" StartOffset="7839"/>
</LocList>
<QMO_E CovItemId="Q1-0" CovItemPrefix="cabra.Card.java" Intrnl_Id="7166">
<LocList>
<Loc EndOffset="7891" SrcFileId="57" StartOffset="7865"/>
</LocList>
</QMO_E>
<QMO_E CovItemId="Q1-1" CovItemPrefix="cabra.Card.java" Intrnl_Id="7167">
<LocList>
<Loc EndOffset="7895" SrcFileId="57" StartOffset="7894"/>
</LocList>
</QMO_E>
</QMO>
</BasicStmnt>
<BasicStmnt CovItemId="S67" CovItemPrefix="cabra.Card.java" Intrnl_Id="7168">
<LocList>
<Loc EndOffset="7986" SrcFileId="57" StartOffset="7906"/>
</LocList>
<QMO CovItemId="Q2" CovItemPrefix="cabra.Card.java" Intrnl_Id="7169">
<LocList>
<Loc EndOffset="7950" SrcFileId="57" StartOffset="7926"/>
</LocList>
<QMO_E CovItemId="Q2-0" CovItemPrefix="cabra.Card.java" Intrnl_Id="7170">
<LocList>
<Loc EndOffset="7980" SrcFileId="57" StartOffset="7953"/>
</LocList>
</QMO_E>
<QMO_E CovItemId="Q2-1" CovItemPrefix="cabra.Card.java" Intrnl_Id="7171">
<LocList>
<Loc EndOffset="7984" SrcFileId="57" StartOffset="7983"/>
</LocList>
</QMO_E>
</QMO>
</BasicStmnt>
<BasicStmnt CovItemId="S68" CovItemPrefix="cabra.Card.java" Intrnl_Id="7172">
<LocList>
<Loc EndOffset="8065" SrcFileId="57" StartOffset="7995"/>
</LocList>
<QMO CovItemId="Q3" CovItemPrefix="cabra.Card.java" Intrnl_Id="7173">
<LocList>
<Loc EndOffset="8034" SrcFileId="57" StartOffset="8015"/>
</LocList>
<QMO_E CovItemId="Q3-0" CovItemPrefix="cabra.Card.java" Intrnl_Id="7174">
<LocList>
<Loc EndOffset="8059" SrcFileId="57" StartOffset="8037"/>
</LocList>
</QMO_E>
<QMO_E CovItemId="Q3-1" CovItemPrefix="cabra.Card.java" Intrnl_Id="7175">
<LocList>
<Loc EndOffset="8063" SrcFileId="57" StartOffset="8062"/>
</LocList>
</QMO_E>
</QMO>
</BasicStmnt>
<BasicStmnt CovItemId="S69" CovItemPrefix="cabra.Card.java" Intrnl_Id="7176">
<LocList>
<Loc EndOffset="8086" SrcFileId="57" StartOffset="8074"/>
</LocList>
</BasicStmnt>
</StmntSeq>
</HierarchyLvl>
</HierarchyLvl>
<HierarchyLvl HierarchyLvlId="1857" HierarchyLvlTypeId="66" Intrnl_Id="7177" Name="AnswerPanel">
<Header>
<Loc EndOffset="362" SrcFileId="58" StartOffset="299"/>
</Header>
<LocList>
<Loc EndOffset="2264" SrcFileId="58" StartOffset="299"/>
<Loc EndOffset="2833" SrcFileId="58" StartOffset="2831"/>
</LocList>
<HierarchyLvl HierarchyLvlId="1852" HierarchyLvlTypeId="67" Intrnl_Id="7178" Name="AnswerPanel">
<Header>
<Loc EndOffset="577" SrcFileId="58" StartOffset="506"/>
</Header>
<LocList>
<Loc EndOffset="677" SrcFileId="58" StartOffset="506"/>
</LocList>
<StmntSeq Intrnl_Id="7179">
<LocList>
<Loc EndOffset="620" SrcFileId="58" StartOffset="587"/>
<Loc EndOffset="671" SrcFileId="58" StartOffset="638"/>
</LocList>
<BasicStmnt CovItemId="S1" CovItemPrefix="cabra.AnswerPanel.java" Intrnl_Id="7180">
<LocList>
<Loc EndOffset="620" SrcFileId="58" StartOffset="587"/>
</LocList>
</BasicStmnt>
<BasicStmnt CovItemId="S2" CovItemPrefix="cabra.AnswerPanel.java" Intrnl_Id="7181">
<LocList>
<Loc EndOffset="671" SrcFileId="58" StartOffset="638"/>
</LocList>
</BasicStmnt>
</StmntSeq>
</HierarchyLvl>
<HierarchyLvl HierarchyLvlId="1853" HierarchyLvlTypeId="67" Intrnl_Id="7182" Name="focusTextField">
<Header>
<Loc EndOffset="715" SrcFileId="58" StartOffset="687"/>
</Header>
<LocList>
<Loc EndOffset="802" SrcFileId="58" StartOffset="687"/>
</LocList>
<StmntSeq Intrnl_Id="7183">
<LocList>
<Loc EndOffset="752" SrcFileId="58" StartOffset="725"/>
<Loc EndOffset="796" SrcFileId="58" StartOffset="761"/>
</LocList>
<BasicStmnt CovItemId="S3" CovItemPrefix="cabra.AnswerPanel.java" Intrnl_Id="7184">
<LocList>
<Loc EndOffset="752" SrcFileId="58" StartOffset="725"/>
</LocList>
</BasicStmnt>
<BasicStmnt CovItemId="S4" CovItemPrefix="cabra.AnswerPanel.java" Intrnl_Id="7185">
<LocList>
<Loc EndOffset="796" SrcFileId="58" StartOffset="761"/>
</LocList>
</BasicStmnt>
</StmntSeq>
</HierarchyLvl>
<HierarchyLvl HierarchyLvlId="1854" HierarchyLvlTypeId="67" Intrnl_Id="7186" Name="update">
<Header>
<Loc EndOffset="863" SrcFileId="58" StartOffset="812"/>
</Header>
<LocList>
<Loc EndOffset="2254" SrcFileId="58" StartOffset="812"/>
</LocList>
<StmntSeq Intrnl_Id="7187">
<LocList>
<Loc EndOffset="2224" SrcFileId="58" StartOffset="881"/>
</LocList>
<CondStmnt CovItemId="S5" CovItemPrefix="cabra.AnswerPanel.java" Intrnl_Id="7188">
<Branch CovItemId="B1" CovItemPrefix="cabra.AnswerPanel.java" Implct="false" Intrnl_Id="7189">
<Cond/>
<LocList>
<Loc EndOffset="962" SrcFileId="58" StartOffset="897"/>
</LocList>
<StmntSeq Intrnl_Id="7190">
<LocList/>
</StmntSeq>
</Branch>
<Branch CovItemId="B2" CovItemPrefix="cabra.AnswerPanel.java" Implct="false" Intrnl_Id="7191">
<Cond>
<Loc EndOffset="983" SrcFileId="58" StartOffset="979"/>
</Cond>
<LocList>
<Loc EndOffset="2224" SrcFileId="58" StartOffset="983"/>
</LocList>
<StmntSeq Intrnl_Id="7192">
<LocList>
<Loc EndOffset="1118" SrcFileId="58" StartOffset="1083"/>
<Loc EndOffset="1186" SrcFileId="58" StartOffset="1162"/>
<Loc EndOffset="1416" SrcFileId="58" StartOffset="1404"/>
<Loc EndOffset="1535" SrcFileId="58" StartOffset="1464"/>
<Loc EndOffset="1594" SrcFileId="58" StartOffset="1556"/>
<Loc EndOffset="1719" SrcFileId="58" StartOffset="1664"/>
<Loc EndOffset="1827" SrcFileId="58" StartOffset="1787"/>
<Loc EndOffset="1902" SrcFileId="58" StartOffset="1852"/>
<Loc EndOffset="1962" SrcFileId="58" StartOffset="1927"/>
<Loc EndOffset="2050" SrcFileId="58" StartOffset="2008"/>
<Loc EndOffset="2107" SrcFileId="58" StartOffset="2071"/>
<Loc EndOffset="2175" SrcFileId="58" StartOffset="2164"/>
<Loc EndOffset="2206" SrcFileId="58" StartOffset="2196"/>
</LocList>
<BasicStmnt CovItemId="S6" CovItemPrefix="cabra.AnswerPanel.java" Intrnl_Id="7193">
<LocList>
<Loc EndOffset="1118" SrcFileId="58" StartOffset="1083"/>
</LocList>
</BasicStmnt>
<BasicStmnt CovItemId="S7" CovItemPrefix="cabra.AnswerPanel.java" Intrnl_Id="7194">
<LocList>
<Loc EndOffset="1186" SrcFileId="58" StartOffset="1162"/>
</LocList>
</BasicStmnt>
<BasicStmnt CovItemId="S8" CovItemPrefix="cabra.AnswerPanel.java" Intrnl_Id="7195">
<LocList>
<Loc EndOffset="1416" SrcFileId="58" StartOffset="1404"/>
</LocList>
</BasicStmnt>
<BasicStmnt CovItemId="S9" CovItemPrefix="cabra.AnswerPanel.java" Intrnl_Id="7196">
<LocList>
<Loc EndOffset="1535" SrcFileId="58" StartOffset="1464"/>
</LocList>
</BasicStmnt>
<BasicStmnt CovItemId="S10" CovItemPrefix="cabra.AnswerPanel.java" Intrnl_Id="7197">
<LocList>
<Loc EndOffset="1594" SrcFileId="58" StartOffset="1556"/>
</LocList>
</BasicStmnt>
<BasicStmnt CovItemId="S11" CovItemPrefix="cabra.AnswerPanel.java" Intrnl_Id="7198">
<LocList>
<Loc EndOffset="1719" SrcFileId="58" StartOffset="1664"/>
</LocList>
</BasicStmnt>
<BasicStmnt CovItemId="S12" CovItemPrefix="cabra.AnswerPanel.java" Intrnl_Id="7199">
<LocList>
<Loc EndOffset="1827" SrcFileId="58" StartOffset="1787"/>
</LocList>
</BasicStmnt>
<BasicStmnt CovItemId="S13" CovItemPrefix="cabra.AnswerPanel.java" Intrnl_Id="7200">
<LocList>
<Loc EndOffset="1902" SrcFileId="58" StartOffset="1852"/>
</LocList>
</BasicStmnt>
<BasicStmnt CovItemId="S14" CovItemPrefix="cabra.AnswerPanel.java" Intrnl_Id="7201">
<LocList>
<Loc EndOffset="1962" SrcFileId="58" StartOffset="1927"/>
</LocList>
</BasicStmnt>
<BasicStmnt CovItemId="S15" CovItemPrefix="cabra.AnswerPanel.java" Intrnl_Id="7202">
<LocList>
<Loc EndOffset="2050" SrcFileId="58" StartOffset="2008"/>
</LocList>
</BasicStmnt>
<BasicStmnt CovItemId="S16" CovItemPrefix="cabra.AnswerPanel.java" Intrnl_Id="7203">
<LocList>
<Loc EndOffset="2107" SrcFileId="58" StartOffset="2071"/>
</LocList>
</BasicStmnt>
<BasicStmnt CovItemId="S17" CovItemPrefix="cabra.AnswerPanel.java" Intrnl_Id="7204">
<LocList>
<Loc EndOffset="2175" SrcFileId="58" StartOffset="2164"/>
</LocList>
</BasicStmnt>
<BasicStmnt CovItemId="S18" CovItemPrefix="cabra.AnswerPanel.java" Intrnl_Id="7205">
<LocList>
<Loc EndOffset="2206" SrcFileId="58" StartOffset="2196"/>
</LocList>
</BasicStmnt>
</StmntSeq>
</Branch>
<Keyword EndOffset="883" SrcFileId="58" StartOffset="881"/>
<LocList>
<Loc EndOffset="2224" SrcFileId="58" StartOffset="881"/>
</LocList>
<RootTerm CovItemId="C1" CovItemPrefix="cabra.AnswerPanel.java" Intrnl_Id="7206">
<BasicBoolTerm Intrnl_Id="7207">
<LocList>
<Loc EndOffset="896" SrcFileId="58" StartOffset="884"/>
</LocList>
</BasicBoolTerm>
</RootTerm>
</CondStmnt>
</StmntSeq>
</HierarchyLvl>
<HierarchyLvl HierarchyLvlId="1856" HierarchyLvlTypeId="66" Intrnl_Id="7208" Name="ShowAnswerListener">
<Header>
<Loc EndOffset="2322" SrcFileId="58" StartOffset="2264"/>
</Header>
<LocList>
<Loc EndOffset="2831" SrcFileId="58" StartOffset="2264"/>
</LocList>
<HierarchyLvl HierarchyLvlId="1855" HierarchyLvlTypeId="67" Intrnl_Id="7209" Name="actionPerformed">
<Header>
<Loc EndOffset="2374" SrcFileId="58" StartOffset="2332"/>
</Header>
<LocList>
<Loc EndOffset="2824" SrcFileId="58" StartOffset="2332"/>
</LocList>
<StmntSeq Intrnl_Id="7210">
<LocList>
<Loc EndOffset="2441" SrcFileId="58" StartOffset="2429"/>
<Loc EndOffset="2533" SrcFileId="58" StartOffset="2499"/>
<Loc EndOffset="2611" SrcFileId="58" StartOffset="2600"/>
<Loc EndOffset="2678" SrcFileId="58" StartOffset="2668"/>
<Loc EndOffset="2802" SrcFileId="58" StartOffset="2777"/>
</LocList>
<BasicStmnt CovItemId="S19" CovItemPrefix="cabra.AnswerPanel.java" Intrnl_Id="7211">
<LocList>
<Loc EndOffset="2441" SrcFileId="58" StartOffset="2429"/>
</LocList>
</BasicStmnt>
<BasicStmnt CovItemId="S20" CovItemPrefix="cabra.AnswerPanel.java" Intrnl_Id="7212">
<LocList>
<Loc EndOffset="2533" SrcFileId="58" StartOffset="2499"/>
</LocList>
</BasicStmnt>
<BasicStmnt CovItemId="S21" CovItemPrefix="cabra.AnswerPanel.java" Intrnl_Id="7213">
<LocList>
<Loc EndOffset="2611" SrcFileId="58" StartOffset="2600"/>
</LocList>
</BasicStmnt>
<BasicStmnt CovItemId="S22" CovItemPrefix="cabra.AnswerPanel.java" Intrnl_Id="7214">
<LocList>
<Loc EndOffset="2678" SrcFileId="58" StartOffset="2668"/>
</LocList>
</BasicStmnt>
<BasicStmnt CovItemId="S23" CovItemPrefix="cabra.AnswerPanel.java" Intrnl_Id="7215">
<LocList>
<Loc EndOffset="2802" SrcFileId="58" StartOffset="2777"/>
</LocList>
</BasicStmnt>
</StmntSeq>
</HierarchyLvl>
</HierarchyLvl>
</HierarchyLvl>
<HierarchyLvl HierarchyLvlId="1866" HierarchyLvlTypeId="66" Intrnl_Id="7216" Name="About">
<Header>
<Loc EndOffset="299" SrcFileId="59" StartOffset="281"/>
</Header>
<LocList>
<Loc EndOffset="3003" SrcFileId="59" StartOffset="281"/>
<Loc EndOffset="4456" SrcFileId="59" StartOffset="4454"/>
</LocList>
<StmntSeq Intrnl_Id="7217">
<LocList>
<Loc EndOffset="487" SrcFileId="59" StartOffset="435"/>
<Loc EndOffset="727" SrcFileId="59" StartOffset="601"/>
<Loc EndOffset="876" SrcFileId="59" StartOffset="810"/>
<Loc EndOffset="1044" SrcFileId="59" StartOffset="994"/>
<Loc EndOffset="1228" SrcFileId="59" StartOffset="1144"/>
<Loc EndOffset="1534" SrcFileId="59" StartOffset="1341"/>
<Loc EndOffset="1585" SrcFileId="59" StartOffset="1544"/>
<Loc EndOffset="1633" SrcFileId="59" StartOffset="1590"/>
</LocList>
<BasicStmnt CovItemId="S1" CovItemPrefix="cabra.About.java" Intrnl_Id="7218">
<LocList>
<Loc EndOffset="487" SrcFileId="59" StartOffset="435"/>
</LocList>
</BasicStmnt>
<BasicStmnt CovItemId="S2" CovItemPrefix="cabra.About.java" Intrnl_Id="7219">
<LocList>
<Loc EndOffset="727" SrcFileId="59" StartOffset="601"/>
</LocList>
</BasicStmnt>
<BasicStmnt CovItemId="S3" CovItemPrefix="cabra.About.java" Intrnl_Id="7220">
<LocList>
<Loc EndOffset="876" SrcFileId="59" StartOffset="810"/>
</LocList>
</BasicStmnt>
<BasicStmnt CovItemId="S4" CovItemPrefix="cabra.About.java" Intrnl_Id="7221">
<LocList>
<Loc EndOffset="1044" SrcFileId="59" StartOffset="994"/>
</LocList>
</BasicStmnt>
<BasicStmnt CovItemId="S5" CovItemPrefix="cabra.About.java" Intrnl_Id="7222">
<LocList>
<Loc EndOffset="1228" SrcFileId="59" StartOffset="1144"/>
</LocList>
</BasicStmnt>
<BasicStmnt CovItemId="S6" CovItemPrefix="cabra.About.java" Intrnl_Id="7223">
<LocList>
<Loc EndOffset="1534" SrcFileId="59" StartOffset="1341"/>
</LocList>
</BasicStmnt>
<BasicStmnt CovItemId="S7" CovItemPrefix="cabra.About.java" Intrnl_Id="7224">
<LocList>
<Loc EndOffset="1585" SrcFileId="59" StartOffset="1544"/>
</LocList>
</BasicStmnt>
<BasicStmnt CovItemId="S8" CovItemPrefix="cabra.About.java" Intrnl_Id="7225">
<LocList>
<Loc EndOffset="1633" SrcFileId="59" StartOffset="1590"/>
</LocList>
</BasicStmnt>
</StmntSeq>
<HierarchyLvl HierarchyLvlId="1858" HierarchyLvlTypeId="67" Intrnl_Id="7226" Name="createDialog">
<Header>
<Loc EndOffset="1844" SrcFileId="59" StartOffset="1799"/>
</Header>
<LocList>
<Loc EndOffset="2372" SrcFileId="59" StartOffset="1799"/>
</LocList>
<StmntSeq Intrnl_Id="7227">
<LocList>
<Loc EndOffset="1893" SrcFileId="59" StartOffset="1859"/>
<Loc EndOffset="1950" SrcFileId="59" StartOffset="1902"/>
<Loc EndOffset="2031" SrcFileId="59" StartOffset="1959"/>
<Loc EndOffset="2081" SrcFileId="59" StartOffset="2040"/>
<Loc EndOffset="2228" SrcFileId="59" StartOffset="2208"/>
<Loc EndOffset="2270" SrcFileId="59" StartOffset="2237"/>
<Loc EndOffset="2307" SrcFileId="59" StartOffset="2279"/>
<Loc EndOffset="2358" SrcFileId="59" StartOffset="2316"/>
</LocList>
<BasicStmnt CovItemId="S9" CovItemPrefix="cabra.About.java" Intrnl_Id="7228">
<LocList>
<Loc EndOffset="1893" SrcFileId="59" StartOffset="1859"/>
</LocList>
</BasicStmnt>
<BasicStmnt CovItemId="S10" CovItemPrefix="cabra.About.java" Intrnl_Id="7229">
<LocList>
<Loc EndOffset="1950" SrcFileId="59" StartOffset="1902"/>
</LocList>
</BasicStmnt>
<BasicStmnt CovItemId="S11" CovItemPrefix="cabra.About.java" Intrnl_Id="7230">
<LocList>
<Loc EndOffset="2031" SrcFileId="59" StartOffset="1959"/>
</LocList>
</BasicStmnt>
<BasicStmnt CovItemId="S12" CovItemPrefix="cabra.About.java" Intrnl_Id="7231">
<LocList>
<Loc EndOffset="2081" SrcFileId="59" StartOffset="2040"/>
</LocList>
</BasicStmnt>
<BasicStmnt CovItemId="S13" CovItemPrefix="cabra.About.java" Intrnl_Id="7232">
<LocList>
<Loc EndOffset="2228" SrcFileId="59" StartOffset="2208"/>
</LocList>
</BasicStmnt>
<BasicStmnt CovItemId="S14" CovItemPrefix="cabra.About.java" Intrnl_Id="7233">
<LocList>
<Loc EndOffset="2270" SrcFileId="59" StartOffset="2237"/>
</LocList>
</BasicStmnt>
<BasicStmnt CovItemId="S15" CovItemPrefix="cabra.About.java" Intrnl_Id="7234">
<LocList>
<Loc EndOffset="2307" SrcFileId="59" StartOffset="2279"/>
</LocList>
</BasicStmnt>
<BasicStmnt CovItemId="S16" CovItemPrefix="cabra.About.java" Intrnl_Id="7235">
<LocList>
<Loc EndOffset="2358" SrcFileId="59" StartOffset="2316"/>
</LocList>
</BasicStmnt>
</StmntSeq>
</HierarchyLvl>
<HierarchyLvl HierarchyLvlId="1859" HierarchyLvlTypeId="67" Intrnl_Id="7236" Name="showDialog">
<Header>
<Loc EndOffset="2580" SrcFileId="59" StartOffset="2537"/>
</Header>
<LocList>
<Loc EndOffset="2762" SrcFileId="59" StartOffset="2537"/>
</LocList>
<StmntSeq Intrnl_Id="7237">
<LocList>
<Loc EndOffset="2688" SrcFileId="59" StartOffset="2590"/>
<Loc EndOffset="2717" SrcFileId="59" StartOffset="2697"/>
<Loc EndOffset="2756" SrcFileId="59" StartOffset="2726"/>
</LocList>
<CondStmnt CovItemId="S17" CovItemPrefix="cabra.About.java" Intrnl_Id="7238">
<Branch CovItemId="B1" CovItemPrefix="cabra.About.java" Implct="false" Intrnl_Id="7239">
<Cond/>
<LocList>
<Loc EndOffset="2688" SrcFileId="59" StartOffset="2613"/>
</LocList>
<StmntSeq Intrnl_Id="7240">
<LocList>
<Loc EndOffset="2678" SrcFileId="59" StartOffset="2659"/>
</LocList>
<BasicStmnt CovItemId="S18" CovItemPrefix="cabra.About.java" Intrnl_Id="7241">
<LocList>
<Loc EndOffset="2678" SrcFileId="59" StartOffset="2659"/>
</LocList>
</BasicStmnt>
</StmntSeq>
</Branch>
<Branch CovItemId="B2" CovItemPrefix="cabra.About.java" Implct="true" Intrnl_Id="7242">
<Cond/>
<LocList/>
<StmntSeq Intrnl_Id="7243">
<LocList/>
</StmntSeq>
</Branch>
<Keyword EndOffset="2592" SrcFileId="59" StartOffset="2590"/>
<LocList>
<Loc EndOffset="2688" SrcFileId="59" StartOffset="2590"/>
</LocList>
<RootTerm CovItemId="C1" CovItemPrefix="cabra.About.java" Intrnl_Id="7244">
<BasicBoolTerm Intrnl_Id="7245">
<LocList>
<Loc EndOffset="2612" SrcFileId="59" StartOffset="2593"/>
</LocList>
</BasicBoolTerm>
</RootTerm>
</CondStmnt>
<BasicStmnt CovItemId="S19" CovItemPrefix="cabra.About.java" Intrnl_Id="7246">
<LocList>
<Loc EndOffset="2717" SrcFileId="59" StartOffset="2697"/>
</LocList>
</BasicStmnt>
<BasicStmnt CovItemId="S20" CovItemPrefix="cabra.About.java" Intrnl_Id="7247">
<LocList>
<Loc EndOffset="2756" SrcFileId="59" StartOffset="2726"/>
</LocList>
</BasicStmnt>
</StmntSeq>
</HierarchyLvl>
<HierarchyLvl HierarchyLvlId="1860" HierarchyLvlTypeId="67" Intrnl_Id="7248" Name="buildDialogPanel">
<Header>
<Loc EndOffset="2902" SrcFileId="59" StartOffset="2865"/>
</Header>
<LocList>
<Loc EndOffset="2951" SrcFileId="59" StartOffset="2865"/>
</LocList>
<StmntSeq Intrnl_Id="7249">
<LocList>
<Loc EndOffset="2945" SrcFileId="59" StartOffset="2912"/>
</LocList>
<BasicStmnt CovItemId="S21" CovItemPrefix="cabra.About.java" Intrnl_Id="7250">
<LocList>
<Loc EndOffset="2945" SrcFileId="59" StartOffset="2912"/>
</LocList>
</BasicStmnt>
</StmntSeq>
</HierarchyLvl>
<HierarchyLvl HierarchyLvlId="1865" HierarchyLvlTypeId="66" Intrnl_Id="7251" Name="AboutBrowser">
<Header>
<Loc EndOffset="3051" SrcFileId="59" StartOffset="3003"/>
</Header>
<LocList>
<Loc EndOffset="4454" SrcFileId="59" StartOffset="3003"/>
</LocList>
<HierarchyLvl HierarchyLvlId="1861" HierarchyLvlTypeId="67" Intrnl_Id="7252" Name="AboutBrowser">
<Header>
<Loc EndOffset="3197" SrcFileId="59" StartOffset="3176"/>
</Header>
<LocList>
<Loc EndOffset="3290" SrcFileId="59" StartOffset="3176"/>
</LocList>
<StmntSeq Intrnl_Id="7253">
<LocList>
<Loc EndOffset="3280" SrcFileId="59" StartOffset="3259"/>
</LocList>
<BasicStmnt CovItemId="S22" CovItemPrefix="cabra.About.java" Intrnl_Id="7254">
<LocList>
<Loc EndOffset="3280" SrcFileId="59" StartOffset="3259"/>
</LocList>
</BasicStmnt>
</StmntSeq>
</HierarchyLvl>
<HierarchyLvl HierarchyLvlId="1864" HierarchyLvlTypeId="67" Intrnl_Id="7255" Name="createTabPane">
<Header>
<Loc EndOffset="3433" SrcFileId="59" StartOffset="3398"/>
</Header>
<LocList>
<Loc EndOffset="4448" SrcFileId="59" StartOffset="3398"/>
</LocList>
<StmntSeq Intrnl_Id="7256">
<LocList>
<Loc EndOffset="3493" SrcFileId="59" StartOffset="3447"/>
<Loc EndOffset="3665" SrcFileId="59" StartOffset="3638"/>
<Loc EndOffset="4289" SrcFileId="59" StartOffset="4287"/>
<Loc EndOffset="4397" SrcFileId="59" StartOffset="4328"/>
<Loc EndOffset="4438" SrcFileId="59" StartOffset="4423"/>
</LocList>
<BasicStmnt CovItemId="S23" CovItemPrefix="cabra.About.java" Intrnl_Id="7257">
<LocList>
<Loc EndOffset="3493" SrcFileId="59" StartOffset="3447"/>
</LocList>
</BasicStmnt>
<BasicStmnt CovItemId="S24" CovItemPrefix="cabra.About.java" Intrnl_Id="7258">
<LocList>
<Loc EndOffset="3665" SrcFileId="59" StartOffset="3638"/>
<Loc EndOffset="4289" SrcFileId="59" StartOffset="4287"/>
</LocList>
</BasicStmnt>
<BasicStmnt CovItemId="S29" CovItemPrefix="cabra.About.java" Intrnl_Id="7259">
<LocList>
<Loc EndOffset="4397" SrcFileId="59" StartOffset="4328"/>
</LocList>
</BasicStmnt>
<BasicStmnt CovItemId="S30" CovItemPrefix="cabra.About.java" Intrnl_Id="7260">
<LocList>
<Loc EndOffset="4438" SrcFileId="59" StartOffset="4423"/>
</LocList>
</BasicStmnt>
</StmntSeq>
<HierarchyLvl HierarchyLvlId="1863" HierarchyLvlTypeId="69" Intrnl_Id="7261" Name="Runnable">
<Header>
<Loc EndOffset="3679" SrcFileId="59" StartOffset="3669"/>
</Header>
<LocList>
<Loc EndOffset="4287" SrcFileId="59" StartOffset="3665"/>
</LocList>
<HierarchyLvl HierarchyLvlId="1862" HierarchyLvlTypeId="67" Intrnl_Id="7262" Name="run">
<Header>
<Loc EndOffset="3714" SrcFileId="59" StartOffset="3697"/>
</Header>
<LocList>
<Loc EndOffset="4273" SrcFileId="59" StartOffset="3697"/>
</LocList>
<StmntSeq Intrnl_Id="7263">
<LocList>
<Loc EndOffset="3811" SrcFileId="59" StartOffset="3736"/>
<Loc EndOffset="3979" SrcFileId="59" StartOffset="3832"/>
<Loc EndOffset="4111" SrcFileId="59" StartOffset="4000"/>
<Loc EndOffset="4251" SrcFileId="59" StartOffset="4132"/>
</LocList>
<BasicStmnt CovItemId="S25" CovItemPrefix="cabra.About.java" Intrnl_Id="7264">
<LocList>
<Loc EndOffset="3811" SrcFileId="59" StartOffset="3736"/>
</LocList>
</BasicStmnt>
<BasicStmnt CovItemId="S26" CovItemPrefix="cabra.About.java" Intrnl_Id="7265">
<LocList>
<Loc EndOffset="3979" SrcFileId="59" StartOffset="3832"/>
</LocList>
</BasicStmnt>
<BasicStmnt CovItemId="S27" CovItemPrefix="cabra.About.java" Intrnl_Id="7266">
<LocList>
<Loc EndOffset="4111" SrcFileId="59" StartOffset="4000"/>
</LocList>
</BasicStmnt>
<BasicStmnt CovItemId="S28" CovItemPrefix="cabra.About.java" Intrnl_Id="7267">
<LocList>
<Loc EndOffset="4251" SrcFileId="59" StartOffset="4132"/>
</LocList>
</BasicStmnt>
</StmntSeq>
</HierarchyLvl>
</HierarchyLvl>
</HierarchyLvl>
</HierarchyLvl>
</HierarchyLvl>
</HierarchyLvl>
</HierarchyLvl>
</MASTRoot>
</TestSessionContainer>
